[2025-02-27T02:51:33.846+0000] {processor.py:186} INFO - Started process (PID=106) to work on /home/airflow/.local/lib/python3.12/site-packages/airflow/example_dags/example_python_decorator.py
[2025-02-27T02:51:33.848+0000] {processor.py:914} INFO - Processing file /home/airflow/.local/lib/python3.12/site-packages/airflow/example_dags/example_python_decorator.py for tasks to queue
[2025-02-27T02:51:33.851+0000] {logging_mixin.py:190} INFO - [2025-02-27T02:51:33.851+0000] {dagbag.py:588} INFO - Filling up the DagBag from /home/airflow/.local/lib/python3.12/site-packages/airflow/example_dags/example_python_decorator.py
[2025-02-27T02:51:33.882+0000] {processor.py:925} INFO - DAG(s) 'example_python_decorator' retrieved from /home/airflow/.local/lib/python3.12/site-packages/airflow/example_dags/example_python_decorator.py
[2025-02-27T02:51:34.171+0000] {logging_mixin.py:190} INFO - [2025-02-27T02:51:34.169+0000] {override.py:1912} INFO - Created Permission View: can delete on DAG:example_python_decorator
[2025-02-27T02:51:34.196+0000] {logging_mixin.py:190} INFO - [2025-02-27T02:51:34.195+0000] {override.py:1912} INFO - Created Permission View: can read on DAG:example_python_decorator
[2025-02-27T02:51:34.215+0000] {logging_mixin.py:190} INFO - [2025-02-27T02:51:34.214+0000] {override.py:1912} INFO - Created Permission View: can edit on DAG:example_python_decorator
[2025-02-27T02:51:34.241+0000] {logging_mixin.py:190} INFO - [2025-02-27T02:51:34.240+0000] {override.py:1912} INFO - Created Permission View: menu access on DAG Run:example_python_decorator
[2025-02-27T02:51:34.272+0000] {logging_mixin.py:190} INFO - [2025-02-27T02:51:34.271+0000] {override.py:1912} INFO - Created Permission View: can delete on DAG Run:example_python_decorator
[2025-02-27T02:51:34.310+0000] {logging_mixin.py:190} INFO - [2025-02-27T02:51:34.309+0000] {override.py:1912} INFO - Created Permission View: can read on DAG Run:example_python_decorator
[2025-02-27T02:51:34.340+0000] {logging_mixin.py:190} INFO - [2025-02-27T02:51:34.339+0000] {override.py:1912} INFO - Created Permission View: can create on DAG Run:example_python_decorator
[2025-02-27T02:51:34.342+0000] {logging_mixin.py:190} INFO - [2025-02-27T02:51:34.341+0000] {dag.py:3239} INFO - Sync 1 DAGs
[2025-02-27T02:51:34.379+0000] {logging_mixin.py:190} INFO - [2025-02-27T02:51:34.378+0000] {dag.py:3262} INFO - Creating ORM DAG for example_python_decorator
[2025-02-27T02:51:34.381+0000] {logging_mixin.py:190} INFO - [2025-02-27T02:51:34.380+0000] {dag.py:4180} INFO - Setting next_dagrun for example_python_decorator to None, run_after=None
[2025-02-27T02:51:34.427+0000] {processor.py:208} INFO - Processing /home/airflow/.local/lib/python3.12/site-packages/airflow/example_dags/example_python_decorator.py took 0.591 seconds
[2025-02-27T02:54:18.954+0000] {processor.py:186} INFO - Started process (PID=108) to work on /home/airflow/.local/lib/python3.12/site-packages/airflow/example_dags/example_python_decorator.py
[2025-02-27T02:54:18.956+0000] {processor.py:914} INFO - Processing file /home/airflow/.local/lib/python3.12/site-packages/airflow/example_dags/example_python_decorator.py for tasks to queue
[2025-02-27T02:54:18.960+0000] {logging_mixin.py:190} INFO - [2025-02-27T02:54:18.960+0000] {dagbag.py:588} INFO - Filling up the DagBag from /home/airflow/.local/lib/python3.12/site-packages/airflow/example_dags/example_python_decorator.py
[2025-02-27T02:54:19.003+0000] {processor.py:925} INFO - DAG(s) 'example_python_decorator' retrieved from /home/airflow/.local/lib/python3.12/site-packages/airflow/example_dags/example_python_decorator.py
[2025-02-27T02:54:19.533+0000] {logging_mixin.py:190} INFO - [2025-02-27T02:54:19.531+0000] {override.py:1912} INFO - Created Permission View: can read on DAG:example_python_decorator
[2025-02-27T02:54:19.568+0000] {logging_mixin.py:190} INFO - [2025-02-27T02:54:19.567+0000] {override.py:1912} INFO - Created Permission View: can delete on DAG:example_python_decorator
[2025-02-27T02:54:19.586+0000] {logging_mixin.py:190} INFO - [2025-02-27T02:54:19.585+0000] {override.py:1912} INFO - Created Permission View: can edit on DAG:example_python_decorator
[2025-02-27T02:54:19.608+0000] {logging_mixin.py:190} INFO - [2025-02-27T02:54:19.607+0000] {override.py:1912} INFO - Created Permission View: can read on DAG Run:example_python_decorator
[2025-02-27T02:54:19.629+0000] {logging_mixin.py:190} INFO - [2025-02-27T02:54:19.628+0000] {override.py:1912} INFO - Created Permission View: menu access on DAG Run:example_python_decorator
[2025-02-27T02:54:19.650+0000] {logging_mixin.py:190} INFO - [2025-02-27T02:54:19.650+0000] {override.py:1912} INFO - Created Permission View: can delete on DAG Run:example_python_decorator
[2025-02-27T02:54:19.672+0000] {logging_mixin.py:190} INFO - [2025-02-27T02:54:19.671+0000] {override.py:1912} INFO - Created Permission View: can create on DAG Run:example_python_decorator
[2025-02-27T02:54:19.674+0000] {logging_mixin.py:190} INFO - [2025-02-27T02:54:19.673+0000] {dag.py:3239} INFO - Sync 1 DAGs
[2025-02-27T02:54:19.729+0000] {logging_mixin.py:190} INFO - [2025-02-27T02:54:19.729+0000] {dag.py:3262} INFO - Creating ORM DAG for example_python_decorator
[2025-02-27T02:54:19.732+0000] {logging_mixin.py:190} INFO - [2025-02-27T02:54:19.731+0000] {dag.py:4180} INFO - Setting next_dagrun for example_python_decorator to None, run_after=None
[2025-02-27T02:54:19.791+0000] {processor.py:208} INFO - Processing /home/airflow/.local/lib/python3.12/site-packages/airflow/example_dags/example_python_decorator.py took 0.850 seconds
[2025-02-27T02:54:50.524+0000] {processor.py:186} INFO - Started process (PID=171) to work on /home/airflow/.local/lib/python3.12/site-packages/airflow/example_dags/example_python_decorator.py
[2025-02-27T02:54:50.528+0000] {processor.py:914} INFO - Processing file /home/airflow/.local/lib/python3.12/site-packages/airflow/example_dags/example_python_decorator.py for tasks to queue
[2025-02-27T02:54:50.536+0000] {logging_mixin.py:190} INFO - [2025-02-27T02:54:50.533+0000] {dagbag.py:588} INFO - Filling up the DagBag from /home/airflow/.local/lib/python3.12/site-packages/airflow/example_dags/example_python_decorator.py
[2025-02-27T02:54:50.617+0000] {processor.py:925} INFO - DAG(s) 'example_python_decorator' retrieved from /home/airflow/.local/lib/python3.12/site-packages/airflow/example_dags/example_python_decorator.py
[2025-02-27T02:54:50.897+0000] {logging_mixin.py:190} INFO - [2025-02-27T02:54:50.896+0000] {dag.py:3239} INFO - Sync 1 DAGs
[2025-02-27T02:54:50.957+0000] {logging_mixin.py:190} INFO - [2025-02-27T02:54:50.956+0000] {dag.py:4180} INFO - Setting next_dagrun for example_python_decorator to None, run_after=None
[2025-02-27T02:54:51.044+0000] {processor.py:208} INFO - Processing /home/airflow/.local/lib/python3.12/site-packages/airflow/example_dags/example_python_decorator.py took 0.543 seconds
[2025-02-27T02:55:21.945+0000] {processor.py:186} INFO - Started process (PID=234) to work on /home/airflow/.local/lib/python3.12/site-packages/airflow/example_dags/example_python_decorator.py
[2025-02-27T02:55:21.946+0000] {processor.py:914} INFO - Processing file /home/airflow/.local/lib/python3.12/site-packages/airflow/example_dags/example_python_decorator.py for tasks to queue
[2025-02-27T02:55:21.949+0000] {logging_mixin.py:190} INFO - [2025-02-27T02:55:21.949+0000] {dagbag.py:588} INFO - Filling up the DagBag from /home/airflow/.local/lib/python3.12/site-packages/airflow/example_dags/example_python_decorator.py
[2025-02-27T02:55:21.969+0000] {processor.py:925} INFO - DAG(s) 'example_python_decorator' retrieved from /home/airflow/.local/lib/python3.12/site-packages/airflow/example_dags/example_python_decorator.py
[2025-02-27T02:55:22.123+0000] {logging_mixin.py:190} INFO - [2025-02-27T02:55:22.123+0000] {dag.py:3239} INFO - Sync 1 DAGs
[2025-02-27T02:55:22.166+0000] {logging_mixin.py:190} INFO - [2025-02-27T02:55:22.166+0000] {dag.py:4180} INFO - Setting next_dagrun for example_python_decorator to None, run_after=None
[2025-02-27T02:55:22.238+0000] {processor.py:208} INFO - Processing /home/airflow/.local/lib/python3.12/site-packages/airflow/example_dags/example_python_decorator.py took 0.304 seconds
[2025-02-27T02:55:52.362+0000] {processor.py:186} INFO - Started process (PID=297) to work on /home/airflow/.local/lib/python3.12/site-packages/airflow/example_dags/example_python_decorator.py
[2025-02-27T02:55:52.364+0000] {processor.py:914} INFO - Processing file /home/airflow/.local/lib/python3.12/site-packages/airflow/example_dags/example_python_decorator.py for tasks to queue
[2025-02-27T02:55:52.368+0000] {logging_mixin.py:190} INFO - [2025-02-27T02:55:52.367+0000] {dagbag.py:588} INFO - Filling up the DagBag from /home/airflow/.local/lib/python3.12/site-packages/airflow/example_dags/example_python_decorator.py
[2025-02-27T02:55:52.395+0000] {processor.py:925} INFO - DAG(s) 'example_python_decorator' retrieved from /home/airflow/.local/lib/python3.12/site-packages/airflow/example_dags/example_python_decorator.py
[2025-02-27T02:55:52.581+0000] {logging_mixin.py:190} INFO - [2025-02-27T02:55:52.581+0000] {dag.py:3239} INFO - Sync 1 DAGs
[2025-02-27T02:55:52.635+0000] {logging_mixin.py:190} INFO - [2025-02-27T02:55:52.635+0000] {dag.py:4180} INFO - Setting next_dagrun for example_python_decorator to None, run_after=None
[2025-02-27T02:55:52.714+0000] {processor.py:208} INFO - Processing /home/airflow/.local/lib/python3.12/site-packages/airflow/example_dags/example_python_decorator.py took 0.359 seconds
[2025-02-27T02:56:23.634+0000] {processor.py:186} INFO - Started process (PID=360) to work on /home/airflow/.local/lib/python3.12/site-packages/airflow/example_dags/example_python_decorator.py
[2025-02-27T02:56:23.636+0000] {processor.py:914} INFO - Processing file /home/airflow/.local/lib/python3.12/site-packages/airflow/example_dags/example_python_decorator.py for tasks to queue
[2025-02-27T02:56:23.641+0000] {logging_mixin.py:190} INFO - [2025-02-27T02:56:23.639+0000] {dagbag.py:588} INFO - Filling up the DagBag from /home/airflow/.local/lib/python3.12/site-packages/airflow/example_dags/example_python_decorator.py
[2025-02-27T02:56:23.669+0000] {processor.py:925} INFO - DAG(s) 'example_python_decorator' retrieved from /home/airflow/.local/lib/python3.12/site-packages/airflow/example_dags/example_python_decorator.py
[2025-02-27T02:56:23.848+0000] {logging_mixin.py:190} INFO - [2025-02-27T02:56:23.847+0000] {dag.py:3239} INFO - Sync 1 DAGs
[2025-02-27T02:56:23.897+0000] {logging_mixin.py:190} INFO - [2025-02-27T02:56:23.897+0000] {dag.py:4180} INFO - Setting next_dagrun for example_python_decorator to None, run_after=None
[2025-02-27T02:56:23.978+0000] {processor.py:208} INFO - Processing /home/airflow/.local/lib/python3.12/site-packages/airflow/example_dags/example_python_decorator.py took 0.356 seconds
[2025-02-27T02:56:54.658+0000] {processor.py:186} INFO - Started process (PID=423) to work on /home/airflow/.local/lib/python3.12/site-packages/airflow/example_dags/example_python_decorator.py
[2025-02-27T02:56:54.659+0000] {processor.py:914} INFO - Processing file /home/airflow/.local/lib/python3.12/site-packages/airflow/example_dags/example_python_decorator.py for tasks to queue
[2025-02-27T02:56:54.665+0000] {logging_mixin.py:190} INFO - [2025-02-27T02:56:54.663+0000] {dagbag.py:588} INFO - Filling up the DagBag from /home/airflow/.local/lib/python3.12/site-packages/airflow/example_dags/example_python_decorator.py
[2025-02-27T02:56:54.689+0000] {processor.py:925} INFO - DAG(s) 'example_python_decorator' retrieved from /home/airflow/.local/lib/python3.12/site-packages/airflow/example_dags/example_python_decorator.py
[2025-02-27T02:56:54.847+0000] {logging_mixin.py:190} INFO - [2025-02-27T02:56:54.846+0000] {dag.py:3239} INFO - Sync 1 DAGs
[2025-02-27T02:56:54.892+0000] {logging_mixin.py:190} INFO - [2025-02-27T02:56:54.892+0000] {dag.py:4180} INFO - Setting next_dagrun for example_python_decorator to None, run_after=None
[2025-02-27T02:56:54.948+0000] {processor.py:208} INFO - Processing /home/airflow/.local/lib/python3.12/site-packages/airflow/example_dags/example_python_decorator.py took 0.299 seconds
[2025-02-27T02:57:25.022+0000] {processor.py:186} INFO - Started process (PID=485) to work on /home/airflow/.local/lib/python3.12/site-packages/airflow/example_dags/example_python_decorator.py
[2025-02-27T02:57:25.024+0000] {processor.py:914} INFO - Processing file /home/airflow/.local/lib/python3.12/site-packages/airflow/example_dags/example_python_decorator.py for tasks to queue
[2025-02-27T02:57:25.029+0000] {logging_mixin.py:190} INFO - [2025-02-27T02:57:25.028+0000] {dagbag.py:588} INFO - Filling up the DagBag from /home/airflow/.local/lib/python3.12/site-packages/airflow/example_dags/example_python_decorator.py
[2025-02-27T02:57:25.062+0000] {processor.py:925} INFO - DAG(s) 'example_python_decorator' retrieved from /home/airflow/.local/lib/python3.12/site-packages/airflow/example_dags/example_python_decorator.py
[2025-02-27T02:57:25.240+0000] {logging_mixin.py:190} INFO - [2025-02-27T02:57:25.239+0000] {dag.py:3239} INFO - Sync 1 DAGs
[2025-02-27T02:57:25.298+0000] {logging_mixin.py:190} INFO - [2025-02-27T02:57:25.298+0000] {dag.py:4180} INFO - Setting next_dagrun for example_python_decorator to None, run_after=None
[2025-02-27T02:57:25.366+0000] {processor.py:208} INFO - Processing /home/airflow/.local/lib/python3.12/site-packages/airflow/example_dags/example_python_decorator.py took 0.357 seconds
[2025-02-27T02:57:55.785+0000] {processor.py:186} INFO - Started process (PID=548) to work on /home/airflow/.local/lib/python3.12/site-packages/airflow/example_dags/example_python_decorator.py
[2025-02-27T02:57:55.787+0000] {processor.py:914} INFO - Processing file /home/airflow/.local/lib/python3.12/site-packages/airflow/example_dags/example_python_decorator.py for tasks to queue
[2025-02-27T02:57:55.791+0000] {logging_mixin.py:190} INFO - [2025-02-27T02:57:55.790+0000] {dagbag.py:588} INFO - Filling up the DagBag from /home/airflow/.local/lib/python3.12/site-packages/airflow/example_dags/example_python_decorator.py
[2025-02-27T02:57:55.825+0000] {processor.py:925} INFO - DAG(s) 'example_python_decorator' retrieved from /home/airflow/.local/lib/python3.12/site-packages/airflow/example_dags/example_python_decorator.py
[2025-02-27T02:57:56.025+0000] {logging_mixin.py:190} INFO - [2025-02-27T02:57:56.025+0000] {dag.py:3239} INFO - Sync 1 DAGs
[2025-02-27T02:57:56.087+0000] {logging_mixin.py:190} INFO - [2025-02-27T02:57:56.086+0000] {dag.py:4180} INFO - Setting next_dagrun for example_python_decorator to None, run_after=None
[2025-02-27T02:57:56.184+0000] {processor.py:208} INFO - Processing /home/airflow/.local/lib/python3.12/site-packages/airflow/example_dags/example_python_decorator.py took 0.411 seconds
[2025-02-27T02:58:28.678+0000] {processor.py:186} INFO - Started process (PID=611) to work on /home/airflow/.local/lib/python3.12/site-packages/airflow/example_dags/example_python_decorator.py
[2025-02-27T02:58:28.680+0000] {processor.py:914} INFO - Processing file /home/airflow/.local/lib/python3.12/site-packages/airflow/example_dags/example_python_decorator.py for tasks to queue
[2025-02-27T02:58:28.688+0000] {logging_mixin.py:190} INFO - [2025-02-27T02:58:28.687+0000] {dagbag.py:588} INFO - Filling up the DagBag from /home/airflow/.local/lib/python3.12/site-packages/airflow/example_dags/example_python_decorator.py
[2025-02-27T02:58:28.743+0000] {processor.py:925} INFO - DAG(s) 'example_python_decorator' retrieved from /home/airflow/.local/lib/python3.12/site-packages/airflow/example_dags/example_python_decorator.py
[2025-02-27T02:58:28.956+0000] {logging_mixin.py:190} INFO - [2025-02-27T02:58:28.955+0000] {dag.py:3239} INFO - Sync 1 DAGs
[2025-02-27T02:58:29.004+0000] {logging_mixin.py:190} INFO - [2025-02-27T02:58:29.004+0000] {dag.py:4180} INFO - Setting next_dagrun for example_python_decorator to None, run_after=None
[2025-02-27T02:58:29.079+0000] {processor.py:208} INFO - Processing /home/airflow/.local/lib/python3.12/site-packages/airflow/example_dags/example_python_decorator.py took 0.418 seconds
[2025-02-27T02:59:00.067+0000] {processor.py:186} INFO - Started process (PID=674) to work on /home/airflow/.local/lib/python3.12/site-packages/airflow/example_dags/example_python_decorator.py
[2025-02-27T02:59:00.068+0000] {processor.py:914} INFO - Processing file /home/airflow/.local/lib/python3.12/site-packages/airflow/example_dags/example_python_decorator.py for tasks to queue
[2025-02-27T02:59:00.073+0000] {logging_mixin.py:190} INFO - [2025-02-27T02:59:00.072+0000] {dagbag.py:588} INFO - Filling up the DagBag from /home/airflow/.local/lib/python3.12/site-packages/airflow/example_dags/example_python_decorator.py
[2025-02-27T02:59:00.096+0000] {processor.py:925} INFO - DAG(s) 'example_python_decorator' retrieved from /home/airflow/.local/lib/python3.12/site-packages/airflow/example_dags/example_python_decorator.py
[2025-02-27T02:59:00.237+0000] {logging_mixin.py:190} INFO - [2025-02-27T02:59:00.237+0000] {dag.py:3239} INFO - Sync 1 DAGs
[2025-02-27T02:59:00.274+0000] {logging_mixin.py:190} INFO - [2025-02-27T02:59:00.273+0000] {dag.py:4180} INFO - Setting next_dagrun for example_python_decorator to None, run_after=None
[2025-02-27T02:59:00.334+0000] {processor.py:208} INFO - Processing /home/airflow/.local/lib/python3.12/site-packages/airflow/example_dags/example_python_decorator.py took 0.276 seconds
[2025-02-27T02:59:34.091+0000] {processor.py:186} INFO - Started process (PID=737) to work on /home/airflow/.local/lib/python3.12/site-packages/airflow/example_dags/example_python_decorator.py
[2025-02-27T02:59:34.093+0000] {processor.py:914} INFO - Processing file /home/airflow/.local/lib/python3.12/site-packages/airflow/example_dags/example_python_decorator.py for tasks to queue
[2025-02-27T02:59:34.098+0000] {logging_mixin.py:190} INFO - [2025-02-27T02:59:34.098+0000] {dagbag.py:588} INFO - Filling up the DagBag from /home/airflow/.local/lib/python3.12/site-packages/airflow/example_dags/example_python_decorator.py
[2025-02-27T02:59:34.131+0000] {processor.py:925} INFO - DAG(s) 'example_python_decorator' retrieved from /home/airflow/.local/lib/python3.12/site-packages/airflow/example_dags/example_python_decorator.py
[2025-02-27T02:59:34.369+0000] {logging_mixin.py:190} INFO - [2025-02-27T02:59:34.368+0000] {dag.py:3239} INFO - Sync 1 DAGs
[2025-02-27T02:59:34.425+0000] {logging_mixin.py:190} INFO - [2025-02-27T02:59:34.424+0000] {dag.py:4180} INFO - Setting next_dagrun for example_python_decorator to None, run_after=None
[2025-02-27T02:59:34.492+0000] {processor.py:208} INFO - Processing /home/airflow/.local/lib/python3.12/site-packages/airflow/example_dags/example_python_decorator.py took 0.410 seconds
[2025-02-27T03:00:04.867+0000] {processor.py:186} INFO - Started process (PID=799) to work on /home/airflow/.local/lib/python3.12/site-packages/airflow/example_dags/example_python_decorator.py
[2025-02-27T03:00:04.869+0000] {processor.py:914} INFO - Processing file /home/airflow/.local/lib/python3.12/site-packages/airflow/example_dags/example_python_decorator.py for tasks to queue
[2025-02-27T03:00:04.873+0000] {logging_mixin.py:190} INFO - [2025-02-27T03:00:04.873+0000] {dagbag.py:588} INFO - Filling up the DagBag from /home/airflow/.local/lib/python3.12/site-packages/airflow/example_dags/example_python_decorator.py
[2025-02-27T03:00:04.902+0000] {processor.py:925} INFO - DAG(s) 'example_python_decorator' retrieved from /home/airflow/.local/lib/python3.12/site-packages/airflow/example_dags/example_python_decorator.py
[2025-02-27T03:00:05.076+0000] {logging_mixin.py:190} INFO - [2025-02-27T03:00:05.075+0000] {dag.py:3239} INFO - Sync 1 DAGs
[2025-02-27T03:00:05.138+0000] {logging_mixin.py:190} INFO - [2025-02-27T03:00:05.137+0000] {dag.py:4180} INFO - Setting next_dagrun for example_python_decorator to None, run_after=None
[2025-02-27T03:00:05.208+0000] {processor.py:208} INFO - Processing /home/airflow/.local/lib/python3.12/site-packages/airflow/example_dags/example_python_decorator.py took 0.349 seconds
[2025-02-27T03:00:35.962+0000] {processor.py:186} INFO - Started process (PID=862) to work on /home/airflow/.local/lib/python3.12/site-packages/airflow/example_dags/example_python_decorator.py
[2025-02-27T03:00:35.965+0000] {processor.py:914} INFO - Processing file /home/airflow/.local/lib/python3.12/site-packages/airflow/example_dags/example_python_decorator.py for tasks to queue
[2025-02-27T03:00:35.970+0000] {logging_mixin.py:190} INFO - [2025-02-27T03:00:35.969+0000] {dagbag.py:588} INFO - Filling up the DagBag from /home/airflow/.local/lib/python3.12/site-packages/airflow/example_dags/example_python_decorator.py
[2025-02-27T03:00:36.019+0000] {processor.py:925} INFO - DAG(s) 'example_python_decorator' retrieved from /home/airflow/.local/lib/python3.12/site-packages/airflow/example_dags/example_python_decorator.py
[2025-02-27T03:00:36.255+0000] {logging_mixin.py:190} INFO - [2025-02-27T03:00:36.253+0000] {dag.py:3239} INFO - Sync 1 DAGs
[2025-02-27T03:00:36.332+0000] {logging_mixin.py:190} INFO - [2025-02-27T03:00:36.331+0000] {dag.py:4180} INFO - Setting next_dagrun for example_python_decorator to None, run_after=None
[2025-02-27T03:00:36.445+0000] {processor.py:208} INFO - Processing /home/airflow/.local/lib/python3.12/site-packages/airflow/example_dags/example_python_decorator.py took 0.498 seconds
[2025-02-27T03:01:07.787+0000] {processor.py:186} INFO - Started process (PID=925) to work on /home/airflow/.local/lib/python3.12/site-packages/airflow/example_dags/example_python_decorator.py
[2025-02-27T03:01:07.789+0000] {processor.py:914} INFO - Processing file /home/airflow/.local/lib/python3.12/site-packages/airflow/example_dags/example_python_decorator.py for tasks to queue
[2025-02-27T03:01:07.794+0000] {logging_mixin.py:190} INFO - [2025-02-27T03:01:07.793+0000] {dagbag.py:588} INFO - Filling up the DagBag from /home/airflow/.local/lib/python3.12/site-packages/airflow/example_dags/example_python_decorator.py
[2025-02-27T03:01:07.827+0000] {processor.py:925} INFO - DAG(s) 'example_python_decorator' retrieved from /home/airflow/.local/lib/python3.12/site-packages/airflow/example_dags/example_python_decorator.py
[2025-02-27T03:01:08.005+0000] {logging_mixin.py:190} INFO - [2025-02-27T03:01:08.004+0000] {dag.py:3239} INFO - Sync 1 DAGs
[2025-02-27T03:01:08.043+0000] {logging_mixin.py:190} INFO - [2025-02-27T03:01:08.043+0000] {dag.py:4180} INFO - Setting next_dagrun for example_python_decorator to None, run_after=None
[2025-02-27T03:01:08.110+0000] {processor.py:208} INFO - Processing /home/airflow/.local/lib/python3.12/site-packages/airflow/example_dags/example_python_decorator.py took 0.339 seconds
[2025-02-27T03:01:39.291+0000] {processor.py:186} INFO - Started process (PID=988) to work on /home/airflow/.local/lib/python3.12/site-packages/airflow/example_dags/example_python_decorator.py
[2025-02-27T03:01:39.293+0000] {processor.py:914} INFO - Processing file /home/airflow/.local/lib/python3.12/site-packages/airflow/example_dags/example_python_decorator.py for tasks to queue
[2025-02-27T03:01:39.297+0000] {logging_mixin.py:190} INFO - [2025-02-27T03:01:39.296+0000] {dagbag.py:588} INFO - Filling up the DagBag from /home/airflow/.local/lib/python3.12/site-packages/airflow/example_dags/example_python_decorator.py
[2025-02-27T03:01:39.325+0000] {processor.py:925} INFO - DAG(s) 'example_python_decorator' retrieved from /home/airflow/.local/lib/python3.12/site-packages/airflow/example_dags/example_python_decorator.py
[2025-02-27T03:01:39.505+0000] {logging_mixin.py:190} INFO - [2025-02-27T03:01:39.504+0000] {dag.py:3239} INFO - Sync 1 DAGs
[2025-02-27T03:01:39.561+0000] {logging_mixin.py:190} INFO - [2025-02-27T03:01:39.561+0000] {dag.py:4180} INFO - Setting next_dagrun for example_python_decorator to None, run_after=None
[2025-02-27T03:01:39.615+0000] {processor.py:208} INFO - Processing /home/airflow/.local/lib/python3.12/site-packages/airflow/example_dags/example_python_decorator.py took 0.335 seconds
[2025-02-27T03:02:11.240+0000] {processor.py:186} INFO - Started process (PID=1051) to work on /home/airflow/.local/lib/python3.12/site-packages/airflow/example_dags/example_python_decorator.py
[2025-02-27T03:02:11.241+0000] {processor.py:914} INFO - Processing file /home/airflow/.local/lib/python3.12/site-packages/airflow/example_dags/example_python_decorator.py for tasks to queue
[2025-02-27T03:02:11.250+0000] {logging_mixin.py:190} INFO - [2025-02-27T03:02:11.246+0000] {dagbag.py:588} INFO - Filling up the DagBag from /home/airflow/.local/lib/python3.12/site-packages/airflow/example_dags/example_python_decorator.py
[2025-02-27T03:02:11.293+0000] {processor.py:925} INFO - DAG(s) 'example_python_decorator' retrieved from /home/airflow/.local/lib/python3.12/site-packages/airflow/example_dags/example_python_decorator.py
[2025-02-27T03:02:11.538+0000] {logging_mixin.py:190} INFO - [2025-02-27T03:02:11.537+0000] {dag.py:3239} INFO - Sync 1 DAGs
[2025-02-27T03:02:11.602+0000] {logging_mixin.py:190} INFO - [2025-02-27T03:02:11.601+0000] {dag.py:4180} INFO - Setting next_dagrun for example_python_decorator to None, run_after=None
[2025-02-27T03:02:11.685+0000] {processor.py:208} INFO - Processing /home/airflow/.local/lib/python3.12/site-packages/airflow/example_dags/example_python_decorator.py took 0.459 seconds
[2025-02-27T03:02:44.824+0000] {processor.py:186} INFO - Started process (PID=1114) to work on /home/airflow/.local/lib/python3.12/site-packages/airflow/example_dags/example_python_decorator.py
[2025-02-27T03:02:44.827+0000] {processor.py:914} INFO - Processing file /home/airflow/.local/lib/python3.12/site-packages/airflow/example_dags/example_python_decorator.py for tasks to queue
[2025-02-27T03:02:44.831+0000] {logging_mixin.py:190} INFO - [2025-02-27T03:02:44.830+0000] {dagbag.py:588} INFO - Filling up the DagBag from /home/airflow/.local/lib/python3.12/site-packages/airflow/example_dags/example_python_decorator.py
[2025-02-27T03:02:44.860+0000] {processor.py:925} INFO - DAG(s) 'example_python_decorator' retrieved from /home/airflow/.local/lib/python3.12/site-packages/airflow/example_dags/example_python_decorator.py
[2025-02-27T03:02:45.078+0000] {logging_mixin.py:190} INFO - [2025-02-27T03:02:45.078+0000] {dag.py:3239} INFO - Sync 1 DAGs
[2025-02-27T03:02:45.122+0000] {logging_mixin.py:190} INFO - [2025-02-27T03:02:45.121+0000] {dag.py:4180} INFO - Setting next_dagrun for example_python_decorator to None, run_after=None
[2025-02-27T03:02:45.188+0000] {processor.py:208} INFO - Processing /home/airflow/.local/lib/python3.12/site-packages/airflow/example_dags/example_python_decorator.py took 0.375 seconds
[2025-02-27T03:03:16.483+0000] {processor.py:186} INFO - Started process (PID=1177) to work on /home/airflow/.local/lib/python3.12/site-packages/airflow/example_dags/example_python_decorator.py
[2025-02-27T03:03:16.491+0000] {processor.py:914} INFO - Processing file /home/airflow/.local/lib/python3.12/site-packages/airflow/example_dags/example_python_decorator.py for tasks to queue
[2025-02-27T03:03:16.514+0000] {logging_mixin.py:190} INFO - [2025-02-27T03:03:16.513+0000] {dagbag.py:588} INFO - Filling up the DagBag from /home/airflow/.local/lib/python3.12/site-packages/airflow/example_dags/example_python_decorator.py
[2025-02-27T03:03:16.582+0000] {processor.py:925} INFO - DAG(s) 'example_python_decorator' retrieved from /home/airflow/.local/lib/python3.12/site-packages/airflow/example_dags/example_python_decorator.py
[2025-02-27T03:03:16.907+0000] {logging_mixin.py:190} INFO - [2025-02-27T03:03:16.906+0000] {dag.py:3239} INFO - Sync 1 DAGs
[2025-02-27T03:03:16.977+0000] {logging_mixin.py:190} INFO - [2025-02-27T03:03:16.974+0000] {dag.py:4180} INFO - Setting next_dagrun for example_python_decorator to None, run_after=None
[2025-02-27T03:03:17.077+0000] {processor.py:208} INFO - Processing /home/airflow/.local/lib/python3.12/site-packages/airflow/example_dags/example_python_decorator.py took 0.618 seconds
[2025-02-27T03:03:49.329+0000] {processor.py:186} INFO - Started process (PID=1248) to work on /home/airflow/.local/lib/python3.12/site-packages/airflow/example_dags/example_python_decorator.py
[2025-02-27T03:03:49.331+0000] {processor.py:914} INFO - Processing file /home/airflow/.local/lib/python3.12/site-packages/airflow/example_dags/example_python_decorator.py for tasks to queue
[2025-02-27T03:03:49.336+0000] {logging_mixin.py:190} INFO - [2025-02-27T03:03:49.335+0000] {dagbag.py:588} INFO - Filling up the DagBag from /home/airflow/.local/lib/python3.12/site-packages/airflow/example_dags/example_python_decorator.py
[2025-02-27T03:03:49.361+0000] {processor.py:925} INFO - DAG(s) 'example_python_decorator' retrieved from /home/airflow/.local/lib/python3.12/site-packages/airflow/example_dags/example_python_decorator.py
[2025-02-27T03:03:49.528+0000] {logging_mixin.py:190} INFO - [2025-02-27T03:03:49.528+0000] {dag.py:3239} INFO - Sync 1 DAGs
[2025-02-27T03:03:49.571+0000] {logging_mixin.py:190} INFO - [2025-02-27T03:03:49.571+0000] {dag.py:4180} INFO - Setting next_dagrun for example_python_decorator to None, run_after=None
[2025-02-27T03:03:49.631+0000] {processor.py:208} INFO - Processing /home/airflow/.local/lib/python3.12/site-packages/airflow/example_dags/example_python_decorator.py took 0.313 seconds
[2025-02-27T03:04:19.703+0000] {processor.py:186} INFO - Started process (PID=1310) to work on /home/airflow/.local/lib/python3.12/site-packages/airflow/example_dags/example_python_decorator.py
[2025-02-27T03:04:19.705+0000] {processor.py:914} INFO - Processing file /home/airflow/.local/lib/python3.12/site-packages/airflow/example_dags/example_python_decorator.py for tasks to queue
[2025-02-27T03:04:19.711+0000] {logging_mixin.py:190} INFO - [2025-02-27T03:04:19.710+0000] {dagbag.py:588} INFO - Filling up the DagBag from /home/airflow/.local/lib/python3.12/site-packages/airflow/example_dags/example_python_decorator.py
[2025-02-27T03:04:19.748+0000] {processor.py:925} INFO - DAG(s) 'example_python_decorator' retrieved from /home/airflow/.local/lib/python3.12/site-packages/airflow/example_dags/example_python_decorator.py
[2025-02-27T03:04:19.932+0000] {logging_mixin.py:190} INFO - [2025-02-27T03:04:19.931+0000] {dag.py:3239} INFO - Sync 1 DAGs
[2025-02-27T03:04:19.982+0000] {logging_mixin.py:190} INFO - [2025-02-27T03:04:19.982+0000] {dag.py:4180} INFO - Setting next_dagrun for example_python_decorator to None, run_after=None
[2025-02-27T03:04:20.035+0000] {processor.py:208} INFO - Processing /home/airflow/.local/lib/python3.12/site-packages/airflow/example_dags/example_python_decorator.py took 0.340 seconds
[2025-02-27T03:04:52.443+0000] {processor.py:186} INFO - Started process (PID=1373) to work on /home/airflow/.local/lib/python3.12/site-packages/airflow/example_dags/example_python_decorator.py
[2025-02-27T03:04:52.445+0000] {processor.py:914} INFO - Processing file /home/airflow/.local/lib/python3.12/site-packages/airflow/example_dags/example_python_decorator.py for tasks to queue
[2025-02-27T03:04:52.449+0000] {logging_mixin.py:190} INFO - [2025-02-27T03:04:52.449+0000] {dagbag.py:588} INFO - Filling up the DagBag from /home/airflow/.local/lib/python3.12/site-packages/airflow/example_dags/example_python_decorator.py
[2025-02-27T03:04:52.473+0000] {processor.py:925} INFO - DAG(s) 'example_python_decorator' retrieved from /home/airflow/.local/lib/python3.12/site-packages/airflow/example_dags/example_python_decorator.py
[2025-02-27T03:04:52.613+0000] {logging_mixin.py:190} INFO - [2025-02-27T03:04:52.612+0000] {dag.py:3239} INFO - Sync 1 DAGs
[2025-02-27T03:04:52.652+0000] {logging_mixin.py:190} INFO - [2025-02-27T03:04:52.651+0000] {dag.py:4180} INFO - Setting next_dagrun for example_python_decorator to None, run_after=None
[2025-02-27T03:04:52.704+0000] {processor.py:208} INFO - Processing /home/airflow/.local/lib/python3.12/site-packages/airflow/example_dags/example_python_decorator.py took 0.270 seconds
[2025-02-27T03:05:23.788+0000] {processor.py:186} INFO - Started process (PID=1436) to work on /home/airflow/.local/lib/python3.12/site-packages/airflow/example_dags/example_python_decorator.py
[2025-02-27T03:05:23.790+0000] {processor.py:914} INFO - Processing file /home/airflow/.local/lib/python3.12/site-packages/airflow/example_dags/example_python_decorator.py for tasks to queue
[2025-02-27T03:05:23.793+0000] {logging_mixin.py:190} INFO - [2025-02-27T03:05:23.793+0000] {dagbag.py:588} INFO - Filling up the DagBag from /home/airflow/.local/lib/python3.12/site-packages/airflow/example_dags/example_python_decorator.py
[2025-02-27T03:05:23.815+0000] {processor.py:925} INFO - DAG(s) 'example_python_decorator' retrieved from /home/airflow/.local/lib/python3.12/site-packages/airflow/example_dags/example_python_decorator.py
[2025-02-27T03:05:23.981+0000] {logging_mixin.py:190} INFO - [2025-02-27T03:05:23.980+0000] {dag.py:3239} INFO - Sync 1 DAGs
[2025-02-27T03:05:24.021+0000] {logging_mixin.py:190} INFO - [2025-02-27T03:05:24.021+0000] {dag.py:4180} INFO - Setting next_dagrun for example_python_decorator to None, run_after=None
[2025-02-27T03:05:24.071+0000] {processor.py:208} INFO - Processing /home/airflow/.local/lib/python3.12/site-packages/airflow/example_dags/example_python_decorator.py took 0.292 seconds
[2025-02-27T03:05:56.158+0000] {processor.py:186} INFO - Started process (PID=1500) to work on /home/airflow/.local/lib/python3.12/site-packages/airflow/example_dags/example_python_decorator.py
[2025-02-27T03:05:56.159+0000] {processor.py:914} INFO - Processing file /home/airflow/.local/lib/python3.12/site-packages/airflow/example_dags/example_python_decorator.py for tasks to queue
[2025-02-27T03:05:56.164+0000] {logging_mixin.py:190} INFO - [2025-02-27T03:05:56.163+0000] {dagbag.py:588} INFO - Filling up the DagBag from /home/airflow/.local/lib/python3.12/site-packages/airflow/example_dags/example_python_decorator.py
[2025-02-27T03:05:56.209+0000] {processor.py:925} INFO - DAG(s) 'example_python_decorator' retrieved from /home/airflow/.local/lib/python3.12/site-packages/airflow/example_dags/example_python_decorator.py
[2025-02-27T03:05:56.502+0000] {logging_mixin.py:190} INFO - [2025-02-27T03:05:56.501+0000] {dag.py:3239} INFO - Sync 1 DAGs
[2025-02-27T03:05:56.635+0000] {logging_mixin.py:190} INFO - [2025-02-27T03:05:56.635+0000] {dag.py:4180} INFO - Setting next_dagrun for example_python_decorator to None, run_after=None
[2025-02-27T03:05:56.747+0000] {processor.py:208} INFO - Processing /home/airflow/.local/lib/python3.12/site-packages/airflow/example_dags/example_python_decorator.py took 0.603 seconds
[2025-02-27T03:06:27.280+0000] {processor.py:186} INFO - Started process (PID=1563) to work on /home/airflow/.local/lib/python3.12/site-packages/airflow/example_dags/example_python_decorator.py
[2025-02-27T03:06:27.283+0000] {processor.py:914} INFO - Processing file /home/airflow/.local/lib/python3.12/site-packages/airflow/example_dags/example_python_decorator.py for tasks to queue
[2025-02-27T03:06:27.287+0000] {logging_mixin.py:190} INFO - [2025-02-27T03:06:27.286+0000] {dagbag.py:588} INFO - Filling up the DagBag from /home/airflow/.local/lib/python3.12/site-packages/airflow/example_dags/example_python_decorator.py
[2025-02-27T03:06:27.311+0000] {processor.py:925} INFO - DAG(s) 'example_python_decorator' retrieved from /home/airflow/.local/lib/python3.12/site-packages/airflow/example_dags/example_python_decorator.py
[2025-02-27T03:06:27.488+0000] {logging_mixin.py:190} INFO - [2025-02-27T03:06:27.487+0000] {dag.py:3239} INFO - Sync 1 DAGs
[2025-02-27T03:06:27.534+0000] {logging_mixin.py:190} INFO - [2025-02-27T03:06:27.534+0000] {dag.py:4180} INFO - Setting next_dagrun for example_python_decorator to None, run_after=None
[2025-02-27T03:06:27.585+0000] {processor.py:208} INFO - Processing /home/airflow/.local/lib/python3.12/site-packages/airflow/example_dags/example_python_decorator.py took 0.318 seconds
[2025-02-27T03:06:58.836+0000] {processor.py:186} INFO - Started process (PID=1626) to work on /home/airflow/.local/lib/python3.12/site-packages/airflow/example_dags/example_python_decorator.py
[2025-02-27T03:06:58.839+0000] {processor.py:914} INFO - Processing file /home/airflow/.local/lib/python3.12/site-packages/airflow/example_dags/example_python_decorator.py for tasks to queue
[2025-02-27T03:06:58.843+0000] {logging_mixin.py:190} INFO - [2025-02-27T03:06:58.842+0000] {dagbag.py:588} INFO - Filling up the DagBag from /home/airflow/.local/lib/python3.12/site-packages/airflow/example_dags/example_python_decorator.py
[2025-02-27T03:06:58.868+0000] {processor.py:925} INFO - DAG(s) 'example_python_decorator' retrieved from /home/airflow/.local/lib/python3.12/site-packages/airflow/example_dags/example_python_decorator.py
[2025-02-27T03:06:59.044+0000] {logging_mixin.py:190} INFO - [2025-02-27T03:06:59.043+0000] {dag.py:3239} INFO - Sync 1 DAGs
[2025-02-27T03:06:59.088+0000] {logging_mixin.py:190} INFO - [2025-02-27T03:06:59.087+0000] {dag.py:4180} INFO - Setting next_dagrun for example_python_decorator to None, run_after=None
[2025-02-27T03:06:59.149+0000] {processor.py:208} INFO - Processing /home/airflow/.local/lib/python3.12/site-packages/airflow/example_dags/example_python_decorator.py took 0.322 seconds
[2025-02-27T03:07:30.583+0000] {processor.py:186} INFO - Started process (PID=1690) to work on /home/airflow/.local/lib/python3.12/site-packages/airflow/example_dags/example_python_decorator.py
[2025-02-27T03:07:30.584+0000] {processor.py:914} INFO - Processing file /home/airflow/.local/lib/python3.12/site-packages/airflow/example_dags/example_python_decorator.py for tasks to queue
[2025-02-27T03:07:30.589+0000] {logging_mixin.py:190} INFO - [2025-02-27T03:07:30.588+0000] {dagbag.py:588} INFO - Filling up the DagBag from /home/airflow/.local/lib/python3.12/site-packages/airflow/example_dags/example_python_decorator.py
[2025-02-27T03:07:30.629+0000] {processor.py:925} INFO - DAG(s) 'example_python_decorator' retrieved from /home/airflow/.local/lib/python3.12/site-packages/airflow/example_dags/example_python_decorator.py
[2025-02-27T03:07:30.796+0000] {logging_mixin.py:190} INFO - [2025-02-27T03:07:30.796+0000] {dag.py:3239} INFO - Sync 1 DAGs
[2025-02-27T03:07:30.843+0000] {logging_mixin.py:190} INFO - [2025-02-27T03:07:30.843+0000] {dag.py:4180} INFO - Setting next_dagrun for example_python_decorator to None, run_after=None
[2025-02-27T03:07:30.909+0000] {processor.py:208} INFO - Processing /home/airflow/.local/lib/python3.12/site-packages/airflow/example_dags/example_python_decorator.py took 0.335 seconds
[2025-02-27T03:08:02.023+0000] {processor.py:186} INFO - Started process (PID=1753) to work on /home/airflow/.local/lib/python3.12/site-packages/airflow/example_dags/example_python_decorator.py
[2025-02-27T03:08:02.026+0000] {processor.py:914} INFO - Processing file /home/airflow/.local/lib/python3.12/site-packages/airflow/example_dags/example_python_decorator.py for tasks to queue
[2025-02-27T03:08:02.031+0000] {logging_mixin.py:190} INFO - [2025-02-27T03:08:02.030+0000] {dagbag.py:588} INFO - Filling up the DagBag from /home/airflow/.local/lib/python3.12/site-packages/airflow/example_dags/example_python_decorator.py
[2025-02-27T03:08:02.065+0000] {processor.py:925} INFO - DAG(s) 'example_python_decorator' retrieved from /home/airflow/.local/lib/python3.12/site-packages/airflow/example_dags/example_python_decorator.py
[2025-02-27T03:08:02.281+0000] {logging_mixin.py:190} INFO - [2025-02-27T03:08:02.281+0000] {dag.py:3239} INFO - Sync 1 DAGs
[2025-02-27T03:08:02.349+0000] {logging_mixin.py:190} INFO - [2025-02-27T03:08:02.348+0000] {dag.py:4180} INFO - Setting next_dagrun for example_python_decorator to None, run_after=None
[2025-02-27T03:08:02.413+0000] {processor.py:208} INFO - Processing /home/airflow/.local/lib/python3.12/site-packages/airflow/example_dags/example_python_decorator.py took 0.405 seconds
[2025-02-27T03:08:33.506+0000] {processor.py:186} INFO - Started process (PID=1816) to work on /home/airflow/.local/lib/python3.12/site-packages/airflow/example_dags/example_python_decorator.py
[2025-02-27T03:08:33.508+0000] {processor.py:914} INFO - Processing file /home/airflow/.local/lib/python3.12/site-packages/airflow/example_dags/example_python_decorator.py for tasks to queue
[2025-02-27T03:08:33.512+0000] {logging_mixin.py:190} INFO - [2025-02-27T03:08:33.511+0000] {dagbag.py:588} INFO - Filling up the DagBag from /home/airflow/.local/lib/python3.12/site-packages/airflow/example_dags/example_python_decorator.py
[2025-02-27T03:08:33.542+0000] {processor.py:925} INFO - DAG(s) 'example_python_decorator' retrieved from /home/airflow/.local/lib/python3.12/site-packages/airflow/example_dags/example_python_decorator.py
[2025-02-27T03:08:33.738+0000] {logging_mixin.py:190} INFO - [2025-02-27T03:08:33.737+0000] {dag.py:3239} INFO - Sync 1 DAGs
[2025-02-27T03:08:33.789+0000] {logging_mixin.py:190} INFO - [2025-02-27T03:08:33.788+0000] {dag.py:4180} INFO - Setting next_dagrun for example_python_decorator to None, run_after=None
[2025-02-27T03:08:33.849+0000] {processor.py:208} INFO - Processing /home/airflow/.local/lib/python3.12/site-packages/airflow/example_dags/example_python_decorator.py took 0.353 seconds
[2025-02-27T03:09:04.941+0000] {processor.py:186} INFO - Started process (PID=1879) to work on /home/airflow/.local/lib/python3.12/site-packages/airflow/example_dags/example_python_decorator.py
[2025-02-27T03:09:04.942+0000] {processor.py:914} INFO - Processing file /home/airflow/.local/lib/python3.12/site-packages/airflow/example_dags/example_python_decorator.py for tasks to queue
[2025-02-27T03:09:04.948+0000] {logging_mixin.py:190} INFO - [2025-02-27T03:09:04.947+0000] {dagbag.py:588} INFO - Filling up the DagBag from /home/airflow/.local/lib/python3.12/site-packages/airflow/example_dags/example_python_decorator.py
[2025-02-27T03:09:04.975+0000] {processor.py:925} INFO - DAG(s) 'example_python_decorator' retrieved from /home/airflow/.local/lib/python3.12/site-packages/airflow/example_dags/example_python_decorator.py
[2025-02-27T03:09:05.129+0000] {logging_mixin.py:190} INFO - [2025-02-27T03:09:05.128+0000] {dag.py:3239} INFO - Sync 1 DAGs
[2025-02-27T03:09:05.168+0000] {logging_mixin.py:190} INFO - [2025-02-27T03:09:05.168+0000] {dag.py:4180} INFO - Setting next_dagrun for example_python_decorator to None, run_after=None
[2025-02-27T03:09:05.219+0000] {processor.py:208} INFO - Processing /home/airflow/.local/lib/python3.12/site-packages/airflow/example_dags/example_python_decorator.py took 0.286 seconds
[2025-02-27T03:09:35.557+0000] {processor.py:186} INFO - Started process (PID=1942) to work on /home/airflow/.local/lib/python3.12/site-packages/airflow/example_dags/example_python_decorator.py
[2025-02-27T03:09:35.558+0000] {processor.py:914} INFO - Processing file /home/airflow/.local/lib/python3.12/site-packages/airflow/example_dags/example_python_decorator.py for tasks to queue
[2025-02-27T03:09:35.563+0000] {logging_mixin.py:190} INFO - [2025-02-27T03:09:35.562+0000] {dagbag.py:588} INFO - Filling up the DagBag from /home/airflow/.local/lib/python3.12/site-packages/airflow/example_dags/example_python_decorator.py
[2025-02-27T03:09:35.593+0000] {processor.py:925} INFO - DAG(s) 'example_python_decorator' retrieved from /home/airflow/.local/lib/python3.12/site-packages/airflow/example_dags/example_python_decorator.py
[2025-02-27T03:09:35.783+0000] {logging_mixin.py:190} INFO - [2025-02-27T03:09:35.782+0000] {dag.py:3239} INFO - Sync 1 DAGs
[2025-02-27T03:09:35.831+0000] {logging_mixin.py:190} INFO - [2025-02-27T03:09:35.831+0000] {dag.py:4180} INFO - Setting next_dagrun for example_python_decorator to None, run_after=None
[2025-02-27T03:09:35.885+0000] {processor.py:208} INFO - Processing /home/airflow/.local/lib/python3.12/site-packages/airflow/example_dags/example_python_decorator.py took 0.339 seconds
[2025-02-27T03:10:06.657+0000] {processor.py:186} INFO - Started process (PID=2004) to work on /home/airflow/.local/lib/python3.12/site-packages/airflow/example_dags/example_python_decorator.py
[2025-02-27T03:10:06.659+0000] {processor.py:914} INFO - Processing file /home/airflow/.local/lib/python3.12/site-packages/airflow/example_dags/example_python_decorator.py for tasks to queue
[2025-02-27T03:10:06.665+0000] {logging_mixin.py:190} INFO - [2025-02-27T03:10:06.664+0000] {dagbag.py:588} INFO - Filling up the DagBag from /home/airflow/.local/lib/python3.12/site-packages/airflow/example_dags/example_python_decorator.py
[2025-02-27T03:10:06.701+0000] {processor.py:925} INFO - DAG(s) 'example_python_decorator' retrieved from /home/airflow/.local/lib/python3.12/site-packages/airflow/example_dags/example_python_decorator.py
[2025-02-27T03:10:06.925+0000] {logging_mixin.py:190} INFO - [2025-02-27T03:10:06.918+0000] {dag.py:3239} INFO - Sync 1 DAGs
[2025-02-27T03:10:07.014+0000] {logging_mixin.py:190} INFO - [2025-02-27T03:10:07.013+0000] {dag.py:4180} INFO - Setting next_dagrun for example_python_decorator to None, run_after=None
[2025-02-27T03:10:07.136+0000] {processor.py:208} INFO - Processing /home/airflow/.local/lib/python3.12/site-packages/airflow/example_dags/example_python_decorator.py took 0.491 seconds
[2025-02-27T03:10:37.505+0000] {processor.py:186} INFO - Started process (PID=2067) to work on /home/airflow/.local/lib/python3.12/site-packages/airflow/example_dags/example_python_decorator.py
[2025-02-27T03:10:37.506+0000] {processor.py:914} INFO - Processing file /home/airflow/.local/lib/python3.12/site-packages/airflow/example_dags/example_python_decorator.py for tasks to queue
[2025-02-27T03:10:37.511+0000] {logging_mixin.py:190} INFO - [2025-02-27T03:10:37.510+0000] {dagbag.py:588} INFO - Filling up the DagBag from /home/airflow/.local/lib/python3.12/site-packages/airflow/example_dags/example_python_decorator.py
[2025-02-27T03:10:37.536+0000] {processor.py:925} INFO - DAG(s) 'example_python_decorator' retrieved from /home/airflow/.local/lib/python3.12/site-packages/airflow/example_dags/example_python_decorator.py
[2025-02-27T03:10:37.677+0000] {logging_mixin.py:190} INFO - [2025-02-27T03:10:37.676+0000] {dag.py:3239} INFO - Sync 1 DAGs
[2025-02-27T03:10:37.713+0000] {logging_mixin.py:190} INFO - [2025-02-27T03:10:37.713+0000] {dag.py:4180} INFO - Setting next_dagrun for example_python_decorator to None, run_after=None
[2025-02-27T03:10:37.772+0000] {processor.py:208} INFO - Processing /home/airflow/.local/lib/python3.12/site-packages/airflow/example_dags/example_python_decorator.py took 0.278 seconds
[2025-02-27T03:11:08.444+0000] {processor.py:186} INFO - Started process (PID=2129) to work on /home/airflow/.local/lib/python3.12/site-packages/airflow/example_dags/example_python_decorator.py
[2025-02-27T03:11:08.445+0000] {processor.py:914} INFO - Processing file /home/airflow/.local/lib/python3.12/site-packages/airflow/example_dags/example_python_decorator.py for tasks to queue
[2025-02-27T03:11:08.449+0000] {logging_mixin.py:190} INFO - [2025-02-27T03:11:08.448+0000] {dagbag.py:588} INFO - Filling up the DagBag from /home/airflow/.local/lib/python3.12/site-packages/airflow/example_dags/example_python_decorator.py
[2025-02-27T03:11:08.472+0000] {processor.py:925} INFO - DAG(s) 'example_python_decorator' retrieved from /home/airflow/.local/lib/python3.12/site-packages/airflow/example_dags/example_python_decorator.py
[2025-02-27T03:11:08.612+0000] {logging_mixin.py:190} INFO - [2025-02-27T03:11:08.611+0000] {dag.py:3239} INFO - Sync 1 DAGs
[2025-02-27T03:11:08.648+0000] {logging_mixin.py:190} INFO - [2025-02-27T03:11:08.647+0000] {dag.py:4180} INFO - Setting next_dagrun for example_python_decorator to None, run_after=None
[2025-02-27T03:11:08.696+0000] {processor.py:208} INFO - Processing /home/airflow/.local/lib/python3.12/site-packages/airflow/example_dags/example_python_decorator.py took 0.261 seconds
[2025-02-27T03:11:38.876+0000] {processor.py:186} INFO - Started process (PID=2192) to work on /home/airflow/.local/lib/python3.12/site-packages/airflow/example_dags/example_python_decorator.py
[2025-02-27T03:11:38.878+0000] {processor.py:914} INFO - Processing file /home/airflow/.local/lib/python3.12/site-packages/airflow/example_dags/example_python_decorator.py for tasks to queue
[2025-02-27T03:11:38.881+0000] {logging_mixin.py:190} INFO - [2025-02-27T03:11:38.881+0000] {dagbag.py:588} INFO - Filling up the DagBag from /home/airflow/.local/lib/python3.12/site-packages/airflow/example_dags/example_python_decorator.py
[2025-02-27T03:11:38.902+0000] {processor.py:925} INFO - DAG(s) 'example_python_decorator' retrieved from /home/airflow/.local/lib/python3.12/site-packages/airflow/example_dags/example_python_decorator.py
[2025-02-27T03:11:39.035+0000] {logging_mixin.py:190} INFO - [2025-02-27T03:11:39.035+0000] {dag.py:3239} INFO - Sync 1 DAGs
[2025-02-27T03:11:39.076+0000] {logging_mixin.py:190} INFO - [2025-02-27T03:11:39.076+0000] {dag.py:4180} INFO - Setting next_dagrun for example_python_decorator to None, run_after=None
[2025-02-27T03:11:39.133+0000] {processor.py:208} INFO - Processing /home/airflow/.local/lib/python3.12/site-packages/airflow/example_dags/example_python_decorator.py took 0.265 seconds
[2025-02-27T03:12:10.001+0000] {processor.py:186} INFO - Started process (PID=2255) to work on /home/airflow/.local/lib/python3.12/site-packages/airflow/example_dags/example_python_decorator.py
[2025-02-27T03:12:10.002+0000] {processor.py:914} INFO - Processing file /home/airflow/.local/lib/python3.12/site-packages/airflow/example_dags/example_python_decorator.py for tasks to queue
[2025-02-27T03:12:10.007+0000] {logging_mixin.py:190} INFO - [2025-02-27T03:12:10.007+0000] {dagbag.py:588} INFO - Filling up the DagBag from /home/airflow/.local/lib/python3.12/site-packages/airflow/example_dags/example_python_decorator.py
[2025-02-27T03:12:10.033+0000] {processor.py:925} INFO - DAG(s) 'example_python_decorator' retrieved from /home/airflow/.local/lib/python3.12/site-packages/airflow/example_dags/example_python_decorator.py
[2025-02-27T03:12:10.238+0000] {logging_mixin.py:190} INFO - [2025-02-27T03:12:10.237+0000] {dag.py:3239} INFO - Sync 1 DAGs
[2025-02-27T03:12:10.305+0000] {logging_mixin.py:190} INFO - [2025-02-27T03:12:10.304+0000] {dag.py:4180} INFO - Setting next_dagrun for example_python_decorator to None, run_after=None
[2025-02-27T03:12:10.386+0000] {processor.py:208} INFO - Processing /home/airflow/.local/lib/python3.12/site-packages/airflow/example_dags/example_python_decorator.py took 0.397 seconds
[2025-02-27T03:12:40.686+0000] {processor.py:186} INFO - Started process (PID=2318) to work on /home/airflow/.local/lib/python3.12/site-packages/airflow/example_dags/example_python_decorator.py
[2025-02-27T03:12:40.687+0000] {processor.py:914} INFO - Processing file /home/airflow/.local/lib/python3.12/site-packages/airflow/example_dags/example_python_decorator.py for tasks to queue
[2025-02-27T03:12:40.691+0000] {logging_mixin.py:190} INFO - [2025-02-27T03:12:40.690+0000] {dagbag.py:588} INFO - Filling up the DagBag from /home/airflow/.local/lib/python3.12/site-packages/airflow/example_dags/example_python_decorator.py
[2025-02-27T03:12:40.713+0000] {processor.py:925} INFO - DAG(s) 'example_python_decorator' retrieved from /home/airflow/.local/lib/python3.12/site-packages/airflow/example_dags/example_python_decorator.py
[2025-02-27T03:12:40.868+0000] {logging_mixin.py:190} INFO - [2025-02-27T03:12:40.867+0000] {dag.py:3239} INFO - Sync 1 DAGs
[2025-02-27T03:12:40.906+0000] {logging_mixin.py:190} INFO - [2025-02-27T03:12:40.905+0000] {dag.py:4180} INFO - Setting next_dagrun for example_python_decorator to None, run_after=None
[2025-02-27T03:12:40.954+0000] {processor.py:208} INFO - Processing /home/airflow/.local/lib/python3.12/site-packages/airflow/example_dags/example_python_decorator.py took 0.276 seconds
[2025-02-27T03:13:11.112+0000] {processor.py:186} INFO - Started process (PID=2381) to work on /home/airflow/.local/lib/python3.12/site-packages/airflow/example_dags/example_python_decorator.py
[2025-02-27T03:13:11.114+0000] {processor.py:914} INFO - Processing file /home/airflow/.local/lib/python3.12/site-packages/airflow/example_dags/example_python_decorator.py for tasks to queue
[2025-02-27T03:13:11.118+0000] {logging_mixin.py:190} INFO - [2025-02-27T03:13:11.117+0000] {dagbag.py:588} INFO - Filling up the DagBag from /home/airflow/.local/lib/python3.12/site-packages/airflow/example_dags/example_python_decorator.py
[2025-02-27T03:13:11.142+0000] {processor.py:925} INFO - DAG(s) 'example_python_decorator' retrieved from /home/airflow/.local/lib/python3.12/site-packages/airflow/example_dags/example_python_decorator.py
[2025-02-27T03:13:11.356+0000] {logging_mixin.py:190} INFO - [2025-02-27T03:13:11.356+0000] {dag.py:3239} INFO - Sync 1 DAGs
[2025-02-27T03:13:11.408+0000] {logging_mixin.py:190} INFO - [2025-02-27T03:13:11.408+0000] {dag.py:4180} INFO - Setting next_dagrun for example_python_decorator to None, run_after=None
[2025-02-27T03:13:11.472+0000] {processor.py:208} INFO - Processing /home/airflow/.local/lib/python3.12/site-packages/airflow/example_dags/example_python_decorator.py took 0.371 seconds
[2025-02-27T03:13:42.011+0000] {processor.py:186} INFO - Started process (PID=2444) to work on /home/airflow/.local/lib/python3.12/site-packages/airflow/example_dags/example_python_decorator.py
[2025-02-27T03:13:42.013+0000] {processor.py:914} INFO - Processing file /home/airflow/.local/lib/python3.12/site-packages/airflow/example_dags/example_python_decorator.py for tasks to queue
[2025-02-27T03:13:42.017+0000] {logging_mixin.py:190} INFO - [2025-02-27T03:13:42.017+0000] {dagbag.py:588} INFO - Filling up the DagBag from /home/airflow/.local/lib/python3.12/site-packages/airflow/example_dags/example_python_decorator.py
[2025-02-27T03:13:42.051+0000] {processor.py:925} INFO - DAG(s) 'example_python_decorator' retrieved from /home/airflow/.local/lib/python3.12/site-packages/airflow/example_dags/example_python_decorator.py
[2025-02-27T03:13:42.261+0000] {logging_mixin.py:190} INFO - [2025-02-27T03:13:42.260+0000] {dag.py:3239} INFO - Sync 1 DAGs
[2025-02-27T03:13:42.315+0000] {logging_mixin.py:190} INFO - [2025-02-27T03:13:42.314+0000] {dag.py:4180} INFO - Setting next_dagrun for example_python_decorator to None, run_after=None
[2025-02-27T03:13:42.388+0000] {processor.py:208} INFO - Processing /home/airflow/.local/lib/python3.12/site-packages/airflow/example_dags/example_python_decorator.py took 0.388 seconds
[2025-02-27T03:14:13.966+0000] {processor.py:186} INFO - Started process (PID=2507) to work on /home/airflow/.local/lib/python3.12/site-packages/airflow/example_dags/example_python_decorator.py
[2025-02-27T03:14:13.969+0000] {processor.py:914} INFO - Processing file /home/airflow/.local/lib/python3.12/site-packages/airflow/example_dags/example_python_decorator.py for tasks to queue
[2025-02-27T03:14:13.974+0000] {logging_mixin.py:190} INFO - [2025-02-27T03:14:13.973+0000] {dagbag.py:588} INFO - Filling up the DagBag from /home/airflow/.local/lib/python3.12/site-packages/airflow/example_dags/example_python_decorator.py
[2025-02-27T03:14:14.000+0000] {processor.py:925} INFO - DAG(s) 'example_python_decorator' retrieved from /home/airflow/.local/lib/python3.12/site-packages/airflow/example_dags/example_python_decorator.py
[2025-02-27T03:14:14.161+0000] {logging_mixin.py:190} INFO - [2025-02-27T03:14:14.161+0000] {dag.py:3239} INFO - Sync 1 DAGs
[2025-02-27T03:14:14.211+0000] {logging_mixin.py:190} INFO - [2025-02-27T03:14:14.211+0000] {dag.py:4180} INFO - Setting next_dagrun for example_python_decorator to None, run_after=None
[2025-02-27T03:14:14.274+0000] {processor.py:208} INFO - Processing /home/airflow/.local/lib/python3.12/site-packages/airflow/example_dags/example_python_decorator.py took 0.320 seconds
[2025-02-27T03:14:46.109+0000] {processor.py:186} INFO - Started process (PID=2570) to work on /home/airflow/.local/lib/python3.12/site-packages/airflow/example_dags/example_python_decorator.py
[2025-02-27T03:14:46.110+0000] {processor.py:914} INFO - Processing file /home/airflow/.local/lib/python3.12/site-packages/airflow/example_dags/example_python_decorator.py for tasks to queue
[2025-02-27T03:14:46.114+0000] {logging_mixin.py:190} INFO - [2025-02-27T03:14:46.113+0000] {dagbag.py:588} INFO - Filling up the DagBag from /home/airflow/.local/lib/python3.12/site-packages/airflow/example_dags/example_python_decorator.py
[2025-02-27T03:14:46.144+0000] {processor.py:925} INFO - DAG(s) 'example_python_decorator' retrieved from /home/airflow/.local/lib/python3.12/site-packages/airflow/example_dags/example_python_decorator.py
[2025-02-27T03:14:46.391+0000] {logging_mixin.py:190} INFO - [2025-02-27T03:14:46.391+0000] {dag.py:3239} INFO - Sync 1 DAGs
[2025-02-27T03:14:46.467+0000] {logging_mixin.py:190} INFO - [2025-02-27T03:14:46.466+0000] {dag.py:4180} INFO - Setting next_dagrun for example_python_decorator to None, run_after=None
[2025-02-27T03:14:46.541+0000] {processor.py:208} INFO - Processing /home/airflow/.local/lib/python3.12/site-packages/airflow/example_dags/example_python_decorator.py took 0.440 seconds
[2025-02-27T03:15:17.628+0000] {processor.py:186} INFO - Started process (PID=2633) to work on /home/airflow/.local/lib/python3.12/site-packages/airflow/example_dags/example_python_decorator.py
[2025-02-27T03:15:17.629+0000] {processor.py:914} INFO - Processing file /home/airflow/.local/lib/python3.12/site-packages/airflow/example_dags/example_python_decorator.py for tasks to queue
[2025-02-27T03:15:17.633+0000] {logging_mixin.py:190} INFO - [2025-02-27T03:15:17.633+0000] {dagbag.py:588} INFO - Filling up the DagBag from /home/airflow/.local/lib/python3.12/site-packages/airflow/example_dags/example_python_decorator.py
[2025-02-27T03:15:17.654+0000] {processor.py:925} INFO - DAG(s) 'example_python_decorator' retrieved from /home/airflow/.local/lib/python3.12/site-packages/airflow/example_dags/example_python_decorator.py
[2025-02-27T03:15:17.794+0000] {logging_mixin.py:190} INFO - [2025-02-27T03:15:17.793+0000] {dag.py:3239} INFO - Sync 1 DAGs
[2025-02-27T03:15:17.827+0000] {logging_mixin.py:190} INFO - [2025-02-27T03:15:17.826+0000] {dag.py:4180} INFO - Setting next_dagrun for example_python_decorator to None, run_after=None
[2025-02-27T03:15:17.874+0000] {processor.py:208} INFO - Processing /home/airflow/.local/lib/python3.12/site-packages/airflow/example_dags/example_python_decorator.py took 0.255 seconds
[2025-02-27T03:15:48.164+0000] {processor.py:186} INFO - Started process (PID=2696) to work on /home/airflow/.local/lib/python3.12/site-packages/airflow/example_dags/example_python_decorator.py
[2025-02-27T03:15:48.166+0000] {processor.py:914} INFO - Processing file /home/airflow/.local/lib/python3.12/site-packages/airflow/example_dags/example_python_decorator.py for tasks to queue
[2025-02-27T03:15:48.169+0000] {logging_mixin.py:190} INFO - [2025-02-27T03:15:48.169+0000] {dagbag.py:588} INFO - Filling up the DagBag from /home/airflow/.local/lib/python3.12/site-packages/airflow/example_dags/example_python_decorator.py
[2025-02-27T03:15:48.192+0000] {processor.py:925} INFO - DAG(s) 'example_python_decorator' retrieved from /home/airflow/.local/lib/python3.12/site-packages/airflow/example_dags/example_python_decorator.py
[2025-02-27T03:15:48.359+0000] {logging_mixin.py:190} INFO - [2025-02-27T03:15:48.359+0000] {dag.py:3239} INFO - Sync 1 DAGs
[2025-02-27T03:15:48.420+0000] {logging_mixin.py:190} INFO - [2025-02-27T03:15:48.420+0000] {dag.py:4180} INFO - Setting next_dagrun for example_python_decorator to None, run_after=None
[2025-02-27T03:15:48.474+0000] {processor.py:208} INFO - Processing /home/airflow/.local/lib/python3.12/site-packages/airflow/example_dags/example_python_decorator.py took 0.321 seconds
[2025-02-27T03:16:18.723+0000] {processor.py:186} INFO - Started process (PID=2758) to work on /home/airflow/.local/lib/python3.12/site-packages/airflow/example_dags/example_python_decorator.py
[2025-02-27T03:16:18.725+0000] {processor.py:914} INFO - Processing file /home/airflow/.local/lib/python3.12/site-packages/airflow/example_dags/example_python_decorator.py for tasks to queue
[2025-02-27T03:16:18.728+0000] {logging_mixin.py:190} INFO - [2025-02-27T03:16:18.728+0000] {dagbag.py:588} INFO - Filling up the DagBag from /home/airflow/.local/lib/python3.12/site-packages/airflow/example_dags/example_python_decorator.py
[2025-02-27T03:16:18.746+0000] {processor.py:925} INFO - DAG(s) 'example_python_decorator' retrieved from /home/airflow/.local/lib/python3.12/site-packages/airflow/example_dags/example_python_decorator.py
[2025-02-27T03:16:18.885+0000] {logging_mixin.py:190} INFO - [2025-02-27T03:16:18.885+0000] {dag.py:3239} INFO - Sync 1 DAGs
[2025-02-27T03:16:18.925+0000] {logging_mixin.py:190} INFO - [2025-02-27T03:16:18.924+0000] {dag.py:4180} INFO - Setting next_dagrun for example_python_decorator to None, run_after=None
[2025-02-27T03:16:18.982+0000] {processor.py:208} INFO - Processing /home/airflow/.local/lib/python3.12/site-packages/airflow/example_dags/example_python_decorator.py took 0.266 seconds
[2025-02-27T03:16:49.422+0000] {processor.py:186} INFO - Started process (PID=2821) to work on /home/airflow/.local/lib/python3.12/site-packages/airflow/example_dags/example_python_decorator.py
[2025-02-27T03:16:49.425+0000] {processor.py:914} INFO - Processing file /home/airflow/.local/lib/python3.12/site-packages/airflow/example_dags/example_python_decorator.py for tasks to queue
[2025-02-27T03:16:49.429+0000] {logging_mixin.py:190} INFO - [2025-02-27T03:16:49.428+0000] {dagbag.py:588} INFO - Filling up the DagBag from /home/airflow/.local/lib/python3.12/site-packages/airflow/example_dags/example_python_decorator.py
[2025-02-27T03:16:49.460+0000] {processor.py:925} INFO - DAG(s) 'example_python_decorator' retrieved from /home/airflow/.local/lib/python3.12/site-packages/airflow/example_dags/example_python_decorator.py
[2025-02-27T03:16:49.579+0000] {logging_mixin.py:190} INFO - [2025-02-27T03:16:49.579+0000] {dag.py:3239} INFO - Sync 1 DAGs
[2025-02-27T03:16:49.624+0000] {logging_mixin.py:190} INFO - [2025-02-27T03:16:49.623+0000] {dag.py:4180} INFO - Setting next_dagrun for example_python_decorator to None, run_after=None
[2025-02-27T03:16:49.668+0000] {processor.py:208} INFO - Processing /home/airflow/.local/lib/python3.12/site-packages/airflow/example_dags/example_python_decorator.py took 0.257 seconds
[2025-02-27T03:17:20.164+0000] {processor.py:186} INFO - Started process (PID=2884) to work on /home/airflow/.local/lib/python3.12/site-packages/airflow/example_dags/example_python_decorator.py
[2025-02-27T03:17:20.165+0000] {processor.py:914} INFO - Processing file /home/airflow/.local/lib/python3.12/site-packages/airflow/example_dags/example_python_decorator.py for tasks to queue
[2025-02-27T03:17:20.170+0000] {logging_mixin.py:190} INFO - [2025-02-27T03:17:20.169+0000] {dagbag.py:588} INFO - Filling up the DagBag from /home/airflow/.local/lib/python3.12/site-packages/airflow/example_dags/example_python_decorator.py
[2025-02-27T03:17:20.199+0000] {processor.py:925} INFO - DAG(s) 'example_python_decorator' retrieved from /home/airflow/.local/lib/python3.12/site-packages/airflow/example_dags/example_python_decorator.py
[2025-02-27T03:17:20.327+0000] {logging_mixin.py:190} INFO - [2025-02-27T03:17:20.327+0000] {dag.py:3239} INFO - Sync 1 DAGs
[2025-02-27T03:17:20.364+0000] {logging_mixin.py:190} INFO - [2025-02-27T03:17:20.364+0000] {dag.py:4180} INFO - Setting next_dagrun for example_python_decorator to None, run_after=None
[2025-02-27T03:17:20.408+0000] {processor.py:208} INFO - Processing /home/airflow/.local/lib/python3.12/site-packages/airflow/example_dags/example_python_decorator.py took 0.253 seconds
[2025-02-27T03:17:50.753+0000] {processor.py:186} INFO - Started process (PID=2953) to work on /home/airflow/.local/lib/python3.12/site-packages/airflow/example_dags/example_python_decorator.py
[2025-02-27T03:17:50.755+0000] {processor.py:914} INFO - Processing file /home/airflow/.local/lib/python3.12/site-packages/airflow/example_dags/example_python_decorator.py for tasks to queue
[2025-02-27T03:17:50.759+0000] {logging_mixin.py:190} INFO - [2025-02-27T03:17:50.759+0000] {dagbag.py:588} INFO - Filling up the DagBag from /home/airflow/.local/lib/python3.12/site-packages/airflow/example_dags/example_python_decorator.py
[2025-02-27T03:17:50.804+0000] {processor.py:925} INFO - DAG(s) 'example_python_decorator' retrieved from /home/airflow/.local/lib/python3.12/site-packages/airflow/example_dags/example_python_decorator.py
[2025-02-27T03:17:50.952+0000] {logging_mixin.py:190} INFO - [2025-02-27T03:17:50.952+0000] {dag.py:3239} INFO - Sync 1 DAGs
[2025-02-27T03:17:50.991+0000] {logging_mixin.py:190} INFO - [2025-02-27T03:17:50.990+0000] {dag.py:4180} INFO - Setting next_dagrun for example_python_decorator to None, run_after=None
[2025-02-27T03:17:51.045+0000] {processor.py:208} INFO - Processing /home/airflow/.local/lib/python3.12/site-packages/airflow/example_dags/example_python_decorator.py took 0.314 seconds
[2025-02-27T03:18:21.106+0000] {processor.py:186} INFO - Started process (PID=3016) to work on /home/airflow/.local/lib/python3.12/site-packages/airflow/example_dags/example_python_decorator.py
[2025-02-27T03:18:21.108+0000] {processor.py:914} INFO - Processing file /home/airflow/.local/lib/python3.12/site-packages/airflow/example_dags/example_python_decorator.py for tasks to queue
[2025-02-27T03:18:21.112+0000] {logging_mixin.py:190} INFO - [2025-02-27T03:18:21.111+0000] {dagbag.py:588} INFO - Filling up the DagBag from /home/airflow/.local/lib/python3.12/site-packages/airflow/example_dags/example_python_decorator.py
[2025-02-27T03:18:21.134+0000] {processor.py:925} INFO - DAG(s) 'example_python_decorator' retrieved from /home/airflow/.local/lib/python3.12/site-packages/airflow/example_dags/example_python_decorator.py
[2025-02-27T03:18:21.278+0000] {logging_mixin.py:190} INFO - [2025-02-27T03:18:21.277+0000] {dag.py:3239} INFO - Sync 1 DAGs
[2025-02-27T03:18:21.324+0000] {logging_mixin.py:190} INFO - [2025-02-27T03:18:21.323+0000] {dag.py:4180} INFO - Setting next_dagrun for example_python_decorator to None, run_after=None
[2025-02-27T03:18:21.386+0000] {processor.py:208} INFO - Processing /home/airflow/.local/lib/python3.12/site-packages/airflow/example_dags/example_python_decorator.py took 0.289 seconds
[2025-02-27T03:18:51.622+0000] {processor.py:186} INFO - Started process (PID=3078) to work on /home/airflow/.local/lib/python3.12/site-packages/airflow/example_dags/example_python_decorator.py
[2025-02-27T03:18:51.625+0000] {processor.py:914} INFO - Processing file /home/airflow/.local/lib/python3.12/site-packages/airflow/example_dags/example_python_decorator.py for tasks to queue
[2025-02-27T03:18:51.630+0000] {logging_mixin.py:190} INFO - [2025-02-27T03:18:51.629+0000] {dagbag.py:588} INFO - Filling up the DagBag from /home/airflow/.local/lib/python3.12/site-packages/airflow/example_dags/example_python_decorator.py
[2025-02-27T03:18:51.670+0000] {processor.py:925} INFO - DAG(s) 'example_python_decorator' retrieved from /home/airflow/.local/lib/python3.12/site-packages/airflow/example_dags/example_python_decorator.py
[2025-02-27T03:18:51.920+0000] {logging_mixin.py:190} INFO - [2025-02-27T03:18:51.920+0000] {dag.py:3239} INFO - Sync 1 DAGs
[2025-02-27T03:18:51.990+0000] {logging_mixin.py:190} INFO - [2025-02-27T03:18:51.989+0000] {dag.py:4180} INFO - Setting next_dagrun for example_python_decorator to None, run_after=None
[2025-02-27T03:18:52.085+0000] {processor.py:208} INFO - Processing /home/airflow/.local/lib/python3.12/site-packages/airflow/example_dags/example_python_decorator.py took 0.476 seconds
[2025-02-27T03:19:22.225+0000] {processor.py:186} INFO - Started process (PID=3142) to work on /home/airflow/.local/lib/python3.12/site-packages/airflow/example_dags/example_python_decorator.py
[2025-02-27T03:19:22.227+0000] {processor.py:914} INFO - Processing file /home/airflow/.local/lib/python3.12/site-packages/airflow/example_dags/example_python_decorator.py for tasks to queue
[2025-02-27T03:19:22.232+0000] {logging_mixin.py:190} INFO - [2025-02-27T03:19:22.231+0000] {dagbag.py:588} INFO - Filling up the DagBag from /home/airflow/.local/lib/python3.12/site-packages/airflow/example_dags/example_python_decorator.py
[2025-02-27T03:19:22.275+0000] {processor.py:925} INFO - DAG(s) 'example_python_decorator' retrieved from /home/airflow/.local/lib/python3.12/site-packages/airflow/example_dags/example_python_decorator.py
[2025-02-27T03:19:22.500+0000] {logging_mixin.py:190} INFO - [2025-02-27T03:19:22.499+0000] {dag.py:3239} INFO - Sync 1 DAGs
[2025-02-27T03:19:22.584+0000] {logging_mixin.py:190} INFO - [2025-02-27T03:19:22.583+0000] {dag.py:4180} INFO - Setting next_dagrun for example_python_decorator to None, run_after=None
[2025-02-27T03:19:22.691+0000] {processor.py:208} INFO - Processing /home/airflow/.local/lib/python3.12/site-packages/airflow/example_dags/example_python_decorator.py took 0.478 seconds
[2025-02-27T03:19:53.048+0000] {processor.py:186} INFO - Started process (PID=3205) to work on /home/airflow/.local/lib/python3.12/site-packages/airflow/example_dags/example_python_decorator.py
[2025-02-27T03:19:53.050+0000] {processor.py:914} INFO - Processing file /home/airflow/.local/lib/python3.12/site-packages/airflow/example_dags/example_python_decorator.py for tasks to queue
[2025-02-27T03:19:53.054+0000] {logging_mixin.py:190} INFO - [2025-02-27T03:19:53.053+0000] {dagbag.py:588} INFO - Filling up the DagBag from /home/airflow/.local/lib/python3.12/site-packages/airflow/example_dags/example_python_decorator.py
[2025-02-27T03:19:53.082+0000] {processor.py:925} INFO - DAG(s) 'example_python_decorator' retrieved from /home/airflow/.local/lib/python3.12/site-packages/airflow/example_dags/example_python_decorator.py
[2025-02-27T03:19:53.235+0000] {logging_mixin.py:190} INFO - [2025-02-27T03:19:53.235+0000] {dag.py:3239} INFO - Sync 1 DAGs
[2025-02-27T03:19:53.278+0000] {logging_mixin.py:190} INFO - [2025-02-27T03:19:53.277+0000] {dag.py:4180} INFO - Setting next_dagrun for example_python_decorator to None, run_after=None
[2025-02-27T03:19:53.345+0000] {processor.py:208} INFO - Processing /home/airflow/.local/lib/python3.12/site-packages/airflow/example_dags/example_python_decorator.py took 0.306 seconds
[2025-02-27T03:20:23.721+0000] {processor.py:186} INFO - Started process (PID=3268) to work on /home/airflow/.local/lib/python3.12/site-packages/airflow/example_dags/example_python_decorator.py
[2025-02-27T03:20:23.722+0000] {processor.py:914} INFO - Processing file /home/airflow/.local/lib/python3.12/site-packages/airflow/example_dags/example_python_decorator.py for tasks to queue
[2025-02-27T03:20:23.725+0000] {logging_mixin.py:190} INFO - [2025-02-27T03:20:23.725+0000] {dagbag.py:588} INFO - Filling up the DagBag from /home/airflow/.local/lib/python3.12/site-packages/airflow/example_dags/example_python_decorator.py
[2025-02-27T03:20:23.744+0000] {processor.py:925} INFO - DAG(s) 'example_python_decorator' retrieved from /home/airflow/.local/lib/python3.12/site-packages/airflow/example_dags/example_python_decorator.py
[2025-02-27T03:20:23.881+0000] {logging_mixin.py:190} INFO - [2025-02-27T03:20:23.880+0000] {dag.py:3239} INFO - Sync 1 DAGs
[2025-02-27T03:20:23.916+0000] {logging_mixin.py:190} INFO - [2025-02-27T03:20:23.915+0000] {dag.py:4180} INFO - Setting next_dagrun for example_python_decorator to None, run_after=None
[2025-02-27T03:20:23.966+0000] {processor.py:208} INFO - Processing /home/airflow/.local/lib/python3.12/site-packages/airflow/example_dags/example_python_decorator.py took 0.253 seconds
[2025-02-27T03:20:54.118+0000] {processor.py:186} INFO - Started process (PID=3331) to work on /home/airflow/.local/lib/python3.12/site-packages/airflow/example_dags/example_python_decorator.py
[2025-02-27T03:20:54.121+0000] {processor.py:914} INFO - Processing file /home/airflow/.local/lib/python3.12/site-packages/airflow/example_dags/example_python_decorator.py for tasks to queue
[2025-02-27T03:20:54.125+0000] {logging_mixin.py:190} INFO - [2025-02-27T03:20:54.124+0000] {dagbag.py:588} INFO - Filling up the DagBag from /home/airflow/.local/lib/python3.12/site-packages/airflow/example_dags/example_python_decorator.py
[2025-02-27T03:20:54.168+0000] {processor.py:925} INFO - DAG(s) 'example_python_decorator' retrieved from /home/airflow/.local/lib/python3.12/site-packages/airflow/example_dags/example_python_decorator.py
[2025-02-27T03:20:54.390+0000] {logging_mixin.py:190} INFO - [2025-02-27T03:20:54.389+0000] {dag.py:3239} INFO - Sync 1 DAGs
[2025-02-27T03:20:54.435+0000] {logging_mixin.py:190} INFO - [2025-02-27T03:20:54.434+0000] {dag.py:4180} INFO - Setting next_dagrun for example_python_decorator to None, run_after=None
[2025-02-27T03:20:54.503+0000] {processor.py:208} INFO - Processing /home/airflow/.local/lib/python3.12/site-packages/airflow/example_dags/example_python_decorator.py took 0.398 seconds
