[2025-02-27T02:51:33.148+0000] {processor.py:186} INFO - Started process (PID=103) to work on /home/airflow/.local/lib/python3.12/site-packages/airflow/example_dags/example_sensors.py
[2025-02-27T02:51:33.150+0000] {processor.py:914} INFO - Processing file /home/airflow/.local/lib/python3.12/site-packages/airflow/example_dags/example_sensors.py for tasks to queue
[2025-02-27T02:51:33.156+0000] {logging_mixin.py:190} INFO - [2025-02-27T02:51:33.155+0000] {dagbag.py:588} INFO - Filling up the DagBag from /home/airflow/.local/lib/python3.12/site-packages/airflow/example_dags/example_sensors.py
[2025-02-27T02:51:33.185+0000] {processor.py:925} INFO - DAG(s) 'example_sensors' retrieved from /home/airflow/.local/lib/python3.12/site-packages/airflow/example_dags/example_sensors.py
[2025-02-27T02:51:33.445+0000] {logging_mixin.py:190} INFO - [2025-02-27T02:51:33.444+0000] {override.py:1912} INFO - Created Permission View: can delete on DAG:example_sensors
[2025-02-27T02:51:33.469+0000] {logging_mixin.py:190} INFO - [2025-02-27T02:51:33.468+0000] {override.py:1912} INFO - Created Permission View: can read on DAG:example_sensors
[2025-02-27T02:51:33.486+0000] {logging_mixin.py:190} INFO - [2025-02-27T02:51:33.486+0000] {override.py:1912} INFO - Created Permission View: can edit on DAG:example_sensors
[2025-02-27T02:51:33.514+0000] {logging_mixin.py:190} INFO - [2025-02-27T02:51:33.513+0000] {override.py:1912} INFO - Created Permission View: menu access on DAG Run:example_sensors
[2025-02-27T02:51:33.532+0000] {logging_mixin.py:190} INFO - [2025-02-27T02:51:33.532+0000] {override.py:1912} INFO - Created Permission View: can delete on DAG Run:example_sensors
[2025-02-27T02:51:33.551+0000] {logging_mixin.py:190} INFO - [2025-02-27T02:51:33.550+0000] {override.py:1912} INFO - Created Permission View: can read on DAG Run:example_sensors
[2025-02-27T02:51:33.569+0000] {logging_mixin.py:190} INFO - [2025-02-27T02:51:33.568+0000] {override.py:1912} INFO - Created Permission View: can create on DAG Run:example_sensors
[2025-02-27T02:51:33.570+0000] {logging_mixin.py:190} INFO - [2025-02-27T02:51:33.569+0000] {dag.py:3239} INFO - Sync 1 DAGs
[2025-02-27T02:51:33.600+0000] {logging_mixin.py:190} INFO - [2025-02-27T02:51:33.599+0000] {dag.py:3262} INFO - Creating ORM DAG for example_sensors
[2025-02-27T02:51:33.603+0000] {logging_mixin.py:190} INFO - [2025-02-27T02:51:33.603+0000] {dag.py:4180} INFO - Setting next_dagrun for example_sensors to None, run_after=None
[2025-02-27T02:51:33.639+0000] {processor.py:208} INFO - Processing /home/airflow/.local/lib/python3.12/site-packages/airflow/example_dags/example_sensors.py took 0.500 seconds
[2025-02-27T02:54:17.397+0000] {processor.py:186} INFO - Started process (PID=105) to work on /home/airflow/.local/lib/python3.12/site-packages/airflow/example_dags/example_sensors.py
[2025-02-27T02:54:17.404+0000] {processor.py:914} INFO - Processing file /home/airflow/.local/lib/python3.12/site-packages/airflow/example_dags/example_sensors.py for tasks to queue
[2025-02-27T02:54:17.421+0000] {logging_mixin.py:190} INFO - [2025-02-27T02:54:17.420+0000] {dagbag.py:588} INFO - Filling up the DagBag from /home/airflow/.local/lib/python3.12/site-packages/airflow/example_dags/example_sensors.py
[2025-02-27T02:54:17.471+0000] {processor.py:925} INFO - DAG(s) 'example_sensors' retrieved from /home/airflow/.local/lib/python3.12/site-packages/airflow/example_dags/example_sensors.py
[2025-02-27T02:54:18.203+0000] {logging_mixin.py:190} INFO - [2025-02-27T02:54:18.201+0000] {override.py:1912} INFO - Created Permission View: can read on DAG:example_sensors
[2025-02-27T02:54:18.238+0000] {logging_mixin.py:190} INFO - [2025-02-27T02:54:18.237+0000] {override.py:1912} INFO - Created Permission View: can delete on DAG:example_sensors
[2025-02-27T02:54:18.278+0000] {logging_mixin.py:190} INFO - [2025-02-27T02:54:18.277+0000] {override.py:1912} INFO - Created Permission View: can edit on DAG:example_sensors
[2025-02-27T02:54:18.325+0000] {logging_mixin.py:190} INFO - [2025-02-27T02:54:18.325+0000] {override.py:1912} INFO - Created Permission View: can read on DAG Run:example_sensors
[2025-02-27T02:54:18.361+0000] {logging_mixin.py:190} INFO - [2025-02-27T02:54:18.360+0000] {override.py:1912} INFO - Created Permission View: menu access on DAG Run:example_sensors
[2025-02-27T02:54:18.403+0000] {logging_mixin.py:190} INFO - [2025-02-27T02:54:18.402+0000] {override.py:1912} INFO - Created Permission View: can delete on DAG Run:example_sensors
[2025-02-27T02:54:18.423+0000] {logging_mixin.py:190} INFO - [2025-02-27T02:54:18.422+0000] {override.py:1912} INFO - Created Permission View: can create on DAG Run:example_sensors
[2025-02-27T02:54:18.425+0000] {logging_mixin.py:190} INFO - [2025-02-27T02:54:18.424+0000] {dag.py:3239} INFO - Sync 1 DAGs
[2025-02-27T02:54:18.484+0000] {logging_mixin.py:190} INFO - [2025-02-27T02:54:18.484+0000] {dag.py:3262} INFO - Creating ORM DAG for example_sensors
[2025-02-27T02:54:18.487+0000] {logging_mixin.py:190} INFO - [2025-02-27T02:54:18.486+0000] {dag.py:4180} INFO - Setting next_dagrun for example_sensors to None, run_after=None
[2025-02-27T02:54:18.545+0000] {processor.py:208} INFO - Processing /home/airflow/.local/lib/python3.12/site-packages/airflow/example_dags/example_sensors.py took 1.190 seconds
[2025-02-27T02:54:49.090+0000] {processor.py:186} INFO - Started process (PID=168) to work on /home/airflow/.local/lib/python3.12/site-packages/airflow/example_dags/example_sensors.py
[2025-02-27T02:54:49.092+0000] {processor.py:914} INFO - Processing file /home/airflow/.local/lib/python3.12/site-packages/airflow/example_dags/example_sensors.py for tasks to queue
[2025-02-27T02:54:49.097+0000] {logging_mixin.py:190} INFO - [2025-02-27T02:54:49.096+0000] {dagbag.py:588} INFO - Filling up the DagBag from /home/airflow/.local/lib/python3.12/site-packages/airflow/example_dags/example_sensors.py
[2025-02-27T02:54:49.114+0000] {processor.py:925} INFO - DAG(s) 'example_sensors' retrieved from /home/airflow/.local/lib/python3.12/site-packages/airflow/example_dags/example_sensors.py
[2025-02-27T02:54:49.280+0000] {logging_mixin.py:190} INFO - [2025-02-27T02:54:49.279+0000] {dag.py:3239} INFO - Sync 1 DAGs
[2025-02-27T02:54:49.324+0000] {logging_mixin.py:190} INFO - [2025-02-27T02:54:49.324+0000] {dag.py:4180} INFO - Setting next_dagrun for example_sensors to None, run_after=None
[2025-02-27T02:54:49.420+0000] {processor.py:208} INFO - Processing /home/airflow/.local/lib/python3.12/site-packages/airflow/example_dags/example_sensors.py took 0.342 seconds
[2025-02-27T02:55:19.519+0000] {processor.py:186} INFO - Started process (PID=231) to work on /home/airflow/.local/lib/python3.12/site-packages/airflow/example_dags/example_sensors.py
[2025-02-27T02:55:19.521+0000] {processor.py:914} INFO - Processing file /home/airflow/.local/lib/python3.12/site-packages/airflow/example_dags/example_sensors.py for tasks to queue
[2025-02-27T02:55:19.524+0000] {logging_mixin.py:190} INFO - [2025-02-27T02:55:19.524+0000] {dagbag.py:588} INFO - Filling up the DagBag from /home/airflow/.local/lib/python3.12/site-packages/airflow/example_dags/example_sensors.py
[2025-02-27T02:55:19.552+0000] {processor.py:925} INFO - DAG(s) 'example_sensors' retrieved from /home/airflow/.local/lib/python3.12/site-packages/airflow/example_dags/example_sensors.py
[2025-02-27T02:55:19.727+0000] {logging_mixin.py:190} INFO - [2025-02-27T02:55:19.726+0000] {dag.py:3239} INFO - Sync 1 DAGs
[2025-02-27T02:55:19.766+0000] {logging_mixin.py:190} INFO - [2025-02-27T02:55:19.766+0000] {dag.py:4180} INFO - Setting next_dagrun for example_sensors to None, run_after=None
[2025-02-27T02:55:19.831+0000] {processor.py:208} INFO - Processing /home/airflow/.local/lib/python3.12/site-packages/airflow/example_dags/example_sensors.py took 0.323 seconds
[2025-02-27T02:55:50.960+0000] {processor.py:186} INFO - Started process (PID=294) to work on /home/airflow/.local/lib/python3.12/site-packages/airflow/example_dags/example_sensors.py
[2025-02-27T02:55:50.962+0000] {processor.py:914} INFO - Processing file /home/airflow/.local/lib/python3.12/site-packages/airflow/example_dags/example_sensors.py for tasks to queue
[2025-02-27T02:55:50.969+0000] {logging_mixin.py:190} INFO - [2025-02-27T02:55:50.968+0000] {dagbag.py:588} INFO - Filling up the DagBag from /home/airflow/.local/lib/python3.12/site-packages/airflow/example_dags/example_sensors.py
[2025-02-27T02:55:50.994+0000] {processor.py:925} INFO - DAG(s) 'example_sensors' retrieved from /home/airflow/.local/lib/python3.12/site-packages/airflow/example_dags/example_sensors.py
[2025-02-27T02:55:51.224+0000] {logging_mixin.py:190} INFO - [2025-02-27T02:55:51.224+0000] {dag.py:3239} INFO - Sync 1 DAGs
[2025-02-27T02:55:51.298+0000] {logging_mixin.py:190} INFO - [2025-02-27T02:55:51.297+0000] {dag.py:4180} INFO - Setting next_dagrun for example_sensors to None, run_after=None
[2025-02-27T02:55:51.362+0000] {processor.py:208} INFO - Processing /home/airflow/.local/lib/python3.12/site-packages/airflow/example_dags/example_sensors.py took 0.414 seconds
[2025-02-27T02:56:21.557+0000] {processor.py:186} INFO - Started process (PID=356) to work on /home/airflow/.local/lib/python3.12/site-packages/airflow/example_dags/example_sensors.py
[2025-02-27T02:56:21.560+0000] {processor.py:914} INFO - Processing file /home/airflow/.local/lib/python3.12/site-packages/airflow/example_dags/example_sensors.py for tasks to queue
[2025-02-27T02:56:21.565+0000] {logging_mixin.py:190} INFO - [2025-02-27T02:56:21.565+0000] {dagbag.py:588} INFO - Filling up the DagBag from /home/airflow/.local/lib/python3.12/site-packages/airflow/example_dags/example_sensors.py
[2025-02-27T02:56:21.600+0000] {processor.py:925} INFO - DAG(s) 'example_sensors' retrieved from /home/airflow/.local/lib/python3.12/site-packages/airflow/example_dags/example_sensors.py
[2025-02-27T02:56:21.883+0000] {logging_mixin.py:190} INFO - [2025-02-27T02:56:21.882+0000] {dag.py:3239} INFO - Sync 1 DAGs
[2025-02-27T02:56:21.961+0000] {logging_mixin.py:190} INFO - [2025-02-27T02:56:21.961+0000] {dag.py:4180} INFO - Setting next_dagrun for example_sensors to None, run_after=None
[2025-02-27T02:56:22.086+0000] {processor.py:208} INFO - Processing /home/airflow/.local/lib/python3.12/site-packages/airflow/example_dags/example_sensors.py took 0.543 seconds
[2025-02-27T02:56:52.722+0000] {processor.py:186} INFO - Started process (PID=419) to work on /home/airflow/.local/lib/python3.12/site-packages/airflow/example_dags/example_sensors.py
[2025-02-27T02:56:52.724+0000] {processor.py:914} INFO - Processing file /home/airflow/.local/lib/python3.12/site-packages/airflow/example_dags/example_sensors.py for tasks to queue
[2025-02-27T02:56:52.728+0000] {logging_mixin.py:190} INFO - [2025-02-27T02:56:52.727+0000] {dagbag.py:588} INFO - Filling up the DagBag from /home/airflow/.local/lib/python3.12/site-packages/airflow/example_dags/example_sensors.py
[2025-02-27T02:56:52.745+0000] {processor.py:925} INFO - DAG(s) 'example_sensors' retrieved from /home/airflow/.local/lib/python3.12/site-packages/airflow/example_dags/example_sensors.py
[2025-02-27T02:56:52.912+0000] {logging_mixin.py:190} INFO - [2025-02-27T02:56:52.912+0000] {dag.py:3239} INFO - Sync 1 DAGs
[2025-02-27T02:56:52.954+0000] {logging_mixin.py:190} INFO - [2025-02-27T02:56:52.953+0000] {dag.py:4180} INFO - Setting next_dagrun for example_sensors to None, run_after=None
[2025-02-27T02:56:53.030+0000] {processor.py:208} INFO - Processing /home/airflow/.local/lib/python3.12/site-packages/airflow/example_dags/example_sensors.py took 0.317 seconds
[2025-02-27T02:57:23.161+0000] {processor.py:186} INFO - Started process (PID=481) to work on /home/airflow/.local/lib/python3.12/site-packages/airflow/example_dags/example_sensors.py
[2025-02-27T02:57:23.163+0000] {processor.py:914} INFO - Processing file /home/airflow/.local/lib/python3.12/site-packages/airflow/example_dags/example_sensors.py for tasks to queue
[2025-02-27T02:57:23.166+0000] {logging_mixin.py:190} INFO - [2025-02-27T02:57:23.166+0000] {dagbag.py:588} INFO - Filling up the DagBag from /home/airflow/.local/lib/python3.12/site-packages/airflow/example_dags/example_sensors.py
[2025-02-27T02:57:23.188+0000] {processor.py:925} INFO - DAG(s) 'example_sensors' retrieved from /home/airflow/.local/lib/python3.12/site-packages/airflow/example_dags/example_sensors.py
[2025-02-27T02:57:23.350+0000] {logging_mixin.py:190} INFO - [2025-02-27T02:57:23.349+0000] {dag.py:3239} INFO - Sync 1 DAGs
[2025-02-27T02:57:23.394+0000] {logging_mixin.py:190} INFO - [2025-02-27T02:57:23.394+0000] {dag.py:4180} INFO - Setting next_dagrun for example_sensors to None, run_after=None
[2025-02-27T02:57:23.462+0000] {processor.py:208} INFO - Processing /home/airflow/.local/lib/python3.12/site-packages/airflow/example_dags/example_sensors.py took 0.311 seconds
[2025-02-27T02:57:53.911+0000] {processor.py:186} INFO - Started process (PID=544) to work on /home/airflow/.local/lib/python3.12/site-packages/airflow/example_dags/example_sensors.py
[2025-02-27T02:57:53.913+0000] {processor.py:914} INFO - Processing file /home/airflow/.local/lib/python3.12/site-packages/airflow/example_dags/example_sensors.py for tasks to queue
[2025-02-27T02:57:53.919+0000] {logging_mixin.py:190} INFO - [2025-02-27T02:57:53.918+0000] {dagbag.py:588} INFO - Filling up the DagBag from /home/airflow/.local/lib/python3.12/site-packages/airflow/example_dags/example_sensors.py
[2025-02-27T02:57:53.939+0000] {processor.py:925} INFO - DAG(s) 'example_sensors' retrieved from /home/airflow/.local/lib/python3.12/site-packages/airflow/example_dags/example_sensors.py
[2025-02-27T02:57:54.125+0000] {logging_mixin.py:190} INFO - [2025-02-27T02:57:54.125+0000] {dag.py:3239} INFO - Sync 1 DAGs
[2025-02-27T02:57:54.185+0000] {logging_mixin.py:190} INFO - [2025-02-27T02:57:54.185+0000] {dag.py:4180} INFO - Setting next_dagrun for example_sensors to None, run_after=None
[2025-02-27T02:57:54.252+0000] {processor.py:208} INFO - Processing /home/airflow/.local/lib/python3.12/site-packages/airflow/example_dags/example_sensors.py took 0.349 seconds
[2025-02-27T02:58:27.156+0000] {processor.py:186} INFO - Started process (PID=608) to work on /home/airflow/.local/lib/python3.12/site-packages/airflow/example_dags/example_sensors.py
[2025-02-27T02:58:27.158+0000] {processor.py:914} INFO - Processing file /home/airflow/.local/lib/python3.12/site-packages/airflow/example_dags/example_sensors.py for tasks to queue
[2025-02-27T02:58:27.163+0000] {logging_mixin.py:190} INFO - [2025-02-27T02:58:27.162+0000] {dagbag.py:588} INFO - Filling up the DagBag from /home/airflow/.local/lib/python3.12/site-packages/airflow/example_dags/example_sensors.py
[2025-02-27T02:58:27.181+0000] {processor.py:925} INFO - DAG(s) 'example_sensors' retrieved from /home/airflow/.local/lib/python3.12/site-packages/airflow/example_dags/example_sensors.py
[2025-02-27T02:58:27.421+0000] {logging_mixin.py:190} INFO - [2025-02-27T02:58:27.420+0000] {dag.py:3239} INFO - Sync 1 DAGs
[2025-02-27T02:58:27.481+0000] {logging_mixin.py:190} INFO - [2025-02-27T02:58:27.480+0000] {dag.py:4180} INFO - Setting next_dagrun for example_sensors to None, run_after=None
[2025-02-27T02:58:27.578+0000] {processor.py:208} INFO - Processing /home/airflow/.local/lib/python3.12/site-packages/airflow/example_dags/example_sensors.py took 0.433 seconds
[2025-02-27T02:58:58.310+0000] {processor.py:186} INFO - Started process (PID=670) to work on /home/airflow/.local/lib/python3.12/site-packages/airflow/example_dags/example_sensors.py
[2025-02-27T02:58:58.311+0000] {processor.py:914} INFO - Processing file /home/airflow/.local/lib/python3.12/site-packages/airflow/example_dags/example_sensors.py for tasks to queue
[2025-02-27T02:58:58.316+0000] {logging_mixin.py:190} INFO - [2025-02-27T02:58:58.316+0000] {dagbag.py:588} INFO - Filling up the DagBag from /home/airflow/.local/lib/python3.12/site-packages/airflow/example_dags/example_sensors.py
[2025-02-27T02:58:58.336+0000] {processor.py:925} INFO - DAG(s) 'example_sensors' retrieved from /home/airflow/.local/lib/python3.12/site-packages/airflow/example_dags/example_sensors.py
[2025-02-27T02:58:58.471+0000] {logging_mixin.py:190} INFO - [2025-02-27T02:58:58.471+0000] {dag.py:3239} INFO - Sync 1 DAGs
[2025-02-27T02:58:58.509+0000] {logging_mixin.py:190} INFO - [2025-02-27T02:58:58.509+0000] {dag.py:4180} INFO - Setting next_dagrun for example_sensors to None, run_after=None
[2025-02-27T02:58:58.555+0000] {processor.py:208} INFO - Processing /home/airflow/.local/lib/python3.12/site-packages/airflow/example_dags/example_sensors.py took 0.258 seconds
[2025-02-27T02:59:32.767+0000] {processor.py:186} INFO - Started process (PID=733) to work on /home/airflow/.local/lib/python3.12/site-packages/airflow/example_dags/example_sensors.py
[2025-02-27T02:59:32.771+0000] {processor.py:914} INFO - Processing file /home/airflow/.local/lib/python3.12/site-packages/airflow/example_dags/example_sensors.py for tasks to queue
[2025-02-27T02:59:32.776+0000] {logging_mixin.py:190} INFO - [2025-02-27T02:59:32.776+0000] {dagbag.py:588} INFO - Filling up the DagBag from /home/airflow/.local/lib/python3.12/site-packages/airflow/example_dags/example_sensors.py
[2025-02-27T02:59:32.818+0000] {processor.py:925} INFO - DAG(s) 'example_sensors' retrieved from /home/airflow/.local/lib/python3.12/site-packages/airflow/example_dags/example_sensors.py
[2025-02-27T02:59:33.119+0000] {logging_mixin.py:190} INFO - [2025-02-27T02:59:33.119+0000] {dag.py:3239} INFO - Sync 1 DAGs
[2025-02-27T02:59:33.180+0000] {logging_mixin.py:190} INFO - [2025-02-27T02:59:33.179+0000] {dag.py:4180} INFO - Setting next_dagrun for example_sensors to None, run_after=None
[2025-02-27T02:59:33.297+0000] {processor.py:208} INFO - Processing /home/airflow/.local/lib/python3.12/site-packages/airflow/example_dags/example_sensors.py took 0.546 seconds
[2025-02-27T03:00:03.863+0000] {processor.py:186} INFO - Started process (PID=796) to work on /home/airflow/.local/lib/python3.12/site-packages/airflow/example_dags/example_sensors.py
[2025-02-27T03:00:03.866+0000] {processor.py:914} INFO - Processing file /home/airflow/.local/lib/python3.12/site-packages/airflow/example_dags/example_sensors.py for tasks to queue
[2025-02-27T03:00:03.872+0000] {logging_mixin.py:190} INFO - [2025-02-27T03:00:03.871+0000] {dagbag.py:588} INFO - Filling up the DagBag from /home/airflow/.local/lib/python3.12/site-packages/airflow/example_dags/example_sensors.py
[2025-02-27T03:00:03.906+0000] {processor.py:925} INFO - DAG(s) 'example_sensors' retrieved from /home/airflow/.local/lib/python3.12/site-packages/airflow/example_dags/example_sensors.py
[2025-02-27T03:00:04.297+0000] {logging_mixin.py:190} INFO - [2025-02-27T03:00:04.296+0000] {dag.py:3239} INFO - Sync 1 DAGs
[2025-02-27T03:00:04.357+0000] {logging_mixin.py:190} INFO - [2025-02-27T03:00:04.357+0000] {dag.py:4180} INFO - Setting next_dagrun for example_sensors to None, run_after=None
[2025-02-27T03:00:04.429+0000] {processor.py:208} INFO - Processing /home/airflow/.local/lib/python3.12/site-packages/airflow/example_dags/example_sensors.py took 0.580 seconds
[2025-02-27T03:00:35.018+0000] {processor.py:186} INFO - Started process (PID=859) to work on /home/airflow/.local/lib/python3.12/site-packages/airflow/example_dags/example_sensors.py
[2025-02-27T03:00:35.020+0000] {processor.py:914} INFO - Processing file /home/airflow/.local/lib/python3.12/site-packages/airflow/example_dags/example_sensors.py for tasks to queue
[2025-02-27T03:00:35.025+0000] {logging_mixin.py:190} INFO - [2025-02-27T03:00:35.024+0000] {dagbag.py:588} INFO - Filling up the DagBag from /home/airflow/.local/lib/python3.12/site-packages/airflow/example_dags/example_sensors.py
[2025-02-27T03:00:35.057+0000] {processor.py:925} INFO - DAG(s) 'example_sensors' retrieved from /home/airflow/.local/lib/python3.12/site-packages/airflow/example_dags/example_sensors.py
[2025-02-27T03:00:35.234+0000] {logging_mixin.py:190} INFO - [2025-02-27T03:00:35.234+0000] {dag.py:3239} INFO - Sync 1 DAGs
[2025-02-27T03:00:35.282+0000] {logging_mixin.py:190} INFO - [2025-02-27T03:00:35.281+0000] {dag.py:4180} INFO - Setting next_dagrun for example_sensors to None, run_after=None
[2025-02-27T03:00:35.348+0000] {processor.py:208} INFO - Processing /home/airflow/.local/lib/python3.12/site-packages/airflow/example_dags/example_sensors.py took 0.343 seconds
[2025-02-27T03:01:06.729+0000] {processor.py:186} INFO - Started process (PID=922) to work on /home/airflow/.local/lib/python3.12/site-packages/airflow/example_dags/example_sensors.py
[2025-02-27T03:01:06.731+0000] {processor.py:914} INFO - Processing file /home/airflow/.local/lib/python3.12/site-packages/airflow/example_dags/example_sensors.py for tasks to queue
[2025-02-27T03:01:06.738+0000] {logging_mixin.py:190} INFO - [2025-02-27T03:01:06.738+0000] {dagbag.py:588} INFO - Filling up the DagBag from /home/airflow/.local/lib/python3.12/site-packages/airflow/example_dags/example_sensors.py
[2025-02-27T03:01:06.769+0000] {processor.py:925} INFO - DAG(s) 'example_sensors' retrieved from /home/airflow/.local/lib/python3.12/site-packages/airflow/example_dags/example_sensors.py
[2025-02-27T03:01:07.083+0000] {logging_mixin.py:190} INFO - [2025-02-27T03:01:07.082+0000] {dag.py:3239} INFO - Sync 1 DAGs
[2025-02-27T03:01:07.136+0000] {logging_mixin.py:190} INFO - [2025-02-27T03:01:07.135+0000] {dag.py:4180} INFO - Setting next_dagrun for example_sensors to None, run_after=None
[2025-02-27T03:01:07.206+0000] {processor.py:208} INFO - Processing /home/airflow/.local/lib/python3.12/site-packages/airflow/example_dags/example_sensors.py took 0.492 seconds
[2025-02-27T03:01:37.287+0000] {processor.py:186} INFO - Started process (PID=984) to work on /home/airflow/.local/lib/python3.12/site-packages/airflow/example_dags/example_sensors.py
[2025-02-27T03:01:37.288+0000] {processor.py:914} INFO - Processing file /home/airflow/.local/lib/python3.12/site-packages/airflow/example_dags/example_sensors.py for tasks to queue
[2025-02-27T03:01:37.293+0000] {logging_mixin.py:190} INFO - [2025-02-27T03:01:37.292+0000] {dagbag.py:588} INFO - Filling up the DagBag from /home/airflow/.local/lib/python3.12/site-packages/airflow/example_dags/example_sensors.py
[2025-02-27T03:01:37.313+0000] {processor.py:925} INFO - DAG(s) 'example_sensors' retrieved from /home/airflow/.local/lib/python3.12/site-packages/airflow/example_dags/example_sensors.py
[2025-02-27T03:01:37.580+0000] {logging_mixin.py:190} INFO - [2025-02-27T03:01:37.579+0000] {dag.py:3239} INFO - Sync 1 DAGs
[2025-02-27T03:01:37.628+0000] {logging_mixin.py:190} INFO - [2025-02-27T03:01:37.628+0000] {dag.py:4180} INFO - Setting next_dagrun for example_sensors to None, run_after=None
[2025-02-27T03:01:37.679+0000] {processor.py:208} INFO - Processing /home/airflow/.local/lib/python3.12/site-packages/airflow/example_dags/example_sensors.py took 0.400 seconds
[2025-02-27T03:02:09.873+0000] {processor.py:186} INFO - Started process (PID=1047) to work on /home/airflow/.local/lib/python3.12/site-packages/airflow/example_dags/example_sensors.py
[2025-02-27T03:02:09.875+0000] {processor.py:914} INFO - Processing file /home/airflow/.local/lib/python3.12/site-packages/airflow/example_dags/example_sensors.py for tasks to queue
[2025-02-27T03:02:09.879+0000] {logging_mixin.py:190} INFO - [2025-02-27T03:02:09.878+0000] {dagbag.py:588} INFO - Filling up the DagBag from /home/airflow/.local/lib/python3.12/site-packages/airflow/example_dags/example_sensors.py
[2025-02-27T03:02:09.903+0000] {processor.py:925} INFO - DAG(s) 'example_sensors' retrieved from /home/airflow/.local/lib/python3.12/site-packages/airflow/example_dags/example_sensors.py
[2025-02-27T03:02:10.088+0000] {logging_mixin.py:190} INFO - [2025-02-27T03:02:10.087+0000] {dag.py:3239} INFO - Sync 1 DAGs
[2025-02-27T03:02:10.132+0000] {logging_mixin.py:190} INFO - [2025-02-27T03:02:10.131+0000] {dag.py:4180} INFO - Setting next_dagrun for example_sensors to None, run_after=None
[2025-02-27T03:02:10.200+0000] {processor.py:208} INFO - Processing /home/airflow/.local/lib/python3.12/site-packages/airflow/example_dags/example_sensors.py took 0.337 seconds
[2025-02-27T03:02:42.959+0000] {processor.py:186} INFO - Started process (PID=1110) to work on /home/airflow/.local/lib/python3.12/site-packages/airflow/example_dags/example_sensors.py
[2025-02-27T03:02:42.961+0000] {processor.py:914} INFO - Processing file /home/airflow/.local/lib/python3.12/site-packages/airflow/example_dags/example_sensors.py for tasks to queue
[2025-02-27T03:02:42.966+0000] {logging_mixin.py:190} INFO - [2025-02-27T03:02:42.965+0000] {dagbag.py:588} INFO - Filling up the DagBag from /home/airflow/.local/lib/python3.12/site-packages/airflow/example_dags/example_sensors.py
[2025-02-27T03:02:43.042+0000] {processor.py:925} INFO - DAG(s) 'example_sensors' retrieved from /home/airflow/.local/lib/python3.12/site-packages/airflow/example_dags/example_sensors.py
[2025-02-27T03:02:43.342+0000] {logging_mixin.py:190} INFO - [2025-02-27T03:02:43.342+0000] {dag.py:3239} INFO - Sync 1 DAGs
[2025-02-27T03:02:43.392+0000] {logging_mixin.py:190} INFO - [2025-02-27T03:02:43.392+0000] {dag.py:4180} INFO - Setting next_dagrun for example_sensors to None, run_after=None
[2025-02-27T03:02:43.467+0000] {processor.py:208} INFO - Processing /home/airflow/.local/lib/python3.12/site-packages/airflow/example_dags/example_sensors.py took 0.525 seconds
[2025-02-27T03:03:15.315+0000] {processor.py:186} INFO - Started process (PID=1173) to work on /home/airflow/.local/lib/python3.12/site-packages/airflow/example_dags/example_sensors.py
[2025-02-27T03:03:15.319+0000] {processor.py:914} INFO - Processing file /home/airflow/.local/lib/python3.12/site-packages/airflow/example_dags/example_sensors.py for tasks to queue
[2025-02-27T03:03:15.327+0000] {logging_mixin.py:190} INFO - [2025-02-27T03:03:15.326+0000] {dagbag.py:588} INFO - Filling up the DagBag from /home/airflow/.local/lib/python3.12/site-packages/airflow/example_dags/example_sensors.py
[2025-02-27T03:03:15.356+0000] {processor.py:925} INFO - DAG(s) 'example_sensors' retrieved from /home/airflow/.local/lib/python3.12/site-packages/airflow/example_dags/example_sensors.py
[2025-02-27T03:03:15.564+0000] {logging_mixin.py:190} INFO - [2025-02-27T03:03:15.563+0000] {dag.py:3239} INFO - Sync 1 DAGs
[2025-02-27T03:03:15.622+0000] {logging_mixin.py:190} INFO - [2025-02-27T03:03:15.622+0000] {dag.py:4180} INFO - Setting next_dagrun for example_sensors to None, run_after=None
[2025-02-27T03:03:15.704+0000] {processor.py:208} INFO - Processing /home/airflow/.local/lib/python3.12/site-packages/airflow/example_dags/example_sensors.py took 0.401 seconds
[2025-02-27T03:03:48.120+0000] {processor.py:186} INFO - Started process (PID=1243) to work on /home/airflow/.local/lib/python3.12/site-packages/airflow/example_dags/example_sensors.py
[2025-02-27T03:03:48.122+0000] {processor.py:914} INFO - Processing file /home/airflow/.local/lib/python3.12/site-packages/airflow/example_dags/example_sensors.py for tasks to queue
[2025-02-27T03:03:48.126+0000] {logging_mixin.py:190} INFO - [2025-02-27T03:03:48.125+0000] {dagbag.py:588} INFO - Filling up the DagBag from /home/airflow/.local/lib/python3.12/site-packages/airflow/example_dags/example_sensors.py
[2025-02-27T03:03:48.147+0000] {processor.py:925} INFO - DAG(s) 'example_sensors' retrieved from /home/airflow/.local/lib/python3.12/site-packages/airflow/example_dags/example_sensors.py
[2025-02-27T03:03:48.331+0000] {logging_mixin.py:190} INFO - [2025-02-27T03:03:48.331+0000] {dag.py:3239} INFO - Sync 1 DAGs
[2025-02-27T03:03:48.376+0000] {logging_mixin.py:190} INFO - [2025-02-27T03:03:48.376+0000] {dag.py:4180} INFO - Setting next_dagrun for example_sensors to None, run_after=None
[2025-02-27T03:03:48.436+0000] {processor.py:208} INFO - Processing /home/airflow/.local/lib/python3.12/site-packages/airflow/example_dags/example_sensors.py took 0.326 seconds
[2025-02-27T03:04:18.812+0000] {processor.py:186} INFO - Started process (PID=1306) to work on /home/airflow/.local/lib/python3.12/site-packages/airflow/example_dags/example_sensors.py
[2025-02-27T03:04:18.813+0000] {processor.py:914} INFO - Processing file /home/airflow/.local/lib/python3.12/site-packages/airflow/example_dags/example_sensors.py for tasks to queue
[2025-02-27T03:04:18.817+0000] {logging_mixin.py:190} INFO - [2025-02-27T03:04:18.817+0000] {dagbag.py:588} INFO - Filling up the DagBag from /home/airflow/.local/lib/python3.12/site-packages/airflow/example_dags/example_sensors.py
[2025-02-27T03:04:18.838+0000] {processor.py:925} INFO - DAG(s) 'example_sensors' retrieved from /home/airflow/.local/lib/python3.12/site-packages/airflow/example_dags/example_sensors.py
[2025-02-27T03:04:19.037+0000] {logging_mixin.py:190} INFO - [2025-02-27T03:04:19.036+0000] {dag.py:3239} INFO - Sync 1 DAGs
[2025-02-27T03:04:19.104+0000] {logging_mixin.py:190} INFO - [2025-02-27T03:04:19.103+0000] {dag.py:4180} INFO - Setting next_dagrun for example_sensors to None, run_after=None
[2025-02-27T03:04:19.183+0000] {processor.py:208} INFO - Processing /home/airflow/.local/lib/python3.12/site-packages/airflow/example_dags/example_sensors.py took 0.381 seconds
[2025-02-27T03:04:51.203+0000] {processor.py:186} INFO - Started process (PID=1370) to work on /home/airflow/.local/lib/python3.12/site-packages/airflow/example_dags/example_sensors.py
[2025-02-27T03:04:51.205+0000] {processor.py:914} INFO - Processing file /home/airflow/.local/lib/python3.12/site-packages/airflow/example_dags/example_sensors.py for tasks to queue
[2025-02-27T03:04:51.210+0000] {logging_mixin.py:190} INFO - [2025-02-27T03:04:51.209+0000] {dagbag.py:588} INFO - Filling up the DagBag from /home/airflow/.local/lib/python3.12/site-packages/airflow/example_dags/example_sensors.py
[2025-02-27T03:04:51.241+0000] {processor.py:925} INFO - DAG(s) 'example_sensors' retrieved from /home/airflow/.local/lib/python3.12/site-packages/airflow/example_dags/example_sensors.py
[2025-02-27T03:04:51.503+0000] {logging_mixin.py:190} INFO - [2025-02-27T03:04:51.502+0000] {dag.py:3239} INFO - Sync 1 DAGs
[2025-02-27T03:04:51.566+0000] {logging_mixin.py:190} INFO - [2025-02-27T03:04:51.566+0000] {dag.py:4180} INFO - Setting next_dagrun for example_sensors to None, run_after=None
[2025-02-27T03:04:51.657+0000] {processor.py:208} INFO - Processing /home/airflow/.local/lib/python3.12/site-packages/airflow/example_dags/example_sensors.py took 0.467 seconds
[2025-02-27T03:05:23.076+0000] {processor.py:186} INFO - Started process (PID=1433) to work on /home/airflow/.local/lib/python3.12/site-packages/airflow/example_dags/example_sensors.py
[2025-02-27T03:05:23.078+0000] {processor.py:914} INFO - Processing file /home/airflow/.local/lib/python3.12/site-packages/airflow/example_dags/example_sensors.py for tasks to queue
[2025-02-27T03:05:23.085+0000] {logging_mixin.py:190} INFO - [2025-02-27T03:05:23.085+0000] {dagbag.py:588} INFO - Filling up the DagBag from /home/airflow/.local/lib/python3.12/site-packages/airflow/example_dags/example_sensors.py
[2025-02-27T03:05:23.112+0000] {processor.py:925} INFO - DAG(s) 'example_sensors' retrieved from /home/airflow/.local/lib/python3.12/site-packages/airflow/example_dags/example_sensors.py
[2025-02-27T03:05:23.291+0000] {logging_mixin.py:190} INFO - [2025-02-27T03:05:23.290+0000] {dag.py:3239} INFO - Sync 1 DAGs
[2025-02-27T03:05:23.326+0000] {logging_mixin.py:190} INFO - [2025-02-27T03:05:23.325+0000] {dag.py:4180} INFO - Setting next_dagrun for example_sensors to None, run_after=None
[2025-02-27T03:05:23.392+0000] {processor.py:208} INFO - Processing /home/airflow/.local/lib/python3.12/site-packages/airflow/example_dags/example_sensors.py took 0.328 seconds
[2025-02-27T03:05:55.352+0000] {processor.py:186} INFO - Started process (PID=1497) to work on /home/airflow/.local/lib/python3.12/site-packages/airflow/example_dags/example_sensors.py
[2025-02-27T03:05:55.354+0000] {processor.py:914} INFO - Processing file /home/airflow/.local/lib/python3.12/site-packages/airflow/example_dags/example_sensors.py for tasks to queue
[2025-02-27T03:05:55.358+0000] {logging_mixin.py:190} INFO - [2025-02-27T03:05:55.357+0000] {dagbag.py:588} INFO - Filling up the DagBag from /home/airflow/.local/lib/python3.12/site-packages/airflow/example_dags/example_sensors.py
[2025-02-27T03:05:55.375+0000] {processor.py:925} INFO - DAG(s) 'example_sensors' retrieved from /home/airflow/.local/lib/python3.12/site-packages/airflow/example_dags/example_sensors.py
[2025-02-27T03:05:55.518+0000] {logging_mixin.py:190} INFO - [2025-02-27T03:05:55.518+0000] {dag.py:3239} INFO - Sync 1 DAGs
[2025-02-27T03:05:55.556+0000] {logging_mixin.py:190} INFO - [2025-02-27T03:05:55.555+0000] {dag.py:4180} INFO - Setting next_dagrun for example_sensors to None, run_after=None
[2025-02-27T03:05:55.620+0000] {processor.py:208} INFO - Processing /home/airflow/.local/lib/python3.12/site-packages/airflow/example_dags/example_sensors.py took 0.275 seconds
[2025-02-27T03:06:26.366+0000] {processor.py:186} INFO - Started process (PID=1560) to work on /home/airflow/.local/lib/python3.12/site-packages/airflow/example_dags/example_sensors.py
[2025-02-27T03:06:26.368+0000] {processor.py:914} INFO - Processing file /home/airflow/.local/lib/python3.12/site-packages/airflow/example_dags/example_sensors.py for tasks to queue
[2025-02-27T03:06:26.373+0000] {logging_mixin.py:190} INFO - [2025-02-27T03:06:26.372+0000] {dagbag.py:588} INFO - Filling up the DagBag from /home/airflow/.local/lib/python3.12/site-packages/airflow/example_dags/example_sensors.py
[2025-02-27T03:06:26.403+0000] {processor.py:925} INFO - DAG(s) 'example_sensors' retrieved from /home/airflow/.local/lib/python3.12/site-packages/airflow/example_dags/example_sensors.py
[2025-02-27T03:06:26.622+0000] {logging_mixin.py:190} INFO - [2025-02-27T03:06:26.622+0000] {dag.py:3239} INFO - Sync 1 DAGs
[2025-02-27T03:06:26.675+0000] {logging_mixin.py:190} INFO - [2025-02-27T03:06:26.675+0000] {dag.py:4180} INFO - Setting next_dagrun for example_sensors to None, run_after=None
[2025-02-27T03:06:26.759+0000] {processor.py:208} INFO - Processing /home/airflow/.local/lib/python3.12/site-packages/airflow/example_dags/example_sensors.py took 0.406 seconds
[2025-02-27T03:06:58.169+0000] {processor.py:186} INFO - Started process (PID=1623) to work on /home/airflow/.local/lib/python3.12/site-packages/airflow/example_dags/example_sensors.py
[2025-02-27T03:06:58.172+0000] {processor.py:914} INFO - Processing file /home/airflow/.local/lib/python3.12/site-packages/airflow/example_dags/example_sensors.py for tasks to queue
[2025-02-27T03:06:58.176+0000] {logging_mixin.py:190} INFO - [2025-02-27T03:06:58.175+0000] {dagbag.py:588} INFO - Filling up the DagBag from /home/airflow/.local/lib/python3.12/site-packages/airflow/example_dags/example_sensors.py
[2025-02-27T03:06:58.211+0000] {processor.py:925} INFO - DAG(s) 'example_sensors' retrieved from /home/airflow/.local/lib/python3.12/site-packages/airflow/example_dags/example_sensors.py
[2025-02-27T03:06:58.418+0000] {logging_mixin.py:190} INFO - [2025-02-27T03:06:58.418+0000] {dag.py:3239} INFO - Sync 1 DAGs
[2025-02-27T03:06:58.489+0000] {logging_mixin.py:190} INFO - [2025-02-27T03:06:58.489+0000] {dag.py:4180} INFO - Setting next_dagrun for example_sensors to None, run_after=None
[2025-02-27T03:06:58.558+0000] {processor.py:208} INFO - Processing /home/airflow/.local/lib/python3.12/site-packages/airflow/example_dags/example_sensors.py took 0.398 seconds
[2025-02-27T03:07:29.783+0000] {processor.py:186} INFO - Started process (PID=1687) to work on /home/airflow/.local/lib/python3.12/site-packages/airflow/example_dags/example_sensors.py
[2025-02-27T03:07:29.785+0000] {processor.py:914} INFO - Processing file /home/airflow/.local/lib/python3.12/site-packages/airflow/example_dags/example_sensors.py for tasks to queue
[2025-02-27T03:07:29.789+0000] {logging_mixin.py:190} INFO - [2025-02-27T03:07:29.789+0000] {dagbag.py:588} INFO - Filling up the DagBag from /home/airflow/.local/lib/python3.12/site-packages/airflow/example_dags/example_sensors.py
[2025-02-27T03:07:29.823+0000] {processor.py:925} INFO - DAG(s) 'example_sensors' retrieved from /home/airflow/.local/lib/python3.12/site-packages/airflow/example_dags/example_sensors.py
[2025-02-27T03:07:30.026+0000] {logging_mixin.py:190} INFO - [2025-02-27T03:07:30.026+0000] {dag.py:3239} INFO - Sync 1 DAGs
[2025-02-27T03:07:30.072+0000] {logging_mixin.py:190} INFO - [2025-02-27T03:07:30.071+0000] {dag.py:4180} INFO - Setting next_dagrun for example_sensors to None, run_after=None
[2025-02-27T03:07:30.129+0000] {processor.py:208} INFO - Processing /home/airflow/.local/lib/python3.12/site-packages/airflow/example_dags/example_sensors.py took 0.358 seconds
[2025-02-27T03:08:01.044+0000] {processor.py:186} INFO - Started process (PID=1750) to work on /home/airflow/.local/lib/python3.12/site-packages/airflow/example_dags/example_sensors.py
[2025-02-27T03:08:01.046+0000] {processor.py:914} INFO - Processing file /home/airflow/.local/lib/python3.12/site-packages/airflow/example_dags/example_sensors.py for tasks to queue
[2025-02-27T03:08:01.051+0000] {logging_mixin.py:190} INFO - [2025-02-27T03:08:01.050+0000] {dagbag.py:588} INFO - Filling up the DagBag from /home/airflow/.local/lib/python3.12/site-packages/airflow/example_dags/example_sensors.py
[2025-02-27T03:08:01.080+0000] {processor.py:925} INFO - DAG(s) 'example_sensors' retrieved from /home/airflow/.local/lib/python3.12/site-packages/airflow/example_dags/example_sensors.py
[2025-02-27T03:08:01.323+0000] {logging_mixin.py:190} INFO - [2025-02-27T03:08:01.323+0000] {dag.py:3239} INFO - Sync 1 DAGs
[2025-02-27T03:08:01.374+0000] {logging_mixin.py:190} INFO - [2025-02-27T03:08:01.373+0000] {dag.py:4180} INFO - Setting next_dagrun for example_sensors to None, run_after=None
[2025-02-27T03:08:01.458+0000] {processor.py:208} INFO - Processing /home/airflow/.local/lib/python3.12/site-packages/airflow/example_dags/example_sensors.py took 0.429 seconds
[2025-02-27T03:08:32.714+0000] {processor.py:186} INFO - Started process (PID=1813) to work on /home/airflow/.local/lib/python3.12/site-packages/airflow/example_dags/example_sensors.py
[2025-02-27T03:08:32.716+0000] {processor.py:914} INFO - Processing file /home/airflow/.local/lib/python3.12/site-packages/airflow/example_dags/example_sensors.py for tasks to queue
[2025-02-27T03:08:32.722+0000] {logging_mixin.py:190} INFO - [2025-02-27T03:08:32.721+0000] {dagbag.py:588} INFO - Filling up the DagBag from /home/airflow/.local/lib/python3.12/site-packages/airflow/example_dags/example_sensors.py
[2025-02-27T03:08:32.749+0000] {processor.py:925} INFO - DAG(s) 'example_sensors' retrieved from /home/airflow/.local/lib/python3.12/site-packages/airflow/example_dags/example_sensors.py
[2025-02-27T03:08:32.931+0000] {logging_mixin.py:190} INFO - [2025-02-27T03:08:32.930+0000] {dag.py:3239} INFO - Sync 1 DAGs
[2025-02-27T03:08:32.980+0000] {logging_mixin.py:190} INFO - [2025-02-27T03:08:32.979+0000] {dag.py:4180} INFO - Setting next_dagrun for example_sensors to None, run_after=None
[2025-02-27T03:08:33.049+0000] {processor.py:208} INFO - Processing /home/airflow/.local/lib/python3.12/site-packages/airflow/example_dags/example_sensors.py took 0.344 seconds
[2025-02-27T03:09:03.492+0000] {processor.py:186} INFO - Started process (PID=1876) to work on /home/airflow/.local/lib/python3.12/site-packages/airflow/example_dags/example_sensors.py
[2025-02-27T03:09:03.493+0000] {processor.py:914} INFO - Processing file /home/airflow/.local/lib/python3.12/site-packages/airflow/example_dags/example_sensors.py for tasks to queue
[2025-02-27T03:09:03.498+0000] {logging_mixin.py:190} INFO - [2025-02-27T03:09:03.496+0000] {dagbag.py:588} INFO - Filling up the DagBag from /home/airflow/.local/lib/python3.12/site-packages/airflow/example_dags/example_sensors.py
[2025-02-27T03:09:03.515+0000] {processor.py:925} INFO - DAG(s) 'example_sensors' retrieved from /home/airflow/.local/lib/python3.12/site-packages/airflow/example_dags/example_sensors.py
[2025-02-27T03:09:03.671+0000] {logging_mixin.py:190} INFO - [2025-02-27T03:09:03.670+0000] {dag.py:3239} INFO - Sync 1 DAGs
[2025-02-27T03:09:03.713+0000] {logging_mixin.py:190} INFO - [2025-02-27T03:09:03.712+0000] {dag.py:4180} INFO - Setting next_dagrun for example_sensors to None, run_after=None
[2025-02-27T03:09:03.787+0000] {processor.py:208} INFO - Processing /home/airflow/.local/lib/python3.12/site-packages/airflow/example_dags/example_sensors.py took 0.302 seconds
[2025-02-27T03:09:34.089+0000] {processor.py:186} INFO - Started process (PID=1938) to work on /home/airflow/.local/lib/python3.12/site-packages/airflow/example_dags/example_sensors.py
[2025-02-27T03:09:34.090+0000] {processor.py:914} INFO - Processing file /home/airflow/.local/lib/python3.12/site-packages/airflow/example_dags/example_sensors.py for tasks to queue
[2025-02-27T03:09:34.094+0000] {logging_mixin.py:190} INFO - [2025-02-27T03:09:34.094+0000] {dagbag.py:588} INFO - Filling up the DagBag from /home/airflow/.local/lib/python3.12/site-packages/airflow/example_dags/example_sensors.py
[2025-02-27T03:09:34.113+0000] {processor.py:925} INFO - DAG(s) 'example_sensors' retrieved from /home/airflow/.local/lib/python3.12/site-packages/airflow/example_dags/example_sensors.py
[2025-02-27T03:09:34.305+0000] {logging_mixin.py:190} INFO - [2025-02-27T03:09:34.304+0000] {dag.py:3239} INFO - Sync 1 DAGs
[2025-02-27T03:09:34.370+0000] {logging_mixin.py:190} INFO - [2025-02-27T03:09:34.369+0000] {dag.py:4180} INFO - Setting next_dagrun for example_sensors to None, run_after=None
[2025-02-27T03:09:34.441+0000] {processor.py:208} INFO - Processing /home/airflow/.local/lib/python3.12/site-packages/airflow/example_dags/example_sensors.py took 0.361 seconds
[2025-02-27T03:10:05.056+0000] {processor.py:186} INFO - Started process (PID=2001) to work on /home/airflow/.local/lib/python3.12/site-packages/airflow/example_dags/example_sensors.py
[2025-02-27T03:10:05.058+0000] {processor.py:914} INFO - Processing file /home/airflow/.local/lib/python3.12/site-packages/airflow/example_dags/example_sensors.py for tasks to queue
[2025-02-27T03:10:05.063+0000] {logging_mixin.py:190} INFO - [2025-02-27T03:10:05.062+0000] {dagbag.py:588} INFO - Filling up the DagBag from /home/airflow/.local/lib/python3.12/site-packages/airflow/example_dags/example_sensors.py
[2025-02-27T03:10:05.080+0000] {processor.py:925} INFO - DAG(s) 'example_sensors' retrieved from /home/airflow/.local/lib/python3.12/site-packages/airflow/example_dags/example_sensors.py
[2025-02-27T03:10:05.250+0000] {logging_mixin.py:190} INFO - [2025-02-27T03:10:05.249+0000] {dag.py:3239} INFO - Sync 1 DAGs
[2025-02-27T03:10:05.298+0000] {logging_mixin.py:190} INFO - [2025-02-27T03:10:05.297+0000] {dag.py:4180} INFO - Setting next_dagrun for example_sensors to None, run_after=None
[2025-02-27T03:10:05.349+0000] {processor.py:208} INFO - Processing /home/airflow/.local/lib/python3.12/site-packages/airflow/example_dags/example_sensors.py took 0.304 seconds
[2025-02-27T03:10:35.673+0000] {processor.py:186} INFO - Started process (PID=2063) to work on /home/airflow/.local/lib/python3.12/site-packages/airflow/example_dags/example_sensors.py
[2025-02-27T03:10:35.675+0000] {processor.py:914} INFO - Processing file /home/airflow/.local/lib/python3.12/site-packages/airflow/example_dags/example_sensors.py for tasks to queue
[2025-02-27T03:10:35.678+0000] {logging_mixin.py:190} INFO - [2025-02-27T03:10:35.678+0000] {dagbag.py:588} INFO - Filling up the DagBag from /home/airflow/.local/lib/python3.12/site-packages/airflow/example_dags/example_sensors.py
[2025-02-27T03:10:35.697+0000] {processor.py:925} INFO - DAG(s) 'example_sensors' retrieved from /home/airflow/.local/lib/python3.12/site-packages/airflow/example_dags/example_sensors.py
[2025-02-27T03:10:35.856+0000] {logging_mixin.py:190} INFO - [2025-02-27T03:10:35.855+0000] {dag.py:3239} INFO - Sync 1 DAGs
[2025-02-27T03:10:35.893+0000] {logging_mixin.py:190} INFO - [2025-02-27T03:10:35.893+0000] {dag.py:4180} INFO - Setting next_dagrun for example_sensors to None, run_after=None
[2025-02-27T03:10:35.956+0000] {processor.py:208} INFO - Processing /home/airflow/.local/lib/python3.12/site-packages/airflow/example_dags/example_sensors.py took 0.292 seconds
[2025-02-27T03:11:06.499+0000] {processor.py:186} INFO - Started process (PID=2126) to work on /home/airflow/.local/lib/python3.12/site-packages/airflow/example_dags/example_sensors.py
[2025-02-27T03:11:06.502+0000] {processor.py:914} INFO - Processing file /home/airflow/.local/lib/python3.12/site-packages/airflow/example_dags/example_sensors.py for tasks to queue
[2025-02-27T03:11:06.507+0000] {logging_mixin.py:190} INFO - [2025-02-27T03:11:06.506+0000] {dagbag.py:588} INFO - Filling up the DagBag from /home/airflow/.local/lib/python3.12/site-packages/airflow/example_dags/example_sensors.py
[2025-02-27T03:11:06.553+0000] {processor.py:925} INFO - DAG(s) 'example_sensors' retrieved from /home/airflow/.local/lib/python3.12/site-packages/airflow/example_dags/example_sensors.py
[2025-02-27T03:11:06.810+0000] {logging_mixin.py:190} INFO - [2025-02-27T03:11:06.809+0000] {dag.py:3239} INFO - Sync 1 DAGs
[2025-02-27T03:11:06.867+0000] {logging_mixin.py:190} INFO - [2025-02-27T03:11:06.866+0000] {dag.py:4180} INFO - Setting next_dagrun for example_sensors to None, run_after=None
[2025-02-27T03:11:06.945+0000] {processor.py:208} INFO - Processing /home/airflow/.local/lib/python3.12/site-packages/airflow/example_dags/example_sensors.py took 0.461 seconds
[2025-02-27T03:11:37.120+0000] {processor.py:186} INFO - Started process (PID=2189) to work on /home/airflow/.local/lib/python3.12/site-packages/airflow/example_dags/example_sensors.py
[2025-02-27T03:11:37.121+0000] {processor.py:914} INFO - Processing file /home/airflow/.local/lib/python3.12/site-packages/airflow/example_dags/example_sensors.py for tasks to queue
[2025-02-27T03:11:37.126+0000] {logging_mixin.py:190} INFO - [2025-02-27T03:11:37.126+0000] {dagbag.py:588} INFO - Filling up the DagBag from /home/airflow/.local/lib/python3.12/site-packages/airflow/example_dags/example_sensors.py
[2025-02-27T03:11:37.152+0000] {processor.py:925} INFO - DAG(s) 'example_sensors' retrieved from /home/airflow/.local/lib/python3.12/site-packages/airflow/example_dags/example_sensors.py
[2025-02-27T03:11:37.319+0000] {logging_mixin.py:190} INFO - [2025-02-27T03:11:37.319+0000] {dag.py:3239} INFO - Sync 1 DAGs
[2025-02-27T03:11:37.364+0000] {logging_mixin.py:190} INFO - [2025-02-27T03:11:37.363+0000] {dag.py:4180} INFO - Setting next_dagrun for example_sensors to None, run_after=None
[2025-02-27T03:11:37.425+0000] {processor.py:208} INFO - Processing /home/airflow/.local/lib/python3.12/site-packages/airflow/example_dags/example_sensors.py took 0.314 seconds
[2025-02-27T03:12:08.807+0000] {processor.py:186} INFO - Started process (PID=2252) to work on /home/airflow/.local/lib/python3.12/site-packages/airflow/example_dags/example_sensors.py
[2025-02-27T03:12:08.809+0000] {processor.py:914} INFO - Processing file /home/airflow/.local/lib/python3.12/site-packages/airflow/example_dags/example_sensors.py for tasks to queue
[2025-02-27T03:12:08.816+0000] {logging_mixin.py:190} INFO - [2025-02-27T03:12:08.815+0000] {dagbag.py:588} INFO - Filling up the DagBag from /home/airflow/.local/lib/python3.12/site-packages/airflow/example_dags/example_sensors.py
[2025-02-27T03:12:08.847+0000] {processor.py:925} INFO - DAG(s) 'example_sensors' retrieved from /home/airflow/.local/lib/python3.12/site-packages/airflow/example_dags/example_sensors.py
[2025-02-27T03:12:09.076+0000] {logging_mixin.py:190} INFO - [2025-02-27T03:12:09.075+0000] {dag.py:3239} INFO - Sync 1 DAGs
[2025-02-27T03:12:09.144+0000] {logging_mixin.py:190} INFO - [2025-02-27T03:12:09.144+0000] {dag.py:4180} INFO - Setting next_dagrun for example_sensors to None, run_after=None
[2025-02-27T03:12:09.233+0000] {processor.py:208} INFO - Processing /home/airflow/.local/lib/python3.12/site-packages/airflow/example_dags/example_sensors.py took 0.439 seconds
[2025-02-27T03:12:39.956+0000] {processor.py:186} INFO - Started process (PID=2315) to work on /home/airflow/.local/lib/python3.12/site-packages/airflow/example_dags/example_sensors.py
[2025-02-27T03:12:39.958+0000] {processor.py:914} INFO - Processing file /home/airflow/.local/lib/python3.12/site-packages/airflow/example_dags/example_sensors.py for tasks to queue
[2025-02-27T03:12:39.963+0000] {logging_mixin.py:190} INFO - [2025-02-27T03:12:39.962+0000] {dagbag.py:588} INFO - Filling up the DagBag from /home/airflow/.local/lib/python3.12/site-packages/airflow/example_dags/example_sensors.py
[2025-02-27T03:12:39.988+0000] {processor.py:925} INFO - DAG(s) 'example_sensors' retrieved from /home/airflow/.local/lib/python3.12/site-packages/airflow/example_dags/example_sensors.py
[2025-02-27T03:12:40.168+0000] {logging_mixin.py:190} INFO - [2025-02-27T03:12:40.168+0000] {dag.py:3239} INFO - Sync 1 DAGs
[2025-02-27T03:12:40.214+0000] {logging_mixin.py:190} INFO - [2025-02-27T03:12:40.214+0000] {dag.py:4180} INFO - Setting next_dagrun for example_sensors to None, run_after=None
[2025-02-27T03:12:40.286+0000] {processor.py:208} INFO - Processing /home/airflow/.local/lib/python3.12/site-packages/airflow/example_dags/example_sensors.py took 0.337 seconds
[2025-02-27T03:13:10.456+0000] {processor.py:186} INFO - Started process (PID=2378) to work on /home/airflow/.local/lib/python3.12/site-packages/airflow/example_dags/example_sensors.py
[2025-02-27T03:13:10.458+0000] {processor.py:914} INFO - Processing file /home/airflow/.local/lib/python3.12/site-packages/airflow/example_dags/example_sensors.py for tasks to queue
[2025-02-27T03:13:10.461+0000] {logging_mixin.py:190} INFO - [2025-02-27T03:13:10.461+0000] {dagbag.py:588} INFO - Filling up the DagBag from /home/airflow/.local/lib/python3.12/site-packages/airflow/example_dags/example_sensors.py
[2025-02-27T03:13:10.476+0000] {processor.py:925} INFO - DAG(s) 'example_sensors' retrieved from /home/airflow/.local/lib/python3.12/site-packages/airflow/example_dags/example_sensors.py
[2025-02-27T03:13:10.618+0000] {logging_mixin.py:190} INFO - [2025-02-27T03:13:10.617+0000] {dag.py:3239} INFO - Sync 1 DAGs
[2025-02-27T03:13:10.651+0000] {logging_mixin.py:190} INFO - [2025-02-27T03:13:10.650+0000] {dag.py:4180} INFO - Setting next_dagrun for example_sensors to None, run_after=None
[2025-02-27T03:13:10.713+0000] {processor.py:208} INFO - Processing /home/airflow/.local/lib/python3.12/site-packages/airflow/example_dags/example_sensors.py took 0.264 seconds
[2025-02-27T03:13:41.319+0000] {processor.py:186} INFO - Started process (PID=2441) to work on /home/airflow/.local/lib/python3.12/site-packages/airflow/example_dags/example_sensors.py
[2025-02-27T03:13:41.321+0000] {processor.py:914} INFO - Processing file /home/airflow/.local/lib/python3.12/site-packages/airflow/example_dags/example_sensors.py for tasks to queue
[2025-02-27T03:13:41.325+0000] {logging_mixin.py:190} INFO - [2025-02-27T03:13:41.325+0000] {dagbag.py:588} INFO - Filling up the DagBag from /home/airflow/.local/lib/python3.12/site-packages/airflow/example_dags/example_sensors.py
[2025-02-27T03:13:41.353+0000] {processor.py:925} INFO - DAG(s) 'example_sensors' retrieved from /home/airflow/.local/lib/python3.12/site-packages/airflow/example_dags/example_sensors.py
[2025-02-27T03:13:41.564+0000] {logging_mixin.py:190} INFO - [2025-02-27T03:13:41.563+0000] {dag.py:3239} INFO - Sync 1 DAGs
[2025-02-27T03:13:41.620+0000] {logging_mixin.py:190} INFO - [2025-02-27T03:13:41.620+0000] {dag.py:4180} INFO - Setting next_dagrun for example_sensors to None, run_after=None
[2025-02-27T03:13:41.687+0000] {processor.py:208} INFO - Processing /home/airflow/.local/lib/python3.12/site-packages/airflow/example_dags/example_sensors.py took 0.381 seconds
[2025-02-27T03:14:13.247+0000] {processor.py:186} INFO - Started process (PID=2504) to work on /home/airflow/.local/lib/python3.12/site-packages/airflow/example_dags/example_sensors.py
[2025-02-27T03:14:13.249+0000] {processor.py:914} INFO - Processing file /home/airflow/.local/lib/python3.12/site-packages/airflow/example_dags/example_sensors.py for tasks to queue
[2025-02-27T03:14:13.253+0000] {logging_mixin.py:190} INFO - [2025-02-27T03:14:13.253+0000] {dagbag.py:588} INFO - Filling up the DagBag from /home/airflow/.local/lib/python3.12/site-packages/airflow/example_dags/example_sensors.py
[2025-02-27T03:14:13.283+0000] {processor.py:925} INFO - DAG(s) 'example_sensors' retrieved from /home/airflow/.local/lib/python3.12/site-packages/airflow/example_dags/example_sensors.py
[2025-02-27T03:14:13.439+0000] {logging_mixin.py:190} INFO - [2025-02-27T03:14:13.438+0000] {dag.py:3239} INFO - Sync 1 DAGs
[2025-02-27T03:14:13.471+0000] {logging_mixin.py:190} INFO - [2025-02-27T03:14:13.470+0000] {dag.py:4180} INFO - Setting next_dagrun for example_sensors to None, run_after=None
[2025-02-27T03:14:13.532+0000] {processor.py:208} INFO - Processing /home/airflow/.local/lib/python3.12/site-packages/airflow/example_dags/example_sensors.py took 0.293 seconds
[2025-02-27T03:14:45.180+0000] {processor.py:186} INFO - Started process (PID=2567) to work on /home/airflow/.local/lib/python3.12/site-packages/airflow/example_dags/example_sensors.py
[2025-02-27T03:14:45.198+0000] {processor.py:914} INFO - Processing file /home/airflow/.local/lib/python3.12/site-packages/airflow/example_dags/example_sensors.py for tasks to queue
[2025-02-27T03:14:45.211+0000] {logging_mixin.py:190} INFO - [2025-02-27T03:14:45.209+0000] {dagbag.py:588} INFO - Filling up the DagBag from /home/airflow/.local/lib/python3.12/site-packages/airflow/example_dags/example_sensors.py
[2025-02-27T03:14:45.259+0000] {processor.py:925} INFO - DAG(s) 'example_sensors' retrieved from /home/airflow/.local/lib/python3.12/site-packages/airflow/example_dags/example_sensors.py
[2025-02-27T03:14:45.511+0000] {logging_mixin.py:190} INFO - [2025-02-27T03:14:45.510+0000] {dag.py:3239} INFO - Sync 1 DAGs
[2025-02-27T03:14:45.557+0000] {logging_mixin.py:190} INFO - [2025-02-27T03:14:45.557+0000] {dag.py:4180} INFO - Setting next_dagrun for example_sensors to None, run_after=None
[2025-02-27T03:14:45.609+0000] {processor.py:208} INFO - Processing /home/airflow/.local/lib/python3.12/site-packages/airflow/example_dags/example_sensors.py took 0.443 seconds
[2025-02-27T03:15:15.756+0000] {processor.py:186} INFO - Started process (PID=2629) to work on /home/airflow/.local/lib/python3.12/site-packages/airflow/example_dags/example_sensors.py
[2025-02-27T03:15:15.758+0000] {processor.py:914} INFO - Processing file /home/airflow/.local/lib/python3.12/site-packages/airflow/example_dags/example_sensors.py for tasks to queue
[2025-02-27T03:15:15.762+0000] {logging_mixin.py:190} INFO - [2025-02-27T03:15:15.761+0000] {dagbag.py:588} INFO - Filling up the DagBag from /home/airflow/.local/lib/python3.12/site-packages/airflow/example_dags/example_sensors.py
[2025-02-27T03:15:15.779+0000] {processor.py:925} INFO - DAG(s) 'example_sensors' retrieved from /home/airflow/.local/lib/python3.12/site-packages/airflow/example_dags/example_sensors.py
[2025-02-27T03:15:15.912+0000] {logging_mixin.py:190} INFO - [2025-02-27T03:15:15.911+0000] {dag.py:3239} INFO - Sync 1 DAGs
[2025-02-27T03:15:15.949+0000] {logging_mixin.py:190} INFO - [2025-02-27T03:15:15.948+0000] {dag.py:4180} INFO - Setting next_dagrun for example_sensors to None, run_after=None
[2025-02-27T03:15:15.993+0000] {processor.py:208} INFO - Processing /home/airflow/.local/lib/python3.12/site-packages/airflow/example_dags/example_sensors.py took 0.243 seconds
[2025-02-27T03:15:46.321+0000] {processor.py:186} INFO - Started process (PID=2692) to work on /home/airflow/.local/lib/python3.12/site-packages/airflow/example_dags/example_sensors.py
[2025-02-27T03:15:46.322+0000] {processor.py:914} INFO - Processing file /home/airflow/.local/lib/python3.12/site-packages/airflow/example_dags/example_sensors.py for tasks to queue
[2025-02-27T03:15:46.327+0000] {logging_mixin.py:190} INFO - [2025-02-27T03:15:46.327+0000] {dagbag.py:588} INFO - Filling up the DagBag from /home/airflow/.local/lib/python3.12/site-packages/airflow/example_dags/example_sensors.py
[2025-02-27T03:15:46.354+0000] {processor.py:925} INFO - DAG(s) 'example_sensors' retrieved from /home/airflow/.local/lib/python3.12/site-packages/airflow/example_dags/example_sensors.py
[2025-02-27T03:15:46.563+0000] {logging_mixin.py:190} INFO - [2025-02-27T03:15:46.563+0000] {dag.py:3239} INFO - Sync 1 DAGs
[2025-02-27T03:15:46.620+0000] {logging_mixin.py:190} INFO - [2025-02-27T03:15:46.619+0000] {dag.py:4180} INFO - Setting next_dagrun for example_sensors to None, run_after=None
[2025-02-27T03:15:46.699+0000] {processor.py:208} INFO - Processing /home/airflow/.local/lib/python3.12/site-packages/airflow/example_dags/example_sensors.py took 0.390 seconds
[2025-02-27T03:16:16.955+0000] {processor.py:186} INFO - Started process (PID=2755) to work on /home/airflow/.local/lib/python3.12/site-packages/airflow/example_dags/example_sensors.py
[2025-02-27T03:16:16.957+0000] {processor.py:914} INFO - Processing file /home/airflow/.local/lib/python3.12/site-packages/airflow/example_dags/example_sensors.py for tasks to queue
[2025-02-27T03:16:16.961+0000] {logging_mixin.py:190} INFO - [2025-02-27T03:16:16.961+0000] {dagbag.py:588} INFO - Filling up the DagBag from /home/airflow/.local/lib/python3.12/site-packages/airflow/example_dags/example_sensors.py
[2025-02-27T03:16:16.985+0000] {processor.py:925} INFO - DAG(s) 'example_sensors' retrieved from /home/airflow/.local/lib/python3.12/site-packages/airflow/example_dags/example_sensors.py
[2025-02-27T03:16:17.164+0000] {logging_mixin.py:190} INFO - [2025-02-27T03:16:17.163+0000] {dag.py:3239} INFO - Sync 1 DAGs
[2025-02-27T03:16:17.215+0000] {logging_mixin.py:190} INFO - [2025-02-27T03:16:17.215+0000] {dag.py:4180} INFO - Setting next_dagrun for example_sensors to None, run_after=None
[2025-02-27T03:16:17.297+0000] {processor.py:208} INFO - Processing /home/airflow/.local/lib/python3.12/site-packages/airflow/example_dags/example_sensors.py took 0.352 seconds
[2025-02-27T03:16:47.607+0000] {processor.py:186} INFO - Started process (PID=2818) to work on /home/airflow/.local/lib/python3.12/site-packages/airflow/example_dags/example_sensors.py
[2025-02-27T03:16:47.608+0000] {processor.py:914} INFO - Processing file /home/airflow/.local/lib/python3.12/site-packages/airflow/example_dags/example_sensors.py for tasks to queue
[2025-02-27T03:16:47.612+0000] {logging_mixin.py:190} INFO - [2025-02-27T03:16:47.611+0000] {dagbag.py:588} INFO - Filling up the DagBag from /home/airflow/.local/lib/python3.12/site-packages/airflow/example_dags/example_sensors.py
[2025-02-27T03:16:47.640+0000] {processor.py:925} INFO - DAG(s) 'example_sensors' retrieved from /home/airflow/.local/lib/python3.12/site-packages/airflow/example_dags/example_sensors.py
[2025-02-27T03:16:47.841+0000] {logging_mixin.py:190} INFO - [2025-02-27T03:16:47.840+0000] {dag.py:3239} INFO - Sync 1 DAGs
[2025-02-27T03:16:47.883+0000] {logging_mixin.py:190} INFO - [2025-02-27T03:16:47.882+0000] {dag.py:4180} INFO - Setting next_dagrun for example_sensors to None, run_after=None
[2025-02-27T03:16:47.949+0000] {processor.py:208} INFO - Processing /home/airflow/.local/lib/python3.12/site-packages/airflow/example_dags/example_sensors.py took 0.360 seconds
[2025-02-27T03:17:18.060+0000] {processor.py:186} INFO - Started process (PID=2880) to work on /home/airflow/.local/lib/python3.12/site-packages/airflow/example_dags/example_sensors.py
[2025-02-27T03:17:18.061+0000] {processor.py:914} INFO - Processing file /home/airflow/.local/lib/python3.12/site-packages/airflow/example_dags/example_sensors.py for tasks to queue
[2025-02-27T03:17:18.065+0000] {logging_mixin.py:190} INFO - [2025-02-27T03:17:18.064+0000] {dagbag.py:588} INFO - Filling up the DagBag from /home/airflow/.local/lib/python3.12/site-packages/airflow/example_dags/example_sensors.py
[2025-02-27T03:17:18.080+0000] {processor.py:925} INFO - DAG(s) 'example_sensors' retrieved from /home/airflow/.local/lib/python3.12/site-packages/airflow/example_dags/example_sensors.py
[2025-02-27T03:17:18.221+0000] {logging_mixin.py:190} INFO - [2025-02-27T03:17:18.221+0000] {dag.py:3239} INFO - Sync 1 DAGs
[2025-02-27T03:17:18.254+0000] {logging_mixin.py:190} INFO - [2025-02-27T03:17:18.254+0000] {dag.py:4180} INFO - Setting next_dagrun for example_sensors to None, run_after=None
[2025-02-27T03:17:18.296+0000] {processor.py:208} INFO - Processing /home/airflow/.local/lib/python3.12/site-packages/airflow/example_dags/example_sensors.py took 0.244 seconds
[2025-02-27T03:17:48.365+0000] {processor.py:186} INFO - Started process (PID=2942) to work on /home/airflow/.local/lib/python3.12/site-packages/airflow/example_dags/example_sensors.py
[2025-02-27T03:17:48.367+0000] {processor.py:914} INFO - Processing file /home/airflow/.local/lib/python3.12/site-packages/airflow/example_dags/example_sensors.py for tasks to queue
[2025-02-27T03:17:48.370+0000] {logging_mixin.py:190} INFO - [2025-02-27T03:17:48.370+0000] {dagbag.py:588} INFO - Filling up the DagBag from /home/airflow/.local/lib/python3.12/site-packages/airflow/example_dags/example_sensors.py
[2025-02-27T03:17:48.391+0000] {processor.py:925} INFO - DAG(s) 'example_sensors' retrieved from /home/airflow/.local/lib/python3.12/site-packages/airflow/example_dags/example_sensors.py
[2025-02-27T03:17:48.585+0000] {logging_mixin.py:190} INFO - [2025-02-27T03:17:48.585+0000] {dag.py:3239} INFO - Sync 1 DAGs
[2025-02-27T03:17:48.626+0000] {logging_mixin.py:190} INFO - [2025-02-27T03:17:48.625+0000] {dag.py:4180} INFO - Setting next_dagrun for example_sensors to None, run_after=None
[2025-02-27T03:17:48.688+0000] {processor.py:208} INFO - Processing /home/airflow/.local/lib/python3.12/site-packages/airflow/example_dags/example_sensors.py took 0.331 seconds
[2025-02-27T03:18:18.917+0000] {processor.py:186} INFO - Started process (PID=3005) to work on /home/airflow/.local/lib/python3.12/site-packages/airflow/example_dags/example_sensors.py
[2025-02-27T03:18:18.918+0000] {processor.py:914} INFO - Processing file /home/airflow/.local/lib/python3.12/site-packages/airflow/example_dags/example_sensors.py for tasks to queue
[2025-02-27T03:18:18.922+0000] {logging_mixin.py:190} INFO - [2025-02-27T03:18:18.921+0000] {dagbag.py:588} INFO - Filling up the DagBag from /home/airflow/.local/lib/python3.12/site-packages/airflow/example_dags/example_sensors.py
[2025-02-27T03:18:18.938+0000] {processor.py:925} INFO - DAG(s) 'example_sensors' retrieved from /home/airflow/.local/lib/python3.12/site-packages/airflow/example_dags/example_sensors.py
[2025-02-27T03:18:19.112+0000] {logging_mixin.py:190} INFO - [2025-02-27T03:18:19.112+0000] {dag.py:3239} INFO - Sync 1 DAGs
[2025-02-27T03:18:19.147+0000] {logging_mixin.py:190} INFO - [2025-02-27T03:18:19.146+0000] {dag.py:4180} INFO - Setting next_dagrun for example_sensors to None, run_after=None
[2025-02-27T03:18:19.197+0000] {processor.py:208} INFO - Processing /home/airflow/.local/lib/python3.12/site-packages/airflow/example_dags/example_sensors.py took 0.288 seconds
[2025-02-27T03:18:50.473+0000] {processor.py:186} INFO - Started process (PID=3069) to work on /home/airflow/.local/lib/python3.12/site-packages/airflow/example_dags/example_sensors.py
[2025-02-27T03:18:50.474+0000] {processor.py:914} INFO - Processing file /home/airflow/.local/lib/python3.12/site-packages/airflow/example_dags/example_sensors.py for tasks to queue
[2025-02-27T03:18:50.479+0000] {logging_mixin.py:190} INFO - [2025-02-27T03:18:50.478+0000] {dagbag.py:588} INFO - Filling up the DagBag from /home/airflow/.local/lib/python3.12/site-packages/airflow/example_dags/example_sensors.py
[2025-02-27T03:18:50.499+0000] {processor.py:925} INFO - DAG(s) 'example_sensors' retrieved from /home/airflow/.local/lib/python3.12/site-packages/airflow/example_dags/example_sensors.py
[2025-02-27T03:18:50.646+0000] {logging_mixin.py:190} INFO - [2025-02-27T03:18:50.646+0000] {dag.py:3239} INFO - Sync 1 DAGs
[2025-02-27T03:18:50.688+0000] {logging_mixin.py:190} INFO - [2025-02-27T03:18:50.688+0000] {dag.py:4180} INFO - Setting next_dagrun for example_sensors to None, run_after=None
[2025-02-27T03:18:50.753+0000] {processor.py:208} INFO - Processing /home/airflow/.local/lib/python3.12/site-packages/airflow/example_dags/example_sensors.py took 0.294 seconds
[2025-02-27T03:19:20.942+0000] {processor.py:186} INFO - Started process (PID=3132) to work on /home/airflow/.local/lib/python3.12/site-packages/airflow/example_dags/example_sensors.py
[2025-02-27T03:19:20.943+0000] {processor.py:914} INFO - Processing file /home/airflow/.local/lib/python3.12/site-packages/airflow/example_dags/example_sensors.py for tasks to queue
[2025-02-27T03:19:20.947+0000] {logging_mixin.py:190} INFO - [2025-02-27T03:19:20.946+0000] {dagbag.py:588} INFO - Filling up the DagBag from /home/airflow/.local/lib/python3.12/site-packages/airflow/example_dags/example_sensors.py
[2025-02-27T03:19:20.961+0000] {processor.py:925} INFO - DAG(s) 'example_sensors' retrieved from /home/airflow/.local/lib/python3.12/site-packages/airflow/example_dags/example_sensors.py
[2025-02-27T03:19:21.146+0000] {logging_mixin.py:190} INFO - [2025-02-27T03:19:21.146+0000] {dag.py:3239} INFO - Sync 1 DAGs
[2025-02-27T03:19:21.191+0000] {logging_mixin.py:190} INFO - [2025-02-27T03:19:21.191+0000] {dag.py:4180} INFO - Setting next_dagrun for example_sensors to None, run_after=None
[2025-02-27T03:19:21.241+0000] {processor.py:208} INFO - Processing /home/airflow/.local/lib/python3.12/site-packages/airflow/example_dags/example_sensors.py took 0.307 seconds
[2025-02-27T03:19:52.569+0000] {processor.py:186} INFO - Started process (PID=3202) to work on /home/airflow/.local/lib/python3.12/site-packages/airflow/example_dags/example_sensors.py
[2025-02-27T03:19:52.571+0000] {processor.py:914} INFO - Processing file /home/airflow/.local/lib/python3.12/site-packages/airflow/example_dags/example_sensors.py for tasks to queue
[2025-02-27T03:19:52.577+0000] {logging_mixin.py:190} INFO - [2025-02-27T03:19:52.576+0000] {dagbag.py:588} INFO - Filling up the DagBag from /home/airflow/.local/lib/python3.12/site-packages/airflow/example_dags/example_sensors.py
[2025-02-27T03:19:52.604+0000] {processor.py:925} INFO - DAG(s) 'example_sensors' retrieved from /home/airflow/.local/lib/python3.12/site-packages/airflow/example_dags/example_sensors.py
[2025-02-27T03:19:52.800+0000] {logging_mixin.py:190} INFO - [2025-02-27T03:19:52.799+0000] {dag.py:3239} INFO - Sync 1 DAGs
[2025-02-27T03:19:52.863+0000] {logging_mixin.py:190} INFO - [2025-02-27T03:19:52.863+0000] {dag.py:4180} INFO - Setting next_dagrun for example_sensors to None, run_after=None
[2025-02-27T03:19:52.926+0000] {processor.py:208} INFO - Processing /home/airflow/.local/lib/python3.12/site-packages/airflow/example_dags/example_sensors.py took 0.373 seconds
[2025-02-27T03:20:23.040+0000] {processor.py:186} INFO - Started process (PID=3265) to work on /home/airflow/.local/lib/python3.12/site-packages/airflow/example_dags/example_sensors.py
[2025-02-27T03:20:23.041+0000] {processor.py:914} INFO - Processing file /home/airflow/.local/lib/python3.12/site-packages/airflow/example_dags/example_sensors.py for tasks to queue
[2025-02-27T03:20:23.045+0000] {logging_mixin.py:190} INFO - [2025-02-27T03:20:23.044+0000] {dagbag.py:588} INFO - Filling up the DagBag from /home/airflow/.local/lib/python3.12/site-packages/airflow/example_dags/example_sensors.py
[2025-02-27T03:20:23.064+0000] {processor.py:925} INFO - DAG(s) 'example_sensors' retrieved from /home/airflow/.local/lib/python3.12/site-packages/airflow/example_dags/example_sensors.py
[2025-02-27T03:20:23.204+0000] {logging_mixin.py:190} INFO - [2025-02-27T03:20:23.204+0000] {dag.py:3239} INFO - Sync 1 DAGs
[2025-02-27T03:20:23.243+0000] {logging_mixin.py:190} INFO - [2025-02-27T03:20:23.242+0000] {dag.py:4180} INFO - Setting next_dagrun for example_sensors to None, run_after=None
[2025-02-27T03:20:23.309+0000] {processor.py:208} INFO - Processing /home/airflow/.local/lib/python3.12/site-packages/airflow/example_dags/example_sensors.py took 0.279 seconds
[2025-02-27T03:20:53.649+0000] {processor.py:186} INFO - Started process (PID=3328) to work on /home/airflow/.local/lib/python3.12/site-packages/airflow/example_dags/example_sensors.py
[2025-02-27T03:20:53.650+0000] {processor.py:914} INFO - Processing file /home/airflow/.local/lib/python3.12/site-packages/airflow/example_dags/example_sensors.py for tasks to queue
[2025-02-27T03:20:53.655+0000] {logging_mixin.py:190} INFO - [2025-02-27T03:20:53.654+0000] {dagbag.py:588} INFO - Filling up the DagBag from /home/airflow/.local/lib/python3.12/site-packages/airflow/example_dags/example_sensors.py
[2025-02-27T03:20:53.679+0000] {processor.py:925} INFO - DAG(s) 'example_sensors' retrieved from /home/airflow/.local/lib/python3.12/site-packages/airflow/example_dags/example_sensors.py
[2025-02-27T03:20:53.861+0000] {logging_mixin.py:190} INFO - [2025-02-27T03:20:53.860+0000] {dag.py:3239} INFO - Sync 1 DAGs
[2025-02-27T03:20:53.917+0000] {logging_mixin.py:190} INFO - [2025-02-27T03:20:53.917+0000] {dag.py:4180} INFO - Setting next_dagrun for example_sensors to None, run_after=None
[2025-02-27T03:20:53.986+0000] {processor.py:208} INFO - Processing /home/airflow/.local/lib/python3.12/site-packages/airflow/example_dags/example_sensors.py took 0.346 seconds
