[2025-02-27T02:51:28.962+0000] {processor.py:186} INFO - Started process (PID=96) to work on /home/airflow/.local/lib/python3.12/site-packages/airflow/example_dags/example_short_circuit_decorator.py
[2025-02-27T02:51:28.963+0000] {processor.py:914} INFO - Processing file /home/airflow/.local/lib/python3.12/site-packages/airflow/example_dags/example_short_circuit_decorator.py for tasks to queue
[2025-02-27T02:51:28.967+0000] {logging_mixin.py:190} INFO - [2025-02-27T02:51:28.967+0000] {dagbag.py:588} INFO - Filling up the DagBag from /home/airflow/.local/lib/python3.12/site-packages/airflow/example_dags/example_short_circuit_decorator.py
[2025-02-27T02:51:28.988+0000] {processor.py:925} INFO - DAG(s) 'example_short_circuit_decorator' retrieved from /home/airflow/.local/lib/python3.12/site-packages/airflow/example_dags/example_short_circuit_decorator.py
[2025-02-27T02:51:29.201+0000] {logging_mixin.py:190} INFO - [2025-02-27T02:51:29.199+0000] {override.py:1912} INFO - Created Permission View: can delete on DAG:example_short_circuit_decorator
[2025-02-27T02:51:29.225+0000] {logging_mixin.py:190} INFO - [2025-02-27T02:51:29.225+0000] {override.py:1912} INFO - Created Permission View: can read on DAG:example_short_circuit_decorator
[2025-02-27T02:51:29.245+0000] {logging_mixin.py:190} INFO - [2025-02-27T02:51:29.244+0000] {override.py:1912} INFO - Created Permission View: can edit on DAG:example_short_circuit_decorator
[2025-02-27T02:51:29.278+0000] {logging_mixin.py:190} INFO - [2025-02-27T02:51:29.277+0000] {override.py:1912} INFO - Created Permission View: menu access on DAG Run:example_short_circuit_decorator
[2025-02-27T02:51:29.300+0000] {logging_mixin.py:190} INFO - [2025-02-27T02:51:29.300+0000] {override.py:1912} INFO - Created Permission View: can delete on DAG Run:example_short_circuit_decorator
[2025-02-27T02:51:29.322+0000] {logging_mixin.py:190} INFO - [2025-02-27T02:51:29.321+0000] {override.py:1912} INFO - Created Permission View: can read on DAG Run:example_short_circuit_decorator
[2025-02-27T02:51:29.345+0000] {logging_mixin.py:190} INFO - [2025-02-27T02:51:29.344+0000] {override.py:1912} INFO - Created Permission View: can create on DAG Run:example_short_circuit_decorator
[2025-02-27T02:51:29.347+0000] {logging_mixin.py:190} INFO - [2025-02-27T02:51:29.346+0000] {dag.py:3239} INFO - Sync 1 DAGs
[2025-02-27T02:51:29.378+0000] {logging_mixin.py:190} INFO - [2025-02-27T02:51:29.377+0000] {dag.py:3262} INFO - Creating ORM DAG for example_short_circuit_decorator
[2025-02-27T02:51:29.380+0000] {logging_mixin.py:190} INFO - [2025-02-27T02:51:29.379+0000] {dag.py:4180} INFO - Setting next_dagrun for example_short_circuit_decorator to None, run_after=None
[2025-02-27T02:51:29.416+0000] {processor.py:208} INFO - Processing /home/airflow/.local/lib/python3.12/site-packages/airflow/example_dags/example_short_circuit_decorator.py took 0.463 seconds
[2025-02-27T02:54:12.149+0000] {processor.py:186} INFO - Started process (PID=92) to work on /home/airflow/.local/lib/python3.12/site-packages/airflow/example_dags/example_short_circuit_decorator.py
[2025-02-27T02:54:12.151+0000] {processor.py:914} INFO - Processing file /home/airflow/.local/lib/python3.12/site-packages/airflow/example_dags/example_short_circuit_decorator.py for tasks to queue
[2025-02-27T02:54:12.156+0000] {logging_mixin.py:190} INFO - [2025-02-27T02:54:12.155+0000] {dagbag.py:588} INFO - Filling up the DagBag from /home/airflow/.local/lib/python3.12/site-packages/airflow/example_dags/example_short_circuit_decorator.py
[2025-02-27T02:54:12.178+0000] {processor.py:925} INFO - DAG(s) 'example_short_circuit_decorator' retrieved from /home/airflow/.local/lib/python3.12/site-packages/airflow/example_dags/example_short_circuit_decorator.py
[2025-02-27T02:54:12.601+0000] {logging_mixin.py:190} INFO - [2025-02-27T02:54:12.599+0000] {override.py:1912} INFO - Created Permission View: can read on DAG:example_short_circuit_decorator
[2025-02-27T02:54:12.629+0000] {logging_mixin.py:190} INFO - [2025-02-27T02:54:12.629+0000] {override.py:1912} INFO - Created Permission View: can delete on DAG:example_short_circuit_decorator
[2025-02-27T02:54:12.648+0000] {logging_mixin.py:190} INFO - [2025-02-27T02:54:12.648+0000] {override.py:1912} INFO - Created Permission View: can edit on DAG:example_short_circuit_decorator
[2025-02-27T02:54:12.673+0000] {logging_mixin.py:190} INFO - [2025-02-27T02:54:12.672+0000] {override.py:1912} INFO - Created Permission View: can read on DAG Run:example_short_circuit_decorator
[2025-02-27T02:54:12.694+0000] {logging_mixin.py:190} INFO - [2025-02-27T02:54:12.693+0000] {override.py:1912} INFO - Created Permission View: menu access on DAG Run:example_short_circuit_decorator
[2025-02-27T02:54:12.713+0000] {logging_mixin.py:190} INFO - [2025-02-27T02:54:12.712+0000] {override.py:1912} INFO - Created Permission View: can delete on DAG Run:example_short_circuit_decorator
[2025-02-27T02:54:12.737+0000] {logging_mixin.py:190} INFO - [2025-02-27T02:54:12.736+0000] {override.py:1912} INFO - Created Permission View: can create on DAG Run:example_short_circuit_decorator
[2025-02-27T02:54:12.739+0000] {logging_mixin.py:190} INFO - [2025-02-27T02:54:12.739+0000] {dag.py:3239} INFO - Sync 1 DAGs
[2025-02-27T02:54:12.810+0000] {logging_mixin.py:190} INFO - [2025-02-27T02:54:12.810+0000] {dag.py:3262} INFO - Creating ORM DAG for example_short_circuit_decorator
[2025-02-27T02:54:12.813+0000] {logging_mixin.py:190} INFO - [2025-02-27T02:54:12.812+0000] {dag.py:4180} INFO - Setting next_dagrun for example_short_circuit_decorator to None, run_after=None
[2025-02-27T02:54:12.863+0000] {processor.py:208} INFO - Processing /home/airflow/.local/lib/python3.12/site-packages/airflow/example_dags/example_short_circuit_decorator.py took 0.726 seconds
[2025-02-27T02:54:43.719+0000] {processor.py:186} INFO - Started process (PID=154) to work on /home/airflow/.local/lib/python3.12/site-packages/airflow/example_dags/example_short_circuit_decorator.py
[2025-02-27T02:54:43.720+0000] {processor.py:914} INFO - Processing file /home/airflow/.local/lib/python3.12/site-packages/airflow/example_dags/example_short_circuit_decorator.py for tasks to queue
[2025-02-27T02:54:43.725+0000] {logging_mixin.py:190} INFO - [2025-02-27T02:54:43.724+0000] {dagbag.py:588} INFO - Filling up the DagBag from /home/airflow/.local/lib/python3.12/site-packages/airflow/example_dags/example_short_circuit_decorator.py
[2025-02-27T02:54:43.739+0000] {processor.py:925} INFO - DAG(s) 'example_short_circuit_decorator' retrieved from /home/airflow/.local/lib/python3.12/site-packages/airflow/example_dags/example_short_circuit_decorator.py
[2025-02-27T02:54:43.929+0000] {logging_mixin.py:190} INFO - [2025-02-27T02:54:43.928+0000] {dag.py:3239} INFO - Sync 1 DAGs
[2025-02-27T02:54:43.992+0000] {logging_mixin.py:190} INFO - [2025-02-27T02:54:43.992+0000] {dag.py:4180} INFO - Setting next_dagrun for example_short_circuit_decorator to None, run_after=None
[2025-02-27T02:54:44.067+0000] {processor.py:208} INFO - Processing /home/airflow/.local/lib/python3.12/site-packages/airflow/example_dags/example_short_circuit_decorator.py took 0.356 seconds
[2025-02-27T02:55:14.395+0000] {processor.py:186} INFO - Started process (PID=217) to work on /home/airflow/.local/lib/python3.12/site-packages/airflow/example_dags/example_short_circuit_decorator.py
[2025-02-27T02:55:14.398+0000] {processor.py:914} INFO - Processing file /home/airflow/.local/lib/python3.12/site-packages/airflow/example_dags/example_short_circuit_decorator.py for tasks to queue
[2025-02-27T02:55:14.401+0000] {logging_mixin.py:190} INFO - [2025-02-27T02:55:14.401+0000] {dagbag.py:588} INFO - Filling up the DagBag from /home/airflow/.local/lib/python3.12/site-packages/airflow/example_dags/example_short_circuit_decorator.py
[2025-02-27T02:55:14.417+0000] {processor.py:925} INFO - DAG(s) 'example_short_circuit_decorator' retrieved from /home/airflow/.local/lib/python3.12/site-packages/airflow/example_dags/example_short_circuit_decorator.py
[2025-02-27T02:55:14.566+0000] {logging_mixin.py:190} INFO - [2025-02-27T02:55:14.565+0000] {dag.py:3239} INFO - Sync 1 DAGs
[2025-02-27T02:55:14.607+0000] {logging_mixin.py:190} INFO - [2025-02-27T02:55:14.606+0000] {dag.py:4180} INFO - Setting next_dagrun for example_short_circuit_decorator to None, run_after=None
[2025-02-27T02:55:14.670+0000] {processor.py:208} INFO - Processing /home/airflow/.local/lib/python3.12/site-packages/airflow/example_dags/example_short_circuit_decorator.py took 0.285 seconds
[2025-02-27T02:55:45.157+0000] {processor.py:186} INFO - Started process (PID=280) to work on /home/airflow/.local/lib/python3.12/site-packages/airflow/example_dags/example_short_circuit_decorator.py
[2025-02-27T02:55:45.158+0000] {processor.py:914} INFO - Processing file /home/airflow/.local/lib/python3.12/site-packages/airflow/example_dags/example_short_circuit_decorator.py for tasks to queue
[2025-02-27T02:55:45.163+0000] {logging_mixin.py:190} INFO - [2025-02-27T02:55:45.162+0000] {dagbag.py:588} INFO - Filling up the DagBag from /home/airflow/.local/lib/python3.12/site-packages/airflow/example_dags/example_short_circuit_decorator.py
[2025-02-27T02:55:45.180+0000] {processor.py:925} INFO - DAG(s) 'example_short_circuit_decorator' retrieved from /home/airflow/.local/lib/python3.12/site-packages/airflow/example_dags/example_short_circuit_decorator.py
[2025-02-27T02:55:45.362+0000] {logging_mixin.py:190} INFO - [2025-02-27T02:55:45.362+0000] {dag.py:3239} INFO - Sync 1 DAGs
[2025-02-27T02:55:45.446+0000] {logging_mixin.py:190} INFO - [2025-02-27T02:55:45.445+0000] {dag.py:4180} INFO - Setting next_dagrun for example_short_circuit_decorator to None, run_after=None
[2025-02-27T02:55:45.535+0000] {processor.py:208} INFO - Processing /home/airflow/.local/lib/python3.12/site-packages/airflow/example_dags/example_short_circuit_decorator.py took 0.387 seconds
[2025-02-27T02:56:18.225+0000] {processor.py:186} INFO - Started process (PID=349) to work on /home/airflow/.local/lib/python3.12/site-packages/airflow/example_dags/example_short_circuit_decorator.py
[2025-02-27T02:56:18.230+0000] {processor.py:914} INFO - Processing file /home/airflow/.local/lib/python3.12/site-packages/airflow/example_dags/example_short_circuit_decorator.py for tasks to queue
[2025-02-27T02:56:18.237+0000] {logging_mixin.py:190} INFO - [2025-02-27T02:56:18.236+0000] {dagbag.py:588} INFO - Filling up the DagBag from /home/airflow/.local/lib/python3.12/site-packages/airflow/example_dags/example_short_circuit_decorator.py
[2025-02-27T02:56:18.270+0000] {processor.py:925} INFO - DAG(s) 'example_short_circuit_decorator' retrieved from /home/airflow/.local/lib/python3.12/site-packages/airflow/example_dags/example_short_circuit_decorator.py
[2025-02-27T02:56:18.458+0000] {logging_mixin.py:190} INFO - [2025-02-27T02:56:18.457+0000] {dag.py:3239} INFO - Sync 1 DAGs
[2025-02-27T02:56:18.519+0000] {logging_mixin.py:190} INFO - [2025-02-27T02:56:18.519+0000] {dag.py:4180} INFO - Setting next_dagrun for example_short_circuit_decorator to None, run_after=None
[2025-02-27T02:56:18.587+0000] {processor.py:208} INFO - Processing /home/airflow/.local/lib/python3.12/site-packages/airflow/example_dags/example_short_circuit_decorator.py took 0.372 seconds
[2025-02-27T02:56:49.282+0000] {processor.py:186} INFO - Started process (PID=411) to work on /home/airflow/.local/lib/python3.12/site-packages/airflow/example_dags/example_short_circuit_decorator.py
[2025-02-27T02:56:49.291+0000] {processor.py:914} INFO - Processing file /home/airflow/.local/lib/python3.12/site-packages/airflow/example_dags/example_short_circuit_decorator.py for tasks to queue
[2025-02-27T02:56:49.297+0000] {logging_mixin.py:190} INFO - [2025-02-27T02:56:49.296+0000] {dagbag.py:588} INFO - Filling up the DagBag from /home/airflow/.local/lib/python3.12/site-packages/airflow/example_dags/example_short_circuit_decorator.py
[2025-02-27T02:56:49.328+0000] {processor.py:925} INFO - DAG(s) 'example_short_circuit_decorator' retrieved from /home/airflow/.local/lib/python3.12/site-packages/airflow/example_dags/example_short_circuit_decorator.py
[2025-02-27T02:56:49.494+0000] {logging_mixin.py:190} INFO - [2025-02-27T02:56:49.493+0000] {dag.py:3239} INFO - Sync 1 DAGs
[2025-02-27T02:56:49.536+0000] {logging_mixin.py:190} INFO - [2025-02-27T02:56:49.536+0000] {dag.py:4180} INFO - Setting next_dagrun for example_short_circuit_decorator to None, run_after=None
[2025-02-27T02:56:49.601+0000] {processor.py:208} INFO - Processing /home/airflow/.local/lib/python3.12/site-packages/airflow/example_dags/example_short_circuit_decorator.py took 0.349 seconds
[2025-02-27T02:57:20.356+0000] {processor.py:186} INFO - Started process (PID=474) to work on /home/airflow/.local/lib/python3.12/site-packages/airflow/example_dags/example_short_circuit_decorator.py
[2025-02-27T02:57:20.358+0000] {processor.py:914} INFO - Processing file /home/airflow/.local/lib/python3.12/site-packages/airflow/example_dags/example_short_circuit_decorator.py for tasks to queue
[2025-02-27T02:57:20.362+0000] {logging_mixin.py:190} INFO - [2025-02-27T02:57:20.361+0000] {dagbag.py:588} INFO - Filling up the DagBag from /home/airflow/.local/lib/python3.12/site-packages/airflow/example_dags/example_short_circuit_decorator.py
[2025-02-27T02:57:20.386+0000] {processor.py:925} INFO - DAG(s) 'example_short_circuit_decorator' retrieved from /home/airflow/.local/lib/python3.12/site-packages/airflow/example_dags/example_short_circuit_decorator.py
[2025-02-27T02:57:20.757+0000] {logging_mixin.py:190} INFO - [2025-02-27T02:57:20.756+0000] {dag.py:3239} INFO - Sync 1 DAGs
[2025-02-27T02:57:20.842+0000] {logging_mixin.py:190} INFO - [2025-02-27T02:57:20.842+0000] {dag.py:4180} INFO - Setting next_dagrun for example_short_circuit_decorator to None, run_after=None
[2025-02-27T02:57:20.942+0000] {processor.py:208} INFO - Processing /home/airflow/.local/lib/python3.12/site-packages/airflow/example_dags/example_short_circuit_decorator.py took 0.597 seconds
[2025-02-27T02:57:51.902+0000] {processor.py:186} INFO - Started process (PID=537) to work on /home/airflow/.local/lib/python3.12/site-packages/airflow/example_dags/example_short_circuit_decorator.py
[2025-02-27T02:57:51.904+0000] {processor.py:914} INFO - Processing file /home/airflow/.local/lib/python3.12/site-packages/airflow/example_dags/example_short_circuit_decorator.py for tasks to queue
[2025-02-27T02:57:51.909+0000] {logging_mixin.py:190} INFO - [2025-02-27T02:57:51.908+0000] {dagbag.py:588} INFO - Filling up the DagBag from /home/airflow/.local/lib/python3.12/site-packages/airflow/example_dags/example_short_circuit_decorator.py
[2025-02-27T02:57:51.931+0000] {processor.py:925} INFO - DAG(s) 'example_short_circuit_decorator' retrieved from /home/airflow/.local/lib/python3.12/site-packages/airflow/example_dags/example_short_circuit_decorator.py
[2025-02-27T02:57:52.085+0000] {logging_mixin.py:190} INFO - [2025-02-27T02:57:52.085+0000] {dag.py:3239} INFO - Sync 1 DAGs
[2025-02-27T02:57:52.123+0000] {logging_mixin.py:190} INFO - [2025-02-27T02:57:52.122+0000] {dag.py:4180} INFO - Setting next_dagrun for example_short_circuit_decorator to None, run_after=None
[2025-02-27T02:57:52.170+0000] {processor.py:208} INFO - Processing /home/airflow/.local/lib/python3.12/site-packages/airflow/example_dags/example_short_circuit_decorator.py took 0.281 seconds
[2025-02-27T02:58:24.297+0000] {processor.py:186} INFO - Started process (PID=600) to work on /home/airflow/.local/lib/python3.12/site-packages/airflow/example_dags/example_short_circuit_decorator.py
[2025-02-27T02:58:24.298+0000] {processor.py:914} INFO - Processing file /home/airflow/.local/lib/python3.12/site-packages/airflow/example_dags/example_short_circuit_decorator.py for tasks to queue
[2025-02-27T02:58:24.305+0000] {logging_mixin.py:190} INFO - [2025-02-27T02:58:24.304+0000] {dagbag.py:588} INFO - Filling up the DagBag from /home/airflow/.local/lib/python3.12/site-packages/airflow/example_dags/example_short_circuit_decorator.py
[2025-02-27T02:58:24.337+0000] {processor.py:925} INFO - DAG(s) 'example_short_circuit_decorator' retrieved from /home/airflow/.local/lib/python3.12/site-packages/airflow/example_dags/example_short_circuit_decorator.py
[2025-02-27T02:58:24.509+0000] {logging_mixin.py:190} INFO - [2025-02-27T02:58:24.508+0000] {dag.py:3239} INFO - Sync 1 DAGs
[2025-02-27T02:58:24.550+0000] {logging_mixin.py:190} INFO - [2025-02-27T02:58:24.549+0000] {dag.py:4180} INFO - Setting next_dagrun for example_short_circuit_decorator to None, run_after=None
[2025-02-27T02:58:24.605+0000] {processor.py:208} INFO - Processing /home/airflow/.local/lib/python3.12/site-packages/airflow/example_dags/example_short_circuit_decorator.py took 0.317 seconds
[2025-02-27T02:58:55.467+0000] {processor.py:186} INFO - Started process (PID=662) to work on /home/airflow/.local/lib/python3.12/site-packages/airflow/example_dags/example_short_circuit_decorator.py
[2025-02-27T02:58:55.469+0000] {processor.py:914} INFO - Processing file /home/airflow/.local/lib/python3.12/site-packages/airflow/example_dags/example_short_circuit_decorator.py for tasks to queue
[2025-02-27T02:58:55.472+0000] {logging_mixin.py:190} INFO - [2025-02-27T02:58:55.472+0000] {dagbag.py:588} INFO - Filling up the DagBag from /home/airflow/.local/lib/python3.12/site-packages/airflow/example_dags/example_short_circuit_decorator.py
[2025-02-27T02:58:55.497+0000] {processor.py:925} INFO - DAG(s) 'example_short_circuit_decorator' retrieved from /home/airflow/.local/lib/python3.12/site-packages/airflow/example_dags/example_short_circuit_decorator.py
[2025-02-27T02:58:55.691+0000] {logging_mixin.py:190} INFO - [2025-02-27T02:58:55.690+0000] {dag.py:3239} INFO - Sync 1 DAGs
[2025-02-27T02:58:55.753+0000] {logging_mixin.py:190} INFO - [2025-02-27T02:58:55.752+0000] {dag.py:4180} INFO - Setting next_dagrun for example_short_circuit_decorator to None, run_after=None
[2025-02-27T02:58:55.856+0000] {processor.py:208} INFO - Processing /home/airflow/.local/lib/python3.12/site-packages/airflow/example_dags/example_short_circuit_decorator.py took 0.400 seconds
[2025-02-27T02:59:29.156+0000] {processor.py:186} INFO - Started process (PID=726) to work on /home/airflow/.local/lib/python3.12/site-packages/airflow/example_dags/example_short_circuit_decorator.py
[2025-02-27T02:59:29.157+0000] {processor.py:914} INFO - Processing file /home/airflow/.local/lib/python3.12/site-packages/airflow/example_dags/example_short_circuit_decorator.py for tasks to queue
[2025-02-27T02:59:29.162+0000] {logging_mixin.py:190} INFO - [2025-02-27T02:59:29.161+0000] {dagbag.py:588} INFO - Filling up the DagBag from /home/airflow/.local/lib/python3.12/site-packages/airflow/example_dags/example_short_circuit_decorator.py
[2025-02-27T02:59:29.188+0000] {processor.py:925} INFO - DAG(s) 'example_short_circuit_decorator' retrieved from /home/airflow/.local/lib/python3.12/site-packages/airflow/example_dags/example_short_circuit_decorator.py
[2025-02-27T02:59:29.416+0000] {logging_mixin.py:190} INFO - [2025-02-27T02:59:29.416+0000] {dag.py:3239} INFO - Sync 1 DAGs
[2025-02-27T02:59:29.471+0000] {logging_mixin.py:190} INFO - [2025-02-27T02:59:29.470+0000] {dag.py:4180} INFO - Setting next_dagrun for example_short_circuit_decorator to None, run_after=None
[2025-02-27T02:59:29.548+0000] {processor.py:208} INFO - Processing /home/airflow/.local/lib/python3.12/site-packages/airflow/example_dags/example_short_circuit_decorator.py took 0.404 seconds
[2025-02-27T02:59:59.945+0000] {processor.py:186} INFO - Started process (PID=788) to work on /home/airflow/.local/lib/python3.12/site-packages/airflow/example_dags/example_short_circuit_decorator.py
[2025-02-27T02:59:59.946+0000] {processor.py:914} INFO - Processing file /home/airflow/.local/lib/python3.12/site-packages/airflow/example_dags/example_short_circuit_decorator.py for tasks to queue
[2025-02-27T02:59:59.950+0000] {logging_mixin.py:190} INFO - [2025-02-27T02:59:59.949+0000] {dagbag.py:588} INFO - Filling up the DagBag from /home/airflow/.local/lib/python3.12/site-packages/airflow/example_dags/example_short_circuit_decorator.py
[2025-02-27T02:59:59.966+0000] {processor.py:925} INFO - DAG(s) 'example_short_circuit_decorator' retrieved from /home/airflow/.local/lib/python3.12/site-packages/airflow/example_dags/example_short_circuit_decorator.py
[2025-02-27T03:00:00.134+0000] {logging_mixin.py:190} INFO - [2025-02-27T03:00:00.133+0000] {dag.py:3239} INFO - Sync 1 DAGs
[2025-02-27T03:00:00.180+0000] {logging_mixin.py:190} INFO - [2025-02-27T03:00:00.180+0000] {dag.py:4180} INFO - Setting next_dagrun for example_short_circuit_decorator to None, run_after=None
[2025-02-27T03:00:00.230+0000] {processor.py:208} INFO - Processing /home/airflow/.local/lib/python3.12/site-packages/airflow/example_dags/example_short_circuit_decorator.py took 0.295 seconds
[2025-02-27T03:00:32.295+0000] {processor.py:186} INFO - Started process (PID=851) to work on /home/airflow/.local/lib/python3.12/site-packages/airflow/example_dags/example_short_circuit_decorator.py
[2025-02-27T03:00:32.297+0000] {processor.py:914} INFO - Processing file /home/airflow/.local/lib/python3.12/site-packages/airflow/example_dags/example_short_circuit_decorator.py for tasks to queue
[2025-02-27T03:00:32.301+0000] {logging_mixin.py:190} INFO - [2025-02-27T03:00:32.300+0000] {dagbag.py:588} INFO - Filling up the DagBag from /home/airflow/.local/lib/python3.12/site-packages/airflow/example_dags/example_short_circuit_decorator.py
[2025-02-27T03:00:32.320+0000] {processor.py:925} INFO - DAG(s) 'example_short_circuit_decorator' retrieved from /home/airflow/.local/lib/python3.12/site-packages/airflow/example_dags/example_short_circuit_decorator.py
[2025-02-27T03:00:32.524+0000] {logging_mixin.py:190} INFO - [2025-02-27T03:00:32.524+0000] {dag.py:3239} INFO - Sync 1 DAGs
[2025-02-27T03:00:32.579+0000] {logging_mixin.py:190} INFO - [2025-02-27T03:00:32.579+0000] {dag.py:4180} INFO - Setting next_dagrun for example_short_circuit_decorator to None, run_after=None
[2025-02-27T03:00:32.647+0000] {processor.py:208} INFO - Processing /home/airflow/.local/lib/python3.12/site-packages/airflow/example_dags/example_short_circuit_decorator.py took 0.363 seconds
[2025-02-27T03:01:03.796+0000] {processor.py:186} INFO - Started process (PID=914) to work on /home/airflow/.local/lib/python3.12/site-packages/airflow/example_dags/example_short_circuit_decorator.py
[2025-02-27T03:01:03.798+0000] {processor.py:914} INFO - Processing file /home/airflow/.local/lib/python3.12/site-packages/airflow/example_dags/example_short_circuit_decorator.py for tasks to queue
[2025-02-27T03:01:03.805+0000] {logging_mixin.py:190} INFO - [2025-02-27T03:01:03.804+0000] {dagbag.py:588} INFO - Filling up the DagBag from /home/airflow/.local/lib/python3.12/site-packages/airflow/example_dags/example_short_circuit_decorator.py
[2025-02-27T03:01:03.829+0000] {processor.py:925} INFO - DAG(s) 'example_short_circuit_decorator' retrieved from /home/airflow/.local/lib/python3.12/site-packages/airflow/example_dags/example_short_circuit_decorator.py
[2025-02-27T03:01:04.071+0000] {logging_mixin.py:190} INFO - [2025-02-27T03:01:04.071+0000] {dag.py:3239} INFO - Sync 1 DAGs
[2025-02-27T03:01:04.119+0000] {logging_mixin.py:190} INFO - [2025-02-27T03:01:04.119+0000] {dag.py:4180} INFO - Setting next_dagrun for example_short_circuit_decorator to None, run_after=None
[2025-02-27T03:01:04.172+0000] {processor.py:208} INFO - Processing /home/airflow/.local/lib/python3.12/site-packages/airflow/example_dags/example_short_circuit_decorator.py took 0.386 seconds
[2025-02-27T03:01:35.522+0000] {processor.py:186} INFO - Started process (PID=977) to work on /home/airflow/.local/lib/python3.12/site-packages/airflow/example_dags/example_short_circuit_decorator.py
[2025-02-27T03:01:35.523+0000] {processor.py:914} INFO - Processing file /home/airflow/.local/lib/python3.12/site-packages/airflow/example_dags/example_short_circuit_decorator.py for tasks to queue
[2025-02-27T03:01:35.528+0000] {logging_mixin.py:190} INFO - [2025-02-27T03:01:35.528+0000] {dagbag.py:588} INFO - Filling up the DagBag from /home/airflow/.local/lib/python3.12/site-packages/airflow/example_dags/example_short_circuit_decorator.py
[2025-02-27T03:01:35.546+0000] {processor.py:925} INFO - DAG(s) 'example_short_circuit_decorator' retrieved from /home/airflow/.local/lib/python3.12/site-packages/airflow/example_dags/example_short_circuit_decorator.py
[2025-02-27T03:01:35.763+0000] {logging_mixin.py:190} INFO - [2025-02-27T03:01:35.762+0000] {dag.py:3239} INFO - Sync 1 DAGs
[2025-02-27T03:01:35.831+0000] {logging_mixin.py:190} INFO - [2025-02-27T03:01:35.830+0000] {dag.py:4180} INFO - Setting next_dagrun for example_short_circuit_decorator to None, run_after=None
[2025-02-27T03:01:35.901+0000] {processor.py:208} INFO - Processing /home/airflow/.local/lib/python3.12/site-packages/airflow/example_dags/example_short_circuit_decorator.py took 0.387 seconds
[2025-02-27T03:02:08.371+0000] {processor.py:186} INFO - Started process (PID=1040) to work on /home/airflow/.local/lib/python3.12/site-packages/airflow/example_dags/example_short_circuit_decorator.py
[2025-02-27T03:02:08.372+0000] {processor.py:914} INFO - Processing file /home/airflow/.local/lib/python3.12/site-packages/airflow/example_dags/example_short_circuit_decorator.py for tasks to queue
[2025-02-27T03:02:08.377+0000] {logging_mixin.py:190} INFO - [2025-02-27T03:02:08.376+0000] {dagbag.py:588} INFO - Filling up the DagBag from /home/airflow/.local/lib/python3.12/site-packages/airflow/example_dags/example_short_circuit_decorator.py
[2025-02-27T03:02:08.399+0000] {processor.py:925} INFO - DAG(s) 'example_short_circuit_decorator' retrieved from /home/airflow/.local/lib/python3.12/site-packages/airflow/example_dags/example_short_circuit_decorator.py
[2025-02-27T03:02:08.575+0000] {logging_mixin.py:190} INFO - [2025-02-27T03:02:08.575+0000] {dag.py:3239} INFO - Sync 1 DAGs
[2025-02-27T03:02:08.618+0000] {logging_mixin.py:190} INFO - [2025-02-27T03:02:08.617+0000] {dag.py:4180} INFO - Setting next_dagrun for example_short_circuit_decorator to None, run_after=None
[2025-02-27T03:02:08.668+0000] {processor.py:208} INFO - Processing /home/airflow/.local/lib/python3.12/site-packages/airflow/example_dags/example_short_circuit_decorator.py took 0.307 seconds
[2025-02-27T03:02:40.834+0000] {processor.py:186} INFO - Started process (PID=1103) to work on /home/airflow/.local/lib/python3.12/site-packages/airflow/example_dags/example_short_circuit_decorator.py
[2025-02-27T03:02:40.837+0000] {processor.py:914} INFO - Processing file /home/airflow/.local/lib/python3.12/site-packages/airflow/example_dags/example_short_circuit_decorator.py for tasks to queue
[2025-02-27T03:02:40.842+0000] {logging_mixin.py:190} INFO - [2025-02-27T03:02:40.841+0000] {dagbag.py:588} INFO - Filling up the DagBag from /home/airflow/.local/lib/python3.12/site-packages/airflow/example_dags/example_short_circuit_decorator.py
[2025-02-27T03:02:40.878+0000] {processor.py:925} INFO - DAG(s) 'example_short_circuit_decorator' retrieved from /home/airflow/.local/lib/python3.12/site-packages/airflow/example_dags/example_short_circuit_decorator.py
[2025-02-27T03:02:41.166+0000] {logging_mixin.py:190} INFO - [2025-02-27T03:02:41.166+0000] {dag.py:3239} INFO - Sync 1 DAGs
[2025-02-27T03:02:41.242+0000] {logging_mixin.py:190} INFO - [2025-02-27T03:02:41.241+0000] {dag.py:4180} INFO - Setting next_dagrun for example_short_circuit_decorator to None, run_after=None
[2025-02-27T03:02:41.347+0000] {processor.py:208} INFO - Processing /home/airflow/.local/lib/python3.12/site-packages/airflow/example_dags/example_short_circuit_decorator.py took 0.531 seconds
[2025-02-27T03:03:13.391+0000] {processor.py:186} INFO - Started process (PID=1166) to work on /home/airflow/.local/lib/python3.12/site-packages/airflow/example_dags/example_short_circuit_decorator.py
[2025-02-27T03:03:13.392+0000] {processor.py:914} INFO - Processing file /home/airflow/.local/lib/python3.12/site-packages/airflow/example_dags/example_short_circuit_decorator.py for tasks to queue
[2025-02-27T03:03:13.397+0000] {logging_mixin.py:190} INFO - [2025-02-27T03:03:13.397+0000] {dagbag.py:588} INFO - Filling up the DagBag from /home/airflow/.local/lib/python3.12/site-packages/airflow/example_dags/example_short_circuit_decorator.py
[2025-02-27T03:03:13.413+0000] {processor.py:925} INFO - DAG(s) 'example_short_circuit_decorator' retrieved from /home/airflow/.local/lib/python3.12/site-packages/airflow/example_dags/example_short_circuit_decorator.py
[2025-02-27T03:03:13.534+0000] {logging_mixin.py:190} INFO - [2025-02-27T03:03:13.533+0000] {dag.py:3239} INFO - Sync 1 DAGs
[2025-02-27T03:03:13.571+0000] {logging_mixin.py:190} INFO - [2025-02-27T03:03:13.571+0000] {dag.py:4180} INFO - Setting next_dagrun for example_short_circuit_decorator to None, run_after=None
[2025-02-27T03:03:13.620+0000] {processor.py:208} INFO - Processing /home/airflow/.local/lib/python3.12/site-packages/airflow/example_dags/example_short_circuit_decorator.py took 0.238 seconds
[2025-02-27T03:03:46.223+0000] {processor.py:186} INFO - Started process (PID=1230) to work on /home/airflow/.local/lib/python3.12/site-packages/airflow/example_dags/example_short_circuit_decorator.py
[2025-02-27T03:03:46.225+0000] {processor.py:914} INFO - Processing file /home/airflow/.local/lib/python3.12/site-packages/airflow/example_dags/example_short_circuit_decorator.py for tasks to queue
[2025-02-27T03:03:46.229+0000] {logging_mixin.py:190} INFO - [2025-02-27T03:03:46.228+0000] {dagbag.py:588} INFO - Filling up the DagBag from /home/airflow/.local/lib/python3.12/site-packages/airflow/example_dags/example_short_circuit_decorator.py
[2025-02-27T03:03:46.260+0000] {processor.py:925} INFO - DAG(s) 'example_short_circuit_decorator' retrieved from /home/airflow/.local/lib/python3.12/site-packages/airflow/example_dags/example_short_circuit_decorator.py
[2025-02-27T03:03:46.516+0000] {logging_mixin.py:190} INFO - [2025-02-27T03:03:46.515+0000] {dag.py:3239} INFO - Sync 1 DAGs
[2025-02-27T03:03:46.576+0000] {logging_mixin.py:190} INFO - [2025-02-27T03:03:46.575+0000] {dag.py:4180} INFO - Setting next_dagrun for example_short_circuit_decorator to None, run_after=None
[2025-02-27T03:03:46.648+0000] {processor.py:208} INFO - Processing /home/airflow/.local/lib/python3.12/site-packages/airflow/example_dags/example_short_circuit_decorator.py took 0.441 seconds
[2025-02-27T03:04:17.362+0000] {processor.py:186} INFO - Started process (PID=1293) to work on /home/airflow/.local/lib/python3.12/site-packages/airflow/example_dags/example_short_circuit_decorator.py
[2025-02-27T03:04:17.363+0000] {processor.py:914} INFO - Processing file /home/airflow/.local/lib/python3.12/site-packages/airflow/example_dags/example_short_circuit_decorator.py for tasks to queue
[2025-02-27T03:04:17.367+0000] {logging_mixin.py:190} INFO - [2025-02-27T03:04:17.366+0000] {dagbag.py:588} INFO - Filling up the DagBag from /home/airflow/.local/lib/python3.12/site-packages/airflow/example_dags/example_short_circuit_decorator.py
[2025-02-27T03:04:17.382+0000] {processor.py:925} INFO - DAG(s) 'example_short_circuit_decorator' retrieved from /home/airflow/.local/lib/python3.12/site-packages/airflow/example_dags/example_short_circuit_decorator.py
[2025-02-27T03:04:17.538+0000] {logging_mixin.py:190} INFO - [2025-02-27T03:04:17.538+0000] {dag.py:3239} INFO - Sync 1 DAGs
[2025-02-27T03:04:17.581+0000] {logging_mixin.py:190} INFO - [2025-02-27T03:04:17.580+0000] {dag.py:4180} INFO - Setting next_dagrun for example_short_circuit_decorator to None, run_after=None
[2025-02-27T03:04:17.663+0000] {processor.py:208} INFO - Processing /home/airflow/.local/lib/python3.12/site-packages/airflow/example_dags/example_short_circuit_decorator.py took 0.310 seconds
[2025-02-27T03:04:49.523+0000] {processor.py:186} INFO - Started process (PID=1363) to work on /home/airflow/.local/lib/python3.12/site-packages/airflow/example_dags/example_short_circuit_decorator.py
[2025-02-27T03:04:49.525+0000] {processor.py:914} INFO - Processing file /home/airflow/.local/lib/python3.12/site-packages/airflow/example_dags/example_short_circuit_decorator.py for tasks to queue
[2025-02-27T03:04:49.529+0000] {logging_mixin.py:190} INFO - [2025-02-27T03:04:49.528+0000] {dagbag.py:588} INFO - Filling up the DagBag from /home/airflow/.local/lib/python3.12/site-packages/airflow/example_dags/example_short_circuit_decorator.py
[2025-02-27T03:04:49.560+0000] {processor.py:925} INFO - DAG(s) 'example_short_circuit_decorator' retrieved from /home/airflow/.local/lib/python3.12/site-packages/airflow/example_dags/example_short_circuit_decorator.py
[2025-02-27T03:04:49.741+0000] {logging_mixin.py:190} INFO - [2025-02-27T03:04:49.740+0000] {dag.py:3239} INFO - Sync 1 DAGs
[2025-02-27T03:04:49.790+0000] {logging_mixin.py:190} INFO - [2025-02-27T03:04:49.790+0000] {dag.py:4180} INFO - Setting next_dagrun for example_short_circuit_decorator to None, run_after=None
[2025-02-27T03:04:49.862+0000] {processor.py:208} INFO - Processing /home/airflow/.local/lib/python3.12/site-packages/airflow/example_dags/example_short_circuit_decorator.py took 0.348 seconds
[2025-02-27T03:05:21.838+0000] {processor.py:186} INFO - Started process (PID=1426) to work on /home/airflow/.local/lib/python3.12/site-packages/airflow/example_dags/example_short_circuit_decorator.py
[2025-02-27T03:05:21.840+0000] {processor.py:914} INFO - Processing file /home/airflow/.local/lib/python3.12/site-packages/airflow/example_dags/example_short_circuit_decorator.py for tasks to queue
[2025-02-27T03:05:21.844+0000] {logging_mixin.py:190} INFO - [2025-02-27T03:05:21.843+0000] {dagbag.py:588} INFO - Filling up the DagBag from /home/airflow/.local/lib/python3.12/site-packages/airflow/example_dags/example_short_circuit_decorator.py
[2025-02-27T03:05:21.870+0000] {processor.py:925} INFO - DAG(s) 'example_short_circuit_decorator' retrieved from /home/airflow/.local/lib/python3.12/site-packages/airflow/example_dags/example_short_circuit_decorator.py
[2025-02-27T03:05:22.054+0000] {logging_mixin.py:190} INFO - [2025-02-27T03:05:22.053+0000] {dag.py:3239} INFO - Sync 1 DAGs
[2025-02-27T03:05:22.098+0000] {logging_mixin.py:190} INFO - [2025-02-27T03:05:22.098+0000] {dag.py:4180} INFO - Setting next_dagrun for example_short_circuit_decorator to None, run_after=None
[2025-02-27T03:05:22.148+0000] {processor.py:208} INFO - Processing /home/airflow/.local/lib/python3.12/site-packages/airflow/example_dags/example_short_circuit_decorator.py took 0.322 seconds
[2025-02-27T03:05:53.322+0000] {processor.py:186} INFO - Started process (PID=1490) to work on /home/airflow/.local/lib/python3.12/site-packages/airflow/example_dags/example_short_circuit_decorator.py
[2025-02-27T03:05:53.324+0000] {processor.py:914} INFO - Processing file /home/airflow/.local/lib/python3.12/site-packages/airflow/example_dags/example_short_circuit_decorator.py for tasks to queue
[2025-02-27T03:05:53.329+0000] {logging_mixin.py:190} INFO - [2025-02-27T03:05:53.328+0000] {dagbag.py:588} INFO - Filling up the DagBag from /home/airflow/.local/lib/python3.12/site-packages/airflow/example_dags/example_short_circuit_decorator.py
[2025-02-27T03:05:53.351+0000] {processor.py:925} INFO - DAG(s) 'example_short_circuit_decorator' retrieved from /home/airflow/.local/lib/python3.12/site-packages/airflow/example_dags/example_short_circuit_decorator.py
[2025-02-27T03:05:53.535+0000] {logging_mixin.py:190} INFO - [2025-02-27T03:05:53.535+0000] {dag.py:3239} INFO - Sync 1 DAGs
[2025-02-27T03:05:53.587+0000] {logging_mixin.py:190} INFO - [2025-02-27T03:05:53.586+0000] {dag.py:4180} INFO - Setting next_dagrun for example_short_circuit_decorator to None, run_after=None
[2025-02-27T03:05:53.660+0000] {processor.py:208} INFO - Processing /home/airflow/.local/lib/python3.12/site-packages/airflow/example_dags/example_short_circuit_decorator.py took 0.349 seconds
[2025-02-27T03:06:24.704+0000] {processor.py:186} INFO - Started process (PID=1553) to work on /home/airflow/.local/lib/python3.12/site-packages/airflow/example_dags/example_short_circuit_decorator.py
[2025-02-27T03:06:24.706+0000] {processor.py:914} INFO - Processing file /home/airflow/.local/lib/python3.12/site-packages/airflow/example_dags/example_short_circuit_decorator.py for tasks to queue
[2025-02-27T03:06:24.710+0000] {logging_mixin.py:190} INFO - [2025-02-27T03:06:24.709+0000] {dagbag.py:588} INFO - Filling up the DagBag from /home/airflow/.local/lib/python3.12/site-packages/airflow/example_dags/example_short_circuit_decorator.py
[2025-02-27T03:06:24.730+0000] {processor.py:925} INFO - DAG(s) 'example_short_circuit_decorator' retrieved from /home/airflow/.local/lib/python3.12/site-packages/airflow/example_dags/example_short_circuit_decorator.py
[2025-02-27T03:06:24.916+0000] {logging_mixin.py:190} INFO - [2025-02-27T03:06:24.915+0000] {dag.py:3239} INFO - Sync 1 DAGs
[2025-02-27T03:06:24.955+0000] {logging_mixin.py:190} INFO - [2025-02-27T03:06:24.954+0000] {dag.py:4180} INFO - Setting next_dagrun for example_short_circuit_decorator to None, run_after=None
[2025-02-27T03:06:25.009+0000] {processor.py:208} INFO - Processing /home/airflow/.local/lib/python3.12/site-packages/airflow/example_dags/example_short_circuit_decorator.py took 0.314 seconds
[2025-02-27T03:06:55.768+0000] {processor.py:186} INFO - Started process (PID=1616) to work on /home/airflow/.local/lib/python3.12/site-packages/airflow/example_dags/example_short_circuit_decorator.py
[2025-02-27T03:06:55.770+0000] {processor.py:914} INFO - Processing file /home/airflow/.local/lib/python3.12/site-packages/airflow/example_dags/example_short_circuit_decorator.py for tasks to queue
[2025-02-27T03:06:55.775+0000] {logging_mixin.py:190} INFO - [2025-02-27T03:06:55.775+0000] {dagbag.py:588} INFO - Filling up the DagBag from /home/airflow/.local/lib/python3.12/site-packages/airflow/example_dags/example_short_circuit_decorator.py
[2025-02-27T03:06:55.802+0000] {processor.py:925} INFO - DAG(s) 'example_short_circuit_decorator' retrieved from /home/airflow/.local/lib/python3.12/site-packages/airflow/example_dags/example_short_circuit_decorator.py
[2025-02-27T03:06:56.066+0000] {logging_mixin.py:190} INFO - [2025-02-27T03:06:56.065+0000] {dag.py:3239} INFO - Sync 1 DAGs
[2025-02-27T03:06:56.161+0000] {logging_mixin.py:190} INFO - [2025-02-27T03:06:56.161+0000] {dag.py:4180} INFO - Setting next_dagrun for example_short_circuit_decorator to None, run_after=None
[2025-02-27T03:06:56.310+0000] {processor.py:208} INFO - Processing /home/airflow/.local/lib/python3.12/site-packages/airflow/example_dags/example_short_circuit_decorator.py took 0.551 seconds
[2025-02-27T03:07:26.439+0000] {processor.py:186} INFO - Started process (PID=1678) to work on /home/airflow/.local/lib/python3.12/site-packages/airflow/example_dags/example_short_circuit_decorator.py
[2025-02-27T03:07:26.441+0000] {processor.py:914} INFO - Processing file /home/airflow/.local/lib/python3.12/site-packages/airflow/example_dags/example_short_circuit_decorator.py for tasks to queue
[2025-02-27T03:07:26.446+0000] {logging_mixin.py:190} INFO - [2025-02-27T03:07:26.445+0000] {dagbag.py:588} INFO - Filling up the DagBag from /home/airflow/.local/lib/python3.12/site-packages/airflow/example_dags/example_short_circuit_decorator.py
[2025-02-27T03:07:26.474+0000] {processor.py:925} INFO - DAG(s) 'example_short_circuit_decorator' retrieved from /home/airflow/.local/lib/python3.12/site-packages/airflow/example_dags/example_short_circuit_decorator.py
[2025-02-27T03:07:26.756+0000] {logging_mixin.py:190} INFO - [2025-02-27T03:07:26.755+0000] {dag.py:3239} INFO - Sync 1 DAGs
[2025-02-27T03:07:26.820+0000] {logging_mixin.py:190} INFO - [2025-02-27T03:07:26.820+0000] {dag.py:4180} INFO - Setting next_dagrun for example_short_circuit_decorator to None, run_after=None
[2025-02-27T03:07:26.917+0000] {processor.py:208} INFO - Processing /home/airflow/.local/lib/python3.12/site-packages/airflow/example_dags/example_short_circuit_decorator.py took 0.491 seconds
[2025-02-27T03:07:57.324+0000] {processor.py:186} INFO - Started process (PID=1741) to work on /home/airflow/.local/lib/python3.12/site-packages/airflow/example_dags/example_short_circuit_decorator.py
[2025-02-27T03:07:57.326+0000] {processor.py:914} INFO - Processing file /home/airflow/.local/lib/python3.12/site-packages/airflow/example_dags/example_short_circuit_decorator.py for tasks to queue
[2025-02-27T03:07:57.330+0000] {logging_mixin.py:190} INFO - [2025-02-27T03:07:57.330+0000] {dagbag.py:588} INFO - Filling up the DagBag from /home/airflow/.local/lib/python3.12/site-packages/airflow/example_dags/example_short_circuit_decorator.py
[2025-02-27T03:07:57.352+0000] {processor.py:925} INFO - DAG(s) 'example_short_circuit_decorator' retrieved from /home/airflow/.local/lib/python3.12/site-packages/airflow/example_dags/example_short_circuit_decorator.py
[2025-02-27T03:07:57.523+0000] {logging_mixin.py:190} INFO - [2025-02-27T03:07:57.522+0000] {dag.py:3239} INFO - Sync 1 DAGs
[2025-02-27T03:07:57.564+0000] {logging_mixin.py:190} INFO - [2025-02-27T03:07:57.564+0000] {dag.py:4180} INFO - Setting next_dagrun for example_short_circuit_decorator to None, run_after=None
[2025-02-27T03:07:57.630+0000] {processor.py:208} INFO - Processing /home/airflow/.local/lib/python3.12/site-packages/airflow/example_dags/example_short_circuit_decorator.py took 0.315 seconds
[2025-02-27T03:08:27.838+0000] {processor.py:186} INFO - Started process (PID=1803) to work on /home/airflow/.local/lib/python3.12/site-packages/airflow/example_dags/example_short_circuit_decorator.py
[2025-02-27T03:08:27.841+0000] {processor.py:914} INFO - Processing file /home/airflow/.local/lib/python3.12/site-packages/airflow/example_dags/example_short_circuit_decorator.py for tasks to queue
[2025-02-27T03:08:27.845+0000] {logging_mixin.py:190} INFO - [2025-02-27T03:08:27.844+0000] {dagbag.py:588} INFO - Filling up the DagBag from /home/airflow/.local/lib/python3.12/site-packages/airflow/example_dags/example_short_circuit_decorator.py
[2025-02-27T03:08:27.858+0000] {processor.py:925} INFO - DAG(s) 'example_short_circuit_decorator' retrieved from /home/airflow/.local/lib/python3.12/site-packages/airflow/example_dags/example_short_circuit_decorator.py
[2025-02-27T03:08:28.021+0000] {logging_mixin.py:190} INFO - [2025-02-27T03:08:28.021+0000] {dag.py:3239} INFO - Sync 1 DAGs
[2025-02-27T03:08:28.064+0000] {logging_mixin.py:190} INFO - [2025-02-27T03:08:28.064+0000] {dag.py:4180} INFO - Setting next_dagrun for example_short_circuit_decorator to None, run_after=None
[2025-02-27T03:08:28.114+0000] {processor.py:208} INFO - Processing /home/airflow/.local/lib/python3.12/site-packages/airflow/example_dags/example_short_circuit_decorator.py took 0.282 seconds
[2025-02-27T03:08:58.436+0000] {processor.py:186} INFO - Started process (PID=1866) to work on /home/airflow/.local/lib/python3.12/site-packages/airflow/example_dags/example_short_circuit_decorator.py
[2025-02-27T03:08:58.438+0000] {processor.py:914} INFO - Processing file /home/airflow/.local/lib/python3.12/site-packages/airflow/example_dags/example_short_circuit_decorator.py for tasks to queue
[2025-02-27T03:08:58.441+0000] {logging_mixin.py:190} INFO - [2025-02-27T03:08:58.441+0000] {dagbag.py:588} INFO - Filling up the DagBag from /home/airflow/.local/lib/python3.12/site-packages/airflow/example_dags/example_short_circuit_decorator.py
[2025-02-27T03:08:58.458+0000] {processor.py:925} INFO - DAG(s) 'example_short_circuit_decorator' retrieved from /home/airflow/.local/lib/python3.12/site-packages/airflow/example_dags/example_short_circuit_decorator.py
[2025-02-27T03:08:58.636+0000] {logging_mixin.py:190} INFO - [2025-02-27T03:08:58.635+0000] {dag.py:3239} INFO - Sync 1 DAGs
[2025-02-27T03:08:58.684+0000] {logging_mixin.py:190} INFO - [2025-02-27T03:08:58.684+0000] {dag.py:4180} INFO - Setting next_dagrun for example_short_circuit_decorator to None, run_after=None
[2025-02-27T03:08:58.740+0000] {processor.py:208} INFO - Processing /home/airflow/.local/lib/python3.12/site-packages/airflow/example_dags/example_short_circuit_decorator.py took 0.313 seconds
[2025-02-27T03:09:29.309+0000] {processor.py:186} INFO - Started process (PID=1929) to work on /home/airflow/.local/lib/python3.12/site-packages/airflow/example_dags/example_short_circuit_decorator.py
[2025-02-27T03:09:29.311+0000] {processor.py:914} INFO - Processing file /home/airflow/.local/lib/python3.12/site-packages/airflow/example_dags/example_short_circuit_decorator.py for tasks to queue
[2025-02-27T03:09:29.315+0000] {logging_mixin.py:190} INFO - [2025-02-27T03:09:29.314+0000] {dagbag.py:588} INFO - Filling up the DagBag from /home/airflow/.local/lib/python3.12/site-packages/airflow/example_dags/example_short_circuit_decorator.py
[2025-02-27T03:09:29.332+0000] {processor.py:925} INFO - DAG(s) 'example_short_circuit_decorator' retrieved from /home/airflow/.local/lib/python3.12/site-packages/airflow/example_dags/example_short_circuit_decorator.py
[2025-02-27T03:09:29.479+0000] {logging_mixin.py:190} INFO - [2025-02-27T03:09:29.478+0000] {dag.py:3239} INFO - Sync 1 DAGs
[2025-02-27T03:09:29.520+0000] {logging_mixin.py:190} INFO - [2025-02-27T03:09:29.520+0000] {dag.py:4180} INFO - Setting next_dagrun for example_short_circuit_decorator to None, run_after=None
[2025-02-27T03:09:29.579+0000] {processor.py:208} INFO - Processing /home/airflow/.local/lib/python3.12/site-packages/airflow/example_dags/example_short_circuit_decorator.py took 0.279 seconds
[2025-02-27T03:10:00.403+0000] {processor.py:186} INFO - Started process (PID=1992) to work on /home/airflow/.local/lib/python3.12/site-packages/airflow/example_dags/example_short_circuit_decorator.py
[2025-02-27T03:10:00.404+0000] {processor.py:914} INFO - Processing file /home/airflow/.local/lib/python3.12/site-packages/airflow/example_dags/example_short_circuit_decorator.py for tasks to queue
[2025-02-27T03:10:00.408+0000] {logging_mixin.py:190} INFO - [2025-02-27T03:10:00.408+0000] {dagbag.py:588} INFO - Filling up the DagBag from /home/airflow/.local/lib/python3.12/site-packages/airflow/example_dags/example_short_circuit_decorator.py
[2025-02-27T03:10:00.433+0000] {processor.py:925} INFO - DAG(s) 'example_short_circuit_decorator' retrieved from /home/airflow/.local/lib/python3.12/site-packages/airflow/example_dags/example_short_circuit_decorator.py
[2025-02-27T03:10:00.596+0000] {logging_mixin.py:190} INFO - [2025-02-27T03:10:00.595+0000] {dag.py:3239} INFO - Sync 1 DAGs
[2025-02-27T03:10:00.638+0000] {logging_mixin.py:190} INFO - [2025-02-27T03:10:00.637+0000] {dag.py:4180} INFO - Setting next_dagrun for example_short_circuit_decorator to None, run_after=None
[2025-02-27T03:10:00.688+0000] {processor.py:208} INFO - Processing /home/airflow/.local/lib/python3.12/site-packages/airflow/example_dags/example_short_circuit_decorator.py took 0.300 seconds
[2025-02-27T03:10:30.942+0000] {processor.py:186} INFO - Started process (PID=2055) to work on /home/airflow/.local/lib/python3.12/site-packages/airflow/example_dags/example_short_circuit_decorator.py
[2025-02-27T03:10:30.944+0000] {processor.py:914} INFO - Processing file /home/airflow/.local/lib/python3.12/site-packages/airflow/example_dags/example_short_circuit_decorator.py for tasks to queue
[2025-02-27T03:10:30.948+0000] {logging_mixin.py:190} INFO - [2025-02-27T03:10:30.948+0000] {dagbag.py:588} INFO - Filling up the DagBag from /home/airflow/.local/lib/python3.12/site-packages/airflow/example_dags/example_short_circuit_decorator.py
[2025-02-27T03:10:30.972+0000] {processor.py:925} INFO - DAG(s) 'example_short_circuit_decorator' retrieved from /home/airflow/.local/lib/python3.12/site-packages/airflow/example_dags/example_short_circuit_decorator.py
[2025-02-27T03:10:31.190+0000] {logging_mixin.py:190} INFO - [2025-02-27T03:10:31.190+0000] {dag.py:3239} INFO - Sync 1 DAGs
[2025-02-27T03:10:31.273+0000] {logging_mixin.py:190} INFO - [2025-02-27T03:10:31.272+0000] {dag.py:4180} INFO - Setting next_dagrun for example_short_circuit_decorator to None, run_after=None
[2025-02-27T03:10:31.398+0000] {processor.py:208} INFO - Processing /home/airflow/.local/lib/python3.12/site-packages/airflow/example_dags/example_short_circuit_decorator.py took 0.463 seconds
[2025-02-27T03:11:01.681+0000] {processor.py:186} INFO - Started process (PID=2118) to work on /home/airflow/.local/lib/python3.12/site-packages/airflow/example_dags/example_short_circuit_decorator.py
[2025-02-27T03:11:01.683+0000] {processor.py:914} INFO - Processing file /home/airflow/.local/lib/python3.12/site-packages/airflow/example_dags/example_short_circuit_decorator.py for tasks to queue
[2025-02-27T03:11:01.687+0000] {logging_mixin.py:190} INFO - [2025-02-27T03:11:01.687+0000] {dagbag.py:588} INFO - Filling up the DagBag from /home/airflow/.local/lib/python3.12/site-packages/airflow/example_dags/example_short_circuit_decorator.py
[2025-02-27T03:11:01.712+0000] {processor.py:925} INFO - DAG(s) 'example_short_circuit_decorator' retrieved from /home/airflow/.local/lib/python3.12/site-packages/airflow/example_dags/example_short_circuit_decorator.py
[2025-02-27T03:11:01.918+0000] {logging_mixin.py:190} INFO - [2025-02-27T03:11:01.917+0000] {dag.py:3239} INFO - Sync 1 DAGs
[2025-02-27T03:11:01.985+0000] {logging_mixin.py:190} INFO - [2025-02-27T03:11:01.984+0000] {dag.py:4180} INFO - Setting next_dagrun for example_short_circuit_decorator to None, run_after=None
[2025-02-27T03:11:02.065+0000] {processor.py:208} INFO - Processing /home/airflow/.local/lib/python3.12/site-packages/airflow/example_dags/example_short_circuit_decorator.py took 0.394 seconds
[2025-02-27T03:11:32.416+0000] {processor.py:186} INFO - Started process (PID=2181) to work on /home/airflow/.local/lib/python3.12/site-packages/airflow/example_dags/example_short_circuit_decorator.py
[2025-02-27T03:11:32.417+0000] {processor.py:914} INFO - Processing file /home/airflow/.local/lib/python3.12/site-packages/airflow/example_dags/example_short_circuit_decorator.py for tasks to queue
[2025-02-27T03:11:32.420+0000] {logging_mixin.py:190} INFO - [2025-02-27T03:11:32.420+0000] {dagbag.py:588} INFO - Filling up the DagBag from /home/airflow/.local/lib/python3.12/site-packages/airflow/example_dags/example_short_circuit_decorator.py
[2025-02-27T03:11:32.437+0000] {processor.py:925} INFO - DAG(s) 'example_short_circuit_decorator' retrieved from /home/airflow/.local/lib/python3.12/site-packages/airflow/example_dags/example_short_circuit_decorator.py
[2025-02-27T03:11:32.585+0000] {logging_mixin.py:190} INFO - [2025-02-27T03:11:32.584+0000] {dag.py:3239} INFO - Sync 1 DAGs
[2025-02-27T03:11:32.622+0000] {logging_mixin.py:190} INFO - [2025-02-27T03:11:32.621+0000] {dag.py:4180} INFO - Setting next_dagrun for example_short_circuit_decorator to None, run_after=None
[2025-02-27T03:11:32.686+0000] {processor.py:208} INFO - Processing /home/airflow/.local/lib/python3.12/site-packages/airflow/example_dags/example_short_circuit_decorator.py took 0.279 seconds
[2025-02-27T03:12:05.469+0000] {processor.py:186} INFO - Started process (PID=2244) to work on /home/airflow/.local/lib/python3.12/site-packages/airflow/example_dags/example_short_circuit_decorator.py
[2025-02-27T03:12:05.471+0000] {processor.py:914} INFO - Processing file /home/airflow/.local/lib/python3.12/site-packages/airflow/example_dags/example_short_circuit_decorator.py for tasks to queue
[2025-02-27T03:12:05.476+0000] {logging_mixin.py:190} INFO - [2025-02-27T03:12:05.476+0000] {dagbag.py:588} INFO - Filling up the DagBag from /home/airflow/.local/lib/python3.12/site-packages/airflow/example_dags/example_short_circuit_decorator.py
[2025-02-27T03:12:05.500+0000] {processor.py:925} INFO - DAG(s) 'example_short_circuit_decorator' retrieved from /home/airflow/.local/lib/python3.12/site-packages/airflow/example_dags/example_short_circuit_decorator.py
[2025-02-27T03:12:05.704+0000] {logging_mixin.py:190} INFO - [2025-02-27T03:12:05.704+0000] {dag.py:3239} INFO - Sync 1 DAGs
[2025-02-27T03:12:05.801+0000] {logging_mixin.py:190} INFO - [2025-02-27T03:12:05.800+0000] {dag.py:4180} INFO - Setting next_dagrun for example_short_circuit_decorator to None, run_after=None
[2025-02-27T03:12:05.905+0000] {processor.py:208} INFO - Processing /home/airflow/.local/lib/python3.12/site-packages/airflow/example_dags/example_short_circuit_decorator.py took 0.447 seconds
[2025-02-27T03:12:36.146+0000] {processor.py:186} INFO - Started process (PID=2307) to work on /home/airflow/.local/lib/python3.12/site-packages/airflow/example_dags/example_short_circuit_decorator.py
[2025-02-27T03:12:36.149+0000] {processor.py:914} INFO - Processing file /home/airflow/.local/lib/python3.12/site-packages/airflow/example_dags/example_short_circuit_decorator.py for tasks to queue
[2025-02-27T03:12:36.154+0000] {logging_mixin.py:190} INFO - [2025-02-27T03:12:36.153+0000] {dagbag.py:588} INFO - Filling up the DagBag from /home/airflow/.local/lib/python3.12/site-packages/airflow/example_dags/example_short_circuit_decorator.py
[2025-02-27T03:12:36.175+0000] {processor.py:925} INFO - DAG(s) 'example_short_circuit_decorator' retrieved from /home/airflow/.local/lib/python3.12/site-packages/airflow/example_dags/example_short_circuit_decorator.py
[2025-02-27T03:12:36.348+0000] {logging_mixin.py:190} INFO - [2025-02-27T03:12:36.347+0000] {dag.py:3239} INFO - Sync 1 DAGs
[2025-02-27T03:12:36.400+0000] {logging_mixin.py:190} INFO - [2025-02-27T03:12:36.399+0000] {dag.py:4180} INFO - Setting next_dagrun for example_short_circuit_decorator to None, run_after=None
[2025-02-27T03:12:36.470+0000] {processor.py:208} INFO - Processing /home/airflow/.local/lib/python3.12/site-packages/airflow/example_dags/example_short_circuit_decorator.py took 0.332 seconds
[2025-02-27T03:13:06.615+0000] {processor.py:186} INFO - Started process (PID=2369) to work on /home/airflow/.local/lib/python3.12/site-packages/airflow/example_dags/example_short_circuit_decorator.py
[2025-02-27T03:13:06.617+0000] {processor.py:914} INFO - Processing file /home/airflow/.local/lib/python3.12/site-packages/airflow/example_dags/example_short_circuit_decorator.py for tasks to queue
[2025-02-27T03:13:06.621+0000] {logging_mixin.py:190} INFO - [2025-02-27T03:13:06.620+0000] {dagbag.py:588} INFO - Filling up the DagBag from /home/airflow/.local/lib/python3.12/site-packages/airflow/example_dags/example_short_circuit_decorator.py
[2025-02-27T03:13:06.649+0000] {processor.py:925} INFO - DAG(s) 'example_short_circuit_decorator' retrieved from /home/airflow/.local/lib/python3.12/site-packages/airflow/example_dags/example_short_circuit_decorator.py
[2025-02-27T03:13:06.883+0000] {logging_mixin.py:190} INFO - [2025-02-27T03:13:06.883+0000] {dag.py:3239} INFO - Sync 1 DAGs
[2025-02-27T03:13:06.947+0000] {logging_mixin.py:190} INFO - [2025-02-27T03:13:06.947+0000] {dag.py:4180} INFO - Setting next_dagrun for example_short_circuit_decorator to None, run_after=None
[2025-02-27T03:13:07.033+0000] {processor.py:208} INFO - Processing /home/airflow/.local/lib/python3.12/site-packages/airflow/example_dags/example_short_circuit_decorator.py took 0.432 seconds
[2025-02-27T03:13:37.864+0000] {processor.py:186} INFO - Started process (PID=2432) to work on /home/airflow/.local/lib/python3.12/site-packages/airflow/example_dags/example_short_circuit_decorator.py
[2025-02-27T03:13:37.865+0000] {processor.py:914} INFO - Processing file /home/airflow/.local/lib/python3.12/site-packages/airflow/example_dags/example_short_circuit_decorator.py for tasks to queue
[2025-02-27T03:13:37.870+0000] {logging_mixin.py:190} INFO - [2025-02-27T03:13:37.869+0000] {dagbag.py:588} INFO - Filling up the DagBag from /home/airflow/.local/lib/python3.12/site-packages/airflow/example_dags/example_short_circuit_decorator.py
[2025-02-27T03:13:37.886+0000] {processor.py:925} INFO - DAG(s) 'example_short_circuit_decorator' retrieved from /home/airflow/.local/lib/python3.12/site-packages/airflow/example_dags/example_short_circuit_decorator.py
[2025-02-27T03:13:38.048+0000] {logging_mixin.py:190} INFO - [2025-02-27T03:13:38.047+0000] {dag.py:3239} INFO - Sync 1 DAGs
[2025-02-27T03:13:38.078+0000] {logging_mixin.py:190} INFO - [2025-02-27T03:13:38.078+0000] {dag.py:4180} INFO - Setting next_dagrun for example_short_circuit_decorator to None, run_after=None
[2025-02-27T03:13:38.137+0000] {processor.py:208} INFO - Processing /home/airflow/.local/lib/python3.12/site-packages/airflow/example_dags/example_short_circuit_decorator.py took 0.281 seconds
[2025-02-27T03:14:08.622+0000] {processor.py:186} INFO - Started process (PID=2495) to work on /home/airflow/.local/lib/python3.12/site-packages/airflow/example_dags/example_short_circuit_decorator.py
[2025-02-27T03:14:08.624+0000] {processor.py:914} INFO - Processing file /home/airflow/.local/lib/python3.12/site-packages/airflow/example_dags/example_short_circuit_decorator.py for tasks to queue
[2025-02-27T03:14:08.627+0000] {logging_mixin.py:190} INFO - [2025-02-27T03:14:08.626+0000] {dagbag.py:588} INFO - Filling up the DagBag from /home/airflow/.local/lib/python3.12/site-packages/airflow/example_dags/example_short_circuit_decorator.py
[2025-02-27T03:14:08.645+0000] {processor.py:925} INFO - DAG(s) 'example_short_circuit_decorator' retrieved from /home/airflow/.local/lib/python3.12/site-packages/airflow/example_dags/example_short_circuit_decorator.py
[2025-02-27T03:14:08.798+0000] {logging_mixin.py:190} INFO - [2025-02-27T03:14:08.797+0000] {dag.py:3239} INFO - Sync 1 DAGs
[2025-02-27T03:14:08.837+0000] {logging_mixin.py:190} INFO - [2025-02-27T03:14:08.837+0000] {dag.py:4180} INFO - Setting next_dagrun for example_short_circuit_decorator to None, run_after=None
[2025-02-27T03:14:08.894+0000] {processor.py:208} INFO - Processing /home/airflow/.local/lib/python3.12/site-packages/airflow/example_dags/example_short_circuit_decorator.py took 0.287 seconds
[2025-02-27T03:14:39.639+0000] {processor.py:186} INFO - Started process (PID=2558) to work on /home/airflow/.local/lib/python3.12/site-packages/airflow/example_dags/example_short_circuit_decorator.py
[2025-02-27T03:14:39.640+0000] {processor.py:914} INFO - Processing file /home/airflow/.local/lib/python3.12/site-packages/airflow/example_dags/example_short_circuit_decorator.py for tasks to queue
[2025-02-27T03:14:39.643+0000] {logging_mixin.py:190} INFO - [2025-02-27T03:14:39.643+0000] {dagbag.py:588} INFO - Filling up the DagBag from /home/airflow/.local/lib/python3.12/site-packages/airflow/example_dags/example_short_circuit_decorator.py
[2025-02-27T03:14:39.655+0000] {processor.py:925} INFO - DAG(s) 'example_short_circuit_decorator' retrieved from /home/airflow/.local/lib/python3.12/site-packages/airflow/example_dags/example_short_circuit_decorator.py
[2025-02-27T03:14:39.766+0000] {logging_mixin.py:190} INFO - [2025-02-27T03:14:39.765+0000] {dag.py:3239} INFO - Sync 1 DAGs
[2025-02-27T03:14:39.803+0000] {logging_mixin.py:190} INFO - [2025-02-27T03:14:39.803+0000] {dag.py:4180} INFO - Setting next_dagrun for example_short_circuit_decorator to None, run_after=None
[2025-02-27T03:14:39.861+0000] {processor.py:208} INFO - Processing /home/airflow/.local/lib/python3.12/site-packages/airflow/example_dags/example_short_circuit_decorator.py took 0.229 seconds
[2025-02-27T03:15:10.657+0000] {processor.py:186} INFO - Started process (PID=2621) to work on /home/airflow/.local/lib/python3.12/site-packages/airflow/example_dags/example_short_circuit_decorator.py
[2025-02-27T03:15:10.659+0000] {processor.py:914} INFO - Processing file /home/airflow/.local/lib/python3.12/site-packages/airflow/example_dags/example_short_circuit_decorator.py for tasks to queue
[2025-02-27T03:15:10.663+0000] {logging_mixin.py:190} INFO - [2025-02-27T03:15:10.662+0000] {dagbag.py:588} INFO - Filling up the DagBag from /home/airflow/.local/lib/python3.12/site-packages/airflow/example_dags/example_short_circuit_decorator.py
[2025-02-27T03:15:10.679+0000] {processor.py:925} INFO - DAG(s) 'example_short_circuit_decorator' retrieved from /home/airflow/.local/lib/python3.12/site-packages/airflow/example_dags/example_short_circuit_decorator.py
[2025-02-27T03:15:10.817+0000] {logging_mixin.py:190} INFO - [2025-02-27T03:15:10.817+0000] {dag.py:3239} INFO - Sync 1 DAGs
[2025-02-27T03:15:10.860+0000] {logging_mixin.py:190} INFO - [2025-02-27T03:15:10.860+0000] {dag.py:4180} INFO - Setting next_dagrun for example_short_circuit_decorator to None, run_after=None
[2025-02-27T03:15:10.924+0000] {processor.py:208} INFO - Processing /home/airflow/.local/lib/python3.12/site-packages/airflow/example_dags/example_short_circuit_decorator.py took 0.277 seconds
[2025-02-27T03:15:41.894+0000] {processor.py:186} INFO - Started process (PID=2683) to work on /home/airflow/.local/lib/python3.12/site-packages/airflow/example_dags/example_short_circuit_decorator.py
[2025-02-27T03:15:41.896+0000] {processor.py:914} INFO - Processing file /home/airflow/.local/lib/python3.12/site-packages/airflow/example_dags/example_short_circuit_decorator.py for tasks to queue
[2025-02-27T03:15:41.901+0000] {logging_mixin.py:190} INFO - [2025-02-27T03:15:41.900+0000] {dagbag.py:588} INFO - Filling up the DagBag from /home/airflow/.local/lib/python3.12/site-packages/airflow/example_dags/example_short_circuit_decorator.py
[2025-02-27T03:15:41.925+0000] {processor.py:925} INFO - DAG(s) 'example_short_circuit_decorator' retrieved from /home/airflow/.local/lib/python3.12/site-packages/airflow/example_dags/example_short_circuit_decorator.py
[2025-02-27T03:15:42.117+0000] {logging_mixin.py:190} INFO - [2025-02-27T03:15:42.117+0000] {dag.py:3239} INFO - Sync 1 DAGs
[2025-02-27T03:15:42.171+0000] {logging_mixin.py:190} INFO - [2025-02-27T03:15:42.170+0000] {dag.py:4180} INFO - Setting next_dagrun for example_short_circuit_decorator to None, run_after=None
[2025-02-27T03:15:42.254+0000] {processor.py:208} INFO - Processing /home/airflow/.local/lib/python3.12/site-packages/airflow/example_dags/example_short_circuit_decorator.py took 0.373 seconds
[2025-02-27T03:16:12.613+0000] {processor.py:186} INFO - Started process (PID=2746) to work on /home/airflow/.local/lib/python3.12/site-packages/airflow/example_dags/example_short_circuit_decorator.py
[2025-02-27T03:16:12.615+0000] {processor.py:914} INFO - Processing file /home/airflow/.local/lib/python3.12/site-packages/airflow/example_dags/example_short_circuit_decorator.py for tasks to queue
[2025-02-27T03:16:12.618+0000] {logging_mixin.py:190} INFO - [2025-02-27T03:16:12.618+0000] {dagbag.py:588} INFO - Filling up the DagBag from /home/airflow/.local/lib/python3.12/site-packages/airflow/example_dags/example_short_circuit_decorator.py
[2025-02-27T03:16:12.633+0000] {processor.py:925} INFO - DAG(s) 'example_short_circuit_decorator' retrieved from /home/airflow/.local/lib/python3.12/site-packages/airflow/example_dags/example_short_circuit_decorator.py
[2025-02-27T03:16:12.778+0000] {logging_mixin.py:190} INFO - [2025-02-27T03:16:12.778+0000] {dag.py:3239} INFO - Sync 1 DAGs
[2025-02-27T03:16:12.812+0000] {logging_mixin.py:190} INFO - [2025-02-27T03:16:12.812+0000] {dag.py:4180} INFO - Setting next_dagrun for example_short_circuit_decorator to None, run_after=None
[2025-02-27T03:16:12.871+0000] {processor.py:208} INFO - Processing /home/airflow/.local/lib/python3.12/site-packages/airflow/example_dags/example_short_circuit_decorator.py took 0.265 seconds
[2025-02-27T03:16:43.633+0000] {processor.py:186} INFO - Started process (PID=2809) to work on /home/airflow/.local/lib/python3.12/site-packages/airflow/example_dags/example_short_circuit_decorator.py
[2025-02-27T03:16:43.635+0000] {processor.py:914} INFO - Processing file /home/airflow/.local/lib/python3.12/site-packages/airflow/example_dags/example_short_circuit_decorator.py for tasks to queue
[2025-02-27T03:16:43.638+0000] {logging_mixin.py:190} INFO - [2025-02-27T03:16:43.638+0000] {dagbag.py:588} INFO - Filling up the DagBag from /home/airflow/.local/lib/python3.12/site-packages/airflow/example_dags/example_short_circuit_decorator.py
[2025-02-27T03:16:43.655+0000] {processor.py:925} INFO - DAG(s) 'example_short_circuit_decorator' retrieved from /home/airflow/.local/lib/python3.12/site-packages/airflow/example_dags/example_short_circuit_decorator.py
[2025-02-27T03:16:43.795+0000] {logging_mixin.py:190} INFO - [2025-02-27T03:16:43.795+0000] {dag.py:3239} INFO - Sync 1 DAGs
[2025-02-27T03:16:43.833+0000] {logging_mixin.py:190} INFO - [2025-02-27T03:16:43.833+0000] {dag.py:4180} INFO - Setting next_dagrun for example_short_circuit_decorator to None, run_after=None
[2025-02-27T03:16:43.896+0000] {processor.py:208} INFO - Processing /home/airflow/.local/lib/python3.12/site-packages/airflow/example_dags/example_short_circuit_decorator.py took 0.271 seconds
[2025-02-27T03:17:14.119+0000] {processor.py:186} INFO - Started process (PID=2872) to work on /home/airflow/.local/lib/python3.12/site-packages/airflow/example_dags/example_short_circuit_decorator.py
[2025-02-27T03:17:14.121+0000] {processor.py:914} INFO - Processing file /home/airflow/.local/lib/python3.12/site-packages/airflow/example_dags/example_short_circuit_decorator.py for tasks to queue
[2025-02-27T03:17:14.125+0000] {logging_mixin.py:190} INFO - [2025-02-27T03:17:14.125+0000] {dagbag.py:588} INFO - Filling up the DagBag from /home/airflow/.local/lib/python3.12/site-packages/airflow/example_dags/example_short_circuit_decorator.py
[2025-02-27T03:17:14.142+0000] {processor.py:925} INFO - DAG(s) 'example_short_circuit_decorator' retrieved from /home/airflow/.local/lib/python3.12/site-packages/airflow/example_dags/example_short_circuit_decorator.py
[2025-02-27T03:17:14.291+0000] {logging_mixin.py:190} INFO - [2025-02-27T03:17:14.291+0000] {dag.py:3239} INFO - Sync 1 DAGs
[2025-02-27T03:17:14.352+0000] {logging_mixin.py:190} INFO - [2025-02-27T03:17:14.352+0000] {dag.py:4180} INFO - Setting next_dagrun for example_short_circuit_decorator to None, run_after=None
[2025-02-27T03:17:14.456+0000] {processor.py:208} INFO - Processing /home/airflow/.local/lib/python3.12/site-packages/airflow/example_dags/example_short_circuit_decorator.py took 0.345 seconds
[2025-02-27T03:17:44.578+0000] {processor.py:186} INFO - Started process (PID=2935) to work on /home/airflow/.local/lib/python3.12/site-packages/airflow/example_dags/example_short_circuit_decorator.py
[2025-02-27T03:17:44.580+0000] {processor.py:914} INFO - Processing file /home/airflow/.local/lib/python3.12/site-packages/airflow/example_dags/example_short_circuit_decorator.py for tasks to queue
[2025-02-27T03:17:44.584+0000] {logging_mixin.py:190} INFO - [2025-02-27T03:17:44.583+0000] {dagbag.py:588} INFO - Filling up the DagBag from /home/airflow/.local/lib/python3.12/site-packages/airflow/example_dags/example_short_circuit_decorator.py
[2025-02-27T03:17:44.604+0000] {processor.py:925} INFO - DAG(s) 'example_short_circuit_decorator' retrieved from /home/airflow/.local/lib/python3.12/site-packages/airflow/example_dags/example_short_circuit_decorator.py
[2025-02-27T03:17:44.776+0000] {logging_mixin.py:190} INFO - [2025-02-27T03:17:44.776+0000] {dag.py:3239} INFO - Sync 1 DAGs
[2025-02-27T03:17:44.819+0000] {logging_mixin.py:190} INFO - [2025-02-27T03:17:44.818+0000] {dag.py:4180} INFO - Setting next_dagrun for example_short_circuit_decorator to None, run_after=None
[2025-02-27T03:17:44.906+0000] {processor.py:208} INFO - Processing /home/airflow/.local/lib/python3.12/site-packages/airflow/example_dags/example_short_circuit_decorator.py took 0.339 seconds
[2025-02-27T03:18:15.075+0000] {processor.py:186} INFO - Started process (PID=2998) to work on /home/airflow/.local/lib/python3.12/site-packages/airflow/example_dags/example_short_circuit_decorator.py
[2025-02-27T03:18:15.077+0000] {processor.py:914} INFO - Processing file /home/airflow/.local/lib/python3.12/site-packages/airflow/example_dags/example_short_circuit_decorator.py for tasks to queue
[2025-02-27T03:18:15.080+0000] {logging_mixin.py:190} INFO - [2025-02-27T03:18:15.080+0000] {dagbag.py:588} INFO - Filling up the DagBag from /home/airflow/.local/lib/python3.12/site-packages/airflow/example_dags/example_short_circuit_decorator.py
[2025-02-27T03:18:15.102+0000] {processor.py:925} INFO - DAG(s) 'example_short_circuit_decorator' retrieved from /home/airflow/.local/lib/python3.12/site-packages/airflow/example_dags/example_short_circuit_decorator.py
[2025-02-27T03:18:15.288+0000] {logging_mixin.py:190} INFO - [2025-02-27T03:18:15.287+0000] {dag.py:3239} INFO - Sync 1 DAGs
[2025-02-27T03:18:15.339+0000] {logging_mixin.py:190} INFO - [2025-02-27T03:18:15.338+0000] {dag.py:4180} INFO - Setting next_dagrun for example_short_circuit_decorator to None, run_after=None
[2025-02-27T03:18:15.420+0000] {processor.py:208} INFO - Processing /home/airflow/.local/lib/python3.12/site-packages/airflow/example_dags/example_short_circuit_decorator.py took 0.356 seconds
[2025-02-27T03:18:45.870+0000] {processor.py:186} INFO - Started process (PID=3061) to work on /home/airflow/.local/lib/python3.12/site-packages/airflow/example_dags/example_short_circuit_decorator.py
[2025-02-27T03:18:45.872+0000] {processor.py:914} INFO - Processing file /home/airflow/.local/lib/python3.12/site-packages/airflow/example_dags/example_short_circuit_decorator.py for tasks to queue
[2025-02-27T03:18:45.875+0000] {logging_mixin.py:190} INFO - [2025-02-27T03:18:45.874+0000] {dagbag.py:588} INFO - Filling up the DagBag from /home/airflow/.local/lib/python3.12/site-packages/airflow/example_dags/example_short_circuit_decorator.py
[2025-02-27T03:18:45.886+0000] {processor.py:925} INFO - DAG(s) 'example_short_circuit_decorator' retrieved from /home/airflow/.local/lib/python3.12/site-packages/airflow/example_dags/example_short_circuit_decorator.py
[2025-02-27T03:18:45.999+0000] {logging_mixin.py:190} INFO - [2025-02-27T03:18:45.999+0000] {dag.py:3239} INFO - Sync 1 DAGs
[2025-02-27T03:18:46.035+0000] {logging_mixin.py:190} INFO - [2025-02-27T03:18:46.035+0000] {dag.py:4180} INFO - Setting next_dagrun for example_short_circuit_decorator to None, run_after=None
[2025-02-27T03:18:46.081+0000] {processor.py:208} INFO - Processing /home/airflow/.local/lib/python3.12/site-packages/airflow/example_dags/example_short_circuit_decorator.py took 0.218 seconds
[2025-02-27T03:19:17.291+0000] {processor.py:186} INFO - Started process (PID=3124) to work on /home/airflow/.local/lib/python3.12/site-packages/airflow/example_dags/example_short_circuit_decorator.py
[2025-02-27T03:19:17.292+0000] {processor.py:914} INFO - Processing file /home/airflow/.local/lib/python3.12/site-packages/airflow/example_dags/example_short_circuit_decorator.py for tasks to queue
[2025-02-27T03:19:17.297+0000] {logging_mixin.py:190} INFO - [2025-02-27T03:19:17.296+0000] {dagbag.py:588} INFO - Filling up the DagBag from /home/airflow/.local/lib/python3.12/site-packages/airflow/example_dags/example_short_circuit_decorator.py
[2025-02-27T03:19:17.332+0000] {processor.py:925} INFO - DAG(s) 'example_short_circuit_decorator' retrieved from /home/airflow/.local/lib/python3.12/site-packages/airflow/example_dags/example_short_circuit_decorator.py
[2025-02-27T03:19:17.555+0000] {logging_mixin.py:190} INFO - [2025-02-27T03:19:17.554+0000] {dag.py:3239} INFO - Sync 1 DAGs
[2025-02-27T03:19:17.616+0000] {logging_mixin.py:190} INFO - [2025-02-27T03:19:17.615+0000] {dag.py:4180} INFO - Setting next_dagrun for example_short_circuit_decorator to None, run_after=None
[2025-02-27T03:19:17.680+0000] {processor.py:208} INFO - Processing /home/airflow/.local/lib/python3.12/site-packages/airflow/example_dags/example_short_circuit_decorator.py took 0.406 seconds
[2025-02-27T03:19:48.676+0000] {processor.py:186} INFO - Started process (PID=3188) to work on /home/airflow/.local/lib/python3.12/site-packages/airflow/example_dags/example_short_circuit_decorator.py
[2025-02-27T03:19:48.678+0000] {processor.py:914} INFO - Processing file /home/airflow/.local/lib/python3.12/site-packages/airflow/example_dags/example_short_circuit_decorator.py for tasks to queue
[2025-02-27T03:19:48.681+0000] {logging_mixin.py:190} INFO - [2025-02-27T03:19:48.681+0000] {dagbag.py:588} INFO - Filling up the DagBag from /home/airflow/.local/lib/python3.12/site-packages/airflow/example_dags/example_short_circuit_decorator.py
[2025-02-27T03:19:48.702+0000] {processor.py:925} INFO - DAG(s) 'example_short_circuit_decorator' retrieved from /home/airflow/.local/lib/python3.12/site-packages/airflow/example_dags/example_short_circuit_decorator.py
[2025-02-27T03:19:48.864+0000] {logging_mixin.py:190} INFO - [2025-02-27T03:19:48.863+0000] {dag.py:3239} INFO - Sync 1 DAGs
[2025-02-27T03:19:48.908+0000] {logging_mixin.py:190} INFO - [2025-02-27T03:19:48.908+0000] {dag.py:4180} INFO - Setting next_dagrun for example_short_circuit_decorator to None, run_after=None
[2025-02-27T03:19:48.960+0000] {processor.py:208} INFO - Processing /home/airflow/.local/lib/python3.12/site-packages/airflow/example_dags/example_short_circuit_decorator.py took 0.294 seconds
[2025-02-27T03:20:19.499+0000] {processor.py:186} INFO - Started process (PID=3252) to work on /home/airflow/.local/lib/python3.12/site-packages/airflow/example_dags/example_short_circuit_decorator.py
[2025-02-27T03:20:19.500+0000] {processor.py:914} INFO - Processing file /home/airflow/.local/lib/python3.12/site-packages/airflow/example_dags/example_short_circuit_decorator.py for tasks to queue
[2025-02-27T03:20:19.504+0000] {logging_mixin.py:190} INFO - [2025-02-27T03:20:19.503+0000] {dagbag.py:588} INFO - Filling up the DagBag from /home/airflow/.local/lib/python3.12/site-packages/airflow/example_dags/example_short_circuit_decorator.py
[2025-02-27T03:20:19.518+0000] {processor.py:925} INFO - DAG(s) 'example_short_circuit_decorator' retrieved from /home/airflow/.local/lib/python3.12/site-packages/airflow/example_dags/example_short_circuit_decorator.py
[2025-02-27T03:20:19.692+0000] {logging_mixin.py:190} INFO - [2025-02-27T03:20:19.692+0000] {dag.py:3239} INFO - Sync 1 DAGs
[2025-02-27T03:20:19.726+0000] {logging_mixin.py:190} INFO - [2025-02-27T03:20:19.726+0000] {dag.py:4180} INFO - Setting next_dagrun for example_short_circuit_decorator to None, run_after=None
[2025-02-27T03:20:19.784+0000] {processor.py:208} INFO - Processing /home/airflow/.local/lib/python3.12/site-packages/airflow/example_dags/example_short_circuit_decorator.py took 0.293 seconds
[2025-02-27T03:20:50.150+0000] {processor.py:186} INFO - Started process (PID=3314) to work on /home/airflow/.local/lib/python3.12/site-packages/airflow/example_dags/example_short_circuit_decorator.py
[2025-02-27T03:20:50.152+0000] {processor.py:914} INFO - Processing file /home/airflow/.local/lib/python3.12/site-packages/airflow/example_dags/example_short_circuit_decorator.py for tasks to queue
[2025-02-27T03:20:50.157+0000] {logging_mixin.py:190} INFO - [2025-02-27T03:20:50.156+0000] {dagbag.py:588} INFO - Filling up the DagBag from /home/airflow/.local/lib/python3.12/site-packages/airflow/example_dags/example_short_circuit_decorator.py
[2025-02-27T03:20:50.176+0000] {processor.py:925} INFO - DAG(s) 'example_short_circuit_decorator' retrieved from /home/airflow/.local/lib/python3.12/site-packages/airflow/example_dags/example_short_circuit_decorator.py
[2025-02-27T03:20:50.391+0000] {logging_mixin.py:190} INFO - [2025-02-27T03:20:50.390+0000] {dag.py:3239} INFO - Sync 1 DAGs
[2025-02-27T03:20:50.438+0000] {logging_mixin.py:190} INFO - [2025-02-27T03:20:50.437+0000] {dag.py:4180} INFO - Setting next_dagrun for example_short_circuit_decorator to None, run_after=None
[2025-02-27T03:20:50.542+0000] {processor.py:208} INFO - Processing /home/airflow/.local/lib/python3.12/site-packages/airflow/example_dags/example_short_circuit_decorator.py took 0.402 seconds
