[2025-02-27T02:51:40.222+0000] {processor.py:186} INFO - Started process (PID=127) to work on /home/airflow/.local/lib/python3.12/site-packages/airflow/example_dags/example_xcomargs.py
[2025-02-27T02:51:40.225+0000] {processor.py:914} INFO - Processing file /home/airflow/.local/lib/python3.12/site-packages/airflow/example_dags/example_xcomargs.py for tasks to queue
[2025-02-27T02:51:40.229+0000] {logging_mixin.py:190} INFO - [2025-02-27T02:51:40.229+0000] {dagbag.py:588} INFO - Filling up the DagBag from /home/airflow/.local/lib/python3.12/site-packages/airflow/example_dags/example_xcomargs.py
[2025-02-27T02:51:40.253+0000] {processor.py:925} INFO - DAG(s) 'example_xcom_args_with_operators', 'example_xcom_args' retrieved from /home/airflow/.local/lib/python3.12/site-packages/airflow/example_dags/example_xcomargs.py
[2025-02-27T02:51:40.667+0000] {logging_mixin.py:190} INFO - [2025-02-27T02:51:40.666+0000] {override.py:1912} INFO - Created Permission View: can delete on DAG:example_xcom_args_with_operators
[2025-02-27T02:51:40.703+0000] {logging_mixin.py:190} INFO - [2025-02-27T02:51:40.702+0000] {override.py:1912} INFO - Created Permission View: can read on DAG:example_xcom_args_with_operators
[2025-02-27T02:51:40.722+0000] {logging_mixin.py:190} INFO - [2025-02-27T02:51:40.722+0000] {override.py:1912} INFO - Created Permission View: can edit on DAG:example_xcom_args_with_operators
[2025-02-27T02:51:40.751+0000] {logging_mixin.py:190} INFO - [2025-02-27T02:51:40.750+0000] {override.py:1912} INFO - Created Permission View: menu access on DAG Run:example_xcom_args_with_operators
[2025-02-27T02:51:40.773+0000] {logging_mixin.py:190} INFO - [2025-02-27T02:51:40.772+0000] {override.py:1912} INFO - Created Permission View: can delete on DAG Run:example_xcom_args_with_operators
[2025-02-27T02:51:40.798+0000] {logging_mixin.py:190} INFO - [2025-02-27T02:51:40.797+0000] {override.py:1912} INFO - Created Permission View: can read on DAG Run:example_xcom_args_with_operators
[2025-02-27T02:51:40.825+0000] {logging_mixin.py:190} INFO - [2025-02-27T02:51:40.824+0000] {override.py:1912} INFO - Created Permission View: can create on DAG Run:example_xcom_args_with_operators
[2025-02-27T02:51:40.866+0000] {logging_mixin.py:190} INFO - [2025-02-27T02:51:40.865+0000] {override.py:1912} INFO - Created Permission View: can delete on DAG:example_xcom_args
[2025-02-27T02:51:40.888+0000] {logging_mixin.py:190} INFO - [2025-02-27T02:51:40.887+0000] {override.py:1912} INFO - Created Permission View: can read on DAG:example_xcom_args
[2025-02-27T02:51:40.910+0000] {logging_mixin.py:190} INFO - [2025-02-27T02:51:40.909+0000] {override.py:1912} INFO - Created Permission View: can edit on DAG:example_xcom_args
[2025-02-27T02:51:40.935+0000] {logging_mixin.py:190} INFO - [2025-02-27T02:51:40.934+0000] {override.py:1912} INFO - Created Permission View: menu access on DAG Run:example_xcom_args
[2025-02-27T02:51:40.957+0000] {logging_mixin.py:190} INFO - [2025-02-27T02:51:40.957+0000] {override.py:1912} INFO - Created Permission View: can delete on DAG Run:example_xcom_args
[2025-02-27T02:51:40.978+0000] {logging_mixin.py:190} INFO - [2025-02-27T02:51:40.977+0000] {override.py:1912} INFO - Created Permission View: can read on DAG Run:example_xcom_args
[2025-02-27T02:51:40.998+0000] {logging_mixin.py:190} INFO - [2025-02-27T02:51:40.998+0000] {override.py:1912} INFO - Created Permission View: can create on DAG Run:example_xcom_args
[2025-02-27T02:51:41.000+0000] {logging_mixin.py:190} INFO - [2025-02-27T02:51:40.999+0000] {dag.py:3239} INFO - Sync 2 DAGs
[2025-02-27T02:51:41.032+0000] {logging_mixin.py:190} INFO - [2025-02-27T02:51:41.032+0000] {dag.py:3262} INFO - Creating ORM DAG for example_xcom_args_with_operators
[2025-02-27T02:51:41.035+0000] {logging_mixin.py:190} INFO - [2025-02-27T02:51:41.034+0000] {dag.py:3262} INFO - Creating ORM DAG for example_xcom_args
[2025-02-27T02:51:41.037+0000] {logging_mixin.py:190} INFO - [2025-02-27T02:51:41.036+0000] {dag.py:4180} INFO - Setting next_dagrun for example_xcom_args to None, run_after=None
[2025-02-27T02:51:41.039+0000] {logging_mixin.py:190} INFO - [2025-02-27T02:51:41.039+0000] {dag.py:4180} INFO - Setting next_dagrun for example_xcom_args_with_operators to None, run_after=None
[2025-02-27T02:51:41.082+0000] {processor.py:208} INFO - Processing /home/airflow/.local/lib/python3.12/site-packages/airflow/example_dags/example_xcomargs.py took 0.870 seconds
[2025-02-27T02:54:29.723+0000] {processor.py:186} INFO - Started process (PID=129) to work on /home/airflow/.local/lib/python3.12/site-packages/airflow/example_dags/example_xcomargs.py
[2025-02-27T02:54:29.725+0000] {processor.py:914} INFO - Processing file /home/airflow/.local/lib/python3.12/site-packages/airflow/example_dags/example_xcomargs.py for tasks to queue
[2025-02-27T02:54:29.730+0000] {logging_mixin.py:190} INFO - [2025-02-27T02:54:29.730+0000] {dagbag.py:588} INFO - Filling up the DagBag from /home/airflow/.local/lib/python3.12/site-packages/airflow/example_dags/example_xcomargs.py
[2025-02-27T02:54:29.748+0000] {processor.py:925} INFO - DAG(s) 'example_xcom_args', 'example_xcom_args_with_operators' retrieved from /home/airflow/.local/lib/python3.12/site-packages/airflow/example_dags/example_xcomargs.py
[2025-02-27T02:54:30.155+0000] {logging_mixin.py:190} INFO - [2025-02-27T02:54:30.154+0000] {override.py:1912} INFO - Created Permission View: can read on DAG:example_xcom_args
[2025-02-27T02:54:30.189+0000] {logging_mixin.py:190} INFO - [2025-02-27T02:54:30.188+0000] {override.py:1912} INFO - Created Permission View: can delete on DAG:example_xcom_args
[2025-02-27T02:54:30.231+0000] {logging_mixin.py:190} INFO - [2025-02-27T02:54:30.230+0000] {override.py:1912} INFO - Created Permission View: can edit on DAG:example_xcom_args
[2025-02-27T02:54:30.321+0000] {logging_mixin.py:190} INFO - [2025-02-27T02:54:30.321+0000] {override.py:1912} INFO - Created Permission View: can read on DAG Run:example_xcom_args
[2025-02-27T02:54:30.356+0000] {logging_mixin.py:190} INFO - [2025-02-27T02:54:30.355+0000] {override.py:1912} INFO - Created Permission View: menu access on DAG Run:example_xcom_args
[2025-02-27T02:54:30.384+0000] {logging_mixin.py:190} INFO - [2025-02-27T02:54:30.383+0000] {override.py:1912} INFO - Created Permission View: can delete on DAG Run:example_xcom_args
[2025-02-27T02:54:30.445+0000] {logging_mixin.py:190} INFO - [2025-02-27T02:54:30.440+0000] {override.py:1912} INFO - Created Permission View: can create on DAG Run:example_xcom_args
[2025-02-27T02:54:30.511+0000] {logging_mixin.py:190} INFO - [2025-02-27T02:54:30.511+0000] {override.py:1912} INFO - Created Permission View: can read on DAG:example_xcom_args_with_operators
[2025-02-27T02:54:30.538+0000] {logging_mixin.py:190} INFO - [2025-02-27T02:54:30.537+0000] {override.py:1912} INFO - Created Permission View: can delete on DAG:example_xcom_args_with_operators
[2025-02-27T02:54:30.570+0000] {logging_mixin.py:190} INFO - [2025-02-27T02:54:30.569+0000] {override.py:1912} INFO - Created Permission View: can edit on DAG:example_xcom_args_with_operators
[2025-02-27T02:54:30.624+0000] {logging_mixin.py:190} INFO - [2025-02-27T02:54:30.623+0000] {override.py:1912} INFO - Created Permission View: can read on DAG Run:example_xcom_args_with_operators
[2025-02-27T02:54:30.664+0000] {logging_mixin.py:190} INFO - [2025-02-27T02:54:30.664+0000] {override.py:1912} INFO - Created Permission View: menu access on DAG Run:example_xcom_args_with_operators
[2025-02-27T02:54:30.694+0000] {logging_mixin.py:190} INFO - [2025-02-27T02:54:30.693+0000] {override.py:1912} INFO - Created Permission View: can delete on DAG Run:example_xcom_args_with_operators
[2025-02-27T02:54:30.721+0000] {logging_mixin.py:190} INFO - [2025-02-27T02:54:30.720+0000] {override.py:1912} INFO - Created Permission View: can create on DAG Run:example_xcom_args_with_operators
[2025-02-27T02:54:30.723+0000] {logging_mixin.py:190} INFO - [2025-02-27T02:54:30.723+0000] {dag.py:3239} INFO - Sync 2 DAGs
[2025-02-27T02:54:30.818+0000] {logging_mixin.py:190} INFO - [2025-02-27T02:54:30.818+0000] {dag.py:3262} INFO - Creating ORM DAG for example_xcom_args_with_operators
[2025-02-27T02:54:30.822+0000] {logging_mixin.py:190} INFO - [2025-02-27T02:54:30.821+0000] {dag.py:3262} INFO - Creating ORM DAG for example_xcom_args
[2025-02-27T02:54:30.824+0000] {logging_mixin.py:190} INFO - [2025-02-27T02:54:30.824+0000] {dag.py:4180} INFO - Setting next_dagrun for example_xcom_args to None, run_after=None
[2025-02-27T02:54:30.827+0000] {logging_mixin.py:190} INFO - [2025-02-27T02:54:30.826+0000] {dag.py:4180} INFO - Setting next_dagrun for example_xcom_args_with_operators to None, run_after=None
[2025-02-27T02:54:30.903+0000] {processor.py:208} INFO - Processing /home/airflow/.local/lib/python3.12/site-packages/airflow/example_dags/example_xcomargs.py took 1.190 seconds
[2025-02-27T02:55:01.136+0000] {processor.py:186} INFO - Started process (PID=192) to work on /home/airflow/.local/lib/python3.12/site-packages/airflow/example_dags/example_xcomargs.py
[2025-02-27T02:55:01.138+0000] {processor.py:914} INFO - Processing file /home/airflow/.local/lib/python3.12/site-packages/airflow/example_dags/example_xcomargs.py for tasks to queue
[2025-02-27T02:55:01.142+0000] {logging_mixin.py:190} INFO - [2025-02-27T02:55:01.142+0000] {dagbag.py:588} INFO - Filling up the DagBag from /home/airflow/.local/lib/python3.12/site-packages/airflow/example_dags/example_xcomargs.py
[2025-02-27T02:55:01.175+0000] {processor.py:925} INFO - DAG(s) 'example_xcom_args_with_operators', 'example_xcom_args' retrieved from /home/airflow/.local/lib/python3.12/site-packages/airflow/example_dags/example_xcomargs.py
[2025-02-27T02:55:01.412+0000] {logging_mixin.py:190} INFO - [2025-02-27T02:55:01.412+0000] {dag.py:3239} INFO - Sync 2 DAGs
[2025-02-27T02:55:01.473+0000] {logging_mixin.py:190} INFO - [2025-02-27T02:55:01.473+0000] {dag.py:4180} INFO - Setting next_dagrun for example_xcom_args to None, run_after=None
[2025-02-27T02:55:01.490+0000] {logging_mixin.py:190} INFO - [2025-02-27T02:55:01.489+0000] {dag.py:4180} INFO - Setting next_dagrun for example_xcom_args_with_operators to None, run_after=None
[2025-02-27T02:55:01.572+0000] {processor.py:208} INFO - Processing /home/airflow/.local/lib/python3.12/site-packages/airflow/example_dags/example_xcomargs.py took 0.458 seconds
[2025-02-27T02:55:31.683+0000] {processor.py:186} INFO - Started process (PID=255) to work on /home/airflow/.local/lib/python3.12/site-packages/airflow/example_dags/example_xcomargs.py
[2025-02-27T02:55:31.685+0000] {processor.py:914} INFO - Processing file /home/airflow/.local/lib/python3.12/site-packages/airflow/example_dags/example_xcomargs.py for tasks to queue
[2025-02-27T02:55:31.689+0000] {logging_mixin.py:190} INFO - [2025-02-27T02:55:31.688+0000] {dagbag.py:588} INFO - Filling up the DagBag from /home/airflow/.local/lib/python3.12/site-packages/airflow/example_dags/example_xcomargs.py
[2025-02-27T02:55:31.708+0000] {processor.py:925} INFO - DAG(s) 'example_xcom_args', 'example_xcom_args_with_operators' retrieved from /home/airflow/.local/lib/python3.12/site-packages/airflow/example_dags/example_xcomargs.py
[2025-02-27T02:55:31.868+0000] {logging_mixin.py:190} INFO - [2025-02-27T02:55:31.868+0000] {dag.py:3239} INFO - Sync 2 DAGs
[2025-02-27T02:55:31.918+0000] {logging_mixin.py:190} INFO - [2025-02-27T02:55:31.917+0000] {dag.py:4180} INFO - Setting next_dagrun for example_xcom_args to None, run_after=None
[2025-02-27T02:55:31.931+0000] {logging_mixin.py:190} INFO - [2025-02-27T02:55:31.930+0000] {dag.py:4180} INFO - Setting next_dagrun for example_xcom_args_with_operators to None, run_after=None
[2025-02-27T02:55:32.010+0000] {processor.py:208} INFO - Processing /home/airflow/.local/lib/python3.12/site-packages/airflow/example_dags/example_xcomargs.py took 0.335 seconds
[2025-02-27T02:56:02.402+0000] {processor.py:186} INFO - Started process (PID=318) to work on /home/airflow/.local/lib/python3.12/site-packages/airflow/example_dags/example_xcomargs.py
[2025-02-27T02:56:02.404+0000] {processor.py:914} INFO - Processing file /home/airflow/.local/lib/python3.12/site-packages/airflow/example_dags/example_xcomargs.py for tasks to queue
[2025-02-27T02:56:02.409+0000] {logging_mixin.py:190} INFO - [2025-02-27T02:56:02.408+0000] {dagbag.py:588} INFO - Filling up the DagBag from /home/airflow/.local/lib/python3.12/site-packages/airflow/example_dags/example_xcomargs.py
[2025-02-27T02:56:02.427+0000] {processor.py:925} INFO - DAG(s) 'example_xcom_args_with_operators', 'example_xcom_args' retrieved from /home/airflow/.local/lib/python3.12/site-packages/airflow/example_dags/example_xcomargs.py
[2025-02-27T02:56:02.620+0000] {logging_mixin.py:190} INFO - [2025-02-27T02:56:02.619+0000] {dag.py:3239} INFO - Sync 2 DAGs
[2025-02-27T02:56:02.672+0000] {logging_mixin.py:190} INFO - [2025-02-27T02:56:02.671+0000] {dag.py:4180} INFO - Setting next_dagrun for example_xcom_args to None, run_after=None
[2025-02-27T02:56:02.686+0000] {logging_mixin.py:190} INFO - [2025-02-27T02:56:02.685+0000] {dag.py:4180} INFO - Setting next_dagrun for example_xcom_args_with_operators to None, run_after=None
[2025-02-27T02:56:02.750+0000] {processor.py:208} INFO - Processing /home/airflow/.local/lib/python3.12/site-packages/airflow/example_dags/example_xcomargs.py took 0.359 seconds
[2025-02-27T02:56:32.816+0000] {processor.py:186} INFO - Started process (PID=382) to work on /home/airflow/.local/lib/python3.12/site-packages/airflow/example_dags/example_xcomargs.py
[2025-02-27T02:56:32.818+0000] {processor.py:914} INFO - Processing file /home/airflow/.local/lib/python3.12/site-packages/airflow/example_dags/example_xcomargs.py for tasks to queue
[2025-02-27T02:56:32.824+0000] {logging_mixin.py:190} INFO - [2025-02-27T02:56:32.823+0000] {dagbag.py:588} INFO - Filling up the DagBag from /home/airflow/.local/lib/python3.12/site-packages/airflow/example_dags/example_xcomargs.py
[2025-02-27T02:56:32.845+0000] {processor.py:925} INFO - DAG(s) 'example_xcom_args_with_operators', 'example_xcom_args' retrieved from /home/airflow/.local/lib/python3.12/site-packages/airflow/example_dags/example_xcomargs.py
[2025-02-27T02:56:33.019+0000] {logging_mixin.py:190} INFO - [2025-02-27T02:56:33.019+0000] {dag.py:3239} INFO - Sync 2 DAGs
[2025-02-27T02:56:33.065+0000] {logging_mixin.py:190} INFO - [2025-02-27T02:56:33.065+0000] {dag.py:4180} INFO - Setting next_dagrun for example_xcom_args to None, run_after=None
[2025-02-27T02:56:33.076+0000] {logging_mixin.py:190} INFO - [2025-02-27T02:56:33.076+0000] {dag.py:4180} INFO - Setting next_dagrun for example_xcom_args_with_operators to None, run_after=None
[2025-02-27T02:56:33.136+0000] {processor.py:208} INFO - Processing /home/airflow/.local/lib/python3.12/site-packages/airflow/example_dags/example_xcomargs.py took 0.331 seconds
[2025-02-27T02:57:03.352+0000] {processor.py:186} INFO - Started process (PID=445) to work on /home/airflow/.local/lib/python3.12/site-packages/airflow/example_dags/example_xcomargs.py
[2025-02-27T02:57:03.354+0000] {processor.py:914} INFO - Processing file /home/airflow/.local/lib/python3.12/site-packages/airflow/example_dags/example_xcomargs.py for tasks to queue
[2025-02-27T02:57:03.364+0000] {logging_mixin.py:190} INFO - [2025-02-27T02:57:03.359+0000] {dagbag.py:588} INFO - Filling up the DagBag from /home/airflow/.local/lib/python3.12/site-packages/airflow/example_dags/example_xcomargs.py
[2025-02-27T02:57:03.411+0000] {processor.py:925} INFO - DAG(s) 'example_xcom_args_with_operators', 'example_xcom_args' retrieved from /home/airflow/.local/lib/python3.12/site-packages/airflow/example_dags/example_xcomargs.py
[2025-02-27T02:57:03.910+0000] {logging_mixin.py:190} INFO - [2025-02-27T02:57:03.909+0000] {dag.py:3239} INFO - Sync 2 DAGs
[2025-02-27T02:57:03.983+0000] {logging_mixin.py:190} INFO - [2025-02-27T02:57:03.982+0000] {dag.py:4180} INFO - Setting next_dagrun for example_xcom_args to None, run_after=None
[2025-02-27T02:57:04.002+0000] {logging_mixin.py:190} INFO - [2025-02-27T02:57:04.001+0000] {dag.py:4180} INFO - Setting next_dagrun for example_xcom_args_with_operators to None, run_after=None
[2025-02-27T02:57:04.084+0000] {processor.py:208} INFO - Processing /home/airflow/.local/lib/python3.12/site-packages/airflow/example_dags/example_xcomargs.py took 0.743 seconds
[2025-02-27T02:57:34.449+0000] {processor.py:186} INFO - Started process (PID=508) to work on /home/airflow/.local/lib/python3.12/site-packages/airflow/example_dags/example_xcomargs.py
[2025-02-27T02:57:34.452+0000] {processor.py:914} INFO - Processing file /home/airflow/.local/lib/python3.12/site-packages/airflow/example_dags/example_xcomargs.py for tasks to queue
[2025-02-27T02:57:34.456+0000] {logging_mixin.py:190} INFO - [2025-02-27T02:57:34.455+0000] {dagbag.py:588} INFO - Filling up the DagBag from /home/airflow/.local/lib/python3.12/site-packages/airflow/example_dags/example_xcomargs.py
[2025-02-27T02:57:34.474+0000] {processor.py:925} INFO - DAG(s) 'example_xcom_args_with_operators', 'example_xcom_args' retrieved from /home/airflow/.local/lib/python3.12/site-packages/airflow/example_dags/example_xcomargs.py
[2025-02-27T02:57:34.661+0000] {logging_mixin.py:190} INFO - [2025-02-27T02:57:34.661+0000] {dag.py:3239} INFO - Sync 2 DAGs
[2025-02-27T02:57:34.724+0000] {logging_mixin.py:190} INFO - [2025-02-27T02:57:34.723+0000] {dag.py:4180} INFO - Setting next_dagrun for example_xcom_args to None, run_after=None
[2025-02-27T02:57:34.738+0000] {logging_mixin.py:190} INFO - [2025-02-27T02:57:34.738+0000] {dag.py:4180} INFO - Setting next_dagrun for example_xcom_args_with_operators to None, run_after=None
[2025-02-27T02:57:34.861+0000] {processor.py:208} INFO - Processing /home/airflow/.local/lib/python3.12/site-packages/airflow/example_dags/example_xcomargs.py took 0.421 seconds
[2025-02-27T02:58:05.303+0000] {processor.py:186} INFO - Started process (PID=572) to work on /home/airflow/.local/lib/python3.12/site-packages/airflow/example_dags/example_xcomargs.py
[2025-02-27T02:58:05.305+0000] {processor.py:914} INFO - Processing file /home/airflow/.local/lib/python3.12/site-packages/airflow/example_dags/example_xcomargs.py for tasks to queue
[2025-02-27T02:58:05.310+0000] {logging_mixin.py:190} INFO - [2025-02-27T02:58:05.309+0000] {dagbag.py:588} INFO - Filling up the DagBag from /home/airflow/.local/lib/python3.12/site-packages/airflow/example_dags/example_xcomargs.py
[2025-02-27T02:58:05.333+0000] {processor.py:925} INFO - DAG(s) 'example_xcom_args_with_operators', 'example_xcom_args' retrieved from /home/airflow/.local/lib/python3.12/site-packages/airflow/example_dags/example_xcomargs.py
[2025-02-27T02:58:05.549+0000] {logging_mixin.py:190} INFO - [2025-02-27T02:58:05.548+0000] {dag.py:3239} INFO - Sync 2 DAGs
[2025-02-27T02:58:05.633+0000] {logging_mixin.py:190} INFO - [2025-02-27T02:58:05.632+0000] {dag.py:4180} INFO - Setting next_dagrun for example_xcom_args to None, run_after=None
[2025-02-27T02:58:05.651+0000] {logging_mixin.py:190} INFO - [2025-02-27T02:58:05.651+0000] {dag.py:4180} INFO - Setting next_dagrun for example_xcom_args_with_operators to None, run_after=None
[2025-02-27T02:58:05.741+0000] {processor.py:208} INFO - Processing /home/airflow/.local/lib/python3.12/site-packages/airflow/example_dags/example_xcomargs.py took 0.447 seconds
[2025-02-27T02:58:35.958+0000] {processor.py:186} INFO - Started process (PID=635) to work on /home/airflow/.local/lib/python3.12/site-packages/airflow/example_dags/example_xcomargs.py
[2025-02-27T02:58:35.960+0000] {processor.py:914} INFO - Processing file /home/airflow/.local/lib/python3.12/site-packages/airflow/example_dags/example_xcomargs.py for tasks to queue
[2025-02-27T02:58:35.966+0000] {logging_mixin.py:190} INFO - [2025-02-27T02:58:35.965+0000] {dagbag.py:588} INFO - Filling up the DagBag from /home/airflow/.local/lib/python3.12/site-packages/airflow/example_dags/example_xcomargs.py
[2025-02-27T02:58:35.991+0000] {processor.py:925} INFO - DAG(s) 'example_xcom_args', 'example_xcom_args_with_operators' retrieved from /home/airflow/.local/lib/python3.12/site-packages/airflow/example_dags/example_xcomargs.py
[2025-02-27T02:58:36.221+0000] {logging_mixin.py:190} INFO - [2025-02-27T02:58:36.221+0000] {dag.py:3239} INFO - Sync 2 DAGs
[2025-02-27T02:58:36.310+0000] {logging_mixin.py:190} INFO - [2025-02-27T02:58:36.309+0000] {dag.py:4180} INFO - Setting next_dagrun for example_xcom_args to None, run_after=None
[2025-02-27T02:58:36.329+0000] {logging_mixin.py:190} INFO - [2025-02-27T02:58:36.328+0000] {dag.py:4180} INFO - Setting next_dagrun for example_xcom_args_with_operators to None, run_after=None
[2025-02-27T02:58:36.424+0000] {processor.py:208} INFO - Processing /home/airflow/.local/lib/python3.12/site-packages/airflow/example_dags/example_xcomargs.py took 0.478 seconds
[2025-02-27T02:59:07.532+0000] {processor.py:186} INFO - Started process (PID=697) to work on /home/airflow/.local/lib/python3.12/site-packages/airflow/example_dags/example_xcomargs.py
[2025-02-27T02:59:07.535+0000] {processor.py:914} INFO - Processing file /home/airflow/.local/lib/python3.12/site-packages/airflow/example_dags/example_xcomargs.py for tasks to queue
[2025-02-27T02:59:07.546+0000] {logging_mixin.py:190} INFO - [2025-02-27T02:59:07.545+0000] {dagbag.py:588} INFO - Filling up the DagBag from /home/airflow/.local/lib/python3.12/site-packages/airflow/example_dags/example_xcomargs.py
[2025-02-27T02:59:07.594+0000] {processor.py:925} INFO - DAG(s) 'example_xcom_args', 'example_xcom_args_with_operators' retrieved from /home/airflow/.local/lib/python3.12/site-packages/airflow/example_dags/example_xcomargs.py
[2025-02-27T02:59:07.803+0000] {logging_mixin.py:190} INFO - [2025-02-27T02:59:07.803+0000] {dag.py:3239} INFO - Sync 2 DAGs
[2025-02-27T02:59:07.889+0000] {logging_mixin.py:190} INFO - [2025-02-27T02:59:07.889+0000] {dag.py:4180} INFO - Setting next_dagrun for example_xcom_args to None, run_after=None
[2025-02-27T02:59:07.904+0000] {logging_mixin.py:190} INFO - [2025-02-27T02:59:07.903+0000] {dag.py:4180} INFO - Setting next_dagrun for example_xcom_args_with_operators to None, run_after=None
[2025-02-27T02:59:07.972+0000] {processor.py:208} INFO - Processing /home/airflow/.local/lib/python3.12/site-packages/airflow/example_dags/example_xcomargs.py took 0.458 seconds
[2025-02-27T02:59:42.135+0000] {processor.py:186} INFO - Started process (PID=761) to work on /home/airflow/.local/lib/python3.12/site-packages/airflow/example_dags/example_xcomargs.py
[2025-02-27T02:59:42.137+0000] {processor.py:914} INFO - Processing file /home/airflow/.local/lib/python3.12/site-packages/airflow/example_dags/example_xcomargs.py for tasks to queue
[2025-02-27T02:59:42.140+0000] {logging_mixin.py:190} INFO - [2025-02-27T02:59:42.140+0000] {dagbag.py:588} INFO - Filling up the DagBag from /home/airflow/.local/lib/python3.12/site-packages/airflow/example_dags/example_xcomargs.py
[2025-02-27T02:59:42.170+0000] {processor.py:925} INFO - DAG(s) 'example_xcom_args', 'example_xcom_args_with_operators' retrieved from /home/airflow/.local/lib/python3.12/site-packages/airflow/example_dags/example_xcomargs.py
[2025-02-27T02:59:42.513+0000] {logging_mixin.py:190} INFO - [2025-02-27T02:59:42.513+0000] {dag.py:3239} INFO - Sync 2 DAGs
[2025-02-27T02:59:42.566+0000] {logging_mixin.py:190} INFO - [2025-02-27T02:59:42.566+0000] {dag.py:4180} INFO - Setting next_dagrun for example_xcom_args to None, run_after=None
[2025-02-27T02:59:42.580+0000] {logging_mixin.py:190} INFO - [2025-02-27T02:59:42.580+0000] {dag.py:4180} INFO - Setting next_dagrun for example_xcom_args_with_operators to None, run_after=None
[2025-02-27T02:59:42.649+0000] {processor.py:208} INFO - Processing /home/airflow/.local/lib/python3.12/site-packages/airflow/example_dags/example_xcomargs.py took 0.531 seconds
[2025-02-27T03:00:13.462+0000] {processor.py:186} INFO - Started process (PID=824) to work on /home/airflow/.local/lib/python3.12/site-packages/airflow/example_dags/example_xcomargs.py
[2025-02-27T03:00:13.464+0000] {processor.py:914} INFO - Processing file /home/airflow/.local/lib/python3.12/site-packages/airflow/example_dags/example_xcomargs.py for tasks to queue
[2025-02-27T03:00:13.468+0000] {logging_mixin.py:190} INFO - [2025-02-27T03:00:13.467+0000] {dagbag.py:588} INFO - Filling up the DagBag from /home/airflow/.local/lib/python3.12/site-packages/airflow/example_dags/example_xcomargs.py
[2025-02-27T03:00:13.484+0000] {processor.py:925} INFO - DAG(s) 'example_xcom_args', 'example_xcom_args_with_operators' retrieved from /home/airflow/.local/lib/python3.12/site-packages/airflow/example_dags/example_xcomargs.py
[2025-02-27T03:00:13.675+0000] {logging_mixin.py:190} INFO - [2025-02-27T03:00:13.675+0000] {dag.py:3239} INFO - Sync 2 DAGs
[2025-02-27T03:00:13.736+0000] {logging_mixin.py:190} INFO - [2025-02-27T03:00:13.735+0000] {dag.py:4180} INFO - Setting next_dagrun for example_xcom_args to None, run_after=None
[2025-02-27T03:00:13.748+0000] {logging_mixin.py:190} INFO - [2025-02-27T03:00:13.747+0000] {dag.py:4180} INFO - Setting next_dagrun for example_xcom_args_with_operators to None, run_after=None
[2025-02-27T03:00:13.813+0000] {processor.py:208} INFO - Processing /home/airflow/.local/lib/python3.12/site-packages/airflow/example_dags/example_xcomargs.py took 0.362 seconds
[2025-02-27T03:00:44.906+0000] {processor.py:186} INFO - Started process (PID=887) to work on /home/airflow/.local/lib/python3.12/site-packages/airflow/example_dags/example_xcomargs.py
[2025-02-27T03:00:44.910+0000] {processor.py:914} INFO - Processing file /home/airflow/.local/lib/python3.12/site-packages/airflow/example_dags/example_xcomargs.py for tasks to queue
[2025-02-27T03:00:44.915+0000] {logging_mixin.py:190} INFO - [2025-02-27T03:00:44.914+0000] {dagbag.py:588} INFO - Filling up the DagBag from /home/airflow/.local/lib/python3.12/site-packages/airflow/example_dags/example_xcomargs.py
[2025-02-27T03:00:44.940+0000] {processor.py:925} INFO - DAG(s) 'example_xcom_args_with_operators', 'example_xcom_args' retrieved from /home/airflow/.local/lib/python3.12/site-packages/airflow/example_dags/example_xcomargs.py
[2025-02-27T03:00:45.234+0000] {logging_mixin.py:190} INFO - [2025-02-27T03:00:45.234+0000] {dag.py:3239} INFO - Sync 2 DAGs
[2025-02-27T03:00:45.297+0000] {logging_mixin.py:190} INFO - [2025-02-27T03:00:45.297+0000] {dag.py:4180} INFO - Setting next_dagrun for example_xcom_args to None, run_after=None
[2025-02-27T03:00:45.312+0000] {logging_mixin.py:190} INFO - [2025-02-27T03:00:45.311+0000] {dag.py:4180} INFO - Setting next_dagrun for example_xcom_args_with_operators to None, run_after=None
[2025-02-27T03:00:45.359+0000] {processor.py:208} INFO - Processing /home/airflow/.local/lib/python3.12/site-packages/airflow/example_dags/example_xcomargs.py took 0.465 seconds
[2025-02-27T03:01:16.666+0000] {processor.py:186} INFO - Started process (PID=950) to work on /home/airflow/.local/lib/python3.12/site-packages/airflow/example_dags/example_xcomargs.py
[2025-02-27T03:01:16.668+0000] {processor.py:914} INFO - Processing file /home/airflow/.local/lib/python3.12/site-packages/airflow/example_dags/example_xcomargs.py for tasks to queue
[2025-02-27T03:01:16.681+0000] {logging_mixin.py:190} INFO - [2025-02-27T03:01:16.676+0000] {dagbag.py:588} INFO - Filling up the DagBag from /home/airflow/.local/lib/python3.12/site-packages/airflow/example_dags/example_xcomargs.py
[2025-02-27T03:01:16.724+0000] {processor.py:925} INFO - DAG(s) 'example_xcom_args_with_operators', 'example_xcom_args' retrieved from /home/airflow/.local/lib/python3.12/site-packages/airflow/example_dags/example_xcomargs.py
[2025-02-27T03:01:17.043+0000] {logging_mixin.py:190} INFO - [2025-02-27T03:01:17.042+0000] {dag.py:3239} INFO - Sync 2 DAGs
[2025-02-27T03:01:17.110+0000] {logging_mixin.py:190} INFO - [2025-02-27T03:01:17.110+0000] {dag.py:4180} INFO - Setting next_dagrun for example_xcom_args to None, run_after=None
[2025-02-27T03:01:17.122+0000] {logging_mixin.py:190} INFO - [2025-02-27T03:01:17.122+0000] {dag.py:4180} INFO - Setting next_dagrun for example_xcom_args_with_operators to None, run_after=None
[2025-02-27T03:01:17.180+0000] {processor.py:208} INFO - Processing /home/airflow/.local/lib/python3.12/site-packages/airflow/example_dags/example_xcomargs.py took 0.538 seconds
[2025-02-27T03:01:48.384+0000] {processor.py:186} INFO - Started process (PID=1019) to work on /home/airflow/.local/lib/python3.12/site-packages/airflow/example_dags/example_xcomargs.py
[2025-02-27T03:01:48.386+0000] {processor.py:914} INFO - Processing file /home/airflow/.local/lib/python3.12/site-packages/airflow/example_dags/example_xcomargs.py for tasks to queue
[2025-02-27T03:01:48.392+0000] {logging_mixin.py:190} INFO - [2025-02-27T03:01:48.391+0000] {dagbag.py:588} INFO - Filling up the DagBag from /home/airflow/.local/lib/python3.12/site-packages/airflow/example_dags/example_xcomargs.py
[2025-02-27T03:01:48.412+0000] {processor.py:925} INFO - DAG(s) 'example_xcom_args_with_operators', 'example_xcom_args' retrieved from /home/airflow/.local/lib/python3.12/site-packages/airflow/example_dags/example_xcomargs.py
[2025-02-27T03:01:48.575+0000] {logging_mixin.py:190} INFO - [2025-02-27T03:01:48.574+0000] {dag.py:3239} INFO - Sync 2 DAGs
[2025-02-27T03:01:48.619+0000] {logging_mixin.py:190} INFO - [2025-02-27T03:01:48.618+0000] {dag.py:4180} INFO - Setting next_dagrun for example_xcom_args to None, run_after=None
[2025-02-27T03:01:48.630+0000] {logging_mixin.py:190} INFO - [2025-02-27T03:01:48.630+0000] {dag.py:4180} INFO - Setting next_dagrun for example_xcom_args_with_operators to None, run_after=None
[2025-02-27T03:01:48.681+0000] {processor.py:208} INFO - Processing /home/airflow/.local/lib/python3.12/site-packages/airflow/example_dags/example_xcomargs.py took 0.306 seconds
[2025-02-27T03:02:19.630+0000] {processor.py:186} INFO - Started process (PID=1082) to work on /home/airflow/.local/lib/python3.12/site-packages/airflow/example_dags/example_xcomargs.py
[2025-02-27T03:02:19.632+0000] {processor.py:914} INFO - Processing file /home/airflow/.local/lib/python3.12/site-packages/airflow/example_dags/example_xcomargs.py for tasks to queue
[2025-02-27T03:02:19.637+0000] {logging_mixin.py:190} INFO - [2025-02-27T03:02:19.636+0000] {dagbag.py:588} INFO - Filling up the DagBag from /home/airflow/.local/lib/python3.12/site-packages/airflow/example_dags/example_xcomargs.py
[2025-02-27T03:02:19.656+0000] {processor.py:925} INFO - DAG(s) 'example_xcom_args', 'example_xcom_args_with_operators' retrieved from /home/airflow/.local/lib/python3.12/site-packages/airflow/example_dags/example_xcomargs.py
[2025-02-27T03:02:19.838+0000] {logging_mixin.py:190} INFO - [2025-02-27T03:02:19.838+0000] {dag.py:3239} INFO - Sync 2 DAGs
[2025-02-27T03:02:19.904+0000] {logging_mixin.py:190} INFO - [2025-02-27T03:02:19.903+0000] {dag.py:4180} INFO - Setting next_dagrun for example_xcom_args to None, run_after=None
[2025-02-27T03:02:19.917+0000] {logging_mixin.py:190} INFO - [2025-02-27T03:02:19.916+0000] {dag.py:4180} INFO - Setting next_dagrun for example_xcom_args_with_operators to None, run_after=None
[2025-02-27T03:02:19.992+0000] {processor.py:208} INFO - Processing /home/airflow/.local/lib/python3.12/site-packages/airflow/example_dags/example_xcomargs.py took 0.372 seconds
[2025-02-27T03:02:53.186+0000] {processor.py:186} INFO - Started process (PID=1145) to work on /home/airflow/.local/lib/python3.12/site-packages/airflow/example_dags/example_xcomargs.py
[2025-02-27T03:02:53.187+0000] {processor.py:914} INFO - Processing file /home/airflow/.local/lib/python3.12/site-packages/airflow/example_dags/example_xcomargs.py for tasks to queue
[2025-02-27T03:02:53.191+0000] {logging_mixin.py:190} INFO - [2025-02-27T03:02:53.190+0000] {dagbag.py:588} INFO - Filling up the DagBag from /home/airflow/.local/lib/python3.12/site-packages/airflow/example_dags/example_xcomargs.py
[2025-02-27T03:02:53.206+0000] {processor.py:925} INFO - DAG(s) 'example_xcom_args_with_operators', 'example_xcom_args' retrieved from /home/airflow/.local/lib/python3.12/site-packages/airflow/example_dags/example_xcomargs.py
[2025-02-27T03:02:53.355+0000] {logging_mixin.py:190} INFO - [2025-02-27T03:02:53.354+0000] {dag.py:3239} INFO - Sync 2 DAGs
[2025-02-27T03:02:53.402+0000] {logging_mixin.py:190} INFO - [2025-02-27T03:02:53.402+0000] {dag.py:4180} INFO - Setting next_dagrun for example_xcom_args to None, run_after=None
[2025-02-27T03:02:53.414+0000] {logging_mixin.py:190} INFO - [2025-02-27T03:02:53.414+0000] {dag.py:4180} INFO - Setting next_dagrun for example_xcom_args_with_operators to None, run_after=None
[2025-02-27T03:02:53.458+0000] {processor.py:208} INFO - Processing /home/airflow/.local/lib/python3.12/site-packages/airflow/example_dags/example_xcomargs.py took 0.280 seconds
[2025-02-27T03:03:24.165+0000] {processor.py:186} INFO - Started process (PID=1209) to work on /home/airflow/.local/lib/python3.12/site-packages/airflow/example_dags/example_xcomargs.py
[2025-02-27T03:03:24.167+0000] {processor.py:914} INFO - Processing file /home/airflow/.local/lib/python3.12/site-packages/airflow/example_dags/example_xcomargs.py for tasks to queue
[2025-02-27T03:03:24.173+0000] {logging_mixin.py:190} INFO - [2025-02-27T03:03:24.171+0000] {dagbag.py:588} INFO - Filling up the DagBag from /home/airflow/.local/lib/python3.12/site-packages/airflow/example_dags/example_xcomargs.py
[2025-02-27T03:03:24.189+0000] {processor.py:925} INFO - DAG(s) 'example_xcom_args', 'example_xcom_args_with_operators' retrieved from /home/airflow/.local/lib/python3.12/site-packages/airflow/example_dags/example_xcomargs.py
[2025-02-27T03:03:24.361+0000] {logging_mixin.py:190} INFO - [2025-02-27T03:03:24.361+0000] {dag.py:3239} INFO - Sync 2 DAGs
[2025-02-27T03:03:24.410+0000] {logging_mixin.py:190} INFO - [2025-02-27T03:03:24.409+0000] {dag.py:4180} INFO - Setting next_dagrun for example_xcom_args to None, run_after=None
[2025-02-27T03:03:24.420+0000] {logging_mixin.py:190} INFO - [2025-02-27T03:03:24.420+0000] {dag.py:4180} INFO - Setting next_dagrun for example_xcom_args_with_operators to None, run_after=None
[2025-02-27T03:03:24.477+0000] {processor.py:208} INFO - Processing /home/airflow/.local/lib/python3.12/site-packages/airflow/example_dags/example_xcomargs.py took 0.323 seconds
[2025-02-27T03:03:57.138+0000] {processor.py:186} INFO - Started process (PID=1272) to work on /home/airflow/.local/lib/python3.12/site-packages/airflow/example_dags/example_xcomargs.py
[2025-02-27T03:03:57.140+0000] {processor.py:914} INFO - Processing file /home/airflow/.local/lib/python3.12/site-packages/airflow/example_dags/example_xcomargs.py for tasks to queue
[2025-02-27T03:03:57.147+0000] {logging_mixin.py:190} INFO - [2025-02-27T03:03:57.146+0000] {dagbag.py:588} INFO - Filling up the DagBag from /home/airflow/.local/lib/python3.12/site-packages/airflow/example_dags/example_xcomargs.py
[2025-02-27T03:03:57.175+0000] {processor.py:925} INFO - DAG(s) 'example_xcom_args_with_operators', 'example_xcom_args' retrieved from /home/airflow/.local/lib/python3.12/site-packages/airflow/example_dags/example_xcomargs.py
[2025-02-27T03:03:57.381+0000] {logging_mixin.py:190} INFO - [2025-02-27T03:03:57.380+0000] {dag.py:3239} INFO - Sync 2 DAGs
[2025-02-27T03:03:57.433+0000] {logging_mixin.py:190} INFO - [2025-02-27T03:03:57.432+0000] {dag.py:4180} INFO - Setting next_dagrun for example_xcom_args to None, run_after=None
[2025-02-27T03:03:57.444+0000] {logging_mixin.py:190} INFO - [2025-02-27T03:03:57.443+0000] {dag.py:4180} INFO - Setting next_dagrun for example_xcom_args_with_operators to None, run_after=None
[2025-02-27T03:03:57.504+0000] {processor.py:208} INFO - Processing /home/airflow/.local/lib/python3.12/site-packages/airflow/example_dags/example_xcomargs.py took 0.379 seconds
[2025-02-27T03:04:27.628+0000] {processor.py:186} INFO - Started process (PID=1334) to work on /home/airflow/.local/lib/python3.12/site-packages/airflow/example_dags/example_xcomargs.py
[2025-02-27T03:04:27.630+0000] {processor.py:914} INFO - Processing file /home/airflow/.local/lib/python3.12/site-packages/airflow/example_dags/example_xcomargs.py for tasks to queue
[2025-02-27T03:04:27.633+0000] {logging_mixin.py:190} INFO - [2025-02-27T03:04:27.632+0000] {dagbag.py:588} INFO - Filling up the DagBag from /home/airflow/.local/lib/python3.12/site-packages/airflow/example_dags/example_xcomargs.py
[2025-02-27T03:04:27.651+0000] {processor.py:925} INFO - DAG(s) 'example_xcom_args_with_operators', 'example_xcom_args' retrieved from /home/airflow/.local/lib/python3.12/site-packages/airflow/example_dags/example_xcomargs.py
[2025-02-27T03:04:27.802+0000] {logging_mixin.py:190} INFO - [2025-02-27T03:04:27.801+0000] {dag.py:3239} INFO - Sync 2 DAGs
[2025-02-27T03:04:27.841+0000] {logging_mixin.py:190} INFO - [2025-02-27T03:04:27.841+0000] {dag.py:4180} INFO - Setting next_dagrun for example_xcom_args to None, run_after=None
[2025-02-27T03:04:27.850+0000] {logging_mixin.py:190} INFO - [2025-02-27T03:04:27.850+0000] {dag.py:4180} INFO - Setting next_dagrun for example_xcom_args_with_operators to None, run_after=None
[2025-02-27T03:04:27.905+0000] {processor.py:208} INFO - Processing /home/airflow/.local/lib/python3.12/site-packages/airflow/example_dags/example_xcomargs.py took 0.285 seconds
[2025-02-27T03:04:59.459+0000] {processor.py:186} INFO - Started process (PID=1397) to work on /home/airflow/.local/lib/python3.12/site-packages/airflow/example_dags/example_xcomargs.py
[2025-02-27T03:04:59.461+0000] {processor.py:914} INFO - Processing file /home/airflow/.local/lib/python3.12/site-packages/airflow/example_dags/example_xcomargs.py for tasks to queue
[2025-02-27T03:04:59.464+0000] {logging_mixin.py:190} INFO - [2025-02-27T03:04:59.464+0000] {dagbag.py:588} INFO - Filling up the DagBag from /home/airflow/.local/lib/python3.12/site-packages/airflow/example_dags/example_xcomargs.py
[2025-02-27T03:04:59.485+0000] {processor.py:925} INFO - DAG(s) 'example_xcom_args_with_operators', 'example_xcom_args' retrieved from /home/airflow/.local/lib/python3.12/site-packages/airflow/example_dags/example_xcomargs.py
[2025-02-27T03:04:59.651+0000] {logging_mixin.py:190} INFO - [2025-02-27T03:04:59.651+0000] {dag.py:3239} INFO - Sync 2 DAGs
[2025-02-27T03:04:59.698+0000] {logging_mixin.py:190} INFO - [2025-02-27T03:04:59.697+0000] {dag.py:4180} INFO - Setting next_dagrun for example_xcom_args to None, run_after=None
[2025-02-27T03:04:59.710+0000] {logging_mixin.py:190} INFO - [2025-02-27T03:04:59.709+0000] {dag.py:4180} INFO - Setting next_dagrun for example_xcom_args_with_operators to None, run_after=None
[2025-02-27T03:04:59.763+0000] {processor.py:208} INFO - Processing /home/airflow/.local/lib/python3.12/site-packages/airflow/example_dags/example_xcomargs.py took 0.314 seconds
[2025-02-27T03:05:29.945+0000] {processor.py:186} INFO - Started process (PID=1460) to work on /home/airflow/.local/lib/python3.12/site-packages/airflow/example_dags/example_xcomargs.py
[2025-02-27T03:05:29.946+0000] {processor.py:914} INFO - Processing file /home/airflow/.local/lib/python3.12/site-packages/airflow/example_dags/example_xcomargs.py for tasks to queue
[2025-02-27T03:05:29.951+0000] {logging_mixin.py:190} INFO - [2025-02-27T03:05:29.951+0000] {dagbag.py:588} INFO - Filling up the DagBag from /home/airflow/.local/lib/python3.12/site-packages/airflow/example_dags/example_xcomargs.py
[2025-02-27T03:05:29.980+0000] {processor.py:925} INFO - DAG(s) 'example_xcom_args', 'example_xcom_args_with_operators' retrieved from /home/airflow/.local/lib/python3.12/site-packages/airflow/example_dags/example_xcomargs.py
[2025-02-27T03:05:30.164+0000] {logging_mixin.py:190} INFO - [2025-02-27T03:05:30.164+0000] {dag.py:3239} INFO - Sync 2 DAGs
[2025-02-27T03:05:30.214+0000] {logging_mixin.py:190} INFO - [2025-02-27T03:05:30.214+0000] {dag.py:4180} INFO - Setting next_dagrun for example_xcom_args to None, run_after=None
[2025-02-27T03:05:30.226+0000] {logging_mixin.py:190} INFO - [2025-02-27T03:05:30.226+0000] {dag.py:4180} INFO - Setting next_dagrun for example_xcom_args_with_operators to None, run_after=None
[2025-02-27T03:05:30.292+0000] {processor.py:208} INFO - Processing /home/airflow/.local/lib/python3.12/site-packages/airflow/example_dags/example_xcomargs.py took 0.355 seconds
[2025-02-27T03:06:02.012+0000] {processor.py:186} INFO - Started process (PID=1523) to work on /home/airflow/.local/lib/python3.12/site-packages/airflow/example_dags/example_xcomargs.py
[2025-02-27T03:06:02.014+0000] {processor.py:914} INFO - Processing file /home/airflow/.local/lib/python3.12/site-packages/airflow/example_dags/example_xcomargs.py for tasks to queue
[2025-02-27T03:06:02.019+0000] {logging_mixin.py:190} INFO - [2025-02-27T03:06:02.018+0000] {dagbag.py:588} INFO - Filling up the DagBag from /home/airflow/.local/lib/python3.12/site-packages/airflow/example_dags/example_xcomargs.py
[2025-02-27T03:06:02.047+0000] {processor.py:925} INFO - DAG(s) 'example_xcom_args', 'example_xcom_args_with_operators' retrieved from /home/airflow/.local/lib/python3.12/site-packages/airflow/example_dags/example_xcomargs.py
[2025-02-27T03:06:02.236+0000] {logging_mixin.py:190} INFO - [2025-02-27T03:06:02.234+0000] {dag.py:3239} INFO - Sync 2 DAGs
[2025-02-27T03:06:02.297+0000] {logging_mixin.py:190} INFO - [2025-02-27T03:06:02.297+0000] {dag.py:4180} INFO - Setting next_dagrun for example_xcom_args to None, run_after=None
[2025-02-27T03:06:02.319+0000] {logging_mixin.py:190} INFO - [2025-02-27T03:06:02.318+0000] {dag.py:4180} INFO - Setting next_dagrun for example_xcom_args_with_operators to None, run_after=None
[2025-02-27T03:06:02.375+0000] {processor.py:208} INFO - Processing /home/airflow/.local/lib/python3.12/site-packages/airflow/example_dags/example_xcomargs.py took 0.377 seconds
[2025-02-27T03:06:34.851+0000] {processor.py:186} INFO - Started process (PID=1586) to work on /home/airflow/.local/lib/python3.12/site-packages/airflow/example_dags/example_xcomargs.py
[2025-02-27T03:06:34.852+0000] {processor.py:914} INFO - Processing file /home/airflow/.local/lib/python3.12/site-packages/airflow/example_dags/example_xcomargs.py for tasks to queue
[2025-02-27T03:06:34.856+0000] {logging_mixin.py:190} INFO - [2025-02-27T03:06:34.856+0000] {dagbag.py:588} INFO - Filling up the DagBag from /home/airflow/.local/lib/python3.12/site-packages/airflow/example_dags/example_xcomargs.py
[2025-02-27T03:06:34.876+0000] {processor.py:925} INFO - DAG(s) 'example_xcom_args', 'example_xcom_args_with_operators' retrieved from /home/airflow/.local/lib/python3.12/site-packages/airflow/example_dags/example_xcomargs.py
[2025-02-27T03:06:35.093+0000] {logging_mixin.py:190} INFO - [2025-02-27T03:06:35.092+0000] {dag.py:3239} INFO - Sync 2 DAGs
[2025-02-27T03:06:35.148+0000] {logging_mixin.py:190} INFO - [2025-02-27T03:06:35.147+0000] {dag.py:4180} INFO - Setting next_dagrun for example_xcom_args to None, run_after=None
[2025-02-27T03:06:35.160+0000] {logging_mixin.py:190} INFO - [2025-02-27T03:06:35.159+0000] {dag.py:4180} INFO - Setting next_dagrun for example_xcom_args_with_operators to None, run_after=None
[2025-02-27T03:06:35.229+0000] {processor.py:208} INFO - Processing /home/airflow/.local/lib/python3.12/site-packages/airflow/example_dags/example_xcomargs.py took 0.388 seconds
[2025-02-27T03:07:05.959+0000] {processor.py:186} INFO - Started process (PID=1649) to work on /home/airflow/.local/lib/python3.12/site-packages/airflow/example_dags/example_xcomargs.py
[2025-02-27T03:07:05.961+0000] {processor.py:914} INFO - Processing file /home/airflow/.local/lib/python3.12/site-packages/airflow/example_dags/example_xcomargs.py for tasks to queue
[2025-02-27T03:07:05.966+0000] {logging_mixin.py:190} INFO - [2025-02-27T03:07:05.965+0000] {dagbag.py:588} INFO - Filling up the DagBag from /home/airflow/.local/lib/python3.12/site-packages/airflow/example_dags/example_xcomargs.py
[2025-02-27T03:07:05.992+0000] {processor.py:925} INFO - DAG(s) 'example_xcom_args_with_operators', 'example_xcom_args' retrieved from /home/airflow/.local/lib/python3.12/site-packages/airflow/example_dags/example_xcomargs.py
[2025-02-27T03:07:06.284+0000] {logging_mixin.py:190} INFO - [2025-02-27T03:07:06.283+0000] {dag.py:3239} INFO - Sync 2 DAGs
[2025-02-27T03:07:06.357+0000] {logging_mixin.py:190} INFO - [2025-02-27T03:07:06.356+0000] {dag.py:4180} INFO - Setting next_dagrun for example_xcom_args to None, run_after=None
[2025-02-27T03:07:06.375+0000] {logging_mixin.py:190} INFO - [2025-02-27T03:07:06.375+0000] {dag.py:4180} INFO - Setting next_dagrun for example_xcom_args_with_operators to None, run_after=None
[2025-02-27T03:07:06.466+0000] {processor.py:208} INFO - Processing /home/airflow/.local/lib/python3.12/site-packages/airflow/example_dags/example_xcomargs.py took 0.523 seconds
[2025-02-27T03:07:37.170+0000] {processor.py:186} INFO - Started process (PID=1712) to work on /home/airflow/.local/lib/python3.12/site-packages/airflow/example_dags/example_xcomargs.py
[2025-02-27T03:07:37.171+0000] {processor.py:914} INFO - Processing file /home/airflow/.local/lib/python3.12/site-packages/airflow/example_dags/example_xcomargs.py for tasks to queue
[2025-02-27T03:07:37.181+0000] {logging_mixin.py:190} INFO - [2025-02-27T03:07:37.178+0000] {dagbag.py:588} INFO - Filling up the DagBag from /home/airflow/.local/lib/python3.12/site-packages/airflow/example_dags/example_xcomargs.py
[2025-02-27T03:07:37.204+0000] {processor.py:925} INFO - DAG(s) 'example_xcom_args', 'example_xcom_args_with_operators' retrieved from /home/airflow/.local/lib/python3.12/site-packages/airflow/example_dags/example_xcomargs.py
[2025-02-27T03:07:37.392+0000] {logging_mixin.py:190} INFO - [2025-02-27T03:07:37.391+0000] {dag.py:3239} INFO - Sync 2 DAGs
[2025-02-27T03:07:37.443+0000] {logging_mixin.py:190} INFO - [2025-02-27T03:07:37.442+0000] {dag.py:4180} INFO - Setting next_dagrun for example_xcom_args to None, run_after=None
[2025-02-27T03:07:37.457+0000] {logging_mixin.py:190} INFO - [2025-02-27T03:07:37.457+0000] {dag.py:4180} INFO - Setting next_dagrun for example_xcom_args_with_operators to None, run_after=None
[2025-02-27T03:07:37.524+0000] {processor.py:208} INFO - Processing /home/airflow/.local/lib/python3.12/site-packages/airflow/example_dags/example_xcomargs.py took 0.362 seconds
[2025-02-27T03:08:08.466+0000] {processor.py:186} INFO - Started process (PID=1775) to work on /home/airflow/.local/lib/python3.12/site-packages/airflow/example_dags/example_xcomargs.py
[2025-02-27T03:08:08.468+0000] {processor.py:914} INFO - Processing file /home/airflow/.local/lib/python3.12/site-packages/airflow/example_dags/example_xcomargs.py for tasks to queue
[2025-02-27T03:08:08.473+0000] {logging_mixin.py:190} INFO - [2025-02-27T03:08:08.472+0000] {dagbag.py:588} INFO - Filling up the DagBag from /home/airflow/.local/lib/python3.12/site-packages/airflow/example_dags/example_xcomargs.py
[2025-02-27T03:08:08.494+0000] {processor.py:925} INFO - DAG(s) 'example_xcom_args', 'example_xcom_args_with_operators' retrieved from /home/airflow/.local/lib/python3.12/site-packages/airflow/example_dags/example_xcomargs.py
[2025-02-27T03:08:08.664+0000] {logging_mixin.py:190} INFO - [2025-02-27T03:08:08.663+0000] {dag.py:3239} INFO - Sync 2 DAGs
[2025-02-27T03:08:08.711+0000] {logging_mixin.py:190} INFO - [2025-02-27T03:08:08.710+0000] {dag.py:4180} INFO - Setting next_dagrun for example_xcom_args to None, run_after=None
[2025-02-27T03:08:08.725+0000] {logging_mixin.py:190} INFO - [2025-02-27T03:08:08.724+0000] {dag.py:4180} INFO - Setting next_dagrun for example_xcom_args_with_operators to None, run_after=None
[2025-02-27T03:08:08.771+0000] {processor.py:208} INFO - Processing /home/airflow/.local/lib/python3.12/site-packages/airflow/example_dags/example_xcomargs.py took 0.315 seconds
[2025-02-27T03:08:39.768+0000] {processor.py:186} INFO - Started process (PID=1838) to work on /home/airflow/.local/lib/python3.12/site-packages/airflow/example_dags/example_xcomargs.py
[2025-02-27T03:08:39.770+0000] {processor.py:914} INFO - Processing file /home/airflow/.local/lib/python3.12/site-packages/airflow/example_dags/example_xcomargs.py for tasks to queue
[2025-02-27T03:08:39.774+0000] {logging_mixin.py:190} INFO - [2025-02-27T03:08:39.773+0000] {dagbag.py:588} INFO - Filling up the DagBag from /home/airflow/.local/lib/python3.12/site-packages/airflow/example_dags/example_xcomargs.py
[2025-02-27T03:08:39.791+0000] {processor.py:925} INFO - DAG(s) 'example_xcom_args', 'example_xcom_args_with_operators' retrieved from /home/airflow/.local/lib/python3.12/site-packages/airflow/example_dags/example_xcomargs.py
[2025-02-27T03:08:39.966+0000] {logging_mixin.py:190} INFO - [2025-02-27T03:08:39.966+0000] {dag.py:3239} INFO - Sync 2 DAGs
[2025-02-27T03:08:40.033+0000] {logging_mixin.py:190} INFO - [2025-02-27T03:08:40.032+0000] {dag.py:4180} INFO - Setting next_dagrun for example_xcom_args to None, run_after=None
[2025-02-27T03:08:40.046+0000] {logging_mixin.py:190} INFO - [2025-02-27T03:08:40.046+0000] {dag.py:4180} INFO - Setting next_dagrun for example_xcom_args_with_operators to None, run_after=None
[2025-02-27T03:08:40.111+0000] {processor.py:208} INFO - Processing /home/airflow/.local/lib/python3.12/site-packages/airflow/example_dags/example_xcomargs.py took 0.352 seconds
[2025-02-27T03:09:10.276+0000] {processor.py:186} INFO - Started process (PID=1901) to work on /home/airflow/.local/lib/python3.12/site-packages/airflow/example_dags/example_xcomargs.py
[2025-02-27T03:09:10.278+0000] {processor.py:914} INFO - Processing file /home/airflow/.local/lib/python3.12/site-packages/airflow/example_dags/example_xcomargs.py for tasks to queue
[2025-02-27T03:09:10.291+0000] {logging_mixin.py:190} INFO - [2025-02-27T03:09:10.291+0000] {dagbag.py:588} INFO - Filling up the DagBag from /home/airflow/.local/lib/python3.12/site-packages/airflow/example_dags/example_xcomargs.py
[2025-02-27T03:09:10.322+0000] {processor.py:925} INFO - DAG(s) 'example_xcom_args', 'example_xcom_args_with_operators' retrieved from /home/airflow/.local/lib/python3.12/site-packages/airflow/example_dags/example_xcomargs.py
[2025-02-27T03:09:10.522+0000] {logging_mixin.py:190} INFO - [2025-02-27T03:09:10.521+0000] {dag.py:3239} INFO - Sync 2 DAGs
[2025-02-27T03:09:10.574+0000] {logging_mixin.py:190} INFO - [2025-02-27T03:09:10.573+0000] {dag.py:4180} INFO - Setting next_dagrun for example_xcom_args to None, run_after=None
[2025-02-27T03:09:10.585+0000] {logging_mixin.py:190} INFO - [2025-02-27T03:09:10.584+0000] {dag.py:4180} INFO - Setting next_dagrun for example_xcom_args_with_operators to None, run_after=None
[2025-02-27T03:09:10.641+0000] {processor.py:208} INFO - Processing /home/airflow/.local/lib/python3.12/site-packages/airflow/example_dags/example_xcomargs.py took 0.392 seconds
[2025-02-27T03:09:43.061+0000] {processor.py:186} INFO - Started process (PID=1964) to work on /home/airflow/.local/lib/python3.12/site-packages/airflow/example_dags/example_xcomargs.py
[2025-02-27T03:09:43.063+0000] {processor.py:914} INFO - Processing file /home/airflow/.local/lib/python3.12/site-packages/airflow/example_dags/example_xcomargs.py for tasks to queue
[2025-02-27T03:09:43.068+0000] {logging_mixin.py:190} INFO - [2025-02-27T03:09:43.067+0000] {dagbag.py:588} INFO - Filling up the DagBag from /home/airflow/.local/lib/python3.12/site-packages/airflow/example_dags/example_xcomargs.py
[2025-02-27T03:09:43.084+0000] {processor.py:925} INFO - DAG(s) 'example_xcom_args_with_operators', 'example_xcom_args' retrieved from /home/airflow/.local/lib/python3.12/site-packages/airflow/example_dags/example_xcomargs.py
[2025-02-27T03:09:43.232+0000] {logging_mixin.py:190} INFO - [2025-02-27T03:09:43.232+0000] {dag.py:3239} INFO - Sync 2 DAGs
[2025-02-27T03:09:43.290+0000] {logging_mixin.py:190} INFO - [2025-02-27T03:09:43.290+0000] {dag.py:4180} INFO - Setting next_dagrun for example_xcom_args to None, run_after=None
[2025-02-27T03:09:43.298+0000] {logging_mixin.py:190} INFO - [2025-02-27T03:09:43.298+0000] {dag.py:4180} INFO - Setting next_dagrun for example_xcom_args_with_operators to None, run_after=None
[2025-02-27T03:09:43.356+0000] {processor.py:208} INFO - Processing /home/airflow/.local/lib/python3.12/site-packages/airflow/example_dags/example_xcomargs.py took 0.307 seconds
[2025-02-27T03:10:13.987+0000] {processor.py:186} INFO - Started process (PID=2026) to work on /home/airflow/.local/lib/python3.12/site-packages/airflow/example_dags/example_xcomargs.py
[2025-02-27T03:10:13.989+0000] {processor.py:914} INFO - Processing file /home/airflow/.local/lib/python3.12/site-packages/airflow/example_dags/example_xcomargs.py for tasks to queue
[2025-02-27T03:10:13.993+0000] {logging_mixin.py:190} INFO - [2025-02-27T03:10:13.992+0000] {dagbag.py:588} INFO - Filling up the DagBag from /home/airflow/.local/lib/python3.12/site-packages/airflow/example_dags/example_xcomargs.py
[2025-02-27T03:10:14.010+0000] {processor.py:925} INFO - DAG(s) 'example_xcom_args_with_operators', 'example_xcom_args' retrieved from /home/airflow/.local/lib/python3.12/site-packages/airflow/example_dags/example_xcomargs.py
[2025-02-27T03:10:14.183+0000] {logging_mixin.py:190} INFO - [2025-02-27T03:10:14.180+0000] {dag.py:3239} INFO - Sync 2 DAGs
[2025-02-27T03:10:14.240+0000] {logging_mixin.py:190} INFO - [2025-02-27T03:10:14.240+0000] {dag.py:4180} INFO - Setting next_dagrun for example_xcom_args to None, run_after=None
[2025-02-27T03:10:14.251+0000] {logging_mixin.py:190} INFO - [2025-02-27T03:10:14.251+0000] {dag.py:4180} INFO - Setting next_dagrun for example_xcom_args_with_operators to None, run_after=None
[2025-02-27T03:10:14.326+0000] {processor.py:208} INFO - Processing /home/airflow/.local/lib/python3.12/site-packages/airflow/example_dags/example_xcomargs.py took 0.348 seconds
[2025-02-27T03:10:44.750+0000] {processor.py:186} INFO - Started process (PID=2089) to work on /home/airflow/.local/lib/python3.12/site-packages/airflow/example_dags/example_xcomargs.py
[2025-02-27T03:10:44.752+0000] {processor.py:914} INFO - Processing file /home/airflow/.local/lib/python3.12/site-packages/airflow/example_dags/example_xcomargs.py for tasks to queue
[2025-02-27T03:10:44.756+0000] {logging_mixin.py:190} INFO - [2025-02-27T03:10:44.756+0000] {dagbag.py:588} INFO - Filling up the DagBag from /home/airflow/.local/lib/python3.12/site-packages/airflow/example_dags/example_xcomargs.py
[2025-02-27T03:10:44.772+0000] {processor.py:925} INFO - DAG(s) 'example_xcom_args', 'example_xcom_args_with_operators' retrieved from /home/airflow/.local/lib/python3.12/site-packages/airflow/example_dags/example_xcomargs.py
[2025-02-27T03:10:44.917+0000] {logging_mixin.py:190} INFO - [2025-02-27T03:10:44.917+0000] {dag.py:3239} INFO - Sync 2 DAGs
[2025-02-27T03:10:44.959+0000] {logging_mixin.py:190} INFO - [2025-02-27T03:10:44.959+0000] {dag.py:4180} INFO - Setting next_dagrun for example_xcom_args to None, run_after=None
[2025-02-27T03:10:44.968+0000] {logging_mixin.py:190} INFO - [2025-02-27T03:10:44.967+0000] {dag.py:4180} INFO - Setting next_dagrun for example_xcom_args_with_operators to None, run_after=None
[2025-02-27T03:10:45.043+0000] {processor.py:208} INFO - Processing /home/airflow/.local/lib/python3.12/site-packages/airflow/example_dags/example_xcomargs.py took 0.302 seconds
[2025-02-27T03:11:15.268+0000] {processor.py:186} INFO - Started process (PID=2152) to work on /home/airflow/.local/lib/python3.12/site-packages/airflow/example_dags/example_xcomargs.py
[2025-02-27T03:11:15.270+0000] {processor.py:914} INFO - Processing file /home/airflow/.local/lib/python3.12/site-packages/airflow/example_dags/example_xcomargs.py for tasks to queue
[2025-02-27T03:11:15.274+0000] {logging_mixin.py:190} INFO - [2025-02-27T03:11:15.273+0000] {dagbag.py:588} INFO - Filling up the DagBag from /home/airflow/.local/lib/python3.12/site-packages/airflow/example_dags/example_xcomargs.py
[2025-02-27T03:11:15.289+0000] {processor.py:925} INFO - DAG(s) 'example_xcom_args', 'example_xcom_args_with_operators' retrieved from /home/airflow/.local/lib/python3.12/site-packages/airflow/example_dags/example_xcomargs.py
[2025-02-27T03:11:15.450+0000] {logging_mixin.py:190} INFO - [2025-02-27T03:11:15.450+0000] {dag.py:3239} INFO - Sync 2 DAGs
[2025-02-27T03:11:15.489+0000] {logging_mixin.py:190} INFO - [2025-02-27T03:11:15.489+0000] {dag.py:4180} INFO - Setting next_dagrun for example_xcom_args to None, run_after=None
[2025-02-27T03:11:15.502+0000] {logging_mixin.py:190} INFO - [2025-02-27T03:11:15.501+0000] {dag.py:4180} INFO - Setting next_dagrun for example_xcom_args_with_operators to None, run_after=None
[2025-02-27T03:11:15.564+0000] {processor.py:208} INFO - Processing /home/airflow/.local/lib/python3.12/site-packages/airflow/example_dags/example_xcomargs.py took 0.305 seconds
[2025-02-27T03:11:47.158+0000] {processor.py:186} INFO - Started process (PID=2215) to work on /home/airflow/.local/lib/python3.12/site-packages/airflow/example_dags/example_xcomargs.py
[2025-02-27T03:11:47.161+0000] {processor.py:914} INFO - Processing file /home/airflow/.local/lib/python3.12/site-packages/airflow/example_dags/example_xcomargs.py for tasks to queue
[2025-02-27T03:11:47.168+0000] {logging_mixin.py:190} INFO - [2025-02-27T03:11:47.168+0000] {dagbag.py:588} INFO - Filling up the DagBag from /home/airflow/.local/lib/python3.12/site-packages/airflow/example_dags/example_xcomargs.py
[2025-02-27T03:11:47.190+0000] {processor.py:925} INFO - DAG(s) 'example_xcom_args', 'example_xcom_args_with_operators' retrieved from /home/airflow/.local/lib/python3.12/site-packages/airflow/example_dags/example_xcomargs.py
[2025-02-27T03:11:47.378+0000] {logging_mixin.py:190} INFO - [2025-02-27T03:11:47.377+0000] {dag.py:3239} INFO - Sync 2 DAGs
[2025-02-27T03:11:47.421+0000] {logging_mixin.py:190} INFO - [2025-02-27T03:11:47.421+0000] {dag.py:4180} INFO - Setting next_dagrun for example_xcom_args to None, run_after=None
[2025-02-27T03:11:47.434+0000] {logging_mixin.py:190} INFO - [2025-02-27T03:11:47.434+0000] {dag.py:4180} INFO - Setting next_dagrun for example_xcom_args_with_operators to None, run_after=None
[2025-02-27T03:11:47.498+0000] {processor.py:208} INFO - Processing /home/airflow/.local/lib/python3.12/site-packages/airflow/example_dags/example_xcomargs.py took 0.358 seconds
[2025-02-27T03:12:18.835+0000] {processor.py:186} INFO - Started process (PID=2278) to work on /home/airflow/.local/lib/python3.12/site-packages/airflow/example_dags/example_xcomargs.py
[2025-02-27T03:12:18.836+0000] {processor.py:914} INFO - Processing file /home/airflow/.local/lib/python3.12/site-packages/airflow/example_dags/example_xcomargs.py for tasks to queue
[2025-02-27T03:12:18.840+0000] {logging_mixin.py:190} INFO - [2025-02-27T03:12:18.839+0000] {dagbag.py:588} INFO - Filling up the DagBag from /home/airflow/.local/lib/python3.12/site-packages/airflow/example_dags/example_xcomargs.py
[2025-02-27T03:12:18.859+0000] {processor.py:925} INFO - DAG(s) 'example_xcom_args', 'example_xcom_args_with_operators' retrieved from /home/airflow/.local/lib/python3.12/site-packages/airflow/example_dags/example_xcomargs.py
[2025-02-27T03:12:19.037+0000] {logging_mixin.py:190} INFO - [2025-02-27T03:12:19.037+0000] {dag.py:3239} INFO - Sync 2 DAGs
[2025-02-27T03:12:19.089+0000] {logging_mixin.py:190} INFO - [2025-02-27T03:12:19.089+0000] {dag.py:4180} INFO - Setting next_dagrun for example_xcom_args to None, run_after=None
[2025-02-27T03:12:19.099+0000] {logging_mixin.py:190} INFO - [2025-02-27T03:12:19.098+0000] {dag.py:4180} INFO - Setting next_dagrun for example_xcom_args_with_operators to None, run_after=None
[2025-02-27T03:12:19.152+0000] {processor.py:208} INFO - Processing /home/airflow/.local/lib/python3.12/site-packages/airflow/example_dags/example_xcomargs.py took 0.326 seconds
[2025-02-27T03:12:50.378+0000] {processor.py:186} INFO - Started process (PID=2347) to work on /home/airflow/.local/lib/python3.12/site-packages/airflow/example_dags/example_xcomargs.py
[2025-02-27T03:12:50.379+0000] {processor.py:914} INFO - Processing file /home/airflow/.local/lib/python3.12/site-packages/airflow/example_dags/example_xcomargs.py for tasks to queue
[2025-02-27T03:12:50.384+0000] {logging_mixin.py:190} INFO - [2025-02-27T03:12:50.383+0000] {dagbag.py:588} INFO - Filling up the DagBag from /home/airflow/.local/lib/python3.12/site-packages/airflow/example_dags/example_xcomargs.py
[2025-02-27T03:12:50.404+0000] {processor.py:925} INFO - DAG(s) 'example_xcom_args', 'example_xcom_args_with_operators' retrieved from /home/airflow/.local/lib/python3.12/site-packages/airflow/example_dags/example_xcomargs.py
[2025-02-27T03:12:50.549+0000] {logging_mixin.py:190} INFO - [2025-02-27T03:12:50.548+0000] {dag.py:3239} INFO - Sync 2 DAGs
[2025-02-27T03:12:50.591+0000] {logging_mixin.py:190} INFO - [2025-02-27T03:12:50.590+0000] {dag.py:4180} INFO - Setting next_dagrun for example_xcom_args to None, run_after=None
[2025-02-27T03:12:50.607+0000] {logging_mixin.py:190} INFO - [2025-02-27T03:12:50.607+0000] {dag.py:4180} INFO - Setting next_dagrun for example_xcom_args_with_operators to None, run_after=None
[2025-02-27T03:12:50.665+0000] {processor.py:208} INFO - Processing /home/airflow/.local/lib/python3.12/site-packages/airflow/example_dags/example_xcomargs.py took 0.299 seconds
[2025-02-27T03:13:22.125+0000] {processor.py:186} INFO - Started process (PID=2410) to work on /home/airflow/.local/lib/python3.12/site-packages/airflow/example_dags/example_xcomargs.py
[2025-02-27T03:13:22.127+0000] {processor.py:914} INFO - Processing file /home/airflow/.local/lib/python3.12/site-packages/airflow/example_dags/example_xcomargs.py for tasks to queue
[2025-02-27T03:13:22.131+0000] {logging_mixin.py:190} INFO - [2025-02-27T03:13:22.130+0000] {dagbag.py:588} INFO - Filling up the DagBag from /home/airflow/.local/lib/python3.12/site-packages/airflow/example_dags/example_xcomargs.py
[2025-02-27T03:13:22.153+0000] {processor.py:925} INFO - DAG(s) 'example_xcom_args', 'example_xcom_args_with_operators' retrieved from /home/airflow/.local/lib/python3.12/site-packages/airflow/example_dags/example_xcomargs.py
[2025-02-27T03:13:22.348+0000] {logging_mixin.py:190} INFO - [2025-02-27T03:13:22.347+0000] {dag.py:3239} INFO - Sync 2 DAGs
[2025-02-27T03:13:22.400+0000] {logging_mixin.py:190} INFO - [2025-02-27T03:13:22.399+0000] {dag.py:4180} INFO - Setting next_dagrun for example_xcom_args to None, run_after=None
[2025-02-27T03:13:22.412+0000] {logging_mixin.py:190} INFO - [2025-02-27T03:13:22.412+0000] {dag.py:4180} INFO - Setting next_dagrun for example_xcom_args_with_operators to None, run_after=None
[2025-02-27T03:13:22.475+0000] {processor.py:208} INFO - Processing /home/airflow/.local/lib/python3.12/site-packages/airflow/example_dags/example_xcomargs.py took 0.360 seconds
[2025-02-27T03:13:53.061+0000] {processor.py:186} INFO - Started process (PID=2473) to work on /home/airflow/.local/lib/python3.12/site-packages/airflow/example_dags/example_xcomargs.py
[2025-02-27T03:13:53.063+0000] {processor.py:914} INFO - Processing file /home/airflow/.local/lib/python3.12/site-packages/airflow/example_dags/example_xcomargs.py for tasks to queue
[2025-02-27T03:13:53.067+0000] {logging_mixin.py:190} INFO - [2025-02-27T03:13:53.066+0000] {dagbag.py:588} INFO - Filling up the DagBag from /home/airflow/.local/lib/python3.12/site-packages/airflow/example_dags/example_xcomargs.py
[2025-02-27T03:13:53.083+0000] {processor.py:925} INFO - DAG(s) 'example_xcom_args', 'example_xcom_args_with_operators' retrieved from /home/airflow/.local/lib/python3.12/site-packages/airflow/example_dags/example_xcomargs.py
[2025-02-27T03:13:53.240+0000] {logging_mixin.py:190} INFO - [2025-02-27T03:13:53.240+0000] {dag.py:3239} INFO - Sync 2 DAGs
[2025-02-27T03:13:53.312+0000] {logging_mixin.py:190} INFO - [2025-02-27T03:13:53.312+0000] {dag.py:4180} INFO - Setting next_dagrun for example_xcom_args to None, run_after=None
[2025-02-27T03:13:53.328+0000] {logging_mixin.py:190} INFO - [2025-02-27T03:13:53.327+0000] {dag.py:4180} INFO - Setting next_dagrun for example_xcom_args_with_operators to None, run_after=None
[2025-02-27T03:13:53.397+0000] {processor.py:208} INFO - Processing /home/airflow/.local/lib/python3.12/site-packages/airflow/example_dags/example_xcomargs.py took 0.344 seconds
[2025-02-27T03:14:23.527+0000] {processor.py:186} INFO - Started process (PID=2535) to work on /home/airflow/.local/lib/python3.12/site-packages/airflow/example_dags/example_xcomargs.py
[2025-02-27T03:14:23.529+0000] {processor.py:914} INFO - Processing file /home/airflow/.local/lib/python3.12/site-packages/airflow/example_dags/example_xcomargs.py for tasks to queue
[2025-02-27T03:14:23.532+0000] {logging_mixin.py:190} INFO - [2025-02-27T03:14:23.531+0000] {dagbag.py:588} INFO - Filling up the DagBag from /home/airflow/.local/lib/python3.12/site-packages/airflow/example_dags/example_xcomargs.py
[2025-02-27T03:14:23.548+0000] {processor.py:925} INFO - DAG(s) 'example_xcom_args', 'example_xcom_args_with_operators' retrieved from /home/airflow/.local/lib/python3.12/site-packages/airflow/example_dags/example_xcomargs.py
[2025-02-27T03:14:23.660+0000] {logging_mixin.py:190} INFO - [2025-02-27T03:14:23.659+0000] {dag.py:3239} INFO - Sync 2 DAGs
[2025-02-27T03:14:23.695+0000] {logging_mixin.py:190} INFO - [2025-02-27T03:14:23.694+0000] {dag.py:4180} INFO - Setting next_dagrun for example_xcom_args to None, run_after=None
[2025-02-27T03:14:23.706+0000] {logging_mixin.py:190} INFO - [2025-02-27T03:14:23.705+0000] {dag.py:4180} INFO - Setting next_dagrun for example_xcom_args_with_operators to None, run_after=None
[2025-02-27T03:14:23.745+0000] {processor.py:208} INFO - Processing /home/airflow/.local/lib/python3.12/site-packages/airflow/example_dags/example_xcomargs.py took 0.225 seconds
[2025-02-27T03:14:54.398+0000] {processor.py:186} INFO - Started process (PID=2598) to work on /home/airflow/.local/lib/python3.12/site-packages/airflow/example_dags/example_xcomargs.py
[2025-02-27T03:14:54.399+0000] {processor.py:914} INFO - Processing file /home/airflow/.local/lib/python3.12/site-packages/airflow/example_dags/example_xcomargs.py for tasks to queue
[2025-02-27T03:14:54.404+0000] {logging_mixin.py:190} INFO - [2025-02-27T03:14:54.403+0000] {dagbag.py:588} INFO - Filling up the DagBag from /home/airflow/.local/lib/python3.12/site-packages/airflow/example_dags/example_xcomargs.py
[2025-02-27T03:14:54.428+0000] {processor.py:925} INFO - DAG(s) 'example_xcom_args_with_operators', 'example_xcom_args' retrieved from /home/airflow/.local/lib/python3.12/site-packages/airflow/example_dags/example_xcomargs.py
[2025-02-27T03:14:54.585+0000] {logging_mixin.py:190} INFO - [2025-02-27T03:14:54.585+0000] {dag.py:3239} INFO - Sync 2 DAGs
[2025-02-27T03:14:54.631+0000] {logging_mixin.py:190} INFO - [2025-02-27T03:14:54.631+0000] {dag.py:4180} INFO - Setting next_dagrun for example_xcom_args to None, run_after=None
[2025-02-27T03:14:54.641+0000] {logging_mixin.py:190} INFO - [2025-02-27T03:14:54.641+0000] {dag.py:4180} INFO - Setting next_dagrun for example_xcom_args_with_operators to None, run_after=None
[2025-02-27T03:14:54.686+0000] {processor.py:208} INFO - Processing /home/airflow/.local/lib/python3.12/site-packages/airflow/example_dags/example_xcomargs.py took 0.298 seconds
[2025-02-27T03:15:25.989+0000] {processor.py:186} INFO - Started process (PID=2661) to work on /home/airflow/.local/lib/python3.12/site-packages/airflow/example_dags/example_xcomargs.py
[2025-02-27T03:15:25.990+0000] {processor.py:914} INFO - Processing file /home/airflow/.local/lib/python3.12/site-packages/airflow/example_dags/example_xcomargs.py for tasks to queue
[2025-02-27T03:15:25.994+0000] {logging_mixin.py:190} INFO - [2025-02-27T03:15:25.993+0000] {dagbag.py:588} INFO - Filling up the DagBag from /home/airflow/.local/lib/python3.12/site-packages/airflow/example_dags/example_xcomargs.py
[2025-02-27T03:15:26.008+0000] {processor.py:925} INFO - DAG(s) 'example_xcom_args', 'example_xcom_args_with_operators' retrieved from /home/airflow/.local/lib/python3.12/site-packages/airflow/example_dags/example_xcomargs.py
[2025-02-27T03:15:26.140+0000] {logging_mixin.py:190} INFO - [2025-02-27T03:15:26.139+0000] {dag.py:3239} INFO - Sync 2 DAGs
[2025-02-27T03:15:26.195+0000] {logging_mixin.py:190} INFO - [2025-02-27T03:15:26.194+0000] {dag.py:4180} INFO - Setting next_dagrun for example_xcom_args to None, run_after=None
[2025-02-27T03:15:26.206+0000] {logging_mixin.py:190} INFO - [2025-02-27T03:15:26.206+0000] {dag.py:4180} INFO - Setting next_dagrun for example_xcom_args_with_operators to None, run_after=None
[2025-02-27T03:15:26.275+0000] {processor.py:208} INFO - Processing /home/airflow/.local/lib/python3.12/site-packages/airflow/example_dags/example_xcomargs.py took 0.293 seconds
[2025-02-27T03:15:57.609+0000] {processor.py:186} INFO - Started process (PID=2724) to work on /home/airflow/.local/lib/python3.12/site-packages/airflow/example_dags/example_xcomargs.py
[2025-02-27T03:15:57.611+0000] {processor.py:914} INFO - Processing file /home/airflow/.local/lib/python3.12/site-packages/airflow/example_dags/example_xcomargs.py for tasks to queue
[2025-02-27T03:15:57.615+0000] {logging_mixin.py:190} INFO - [2025-02-27T03:15:57.614+0000] {dagbag.py:588} INFO - Filling up the DagBag from /home/airflow/.local/lib/python3.12/site-packages/airflow/example_dags/example_xcomargs.py
[2025-02-27T03:15:57.637+0000] {processor.py:925} INFO - DAG(s) 'example_xcom_args_with_operators', 'example_xcom_args' retrieved from /home/airflow/.local/lib/python3.12/site-packages/airflow/example_dags/example_xcomargs.py
[2025-02-27T03:15:57.813+0000] {logging_mixin.py:190} INFO - [2025-02-27T03:15:57.812+0000] {dag.py:3239} INFO - Sync 2 DAGs
[2025-02-27T03:15:57.853+0000] {logging_mixin.py:190} INFO - [2025-02-27T03:15:57.852+0000] {dag.py:4180} INFO - Setting next_dagrun for example_xcom_args to None, run_after=None
[2025-02-27T03:15:57.861+0000] {logging_mixin.py:190} INFO - [2025-02-27T03:15:57.861+0000] {dag.py:4180} INFO - Setting next_dagrun for example_xcom_args_with_operators to None, run_after=None
[2025-02-27T03:15:57.911+0000] {processor.py:208} INFO - Processing /home/airflow/.local/lib/python3.12/site-packages/airflow/example_dags/example_xcomargs.py took 0.313 seconds
[2025-02-27T03:16:28.572+0000] {processor.py:186} INFO - Started process (PID=2787) to work on /home/airflow/.local/lib/python3.12/site-packages/airflow/example_dags/example_xcomargs.py
[2025-02-27T03:16:28.573+0000] {processor.py:914} INFO - Processing file /home/airflow/.local/lib/python3.12/site-packages/airflow/example_dags/example_xcomargs.py for tasks to queue
[2025-02-27T03:16:28.576+0000] {logging_mixin.py:190} INFO - [2025-02-27T03:16:28.576+0000] {dagbag.py:588} INFO - Filling up the DagBag from /home/airflow/.local/lib/python3.12/site-packages/airflow/example_dags/example_xcomargs.py
[2025-02-27T03:16:28.589+0000] {processor.py:925} INFO - DAG(s) 'example_xcom_args', 'example_xcom_args_with_operators' retrieved from /home/airflow/.local/lib/python3.12/site-packages/airflow/example_dags/example_xcomargs.py
[2025-02-27T03:16:28.721+0000] {logging_mixin.py:190} INFO - [2025-02-27T03:16:28.721+0000] {dag.py:3239} INFO - Sync 2 DAGs
[2025-02-27T03:16:28.765+0000] {logging_mixin.py:190} INFO - [2025-02-27T03:16:28.764+0000] {dag.py:4180} INFO - Setting next_dagrun for example_xcom_args to None, run_after=None
[2025-02-27T03:16:28.776+0000] {logging_mixin.py:190} INFO - [2025-02-27T03:16:28.775+0000] {dag.py:4180} INFO - Setting next_dagrun for example_xcom_args_with_operators to None, run_after=None
[2025-02-27T03:16:28.813+0000] {processor.py:208} INFO - Processing /home/airflow/.local/lib/python3.12/site-packages/airflow/example_dags/example_xcomargs.py took 0.249 seconds
[2025-02-27T03:16:59.889+0000] {processor.py:186} INFO - Started process (PID=2850) to work on /home/airflow/.local/lib/python3.12/site-packages/airflow/example_dags/example_xcomargs.py
[2025-02-27T03:16:59.890+0000] {processor.py:914} INFO - Processing file /home/airflow/.local/lib/python3.12/site-packages/airflow/example_dags/example_xcomargs.py for tasks to queue
[2025-02-27T03:16:59.895+0000] {logging_mixin.py:190} INFO - [2025-02-27T03:16:59.894+0000] {dagbag.py:588} INFO - Filling up the DagBag from /home/airflow/.local/lib/python3.12/site-packages/airflow/example_dags/example_xcomargs.py
[2025-02-27T03:16:59.920+0000] {processor.py:925} INFO - DAG(s) 'example_xcom_args', 'example_xcom_args_with_operators' retrieved from /home/airflow/.local/lib/python3.12/site-packages/airflow/example_dags/example_xcomargs.py
[2025-02-27T03:17:00.101+0000] {logging_mixin.py:190} INFO - [2025-02-27T03:17:00.101+0000] {dag.py:3239} INFO - Sync 2 DAGs
[2025-02-27T03:17:00.152+0000] {logging_mixin.py:190} INFO - [2025-02-27T03:17:00.151+0000] {dag.py:4180} INFO - Setting next_dagrun for example_xcom_args to None, run_after=None
[2025-02-27T03:17:00.181+0000] {logging_mixin.py:190} INFO - [2025-02-27T03:17:00.181+0000] {dag.py:4180} INFO - Setting next_dagrun for example_xcom_args_with_operators to None, run_after=None
[2025-02-27T03:17:00.265+0000] {processor.py:208} INFO - Processing /home/airflow/.local/lib/python3.12/site-packages/airflow/example_dags/example_xcomargs.py took 0.385 seconds
[2025-02-27T03:17:30.418+0000] {processor.py:186} INFO - Started process (PID=2913) to work on /home/airflow/.local/lib/python3.12/site-packages/airflow/example_dags/example_xcomargs.py
[2025-02-27T03:17:30.420+0000] {processor.py:914} INFO - Processing file /home/airflow/.local/lib/python3.12/site-packages/airflow/example_dags/example_xcomargs.py for tasks to queue
[2025-02-27T03:17:30.423+0000] {logging_mixin.py:190} INFO - [2025-02-27T03:17:30.422+0000] {dagbag.py:588} INFO - Filling up the DagBag from /home/airflow/.local/lib/python3.12/site-packages/airflow/example_dags/example_xcomargs.py
[2025-02-27T03:17:30.445+0000] {processor.py:925} INFO - DAG(s) 'example_xcom_args', 'example_xcom_args_with_operators' retrieved from /home/airflow/.local/lib/python3.12/site-packages/airflow/example_dags/example_xcomargs.py
[2025-02-27T03:17:30.610+0000] {logging_mixin.py:190} INFO - [2025-02-27T03:17:30.609+0000] {dag.py:3239} INFO - Sync 2 DAGs
[2025-02-27T03:17:30.655+0000] {logging_mixin.py:190} INFO - [2025-02-27T03:17:30.655+0000] {dag.py:4180} INFO - Setting next_dagrun for example_xcom_args to None, run_after=None
[2025-02-27T03:17:30.665+0000] {logging_mixin.py:190} INFO - [2025-02-27T03:17:30.664+0000] {dag.py:4180} INFO - Setting next_dagrun for example_xcom_args_with_operators to None, run_after=None
[2025-02-27T03:17:30.722+0000] {processor.py:208} INFO - Processing /home/airflow/.local/lib/python3.12/site-packages/airflow/example_dags/example_xcomargs.py took 0.311 seconds
[2025-02-27T03:18:00.887+0000] {processor.py:186} INFO - Started process (PID=2975) to work on /home/airflow/.local/lib/python3.12/site-packages/airflow/example_dags/example_xcomargs.py
[2025-02-27T03:18:00.888+0000] {processor.py:914} INFO - Processing file /home/airflow/.local/lib/python3.12/site-packages/airflow/example_dags/example_xcomargs.py for tasks to queue
[2025-02-27T03:18:00.891+0000] {logging_mixin.py:190} INFO - [2025-02-27T03:18:00.891+0000] {dagbag.py:588} INFO - Filling up the DagBag from /home/airflow/.local/lib/python3.12/site-packages/airflow/example_dags/example_xcomargs.py
[2025-02-27T03:18:00.905+0000] {processor.py:925} INFO - DAG(s) 'example_xcom_args_with_operators', 'example_xcom_args' retrieved from /home/airflow/.local/lib/python3.12/site-packages/airflow/example_dags/example_xcomargs.py
[2025-02-27T03:18:01.055+0000] {logging_mixin.py:190} INFO - [2025-02-27T03:18:01.055+0000] {dag.py:3239} INFO - Sync 2 DAGs
[2025-02-27T03:18:01.096+0000] {logging_mixin.py:190} INFO - [2025-02-27T03:18:01.096+0000] {dag.py:4180} INFO - Setting next_dagrun for example_xcom_args to None, run_after=None
[2025-02-27T03:18:01.107+0000] {logging_mixin.py:190} INFO - [2025-02-27T03:18:01.106+0000] {dag.py:4180} INFO - Setting next_dagrun for example_xcom_args_with_operators to None, run_after=None
[2025-02-27T03:18:01.163+0000] {processor.py:208} INFO - Processing /home/airflow/.local/lib/python3.12/site-packages/airflow/example_dags/example_xcomargs.py took 0.284 seconds
[2025-02-27T03:18:32.133+0000] {processor.py:186} INFO - Started process (PID=3038) to work on /home/airflow/.local/lib/python3.12/site-packages/airflow/example_dags/example_xcomargs.py
[2025-02-27T03:18:32.135+0000] {processor.py:914} INFO - Processing file /home/airflow/.local/lib/python3.12/site-packages/airflow/example_dags/example_xcomargs.py for tasks to queue
[2025-02-27T03:18:32.139+0000] {logging_mixin.py:190} INFO - [2025-02-27T03:18:32.139+0000] {dagbag.py:588} INFO - Filling up the DagBag from /home/airflow/.local/lib/python3.12/site-packages/airflow/example_dags/example_xcomargs.py
[2025-02-27T03:18:32.162+0000] {processor.py:925} INFO - DAG(s) 'example_xcom_args_with_operators', 'example_xcom_args' retrieved from /home/airflow/.local/lib/python3.12/site-packages/airflow/example_dags/example_xcomargs.py
[2025-02-27T03:18:32.415+0000] {logging_mixin.py:190} INFO - [2025-02-27T03:18:32.414+0000] {dag.py:3239} INFO - Sync 2 DAGs
[2025-02-27T03:18:32.491+0000] {logging_mixin.py:190} INFO - [2025-02-27T03:18:32.490+0000] {dag.py:4180} INFO - Setting next_dagrun for example_xcom_args to None, run_after=None
[2025-02-27T03:18:32.517+0000] {logging_mixin.py:190} INFO - [2025-02-27T03:18:32.517+0000] {dag.py:4180} INFO - Setting next_dagrun for example_xcom_args_with_operators to None, run_after=None
[2025-02-27T03:18:32.602+0000] {processor.py:208} INFO - Processing /home/airflow/.local/lib/python3.12/site-packages/airflow/example_dags/example_xcomargs.py took 0.479 seconds
[2025-02-27T03:19:03.414+0000] {processor.py:186} INFO - Started process (PID=3101) to work on /home/airflow/.local/lib/python3.12/site-packages/airflow/example_dags/example_xcomargs.py
[2025-02-27T03:19:03.416+0000] {processor.py:914} INFO - Processing file /home/airflow/.local/lib/python3.12/site-packages/airflow/example_dags/example_xcomargs.py for tasks to queue
[2025-02-27T03:19:03.424+0000] {logging_mixin.py:190} INFO - [2025-02-27T03:19:03.423+0000] {dagbag.py:588} INFO - Filling up the DagBag from /home/airflow/.local/lib/python3.12/site-packages/airflow/example_dags/example_xcomargs.py
[2025-02-27T03:19:03.452+0000] {processor.py:925} INFO - DAG(s) 'example_xcom_args', 'example_xcom_args_with_operators' retrieved from /home/airflow/.local/lib/python3.12/site-packages/airflow/example_dags/example_xcomargs.py
[2025-02-27T03:19:03.633+0000] {logging_mixin.py:190} INFO - [2025-02-27T03:19:03.633+0000] {dag.py:3239} INFO - Sync 2 DAGs
[2025-02-27T03:19:03.686+0000] {logging_mixin.py:190} INFO - [2025-02-27T03:19:03.686+0000] {dag.py:4180} INFO - Setting next_dagrun for example_xcom_args to None, run_after=None
[2025-02-27T03:19:03.700+0000] {logging_mixin.py:190} INFO - [2025-02-27T03:19:03.699+0000] {dag.py:4180} INFO - Setting next_dagrun for example_xcom_args_with_operators to None, run_after=None
[2025-02-27T03:19:03.770+0000] {processor.py:208} INFO - Processing /home/airflow/.local/lib/python3.12/site-packages/airflow/example_dags/example_xcomargs.py took 0.372 seconds
[2025-02-27T03:19:34.607+0000] {processor.py:186} INFO - Started process (PID=3165) to work on /home/airflow/.local/lib/python3.12/site-packages/airflow/example_dags/example_xcomargs.py
[2025-02-27T03:19:34.608+0000] {processor.py:914} INFO - Processing file /home/airflow/.local/lib/python3.12/site-packages/airflow/example_dags/example_xcomargs.py for tasks to queue
[2025-02-27T03:19:34.613+0000] {logging_mixin.py:190} INFO - [2025-02-27T03:19:34.613+0000] {dagbag.py:588} INFO - Filling up the DagBag from /home/airflow/.local/lib/python3.12/site-packages/airflow/example_dags/example_xcomargs.py
[2025-02-27T03:19:34.633+0000] {processor.py:925} INFO - DAG(s) 'example_xcom_args_with_operators', 'example_xcom_args' retrieved from /home/airflow/.local/lib/python3.12/site-packages/airflow/example_dags/example_xcomargs.py
[2025-02-27T03:19:34.785+0000] {logging_mixin.py:190} INFO - [2025-02-27T03:19:34.785+0000] {dag.py:3239} INFO - Sync 2 DAGs
[2025-02-27T03:19:34.823+0000] {logging_mixin.py:190} INFO - [2025-02-27T03:19:34.823+0000] {dag.py:4180} INFO - Setting next_dagrun for example_xcom_args to None, run_after=None
[2025-02-27T03:19:34.832+0000] {logging_mixin.py:190} INFO - [2025-02-27T03:19:34.832+0000] {dag.py:4180} INFO - Setting next_dagrun for example_xcom_args_with_operators to None, run_after=None
[2025-02-27T03:19:34.907+0000] {processor.py:208} INFO - Processing /home/airflow/.local/lib/python3.12/site-packages/airflow/example_dags/example_xcomargs.py took 0.309 seconds
[2025-02-27T03:20:07.346+0000] {processor.py:186} INFO - Started process (PID=3228) to work on /home/airflow/.local/lib/python3.12/site-packages/airflow/example_dags/example_xcomargs.py
[2025-02-27T03:20:07.354+0000] {processor.py:914} INFO - Processing file /home/airflow/.local/lib/python3.12/site-packages/airflow/example_dags/example_xcomargs.py for tasks to queue
[2025-02-27T03:20:07.363+0000] {logging_mixin.py:190} INFO - [2025-02-27T03:20:07.362+0000] {dagbag.py:588} INFO - Filling up the DagBag from /home/airflow/.local/lib/python3.12/site-packages/airflow/example_dags/example_xcomargs.py
[2025-02-27T03:20:07.428+0000] {processor.py:925} INFO - DAG(s) 'example_xcom_args', 'example_xcom_args_with_operators' retrieved from /home/airflow/.local/lib/python3.12/site-packages/airflow/example_dags/example_xcomargs.py
[2025-02-27T03:20:07.793+0000] {logging_mixin.py:190} INFO - [2025-02-27T03:20:07.792+0000] {dag.py:3239} INFO - Sync 2 DAGs
[2025-02-27T03:20:07.870+0000] {logging_mixin.py:190} INFO - [2025-02-27T03:20:07.870+0000] {dag.py:4180} INFO - Setting next_dagrun for example_xcom_args to None, run_after=None
[2025-02-27T03:20:07.889+0000] {logging_mixin.py:190} INFO - [2025-02-27T03:20:07.889+0000] {dag.py:4180} INFO - Setting next_dagrun for example_xcom_args_with_operators to None, run_after=None
[2025-02-27T03:20:08.018+0000] {processor.py:208} INFO - Processing /home/airflow/.local/lib/python3.12/site-packages/airflow/example_dags/example_xcomargs.py took 0.690 seconds
[2025-02-27T03:20:38.369+0000] {processor.py:186} INFO - Started process (PID=3291) to work on /home/airflow/.local/lib/python3.12/site-packages/airflow/example_dags/example_xcomargs.py
[2025-02-27T03:20:38.370+0000] {processor.py:914} INFO - Processing file /home/airflow/.local/lib/python3.12/site-packages/airflow/example_dags/example_xcomargs.py for tasks to queue
[2025-02-27T03:20:38.373+0000] {logging_mixin.py:190} INFO - [2025-02-27T03:20:38.373+0000] {dagbag.py:588} INFO - Filling up the DagBag from /home/airflow/.local/lib/python3.12/site-packages/airflow/example_dags/example_xcomargs.py
[2025-02-27T03:20:38.390+0000] {processor.py:925} INFO - DAG(s) 'example_xcom_args', 'example_xcom_args_with_operators' retrieved from /home/airflow/.local/lib/python3.12/site-packages/airflow/example_dags/example_xcomargs.py
[2025-02-27T03:20:38.577+0000] {logging_mixin.py:190} INFO - [2025-02-27T03:20:38.576+0000] {dag.py:3239} INFO - Sync 2 DAGs
[2025-02-27T03:20:38.685+0000] {logging_mixin.py:190} INFO - [2025-02-27T03:20:38.684+0000] {dag.py:4180} INFO - Setting next_dagrun for example_xcom_args to None, run_after=None
[2025-02-27T03:20:38.702+0000] {logging_mixin.py:190} INFO - [2025-02-27T03:20:38.701+0000] {dag.py:4180} INFO - Setting next_dagrun for example_xcom_args_with_operators to None, run_after=None
[2025-02-27T03:20:38.777+0000] {processor.py:208} INFO - Processing /home/airflow/.local/lib/python3.12/site-packages/airflow/example_dags/example_xcomargs.py took 0.415 seconds
