[2025-02-27T02:51:38.293+0000] {processor.py:186} INFO - Started process (PID=120) to work on /home/airflow/.local/lib/python3.12/site-packages/airflow/example_dags/example_bash_decorator.py
[2025-02-27T02:51:38.295+0000] {processor.py:914} INFO - Processing file /home/airflow/.local/lib/python3.12/site-packages/airflow/example_dags/example_bash_decorator.py for tasks to queue
[2025-02-27T02:51:38.299+0000] {logging_mixin.py:190} INFO - [2025-02-27T02:51:38.298+0000] {dagbag.py:588} INFO - Filling up the DagBag from /home/airflow/.local/lib/python3.12/site-packages/airflow/example_dags/example_bash_decorator.py
[2025-02-27T02:51:38.330+0000] {processor.py:925} INFO - DAG(s) 'example_bash_decorator' retrieved from /home/airflow/.local/lib/python3.12/site-packages/airflow/example_dags/example_bash_decorator.py
[2025-02-27T02:51:38.530+0000] {logging_mixin.py:190} INFO - [2025-02-27T02:51:38.529+0000] {override.py:1912} INFO - Created Permission View: can delete on DAG:example_bash_decorator
[2025-02-27T02:51:38.559+0000] {logging_mixin.py:190} INFO - [2025-02-27T02:51:38.558+0000] {override.py:1912} INFO - Created Permission View: can read on DAG:example_bash_decorator
[2025-02-27T02:51:38.576+0000] {logging_mixin.py:190} INFO - [2025-02-27T02:51:38.576+0000] {override.py:1912} INFO - Created Permission View: can edit on DAG:example_bash_decorator
[2025-02-27T02:51:38.601+0000] {logging_mixin.py:190} INFO - [2025-02-27T02:51:38.601+0000] {override.py:1912} INFO - Created Permission View: menu access on DAG Run:example_bash_decorator
[2025-02-27T02:51:38.621+0000] {logging_mixin.py:190} INFO - [2025-02-27T02:51:38.620+0000] {override.py:1912} INFO - Created Permission View: can delete on DAG Run:example_bash_decorator
[2025-02-27T02:51:38.643+0000] {logging_mixin.py:190} INFO - [2025-02-27T02:51:38.642+0000] {override.py:1912} INFO - Created Permission View: can read on DAG Run:example_bash_decorator
[2025-02-27T02:51:38.663+0000] {logging_mixin.py:190} INFO - [2025-02-27T02:51:38.662+0000] {override.py:1912} INFO - Created Permission View: can create on DAG Run:example_bash_decorator
[2025-02-27T02:51:38.665+0000] {logging_mixin.py:190} INFO - [2025-02-27T02:51:38.664+0000] {dag.py:3239} INFO - Sync 1 DAGs
[2025-02-27T02:51:38.712+0000] {logging_mixin.py:190} INFO - [2025-02-27T02:51:38.712+0000] {dag.py:3262} INFO - Creating ORM DAG for example_bash_decorator
[2025-02-27T02:51:38.715+0000] {logging_mixin.py:190} INFO - [2025-02-27T02:51:38.714+0000] {dag.py:4180} INFO - Setting next_dagrun for example_bash_decorator to None, run_after=None
[2025-02-27T02:51:38.768+0000] {processor.py:208} INFO - Processing /home/airflow/.local/lib/python3.12/site-packages/airflow/example_dags/example_bash_decorator.py took 0.484 seconds
[2025-02-27T02:54:26.296+0000] {processor.py:186} INFO - Started process (PID=122) to work on /home/airflow/.local/lib/python3.12/site-packages/airflow/example_dags/example_bash_decorator.py
[2025-02-27T02:54:26.299+0000] {processor.py:914} INFO - Processing file /home/airflow/.local/lib/python3.12/site-packages/airflow/example_dags/example_bash_decorator.py for tasks to queue
[2025-02-27T02:54:26.304+0000] {logging_mixin.py:190} INFO - [2025-02-27T02:54:26.304+0000] {dagbag.py:588} INFO - Filling up the DagBag from /home/airflow/.local/lib/python3.12/site-packages/airflow/example_dags/example_bash_decorator.py
[2025-02-27T02:54:26.360+0000] {processor.py:925} INFO - DAG(s) 'example_bash_decorator' retrieved from /home/airflow/.local/lib/python3.12/site-packages/airflow/example_dags/example_bash_decorator.py
[2025-02-27T02:54:27.181+0000] {logging_mixin.py:190} INFO - [2025-02-27T02:54:27.180+0000] {override.py:1912} INFO - Created Permission View: can read on DAG:example_bash_decorator
[2025-02-27T02:54:27.206+0000] {logging_mixin.py:190} INFO - [2025-02-27T02:54:27.205+0000] {override.py:1912} INFO - Created Permission View: can delete on DAG:example_bash_decorator
[2025-02-27T02:54:27.225+0000] {logging_mixin.py:190} INFO - [2025-02-27T02:54:27.225+0000] {override.py:1912} INFO - Created Permission View: can edit on DAG:example_bash_decorator
[2025-02-27T02:54:27.249+0000] {logging_mixin.py:190} INFO - [2025-02-27T02:54:27.248+0000] {override.py:1912} INFO - Created Permission View: can read on DAG Run:example_bash_decorator
[2025-02-27T02:54:27.275+0000] {logging_mixin.py:190} INFO - [2025-02-27T02:54:27.274+0000] {override.py:1912} INFO - Created Permission View: menu access on DAG Run:example_bash_decorator
[2025-02-27T02:54:27.303+0000] {logging_mixin.py:190} INFO - [2025-02-27T02:54:27.302+0000] {override.py:1912} INFO - Created Permission View: can delete on DAG Run:example_bash_decorator
[2025-02-27T02:54:27.324+0000] {logging_mixin.py:190} INFO - [2025-02-27T02:54:27.323+0000] {override.py:1912} INFO - Created Permission View: can create on DAG Run:example_bash_decorator
[2025-02-27T02:54:27.325+0000] {logging_mixin.py:190} INFO - [2025-02-27T02:54:27.324+0000] {dag.py:3239} INFO - Sync 1 DAGs
[2025-02-27T02:54:27.366+0000] {logging_mixin.py:190} INFO - [2025-02-27T02:54:27.365+0000] {dag.py:3262} INFO - Creating ORM DAG for example_bash_decorator
[2025-02-27T02:54:27.367+0000] {logging_mixin.py:190} INFO - [2025-02-27T02:54:27.367+0000] {dag.py:4180} INFO - Setting next_dagrun for example_bash_decorator to None, run_after=None
[2025-02-27T02:54:27.416+0000] {processor.py:208} INFO - Processing /home/airflow/.local/lib/python3.12/site-packages/airflow/example_dags/example_bash_decorator.py took 1.137 seconds
[2025-02-27T02:54:58.060+0000] {processor.py:186} INFO - Started process (PID=185) to work on /home/airflow/.local/lib/python3.12/site-packages/airflow/example_dags/example_bash_decorator.py
[2025-02-27T02:54:58.062+0000] {processor.py:914} INFO - Processing file /home/airflow/.local/lib/python3.12/site-packages/airflow/example_dags/example_bash_decorator.py for tasks to queue
[2025-02-27T02:54:58.065+0000] {logging_mixin.py:190} INFO - [2025-02-27T02:54:58.065+0000] {dagbag.py:588} INFO - Filling up the DagBag from /home/airflow/.local/lib/python3.12/site-packages/airflow/example_dags/example_bash_decorator.py
[2025-02-27T02:54:58.094+0000] {processor.py:925} INFO - DAG(s) 'example_bash_decorator' retrieved from /home/airflow/.local/lib/python3.12/site-packages/airflow/example_dags/example_bash_decorator.py
[2025-02-27T02:54:58.280+0000] {logging_mixin.py:190} INFO - [2025-02-27T02:54:58.280+0000] {dag.py:3239} INFO - Sync 1 DAGs
[2025-02-27T02:54:58.338+0000] {logging_mixin.py:190} INFO - [2025-02-27T02:54:58.338+0000] {dag.py:4180} INFO - Setting next_dagrun for example_bash_decorator to None, run_after=None
[2025-02-27T02:54:58.433+0000] {processor.py:208} INFO - Processing /home/airflow/.local/lib/python3.12/site-packages/airflow/example_dags/example_bash_decorator.py took 0.381 seconds
[2025-02-27T02:55:28.830+0000] {processor.py:186} INFO - Started process (PID=248) to work on /home/airflow/.local/lib/python3.12/site-packages/airflow/example_dags/example_bash_decorator.py
[2025-02-27T02:55:28.831+0000] {processor.py:914} INFO - Processing file /home/airflow/.local/lib/python3.12/site-packages/airflow/example_dags/example_bash_decorator.py for tasks to queue
[2025-02-27T02:55:28.835+0000] {logging_mixin.py:190} INFO - [2025-02-27T02:55:28.834+0000] {dagbag.py:588} INFO - Filling up the DagBag from /home/airflow/.local/lib/python3.12/site-packages/airflow/example_dags/example_bash_decorator.py
[2025-02-27T02:55:28.861+0000] {processor.py:925} INFO - DAG(s) 'example_bash_decorator' retrieved from /home/airflow/.local/lib/python3.12/site-packages/airflow/example_dags/example_bash_decorator.py
[2025-02-27T02:55:29.022+0000] {logging_mixin.py:190} INFO - [2025-02-27T02:55:29.022+0000] {dag.py:3239} INFO - Sync 1 DAGs
[2025-02-27T02:55:29.065+0000] {logging_mixin.py:190} INFO - [2025-02-27T02:55:29.065+0000] {dag.py:4180} INFO - Setting next_dagrun for example_bash_decorator to None, run_after=None
[2025-02-27T02:55:29.155+0000] {processor.py:208} INFO - Processing /home/airflow/.local/lib/python3.12/site-packages/airflow/example_dags/example_bash_decorator.py took 0.334 seconds
[2025-02-27T02:55:59.285+0000] {processor.py:186} INFO - Started process (PID=310) to work on /home/airflow/.local/lib/python3.12/site-packages/airflow/example_dags/example_bash_decorator.py
[2025-02-27T02:55:59.287+0000] {processor.py:914} INFO - Processing file /home/airflow/.local/lib/python3.12/site-packages/airflow/example_dags/example_bash_decorator.py for tasks to queue
[2025-02-27T02:55:59.291+0000] {logging_mixin.py:190} INFO - [2025-02-27T02:55:59.290+0000] {dagbag.py:588} INFO - Filling up the DagBag from /home/airflow/.local/lib/python3.12/site-packages/airflow/example_dags/example_bash_decorator.py
[2025-02-27T02:55:59.319+0000] {processor.py:925} INFO - DAG(s) 'example_bash_decorator' retrieved from /home/airflow/.local/lib/python3.12/site-packages/airflow/example_dags/example_bash_decorator.py
[2025-02-27T02:55:59.566+0000] {logging_mixin.py:190} INFO - [2025-02-27T02:55:59.566+0000] {dag.py:3239} INFO - Sync 1 DAGs
[2025-02-27T02:55:59.617+0000] {logging_mixin.py:190} INFO - [2025-02-27T02:55:59.617+0000] {dag.py:4180} INFO - Setting next_dagrun for example_bash_decorator to None, run_after=None
[2025-02-27T02:55:59.680+0000] {processor.py:208} INFO - Processing /home/airflow/.local/lib/python3.12/site-packages/airflow/example_dags/example_bash_decorator.py took 0.405 seconds
[2025-02-27T02:56:29.924+0000] {processor.py:186} INFO - Started process (PID=373) to work on /home/airflow/.local/lib/python3.12/site-packages/airflow/example_dags/example_bash_decorator.py
[2025-02-27T02:56:29.926+0000] {processor.py:914} INFO - Processing file /home/airflow/.local/lib/python3.12/site-packages/airflow/example_dags/example_bash_decorator.py for tasks to queue
[2025-02-27T02:56:29.930+0000] {logging_mixin.py:190} INFO - [2025-02-27T02:56:29.929+0000] {dagbag.py:588} INFO - Filling up the DagBag from /home/airflow/.local/lib/python3.12/site-packages/airflow/example_dags/example_bash_decorator.py
[2025-02-27T02:56:29.952+0000] {processor.py:925} INFO - DAG(s) 'example_bash_decorator' retrieved from /home/airflow/.local/lib/python3.12/site-packages/airflow/example_dags/example_bash_decorator.py
[2025-02-27T02:56:30.128+0000] {logging_mixin.py:190} INFO - [2025-02-27T02:56:30.127+0000] {dag.py:3239} INFO - Sync 1 DAGs
[2025-02-27T02:56:30.168+0000] {logging_mixin.py:190} INFO - [2025-02-27T02:56:30.168+0000] {dag.py:4180} INFO - Setting next_dagrun for example_bash_decorator to None, run_after=None
[2025-02-27T02:56:30.229+0000] {processor.py:208} INFO - Processing /home/airflow/.local/lib/python3.12/site-packages/airflow/example_dags/example_bash_decorator.py took 0.312 seconds
[2025-02-27T02:57:00.600+0000] {processor.py:186} INFO - Started process (PID=436) to work on /home/airflow/.local/lib/python3.12/site-packages/airflow/example_dags/example_bash_decorator.py
[2025-02-27T02:57:00.602+0000] {processor.py:914} INFO - Processing file /home/airflow/.local/lib/python3.12/site-packages/airflow/example_dags/example_bash_decorator.py for tasks to queue
[2025-02-27T02:57:00.607+0000] {logging_mixin.py:190} INFO - [2025-02-27T02:57:00.606+0000] {dagbag.py:588} INFO - Filling up the DagBag from /home/airflow/.local/lib/python3.12/site-packages/airflow/example_dags/example_bash_decorator.py
[2025-02-27T02:57:00.649+0000] {processor.py:925} INFO - DAG(s) 'example_bash_decorator' retrieved from /home/airflow/.local/lib/python3.12/site-packages/airflow/example_dags/example_bash_decorator.py
[2025-02-27T02:57:00.845+0000] {logging_mixin.py:190} INFO - [2025-02-27T02:57:00.845+0000] {dag.py:3239} INFO - Sync 1 DAGs
[2025-02-27T02:57:00.913+0000] {logging_mixin.py:190} INFO - [2025-02-27T02:57:00.913+0000] {dag.py:4180} INFO - Setting next_dagrun for example_bash_decorator to None, run_after=None
[2025-02-27T02:57:00.991+0000] {processor.py:208} INFO - Processing /home/airflow/.local/lib/python3.12/site-packages/airflow/example_dags/example_bash_decorator.py took 0.407 seconds
[2025-02-27T02:57:31.484+0000] {processor.py:186} INFO - Started process (PID=499) to work on /home/airflow/.local/lib/python3.12/site-packages/airflow/example_dags/example_bash_decorator.py
[2025-02-27T02:57:31.489+0000] {processor.py:914} INFO - Processing file /home/airflow/.local/lib/python3.12/site-packages/airflow/example_dags/example_bash_decorator.py for tasks to queue
[2025-02-27T02:57:31.494+0000] {logging_mixin.py:190} INFO - [2025-02-27T02:57:31.493+0000] {dagbag.py:588} INFO - Filling up the DagBag from /home/airflow/.local/lib/python3.12/site-packages/airflow/example_dags/example_bash_decorator.py
[2025-02-27T02:57:31.532+0000] {processor.py:925} INFO - DAG(s) 'example_bash_decorator' retrieved from /home/airflow/.local/lib/python3.12/site-packages/airflow/example_dags/example_bash_decorator.py
[2025-02-27T02:57:31.876+0000] {logging_mixin.py:190} INFO - [2025-02-27T02:57:31.875+0000] {dag.py:3239} INFO - Sync 1 DAGs
[2025-02-27T02:57:32.011+0000] {logging_mixin.py:190} INFO - [2025-02-27T02:57:32.010+0000] {dag.py:4180} INFO - Setting next_dagrun for example_bash_decorator to None, run_after=None
[2025-02-27T02:57:32.150+0000] {processor.py:208} INFO - Processing /home/airflow/.local/lib/python3.12/site-packages/airflow/example_dags/example_bash_decorator.py took 0.679 seconds
[2025-02-27T02:58:02.431+0000] {processor.py:186} INFO - Started process (PID=562) to work on /home/airflow/.local/lib/python3.12/site-packages/airflow/example_dags/example_bash_decorator.py
[2025-02-27T02:58:02.433+0000] {processor.py:914} INFO - Processing file /home/airflow/.local/lib/python3.12/site-packages/airflow/example_dags/example_bash_decorator.py for tasks to queue
[2025-02-27T02:58:02.438+0000] {logging_mixin.py:190} INFO - [2025-02-27T02:58:02.437+0000] {dagbag.py:588} INFO - Filling up the DagBag from /home/airflow/.local/lib/python3.12/site-packages/airflow/example_dags/example_bash_decorator.py
[2025-02-27T02:58:02.465+0000] {processor.py:925} INFO - DAG(s) 'example_bash_decorator' retrieved from /home/airflow/.local/lib/python3.12/site-packages/airflow/example_dags/example_bash_decorator.py
[2025-02-27T02:58:02.616+0000] {logging_mixin.py:190} INFO - [2025-02-27T02:58:02.615+0000] {dag.py:3239} INFO - Sync 1 DAGs
[2025-02-27T02:58:02.658+0000] {logging_mixin.py:190} INFO - [2025-02-27T02:58:02.658+0000] {dag.py:4180} INFO - Setting next_dagrun for example_bash_decorator to None, run_after=None
[2025-02-27T02:58:02.723+0000] {processor.py:208} INFO - Processing /home/airflow/.local/lib/python3.12/site-packages/airflow/example_dags/example_bash_decorator.py took 0.302 seconds
[2025-02-27T02:58:33.696+0000] {processor.py:186} INFO - Started process (PID=625) to work on /home/airflow/.local/lib/python3.12/site-packages/airflow/example_dags/example_bash_decorator.py
[2025-02-27T02:58:33.697+0000] {processor.py:914} INFO - Processing file /home/airflow/.local/lib/python3.12/site-packages/airflow/example_dags/example_bash_decorator.py for tasks to queue
[2025-02-27T02:58:33.702+0000] {logging_mixin.py:190} INFO - [2025-02-27T02:58:33.702+0000] {dagbag.py:588} INFO - Filling up the DagBag from /home/airflow/.local/lib/python3.12/site-packages/airflow/example_dags/example_bash_decorator.py
[2025-02-27T02:58:33.730+0000] {processor.py:925} INFO - DAG(s) 'example_bash_decorator' retrieved from /home/airflow/.local/lib/python3.12/site-packages/airflow/example_dags/example_bash_decorator.py
[2025-02-27T02:58:33.896+0000] {logging_mixin.py:190} INFO - [2025-02-27T02:58:33.896+0000] {dag.py:3239} INFO - Sync 1 DAGs
[2025-02-27T02:58:33.939+0000] {logging_mixin.py:190} INFO - [2025-02-27T02:58:33.939+0000] {dag.py:4180} INFO - Setting next_dagrun for example_bash_decorator to None, run_after=None
[2025-02-27T02:58:33.995+0000] {processor.py:208} INFO - Processing /home/airflow/.local/lib/python3.12/site-packages/airflow/example_dags/example_bash_decorator.py took 0.309 seconds
[2025-02-27T02:59:05.317+0000] {processor.py:186} INFO - Started process (PID=689) to work on /home/airflow/.local/lib/python3.12/site-packages/airflow/example_dags/example_bash_decorator.py
[2025-02-27T02:59:05.319+0000] {processor.py:914} INFO - Processing file /home/airflow/.local/lib/python3.12/site-packages/airflow/example_dags/example_bash_decorator.py for tasks to queue
[2025-02-27T02:59:05.325+0000] {logging_mixin.py:190} INFO - [2025-02-27T02:59:05.325+0000] {dagbag.py:588} INFO - Filling up the DagBag from /home/airflow/.local/lib/python3.12/site-packages/airflow/example_dags/example_bash_decorator.py
[2025-02-27T02:59:05.354+0000] {processor.py:925} INFO - DAG(s) 'example_bash_decorator' retrieved from /home/airflow/.local/lib/python3.12/site-packages/airflow/example_dags/example_bash_decorator.py
[2025-02-27T02:59:05.519+0000] {logging_mixin.py:190} INFO - [2025-02-27T02:59:05.517+0000] {dag.py:3239} INFO - Sync 1 DAGs
[2025-02-27T02:59:05.594+0000] {logging_mixin.py:190} INFO - [2025-02-27T02:59:05.593+0000] {dag.py:4180} INFO - Setting next_dagrun for example_bash_decorator to None, run_after=None
[2025-02-27T02:59:05.692+0000] {processor.py:208} INFO - Processing /home/airflow/.local/lib/python3.12/site-packages/airflow/example_dags/example_bash_decorator.py took 0.384 seconds
[2025-02-27T02:59:39.092+0000] {processor.py:186} INFO - Started process (PID=752) to work on /home/airflow/.local/lib/python3.12/site-packages/airflow/example_dags/example_bash_decorator.py
[2025-02-27T02:59:39.094+0000] {processor.py:914} INFO - Processing file /home/airflow/.local/lib/python3.12/site-packages/airflow/example_dags/example_bash_decorator.py for tasks to queue
[2025-02-27T02:59:39.099+0000] {logging_mixin.py:190} INFO - [2025-02-27T02:59:39.098+0000] {dagbag.py:588} INFO - Filling up the DagBag from /home/airflow/.local/lib/python3.12/site-packages/airflow/example_dags/example_bash_decorator.py
[2025-02-27T02:59:39.123+0000] {processor.py:925} INFO - DAG(s) 'example_bash_decorator' retrieved from /home/airflow/.local/lib/python3.12/site-packages/airflow/example_dags/example_bash_decorator.py
[2025-02-27T02:59:39.381+0000] {logging_mixin.py:190} INFO - [2025-02-27T02:59:39.381+0000] {dag.py:3239} INFO - Sync 1 DAGs
[2025-02-27T02:59:39.449+0000] {logging_mixin.py:190} INFO - [2025-02-27T02:59:39.448+0000] {dag.py:4180} INFO - Setting next_dagrun for example_bash_decorator to None, run_after=None
[2025-02-27T02:59:39.535+0000] {processor.py:208} INFO - Processing /home/airflow/.local/lib/python3.12/site-packages/airflow/example_dags/example_bash_decorator.py took 0.451 seconds
[2025-02-27T03:00:10.718+0000] {processor.py:186} INFO - Started process (PID=815) to work on /home/airflow/.local/lib/python3.12/site-packages/airflow/example_dags/example_bash_decorator.py
[2025-02-27T03:00:10.722+0000] {processor.py:914} INFO - Processing file /home/airflow/.local/lib/python3.12/site-packages/airflow/example_dags/example_bash_decorator.py for tasks to queue
[2025-02-27T03:00:10.728+0000] {logging_mixin.py:190} INFO - [2025-02-27T03:00:10.727+0000] {dagbag.py:588} INFO - Filling up the DagBag from /home/airflow/.local/lib/python3.12/site-packages/airflow/example_dags/example_bash_decorator.py
[2025-02-27T03:00:10.768+0000] {processor.py:925} INFO - DAG(s) 'example_bash_decorator' retrieved from /home/airflow/.local/lib/python3.12/site-packages/airflow/example_dags/example_bash_decorator.py
[2025-02-27T03:00:10.985+0000] {logging_mixin.py:190} INFO - [2025-02-27T03:00:10.985+0000] {dag.py:3239} INFO - Sync 1 DAGs
[2025-02-27T03:00:11.042+0000] {logging_mixin.py:190} INFO - [2025-02-27T03:00:11.041+0000] {dag.py:4180} INFO - Setting next_dagrun for example_bash_decorator to None, run_after=None
[2025-02-27T03:00:11.112+0000] {processor.py:208} INFO - Processing /home/airflow/.local/lib/python3.12/site-packages/airflow/example_dags/example_bash_decorator.py took 0.406 seconds
[2025-02-27T03:00:41.287+0000] {processor.py:186} INFO - Started process (PID=877) to work on /home/airflow/.local/lib/python3.12/site-packages/airflow/example_dags/example_bash_decorator.py
[2025-02-27T03:00:41.289+0000] {processor.py:914} INFO - Processing file /home/airflow/.local/lib/python3.12/site-packages/airflow/example_dags/example_bash_decorator.py for tasks to queue
[2025-02-27T03:00:41.295+0000] {logging_mixin.py:190} INFO - [2025-02-27T03:00:41.294+0000] {dagbag.py:588} INFO - Filling up the DagBag from /home/airflow/.local/lib/python3.12/site-packages/airflow/example_dags/example_bash_decorator.py
[2025-02-27T03:00:41.348+0000] {processor.py:925} INFO - DAG(s) 'example_bash_decorator' retrieved from /home/airflow/.local/lib/python3.12/site-packages/airflow/example_dags/example_bash_decorator.py
[2025-02-27T03:00:41.604+0000] {logging_mixin.py:190} INFO - [2025-02-27T03:00:41.594+0000] {dag.py:3239} INFO - Sync 1 DAGs
[2025-02-27T03:00:41.684+0000] {logging_mixin.py:190} INFO - [2025-02-27T03:00:41.684+0000] {dag.py:4180} INFO - Setting next_dagrun for example_bash_decorator to None, run_after=None
[2025-02-27T03:00:41.782+0000] {processor.py:208} INFO - Processing /home/airflow/.local/lib/python3.12/site-packages/airflow/example_dags/example_bash_decorator.py took 0.512 seconds
[2025-02-27T03:01:13.169+0000] {processor.py:186} INFO - Started process (PID=940) to work on /home/airflow/.local/lib/python3.12/site-packages/airflow/example_dags/example_bash_decorator.py
[2025-02-27T03:01:13.171+0000] {processor.py:914} INFO - Processing file /home/airflow/.local/lib/python3.12/site-packages/airflow/example_dags/example_bash_decorator.py for tasks to queue
[2025-02-27T03:01:13.174+0000] {logging_mixin.py:190} INFO - [2025-02-27T03:01:13.174+0000] {dagbag.py:588} INFO - Filling up the DagBag from /home/airflow/.local/lib/python3.12/site-packages/airflow/example_dags/example_bash_decorator.py
[2025-02-27T03:01:13.200+0000] {processor.py:925} INFO - DAG(s) 'example_bash_decorator' retrieved from /home/airflow/.local/lib/python3.12/site-packages/airflow/example_dags/example_bash_decorator.py
[2025-02-27T03:01:13.392+0000] {logging_mixin.py:190} INFO - [2025-02-27T03:01:13.391+0000] {dag.py:3239} INFO - Sync 1 DAGs
[2025-02-27T03:01:13.446+0000] {logging_mixin.py:190} INFO - [2025-02-27T03:01:13.446+0000] {dag.py:4180} INFO - Setting next_dagrun for example_bash_decorator to None, run_after=None
[2025-02-27T03:01:13.522+0000] {processor.py:208} INFO - Processing /home/airflow/.local/lib/python3.12/site-packages/airflow/example_dags/example_bash_decorator.py took 0.363 seconds
[2025-02-27T03:01:45.546+0000] {processor.py:186} INFO - Started process (PID=1005) to work on /home/airflow/.local/lib/python3.12/site-packages/airflow/example_dags/example_bash_decorator.py
[2025-02-27T03:01:45.547+0000] {processor.py:914} INFO - Processing file /home/airflow/.local/lib/python3.12/site-packages/airflow/example_dags/example_bash_decorator.py for tasks to queue
[2025-02-27T03:01:45.552+0000] {logging_mixin.py:190} INFO - [2025-02-27T03:01:45.551+0000] {dagbag.py:588} INFO - Filling up the DagBag from /home/airflow/.local/lib/python3.12/site-packages/airflow/example_dags/example_bash_decorator.py
[2025-02-27T03:01:45.595+0000] {processor.py:925} INFO - DAG(s) 'example_bash_decorator' retrieved from /home/airflow/.local/lib/python3.12/site-packages/airflow/example_dags/example_bash_decorator.py
[2025-02-27T03:01:45.825+0000] {logging_mixin.py:190} INFO - [2025-02-27T03:01:45.825+0000] {dag.py:3239} INFO - Sync 1 DAGs
[2025-02-27T03:01:45.884+0000] {logging_mixin.py:190} INFO - [2025-02-27T03:01:45.883+0000] {dag.py:4180} INFO - Setting next_dagrun for example_bash_decorator to None, run_after=None
[2025-02-27T03:01:45.977+0000] {processor.py:208} INFO - Processing /home/airflow/.local/lib/python3.12/site-packages/airflow/example_dags/example_bash_decorator.py took 0.443 seconds
[2025-02-27T03:02:17.558+0000] {processor.py:186} INFO - Started process (PID=1068) to work on /home/airflow/.local/lib/python3.12/site-packages/airflow/example_dags/example_bash_decorator.py
[2025-02-27T03:02:17.560+0000] {processor.py:914} INFO - Processing file /home/airflow/.local/lib/python3.12/site-packages/airflow/example_dags/example_bash_decorator.py for tasks to queue
[2025-02-27T03:02:17.565+0000] {logging_mixin.py:190} INFO - [2025-02-27T03:02:17.564+0000] {dagbag.py:588} INFO - Filling up the DagBag from /home/airflow/.local/lib/python3.12/site-packages/airflow/example_dags/example_bash_decorator.py
[2025-02-27T03:02:17.599+0000] {processor.py:925} INFO - DAG(s) 'example_bash_decorator' retrieved from /home/airflow/.local/lib/python3.12/site-packages/airflow/example_dags/example_bash_decorator.py
[2025-02-27T03:02:17.805+0000] {logging_mixin.py:190} INFO - [2025-02-27T03:02:17.804+0000] {dag.py:3239} INFO - Sync 1 DAGs
[2025-02-27T03:02:17.865+0000] {logging_mixin.py:190} INFO - [2025-02-27T03:02:17.864+0000] {dag.py:4180} INFO - Setting next_dagrun for example_bash_decorator to None, run_after=None
[2025-02-27T03:02:17.942+0000] {processor.py:208} INFO - Processing /home/airflow/.local/lib/python3.12/site-packages/airflow/example_dags/example_bash_decorator.py took 0.393 seconds
[2025-02-27T03:02:50.354+0000] {processor.py:186} INFO - Started process (PID=1137) to work on /home/airflow/.local/lib/python3.12/site-packages/airflow/example_dags/example_bash_decorator.py
[2025-02-27T03:02:50.355+0000] {processor.py:914} INFO - Processing file /home/airflow/.local/lib/python3.12/site-packages/airflow/example_dags/example_bash_decorator.py for tasks to queue
[2025-02-27T03:02:50.358+0000] {logging_mixin.py:190} INFO - [2025-02-27T03:02:50.358+0000] {dagbag.py:588} INFO - Filling up the DagBag from /home/airflow/.local/lib/python3.12/site-packages/airflow/example_dags/example_bash_decorator.py
[2025-02-27T03:02:50.384+0000] {processor.py:925} INFO - DAG(s) 'example_bash_decorator' retrieved from /home/airflow/.local/lib/python3.12/site-packages/airflow/example_dags/example_bash_decorator.py
[2025-02-27T03:02:50.538+0000] {logging_mixin.py:190} INFO - [2025-02-27T03:02:50.538+0000] {dag.py:3239} INFO - Sync 1 DAGs
[2025-02-27T03:02:50.575+0000] {logging_mixin.py:190} INFO - [2025-02-27T03:02:50.575+0000] {dag.py:4180} INFO - Setting next_dagrun for example_bash_decorator to None, run_after=None
[2025-02-27T03:02:50.638+0000] {processor.py:208} INFO - Processing /home/airflow/.local/lib/python3.12/site-packages/airflow/example_dags/example_bash_decorator.py took 0.295 seconds
[2025-02-27T03:03:21.593+0000] {processor.py:186} INFO - Started process (PID=1201) to work on /home/airflow/.local/lib/python3.12/site-packages/airflow/example_dags/example_bash_decorator.py
[2025-02-27T03:03:21.595+0000] {processor.py:914} INFO - Processing file /home/airflow/.local/lib/python3.12/site-packages/airflow/example_dags/example_bash_decorator.py for tasks to queue
[2025-02-27T03:03:21.600+0000] {logging_mixin.py:190} INFO - [2025-02-27T03:03:21.599+0000] {dagbag.py:588} INFO - Filling up the DagBag from /home/airflow/.local/lib/python3.12/site-packages/airflow/example_dags/example_bash_decorator.py
[2025-02-27T03:03:21.637+0000] {processor.py:925} INFO - DAG(s) 'example_bash_decorator' retrieved from /home/airflow/.local/lib/python3.12/site-packages/airflow/example_dags/example_bash_decorator.py
[2025-02-27T03:03:21.856+0000] {logging_mixin.py:190} INFO - [2025-02-27T03:03:21.855+0000] {dag.py:3239} INFO - Sync 1 DAGs
[2025-02-27T03:03:21.926+0000] {logging_mixin.py:190} INFO - [2025-02-27T03:03:21.925+0000] {dag.py:4180} INFO - Setting next_dagrun for example_bash_decorator to None, run_after=None
[2025-02-27T03:03:22.104+0000] {processor.py:208} INFO - Processing /home/airflow/.local/lib/python3.12/site-packages/airflow/example_dags/example_bash_decorator.py took 0.522 seconds
[2025-02-27T03:03:54.159+0000] {processor.py:186} INFO - Started process (PID=1264) to work on /home/airflow/.local/lib/python3.12/site-packages/airflow/example_dags/example_bash_decorator.py
[2025-02-27T03:03:54.161+0000] {processor.py:914} INFO - Processing file /home/airflow/.local/lib/python3.12/site-packages/airflow/example_dags/example_bash_decorator.py for tasks to queue
[2025-02-27T03:03:54.165+0000] {logging_mixin.py:190} INFO - [2025-02-27T03:03:54.165+0000] {dagbag.py:588} INFO - Filling up the DagBag from /home/airflow/.local/lib/python3.12/site-packages/airflow/example_dags/example_bash_decorator.py
[2025-02-27T03:03:54.191+0000] {processor.py:925} INFO - DAG(s) 'example_bash_decorator' retrieved from /home/airflow/.local/lib/python3.12/site-packages/airflow/example_dags/example_bash_decorator.py
[2025-02-27T03:03:54.374+0000] {logging_mixin.py:190} INFO - [2025-02-27T03:03:54.373+0000] {dag.py:3239} INFO - Sync 1 DAGs
[2025-02-27T03:03:54.428+0000] {logging_mixin.py:190} INFO - [2025-02-27T03:03:54.428+0000] {dag.py:4180} INFO - Setting next_dagrun for example_bash_decorator to None, run_after=None
[2025-02-27T03:03:54.498+0000] {processor.py:208} INFO - Processing /home/airflow/.local/lib/python3.12/site-packages/airflow/example_dags/example_bash_decorator.py took 0.347 seconds
[2025-02-27T03:04:24.767+0000] {processor.py:186} INFO - Started process (PID=1326) to work on /home/airflow/.local/lib/python3.12/site-packages/airflow/example_dags/example_bash_decorator.py
[2025-02-27T03:04:24.769+0000] {processor.py:914} INFO - Processing file /home/airflow/.local/lib/python3.12/site-packages/airflow/example_dags/example_bash_decorator.py for tasks to queue
[2025-02-27T03:04:24.774+0000] {logging_mixin.py:190} INFO - [2025-02-27T03:04:24.774+0000] {dagbag.py:588} INFO - Filling up the DagBag from /home/airflow/.local/lib/python3.12/site-packages/airflow/example_dags/example_bash_decorator.py
[2025-02-27T03:04:24.801+0000] {processor.py:925} INFO - DAG(s) 'example_bash_decorator' retrieved from /home/airflow/.local/lib/python3.12/site-packages/airflow/example_dags/example_bash_decorator.py
[2025-02-27T03:04:24.945+0000] {logging_mixin.py:190} INFO - [2025-02-27T03:04:24.945+0000] {dag.py:3239} INFO - Sync 1 DAGs
[2025-02-27T03:04:24.984+0000] {logging_mixin.py:190} INFO - [2025-02-27T03:04:24.983+0000] {dag.py:4180} INFO - Setting next_dagrun for example_bash_decorator to None, run_after=None
[2025-02-27T03:04:25.039+0000] {processor.py:208} INFO - Processing /home/airflow/.local/lib/python3.12/site-packages/airflow/example_dags/example_bash_decorator.py took 0.283 seconds
[2025-02-27T03:04:57.304+0000] {processor.py:186} INFO - Started process (PID=1389) to work on /home/airflow/.local/lib/python3.12/site-packages/airflow/example_dags/example_bash_decorator.py
[2025-02-27T03:04:57.305+0000] {processor.py:914} INFO - Processing file /home/airflow/.local/lib/python3.12/site-packages/airflow/example_dags/example_bash_decorator.py for tasks to queue
[2025-02-27T03:04:57.310+0000] {logging_mixin.py:190} INFO - [2025-02-27T03:04:57.310+0000] {dagbag.py:588} INFO - Filling up the DagBag from /home/airflow/.local/lib/python3.12/site-packages/airflow/example_dags/example_bash_decorator.py
[2025-02-27T03:04:57.347+0000] {processor.py:925} INFO - DAG(s) 'example_bash_decorator' retrieved from /home/airflow/.local/lib/python3.12/site-packages/airflow/example_dags/example_bash_decorator.py
[2025-02-27T03:04:57.535+0000] {logging_mixin.py:190} INFO - [2025-02-27T03:04:57.534+0000] {dag.py:3239} INFO - Sync 1 DAGs
[2025-02-27T03:04:57.589+0000] {logging_mixin.py:190} INFO - [2025-02-27T03:04:57.588+0000] {dag.py:4180} INFO - Setting next_dagrun for example_bash_decorator to None, run_after=None
[2025-02-27T03:04:57.658+0000] {processor.py:208} INFO - Processing /home/airflow/.local/lib/python3.12/site-packages/airflow/example_dags/example_bash_decorator.py took 0.377 seconds
[2025-02-27T03:05:28.054+0000] {processor.py:186} INFO - Started process (PID=1452) to work on /home/airflow/.local/lib/python3.12/site-packages/airflow/example_dags/example_bash_decorator.py
[2025-02-27T03:05:28.055+0000] {processor.py:914} INFO - Processing file /home/airflow/.local/lib/python3.12/site-packages/airflow/example_dags/example_bash_decorator.py for tasks to queue
[2025-02-27T03:05:28.058+0000] {logging_mixin.py:190} INFO - [2025-02-27T03:05:28.058+0000] {dagbag.py:588} INFO - Filling up the DagBag from /home/airflow/.local/lib/python3.12/site-packages/airflow/example_dags/example_bash_decorator.py
[2025-02-27T03:05:28.089+0000] {processor.py:925} INFO - DAG(s) 'example_bash_decorator' retrieved from /home/airflow/.local/lib/python3.12/site-packages/airflow/example_dags/example_bash_decorator.py
[2025-02-27T03:05:28.237+0000] {logging_mixin.py:190} INFO - [2025-02-27T03:05:28.236+0000] {dag.py:3239} INFO - Sync 1 DAGs
[2025-02-27T03:05:28.279+0000] {logging_mixin.py:190} INFO - [2025-02-27T03:05:28.279+0000] {dag.py:4180} INFO - Setting next_dagrun for example_bash_decorator to None, run_after=None
[2025-02-27T03:05:28.342+0000] {processor.py:208} INFO - Processing /home/airflow/.local/lib/python3.12/site-packages/airflow/example_dags/example_bash_decorator.py took 0.296 seconds
[2025-02-27T03:06:00.367+0000] {processor.py:186} INFO - Started process (PID=1516) to work on /home/airflow/.local/lib/python3.12/site-packages/airflow/example_dags/example_bash_decorator.py
[2025-02-27T03:06:00.369+0000] {processor.py:914} INFO - Processing file /home/airflow/.local/lib/python3.12/site-packages/airflow/example_dags/example_bash_decorator.py for tasks to queue
[2025-02-27T03:06:00.374+0000] {logging_mixin.py:190} INFO - [2025-02-27T03:06:00.373+0000] {dagbag.py:588} INFO - Filling up the DagBag from /home/airflow/.local/lib/python3.12/site-packages/airflow/example_dags/example_bash_decorator.py
[2025-02-27T03:06:00.396+0000] {processor.py:925} INFO - DAG(s) 'example_bash_decorator' retrieved from /home/airflow/.local/lib/python3.12/site-packages/airflow/example_dags/example_bash_decorator.py
[2025-02-27T03:06:00.550+0000] {logging_mixin.py:190} INFO - [2025-02-27T03:06:00.549+0000] {dag.py:3239} INFO - Sync 1 DAGs
[2025-02-27T03:06:00.601+0000] {logging_mixin.py:190} INFO - [2025-02-27T03:06:00.600+0000] {dag.py:4180} INFO - Setting next_dagrun for example_bash_decorator to None, run_after=None
[2025-02-27T03:06:00.651+0000] {processor.py:208} INFO - Processing /home/airflow/.local/lib/python3.12/site-packages/airflow/example_dags/example_bash_decorator.py took 0.291 seconds
[2025-02-27T03:06:33.235+0000] {processor.py:186} INFO - Started process (PID=1579) to work on /home/airflow/.local/lib/python3.12/site-packages/airflow/example_dags/example_bash_decorator.py
[2025-02-27T03:06:33.237+0000] {processor.py:914} INFO - Processing file /home/airflow/.local/lib/python3.12/site-packages/airflow/example_dags/example_bash_decorator.py for tasks to queue
[2025-02-27T03:06:33.242+0000] {logging_mixin.py:190} INFO - [2025-02-27T03:06:33.241+0000] {dagbag.py:588} INFO - Filling up the DagBag from /home/airflow/.local/lib/python3.12/site-packages/airflow/example_dags/example_bash_decorator.py
[2025-02-27T03:06:33.291+0000] {processor.py:925} INFO - DAG(s) 'example_bash_decorator' retrieved from /home/airflow/.local/lib/python3.12/site-packages/airflow/example_dags/example_bash_decorator.py
[2025-02-27T03:06:33.466+0000] {logging_mixin.py:190} INFO - [2025-02-27T03:06:33.466+0000] {dag.py:3239} INFO - Sync 1 DAGs
[2025-02-27T03:06:33.515+0000] {logging_mixin.py:190} INFO - [2025-02-27T03:06:33.515+0000] {dag.py:4180} INFO - Setting next_dagrun for example_bash_decorator to None, run_after=None
[2025-02-27T03:06:33.602+0000] {processor.py:208} INFO - Processing /home/airflow/.local/lib/python3.12/site-packages/airflow/example_dags/example_bash_decorator.py took 0.377 seconds
[2025-02-27T03:07:04.394+0000] {processor.py:186} INFO - Started process (PID=1642) to work on /home/airflow/.local/lib/python3.12/site-packages/airflow/example_dags/example_bash_decorator.py
[2025-02-27T03:07:04.396+0000] {processor.py:914} INFO - Processing file /home/airflow/.local/lib/python3.12/site-packages/airflow/example_dags/example_bash_decorator.py for tasks to queue
[2025-02-27T03:07:04.400+0000] {logging_mixin.py:190} INFO - [2025-02-27T03:07:04.400+0000] {dagbag.py:588} INFO - Filling up the DagBag from /home/airflow/.local/lib/python3.12/site-packages/airflow/example_dags/example_bash_decorator.py
[2025-02-27T03:07:04.428+0000] {processor.py:925} INFO - DAG(s) 'example_bash_decorator' retrieved from /home/airflow/.local/lib/python3.12/site-packages/airflow/example_dags/example_bash_decorator.py
[2025-02-27T03:07:04.623+0000] {logging_mixin.py:190} INFO - [2025-02-27T03:07:04.622+0000] {dag.py:3239} INFO - Sync 1 DAGs
[2025-02-27T03:07:04.670+0000] {logging_mixin.py:190} INFO - [2025-02-27T03:07:04.669+0000] {dag.py:4180} INFO - Setting next_dagrun for example_bash_decorator to None, run_after=None
[2025-02-27T03:07:04.731+0000] {processor.py:208} INFO - Processing /home/airflow/.local/lib/python3.12/site-packages/airflow/example_dags/example_bash_decorator.py took 0.347 seconds
[2025-02-27T03:07:35.222+0000] {processor.py:186} INFO - Started process (PID=1705) to work on /home/airflow/.local/lib/python3.12/site-packages/airflow/example_dags/example_bash_decorator.py
[2025-02-27T03:07:35.223+0000] {processor.py:914} INFO - Processing file /home/airflow/.local/lib/python3.12/site-packages/airflow/example_dags/example_bash_decorator.py for tasks to queue
[2025-02-27T03:07:35.228+0000] {logging_mixin.py:190} INFO - [2025-02-27T03:07:35.227+0000] {dagbag.py:588} INFO - Filling up the DagBag from /home/airflow/.local/lib/python3.12/site-packages/airflow/example_dags/example_bash_decorator.py
[2025-02-27T03:07:35.257+0000] {processor.py:925} INFO - DAG(s) 'example_bash_decorator' retrieved from /home/airflow/.local/lib/python3.12/site-packages/airflow/example_dags/example_bash_decorator.py
[2025-02-27T03:07:35.421+0000] {logging_mixin.py:190} INFO - [2025-02-27T03:07:35.421+0000] {dag.py:3239} INFO - Sync 1 DAGs
[2025-02-27T03:07:35.460+0000] {logging_mixin.py:190} INFO - [2025-02-27T03:07:35.459+0000] {dag.py:4180} INFO - Setting next_dagrun for example_bash_decorator to None, run_after=None
[2025-02-27T03:07:35.515+0000] {processor.py:208} INFO - Processing /home/airflow/.local/lib/python3.12/site-packages/airflow/example_dags/example_bash_decorator.py took 0.303 seconds
[2025-02-27T03:08:05.939+0000] {processor.py:186} INFO - Started process (PID=1768) to work on /home/airflow/.local/lib/python3.12/site-packages/airflow/example_dags/example_bash_decorator.py
[2025-02-27T03:08:05.941+0000] {processor.py:914} INFO - Processing file /home/airflow/.local/lib/python3.12/site-packages/airflow/example_dags/example_bash_decorator.py for tasks to queue
[2025-02-27T03:08:05.944+0000] {logging_mixin.py:190} INFO - [2025-02-27T03:08:05.943+0000] {dagbag.py:588} INFO - Filling up the DagBag from /home/airflow/.local/lib/python3.12/site-packages/airflow/example_dags/example_bash_decorator.py
[2025-02-27T03:08:05.985+0000] {processor.py:925} INFO - DAG(s) 'example_bash_decorator' retrieved from /home/airflow/.local/lib/python3.12/site-packages/airflow/example_dags/example_bash_decorator.py
[2025-02-27T03:08:06.309+0000] {logging_mixin.py:190} INFO - [2025-02-27T03:08:06.308+0000] {dag.py:3239} INFO - Sync 1 DAGs
[2025-02-27T03:08:06.380+0000] {logging_mixin.py:190} INFO - [2025-02-27T03:08:06.379+0000] {dag.py:4180} INFO - Setting next_dagrun for example_bash_decorator to None, run_after=None
[2025-02-27T03:08:06.469+0000] {processor.py:208} INFO - Processing /home/airflow/.local/lib/python3.12/site-packages/airflow/example_dags/example_bash_decorator.py took 0.539 seconds
[2025-02-27T03:08:36.991+0000] {processor.py:186} INFO - Started process (PID=1830) to work on /home/airflow/.local/lib/python3.12/site-packages/airflow/example_dags/example_bash_decorator.py
[2025-02-27T03:08:36.992+0000] {processor.py:914} INFO - Processing file /home/airflow/.local/lib/python3.12/site-packages/airflow/example_dags/example_bash_decorator.py for tasks to queue
[2025-02-27T03:08:36.997+0000] {logging_mixin.py:190} INFO - [2025-02-27T03:08:36.996+0000] {dagbag.py:588} INFO - Filling up the DagBag from /home/airflow/.local/lib/python3.12/site-packages/airflow/example_dags/example_bash_decorator.py
[2025-02-27T03:08:37.036+0000] {processor.py:925} INFO - DAG(s) 'example_bash_decorator' retrieved from /home/airflow/.local/lib/python3.12/site-packages/airflow/example_dags/example_bash_decorator.py
[2025-02-27T03:08:37.341+0000] {logging_mixin.py:190} INFO - [2025-02-27T03:08:37.340+0000] {dag.py:3239} INFO - Sync 1 DAGs
[2025-02-27T03:08:37.414+0000] {logging_mixin.py:190} INFO - [2025-02-27T03:08:37.412+0000] {dag.py:4180} INFO - Setting next_dagrun for example_bash_decorator to None, run_after=None
[2025-02-27T03:08:37.507+0000] {processor.py:208} INFO - Processing /home/airflow/.local/lib/python3.12/site-packages/airflow/example_dags/example_bash_decorator.py took 0.528 seconds
[2025-02-27T03:09:08.570+0000] {processor.py:186} INFO - Started process (PID=1893) to work on /home/airflow/.local/lib/python3.12/site-packages/airflow/example_dags/example_bash_decorator.py
[2025-02-27T03:09:08.572+0000] {processor.py:914} INFO - Processing file /home/airflow/.local/lib/python3.12/site-packages/airflow/example_dags/example_bash_decorator.py for tasks to queue
[2025-02-27T03:09:08.575+0000] {logging_mixin.py:190} INFO - [2025-02-27T03:09:08.575+0000] {dagbag.py:588} INFO - Filling up the DagBag from /home/airflow/.local/lib/python3.12/site-packages/airflow/example_dags/example_bash_decorator.py
[2025-02-27T03:09:08.602+0000] {processor.py:925} INFO - DAG(s) 'example_bash_decorator' retrieved from /home/airflow/.local/lib/python3.12/site-packages/airflow/example_dags/example_bash_decorator.py
[2025-02-27T03:09:08.784+0000] {logging_mixin.py:190} INFO - [2025-02-27T03:09:08.783+0000] {dag.py:3239} INFO - Sync 1 DAGs
[2025-02-27T03:09:08.875+0000] {logging_mixin.py:190} INFO - [2025-02-27T03:09:08.874+0000] {dag.py:4180} INFO - Setting next_dagrun for example_bash_decorator to None, run_after=None
[2025-02-27T03:09:08.937+0000] {processor.py:208} INFO - Processing /home/airflow/.local/lib/python3.12/site-packages/airflow/example_dags/example_bash_decorator.py took 0.376 seconds
[2025-02-27T03:09:40.086+0000] {processor.py:186} INFO - Started process (PID=1956) to work on /home/airflow/.local/lib/python3.12/site-packages/airflow/example_dags/example_bash_decorator.py
[2025-02-27T03:09:40.088+0000] {processor.py:914} INFO - Processing file /home/airflow/.local/lib/python3.12/site-packages/airflow/example_dags/example_bash_decorator.py for tasks to queue
[2025-02-27T03:09:40.092+0000] {logging_mixin.py:190} INFO - [2025-02-27T03:09:40.092+0000] {dagbag.py:588} INFO - Filling up the DagBag from /home/airflow/.local/lib/python3.12/site-packages/airflow/example_dags/example_bash_decorator.py
[2025-02-27T03:09:40.183+0000] {processor.py:925} INFO - DAG(s) 'example_bash_decorator' retrieved from /home/airflow/.local/lib/python3.12/site-packages/airflow/example_dags/example_bash_decorator.py
[2025-02-27T03:09:40.422+0000] {logging_mixin.py:190} INFO - [2025-02-27T03:09:40.421+0000] {dag.py:3239} INFO - Sync 1 DAGs
[2025-02-27T03:09:40.502+0000] {logging_mixin.py:190} INFO - [2025-02-27T03:09:40.502+0000] {dag.py:4180} INFO - Setting next_dagrun for example_bash_decorator to None, run_after=None
[2025-02-27T03:09:40.583+0000] {processor.py:208} INFO - Processing /home/airflow/.local/lib/python3.12/site-packages/airflow/example_dags/example_bash_decorator.py took 0.520 seconds
[2025-02-27T03:10:11.220+0000] {processor.py:186} INFO - Started process (PID=2019) to work on /home/airflow/.local/lib/python3.12/site-packages/airflow/example_dags/example_bash_decorator.py
[2025-02-27T03:10:11.222+0000] {processor.py:914} INFO - Processing file /home/airflow/.local/lib/python3.12/site-packages/airflow/example_dags/example_bash_decorator.py for tasks to queue
[2025-02-27T03:10:11.227+0000] {logging_mixin.py:190} INFO - [2025-02-27T03:10:11.226+0000] {dagbag.py:588} INFO - Filling up the DagBag from /home/airflow/.local/lib/python3.12/site-packages/airflow/example_dags/example_bash_decorator.py
[2025-02-27T03:10:11.264+0000] {processor.py:925} INFO - DAG(s) 'example_bash_decorator' retrieved from /home/airflow/.local/lib/python3.12/site-packages/airflow/example_dags/example_bash_decorator.py
[2025-02-27T03:10:11.453+0000] {logging_mixin.py:190} INFO - [2025-02-27T03:10:11.452+0000] {dag.py:3239} INFO - Sync 1 DAGs
[2025-02-27T03:10:11.505+0000] {logging_mixin.py:190} INFO - [2025-02-27T03:10:11.505+0000] {dag.py:4180} INFO - Setting next_dagrun for example_bash_decorator to None, run_after=None
[2025-02-27T03:10:11.592+0000] {processor.py:208} INFO - Processing /home/airflow/.local/lib/python3.12/site-packages/airflow/example_dags/example_bash_decorator.py took 0.382 seconds
[2025-02-27T03:10:42.482+0000] {processor.py:186} INFO - Started process (PID=2082) to work on /home/airflow/.local/lib/python3.12/site-packages/airflow/example_dags/example_bash_decorator.py
[2025-02-27T03:10:42.483+0000] {processor.py:914} INFO - Processing file /home/airflow/.local/lib/python3.12/site-packages/airflow/example_dags/example_bash_decorator.py for tasks to queue
[2025-02-27T03:10:42.487+0000] {logging_mixin.py:190} INFO - [2025-02-27T03:10:42.486+0000] {dagbag.py:588} INFO - Filling up the DagBag from /home/airflow/.local/lib/python3.12/site-packages/airflow/example_dags/example_bash_decorator.py
[2025-02-27T03:10:42.523+0000] {processor.py:925} INFO - DAG(s) 'example_bash_decorator' retrieved from /home/airflow/.local/lib/python3.12/site-packages/airflow/example_dags/example_bash_decorator.py
[2025-02-27T03:10:42.671+0000] {logging_mixin.py:190} INFO - [2025-02-27T03:10:42.671+0000] {dag.py:3239} INFO - Sync 1 DAGs
[2025-02-27T03:10:42.708+0000] {logging_mixin.py:190} INFO - [2025-02-27T03:10:42.708+0000] {dag.py:4180} INFO - Setting next_dagrun for example_bash_decorator to None, run_after=None
[2025-02-27T03:10:42.768+0000] {processor.py:208} INFO - Processing /home/airflow/.local/lib/python3.12/site-packages/airflow/example_dags/example_bash_decorator.py took 0.294 seconds
[2025-02-27T03:11:13.858+0000] {processor.py:186} INFO - Started process (PID=2145) to work on /home/airflow/.local/lib/python3.12/site-packages/airflow/example_dags/example_bash_decorator.py
[2025-02-27T03:11:13.859+0000] {processor.py:914} INFO - Processing file /home/airflow/.local/lib/python3.12/site-packages/airflow/example_dags/example_bash_decorator.py for tasks to queue
[2025-02-27T03:11:13.863+0000] {logging_mixin.py:190} INFO - [2025-02-27T03:11:13.863+0000] {dagbag.py:588} INFO - Filling up the DagBag from /home/airflow/.local/lib/python3.12/site-packages/airflow/example_dags/example_bash_decorator.py
[2025-02-27T03:11:13.891+0000] {processor.py:925} INFO - DAG(s) 'example_bash_decorator' retrieved from /home/airflow/.local/lib/python3.12/site-packages/airflow/example_dags/example_bash_decorator.py
[2025-02-27T03:11:14.032+0000] {logging_mixin.py:190} INFO - [2025-02-27T03:11:14.031+0000] {dag.py:3239} INFO - Sync 1 DAGs
[2025-02-27T03:11:14.096+0000] {logging_mixin.py:190} INFO - [2025-02-27T03:11:14.095+0000] {dag.py:4180} INFO - Setting next_dagrun for example_bash_decorator to None, run_after=None
[2025-02-27T03:11:14.159+0000] {processor.py:208} INFO - Processing /home/airflow/.local/lib/python3.12/site-packages/airflow/example_dags/example_bash_decorator.py took 0.309 seconds
[2025-02-27T03:11:45.481+0000] {processor.py:186} INFO - Started process (PID=2208) to work on /home/airflow/.local/lib/python3.12/site-packages/airflow/example_dags/example_bash_decorator.py
[2025-02-27T03:11:45.482+0000] {processor.py:914} INFO - Processing file /home/airflow/.local/lib/python3.12/site-packages/airflow/example_dags/example_bash_decorator.py for tasks to queue
[2025-02-27T03:11:45.486+0000] {logging_mixin.py:190} INFO - [2025-02-27T03:11:45.485+0000] {dagbag.py:588} INFO - Filling up the DagBag from /home/airflow/.local/lib/python3.12/site-packages/airflow/example_dags/example_bash_decorator.py
[2025-02-27T03:11:45.509+0000] {processor.py:925} INFO - DAG(s) 'example_bash_decorator' retrieved from /home/airflow/.local/lib/python3.12/site-packages/airflow/example_dags/example_bash_decorator.py
[2025-02-27T03:11:45.660+0000] {logging_mixin.py:190} INFO - [2025-02-27T03:11:45.660+0000] {dag.py:3239} INFO - Sync 1 DAGs
[2025-02-27T03:11:45.706+0000] {logging_mixin.py:190} INFO - [2025-02-27T03:11:45.706+0000] {dag.py:4180} INFO - Setting next_dagrun for example_bash_decorator to None, run_after=None
[2025-02-27T03:11:45.756+0000] {processor.py:208} INFO - Processing /home/airflow/.local/lib/python3.12/site-packages/airflow/example_dags/example_bash_decorator.py took 0.286 seconds
[2025-02-27T03:12:17.449+0000] {processor.py:186} INFO - Started process (PID=2271) to work on /home/airflow/.local/lib/python3.12/site-packages/airflow/example_dags/example_bash_decorator.py
[2025-02-27T03:12:17.451+0000] {processor.py:914} INFO - Processing file /home/airflow/.local/lib/python3.12/site-packages/airflow/example_dags/example_bash_decorator.py for tasks to queue
[2025-02-27T03:12:17.456+0000] {logging_mixin.py:190} INFO - [2025-02-27T03:12:17.455+0000] {dagbag.py:588} INFO - Filling up the DagBag from /home/airflow/.local/lib/python3.12/site-packages/airflow/example_dags/example_bash_decorator.py
[2025-02-27T03:12:17.483+0000] {processor.py:925} INFO - DAG(s) 'example_bash_decorator' retrieved from /home/airflow/.local/lib/python3.12/site-packages/airflow/example_dags/example_bash_decorator.py
[2025-02-27T03:12:17.631+0000] {logging_mixin.py:190} INFO - [2025-02-27T03:12:17.631+0000] {dag.py:3239} INFO - Sync 1 DAGs
[2025-02-27T03:12:17.678+0000] {logging_mixin.py:190} INFO - [2025-02-27T03:12:17.677+0000] {dag.py:4180} INFO - Setting next_dagrun for example_bash_decorator to None, run_after=None
[2025-02-27T03:12:17.740+0000] {processor.py:208} INFO - Processing /home/airflow/.local/lib/python3.12/site-packages/airflow/example_dags/example_bash_decorator.py took 0.311 seconds
[2025-02-27T03:12:48.739+0000] {processor.py:186} INFO - Started process (PID=2334) to work on /home/airflow/.local/lib/python3.12/site-packages/airflow/example_dags/example_bash_decorator.py
[2025-02-27T03:12:48.741+0000] {processor.py:914} INFO - Processing file /home/airflow/.local/lib/python3.12/site-packages/airflow/example_dags/example_bash_decorator.py for tasks to queue
[2025-02-27T03:12:48.745+0000] {logging_mixin.py:190} INFO - [2025-02-27T03:12:48.745+0000] {dagbag.py:588} INFO - Filling up the DagBag from /home/airflow/.local/lib/python3.12/site-packages/airflow/example_dags/example_bash_decorator.py
[2025-02-27T03:12:48.767+0000] {processor.py:925} INFO - DAG(s) 'example_bash_decorator' retrieved from /home/airflow/.local/lib/python3.12/site-packages/airflow/example_dags/example_bash_decorator.py
[2025-02-27T03:12:48.916+0000] {logging_mixin.py:190} INFO - [2025-02-27T03:12:48.915+0000] {dag.py:3239} INFO - Sync 1 DAGs
[2025-02-27T03:12:48.956+0000] {logging_mixin.py:190} INFO - [2025-02-27T03:12:48.956+0000] {dag.py:4180} INFO - Setting next_dagrun for example_bash_decorator to None, run_after=None
[2025-02-27T03:12:49.019+0000] {processor.py:208} INFO - Processing /home/airflow/.local/lib/python3.12/site-packages/airflow/example_dags/example_bash_decorator.py took 0.290 seconds
[2025-02-27T03:13:19.699+0000] {processor.py:186} INFO - Started process (PID=2402) to work on /home/airflow/.local/lib/python3.12/site-packages/airflow/example_dags/example_bash_decorator.py
[2025-02-27T03:13:19.701+0000] {processor.py:914} INFO - Processing file /home/airflow/.local/lib/python3.12/site-packages/airflow/example_dags/example_bash_decorator.py for tasks to queue
[2025-02-27T03:13:19.704+0000] {logging_mixin.py:190} INFO - [2025-02-27T03:13:19.703+0000] {dagbag.py:588} INFO - Filling up the DagBag from /home/airflow/.local/lib/python3.12/site-packages/airflow/example_dags/example_bash_decorator.py
[2025-02-27T03:13:19.734+0000] {processor.py:925} INFO - DAG(s) 'example_bash_decorator' retrieved from /home/airflow/.local/lib/python3.12/site-packages/airflow/example_dags/example_bash_decorator.py
[2025-02-27T03:13:19.868+0000] {logging_mixin.py:190} INFO - [2025-02-27T03:13:19.868+0000] {dag.py:3239} INFO - Sync 1 DAGs
[2025-02-27T03:13:19.907+0000] {logging_mixin.py:190} INFO - [2025-02-27T03:13:19.907+0000] {dag.py:4180} INFO - Setting next_dagrun for example_bash_decorator to None, run_after=None
[2025-02-27T03:13:19.978+0000] {processor.py:208} INFO - Processing /home/airflow/.local/lib/python3.12/site-packages/airflow/example_dags/example_bash_decorator.py took 0.286 seconds
[2025-02-27T03:13:50.293+0000] {processor.py:186} INFO - Started process (PID=2465) to work on /home/airflow/.local/lib/python3.12/site-packages/airflow/example_dags/example_bash_decorator.py
[2025-02-27T03:13:50.295+0000] {processor.py:914} INFO - Processing file /home/airflow/.local/lib/python3.12/site-packages/airflow/example_dags/example_bash_decorator.py for tasks to queue
[2025-02-27T03:13:50.300+0000] {logging_mixin.py:190} INFO - [2025-02-27T03:13:50.299+0000] {dagbag.py:588} INFO - Filling up the DagBag from /home/airflow/.local/lib/python3.12/site-packages/airflow/example_dags/example_bash_decorator.py
[2025-02-27T03:13:50.328+0000] {processor.py:925} INFO - DAG(s) 'example_bash_decorator' retrieved from /home/airflow/.local/lib/python3.12/site-packages/airflow/example_dags/example_bash_decorator.py
[2025-02-27T03:13:50.460+0000] {logging_mixin.py:190} INFO - [2025-02-27T03:13:50.460+0000] {dag.py:3239} INFO - Sync 1 DAGs
[2025-02-27T03:13:50.499+0000] {logging_mixin.py:190} INFO - [2025-02-27T03:13:50.498+0000] {dag.py:4180} INFO - Setting next_dagrun for example_bash_decorator to None, run_after=None
[2025-02-27T03:13:50.546+0000] {processor.py:208} INFO - Processing /home/airflow/.local/lib/python3.12/site-packages/airflow/example_dags/example_bash_decorator.py took 0.266 seconds
[2025-02-27T03:14:21.307+0000] {processor.py:186} INFO - Started process (PID=2528) to work on /home/airflow/.local/lib/python3.12/site-packages/airflow/example_dags/example_bash_decorator.py
[2025-02-27T03:14:21.309+0000] {processor.py:914} INFO - Processing file /home/airflow/.local/lib/python3.12/site-packages/airflow/example_dags/example_bash_decorator.py for tasks to queue
[2025-02-27T03:14:21.316+0000] {logging_mixin.py:190} INFO - [2025-02-27T03:14:21.315+0000] {dagbag.py:588} INFO - Filling up the DagBag from /home/airflow/.local/lib/python3.12/site-packages/airflow/example_dags/example_bash_decorator.py
[2025-02-27T03:14:21.351+0000] {processor.py:925} INFO - DAG(s) 'example_bash_decorator' retrieved from /home/airflow/.local/lib/python3.12/site-packages/airflow/example_dags/example_bash_decorator.py
[2025-02-27T03:14:21.533+0000] {logging_mixin.py:190} INFO - [2025-02-27T03:14:21.533+0000] {dag.py:3239} INFO - Sync 1 DAGs
[2025-02-27T03:14:21.584+0000] {logging_mixin.py:190} INFO - [2025-02-27T03:14:21.583+0000] {dag.py:4180} INFO - Setting next_dagrun for example_bash_decorator to None, run_after=None
[2025-02-27T03:14:21.645+0000] {processor.py:208} INFO - Processing /home/airflow/.local/lib/python3.12/site-packages/airflow/example_dags/example_bash_decorator.py took 0.349 seconds
[2025-02-27T03:14:52.936+0000] {processor.py:186} INFO - Started process (PID=2591) to work on /home/airflow/.local/lib/python3.12/site-packages/airflow/example_dags/example_bash_decorator.py
[2025-02-27T03:14:52.937+0000] {processor.py:914} INFO - Processing file /home/airflow/.local/lib/python3.12/site-packages/airflow/example_dags/example_bash_decorator.py for tasks to queue
[2025-02-27T03:14:52.941+0000] {logging_mixin.py:190} INFO - [2025-02-27T03:14:52.940+0000] {dagbag.py:588} INFO - Filling up the DagBag from /home/airflow/.local/lib/python3.12/site-packages/airflow/example_dags/example_bash_decorator.py
[2025-02-27T03:14:52.967+0000] {processor.py:925} INFO - DAG(s) 'example_bash_decorator' retrieved from /home/airflow/.local/lib/python3.12/site-packages/airflow/example_dags/example_bash_decorator.py
[2025-02-27T03:14:53.119+0000] {logging_mixin.py:190} INFO - [2025-02-27T03:14:53.119+0000] {dag.py:3239} INFO - Sync 1 DAGs
[2025-02-27T03:14:53.162+0000] {logging_mixin.py:190} INFO - [2025-02-27T03:14:53.161+0000] {dag.py:4180} INFO - Setting next_dagrun for example_bash_decorator to None, run_after=None
[2025-02-27T03:14:53.219+0000] {processor.py:208} INFO - Processing /home/airflow/.local/lib/python3.12/site-packages/airflow/example_dags/example_bash_decorator.py took 0.292 seconds
[2025-02-27T03:15:24.610+0000] {processor.py:186} INFO - Started process (PID=2654) to work on /home/airflow/.local/lib/python3.12/site-packages/airflow/example_dags/example_bash_decorator.py
[2025-02-27T03:15:24.612+0000] {processor.py:914} INFO - Processing file /home/airflow/.local/lib/python3.12/site-packages/airflow/example_dags/example_bash_decorator.py for tasks to queue
[2025-02-27T03:15:24.615+0000] {logging_mixin.py:190} INFO - [2025-02-27T03:15:24.614+0000] {dagbag.py:588} INFO - Filling up the DagBag from /home/airflow/.local/lib/python3.12/site-packages/airflow/example_dags/example_bash_decorator.py
[2025-02-27T03:15:24.637+0000] {processor.py:925} INFO - DAG(s) 'example_bash_decorator' retrieved from /home/airflow/.local/lib/python3.12/site-packages/airflow/example_dags/example_bash_decorator.py
[2025-02-27T03:15:24.777+0000] {logging_mixin.py:190} INFO - [2025-02-27T03:15:24.776+0000] {dag.py:3239} INFO - Sync 1 DAGs
[2025-02-27T03:15:24.818+0000] {logging_mixin.py:190} INFO - [2025-02-27T03:15:24.818+0000] {dag.py:4180} INFO - Setting next_dagrun for example_bash_decorator to None, run_after=None
[2025-02-27T03:15:24.877+0000] {processor.py:208} INFO - Processing /home/airflow/.local/lib/python3.12/site-packages/airflow/example_dags/example_bash_decorator.py took 0.274 seconds
[2025-02-27T03:15:55.249+0000] {processor.py:186} INFO - Started process (PID=2717) to work on /home/airflow/.local/lib/python3.12/site-packages/airflow/example_dags/example_bash_decorator.py
[2025-02-27T03:15:55.251+0000] {processor.py:914} INFO - Processing file /home/airflow/.local/lib/python3.12/site-packages/airflow/example_dags/example_bash_decorator.py for tasks to queue
[2025-02-27T03:15:55.255+0000] {logging_mixin.py:190} INFO - [2025-02-27T03:15:55.255+0000] {dagbag.py:588} INFO - Filling up the DagBag from /home/airflow/.local/lib/python3.12/site-packages/airflow/example_dags/example_bash_decorator.py
[2025-02-27T03:15:55.294+0000] {processor.py:925} INFO - DAG(s) 'example_bash_decorator' retrieved from /home/airflow/.local/lib/python3.12/site-packages/airflow/example_dags/example_bash_decorator.py
[2025-02-27T03:15:55.459+0000] {logging_mixin.py:190} INFO - [2025-02-27T03:15:55.459+0000] {dag.py:3239} INFO - Sync 1 DAGs
[2025-02-27T03:15:55.501+0000] {logging_mixin.py:190} INFO - [2025-02-27T03:15:55.501+0000] {dag.py:4180} INFO - Setting next_dagrun for example_bash_decorator to None, run_after=None
[2025-02-27T03:15:55.561+0000] {processor.py:208} INFO - Processing /home/airflow/.local/lib/python3.12/site-packages/airflow/example_dags/example_bash_decorator.py took 0.324 seconds
[2025-02-27T03:16:25.992+0000] {processor.py:186} INFO - Started process (PID=2779) to work on /home/airflow/.local/lib/python3.12/site-packages/airflow/example_dags/example_bash_decorator.py
[2025-02-27T03:16:25.993+0000] {processor.py:914} INFO - Processing file /home/airflow/.local/lib/python3.12/site-packages/airflow/example_dags/example_bash_decorator.py for tasks to queue
[2025-02-27T03:16:25.996+0000] {logging_mixin.py:190} INFO - [2025-02-27T03:16:25.996+0000] {dagbag.py:588} INFO - Filling up the DagBag from /home/airflow/.local/lib/python3.12/site-packages/airflow/example_dags/example_bash_decorator.py
[2025-02-27T03:16:26.019+0000] {processor.py:925} INFO - DAG(s) 'example_bash_decorator' retrieved from /home/airflow/.local/lib/python3.12/site-packages/airflow/example_dags/example_bash_decorator.py
[2025-02-27T03:16:26.248+0000] {logging_mixin.py:190} INFO - [2025-02-27T03:16:26.247+0000] {dag.py:3239} INFO - Sync 1 DAGs
[2025-02-27T03:16:26.298+0000] {logging_mixin.py:190} INFO - [2025-02-27T03:16:26.297+0000] {dag.py:4180} INFO - Setting next_dagrun for example_bash_decorator to None, run_after=None
[2025-02-27T03:16:26.380+0000] {processor.py:208} INFO - Processing /home/airflow/.local/lib/python3.12/site-packages/airflow/example_dags/example_bash_decorator.py took 0.395 seconds
[2025-02-27T03:16:57.227+0000] {processor.py:186} INFO - Started process (PID=2842) to work on /home/airflow/.local/lib/python3.12/site-packages/airflow/example_dags/example_bash_decorator.py
[2025-02-27T03:16:57.229+0000] {processor.py:914} INFO - Processing file /home/airflow/.local/lib/python3.12/site-packages/airflow/example_dags/example_bash_decorator.py for tasks to queue
[2025-02-27T03:16:57.234+0000] {logging_mixin.py:190} INFO - [2025-02-27T03:16:57.233+0000] {dagbag.py:588} INFO - Filling up the DagBag from /home/airflow/.local/lib/python3.12/site-packages/airflow/example_dags/example_bash_decorator.py
[2025-02-27T03:16:57.279+0000] {processor.py:925} INFO - DAG(s) 'example_bash_decorator' retrieved from /home/airflow/.local/lib/python3.12/site-packages/airflow/example_dags/example_bash_decorator.py
[2025-02-27T03:16:57.486+0000] {logging_mixin.py:190} INFO - [2025-02-27T03:16:57.485+0000] {dag.py:3239} INFO - Sync 1 DAGs
[2025-02-27T03:16:57.531+0000] {logging_mixin.py:190} INFO - [2025-02-27T03:16:57.530+0000] {dag.py:4180} INFO - Setting next_dagrun for example_bash_decorator to None, run_after=None
[2025-02-27T03:16:57.579+0000] {processor.py:208} INFO - Processing /home/airflow/.local/lib/python3.12/site-packages/airflow/example_dags/example_bash_decorator.py took 0.363 seconds
[2025-02-27T03:17:28.323+0000] {processor.py:186} INFO - Started process (PID=2905) to work on /home/airflow/.local/lib/python3.12/site-packages/airflow/example_dags/example_bash_decorator.py
[2025-02-27T03:17:28.326+0000] {processor.py:914} INFO - Processing file /home/airflow/.local/lib/python3.12/site-packages/airflow/example_dags/example_bash_decorator.py for tasks to queue
[2025-02-27T03:17:28.330+0000] {logging_mixin.py:190} INFO - [2025-02-27T03:17:28.329+0000] {dagbag.py:588} INFO - Filling up the DagBag from /home/airflow/.local/lib/python3.12/site-packages/airflow/example_dags/example_bash_decorator.py
[2025-02-27T03:17:28.353+0000] {processor.py:925} INFO - DAG(s) 'example_bash_decorator' retrieved from /home/airflow/.local/lib/python3.12/site-packages/airflow/example_dags/example_bash_decorator.py
[2025-02-27T03:17:28.487+0000] {logging_mixin.py:190} INFO - [2025-02-27T03:17:28.487+0000] {dag.py:3239} INFO - Sync 1 DAGs
[2025-02-27T03:17:28.523+0000] {logging_mixin.py:190} INFO - [2025-02-27T03:17:28.522+0000] {dag.py:4180} INFO - Setting next_dagrun for example_bash_decorator to None, run_after=None
[2025-02-27T03:17:28.578+0000] {processor.py:208} INFO - Processing /home/airflow/.local/lib/python3.12/site-packages/airflow/example_dags/example_bash_decorator.py took 0.266 seconds
[2025-02-27T03:17:59.121+0000] {processor.py:186} INFO - Started process (PID=2968) to work on /home/airflow/.local/lib/python3.12/site-packages/airflow/example_dags/example_bash_decorator.py
[2025-02-27T03:17:59.123+0000] {processor.py:914} INFO - Processing file /home/airflow/.local/lib/python3.12/site-packages/airflow/example_dags/example_bash_decorator.py for tasks to queue
[2025-02-27T03:17:59.127+0000] {logging_mixin.py:190} INFO - [2025-02-27T03:17:59.126+0000] {dagbag.py:588} INFO - Filling up the DagBag from /home/airflow/.local/lib/python3.12/site-packages/airflow/example_dags/example_bash_decorator.py
[2025-02-27T03:17:59.146+0000] {processor.py:925} INFO - DAG(s) 'example_bash_decorator' retrieved from /home/airflow/.local/lib/python3.12/site-packages/airflow/example_dags/example_bash_decorator.py
[2025-02-27T03:17:59.309+0000] {logging_mixin.py:190} INFO - [2025-02-27T03:17:59.309+0000] {dag.py:3239} INFO - Sync 1 DAGs
[2025-02-27T03:17:59.352+0000] {logging_mixin.py:190} INFO - [2025-02-27T03:17:59.352+0000] {dag.py:4180} INFO - Setting next_dagrun for example_bash_decorator to None, run_after=None
[2025-02-27T03:17:59.443+0000] {processor.py:208} INFO - Processing /home/airflow/.local/lib/python3.12/site-packages/airflow/example_dags/example_bash_decorator.py took 0.330 seconds
[2025-02-27T03:18:29.866+0000] {processor.py:186} INFO - Started process (PID=3030) to work on /home/airflow/.local/lib/python3.12/site-packages/airflow/example_dags/example_bash_decorator.py
[2025-02-27T03:18:29.868+0000] {processor.py:914} INFO - Processing file /home/airflow/.local/lib/python3.12/site-packages/airflow/example_dags/example_bash_decorator.py for tasks to queue
[2025-02-27T03:18:29.872+0000] {logging_mixin.py:190} INFO - [2025-02-27T03:18:29.871+0000] {dagbag.py:588} INFO - Filling up the DagBag from /home/airflow/.local/lib/python3.12/site-packages/airflow/example_dags/example_bash_decorator.py
[2025-02-27T03:18:29.904+0000] {processor.py:925} INFO - DAG(s) 'example_bash_decorator' retrieved from /home/airflow/.local/lib/python3.12/site-packages/airflow/example_dags/example_bash_decorator.py
[2025-02-27T03:18:30.045+0000] {logging_mixin.py:190} INFO - [2025-02-27T03:18:30.044+0000] {dag.py:3239} INFO - Sync 1 DAGs
[2025-02-27T03:18:30.094+0000] {logging_mixin.py:190} INFO - [2025-02-27T03:18:30.093+0000] {dag.py:4180} INFO - Setting next_dagrun for example_bash_decorator to None, run_after=None
[2025-02-27T03:18:30.167+0000] {processor.py:208} INFO - Processing /home/airflow/.local/lib/python3.12/site-packages/airflow/example_dags/example_bash_decorator.py took 0.308 seconds
[2025-02-27T03:19:00.256+0000] {processor.py:186} INFO - Started process (PID=3093) to work on /home/airflow/.local/lib/python3.12/site-packages/airflow/example_dags/example_bash_decorator.py
[2025-02-27T03:19:00.260+0000] {processor.py:914} INFO - Processing file /home/airflow/.local/lib/python3.12/site-packages/airflow/example_dags/example_bash_decorator.py for tasks to queue
[2025-02-27T03:19:00.264+0000] {logging_mixin.py:190} INFO - [2025-02-27T03:19:00.263+0000] {dagbag.py:588} INFO - Filling up the DagBag from /home/airflow/.local/lib/python3.12/site-packages/airflow/example_dags/example_bash_decorator.py
[2025-02-27T03:19:00.300+0000] {processor.py:925} INFO - DAG(s) 'example_bash_decorator' retrieved from /home/airflow/.local/lib/python3.12/site-packages/airflow/example_dags/example_bash_decorator.py
[2025-02-27T03:19:00.539+0000] {logging_mixin.py:190} INFO - [2025-02-27T03:19:00.538+0000] {dag.py:3239} INFO - Sync 1 DAGs
[2025-02-27T03:19:00.599+0000] {logging_mixin.py:190} INFO - [2025-02-27T03:19:00.599+0000] {dag.py:4180} INFO - Setting next_dagrun for example_bash_decorator to None, run_after=None
[2025-02-27T03:19:00.681+0000] {processor.py:208} INFO - Processing /home/airflow/.local/lib/python3.12/site-packages/airflow/example_dags/example_bash_decorator.py took 0.434 seconds
[2025-02-27T03:19:31.158+0000] {processor.py:186} INFO - Started process (PID=3156) to work on /home/airflow/.local/lib/python3.12/site-packages/airflow/example_dags/example_bash_decorator.py
[2025-02-27T03:19:31.160+0000] {processor.py:914} INFO - Processing file /home/airflow/.local/lib/python3.12/site-packages/airflow/example_dags/example_bash_decorator.py for tasks to queue
[2025-02-27T03:19:31.164+0000] {logging_mixin.py:190} INFO - [2025-02-27T03:19:31.163+0000] {dagbag.py:588} INFO - Filling up the DagBag from /home/airflow/.local/lib/python3.12/site-packages/airflow/example_dags/example_bash_decorator.py
[2025-02-27T03:19:31.190+0000] {processor.py:925} INFO - DAG(s) 'example_bash_decorator' retrieved from /home/airflow/.local/lib/python3.12/site-packages/airflow/example_dags/example_bash_decorator.py
[2025-02-27T03:19:31.345+0000] {logging_mixin.py:190} INFO - [2025-02-27T03:19:31.344+0000] {dag.py:3239} INFO - Sync 1 DAGs
[2025-02-27T03:19:31.407+0000] {logging_mixin.py:190} INFO - [2025-02-27T03:19:31.406+0000] {dag.py:4180} INFO - Setting next_dagrun for example_bash_decorator to None, run_after=None
[2025-02-27T03:19:31.494+0000] {processor.py:208} INFO - Processing /home/airflow/.local/lib/python3.12/site-packages/airflow/example_dags/example_bash_decorator.py took 0.344 seconds
[2025-02-27T03:20:01.778+0000] {processor.py:186} INFO - Started process (PID=3219) to work on /home/airflow/.local/lib/python3.12/site-packages/airflow/example_dags/example_bash_decorator.py
[2025-02-27T03:20:01.780+0000] {processor.py:914} INFO - Processing file /home/airflow/.local/lib/python3.12/site-packages/airflow/example_dags/example_bash_decorator.py for tasks to queue
[2025-02-27T03:20:01.784+0000] {logging_mixin.py:190} INFO - [2025-02-27T03:20:01.784+0000] {dagbag.py:588} INFO - Filling up the DagBag from /home/airflow/.local/lib/python3.12/site-packages/airflow/example_dags/example_bash_decorator.py
[2025-02-27T03:20:01.823+0000] {processor.py:925} INFO - DAG(s) 'example_bash_decorator' retrieved from /home/airflow/.local/lib/python3.12/site-packages/airflow/example_dags/example_bash_decorator.py
[2025-02-27T03:20:02.029+0000] {logging_mixin.py:190} INFO - [2025-02-27T03:20:02.028+0000] {dag.py:3239} INFO - Sync 1 DAGs
[2025-02-27T03:20:02.086+0000] {logging_mixin.py:190} INFO - [2025-02-27T03:20:02.085+0000] {dag.py:4180} INFO - Setting next_dagrun for example_bash_decorator to None, run_after=None
[2025-02-27T03:20:02.163+0000] {processor.py:208} INFO - Processing /home/airflow/.local/lib/python3.12/site-packages/airflow/example_dags/example_bash_decorator.py took 0.396 seconds
[2025-02-27T03:20:32.474+0000] {processor.py:186} INFO - Started process (PID=3282) to work on /home/airflow/.local/lib/python3.12/site-packages/airflow/example_dags/example_bash_decorator.py
[2025-02-27T03:20:32.477+0000] {processor.py:914} INFO - Processing file /home/airflow/.local/lib/python3.12/site-packages/airflow/example_dags/example_bash_decorator.py for tasks to queue
[2025-02-27T03:20:32.482+0000] {logging_mixin.py:190} INFO - [2025-02-27T03:20:32.481+0000] {dagbag.py:588} INFO - Filling up the DagBag from /home/airflow/.local/lib/python3.12/site-packages/airflow/example_dags/example_bash_decorator.py
[2025-02-27T03:20:32.542+0000] {processor.py:925} INFO - DAG(s) 'example_bash_decorator' retrieved from /home/airflow/.local/lib/python3.12/site-packages/airflow/example_dags/example_bash_decorator.py
[2025-02-27T03:20:32.744+0000] {logging_mixin.py:190} INFO - [2025-02-27T03:20:32.744+0000] {dag.py:3239} INFO - Sync 1 DAGs
[2025-02-27T03:20:32.791+0000] {logging_mixin.py:190} INFO - [2025-02-27T03:20:32.790+0000] {dag.py:4180} INFO - Setting next_dagrun for example_bash_decorator to None, run_after=None
[2025-02-27T03:20:32.854+0000] {processor.py:208} INFO - Processing /home/airflow/.local/lib/python3.12/site-packages/airflow/example_dags/example_bash_decorator.py took 0.400 seconds
[2025-02-27T03:21:02.958+0000] {processor.py:186} INFO - Started process (PID=3345) to work on /home/airflow/.local/lib/python3.12/site-packages/airflow/example_dags/example_bash_decorator.py
[2025-02-27T03:21:02.959+0000] {processor.py:914} INFO - Processing file /home/airflow/.local/lib/python3.12/site-packages/airflow/example_dags/example_bash_decorator.py for tasks to queue
[2025-02-27T03:21:02.964+0000] {logging_mixin.py:190} INFO - [2025-02-27T03:21:02.963+0000] {dagbag.py:588} INFO - Filling up the DagBag from /home/airflow/.local/lib/python3.12/site-packages/airflow/example_dags/example_bash_decorator.py
[2025-02-27T03:21:03.005+0000] {processor.py:925} INFO - DAG(s) 'example_bash_decorator' retrieved from /home/airflow/.local/lib/python3.12/site-packages/airflow/example_dags/example_bash_decorator.py
[2025-02-27T03:21:03.167+0000] {logging_mixin.py:190} INFO - [2025-02-27T03:21:03.166+0000] {dag.py:3239} INFO - Sync 1 DAGs
[2025-02-27T03:21:03.213+0000] {logging_mixin.py:190} INFO - [2025-02-27T03:21:03.213+0000] {dag.py:4180} INFO - Setting next_dagrun for example_bash_decorator to None, run_after=None
[2025-02-27T03:21:03.270+0000] {processor.py:208} INFO - Processing /home/airflow/.local/lib/python3.12/site-packages/airflow/example_dags/example_bash_decorator.py took 0.328 seconds
