[2025-02-27T02:51:35.088+0000] {processor.py:186} INFO - Started process (PID=110) to work on /home/airflow/.local/lib/python3.12/site-packages/airflow/example_dags/example_skip_dag.py
[2025-02-27T02:51:35.090+0000] {processor.py:914} INFO - Processing file /home/airflow/.local/lib/python3.12/site-packages/airflow/example_dags/example_skip_dag.py for tasks to queue
[2025-02-27T02:51:35.094+0000] {logging_mixin.py:190} INFO - [2025-02-27T02:51:35.093+0000] {dagbag.py:588} INFO - Filling up the DagBag from /home/airflow/.local/lib/python3.12/site-packages/airflow/example_dags/example_skip_dag.py
[2025-02-27T02:51:35.111+0000] {processor.py:925} INFO - DAG(s) 'example_skip_dag' retrieved from /home/airflow/.local/lib/python3.12/site-packages/airflow/example_dags/example_skip_dag.py
[2025-02-27T02:51:35.366+0000] {logging_mixin.py:190} INFO - [2025-02-27T02:51:35.364+0000] {override.py:1912} INFO - Created Permission View: can delete on DAG:example_skip_dag
[2025-02-27T02:51:35.392+0000] {logging_mixin.py:190} INFO - [2025-02-27T02:51:35.392+0000] {override.py:1912} INFO - Created Permission View: can read on DAG:example_skip_dag
[2025-02-27T02:51:35.411+0000] {logging_mixin.py:190} INFO - [2025-02-27T02:51:35.410+0000] {override.py:1912} INFO - Created Permission View: can edit on DAG:example_skip_dag
[2025-02-27T02:51:35.434+0000] {logging_mixin.py:190} INFO - [2025-02-27T02:51:35.433+0000] {override.py:1912} INFO - Created Permission View: menu access on DAG Run:example_skip_dag
[2025-02-27T02:51:35.457+0000] {logging_mixin.py:190} INFO - [2025-02-27T02:51:35.456+0000] {override.py:1912} INFO - Created Permission View: can delete on DAG Run:example_skip_dag
[2025-02-27T02:51:35.481+0000] {logging_mixin.py:190} INFO - [2025-02-27T02:51:35.480+0000] {override.py:1912} INFO - Created Permission View: can read on DAG Run:example_skip_dag
[2025-02-27T02:51:35.503+0000] {logging_mixin.py:190} INFO - [2025-02-27T02:51:35.502+0000] {override.py:1912} INFO - Created Permission View: can create on DAG Run:example_skip_dag
[2025-02-27T02:51:35.504+0000] {logging_mixin.py:190} INFO - [2025-02-27T02:51:35.504+0000] {dag.py:3239} INFO - Sync 1 DAGs
[2025-02-27T02:51:35.534+0000] {logging_mixin.py:190} INFO - [2025-02-27T02:51:35.533+0000] {dag.py:3262} INFO - Creating ORM DAG for example_skip_dag
[2025-02-27T02:51:35.554+0000] {logging_mixin.py:190} INFO - [2025-02-27T02:51:35.553+0000] {dag.py:4180} INFO - Setting next_dagrun for example_skip_dag to 2025-02-26 00:00:00+00:00, run_after=2025-02-27 00:00:00+00:00
[2025-02-27T02:51:35.596+0000] {processor.py:208} INFO - Processing /home/airflow/.local/lib/python3.12/site-packages/airflow/example_dags/example_skip_dag.py took 0.517 seconds
[2025-02-27T02:54:21.185+0000] {processor.py:186} INFO - Started process (PID=112) to work on /home/airflow/.local/lib/python3.12/site-packages/airflow/example_dags/example_skip_dag.py
[2025-02-27T02:54:21.187+0000] {processor.py:914} INFO - Processing file /home/airflow/.local/lib/python3.12/site-packages/airflow/example_dags/example_skip_dag.py for tasks to queue
[2025-02-27T02:54:21.192+0000] {logging_mixin.py:190} INFO - [2025-02-27T02:54:21.191+0000] {dagbag.py:588} INFO - Filling up the DagBag from /home/airflow/.local/lib/python3.12/site-packages/airflow/example_dags/example_skip_dag.py
[2025-02-27T02:54:21.212+0000] {processor.py:925} INFO - DAG(s) 'example_skip_dag' retrieved from /home/airflow/.local/lib/python3.12/site-packages/airflow/example_dags/example_skip_dag.py
[2025-02-27T02:54:21.880+0000] {logging_mixin.py:190} INFO - [2025-02-27T02:54:21.875+0000] {override.py:1912} INFO - Created Permission View: can read on DAG:example_skip_dag
[2025-02-27T02:54:21.923+0000] {logging_mixin.py:190} INFO - [2025-02-27T02:54:21.923+0000] {override.py:1912} INFO - Created Permission View: can delete on DAG:example_skip_dag
[2025-02-27T02:54:21.975+0000] {logging_mixin.py:190} INFO - [2025-02-27T02:54:21.974+0000] {override.py:1912} INFO - Created Permission View: can edit on DAG:example_skip_dag
[2025-02-27T02:54:22.036+0000] {logging_mixin.py:190} INFO - [2025-02-27T02:54:22.036+0000] {override.py:1912} INFO - Created Permission View: can read on DAG Run:example_skip_dag
[2025-02-27T02:54:22.069+0000] {logging_mixin.py:190} INFO - [2025-02-27T02:54:22.068+0000] {override.py:1912} INFO - Created Permission View: menu access on DAG Run:example_skip_dag
[2025-02-27T02:54:22.106+0000] {logging_mixin.py:190} INFO - [2025-02-27T02:54:22.105+0000] {override.py:1912} INFO - Created Permission View: can delete on DAG Run:example_skip_dag
[2025-02-27T02:54:22.139+0000] {logging_mixin.py:190} INFO - [2025-02-27T02:54:22.139+0000] {override.py:1912} INFO - Created Permission View: can create on DAG Run:example_skip_dag
[2025-02-27T02:54:22.143+0000] {logging_mixin.py:190} INFO - [2025-02-27T02:54:22.142+0000] {dag.py:3239} INFO - Sync 1 DAGs
[2025-02-27T02:54:22.242+0000] {logging_mixin.py:190} INFO - [2025-02-27T02:54:22.242+0000] {dag.py:3262} INFO - Creating ORM DAG for example_skip_dag
[2025-02-27T02:54:22.287+0000] {logging_mixin.py:190} INFO - [2025-02-27T02:54:22.286+0000] {dag.py:4180} INFO - Setting next_dagrun for example_skip_dag to 2025-02-26 00:00:00+00:00, run_after=2025-02-27 00:00:00+00:00
[2025-02-27T02:54:22.340+0000] {processor.py:208} INFO - Processing /home/airflow/.local/lib/python3.12/site-packages/airflow/example_dags/example_skip_dag.py took 1.168 seconds
[2025-02-27T02:54:52.630+0000] {processor.py:186} INFO - Started process (PID=175) to work on /home/airflow/.local/lib/python3.12/site-packages/airflow/example_dags/example_skip_dag.py
[2025-02-27T02:54:52.632+0000] {processor.py:914} INFO - Processing file /home/airflow/.local/lib/python3.12/site-packages/airflow/example_dags/example_skip_dag.py for tasks to queue
[2025-02-27T02:54:52.637+0000] {logging_mixin.py:190} INFO - [2025-02-27T02:54:52.636+0000] {dagbag.py:588} INFO - Filling up the DagBag from /home/airflow/.local/lib/python3.12/site-packages/airflow/example_dags/example_skip_dag.py
[2025-02-27T02:54:52.649+0000] {processor.py:925} INFO - DAG(s) 'example_skip_dag' retrieved from /home/airflow/.local/lib/python3.12/site-packages/airflow/example_dags/example_skip_dag.py
[2025-02-27T02:54:52.801+0000] {logging_mixin.py:190} INFO - [2025-02-27T02:54:52.801+0000] {dag.py:3239} INFO - Sync 1 DAGs
[2025-02-27T02:54:52.874+0000] {logging_mixin.py:190} INFO - [2025-02-27T02:54:52.873+0000] {dag.py:4180} INFO - Setting next_dagrun for example_skip_dag to 2025-02-26 00:00:00+00:00, run_after=2025-02-27 00:00:00+00:00
[2025-02-27T02:54:52.940+0000] {processor.py:208} INFO - Processing /home/airflow/.local/lib/python3.12/site-packages/airflow/example_dags/example_skip_dag.py took 0.322 seconds
[2025-02-27T02:55:23.719+0000] {processor.py:186} INFO - Started process (PID=238) to work on /home/airflow/.local/lib/python3.12/site-packages/airflow/example_dags/example_skip_dag.py
[2025-02-27T02:55:23.721+0000] {processor.py:914} INFO - Processing file /home/airflow/.local/lib/python3.12/site-packages/airflow/example_dags/example_skip_dag.py for tasks to queue
[2025-02-27T02:55:23.726+0000] {logging_mixin.py:190} INFO - [2025-02-27T02:55:23.725+0000] {dagbag.py:588} INFO - Filling up the DagBag from /home/airflow/.local/lib/python3.12/site-packages/airflow/example_dags/example_skip_dag.py
[2025-02-27T02:55:23.736+0000] {processor.py:925} INFO - DAG(s) 'example_skip_dag' retrieved from /home/airflow/.local/lib/python3.12/site-packages/airflow/example_dags/example_skip_dag.py
[2025-02-27T02:55:23.915+0000] {logging_mixin.py:190} INFO - [2025-02-27T02:55:23.914+0000] {dag.py:3239} INFO - Sync 1 DAGs
[2025-02-27T02:55:23.991+0000] {logging_mixin.py:190} INFO - [2025-02-27T02:55:23.990+0000] {dag.py:4180} INFO - Setting next_dagrun for example_skip_dag to 2025-02-26 00:00:00+00:00, run_after=2025-02-27 00:00:00+00:00
[2025-02-27T02:55:24.082+0000] {processor.py:208} INFO - Processing /home/airflow/.local/lib/python3.12/site-packages/airflow/example_dags/example_skip_dag.py took 0.369 seconds
[2025-02-27T02:55:54.162+0000] {processor.py:186} INFO - Started process (PID=301) to work on /home/airflow/.local/lib/python3.12/site-packages/airflow/example_dags/example_skip_dag.py
[2025-02-27T02:55:54.164+0000] {processor.py:914} INFO - Processing file /home/airflow/.local/lib/python3.12/site-packages/airflow/example_dags/example_skip_dag.py for tasks to queue
[2025-02-27T02:55:54.168+0000] {logging_mixin.py:190} INFO - [2025-02-27T02:55:54.168+0000] {dagbag.py:588} INFO - Filling up the DagBag from /home/airflow/.local/lib/python3.12/site-packages/airflow/example_dags/example_skip_dag.py
[2025-02-27T02:55:54.179+0000] {processor.py:925} INFO - DAG(s) 'example_skip_dag' retrieved from /home/airflow/.local/lib/python3.12/site-packages/airflow/example_dags/example_skip_dag.py
[2025-02-27T02:55:54.357+0000] {logging_mixin.py:190} INFO - [2025-02-27T02:55:54.357+0000] {dag.py:3239} INFO - Sync 1 DAGs
[2025-02-27T02:55:54.432+0000] {logging_mixin.py:190} INFO - [2025-02-27T02:55:54.431+0000] {dag.py:4180} INFO - Setting next_dagrun for example_skip_dag to 2025-02-26 00:00:00+00:00, run_after=2025-02-27 00:00:00+00:00
[2025-02-27T02:55:54.504+0000] {processor.py:208} INFO - Processing /home/airflow/.local/lib/python3.12/site-packages/airflow/example_dags/example_skip_dag.py took 0.350 seconds
[2025-02-27T02:56:25.465+0000] {processor.py:186} INFO - Started process (PID=364) to work on /home/airflow/.local/lib/python3.12/site-packages/airflow/example_dags/example_skip_dag.py
[2025-02-27T02:56:25.468+0000] {processor.py:914} INFO - Processing file /home/airflow/.local/lib/python3.12/site-packages/airflow/example_dags/example_skip_dag.py for tasks to queue
[2025-02-27T02:56:25.473+0000] {logging_mixin.py:190} INFO - [2025-02-27T02:56:25.472+0000] {dagbag.py:588} INFO - Filling up the DagBag from /home/airflow/.local/lib/python3.12/site-packages/airflow/example_dags/example_skip_dag.py
[2025-02-27T02:56:25.492+0000] {processor.py:925} INFO - DAG(s) 'example_skip_dag' retrieved from /home/airflow/.local/lib/python3.12/site-packages/airflow/example_dags/example_skip_dag.py
[2025-02-27T02:56:25.776+0000] {logging_mixin.py:190} INFO - [2025-02-27T02:56:25.775+0000] {dag.py:3239} INFO - Sync 1 DAGs
[2025-02-27T02:56:25.986+0000] {logging_mixin.py:190} INFO - [2025-02-27T02:56:25.985+0000] {dag.py:4180} INFO - Setting next_dagrun for example_skip_dag to 2025-02-26 00:00:00+00:00, run_after=2025-02-27 00:00:00+00:00
[2025-02-27T02:56:26.104+0000] {processor.py:208} INFO - Processing /home/airflow/.local/lib/python3.12/site-packages/airflow/example_dags/example_skip_dag.py took 0.655 seconds
[2025-02-27T02:56:56.344+0000] {processor.py:186} INFO - Started process (PID=427) to work on /home/airflow/.local/lib/python3.12/site-packages/airflow/example_dags/example_skip_dag.py
[2025-02-27T02:56:56.350+0000] {processor.py:914} INFO - Processing file /home/airflow/.local/lib/python3.12/site-packages/airflow/example_dags/example_skip_dag.py for tasks to queue
[2025-02-27T02:56:56.357+0000] {logging_mixin.py:190} INFO - [2025-02-27T02:56:56.356+0000] {dagbag.py:588} INFO - Filling up the DagBag from /home/airflow/.local/lib/python3.12/site-packages/airflow/example_dags/example_skip_dag.py
[2025-02-27T02:56:56.380+0000] {processor.py:925} INFO - DAG(s) 'example_skip_dag' retrieved from /home/airflow/.local/lib/python3.12/site-packages/airflow/example_dags/example_skip_dag.py
[2025-02-27T02:56:56.664+0000] {logging_mixin.py:190} INFO - [2025-02-27T02:56:56.663+0000] {dag.py:3239} INFO - Sync 1 DAGs
[2025-02-27T02:56:56.781+0000] {logging_mixin.py:190} INFO - [2025-02-27T02:56:56.778+0000] {dag.py:4180} INFO - Setting next_dagrun for example_skip_dag to 2025-02-26 00:00:00+00:00, run_after=2025-02-27 00:00:00+00:00
[2025-02-27T02:56:56.882+0000] {processor.py:208} INFO - Processing /home/airflow/.local/lib/python3.12/site-packages/airflow/example_dags/example_skip_dag.py took 0.555 seconds
[2025-02-27T02:57:27.324+0000] {processor.py:186} INFO - Started process (PID=490) to work on /home/airflow/.local/lib/python3.12/site-packages/airflow/example_dags/example_skip_dag.py
[2025-02-27T02:57:27.326+0000] {processor.py:914} INFO - Processing file /home/airflow/.local/lib/python3.12/site-packages/airflow/example_dags/example_skip_dag.py for tasks to queue
[2025-02-27T02:57:27.330+0000] {logging_mixin.py:190} INFO - [2025-02-27T02:57:27.329+0000] {dagbag.py:588} INFO - Filling up the DagBag from /home/airflow/.local/lib/python3.12/site-packages/airflow/example_dags/example_skip_dag.py
[2025-02-27T02:57:27.343+0000] {processor.py:925} INFO - DAG(s) 'example_skip_dag' retrieved from /home/airflow/.local/lib/python3.12/site-packages/airflow/example_dags/example_skip_dag.py
[2025-02-27T02:57:27.549+0000] {logging_mixin.py:190} INFO - [2025-02-27T02:57:27.548+0000] {dag.py:3239} INFO - Sync 1 DAGs
[2025-02-27T02:57:27.650+0000] {logging_mixin.py:190} INFO - [2025-02-27T02:57:27.649+0000] {dag.py:4180} INFO - Setting next_dagrun for example_skip_dag to 2025-02-26 00:00:00+00:00, run_after=2025-02-27 00:00:00+00:00
[2025-02-27T02:57:27.741+0000] {processor.py:208} INFO - Processing /home/airflow/.local/lib/python3.12/site-packages/airflow/example_dags/example_skip_dag.py took 0.426 seconds
[2025-02-27T02:57:57.821+0000] {processor.py:186} INFO - Started process (PID=552) to work on /home/airflow/.local/lib/python3.12/site-packages/airflow/example_dags/example_skip_dag.py
[2025-02-27T02:57:57.823+0000] {processor.py:914} INFO - Processing file /home/airflow/.local/lib/python3.12/site-packages/airflow/example_dags/example_skip_dag.py for tasks to queue
[2025-02-27T02:57:57.826+0000] {logging_mixin.py:190} INFO - [2025-02-27T02:57:57.826+0000] {dagbag.py:588} INFO - Filling up the DagBag from /home/airflow/.local/lib/python3.12/site-packages/airflow/example_dags/example_skip_dag.py
[2025-02-27T02:57:57.840+0000] {processor.py:925} INFO - DAG(s) 'example_skip_dag' retrieved from /home/airflow/.local/lib/python3.12/site-packages/airflow/example_dags/example_skip_dag.py
[2025-02-27T02:57:57.997+0000] {logging_mixin.py:190} INFO - [2025-02-27T02:57:57.997+0000] {dag.py:3239} INFO - Sync 1 DAGs
[2025-02-27T02:57:58.063+0000] {logging_mixin.py:190} INFO - [2025-02-27T02:57:58.063+0000] {dag.py:4180} INFO - Setting next_dagrun for example_skip_dag to 2025-02-26 00:00:00+00:00, run_after=2025-02-27 00:00:00+00:00
[2025-02-27T02:57:58.129+0000] {processor.py:208} INFO - Processing /home/airflow/.local/lib/python3.12/site-packages/airflow/example_dags/example_skip_dag.py took 0.315 seconds
[2025-02-27T02:58:29.627+0000] {processor.py:186} INFO - Started process (PID=615) to work on /home/airflow/.local/lib/python3.12/site-packages/airflow/example_dags/example_skip_dag.py
[2025-02-27T02:58:29.629+0000] {processor.py:914} INFO - Processing file /home/airflow/.local/lib/python3.12/site-packages/airflow/example_dags/example_skip_dag.py for tasks to queue
[2025-02-27T02:58:29.644+0000] {logging_mixin.py:190} INFO - [2025-02-27T02:58:29.643+0000] {dagbag.py:588} INFO - Filling up the DagBag from /home/airflow/.local/lib/python3.12/site-packages/airflow/example_dags/example_skip_dag.py
[2025-02-27T02:58:29.676+0000] {processor.py:925} INFO - DAG(s) 'example_skip_dag' retrieved from /home/airflow/.local/lib/python3.12/site-packages/airflow/example_dags/example_skip_dag.py
[2025-02-27T02:58:29.911+0000] {logging_mixin.py:190} INFO - [2025-02-27T02:58:29.911+0000] {dag.py:3239} INFO - Sync 1 DAGs
[2025-02-27T02:58:29.979+0000] {logging_mixin.py:190} INFO - [2025-02-27T02:58:29.979+0000] {dag.py:4180} INFO - Setting next_dagrun for example_skip_dag to 2025-02-26 00:00:00+00:00, run_after=2025-02-27 00:00:00+00:00
[2025-02-27T02:58:30.039+0000] {processor.py:208} INFO - Processing /home/airflow/.local/lib/python3.12/site-packages/airflow/example_dags/example_skip_dag.py took 0.437 seconds
[2025-02-27T02:59:00.946+0000] {processor.py:186} INFO - Started process (PID=678) to work on /home/airflow/.local/lib/python3.12/site-packages/airflow/example_dags/example_skip_dag.py
[2025-02-27T02:59:00.949+0000] {processor.py:914} INFO - Processing file /home/airflow/.local/lib/python3.12/site-packages/airflow/example_dags/example_skip_dag.py for tasks to queue
[2025-02-27T02:59:00.955+0000] {logging_mixin.py:190} INFO - [2025-02-27T02:59:00.954+0000] {dagbag.py:588} INFO - Filling up the DagBag from /home/airflow/.local/lib/python3.12/site-packages/airflow/example_dags/example_skip_dag.py
[2025-02-27T02:59:00.982+0000] {processor.py:925} INFO - DAG(s) 'example_skip_dag' retrieved from /home/airflow/.local/lib/python3.12/site-packages/airflow/example_dags/example_skip_dag.py
[2025-02-27T02:59:01.241+0000] {logging_mixin.py:190} INFO - [2025-02-27T02:59:01.240+0000] {dag.py:3239} INFO - Sync 1 DAGs
[2025-02-27T02:59:01.362+0000] {logging_mixin.py:190} INFO - [2025-02-27T02:59:01.362+0000] {dag.py:4180} INFO - Setting next_dagrun for example_skip_dag to 2025-02-26 00:00:00+00:00, run_after=2025-02-27 00:00:00+00:00
[2025-02-27T02:59:01.453+0000] {processor.py:208} INFO - Processing /home/airflow/.local/lib/python3.12/site-packages/airflow/example_dags/example_skip_dag.py took 0.523 seconds
[2025-02-27T02:59:35.477+0000] {processor.py:186} INFO - Started process (PID=741) to work on /home/airflow/.local/lib/python3.12/site-packages/airflow/example_dags/example_skip_dag.py
[2025-02-27T02:59:35.480+0000] {processor.py:914} INFO - Processing file /home/airflow/.local/lib/python3.12/site-packages/airflow/example_dags/example_skip_dag.py for tasks to queue
[2025-02-27T02:59:35.486+0000] {logging_mixin.py:190} INFO - [2025-02-27T02:59:35.485+0000] {dagbag.py:588} INFO - Filling up the DagBag from /home/airflow/.local/lib/python3.12/site-packages/airflow/example_dags/example_skip_dag.py
[2025-02-27T02:59:35.504+0000] {processor.py:925} INFO - DAG(s) 'example_skip_dag' retrieved from /home/airflow/.local/lib/python3.12/site-packages/airflow/example_dags/example_skip_dag.py
[2025-02-27T02:59:35.715+0000] {logging_mixin.py:190} INFO - [2025-02-27T02:59:35.714+0000] {dag.py:3239} INFO - Sync 1 DAGs
[2025-02-27T02:59:35.814+0000] {logging_mixin.py:190} INFO - [2025-02-27T02:59:35.813+0000] {dag.py:4180} INFO - Setting next_dagrun for example_skip_dag to 2025-02-26 00:00:00+00:00, run_after=2025-02-27 00:00:00+00:00
[2025-02-27T02:59:35.924+0000] {processor.py:208} INFO - Processing /home/airflow/.local/lib/python3.12/site-packages/airflow/example_dags/example_skip_dag.py took 0.464 seconds
[2025-02-27T03:00:06.928+0000] {processor.py:186} INFO - Started process (PID=804) to work on /home/airflow/.local/lib/python3.12/site-packages/airflow/example_dags/example_skip_dag.py
[2025-02-27T03:00:06.930+0000] {processor.py:914} INFO - Processing file /home/airflow/.local/lib/python3.12/site-packages/airflow/example_dags/example_skip_dag.py for tasks to queue
[2025-02-27T03:00:06.938+0000] {logging_mixin.py:190} INFO - [2025-02-27T03:00:06.937+0000] {dagbag.py:588} INFO - Filling up the DagBag from /home/airflow/.local/lib/python3.12/site-packages/airflow/example_dags/example_skip_dag.py
[2025-02-27T03:00:06.965+0000] {processor.py:925} INFO - DAG(s) 'example_skip_dag' retrieved from /home/airflow/.local/lib/python3.12/site-packages/airflow/example_dags/example_skip_dag.py
[2025-02-27T03:00:07.172+0000] {logging_mixin.py:190} INFO - [2025-02-27T03:00:07.171+0000] {dag.py:3239} INFO - Sync 1 DAGs
[2025-02-27T03:00:07.257+0000] {logging_mixin.py:190} INFO - [2025-02-27T03:00:07.256+0000] {dag.py:4180} INFO - Setting next_dagrun for example_skip_dag to 2025-02-26 00:00:00+00:00, run_after=2025-02-27 00:00:00+00:00
[2025-02-27T03:00:07.316+0000] {processor.py:208} INFO - Processing /home/airflow/.local/lib/python3.12/site-packages/airflow/example_dags/example_skip_dag.py took 0.402 seconds
[2025-02-27T03:00:37.500+0000] {processor.py:186} INFO - Started process (PID=866) to work on /home/airflow/.local/lib/python3.12/site-packages/airflow/example_dags/example_skip_dag.py
[2025-02-27T03:00:37.502+0000] {processor.py:914} INFO - Processing file /home/airflow/.local/lib/python3.12/site-packages/airflow/example_dags/example_skip_dag.py for tasks to queue
[2025-02-27T03:00:37.505+0000] {logging_mixin.py:190} INFO - [2025-02-27T03:00:37.505+0000] {dagbag.py:588} INFO - Filling up the DagBag from /home/airflow/.local/lib/python3.12/site-packages/airflow/example_dags/example_skip_dag.py
[2025-02-27T03:00:37.520+0000] {processor.py:925} INFO - DAG(s) 'example_skip_dag' retrieved from /home/airflow/.local/lib/python3.12/site-packages/airflow/example_dags/example_skip_dag.py
[2025-02-27T03:00:37.682+0000] {logging_mixin.py:190} INFO - [2025-02-27T03:00:37.681+0000] {dag.py:3239} INFO - Sync 1 DAGs
[2025-02-27T03:00:37.746+0000] {logging_mixin.py:190} INFO - [2025-02-27T03:00:37.745+0000] {dag.py:4180} INFO - Setting next_dagrun for example_skip_dag to 2025-02-26 00:00:00+00:00, run_after=2025-02-27 00:00:00+00:00
[2025-02-27T03:00:37.812+0000] {processor.py:208} INFO - Processing /home/airflow/.local/lib/python3.12/site-packages/airflow/example_dags/example_skip_dag.py took 0.323 seconds
[2025-02-27T03:01:08.541+0000] {processor.py:186} INFO - Started process (PID=929) to work on /home/airflow/.local/lib/python3.12/site-packages/airflow/example_dags/example_skip_dag.py
[2025-02-27T03:01:08.543+0000] {processor.py:914} INFO - Processing file /home/airflow/.local/lib/python3.12/site-packages/airflow/example_dags/example_skip_dag.py for tasks to queue
[2025-02-27T03:01:08.548+0000] {logging_mixin.py:190} INFO - [2025-02-27T03:01:08.547+0000] {dagbag.py:588} INFO - Filling up the DagBag from /home/airflow/.local/lib/python3.12/site-packages/airflow/example_dags/example_skip_dag.py
[2025-02-27T03:01:08.568+0000] {processor.py:925} INFO - DAG(s) 'example_skip_dag' retrieved from /home/airflow/.local/lib/python3.12/site-packages/airflow/example_dags/example_skip_dag.py
[2025-02-27T03:01:08.770+0000] {logging_mixin.py:190} INFO - [2025-02-27T03:01:08.769+0000] {dag.py:3239} INFO - Sync 1 DAGs
[2025-02-27T03:01:08.829+0000] {logging_mixin.py:190} INFO - [2025-02-27T03:01:08.828+0000] {dag.py:4180} INFO - Setting next_dagrun for example_skip_dag to 2025-02-26 00:00:00+00:00, run_after=2025-02-27 00:00:00+00:00
[2025-02-27T03:01:08.882+0000] {processor.py:208} INFO - Processing /home/airflow/.local/lib/python3.12/site-packages/airflow/example_dags/example_skip_dag.py took 0.353 seconds
[2025-02-27T03:01:40.101+0000] {processor.py:186} INFO - Started process (PID=992) to work on /home/airflow/.local/lib/python3.12/site-packages/airflow/example_dags/example_skip_dag.py
[2025-02-27T03:01:40.103+0000] {processor.py:914} INFO - Processing file /home/airflow/.local/lib/python3.12/site-packages/airflow/example_dags/example_skip_dag.py for tasks to queue
[2025-02-27T03:01:40.108+0000] {logging_mixin.py:190} INFO - [2025-02-27T03:01:40.108+0000] {dagbag.py:588} INFO - Filling up the DagBag from /home/airflow/.local/lib/python3.12/site-packages/airflow/example_dags/example_skip_dag.py
[2025-02-27T03:01:40.120+0000] {processor.py:925} INFO - DAG(s) 'example_skip_dag' retrieved from /home/airflow/.local/lib/python3.12/site-packages/airflow/example_dags/example_skip_dag.py
[2025-02-27T03:01:40.283+0000] {logging_mixin.py:190} INFO - [2025-02-27T03:01:40.283+0000] {dag.py:3239} INFO - Sync 1 DAGs
[2025-02-27T03:01:40.348+0000] {logging_mixin.py:190} INFO - [2025-02-27T03:01:40.347+0000] {dag.py:4180} INFO - Setting next_dagrun for example_skip_dag to 2025-02-26 00:00:00+00:00, run_after=2025-02-27 00:00:00+00:00
[2025-02-27T03:01:40.413+0000] {processor.py:208} INFO - Processing /home/airflow/.local/lib/python3.12/site-packages/airflow/example_dags/example_skip_dag.py took 0.322 seconds
[2025-02-27T03:02:12.983+0000] {processor.py:186} INFO - Started process (PID=1055) to work on /home/airflow/.local/lib/python3.12/site-packages/airflow/example_dags/example_skip_dag.py
[2025-02-27T03:02:12.985+0000] {processor.py:914} INFO - Processing file /home/airflow/.local/lib/python3.12/site-packages/airflow/example_dags/example_skip_dag.py for tasks to queue
[2025-02-27T03:02:12.988+0000] {logging_mixin.py:190} INFO - [2025-02-27T03:02:12.988+0000] {dagbag.py:588} INFO - Filling up the DagBag from /home/airflow/.local/lib/python3.12/site-packages/airflow/example_dags/example_skip_dag.py
[2025-02-27T03:02:13.001+0000] {processor.py:925} INFO - DAG(s) 'example_skip_dag' retrieved from /home/airflow/.local/lib/python3.12/site-packages/airflow/example_dags/example_skip_dag.py
[2025-02-27T03:02:13.156+0000] {logging_mixin.py:190} INFO - [2025-02-27T03:02:13.155+0000] {dag.py:3239} INFO - Sync 1 DAGs
[2025-02-27T03:02:13.238+0000] {logging_mixin.py:190} INFO - [2025-02-27T03:02:13.237+0000] {dag.py:4180} INFO - Setting next_dagrun for example_skip_dag to 2025-02-26 00:00:00+00:00, run_after=2025-02-27 00:00:00+00:00
[2025-02-27T03:02:13.321+0000] {processor.py:208} INFO - Processing /home/airflow/.local/lib/python3.12/site-packages/airflow/example_dags/example_skip_dag.py took 0.348 seconds
[2025-02-27T03:02:46.730+0000] {processor.py:186} INFO - Started process (PID=1119) to work on /home/airflow/.local/lib/python3.12/site-packages/airflow/example_dags/example_skip_dag.py
[2025-02-27T03:02:46.733+0000] {processor.py:914} INFO - Processing file /home/airflow/.local/lib/python3.12/site-packages/airflow/example_dags/example_skip_dag.py for tasks to queue
[2025-02-27T03:02:46.738+0000] {logging_mixin.py:190} INFO - [2025-02-27T03:02:46.737+0000] {dagbag.py:588} INFO - Filling up the DagBag from /home/airflow/.local/lib/python3.12/site-packages/airflow/example_dags/example_skip_dag.py
[2025-02-27T03:02:46.756+0000] {processor.py:925} INFO - DAG(s) 'example_skip_dag' retrieved from /home/airflow/.local/lib/python3.12/site-packages/airflow/example_dags/example_skip_dag.py
[2025-02-27T03:02:46.951+0000] {logging_mixin.py:190} INFO - [2025-02-27T03:02:46.950+0000] {dag.py:3239} INFO - Sync 1 DAGs
[2025-02-27T03:02:47.064+0000] {logging_mixin.py:190} INFO - [2025-02-27T03:02:47.064+0000] {dag.py:4180} INFO - Setting next_dagrun for example_skip_dag to 2025-02-26 00:00:00+00:00, run_after=2025-02-27 00:00:00+00:00
[2025-02-27T03:02:47.160+0000] {processor.py:208} INFO - Processing /home/airflow/.local/lib/python3.12/site-packages/airflow/example_dags/example_skip_dag.py took 0.443 seconds
[2025-02-27T03:03:18.761+0000] {processor.py:186} INFO - Started process (PID=1189) to work on /home/airflow/.local/lib/python3.12/site-packages/airflow/example_dags/example_skip_dag.py
[2025-02-27T03:03:18.764+0000] {processor.py:914} INFO - Processing file /home/airflow/.local/lib/python3.12/site-packages/airflow/example_dags/example_skip_dag.py for tasks to queue
[2025-02-27T03:03:18.768+0000] {logging_mixin.py:190} INFO - [2025-02-27T03:03:18.767+0000] {dagbag.py:588} INFO - Filling up the DagBag from /home/airflow/.local/lib/python3.12/site-packages/airflow/example_dags/example_skip_dag.py
[2025-02-27T03:03:18.790+0000] {processor.py:925} INFO - DAG(s) 'example_skip_dag' retrieved from /home/airflow/.local/lib/python3.12/site-packages/airflow/example_dags/example_skip_dag.py
[2025-02-27T03:03:19.001+0000] {logging_mixin.py:190} INFO - [2025-02-27T03:03:19.000+0000] {dag.py:3239} INFO - Sync 1 DAGs
[2025-02-27T03:03:19.073+0000] {logging_mixin.py:190} INFO - [2025-02-27T03:03:19.072+0000] {dag.py:4180} INFO - Setting next_dagrun for example_skip_dag to 2025-02-26 00:00:00+00:00, run_after=2025-02-27 00:00:00+00:00
[2025-02-27T03:03:19.128+0000] {processor.py:208} INFO - Processing /home/airflow/.local/lib/python3.12/site-packages/airflow/example_dags/example_skip_dag.py took 0.381 seconds
[2025-02-27T03:03:50.568+0000] {processor.py:186} INFO - Started process (PID=1252) to work on /home/airflow/.local/lib/python3.12/site-packages/airflow/example_dags/example_skip_dag.py
[2025-02-27T03:03:50.570+0000] {processor.py:914} INFO - Processing file /home/airflow/.local/lib/python3.12/site-packages/airflow/example_dags/example_skip_dag.py for tasks to queue
[2025-02-27T03:03:50.574+0000] {logging_mixin.py:190} INFO - [2025-02-27T03:03:50.573+0000] {dagbag.py:588} INFO - Filling up the DagBag from /home/airflow/.local/lib/python3.12/site-packages/airflow/example_dags/example_skip_dag.py
[2025-02-27T03:03:50.590+0000] {processor.py:925} INFO - DAG(s) 'example_skip_dag' retrieved from /home/airflow/.local/lib/python3.12/site-packages/airflow/example_dags/example_skip_dag.py
[2025-02-27T03:03:50.760+0000] {logging_mixin.py:190} INFO - [2025-02-27T03:03:50.760+0000] {dag.py:3239} INFO - Sync 1 DAGs
[2025-02-27T03:03:50.877+0000] {logging_mixin.py:190} INFO - [2025-02-27T03:03:50.877+0000] {dag.py:4180} INFO - Setting next_dagrun for example_skip_dag to 2025-02-26 00:00:00+00:00, run_after=2025-02-27 00:00:00+00:00
[2025-02-27T03:03:50.956+0000] {processor.py:208} INFO - Processing /home/airflow/.local/lib/python3.12/site-packages/airflow/example_dags/example_skip_dag.py took 0.397 seconds
[2025-02-27T03:04:22.361+0000] {processor.py:186} INFO - Started process (PID=1315) to work on /home/airflow/.local/lib/python3.12/site-packages/airflow/example_dags/example_skip_dag.py
[2025-02-27T03:04:22.363+0000] {processor.py:914} INFO - Processing file /home/airflow/.local/lib/python3.12/site-packages/airflow/example_dags/example_skip_dag.py for tasks to queue
[2025-02-27T03:04:22.367+0000] {logging_mixin.py:190} INFO - [2025-02-27T03:04:22.366+0000] {dagbag.py:588} INFO - Filling up the DagBag from /home/airflow/.local/lib/python3.12/site-packages/airflow/example_dags/example_skip_dag.py
[2025-02-27T03:04:22.381+0000] {processor.py:925} INFO - DAG(s) 'example_skip_dag' retrieved from /home/airflow/.local/lib/python3.12/site-packages/airflow/example_dags/example_skip_dag.py
[2025-02-27T03:04:22.540+0000] {logging_mixin.py:190} INFO - [2025-02-27T03:04:22.540+0000] {dag.py:3239} INFO - Sync 1 DAGs
[2025-02-27T03:04:22.603+0000] {logging_mixin.py:190} INFO - [2025-02-27T03:04:22.603+0000] {dag.py:4180} INFO - Setting next_dagrun for example_skip_dag to 2025-02-26 00:00:00+00:00, run_after=2025-02-27 00:00:00+00:00
[2025-02-27T03:04:22.659+0000] {processor.py:208} INFO - Processing /home/airflow/.local/lib/python3.12/site-packages/airflow/example_dags/example_skip_dag.py took 0.306 seconds
[2025-02-27T03:04:53.962+0000] {processor.py:186} INFO - Started process (PID=1378) to work on /home/airflow/.local/lib/python3.12/site-packages/airflow/example_dags/example_skip_dag.py
[2025-02-27T03:04:53.963+0000] {processor.py:914} INFO - Processing file /home/airflow/.local/lib/python3.12/site-packages/airflow/example_dags/example_skip_dag.py for tasks to queue
[2025-02-27T03:04:53.967+0000] {logging_mixin.py:190} INFO - [2025-02-27T03:04:53.967+0000] {dagbag.py:588} INFO - Filling up the DagBag from /home/airflow/.local/lib/python3.12/site-packages/airflow/example_dags/example_skip_dag.py
[2025-02-27T03:04:53.981+0000] {processor.py:925} INFO - DAG(s) 'example_skip_dag' retrieved from /home/airflow/.local/lib/python3.12/site-packages/airflow/example_dags/example_skip_dag.py
[2025-02-27T03:04:54.139+0000] {logging_mixin.py:190} INFO - [2025-02-27T03:04:54.138+0000] {dag.py:3239} INFO - Sync 1 DAGs
[2025-02-27T03:04:54.204+0000] {logging_mixin.py:190} INFO - [2025-02-27T03:04:54.204+0000] {dag.py:4180} INFO - Setting next_dagrun for example_skip_dag to 2025-02-26 00:00:00+00:00, run_after=2025-02-27 00:00:00+00:00
[2025-02-27T03:04:54.271+0000] {processor.py:208} INFO - Processing /home/airflow/.local/lib/python3.12/site-packages/airflow/example_dags/example_skip_dag.py took 0.319 seconds
[2025-02-27T03:05:24.489+0000] {processor.py:186} INFO - Started process (PID=1440) to work on /home/airflow/.local/lib/python3.12/site-packages/airflow/example_dags/example_skip_dag.py
[2025-02-27T03:05:24.491+0000] {processor.py:914} INFO - Processing file /home/airflow/.local/lib/python3.12/site-packages/airflow/example_dags/example_skip_dag.py for tasks to queue
[2025-02-27T03:05:24.495+0000] {logging_mixin.py:190} INFO - [2025-02-27T03:05:24.494+0000] {dagbag.py:588} INFO - Filling up the DagBag from /home/airflow/.local/lib/python3.12/site-packages/airflow/example_dags/example_skip_dag.py
[2025-02-27T03:05:24.505+0000] {processor.py:925} INFO - DAG(s) 'example_skip_dag' retrieved from /home/airflow/.local/lib/python3.12/site-packages/airflow/example_dags/example_skip_dag.py
[2025-02-27T03:05:24.633+0000] {logging_mixin.py:190} INFO - [2025-02-27T03:05:24.632+0000] {dag.py:3239} INFO - Sync 1 DAGs
[2025-02-27T03:05:24.690+0000] {logging_mixin.py:190} INFO - [2025-02-27T03:05:24.690+0000] {dag.py:4180} INFO - Setting next_dagrun for example_skip_dag to 2025-02-26 00:00:00+00:00, run_after=2025-02-27 00:00:00+00:00
[2025-02-27T03:05:24.752+0000] {processor.py:208} INFO - Processing /home/airflow/.local/lib/python3.12/site-packages/airflow/example_dags/example_skip_dag.py took 0.273 seconds
[2025-02-27T03:05:57.328+0000] {processor.py:186} INFO - Started process (PID=1504) to work on /home/airflow/.local/lib/python3.12/site-packages/airflow/example_dags/example_skip_dag.py
[2025-02-27T03:05:57.329+0000] {processor.py:914} INFO - Processing file /home/airflow/.local/lib/python3.12/site-packages/airflow/example_dags/example_skip_dag.py for tasks to queue
[2025-02-27T03:05:57.333+0000] {logging_mixin.py:190} INFO - [2025-02-27T03:05:57.332+0000] {dagbag.py:588} INFO - Filling up the DagBag from /home/airflow/.local/lib/python3.12/site-packages/airflow/example_dags/example_skip_dag.py
[2025-02-27T03:05:57.347+0000] {processor.py:925} INFO - DAG(s) 'example_skip_dag' retrieved from /home/airflow/.local/lib/python3.12/site-packages/airflow/example_dags/example_skip_dag.py
[2025-02-27T03:05:57.522+0000] {logging_mixin.py:190} INFO - [2025-02-27T03:05:57.521+0000] {dag.py:3239} INFO - Sync 1 DAGs
[2025-02-27T03:05:57.590+0000] {logging_mixin.py:190} INFO - [2025-02-27T03:05:57.589+0000] {dag.py:4180} INFO - Setting next_dagrun for example_skip_dag to 2025-02-26 00:00:00+00:00, run_after=2025-02-27 00:00:00+00:00
[2025-02-27T03:05:57.656+0000] {processor.py:208} INFO - Processing /home/airflow/.local/lib/python3.12/site-packages/airflow/example_dags/example_skip_dag.py took 0.336 seconds
[2025-02-27T03:06:28.128+0000] {processor.py:186} INFO - Started process (PID=1568) to work on /home/airflow/.local/lib/python3.12/site-packages/airflow/example_dags/example_skip_dag.py
[2025-02-27T03:06:28.130+0000] {processor.py:914} INFO - Processing file /home/airflow/.local/lib/python3.12/site-packages/airflow/example_dags/example_skip_dag.py for tasks to queue
[2025-02-27T03:06:28.134+0000] {logging_mixin.py:190} INFO - [2025-02-27T03:06:28.133+0000] {dagbag.py:588} INFO - Filling up the DagBag from /home/airflow/.local/lib/python3.12/site-packages/airflow/example_dags/example_skip_dag.py
[2025-02-27T03:06:28.148+0000] {processor.py:925} INFO - DAG(s) 'example_skip_dag' retrieved from /home/airflow/.local/lib/python3.12/site-packages/airflow/example_dags/example_skip_dag.py
[2025-02-27T03:06:28.319+0000] {logging_mixin.py:190} INFO - [2025-02-27T03:06:28.318+0000] {dag.py:3239} INFO - Sync 1 DAGs
[2025-02-27T03:06:28.383+0000] {logging_mixin.py:190} INFO - [2025-02-27T03:06:28.383+0000] {dag.py:4180} INFO - Setting next_dagrun for example_skip_dag to 2025-02-26 00:00:00+00:00, run_after=2025-02-27 00:00:00+00:00
[2025-02-27T03:06:28.448+0000] {processor.py:208} INFO - Processing /home/airflow/.local/lib/python3.12/site-packages/airflow/example_dags/example_skip_dag.py took 0.328 seconds
[2025-02-27T03:06:59.667+0000] {processor.py:186} INFO - Started process (PID=1631) to work on /home/airflow/.local/lib/python3.12/site-packages/airflow/example_dags/example_skip_dag.py
[2025-02-27T03:06:59.668+0000] {processor.py:914} INFO - Processing file /home/airflow/.local/lib/python3.12/site-packages/airflow/example_dags/example_skip_dag.py for tasks to queue
[2025-02-27T03:06:59.673+0000] {logging_mixin.py:190} INFO - [2025-02-27T03:06:59.672+0000] {dagbag.py:588} INFO - Filling up the DagBag from /home/airflow/.local/lib/python3.12/site-packages/airflow/example_dags/example_skip_dag.py
[2025-02-27T03:06:59.684+0000] {processor.py:925} INFO - DAG(s) 'example_skip_dag' retrieved from /home/airflow/.local/lib/python3.12/site-packages/airflow/example_dags/example_skip_dag.py
[2025-02-27T03:06:59.839+0000] {logging_mixin.py:190} INFO - [2025-02-27T03:06:59.839+0000] {dag.py:3239} INFO - Sync 1 DAGs
[2025-02-27T03:06:59.924+0000] {logging_mixin.py:190} INFO - [2025-02-27T03:06:59.924+0000] {dag.py:4180} INFO - Setting next_dagrun for example_skip_dag to 2025-02-26 00:00:00+00:00, run_after=2025-02-27 00:00:00+00:00
[2025-02-27T03:07:00.001+0000] {processor.py:208} INFO - Processing /home/airflow/.local/lib/python3.12/site-packages/airflow/example_dags/example_skip_dag.py took 0.341 seconds
[2025-02-27T03:07:31.566+0000] {processor.py:186} INFO - Started process (PID=1694) to work on /home/airflow/.local/lib/python3.12/site-packages/airflow/example_dags/example_skip_dag.py
[2025-02-27T03:07:31.568+0000] {processor.py:914} INFO - Processing file /home/airflow/.local/lib/python3.12/site-packages/airflow/example_dags/example_skip_dag.py for tasks to queue
[2025-02-27T03:07:31.574+0000] {logging_mixin.py:190} INFO - [2025-02-27T03:07:31.572+0000] {dagbag.py:588} INFO - Filling up the DagBag from /home/airflow/.local/lib/python3.12/site-packages/airflow/example_dags/example_skip_dag.py
[2025-02-27T03:07:31.600+0000] {processor.py:925} INFO - DAG(s) 'example_skip_dag' retrieved from /home/airflow/.local/lib/python3.12/site-packages/airflow/example_dags/example_skip_dag.py
[2025-02-27T03:07:32.055+0000] {logging_mixin.py:190} INFO - [2025-02-27T03:07:32.055+0000] {dag.py:3239} INFO - Sync 1 DAGs
[2025-02-27T03:07:32.203+0000] {logging_mixin.py:190} INFO - [2025-02-27T03:07:32.202+0000] {dag.py:4180} INFO - Setting next_dagrun for example_skip_dag to 2025-02-26 00:00:00+00:00, run_after=2025-02-27 00:00:00+00:00
[2025-02-27T03:07:32.316+0000] {processor.py:208} INFO - Processing /home/airflow/.local/lib/python3.12/site-packages/airflow/example_dags/example_skip_dag.py took 0.770 seconds
[2025-02-27T03:08:02.857+0000] {processor.py:186} INFO - Started process (PID=1757) to work on /home/airflow/.local/lib/python3.12/site-packages/airflow/example_dags/example_skip_dag.py
[2025-02-27T03:08:02.860+0000] {processor.py:914} INFO - Processing file /home/airflow/.local/lib/python3.12/site-packages/airflow/example_dags/example_skip_dag.py for tasks to queue
[2025-02-27T03:08:02.863+0000] {logging_mixin.py:190} INFO - [2025-02-27T03:08:02.863+0000] {dagbag.py:588} INFO - Filling up the DagBag from /home/airflow/.local/lib/python3.12/site-packages/airflow/example_dags/example_skip_dag.py
[2025-02-27T03:08:02.878+0000] {processor.py:925} INFO - DAG(s) 'example_skip_dag' retrieved from /home/airflow/.local/lib/python3.12/site-packages/airflow/example_dags/example_skip_dag.py
[2025-02-27T03:08:03.036+0000] {logging_mixin.py:190} INFO - [2025-02-27T03:08:03.036+0000] {dag.py:3239} INFO - Sync 1 DAGs
[2025-02-27T03:08:03.106+0000] {logging_mixin.py:190} INFO - [2025-02-27T03:08:03.105+0000] {dag.py:4180} INFO - Setting next_dagrun for example_skip_dag to 2025-02-26 00:00:00+00:00, run_after=2025-02-27 00:00:00+00:00
[2025-02-27T03:08:03.246+0000] {processor.py:208} INFO - Processing /home/airflow/.local/lib/python3.12/site-packages/airflow/example_dags/example_skip_dag.py took 0.397 seconds
[2025-02-27T03:08:34.306+0000] {processor.py:186} INFO - Started process (PID=1820) to work on /home/airflow/.local/lib/python3.12/site-packages/airflow/example_dags/example_skip_dag.py
[2025-02-27T03:08:34.308+0000] {processor.py:914} INFO - Processing file /home/airflow/.local/lib/python3.12/site-packages/airflow/example_dags/example_skip_dag.py for tasks to queue
[2025-02-27T03:08:34.312+0000] {logging_mixin.py:190} INFO - [2025-02-27T03:08:34.312+0000] {dagbag.py:588} INFO - Filling up the DagBag from /home/airflow/.local/lib/python3.12/site-packages/airflow/example_dags/example_skip_dag.py
[2025-02-27T03:08:34.327+0000] {processor.py:925} INFO - DAG(s) 'example_skip_dag' retrieved from /home/airflow/.local/lib/python3.12/site-packages/airflow/example_dags/example_skip_dag.py
[2025-02-27T03:08:34.497+0000] {logging_mixin.py:190} INFO - [2025-02-27T03:08:34.497+0000] {dag.py:3239} INFO - Sync 1 DAGs
[2025-02-27T03:08:34.559+0000] {logging_mixin.py:190} INFO - [2025-02-27T03:08:34.559+0000] {dag.py:4180} INFO - Setting next_dagrun for example_skip_dag to 2025-02-26 00:00:00+00:00, run_after=2025-02-27 00:00:00+00:00
[2025-02-27T03:08:34.624+0000] {processor.py:208} INFO - Processing /home/airflow/.local/lib/python3.12/site-packages/airflow/example_dags/example_skip_dag.py took 0.327 seconds
[2025-02-27T03:09:05.717+0000] {processor.py:186} INFO - Started process (PID=1883) to work on /home/airflow/.local/lib/python3.12/site-packages/airflow/example_dags/example_skip_dag.py
[2025-02-27T03:09:05.719+0000] {processor.py:914} INFO - Processing file /home/airflow/.local/lib/python3.12/site-packages/airflow/example_dags/example_skip_dag.py for tasks to queue
[2025-02-27T03:09:05.732+0000] {logging_mixin.py:190} INFO - [2025-02-27T03:09:05.731+0000] {dagbag.py:588} INFO - Filling up the DagBag from /home/airflow/.local/lib/python3.12/site-packages/airflow/example_dags/example_skip_dag.py
[2025-02-27T03:09:05.763+0000] {processor.py:925} INFO - DAG(s) 'example_skip_dag' retrieved from /home/airflow/.local/lib/python3.12/site-packages/airflow/example_dags/example_skip_dag.py
[2025-02-27T03:09:05.967+0000] {logging_mixin.py:190} INFO - [2025-02-27T03:09:05.967+0000] {dag.py:3239} INFO - Sync 1 DAGs
[2025-02-27T03:09:06.072+0000] {logging_mixin.py:190} INFO - [2025-02-27T03:09:06.071+0000] {dag.py:4180} INFO - Setting next_dagrun for example_skip_dag to 2025-02-26 00:00:00+00:00, run_after=2025-02-27 00:00:00+00:00
[2025-02-27T03:09:06.155+0000] {processor.py:208} INFO - Processing /home/airflow/.local/lib/python3.12/site-packages/airflow/example_dags/example_skip_dag.py took 0.451 seconds
[2025-02-27T03:09:37.544+0000] {processor.py:186} INFO - Started process (PID=1946) to work on /home/airflow/.local/lib/python3.12/site-packages/airflow/example_dags/example_skip_dag.py
[2025-02-27T03:09:37.546+0000] {processor.py:914} INFO - Processing file /home/airflow/.local/lib/python3.12/site-packages/airflow/example_dags/example_skip_dag.py for tasks to queue
[2025-02-27T03:09:37.550+0000] {logging_mixin.py:190} INFO - [2025-02-27T03:09:37.549+0000] {dagbag.py:588} INFO - Filling up the DagBag from /home/airflow/.local/lib/python3.12/site-packages/airflow/example_dags/example_skip_dag.py
[2025-02-27T03:09:37.567+0000] {processor.py:925} INFO - DAG(s) 'example_skip_dag' retrieved from /home/airflow/.local/lib/python3.12/site-packages/airflow/example_dags/example_skip_dag.py
[2025-02-27T03:09:37.763+0000] {logging_mixin.py:190} INFO - [2025-02-27T03:09:37.762+0000] {dag.py:3239} INFO - Sync 1 DAGs
[2025-02-27T03:09:37.849+0000] {logging_mixin.py:190} INFO - [2025-02-27T03:09:37.849+0000] {dag.py:4180} INFO - Setting next_dagrun for example_skip_dag to 2025-02-26 00:00:00+00:00, run_after=2025-02-27 00:00:00+00:00
[2025-02-27T03:09:37.932+0000] {processor.py:208} INFO - Processing /home/airflow/.local/lib/python3.12/site-packages/airflow/example_dags/example_skip_dag.py took 0.398 seconds
[2025-02-27T03:10:08.259+0000] {processor.py:186} INFO - Started process (PID=2009) to work on /home/airflow/.local/lib/python3.12/site-packages/airflow/example_dags/example_skip_dag.py
[2025-02-27T03:10:08.260+0000] {processor.py:914} INFO - Processing file /home/airflow/.local/lib/python3.12/site-packages/airflow/example_dags/example_skip_dag.py for tasks to queue
[2025-02-27T03:10:08.264+0000] {logging_mixin.py:190} INFO - [2025-02-27T03:10:08.264+0000] {dagbag.py:588} INFO - Filling up the DagBag from /home/airflow/.local/lib/python3.12/site-packages/airflow/example_dags/example_skip_dag.py
[2025-02-27T03:10:08.279+0000] {processor.py:925} INFO - DAG(s) 'example_skip_dag' retrieved from /home/airflow/.local/lib/python3.12/site-packages/airflow/example_dags/example_skip_dag.py
[2025-02-27T03:10:08.392+0000] {logging_mixin.py:190} INFO - [2025-02-27T03:10:08.391+0000] {dag.py:3239} INFO - Sync 1 DAGs
[2025-02-27T03:10:08.455+0000] {logging_mixin.py:190} INFO - [2025-02-27T03:10:08.454+0000] {dag.py:4180} INFO - Setting next_dagrun for example_skip_dag to 2025-02-26 00:00:00+00:00, run_after=2025-02-27 00:00:00+00:00
[2025-02-27T03:10:08.521+0000] {processor.py:208} INFO - Processing /home/airflow/.local/lib/python3.12/site-packages/airflow/example_dags/example_skip_dag.py took 0.270 seconds
[2025-02-27T03:10:38.832+0000] {processor.py:186} INFO - Started process (PID=2071) to work on /home/airflow/.local/lib/python3.12/site-packages/airflow/example_dags/example_skip_dag.py
[2025-02-27T03:10:38.834+0000] {processor.py:914} INFO - Processing file /home/airflow/.local/lib/python3.12/site-packages/airflow/example_dags/example_skip_dag.py for tasks to queue
[2025-02-27T03:10:38.838+0000] {logging_mixin.py:190} INFO - [2025-02-27T03:10:38.838+0000] {dagbag.py:588} INFO - Filling up the DagBag from /home/airflow/.local/lib/python3.12/site-packages/airflow/example_dags/example_skip_dag.py
[2025-02-27T03:10:38.850+0000] {processor.py:925} INFO - DAG(s) 'example_skip_dag' retrieved from /home/airflow/.local/lib/python3.12/site-packages/airflow/example_dags/example_skip_dag.py
[2025-02-27T03:10:39.002+0000] {logging_mixin.py:190} INFO - [2025-02-27T03:10:39.001+0000] {dag.py:3239} INFO - Sync 1 DAGs
[2025-02-27T03:10:39.068+0000] {logging_mixin.py:190} INFO - [2025-02-27T03:10:39.068+0000] {dag.py:4180} INFO - Setting next_dagrun for example_skip_dag to 2025-02-26 00:00:00+00:00, run_after=2025-02-27 00:00:00+00:00
[2025-02-27T03:10:39.125+0000] {processor.py:208} INFO - Processing /home/airflow/.local/lib/python3.12/site-packages/airflow/example_dags/example_skip_dag.py took 0.300 seconds
[2025-02-27T03:11:09.754+0000] {processor.py:186} INFO - Started process (PID=2134) to work on /home/airflow/.local/lib/python3.12/site-packages/airflow/example_dags/example_skip_dag.py
[2025-02-27T03:11:09.756+0000] {processor.py:914} INFO - Processing file /home/airflow/.local/lib/python3.12/site-packages/airflow/example_dags/example_skip_dag.py for tasks to queue
[2025-02-27T03:11:09.761+0000] {logging_mixin.py:190} INFO - [2025-02-27T03:11:09.760+0000] {dagbag.py:588} INFO - Filling up the DagBag from /home/airflow/.local/lib/python3.12/site-packages/airflow/example_dags/example_skip_dag.py
[2025-02-27T03:11:09.788+0000] {processor.py:925} INFO - DAG(s) 'example_skip_dag' retrieved from /home/airflow/.local/lib/python3.12/site-packages/airflow/example_dags/example_skip_dag.py
[2025-02-27T03:11:09.959+0000] {logging_mixin.py:190} INFO - [2025-02-27T03:11:09.958+0000] {dag.py:3239} INFO - Sync 1 DAGs
[2025-02-27T03:11:10.031+0000] {logging_mixin.py:190} INFO - [2025-02-27T03:11:10.031+0000] {dag.py:4180} INFO - Setting next_dagrun for example_skip_dag to 2025-02-26 00:00:00+00:00, run_after=2025-02-27 00:00:00+00:00
[2025-02-27T03:11:10.101+0000] {processor.py:208} INFO - Processing /home/airflow/.local/lib/python3.12/site-packages/airflow/example_dags/example_skip_dag.py took 0.355 seconds
[2025-02-27T03:11:40.370+0000] {processor.py:186} INFO - Started process (PID=2197) to work on /home/airflow/.local/lib/python3.12/site-packages/airflow/example_dags/example_skip_dag.py
[2025-02-27T03:11:40.372+0000] {processor.py:914} INFO - Processing file /home/airflow/.local/lib/python3.12/site-packages/airflow/example_dags/example_skip_dag.py for tasks to queue
[2025-02-27T03:11:40.376+0000] {logging_mixin.py:190} INFO - [2025-02-27T03:11:40.375+0000] {dagbag.py:588} INFO - Filling up the DagBag from /home/airflow/.local/lib/python3.12/site-packages/airflow/example_dags/example_skip_dag.py
[2025-02-27T03:11:40.390+0000] {processor.py:925} INFO - DAG(s) 'example_skip_dag' retrieved from /home/airflow/.local/lib/python3.12/site-packages/airflow/example_dags/example_skip_dag.py
[2025-02-27T03:11:40.527+0000] {logging_mixin.py:190} INFO - [2025-02-27T03:11:40.527+0000] {dag.py:3239} INFO - Sync 1 DAGs
[2025-02-27T03:11:40.602+0000] {logging_mixin.py:190} INFO - [2025-02-27T03:11:40.601+0000] {dag.py:4180} INFO - Setting next_dagrun for example_skip_dag to 2025-02-26 00:00:00+00:00, run_after=2025-02-27 00:00:00+00:00
[2025-02-27T03:11:40.667+0000] {processor.py:208} INFO - Processing /home/airflow/.local/lib/python3.12/site-packages/airflow/example_dags/example_skip_dag.py took 0.306 seconds
[2025-02-27T03:12:11.194+0000] {processor.py:186} INFO - Started process (PID=2259) to work on /home/airflow/.local/lib/python3.12/site-packages/airflow/example_dags/example_skip_dag.py
[2025-02-27T03:12:11.198+0000] {processor.py:914} INFO - Processing file /home/airflow/.local/lib/python3.12/site-packages/airflow/example_dags/example_skip_dag.py for tasks to queue
[2025-02-27T03:12:11.212+0000] {logging_mixin.py:190} INFO - [2025-02-27T03:12:11.205+0000] {dagbag.py:588} INFO - Filling up the DagBag from /home/airflow/.local/lib/python3.12/site-packages/airflow/example_dags/example_skip_dag.py
[2025-02-27T03:12:11.253+0000] {processor.py:925} INFO - DAG(s) 'example_skip_dag' retrieved from /home/airflow/.local/lib/python3.12/site-packages/airflow/example_dags/example_skip_dag.py
[2025-02-27T03:12:11.588+0000] {logging_mixin.py:190} INFO - [2025-02-27T03:12:11.585+0000] {dag.py:3239} INFO - Sync 1 DAGs
[2025-02-27T03:12:11.747+0000] {logging_mixin.py:190} INFO - [2025-02-27T03:12:11.746+0000] {dag.py:4180} INFO - Setting next_dagrun for example_skip_dag to 2025-02-26 00:00:00+00:00, run_after=2025-02-27 00:00:00+00:00
[2025-02-27T03:12:11.883+0000] {processor.py:208} INFO - Processing /home/airflow/.local/lib/python3.12/site-packages/airflow/example_dags/example_skip_dag.py took 0.710 seconds
[2025-02-27T03:12:42.681+0000] {processor.py:186} INFO - Started process (PID=2322) to work on /home/airflow/.local/lib/python3.12/site-packages/airflow/example_dags/example_skip_dag.py
[2025-02-27T03:12:42.683+0000] {processor.py:914} INFO - Processing file /home/airflow/.local/lib/python3.12/site-packages/airflow/example_dags/example_skip_dag.py for tasks to queue
[2025-02-27T03:12:42.686+0000] {logging_mixin.py:190} INFO - [2025-02-27T03:12:42.685+0000] {dagbag.py:588} INFO - Filling up the DagBag from /home/airflow/.local/lib/python3.12/site-packages/airflow/example_dags/example_skip_dag.py
[2025-02-27T03:12:42.699+0000] {processor.py:925} INFO - DAG(s) 'example_skip_dag' retrieved from /home/airflow/.local/lib/python3.12/site-packages/airflow/example_dags/example_skip_dag.py
[2025-02-27T03:12:42.832+0000] {logging_mixin.py:190} INFO - [2025-02-27T03:12:42.831+0000] {dag.py:3239} INFO - Sync 1 DAGs
[2025-02-27T03:12:42.903+0000] {logging_mixin.py:190} INFO - [2025-02-27T03:12:42.903+0000] {dag.py:4180} INFO - Setting next_dagrun for example_skip_dag to 2025-02-26 00:00:00+00:00, run_after=2025-02-27 00:00:00+00:00
[2025-02-27T03:12:42.955+0000] {processor.py:208} INFO - Processing /home/airflow/.local/lib/python3.12/site-packages/airflow/example_dags/example_skip_dag.py took 0.281 seconds
[2025-02-27T03:13:13.213+0000] {processor.py:186} INFO - Started process (PID=2385) to work on /home/airflow/.local/lib/python3.12/site-packages/airflow/example_dags/example_skip_dag.py
[2025-02-27T03:13:13.215+0000] {processor.py:914} INFO - Processing file /home/airflow/.local/lib/python3.12/site-packages/airflow/example_dags/example_skip_dag.py for tasks to queue
[2025-02-27T03:13:13.219+0000] {logging_mixin.py:190} INFO - [2025-02-27T03:13:13.219+0000] {dagbag.py:588} INFO - Filling up the DagBag from /home/airflow/.local/lib/python3.12/site-packages/airflow/example_dags/example_skip_dag.py
[2025-02-27T03:13:13.231+0000] {processor.py:925} INFO - DAG(s) 'example_skip_dag' retrieved from /home/airflow/.local/lib/python3.12/site-packages/airflow/example_dags/example_skip_dag.py
[2025-02-27T03:13:13.375+0000] {logging_mixin.py:190} INFO - [2025-02-27T03:13:13.375+0000] {dag.py:3239} INFO - Sync 1 DAGs
[2025-02-27T03:13:13.431+0000] {logging_mixin.py:190} INFO - [2025-02-27T03:13:13.430+0000] {dag.py:4180} INFO - Setting next_dagrun for example_skip_dag to 2025-02-26 00:00:00+00:00, run_after=2025-02-27 00:00:00+00:00
[2025-02-27T03:13:13.484+0000] {processor.py:208} INFO - Processing /home/airflow/.local/lib/python3.12/site-packages/airflow/example_dags/example_skip_dag.py took 0.279 seconds
[2025-02-27T03:13:44.011+0000] {processor.py:186} INFO - Started process (PID=2448) to work on /home/airflow/.local/lib/python3.12/site-packages/airflow/example_dags/example_skip_dag.py
[2025-02-27T03:13:44.013+0000] {processor.py:914} INFO - Processing file /home/airflow/.local/lib/python3.12/site-packages/airflow/example_dags/example_skip_dag.py for tasks to queue
[2025-02-27T03:13:44.018+0000] {logging_mixin.py:190} INFO - [2025-02-27T03:13:44.017+0000] {dagbag.py:588} INFO - Filling up the DagBag from /home/airflow/.local/lib/python3.12/site-packages/airflow/example_dags/example_skip_dag.py
[2025-02-27T03:13:44.036+0000] {processor.py:925} INFO - DAG(s) 'example_skip_dag' retrieved from /home/airflow/.local/lib/python3.12/site-packages/airflow/example_dags/example_skip_dag.py
[2025-02-27T03:13:44.222+0000] {logging_mixin.py:190} INFO - [2025-02-27T03:13:44.222+0000] {dag.py:3239} INFO - Sync 1 DAGs
[2025-02-27T03:13:44.297+0000] {logging_mixin.py:190} INFO - [2025-02-27T03:13:44.297+0000] {dag.py:4180} INFO - Setting next_dagrun for example_skip_dag to 2025-02-26 00:00:00+00:00, run_after=2025-02-27 00:00:00+00:00
[2025-02-27T03:13:44.421+0000] {processor.py:208} INFO - Processing /home/airflow/.local/lib/python3.12/site-packages/airflow/example_dags/example_skip_dag.py took 0.422 seconds
[2025-02-27T03:14:14.701+0000] {processor.py:186} INFO - Started process (PID=2511) to work on /home/airflow/.local/lib/python3.12/site-packages/airflow/example_dags/example_skip_dag.py
[2025-02-27T03:14:14.702+0000] {processor.py:914} INFO - Processing file /home/airflow/.local/lib/python3.12/site-packages/airflow/example_dags/example_skip_dag.py for tasks to queue
[2025-02-27T03:14:14.706+0000] {logging_mixin.py:190} INFO - [2025-02-27T03:14:14.706+0000] {dagbag.py:588} INFO - Filling up the DagBag from /home/airflow/.local/lib/python3.12/site-packages/airflow/example_dags/example_skip_dag.py
[2025-02-27T03:14:14.720+0000] {processor.py:925} INFO - DAG(s) 'example_skip_dag' retrieved from /home/airflow/.local/lib/python3.12/site-packages/airflow/example_dags/example_skip_dag.py
[2025-02-27T03:14:14.852+0000] {logging_mixin.py:190} INFO - [2025-02-27T03:14:14.851+0000] {dag.py:3239} INFO - Sync 1 DAGs
[2025-02-27T03:14:14.919+0000] {logging_mixin.py:190} INFO - [2025-02-27T03:14:14.919+0000] {dag.py:4180} INFO - Setting next_dagrun for example_skip_dag to 2025-02-26 00:00:00+00:00, run_after=2025-02-27 00:00:00+00:00
[2025-02-27T03:14:14.976+0000] {processor.py:208} INFO - Processing /home/airflow/.local/lib/python3.12/site-packages/airflow/example_dags/example_skip_dag.py took 0.286 seconds
[2025-02-27T03:14:47.272+0000] {processor.py:186} INFO - Started process (PID=2574) to work on /home/airflow/.local/lib/python3.12/site-packages/airflow/example_dags/example_skip_dag.py
[2025-02-27T03:14:47.275+0000] {processor.py:914} INFO - Processing file /home/airflow/.local/lib/python3.12/site-packages/airflow/example_dags/example_skip_dag.py for tasks to queue
[2025-02-27T03:14:47.281+0000] {logging_mixin.py:190} INFO - [2025-02-27T03:14:47.281+0000] {dagbag.py:588} INFO - Filling up the DagBag from /home/airflow/.local/lib/python3.12/site-packages/airflow/example_dags/example_skip_dag.py
[2025-02-27T03:14:47.303+0000] {processor.py:925} INFO - DAG(s) 'example_skip_dag' retrieved from /home/airflow/.local/lib/python3.12/site-packages/airflow/example_dags/example_skip_dag.py
[2025-02-27T03:14:47.584+0000] {logging_mixin.py:190} INFO - [2025-02-27T03:14:47.583+0000] {dag.py:3239} INFO - Sync 1 DAGs
[2025-02-27T03:14:47.708+0000] {logging_mixin.py:190} INFO - [2025-02-27T03:14:47.708+0000] {dag.py:4180} INFO - Setting next_dagrun for example_skip_dag to 2025-02-26 00:00:00+00:00, run_after=2025-02-27 00:00:00+00:00
[2025-02-27T03:14:47.787+0000] {processor.py:208} INFO - Processing /home/airflow/.local/lib/python3.12/site-packages/airflow/example_dags/example_skip_dag.py took 0.533 seconds
[2025-02-27T03:15:18.232+0000] {processor.py:186} INFO - Started process (PID=2637) to work on /home/airflow/.local/lib/python3.12/site-packages/airflow/example_dags/example_skip_dag.py
[2025-02-27T03:15:18.235+0000] {processor.py:914} INFO - Processing file /home/airflow/.local/lib/python3.12/site-packages/airflow/example_dags/example_skip_dag.py for tasks to queue
[2025-02-27T03:15:18.240+0000] {logging_mixin.py:190} INFO - [2025-02-27T03:15:18.239+0000] {dagbag.py:588} INFO - Filling up the DagBag from /home/airflow/.local/lib/python3.12/site-packages/airflow/example_dags/example_skip_dag.py
[2025-02-27T03:15:18.260+0000] {processor.py:925} INFO - DAG(s) 'example_skip_dag' retrieved from /home/airflow/.local/lib/python3.12/site-packages/airflow/example_dags/example_skip_dag.py
[2025-02-27T03:15:18.397+0000] {logging_mixin.py:190} INFO - [2025-02-27T03:15:18.397+0000] {dag.py:3239} INFO - Sync 1 DAGs
[2025-02-27T03:15:18.456+0000] {logging_mixin.py:190} INFO - [2025-02-27T03:15:18.456+0000] {dag.py:4180} INFO - Setting next_dagrun for example_skip_dag to 2025-02-26 00:00:00+00:00, run_after=2025-02-27 00:00:00+00:00
[2025-02-27T03:15:18.506+0000] {processor.py:208} INFO - Processing /home/airflow/.local/lib/python3.12/site-packages/airflow/example_dags/example_skip_dag.py took 0.288 seconds
[2025-02-27T03:15:49.538+0000] {processor.py:186} INFO - Started process (PID=2701) to work on /home/airflow/.local/lib/python3.12/site-packages/airflow/example_dags/example_skip_dag.py
[2025-02-27T03:15:49.540+0000] {processor.py:914} INFO - Processing file /home/airflow/.local/lib/python3.12/site-packages/airflow/example_dags/example_skip_dag.py for tasks to queue
[2025-02-27T03:15:49.545+0000] {logging_mixin.py:190} INFO - [2025-02-27T03:15:49.544+0000] {dagbag.py:588} INFO - Filling up the DagBag from /home/airflow/.local/lib/python3.12/site-packages/airflow/example_dags/example_skip_dag.py
[2025-02-27T03:15:49.561+0000] {processor.py:925} INFO - DAG(s) 'example_skip_dag' retrieved from /home/airflow/.local/lib/python3.12/site-packages/airflow/example_dags/example_skip_dag.py
[2025-02-27T03:15:49.701+0000] {logging_mixin.py:190} INFO - [2025-02-27T03:15:49.700+0000] {dag.py:3239} INFO - Sync 1 DAGs
[2025-02-27T03:15:49.765+0000] {logging_mixin.py:190} INFO - [2025-02-27T03:15:49.764+0000] {dag.py:4180} INFO - Setting next_dagrun for example_skip_dag to 2025-02-26 00:00:00+00:00, run_after=2025-02-27 00:00:00+00:00
[2025-02-27T03:15:49.827+0000] {processor.py:208} INFO - Processing /home/airflow/.local/lib/python3.12/site-packages/airflow/example_dags/example_skip_dag.py took 0.298 seconds
[2025-02-27T03:16:19.979+0000] {processor.py:186} INFO - Started process (PID=2769) to work on /home/airflow/.local/lib/python3.12/site-packages/airflow/example_dags/example_skip_dag.py
[2025-02-27T03:16:19.981+0000] {processor.py:914} INFO - Processing file /home/airflow/.local/lib/python3.12/site-packages/airflow/example_dags/example_skip_dag.py for tasks to queue
[2025-02-27T03:16:19.986+0000] {logging_mixin.py:190} INFO - [2025-02-27T03:16:19.985+0000] {dagbag.py:588} INFO - Filling up the DagBag from /home/airflow/.local/lib/python3.12/site-packages/airflow/example_dags/example_skip_dag.py
[2025-02-27T03:16:20.000+0000] {processor.py:925} INFO - DAG(s) 'example_skip_dag' retrieved from /home/airflow/.local/lib/python3.12/site-packages/airflow/example_dags/example_skip_dag.py
[2025-02-27T03:16:20.152+0000] {logging_mixin.py:190} INFO - [2025-02-27T03:16:20.151+0000] {dag.py:3239} INFO - Sync 1 DAGs
[2025-02-27T03:16:20.213+0000] {logging_mixin.py:190} INFO - [2025-02-27T03:16:20.213+0000] {dag.py:4180} INFO - Setting next_dagrun for example_skip_dag to 2025-02-26 00:00:00+00:00, run_after=2025-02-27 00:00:00+00:00
[2025-02-27T03:16:20.263+0000] {processor.py:208} INFO - Processing /home/airflow/.local/lib/python3.12/site-packages/airflow/example_dags/example_skip_dag.py took 0.294 seconds
[2025-02-27T03:16:50.441+0000] {processor.py:186} INFO - Started process (PID=2831) to work on /home/airflow/.local/lib/python3.12/site-packages/airflow/example_dags/example_skip_dag.py
[2025-02-27T03:16:50.443+0000] {processor.py:914} INFO - Processing file /home/airflow/.local/lib/python3.12/site-packages/airflow/example_dags/example_skip_dag.py for tasks to queue
[2025-02-27T03:16:50.447+0000] {logging_mixin.py:190} INFO - [2025-02-27T03:16:50.446+0000] {dagbag.py:588} INFO - Filling up the DagBag from /home/airflow/.local/lib/python3.12/site-packages/airflow/example_dags/example_skip_dag.py
[2025-02-27T03:16:50.461+0000] {processor.py:925} INFO - DAG(s) 'example_skip_dag' retrieved from /home/airflow/.local/lib/python3.12/site-packages/airflow/example_dags/example_skip_dag.py
[2025-02-27T03:16:50.628+0000] {logging_mixin.py:190} INFO - [2025-02-27T03:16:50.628+0000] {dag.py:3239} INFO - Sync 1 DAGs
[2025-02-27T03:16:50.684+0000] {logging_mixin.py:190} INFO - [2025-02-27T03:16:50.684+0000] {dag.py:4180} INFO - Setting next_dagrun for example_skip_dag to 2025-02-26 00:00:00+00:00, run_after=2025-02-27 00:00:00+00:00
[2025-02-27T03:16:50.731+0000] {processor.py:208} INFO - Processing /home/airflow/.local/lib/python3.12/site-packages/airflow/example_dags/example_skip_dag.py took 0.300 seconds
[2025-02-27T03:17:21.071+0000] {processor.py:186} INFO - Started process (PID=2894) to work on /home/airflow/.local/lib/python3.12/site-packages/airflow/example_dags/example_skip_dag.py
[2025-02-27T03:17:21.072+0000] {processor.py:914} INFO - Processing file /home/airflow/.local/lib/python3.12/site-packages/airflow/example_dags/example_skip_dag.py for tasks to queue
[2025-02-27T03:17:21.075+0000] {logging_mixin.py:190} INFO - [2025-02-27T03:17:21.075+0000] {dagbag.py:588} INFO - Filling up the DagBag from /home/airflow/.local/lib/python3.12/site-packages/airflow/example_dags/example_skip_dag.py
[2025-02-27T03:17:21.084+0000] {processor.py:925} INFO - DAG(s) 'example_skip_dag' retrieved from /home/airflow/.local/lib/python3.12/site-packages/airflow/example_dags/example_skip_dag.py
[2025-02-27T03:17:21.229+0000] {logging_mixin.py:190} INFO - [2025-02-27T03:17:21.228+0000] {dag.py:3239} INFO - Sync 1 DAGs
[2025-02-27T03:17:21.301+0000] {logging_mixin.py:190} INFO - [2025-02-27T03:17:21.300+0000] {dag.py:4180} INFO - Setting next_dagrun for example_skip_dag to 2025-02-26 00:00:00+00:00, run_after=2025-02-27 00:00:00+00:00
[2025-02-27T03:17:21.356+0000] {processor.py:208} INFO - Processing /home/airflow/.local/lib/python3.12/site-packages/airflow/example_dags/example_skip_dag.py took 0.291 seconds
[2025-02-27T03:17:51.935+0000] {processor.py:186} INFO - Started process (PID=2957) to work on /home/airflow/.local/lib/python3.12/site-packages/airflow/example_dags/example_skip_dag.py
[2025-02-27T03:17:51.937+0000] {processor.py:914} INFO - Processing file /home/airflow/.local/lib/python3.12/site-packages/airflow/example_dags/example_skip_dag.py for tasks to queue
[2025-02-27T03:17:51.942+0000] {logging_mixin.py:190} INFO - [2025-02-27T03:17:51.941+0000] {dagbag.py:588} INFO - Filling up the DagBag from /home/airflow/.local/lib/python3.12/site-packages/airflow/example_dags/example_skip_dag.py
[2025-02-27T03:17:51.958+0000] {processor.py:925} INFO - DAG(s) 'example_skip_dag' retrieved from /home/airflow/.local/lib/python3.12/site-packages/airflow/example_dags/example_skip_dag.py
[2025-02-27T03:17:52.144+0000] {logging_mixin.py:190} INFO - [2025-02-27T03:17:52.143+0000] {dag.py:3239} INFO - Sync 1 DAGs
[2025-02-27T03:17:52.239+0000] {logging_mixin.py:190} INFO - [2025-02-27T03:17:52.238+0000] {dag.py:4180} INFO - Setting next_dagrun for example_skip_dag to 2025-02-26 00:00:00+00:00, run_after=2025-02-27 00:00:00+00:00
[2025-02-27T03:17:52.329+0000] {processor.py:208} INFO - Processing /home/airflow/.local/lib/python3.12/site-packages/airflow/example_dags/example_skip_dag.py took 0.405 seconds
[2025-02-27T03:18:22.524+0000] {processor.py:186} INFO - Started process (PID=3020) to work on /home/airflow/.local/lib/python3.12/site-packages/airflow/example_dags/example_skip_dag.py
[2025-02-27T03:18:22.526+0000] {processor.py:914} INFO - Processing file /home/airflow/.local/lib/python3.12/site-packages/airflow/example_dags/example_skip_dag.py for tasks to queue
[2025-02-27T03:18:22.531+0000] {logging_mixin.py:190} INFO - [2025-02-27T03:18:22.531+0000] {dagbag.py:588} INFO - Filling up the DagBag from /home/airflow/.local/lib/python3.12/site-packages/airflow/example_dags/example_skip_dag.py
[2025-02-27T03:18:22.555+0000] {processor.py:925} INFO - DAG(s) 'example_skip_dag' retrieved from /home/airflow/.local/lib/python3.12/site-packages/airflow/example_dags/example_skip_dag.py
[2025-02-27T03:18:22.730+0000] {logging_mixin.py:190} INFO - [2025-02-27T03:18:22.729+0000] {dag.py:3239} INFO - Sync 1 DAGs
[2025-02-27T03:18:22.788+0000] {logging_mixin.py:190} INFO - [2025-02-27T03:18:22.788+0000] {dag.py:4180} INFO - Setting next_dagrun for example_skip_dag to 2025-02-26 00:00:00+00:00, run_after=2025-02-27 00:00:00+00:00
[2025-02-27T03:18:22.850+0000] {processor.py:208} INFO - Processing /home/airflow/.local/lib/python3.12/site-packages/airflow/example_dags/example_skip_dag.py took 0.353 seconds
[2025-02-27T03:18:53.457+0000] {processor.py:186} INFO - Started process (PID=3083) to work on /home/airflow/.local/lib/python3.12/site-packages/airflow/example_dags/example_skip_dag.py
[2025-02-27T03:18:53.458+0000] {processor.py:914} INFO - Processing file /home/airflow/.local/lib/python3.12/site-packages/airflow/example_dags/example_skip_dag.py for tasks to queue
[2025-02-27T03:18:53.462+0000] {logging_mixin.py:190} INFO - [2025-02-27T03:18:53.461+0000] {dagbag.py:588} INFO - Filling up the DagBag from /home/airflow/.local/lib/python3.12/site-packages/airflow/example_dags/example_skip_dag.py
[2025-02-27T03:18:53.474+0000] {processor.py:925} INFO - DAG(s) 'example_skip_dag' retrieved from /home/airflow/.local/lib/python3.12/site-packages/airflow/example_dags/example_skip_dag.py
[2025-02-27T03:18:53.621+0000] {logging_mixin.py:190} INFO - [2025-02-27T03:18:53.621+0000] {dag.py:3239} INFO - Sync 1 DAGs
[2025-02-27T03:18:53.693+0000] {logging_mixin.py:190} INFO - [2025-02-27T03:18:53.692+0000] {dag.py:4180} INFO - Setting next_dagrun for example_skip_dag to 2025-02-26 00:00:00+00:00, run_after=2025-02-27 00:00:00+00:00
[2025-02-27T03:18:53.740+0000] {processor.py:208} INFO - Processing /home/airflow/.local/lib/python3.12/site-packages/airflow/example_dags/example_skip_dag.py took 0.290 seconds
[2025-02-27T03:19:25.105+0000] {processor.py:186} INFO - Started process (PID=3147) to work on /home/airflow/.local/lib/python3.12/site-packages/airflow/example_dags/example_skip_dag.py
[2025-02-27T03:19:25.106+0000] {processor.py:914} INFO - Processing file /home/airflow/.local/lib/python3.12/site-packages/airflow/example_dags/example_skip_dag.py for tasks to queue
[2025-02-27T03:19:25.111+0000] {logging_mixin.py:190} INFO - [2025-02-27T03:19:25.110+0000] {dagbag.py:588} INFO - Filling up the DagBag from /home/airflow/.local/lib/python3.12/site-packages/airflow/example_dags/example_skip_dag.py
[2025-02-27T03:19:25.123+0000] {processor.py:925} INFO - DAG(s) 'example_skip_dag' retrieved from /home/airflow/.local/lib/python3.12/site-packages/airflow/example_dags/example_skip_dag.py
[2025-02-27T03:19:25.285+0000] {logging_mixin.py:190} INFO - [2025-02-27T03:19:25.284+0000] {dag.py:3239} INFO - Sync 1 DAGs
[2025-02-27T03:19:25.349+0000] {logging_mixin.py:190} INFO - [2025-02-27T03:19:25.348+0000] {dag.py:4180} INFO - Setting next_dagrun for example_skip_dag to 2025-02-26 00:00:00+00:00, run_after=2025-02-27 00:00:00+00:00
[2025-02-27T03:19:25.407+0000] {processor.py:208} INFO - Processing /home/airflow/.local/lib/python3.12/site-packages/airflow/example_dags/example_skip_dag.py took 0.313 seconds
[2025-02-27T03:19:55.824+0000] {processor.py:186} INFO - Started process (PID=3210) to work on /home/airflow/.local/lib/python3.12/site-packages/airflow/example_dags/example_skip_dag.py
[2025-02-27T03:19:55.826+0000] {processor.py:914} INFO - Processing file /home/airflow/.local/lib/python3.12/site-packages/airflow/example_dags/example_skip_dag.py for tasks to queue
[2025-02-27T03:19:55.830+0000] {logging_mixin.py:190} INFO - [2025-02-27T03:19:55.830+0000] {dagbag.py:588} INFO - Filling up the DagBag from /home/airflow/.local/lib/python3.12/site-packages/airflow/example_dags/example_skip_dag.py
[2025-02-27T03:19:55.847+0000] {processor.py:925} INFO - DAG(s) 'example_skip_dag' retrieved from /home/airflow/.local/lib/python3.12/site-packages/airflow/example_dags/example_skip_dag.py
[2025-02-27T03:19:56.032+0000] {logging_mixin.py:190} INFO - [2025-02-27T03:19:56.028+0000] {dag.py:3239} INFO - Sync 1 DAGs
[2025-02-27T03:19:56.126+0000] {logging_mixin.py:190} INFO - [2025-02-27T03:19:56.126+0000] {dag.py:4180} INFO - Setting next_dagrun for example_skip_dag to 2025-02-26 00:00:00+00:00, run_after=2025-02-27 00:00:00+00:00
[2025-02-27T03:19:56.205+0000] {processor.py:208} INFO - Processing /home/airflow/.local/lib/python3.12/site-packages/airflow/example_dags/example_skip_dag.py took 0.388 seconds
[2025-02-27T03:20:26.459+0000] {processor.py:186} INFO - Started process (PID=3272) to work on /home/airflow/.local/lib/python3.12/site-packages/airflow/example_dags/example_skip_dag.py
[2025-02-27T03:20:26.461+0000] {processor.py:914} INFO - Processing file /home/airflow/.local/lib/python3.12/site-packages/airflow/example_dags/example_skip_dag.py for tasks to queue
[2025-02-27T03:20:26.465+0000] {logging_mixin.py:190} INFO - [2025-02-27T03:20:26.464+0000] {dagbag.py:588} INFO - Filling up the DagBag from /home/airflow/.local/lib/python3.12/site-packages/airflow/example_dags/example_skip_dag.py
[2025-02-27T03:20:26.480+0000] {processor.py:925} INFO - DAG(s) 'example_skip_dag' retrieved from /home/airflow/.local/lib/python3.12/site-packages/airflow/example_dags/example_skip_dag.py
[2025-02-27T03:20:26.671+0000] {logging_mixin.py:190} INFO - [2025-02-27T03:20:26.670+0000] {dag.py:3239} INFO - Sync 1 DAGs
[2025-02-27T03:20:26.750+0000] {logging_mixin.py:190} INFO - [2025-02-27T03:20:26.749+0000] {dag.py:4180} INFO - Setting next_dagrun for example_skip_dag to 2025-02-26 00:00:00+00:00, run_after=2025-02-27 00:00:00+00:00
[2025-02-27T03:20:26.819+0000] {processor.py:208} INFO - Processing /home/airflow/.local/lib/python3.12/site-packages/airflow/example_dags/example_skip_dag.py took 0.369 seconds
[2025-02-27T03:20:57.033+0000] {processor.py:186} INFO - Started process (PID=3335) to work on /home/airflow/.local/lib/python3.12/site-packages/airflow/example_dags/example_skip_dag.py
[2025-02-27T03:20:57.034+0000] {processor.py:914} INFO - Processing file /home/airflow/.local/lib/python3.12/site-packages/airflow/example_dags/example_skip_dag.py for tasks to queue
[2025-02-27T03:20:57.039+0000] {logging_mixin.py:190} INFO - [2025-02-27T03:20:57.038+0000] {dagbag.py:588} INFO - Filling up the DagBag from /home/airflow/.local/lib/python3.12/site-packages/airflow/example_dags/example_skip_dag.py
[2025-02-27T03:20:57.060+0000] {processor.py:925} INFO - DAG(s) 'example_skip_dag' retrieved from /home/airflow/.local/lib/python3.12/site-packages/airflow/example_dags/example_skip_dag.py
[2025-02-27T03:20:57.354+0000] {logging_mixin.py:190} INFO - [2025-02-27T03:20:57.353+0000] {dag.py:3239} INFO - Sync 1 DAGs
[2025-02-27T03:20:57.498+0000] {logging_mixin.py:190} INFO - [2025-02-27T03:20:57.497+0000] {dag.py:4180} INFO - Setting next_dagrun for example_skip_dag to 2025-02-26 00:00:00+00:00, run_after=2025-02-27 00:00:00+00:00
[2025-02-27T03:20:57.600+0000] {processor.py:208} INFO - Processing /home/airflow/.local/lib/python3.12/site-packages/airflow/example_dags/example_skip_dag.py took 0.581 seconds
