[2025-02-27T02:51:37.838+0000] {processor.py:186} INFO - Started process (PID=119) to work on /home/airflow/.local/lib/python3.12/site-packages/airflow/example_dags/example_complex.py
[2025-02-27T02:51:37.839+0000] {processor.py:914} INFO - Processing file /home/airflow/.local/lib/python3.12/site-packages/airflow/example_dags/example_complex.py for tasks to queue
[2025-02-27T02:51:37.843+0000] {logging_mixin.py:190} INFO - [2025-02-27T02:51:37.843+0000] {dagbag.py:588} INFO - Filling up the DagBag from /home/airflow/.local/lib/python3.12/site-packages/airflow/example_dags/example_complex.py
[2025-02-27T02:51:37.870+0000] {processor.py:925} INFO - DAG(s) 'example_complex' retrieved from /home/airflow/.local/lib/python3.12/site-packages/airflow/example_dags/example_complex.py
[2025-02-27T02:51:38.107+0000] {logging_mixin.py:190} INFO - [2025-02-27T02:51:38.105+0000] {override.py:1912} INFO - Created Permission View: can delete on DAG:example_complex
[2025-02-27T02:51:38.133+0000] {logging_mixin.py:190} INFO - [2025-02-27T02:51:38.133+0000] {override.py:1912} INFO - Created Permission View: can read on DAG:example_complex
[2025-02-27T02:51:38.167+0000] {logging_mixin.py:190} INFO - [2025-02-27T02:51:38.166+0000] {override.py:1912} INFO - Created Permission View: can edit on DAG:example_complex
[2025-02-27T02:51:38.193+0000] {logging_mixin.py:190} INFO - [2025-02-27T02:51:38.192+0000] {override.py:1912} INFO - Created Permission View: menu access on DAG Run:example_complex
[2025-02-27T02:51:38.216+0000] {logging_mixin.py:190} INFO - [2025-02-27T02:51:38.216+0000] {override.py:1912} INFO - Created Permission View: can delete on DAG Run:example_complex
[2025-02-27T02:51:38.234+0000] {logging_mixin.py:190} INFO - [2025-02-27T02:51:38.232+0000] {override.py:1912} INFO - Created Permission View: can read on DAG Run:example_complex
[2025-02-27T02:51:38.254+0000] {logging_mixin.py:190} INFO - [2025-02-27T02:51:38.253+0000] {override.py:1912} INFO - Created Permission View: can create on DAG Run:example_complex
[2025-02-27T02:51:38.255+0000] {logging_mixin.py:190} INFO - [2025-02-27T02:51:38.255+0000] {dag.py:3239} INFO - Sync 1 DAGs
[2025-02-27T02:51:38.287+0000] {logging_mixin.py:190} INFO - [2025-02-27T02:51:38.286+0000] {dag.py:3262} INFO - Creating ORM DAG for example_complex
[2025-02-27T02:51:38.289+0000] {logging_mixin.py:190} INFO - [2025-02-27T02:51:38.288+0000] {dag.py:4180} INFO - Setting next_dagrun for example_complex to None, run_after=None
[2025-02-27T02:51:38.328+0000] {processor.py:208} INFO - Processing /home/airflow/.local/lib/python3.12/site-packages/airflow/example_dags/example_complex.py took 0.499 seconds
[2025-02-27T02:54:26.174+0000] {processor.py:186} INFO - Started process (PID=121) to work on /home/airflow/.local/lib/python3.12/site-packages/airflow/example_dags/example_complex.py
[2025-02-27T02:54:26.176+0000] {processor.py:914} INFO - Processing file /home/airflow/.local/lib/python3.12/site-packages/airflow/example_dags/example_complex.py for tasks to queue
[2025-02-27T02:54:26.184+0000] {logging_mixin.py:190} INFO - [2025-02-27T02:54:26.183+0000] {dagbag.py:588} INFO - Filling up the DagBag from /home/airflow/.local/lib/python3.12/site-packages/airflow/example_dags/example_complex.py
[2025-02-27T02:54:26.232+0000] {processor.py:925} INFO - DAG(s) 'example_complex' retrieved from /home/airflow/.local/lib/python3.12/site-packages/airflow/example_dags/example_complex.py
[2025-02-27T02:54:27.145+0000] {logging_mixin.py:190} INFO - [2025-02-27T02:54:27.143+0000] {override.py:1912} INFO - Created Permission View: can read on DAG:example_complex
[2025-02-27T02:54:27.180+0000] {logging_mixin.py:190} INFO - [2025-02-27T02:54:27.180+0000] {override.py:1912} INFO - Created Permission View: can delete on DAG:example_complex
[2025-02-27T02:54:27.199+0000] {logging_mixin.py:190} INFO - [2025-02-27T02:54:27.198+0000] {override.py:1912} INFO - Created Permission View: can edit on DAG:example_complex
[2025-02-27T02:54:27.221+0000] {logging_mixin.py:190} INFO - [2025-02-27T02:54:27.220+0000] {override.py:1912} INFO - Created Permission View: can read on DAG Run:example_complex
[2025-02-27T02:54:27.242+0000] {logging_mixin.py:190} INFO - [2025-02-27T02:54:27.242+0000] {override.py:1912} INFO - Created Permission View: menu access on DAG Run:example_complex
[2025-02-27T02:54:27.264+0000] {logging_mixin.py:190} INFO - [2025-02-27T02:54:27.264+0000] {override.py:1912} INFO - Created Permission View: can delete on DAG Run:example_complex
[2025-02-27T02:54:27.286+0000] {logging_mixin.py:190} INFO - [2025-02-27T02:54:27.285+0000] {override.py:1912} INFO - Created Permission View: can create on DAG Run:example_complex
[2025-02-27T02:54:27.288+0000] {logging_mixin.py:190} INFO - [2025-02-27T02:54:27.287+0000] {dag.py:3239} INFO - Sync 1 DAGs
[2025-02-27T02:54:27.343+0000] {logging_mixin.py:190} INFO - [2025-02-27T02:54:27.343+0000] {dag.py:3262} INFO - Creating ORM DAG for example_complex
[2025-02-27T02:54:27.345+0000] {logging_mixin.py:190} INFO - [2025-02-27T02:54:27.345+0000] {dag.py:4180} INFO - Setting next_dagrun for example_complex to None, run_after=None
[2025-02-27T02:54:27.406+0000] {processor.py:208} INFO - Processing /home/airflow/.local/lib/python3.12/site-packages/airflow/example_dags/example_complex.py took 1.246 seconds
[2025-02-27T02:54:58.057+0000] {processor.py:186} INFO - Started process (PID=184) to work on /home/airflow/.local/lib/python3.12/site-packages/airflow/example_dags/example_complex.py
[2025-02-27T02:54:58.059+0000] {processor.py:914} INFO - Processing file /home/airflow/.local/lib/python3.12/site-packages/airflow/example_dags/example_complex.py for tasks to queue
[2025-02-27T02:54:58.063+0000] {logging_mixin.py:190} INFO - [2025-02-27T02:54:58.063+0000] {dagbag.py:588} INFO - Filling up the DagBag from /home/airflow/.local/lib/python3.12/site-packages/airflow/example_dags/example_complex.py
[2025-02-27T02:54:58.085+0000] {processor.py:925} INFO - DAG(s) 'example_complex' retrieved from /home/airflow/.local/lib/python3.12/site-packages/airflow/example_dags/example_complex.py
[2025-02-27T02:54:58.297+0000] {logging_mixin.py:190} INFO - [2025-02-27T02:54:58.296+0000] {dag.py:3239} INFO - Sync 1 DAGs
[2025-02-27T02:54:58.358+0000] {logging_mixin.py:190} INFO - [2025-02-27T02:54:58.357+0000] {dag.py:4180} INFO - Setting next_dagrun for example_complex to None, run_after=None
[2025-02-27T02:54:58.448+0000] {processor.py:208} INFO - Processing /home/airflow/.local/lib/python3.12/site-packages/airflow/example_dags/example_complex.py took 0.399 seconds
[2025-02-27T02:55:28.831+0000] {processor.py:186} INFO - Started process (PID=247) to work on /home/airflow/.local/lib/python3.12/site-packages/airflow/example_dags/example_complex.py
[2025-02-27T02:55:28.833+0000] {processor.py:914} INFO - Processing file /home/airflow/.local/lib/python3.12/site-packages/airflow/example_dags/example_complex.py for tasks to queue
[2025-02-27T02:55:28.837+0000] {logging_mixin.py:190} INFO - [2025-02-27T02:55:28.836+0000] {dagbag.py:588} INFO - Filling up the DagBag from /home/airflow/.local/lib/python3.12/site-packages/airflow/example_dags/example_complex.py
[2025-02-27T02:55:28.861+0000] {processor.py:925} INFO - DAG(s) 'example_complex' retrieved from /home/airflow/.local/lib/python3.12/site-packages/airflow/example_dags/example_complex.py
[2025-02-27T02:55:29.033+0000] {logging_mixin.py:190} INFO - [2025-02-27T02:55:29.032+0000] {dag.py:3239} INFO - Sync 1 DAGs
[2025-02-27T02:55:29.074+0000] {logging_mixin.py:190} INFO - [2025-02-27T02:55:29.073+0000] {dag.py:4180} INFO - Setting next_dagrun for example_complex to None, run_after=None
[2025-02-27T02:55:29.163+0000] {processor.py:208} INFO - Processing /home/airflow/.local/lib/python3.12/site-packages/airflow/example_dags/example_complex.py took 0.341 seconds
[2025-02-27T02:55:59.755+0000] {processor.py:186} INFO - Started process (PID=311) to work on /home/airflow/.local/lib/python3.12/site-packages/airflow/example_dags/example_complex.py
[2025-02-27T02:55:59.757+0000] {processor.py:914} INFO - Processing file /home/airflow/.local/lib/python3.12/site-packages/airflow/example_dags/example_complex.py for tasks to queue
[2025-02-27T02:55:59.761+0000] {logging_mixin.py:190} INFO - [2025-02-27T02:55:59.760+0000] {dagbag.py:588} INFO - Filling up the DagBag from /home/airflow/.local/lib/python3.12/site-packages/airflow/example_dags/example_complex.py
[2025-02-27T02:55:59.778+0000] {processor.py:925} INFO - DAG(s) 'example_complex' retrieved from /home/airflow/.local/lib/python3.12/site-packages/airflow/example_dags/example_complex.py
[2025-02-27T02:55:59.944+0000] {logging_mixin.py:190} INFO - [2025-02-27T02:55:59.944+0000] {dag.py:3239} INFO - Sync 1 DAGs
[2025-02-27T02:55:59.983+0000] {logging_mixin.py:190} INFO - [2025-02-27T02:55:59.983+0000] {dag.py:4180} INFO - Setting next_dagrun for example_complex to None, run_after=None
[2025-02-27T02:56:00.052+0000] {processor.py:208} INFO - Processing /home/airflow/.local/lib/python3.12/site-packages/airflow/example_dags/example_complex.py took 0.307 seconds
[2025-02-27T02:56:30.330+0000] {processor.py:186} INFO - Started process (PID=374) to work on /home/airflow/.local/lib/python3.12/site-packages/airflow/example_dags/example_complex.py
[2025-02-27T02:56:30.332+0000] {processor.py:914} INFO - Processing file /home/airflow/.local/lib/python3.12/site-packages/airflow/example_dags/example_complex.py for tasks to queue
[2025-02-27T02:56:30.337+0000] {logging_mixin.py:190} INFO - [2025-02-27T02:56:30.336+0000] {dagbag.py:588} INFO - Filling up the DagBag from /home/airflow/.local/lib/python3.12/site-packages/airflow/example_dags/example_complex.py
[2025-02-27T02:56:30.361+0000] {processor.py:925} INFO - DAG(s) 'example_complex' retrieved from /home/airflow/.local/lib/python3.12/site-packages/airflow/example_dags/example_complex.py
[2025-02-27T02:56:30.598+0000] {logging_mixin.py:190} INFO - [2025-02-27T02:56:30.597+0000] {dag.py:3239} INFO - Sync 1 DAGs
[2025-02-27T02:56:30.668+0000] {logging_mixin.py:190} INFO - [2025-02-27T02:56:30.667+0000] {dag.py:4180} INFO - Setting next_dagrun for example_complex to None, run_after=None
[2025-02-27T02:56:30.763+0000] {processor.py:208} INFO - Processing /home/airflow/.local/lib/python3.12/site-packages/airflow/example_dags/example_complex.py took 0.448 seconds
[2025-02-27T02:57:01.093+0000] {processor.py:186} INFO - Started process (PID=437) to work on /home/airflow/.local/lib/python3.12/site-packages/airflow/example_dags/example_complex.py
[2025-02-27T02:57:01.097+0000] {processor.py:914} INFO - Processing file /home/airflow/.local/lib/python3.12/site-packages/airflow/example_dags/example_complex.py for tasks to queue
[2025-02-27T02:57:01.101+0000] {logging_mixin.py:190} INFO - [2025-02-27T02:57:01.101+0000] {dagbag.py:588} INFO - Filling up the DagBag from /home/airflow/.local/lib/python3.12/site-packages/airflow/example_dags/example_complex.py
[2025-02-27T02:57:01.138+0000] {processor.py:925} INFO - DAG(s) 'example_complex' retrieved from /home/airflow/.local/lib/python3.12/site-packages/airflow/example_dags/example_complex.py
[2025-02-27T02:57:01.380+0000] {logging_mixin.py:190} INFO - [2025-02-27T02:57:01.379+0000] {dag.py:3239} INFO - Sync 1 DAGs
[2025-02-27T02:57:01.438+0000] {logging_mixin.py:190} INFO - [2025-02-27T02:57:01.438+0000] {dag.py:4180} INFO - Setting next_dagrun for example_complex to None, run_after=None
[2025-02-27T02:57:01.523+0000] {processor.py:208} INFO - Processing /home/airflow/.local/lib/python3.12/site-packages/airflow/example_dags/example_complex.py took 0.441 seconds
[2025-02-27T02:57:32.238+0000] {processor.py:186} INFO - Started process (PID=500) to work on /home/airflow/.local/lib/python3.12/site-packages/airflow/example_dags/example_complex.py
[2025-02-27T02:57:32.241+0000] {processor.py:914} INFO - Processing file /home/airflow/.local/lib/python3.12/site-packages/airflow/example_dags/example_complex.py for tasks to queue
[2025-02-27T02:57:32.246+0000] {logging_mixin.py:190} INFO - [2025-02-27T02:57:32.245+0000] {dagbag.py:588} INFO - Filling up the DagBag from /home/airflow/.local/lib/python3.12/site-packages/airflow/example_dags/example_complex.py
[2025-02-27T02:57:32.308+0000] {processor.py:925} INFO - DAG(s) 'example_complex' retrieved from /home/airflow/.local/lib/python3.12/site-packages/airflow/example_dags/example_complex.py
[2025-02-27T02:57:32.566+0000] {logging_mixin.py:190} INFO - [2025-02-27T02:57:32.566+0000] {dag.py:3239} INFO - Sync 1 DAGs
[2025-02-27T02:57:32.641+0000] {logging_mixin.py:190} INFO - [2025-02-27T02:57:32.640+0000] {dag.py:4180} INFO - Setting next_dagrun for example_complex to None, run_after=None
[2025-02-27T02:57:32.699+0000] {processor.py:208} INFO - Processing /home/airflow/.local/lib/python3.12/site-packages/airflow/example_dags/example_complex.py took 0.472 seconds
[2025-02-27T02:58:02.798+0000] {processor.py:186} INFO - Started process (PID=563) to work on /home/airflow/.local/lib/python3.12/site-packages/airflow/example_dags/example_complex.py
[2025-02-27T02:58:02.800+0000] {processor.py:914} INFO - Processing file /home/airflow/.local/lib/python3.12/site-packages/airflow/example_dags/example_complex.py for tasks to queue
[2025-02-27T02:58:02.804+0000] {logging_mixin.py:190} INFO - [2025-02-27T02:58:02.803+0000] {dagbag.py:588} INFO - Filling up the DagBag from /home/airflow/.local/lib/python3.12/site-packages/airflow/example_dags/example_complex.py
[2025-02-27T02:58:02.820+0000] {processor.py:925} INFO - DAG(s) 'example_complex' retrieved from /home/airflow/.local/lib/python3.12/site-packages/airflow/example_dags/example_complex.py
[2025-02-27T02:58:02.998+0000] {logging_mixin.py:190} INFO - [2025-02-27T02:58:02.998+0000] {dag.py:3239} INFO - Sync 1 DAGs
[2025-02-27T02:58:03.044+0000] {logging_mixin.py:190} INFO - [2025-02-27T02:58:03.043+0000] {dag.py:4180} INFO - Setting next_dagrun for example_complex to None, run_after=None
[2025-02-27T02:58:03.111+0000] {processor.py:208} INFO - Processing /home/airflow/.local/lib/python3.12/site-packages/airflow/example_dags/example_complex.py took 0.320 seconds
[2025-02-27T02:58:33.793+0000] {processor.py:186} INFO - Started process (PID=626) to work on /home/airflow/.local/lib/python3.12/site-packages/airflow/example_dags/example_complex.py
[2025-02-27T02:58:33.795+0000] {processor.py:914} INFO - Processing file /home/airflow/.local/lib/python3.12/site-packages/airflow/example_dags/example_complex.py for tasks to queue
[2025-02-27T02:58:33.800+0000] {logging_mixin.py:190} INFO - [2025-02-27T02:58:33.799+0000] {dagbag.py:588} INFO - Filling up the DagBag from /home/airflow/.local/lib/python3.12/site-packages/airflow/example_dags/example_complex.py
[2025-02-27T02:58:33.823+0000] {processor.py:925} INFO - DAG(s) 'example_complex' retrieved from /home/airflow/.local/lib/python3.12/site-packages/airflow/example_dags/example_complex.py
[2025-02-27T02:58:34.016+0000] {logging_mixin.py:190} INFO - [2025-02-27T02:58:34.015+0000] {dag.py:3239} INFO - Sync 1 DAGs
[2025-02-27T02:58:34.068+0000] {logging_mixin.py:190} INFO - [2025-02-27T02:58:34.067+0000] {dag.py:4180} INFO - Setting next_dagrun for example_complex to None, run_after=None
[2025-02-27T02:58:34.163+0000] {processor.py:208} INFO - Processing /home/airflow/.local/lib/python3.12/site-packages/airflow/example_dags/example_complex.py took 0.382 seconds
[2025-02-27T02:59:05.127+0000] {processor.py:186} INFO - Started process (PID=688) to work on /home/airflow/.local/lib/python3.12/site-packages/airflow/example_dags/example_complex.py
[2025-02-27T02:59:05.128+0000] {processor.py:914} INFO - Processing file /home/airflow/.local/lib/python3.12/site-packages/airflow/example_dags/example_complex.py for tasks to queue
[2025-02-27T02:59:05.133+0000] {logging_mixin.py:190} INFO - [2025-02-27T02:59:05.132+0000] {dagbag.py:588} INFO - Filling up the DagBag from /home/airflow/.local/lib/python3.12/site-packages/airflow/example_dags/example_complex.py
[2025-02-27T02:59:05.162+0000] {processor.py:925} INFO - DAG(s) 'example_complex' retrieved from /home/airflow/.local/lib/python3.12/site-packages/airflow/example_dags/example_complex.py
[2025-02-27T02:59:05.380+0000] {logging_mixin.py:190} INFO - [2025-02-27T02:59:05.379+0000] {dag.py:3239} INFO - Sync 1 DAGs
[2025-02-27T02:59:05.429+0000] {logging_mixin.py:190} INFO - [2025-02-27T02:59:05.428+0000] {dag.py:4180} INFO - Setting next_dagrun for example_complex to None, run_after=None
[2025-02-27T02:59:05.512+0000] {processor.py:208} INFO - Processing /home/airflow/.local/lib/python3.12/site-packages/airflow/example_dags/example_complex.py took 0.396 seconds
[2025-02-27T02:59:38.859+0000] {processor.py:186} INFO - Started process (PID=751) to work on /home/airflow/.local/lib/python3.12/site-packages/airflow/example_dags/example_complex.py
[2025-02-27T02:59:38.861+0000] {processor.py:914} INFO - Processing file /home/airflow/.local/lib/python3.12/site-packages/airflow/example_dags/example_complex.py for tasks to queue
[2025-02-27T02:59:38.867+0000] {logging_mixin.py:190} INFO - [2025-02-27T02:59:38.866+0000] {dagbag.py:588} INFO - Filling up the DagBag from /home/airflow/.local/lib/python3.12/site-packages/airflow/example_dags/example_complex.py
[2025-02-27T02:59:38.917+0000] {processor.py:925} INFO - DAG(s) 'example_complex' retrieved from /home/airflow/.local/lib/python3.12/site-packages/airflow/example_dags/example_complex.py
[2025-02-27T02:59:39.141+0000] {logging_mixin.py:190} INFO - [2025-02-27T02:59:39.140+0000] {dag.py:3239} INFO - Sync 1 DAGs
[2025-02-27T02:59:39.210+0000] {logging_mixin.py:190} INFO - [2025-02-27T02:59:39.210+0000] {dag.py:4180} INFO - Setting next_dagrun for example_complex to None, run_after=None
[2025-02-27T02:59:39.302+0000] {processor.py:208} INFO - Processing /home/airflow/.local/lib/python3.12/site-packages/airflow/example_dags/example_complex.py took 0.462 seconds
[2025-02-27T03:00:10.272+0000] {processor.py:186} INFO - Started process (PID=814) to work on /home/airflow/.local/lib/python3.12/site-packages/airflow/example_dags/example_complex.py
[2025-02-27T03:00:10.274+0000] {processor.py:914} INFO - Processing file /home/airflow/.local/lib/python3.12/site-packages/airflow/example_dags/example_complex.py for tasks to queue
[2025-02-27T03:00:10.279+0000] {logging_mixin.py:190} INFO - [2025-02-27T03:00:10.278+0000] {dagbag.py:588} INFO - Filling up the DagBag from /home/airflow/.local/lib/python3.12/site-packages/airflow/example_dags/example_complex.py
[2025-02-27T03:00:10.310+0000] {processor.py:925} INFO - DAG(s) 'example_complex' retrieved from /home/airflow/.local/lib/python3.12/site-packages/airflow/example_dags/example_complex.py
[2025-02-27T03:00:10.498+0000] {logging_mixin.py:190} INFO - [2025-02-27T03:00:10.497+0000] {dag.py:3239} INFO - Sync 1 DAGs
[2025-02-27T03:00:10.548+0000] {logging_mixin.py:190} INFO - [2025-02-27T03:00:10.547+0000] {dag.py:4180} INFO - Setting next_dagrun for example_complex to None, run_after=None
[2025-02-27T03:00:10.629+0000] {processor.py:208} INFO - Processing /home/airflow/.local/lib/python3.12/site-packages/airflow/example_dags/example_complex.py took 0.373 seconds
[2025-02-27T03:00:41.218+0000] {processor.py:186} INFO - Started process (PID=876) to work on /home/airflow/.local/lib/python3.12/site-packages/airflow/example_dags/example_complex.py
[2025-02-27T03:00:41.220+0000] {processor.py:914} INFO - Processing file /home/airflow/.local/lib/python3.12/site-packages/airflow/example_dags/example_complex.py for tasks to queue
[2025-02-27T03:00:41.226+0000] {logging_mixin.py:190} INFO - [2025-02-27T03:00:41.225+0000] {dagbag.py:588} INFO - Filling up the DagBag from /home/airflow/.local/lib/python3.12/site-packages/airflow/example_dags/example_complex.py
[2025-02-27T03:00:41.270+0000] {processor.py:925} INFO - DAG(s) 'example_complex' retrieved from /home/airflow/.local/lib/python3.12/site-packages/airflow/example_dags/example_complex.py
[2025-02-27T03:00:41.554+0000] {logging_mixin.py:190} INFO - [2025-02-27T03:00:41.553+0000] {dag.py:3239} INFO - Sync 1 DAGs
[2025-02-27T03:00:41.656+0000] {logging_mixin.py:190} INFO - [2025-02-27T03:00:41.656+0000] {dag.py:4180} INFO - Setting next_dagrun for example_complex to None, run_after=None
[2025-02-27T03:00:41.750+0000] {processor.py:208} INFO - Processing /home/airflow/.local/lib/python3.12/site-packages/airflow/example_dags/example_complex.py took 0.548 seconds
[2025-02-27T03:01:12.871+0000] {processor.py:186} INFO - Started process (PID=939) to work on /home/airflow/.local/lib/python3.12/site-packages/airflow/example_dags/example_complex.py
[2025-02-27T03:01:12.872+0000] {processor.py:914} INFO - Processing file /home/airflow/.local/lib/python3.12/site-packages/airflow/example_dags/example_complex.py for tasks to queue
[2025-02-27T03:01:12.876+0000] {logging_mixin.py:190} INFO - [2025-02-27T03:01:12.875+0000] {dagbag.py:588} INFO - Filling up the DagBag from /home/airflow/.local/lib/python3.12/site-packages/airflow/example_dags/example_complex.py
[2025-02-27T03:01:12.901+0000] {processor.py:925} INFO - DAG(s) 'example_complex' retrieved from /home/airflow/.local/lib/python3.12/site-packages/airflow/example_dags/example_complex.py
[2025-02-27T03:01:13.102+0000] {logging_mixin.py:190} INFO - [2025-02-27T03:01:13.102+0000] {dag.py:3239} INFO - Sync 1 DAGs
[2025-02-27T03:01:13.151+0000] {logging_mixin.py:190} INFO - [2025-02-27T03:01:13.151+0000] {dag.py:4180} INFO - Setting next_dagrun for example_complex to None, run_after=None
[2025-02-27T03:01:13.203+0000] {processor.py:208} INFO - Processing /home/airflow/.local/lib/python3.12/site-packages/airflow/example_dags/example_complex.py took 0.342 seconds
[2025-02-27T03:01:43.939+0000] {processor.py:186} INFO - Started process (PID=1002) to work on /home/airflow/.local/lib/python3.12/site-packages/airflow/example_dags/example_complex.py
[2025-02-27T03:01:43.941+0000] {processor.py:914} INFO - Processing file /home/airflow/.local/lib/python3.12/site-packages/airflow/example_dags/example_complex.py for tasks to queue
[2025-02-27T03:01:43.946+0000] {logging_mixin.py:190} INFO - [2025-02-27T03:01:43.945+0000] {dagbag.py:588} INFO - Filling up the DagBag from /home/airflow/.local/lib/python3.12/site-packages/airflow/example_dags/example_complex.py
[2025-02-27T03:01:43.971+0000] {processor.py:925} INFO - DAG(s) 'example_complex' retrieved from /home/airflow/.local/lib/python3.12/site-packages/airflow/example_dags/example_complex.py
[2025-02-27T03:01:44.224+0000] {logging_mixin.py:190} INFO - [2025-02-27T03:01:44.223+0000] {dag.py:3239} INFO - Sync 1 DAGs
[2025-02-27T03:01:44.285+0000] {logging_mixin.py:190} INFO - [2025-02-27T03:01:44.285+0000] {dag.py:4180} INFO - Setting next_dagrun for example_complex to None, run_after=None
[2025-02-27T03:01:44.396+0000] {processor.py:208} INFO - Processing /home/airflow/.local/lib/python3.12/site-packages/airflow/example_dags/example_complex.py took 0.468 seconds
[2025-02-27T03:02:16.310+0000] {processor.py:186} INFO - Started process (PID=1066) to work on /home/airflow/.local/lib/python3.12/site-packages/airflow/example_dags/example_complex.py
[2025-02-27T03:02:16.313+0000] {processor.py:914} INFO - Processing file /home/airflow/.local/lib/python3.12/site-packages/airflow/example_dags/example_complex.py for tasks to queue
[2025-02-27T03:02:16.319+0000] {logging_mixin.py:190} INFO - [2025-02-27T03:02:16.318+0000] {dagbag.py:588} INFO - Filling up the DagBag from /home/airflow/.local/lib/python3.12/site-packages/airflow/example_dags/example_complex.py
[2025-02-27T03:02:16.383+0000] {processor.py:925} INFO - DAG(s) 'example_complex' retrieved from /home/airflow/.local/lib/python3.12/site-packages/airflow/example_dags/example_complex.py
[2025-02-27T03:02:16.752+0000] {logging_mixin.py:190} INFO - [2025-02-27T03:02:16.751+0000] {dag.py:3239} INFO - Sync 1 DAGs
[2025-02-27T03:02:16.818+0000] {logging_mixin.py:190} INFO - [2025-02-27T03:02:16.817+0000] {dag.py:4180} INFO - Setting next_dagrun for example_complex to None, run_after=None
[2025-02-27T03:02:16.913+0000] {processor.py:208} INFO - Processing /home/airflow/.local/lib/python3.12/site-packages/airflow/example_dags/example_complex.py took 0.618 seconds
[2025-02-27T03:02:49.953+0000] {processor.py:186} INFO - Started process (PID=1136) to work on /home/airflow/.local/lib/python3.12/site-packages/airflow/example_dags/example_complex.py
[2025-02-27T03:02:49.955+0000] {processor.py:914} INFO - Processing file /home/airflow/.local/lib/python3.12/site-packages/airflow/example_dags/example_complex.py for tasks to queue
[2025-02-27T03:02:49.959+0000] {logging_mixin.py:190} INFO - [2025-02-27T03:02:49.958+0000] {dagbag.py:588} INFO - Filling up the DagBag from /home/airflow/.local/lib/python3.12/site-packages/airflow/example_dags/example_complex.py
[2025-02-27T03:02:49.984+0000] {processor.py:925} INFO - DAG(s) 'example_complex' retrieved from /home/airflow/.local/lib/python3.12/site-packages/airflow/example_dags/example_complex.py
[2025-02-27T03:02:50.176+0000] {logging_mixin.py:190} INFO - [2025-02-27T03:02:50.176+0000] {dag.py:3239} INFO - Sync 1 DAGs
[2025-02-27T03:02:50.218+0000] {logging_mixin.py:190} INFO - [2025-02-27T03:02:50.217+0000] {dag.py:4180} INFO - Setting next_dagrun for example_complex to None, run_after=None
[2025-02-27T03:02:50.288+0000] {processor.py:208} INFO - Processing /home/airflow/.local/lib/python3.12/site-packages/airflow/example_dags/example_complex.py took 0.344 seconds
[2025-02-27T03:03:21.011+0000] {processor.py:186} INFO - Started process (PID=1199) to work on /home/airflow/.local/lib/python3.12/site-packages/airflow/example_dags/example_complex.py
[2025-02-27T03:03:21.013+0000] {processor.py:914} INFO - Processing file /home/airflow/.local/lib/python3.12/site-packages/airflow/example_dags/example_complex.py for tasks to queue
[2025-02-27T03:03:21.021+0000] {logging_mixin.py:190} INFO - [2025-02-27T03:03:21.020+0000] {dagbag.py:588} INFO - Filling up the DagBag from /home/airflow/.local/lib/python3.12/site-packages/airflow/example_dags/example_complex.py
[2025-02-27T03:03:21.068+0000] {processor.py:925} INFO - DAG(s) 'example_complex' retrieved from /home/airflow/.local/lib/python3.12/site-packages/airflow/example_dags/example_complex.py
[2025-02-27T03:03:21.348+0000] {logging_mixin.py:190} INFO - [2025-02-27T03:03:21.347+0000] {dag.py:3239} INFO - Sync 1 DAGs
[2025-02-27T03:03:21.424+0000] {logging_mixin.py:190} INFO - [2025-02-27T03:03:21.424+0000] {dag.py:4180} INFO - Setting next_dagrun for example_complex to None, run_after=None
[2025-02-27T03:03:21.511+0000] {processor.py:208} INFO - Processing /home/airflow/.local/lib/python3.12/site-packages/airflow/example_dags/example_complex.py took 0.525 seconds
[2025-02-27T03:03:53.794+0000] {processor.py:186} INFO - Started process (PID=1262) to work on /home/airflow/.local/lib/python3.12/site-packages/airflow/example_dags/example_complex.py
[2025-02-27T03:03:53.797+0000] {processor.py:914} INFO - Processing file /home/airflow/.local/lib/python3.12/site-packages/airflow/example_dags/example_complex.py for tasks to queue
[2025-02-27T03:03:53.800+0000] {logging_mixin.py:190} INFO - [2025-02-27T03:03:53.800+0000] {dagbag.py:588} INFO - Filling up the DagBag from /home/airflow/.local/lib/python3.12/site-packages/airflow/example_dags/example_complex.py
[2025-02-27T03:03:53.818+0000] {processor.py:925} INFO - DAG(s) 'example_complex' retrieved from /home/airflow/.local/lib/python3.12/site-packages/airflow/example_dags/example_complex.py
[2025-02-27T03:03:53.973+0000] {logging_mixin.py:190} INFO - [2025-02-27T03:03:53.973+0000] {dag.py:3239} INFO - Sync 1 DAGs
[2025-02-27T03:03:54.014+0000] {logging_mixin.py:190} INFO - [2025-02-27T03:03:54.013+0000] {dag.py:4180} INFO - Setting next_dagrun for example_complex to None, run_after=None
[2025-02-27T03:03:54.080+0000] {processor.py:208} INFO - Processing /home/airflow/.local/lib/python3.12/site-packages/airflow/example_dags/example_complex.py took 0.294 seconds
[2025-02-27T03:04:24.641+0000] {processor.py:186} INFO - Started process (PID=1325) to work on /home/airflow/.local/lib/python3.12/site-packages/airflow/example_dags/example_complex.py
[2025-02-27T03:04:24.642+0000] {processor.py:914} INFO - Processing file /home/airflow/.local/lib/python3.12/site-packages/airflow/example_dags/example_complex.py for tasks to queue
[2025-02-27T03:04:24.646+0000] {logging_mixin.py:190} INFO - [2025-02-27T03:04:24.645+0000] {dagbag.py:588} INFO - Filling up the DagBag from /home/airflow/.local/lib/python3.12/site-packages/airflow/example_dags/example_complex.py
[2025-02-27T03:04:24.676+0000] {processor.py:925} INFO - DAG(s) 'example_complex' retrieved from /home/airflow/.local/lib/python3.12/site-packages/airflow/example_dags/example_complex.py
[2025-02-27T03:04:24.857+0000] {logging_mixin.py:190} INFO - [2025-02-27T03:04:24.856+0000] {dag.py:3239} INFO - Sync 1 DAGs
[2025-02-27T03:04:24.897+0000] {logging_mixin.py:190} INFO - [2025-02-27T03:04:24.896+0000] {dag.py:4180} INFO - Setting next_dagrun for example_complex to None, run_after=None
[2025-02-27T03:04:24.961+0000] {processor.py:208} INFO - Processing /home/airflow/.local/lib/python3.12/site-packages/airflow/example_dags/example_complex.py took 0.329 seconds
[2025-02-27T03:04:56.873+0000] {processor.py:186} INFO - Started process (PID=1388) to work on /home/airflow/.local/lib/python3.12/site-packages/airflow/example_dags/example_complex.py
[2025-02-27T03:04:56.875+0000] {processor.py:914} INFO - Processing file /home/airflow/.local/lib/python3.12/site-packages/airflow/example_dags/example_complex.py for tasks to queue
[2025-02-27T03:04:56.880+0000] {logging_mixin.py:190} INFO - [2025-02-27T03:04:56.880+0000] {dagbag.py:588} INFO - Filling up the DagBag from /home/airflow/.local/lib/python3.12/site-packages/airflow/example_dags/example_complex.py
[2025-02-27T03:04:56.929+0000] {processor.py:925} INFO - DAG(s) 'example_complex' retrieved from /home/airflow/.local/lib/python3.12/site-packages/airflow/example_dags/example_complex.py
[2025-02-27T03:04:57.237+0000] {logging_mixin.py:190} INFO - [2025-02-27T03:04:57.236+0000] {dag.py:3239} INFO - Sync 1 DAGs
[2025-02-27T03:04:57.320+0000] {logging_mixin.py:190} INFO - [2025-02-27T03:04:57.320+0000] {dag.py:4180} INFO - Setting next_dagrun for example_complex to None, run_after=None
[2025-02-27T03:04:57.401+0000] {processor.py:208} INFO - Processing /home/airflow/.local/lib/python3.12/site-packages/airflow/example_dags/example_complex.py took 0.547 seconds
[2025-02-27T03:05:28.053+0000] {processor.py:186} INFO - Started process (PID=1451) to work on /home/airflow/.local/lib/python3.12/site-packages/airflow/example_dags/example_complex.py
[2025-02-27T03:05:28.054+0000] {processor.py:914} INFO - Processing file /home/airflow/.local/lib/python3.12/site-packages/airflow/example_dags/example_complex.py for tasks to queue
[2025-02-27T03:05:28.058+0000] {logging_mixin.py:190} INFO - [2025-02-27T03:05:28.057+0000] {dagbag.py:588} INFO - Filling up the DagBag from /home/airflow/.local/lib/python3.12/site-packages/airflow/example_dags/example_complex.py
[2025-02-27T03:05:28.076+0000] {processor.py:925} INFO - DAG(s) 'example_complex' retrieved from /home/airflow/.local/lib/python3.12/site-packages/airflow/example_dags/example_complex.py
[2025-02-27T03:05:28.241+0000] {logging_mixin.py:190} INFO - [2025-02-27T03:05:28.240+0000] {dag.py:3239} INFO - Sync 1 DAGs
[2025-02-27T03:05:28.284+0000] {logging_mixin.py:190} INFO - [2025-02-27T03:05:28.283+0000] {dag.py:4180} INFO - Setting next_dagrun for example_complex to None, run_after=None
[2025-02-27T03:05:28.361+0000] {processor.py:208} INFO - Processing /home/airflow/.local/lib/python3.12/site-packages/airflow/example_dags/example_complex.py took 0.316 seconds
[2025-02-27T03:06:00.069+0000] {processor.py:186} INFO - Started process (PID=1515) to work on /home/airflow/.local/lib/python3.12/site-packages/airflow/example_dags/example_complex.py
[2025-02-27T03:06:00.070+0000] {processor.py:914} INFO - Processing file /home/airflow/.local/lib/python3.12/site-packages/airflow/example_dags/example_complex.py for tasks to queue
[2025-02-27T03:06:00.075+0000] {logging_mixin.py:190} INFO - [2025-02-27T03:06:00.074+0000] {dagbag.py:588} INFO - Filling up the DagBag from /home/airflow/.local/lib/python3.12/site-packages/airflow/example_dags/example_complex.py
[2025-02-27T03:06:00.134+0000] {processor.py:925} INFO - DAG(s) 'example_complex' retrieved from /home/airflow/.local/lib/python3.12/site-packages/airflow/example_dags/example_complex.py
[2025-02-27T03:06:00.312+0000] {logging_mixin.py:190} INFO - [2025-02-27T03:06:00.312+0000] {dag.py:3239} INFO - Sync 1 DAGs
[2025-02-27T03:06:00.364+0000] {logging_mixin.py:190} INFO - [2025-02-27T03:06:00.363+0000] {dag.py:4180} INFO - Setting next_dagrun for example_complex to None, run_after=None
[2025-02-27T03:06:00.410+0000] {processor.py:208} INFO - Processing /home/airflow/.local/lib/python3.12/site-packages/airflow/example_dags/example_complex.py took 0.351 seconds
[2025-02-27T03:06:32.873+0000] {processor.py:186} INFO - Started process (PID=1578) to work on /home/airflow/.local/lib/python3.12/site-packages/airflow/example_dags/example_complex.py
[2025-02-27T03:06:32.874+0000] {processor.py:914} INFO - Processing file /home/airflow/.local/lib/python3.12/site-packages/airflow/example_dags/example_complex.py for tasks to queue
[2025-02-27T03:06:32.880+0000] {logging_mixin.py:190} INFO - [2025-02-27T03:06:32.878+0000] {dagbag.py:588} INFO - Filling up the DagBag from /home/airflow/.local/lib/python3.12/site-packages/airflow/example_dags/example_complex.py
[2025-02-27T03:06:32.917+0000] {processor.py:925} INFO - DAG(s) 'example_complex' retrieved from /home/airflow/.local/lib/python3.12/site-packages/airflow/example_dags/example_complex.py
[2025-02-27T03:06:33.053+0000] {logging_mixin.py:190} INFO - [2025-02-27T03:06:33.052+0000] {dag.py:3239} INFO - Sync 1 DAGs
[2025-02-27T03:06:33.094+0000] {logging_mixin.py:190} INFO - [2025-02-27T03:06:33.094+0000] {dag.py:4180} INFO - Setting next_dagrun for example_complex to None, run_after=None
[2025-02-27T03:06:33.157+0000] {processor.py:208} INFO - Processing /home/airflow/.local/lib/python3.12/site-packages/airflow/example_dags/example_complex.py took 0.294 seconds
[2025-02-27T03:07:04.080+0000] {processor.py:186} INFO - Started process (PID=1641) to work on /home/airflow/.local/lib/python3.12/site-packages/airflow/example_dags/example_complex.py
[2025-02-27T03:07:04.083+0000] {processor.py:914} INFO - Processing file /home/airflow/.local/lib/python3.12/site-packages/airflow/example_dags/example_complex.py for tasks to queue
[2025-02-27T03:07:04.088+0000] {logging_mixin.py:190} INFO - [2025-02-27T03:07:04.087+0000] {dagbag.py:588} INFO - Filling up the DagBag from /home/airflow/.local/lib/python3.12/site-packages/airflow/example_dags/example_complex.py
[2025-02-27T03:07:04.129+0000] {processor.py:925} INFO - DAG(s) 'example_complex' retrieved from /home/airflow/.local/lib/python3.12/site-packages/airflow/example_dags/example_complex.py
[2025-02-27T03:07:04.407+0000] {logging_mixin.py:190} INFO - [2025-02-27T03:07:04.406+0000] {dag.py:3239} INFO - Sync 1 DAGs
[2025-02-27T03:07:04.451+0000] {logging_mixin.py:190} INFO - [2025-02-27T03:07:04.451+0000] {dag.py:4180} INFO - Setting next_dagrun for example_complex to None, run_after=None
[2025-02-27T03:07:04.513+0000] {processor.py:208} INFO - Processing /home/airflow/.local/lib/python3.12/site-packages/airflow/example_dags/example_complex.py took 0.446 seconds
[2025-02-27T03:07:34.833+0000] {processor.py:186} INFO - Started process (PID=1704) to work on /home/airflow/.local/lib/python3.12/site-packages/airflow/example_dags/example_complex.py
[2025-02-27T03:07:34.834+0000] {processor.py:914} INFO - Processing file /home/airflow/.local/lib/python3.12/site-packages/airflow/example_dags/example_complex.py for tasks to queue
[2025-02-27T03:07:34.838+0000] {logging_mixin.py:190} INFO - [2025-02-27T03:07:34.837+0000] {dagbag.py:588} INFO - Filling up the DagBag from /home/airflow/.local/lib/python3.12/site-packages/airflow/example_dags/example_complex.py
[2025-02-27T03:07:34.857+0000] {processor.py:925} INFO - DAG(s) 'example_complex' retrieved from /home/airflow/.local/lib/python3.12/site-packages/airflow/example_dags/example_complex.py
[2025-02-27T03:07:35.048+0000] {logging_mixin.py:190} INFO - [2025-02-27T03:07:35.048+0000] {dag.py:3239} INFO - Sync 1 DAGs
[2025-02-27T03:07:35.089+0000] {logging_mixin.py:190} INFO - [2025-02-27T03:07:35.089+0000] {dag.py:4180} INFO - Setting next_dagrun for example_complex to None, run_after=None
[2025-02-27T03:07:35.154+0000] {processor.py:208} INFO - Processing /home/airflow/.local/lib/python3.12/site-packages/airflow/example_dags/example_complex.py took 0.332 seconds
[2025-02-27T03:08:05.506+0000] {processor.py:186} INFO - Started process (PID=1766) to work on /home/airflow/.local/lib/python3.12/site-packages/airflow/example_dags/example_complex.py
[2025-02-27T03:08:05.508+0000] {processor.py:914} INFO - Processing file /home/airflow/.local/lib/python3.12/site-packages/airflow/example_dags/example_complex.py for tasks to queue
[2025-02-27T03:08:05.515+0000] {logging_mixin.py:190} INFO - [2025-02-27T03:08:05.512+0000] {dagbag.py:588} INFO - Filling up the DagBag from /home/airflow/.local/lib/python3.12/site-packages/airflow/example_dags/example_complex.py
[2025-02-27T03:08:05.546+0000] {processor.py:925} INFO - DAG(s) 'example_complex' retrieved from /home/airflow/.local/lib/python3.12/site-packages/airflow/example_dags/example_complex.py
[2025-02-27T03:08:05.753+0000] {logging_mixin.py:190} INFO - [2025-02-27T03:08:05.752+0000] {dag.py:3239} INFO - Sync 1 DAGs
[2025-02-27T03:08:05.808+0000] {logging_mixin.py:190} INFO - [2025-02-27T03:08:05.808+0000] {dag.py:4180} INFO - Setting next_dagrun for example_complex to None, run_after=None
[2025-02-27T03:08:05.861+0000] {processor.py:208} INFO - Processing /home/airflow/.local/lib/python3.12/site-packages/airflow/example_dags/example_complex.py took 0.366 seconds
[2025-02-27T03:08:36.494+0000] {processor.py:186} INFO - Started process (PID=1829) to work on /home/airflow/.local/lib/python3.12/site-packages/airflow/example_dags/example_complex.py
[2025-02-27T03:08:36.497+0000] {processor.py:914} INFO - Processing file /home/airflow/.local/lib/python3.12/site-packages/airflow/example_dags/example_complex.py for tasks to queue
[2025-02-27T03:08:36.501+0000] {logging_mixin.py:190} INFO - [2025-02-27T03:08:36.501+0000] {dagbag.py:588} INFO - Filling up the DagBag from /home/airflow/.local/lib/python3.12/site-packages/airflow/example_dags/example_complex.py
[2025-02-27T03:08:36.546+0000] {processor.py:925} INFO - DAG(s) 'example_complex' retrieved from /home/airflow/.local/lib/python3.12/site-packages/airflow/example_dags/example_complex.py
[2025-02-27T03:08:36.993+0000] {logging_mixin.py:190} INFO - [2025-02-27T03:08:36.992+0000] {dag.py:3239} INFO - Sync 1 DAGs
[2025-02-27T03:08:37.063+0000] {logging_mixin.py:190} INFO - [2025-02-27T03:08:37.062+0000] {dag.py:4180} INFO - Setting next_dagrun for example_complex to None, run_after=None
[2025-02-27T03:08:37.160+0000] {processor.py:208} INFO - Processing /home/airflow/.local/lib/python3.12/site-packages/airflow/example_dags/example_complex.py took 0.682 seconds
[2025-02-27T03:09:08.243+0000] {processor.py:186} INFO - Started process (PID=1892) to work on /home/airflow/.local/lib/python3.12/site-packages/airflow/example_dags/example_complex.py
[2025-02-27T03:09:08.245+0000] {processor.py:914} INFO - Processing file /home/airflow/.local/lib/python3.12/site-packages/airflow/example_dags/example_complex.py for tasks to queue
[2025-02-27T03:09:08.251+0000] {logging_mixin.py:190} INFO - [2025-02-27T03:09:08.251+0000] {dagbag.py:588} INFO - Filling up the DagBag from /home/airflow/.local/lib/python3.12/site-packages/airflow/example_dags/example_complex.py
[2025-02-27T03:09:08.282+0000] {processor.py:925} INFO - DAG(s) 'example_complex' retrieved from /home/airflow/.local/lib/python3.12/site-packages/airflow/example_dags/example_complex.py
[2025-02-27T03:09:08.488+0000] {logging_mixin.py:190} INFO - [2025-02-27T03:09:08.487+0000] {dag.py:3239} INFO - Sync 1 DAGs
[2025-02-27T03:09:08.540+0000] {logging_mixin.py:190} INFO - [2025-02-27T03:09:08.539+0000] {dag.py:4180} INFO - Setting next_dagrun for example_complex to None, run_after=None
[2025-02-27T03:09:08.608+0000] {processor.py:208} INFO - Processing /home/airflow/.local/lib/python3.12/site-packages/airflow/example_dags/example_complex.py took 0.375 seconds
[2025-02-27T03:09:40.038+0000] {processor.py:186} INFO - Started process (PID=1955) to work on /home/airflow/.local/lib/python3.12/site-packages/airflow/example_dags/example_complex.py
[2025-02-27T03:09:40.040+0000] {processor.py:914} INFO - Processing file /home/airflow/.local/lib/python3.12/site-packages/airflow/example_dags/example_complex.py for tasks to queue
[2025-02-27T03:09:40.045+0000] {logging_mixin.py:190} INFO - [2025-02-27T03:09:40.044+0000] {dagbag.py:588} INFO - Filling up the DagBag from /home/airflow/.local/lib/python3.12/site-packages/airflow/example_dags/example_complex.py
[2025-02-27T03:09:40.103+0000] {processor.py:925} INFO - DAG(s) 'example_complex' retrieved from /home/airflow/.local/lib/python3.12/site-packages/airflow/example_dags/example_complex.py
[2025-02-27T03:09:40.347+0000] {logging_mixin.py:190} INFO - [2025-02-27T03:09:40.347+0000] {dag.py:3239} INFO - Sync 1 DAGs
[2025-02-27T03:09:40.398+0000] {logging_mixin.py:190} INFO - [2025-02-27T03:09:40.398+0000] {dag.py:4180} INFO - Setting next_dagrun for example_complex to None, run_after=None
[2025-02-27T03:09:40.512+0000] {processor.py:208} INFO - Processing /home/airflow/.local/lib/python3.12/site-packages/airflow/example_dags/example_complex.py took 0.488 seconds
[2025-02-27T03:10:10.798+0000] {processor.py:186} INFO - Started process (PID=2018) to work on /home/airflow/.local/lib/python3.12/site-packages/airflow/example_dags/example_complex.py
[2025-02-27T03:10:10.799+0000] {processor.py:914} INFO - Processing file /home/airflow/.local/lib/python3.12/site-packages/airflow/example_dags/example_complex.py for tasks to queue
[2025-02-27T03:10:10.803+0000] {logging_mixin.py:190} INFO - [2025-02-27T03:10:10.802+0000] {dagbag.py:588} INFO - Filling up the DagBag from /home/airflow/.local/lib/python3.12/site-packages/airflow/example_dags/example_complex.py
[2025-02-27T03:10:10.822+0000] {processor.py:925} INFO - DAG(s) 'example_complex' retrieved from /home/airflow/.local/lib/python3.12/site-packages/airflow/example_dags/example_complex.py
[2025-02-27T03:10:11.003+0000] {logging_mixin.py:190} INFO - [2025-02-27T03:10:11.003+0000] {dag.py:3239} INFO - Sync 1 DAGs
[2025-02-27T03:10:11.054+0000] {logging_mixin.py:190} INFO - [2025-02-27T03:10:11.053+0000] {dag.py:4180} INFO - Setting next_dagrun for example_complex to None, run_after=None
[2025-02-27T03:10:11.144+0000] {processor.py:208} INFO - Processing /home/airflow/.local/lib/python3.12/site-packages/airflow/example_dags/example_complex.py took 0.354 seconds
[2025-02-27T03:10:42.234+0000] {processor.py:186} INFO - Started process (PID=2081) to work on /home/airflow/.local/lib/python3.12/site-packages/airflow/example_dags/example_complex.py
[2025-02-27T03:10:42.236+0000] {processor.py:914} INFO - Processing file /home/airflow/.local/lib/python3.12/site-packages/airflow/example_dags/example_complex.py for tasks to queue
[2025-02-27T03:10:42.243+0000] {logging_mixin.py:190} INFO - [2025-02-27T03:10:42.243+0000] {dagbag.py:588} INFO - Filling up the DagBag from /home/airflow/.local/lib/python3.12/site-packages/airflow/example_dags/example_complex.py
[2025-02-27T03:10:42.304+0000] {processor.py:925} INFO - DAG(s) 'example_complex' retrieved from /home/airflow/.local/lib/python3.12/site-packages/airflow/example_dags/example_complex.py
[2025-02-27T03:10:42.476+0000] {logging_mixin.py:190} INFO - [2025-02-27T03:10:42.476+0000] {dag.py:3239} INFO - Sync 1 DAGs
[2025-02-27T03:10:42.520+0000] {logging_mixin.py:190} INFO - [2025-02-27T03:10:42.519+0000] {dag.py:4180} INFO - Setting next_dagrun for example_complex to None, run_after=None
[2025-02-27T03:10:42.566+0000] {processor.py:208} INFO - Processing /home/airflow/.local/lib/python3.12/site-packages/airflow/example_dags/example_complex.py took 0.345 seconds
[2025-02-27T03:11:13.603+0000] {processor.py:186} INFO - Started process (PID=2144) to work on /home/airflow/.local/lib/python3.12/site-packages/airflow/example_dags/example_complex.py
[2025-02-27T03:11:13.604+0000] {processor.py:914} INFO - Processing file /home/airflow/.local/lib/python3.12/site-packages/airflow/example_dags/example_complex.py for tasks to queue
[2025-02-27T03:11:13.608+0000] {logging_mixin.py:190} INFO - [2025-02-27T03:11:13.607+0000] {dagbag.py:588} INFO - Filling up the DagBag from /home/airflow/.local/lib/python3.12/site-packages/airflow/example_dags/example_complex.py
[2025-02-27T03:11:13.628+0000] {processor.py:925} INFO - DAG(s) 'example_complex' retrieved from /home/airflow/.local/lib/python3.12/site-packages/airflow/example_dags/example_complex.py
[2025-02-27T03:11:13.799+0000] {logging_mixin.py:190} INFO - [2025-02-27T03:11:13.798+0000] {dag.py:3239} INFO - Sync 1 DAGs
[2025-02-27T03:11:13.846+0000] {logging_mixin.py:190} INFO - [2025-02-27T03:11:13.846+0000] {dag.py:4180} INFO - Setting next_dagrun for example_complex to None, run_after=None
[2025-02-27T03:11:13.894+0000] {processor.py:208} INFO - Processing /home/airflow/.local/lib/python3.12/site-packages/airflow/example_dags/example_complex.py took 0.300 seconds
[2025-02-27T03:11:45.391+0000] {processor.py:186} INFO - Started process (PID=2207) to work on /home/airflow/.local/lib/python3.12/site-packages/airflow/example_dags/example_complex.py
[2025-02-27T03:11:45.393+0000] {processor.py:914} INFO - Processing file /home/airflow/.local/lib/python3.12/site-packages/airflow/example_dags/example_complex.py for tasks to queue
[2025-02-27T03:11:45.398+0000] {logging_mixin.py:190} INFO - [2025-02-27T03:11:45.397+0000] {dagbag.py:588} INFO - Filling up the DagBag from /home/airflow/.local/lib/python3.12/site-packages/airflow/example_dags/example_complex.py
[2025-02-27T03:11:45.435+0000] {processor.py:925} INFO - DAG(s) 'example_complex' retrieved from /home/airflow/.local/lib/python3.12/site-packages/airflow/example_dags/example_complex.py
[2025-02-27T03:11:45.599+0000] {logging_mixin.py:190} INFO - [2025-02-27T03:11:45.598+0000] {dag.py:3239} INFO - Sync 1 DAGs
[2025-02-27T03:11:45.638+0000] {logging_mixin.py:190} INFO - [2025-02-27T03:11:45.638+0000] {dag.py:4180} INFO - Setting next_dagrun for example_complex to None, run_after=None
[2025-02-27T03:11:45.699+0000] {processor.py:208} INFO - Processing /home/airflow/.local/lib/python3.12/site-packages/airflow/example_dags/example_complex.py took 0.317 seconds
[2025-02-27T03:12:17.320+0000] {processor.py:186} INFO - Started process (PID=2270) to work on /home/airflow/.local/lib/python3.12/site-packages/airflow/example_dags/example_complex.py
[2025-02-27T03:12:17.322+0000] {processor.py:914} INFO - Processing file /home/airflow/.local/lib/python3.12/site-packages/airflow/example_dags/example_complex.py for tasks to queue
[2025-02-27T03:12:17.327+0000] {logging_mixin.py:190} INFO - [2025-02-27T03:12:17.326+0000] {dagbag.py:588} INFO - Filling up the DagBag from /home/airflow/.local/lib/python3.12/site-packages/airflow/example_dags/example_complex.py
[2025-02-27T03:12:17.370+0000] {processor.py:925} INFO - DAG(s) 'example_complex' retrieved from /home/airflow/.local/lib/python3.12/site-packages/airflow/example_dags/example_complex.py
[2025-02-27T03:12:17.552+0000] {logging_mixin.py:190} INFO - [2025-02-27T03:12:17.552+0000] {dag.py:3239} INFO - Sync 1 DAGs
[2025-02-27T03:12:17.595+0000] {logging_mixin.py:190} INFO - [2025-02-27T03:12:17.595+0000] {dag.py:4180} INFO - Setting next_dagrun for example_complex to None, run_after=None
[2025-02-27T03:12:17.645+0000] {processor.py:208} INFO - Processing /home/airflow/.local/lib/python3.12/site-packages/airflow/example_dags/example_complex.py took 0.338 seconds
[2025-02-27T03:12:48.258+0000] {processor.py:186} INFO - Started process (PID=2333) to work on /home/airflow/.local/lib/python3.12/site-packages/airflow/example_dags/example_complex.py
[2025-02-27T03:12:48.263+0000] {processor.py:914} INFO - Processing file /home/airflow/.local/lib/python3.12/site-packages/airflow/example_dags/example_complex.py for tasks to queue
[2025-02-27T03:12:48.275+0000] {logging_mixin.py:190} INFO - [2025-02-27T03:12:48.274+0000] {dagbag.py:588} INFO - Filling up the DagBag from /home/airflow/.local/lib/python3.12/site-packages/airflow/example_dags/example_complex.py
[2025-02-27T03:12:48.304+0000] {processor.py:925} INFO - DAG(s) 'example_complex' retrieved from /home/airflow/.local/lib/python3.12/site-packages/airflow/example_dags/example_complex.py
[2025-02-27T03:12:48.575+0000] {logging_mixin.py:190} INFO - [2025-02-27T03:12:48.574+0000] {dag.py:3239} INFO - Sync 1 DAGs
[2025-02-27T03:12:48.616+0000] {logging_mixin.py:190} INFO - [2025-02-27T03:12:48.615+0000] {dag.py:4180} INFO - Setting next_dagrun for example_complex to None, run_after=None
[2025-02-27T03:12:48.678+0000] {processor.py:208} INFO - Processing /home/airflow/.local/lib/python3.12/site-packages/airflow/example_dags/example_complex.py took 0.441 seconds
[2025-02-27T03:13:19.325+0000] {processor.py:186} INFO - Started process (PID=2401) to work on /home/airflow/.local/lib/python3.12/site-packages/airflow/example_dags/example_complex.py
[2025-02-27T03:13:19.327+0000] {processor.py:914} INFO - Processing file /home/airflow/.local/lib/python3.12/site-packages/airflow/example_dags/example_complex.py for tasks to queue
[2025-02-27T03:13:19.330+0000] {logging_mixin.py:190} INFO - [2025-02-27T03:13:19.330+0000] {dagbag.py:588} INFO - Filling up the DagBag from /home/airflow/.local/lib/python3.12/site-packages/airflow/example_dags/example_complex.py
[2025-02-27T03:13:19.350+0000] {processor.py:925} INFO - DAG(s) 'example_complex' retrieved from /home/airflow/.local/lib/python3.12/site-packages/airflow/example_dags/example_complex.py
[2025-02-27T03:13:19.529+0000] {logging_mixin.py:190} INFO - [2025-02-27T03:13:19.528+0000] {dag.py:3239} INFO - Sync 1 DAGs
[2025-02-27T03:13:19.581+0000] {logging_mixin.py:190} INFO - [2025-02-27T03:13:19.581+0000] {dag.py:4180} INFO - Setting next_dagrun for example_complex to None, run_after=None
[2025-02-27T03:13:19.640+0000] {processor.py:208} INFO - Processing /home/airflow/.local/lib/python3.12/site-packages/airflow/example_dags/example_complex.py took 0.323 seconds
[2025-02-27T03:13:49.875+0000] {processor.py:186} INFO - Started process (PID=2464) to work on /home/airflow/.local/lib/python3.12/site-packages/airflow/example_dags/example_complex.py
[2025-02-27T03:13:49.877+0000] {processor.py:914} INFO - Processing file /home/airflow/.local/lib/python3.12/site-packages/airflow/example_dags/example_complex.py for tasks to queue
[2025-02-27T03:13:49.889+0000] {logging_mixin.py:190} INFO - [2025-02-27T03:13:49.881+0000] {dagbag.py:588} INFO - Filling up the DagBag from /home/airflow/.local/lib/python3.12/site-packages/airflow/example_dags/example_complex.py
[2025-02-27T03:13:49.921+0000] {processor.py:925} INFO - DAG(s) 'example_complex' retrieved from /home/airflow/.local/lib/python3.12/site-packages/airflow/example_dags/example_complex.py
[2025-02-27T03:13:50.117+0000] {logging_mixin.py:190} INFO - [2025-02-27T03:13:50.117+0000] {dag.py:3239} INFO - Sync 1 DAGs
[2025-02-27T03:13:50.160+0000] {logging_mixin.py:190} INFO - [2025-02-27T03:13:50.159+0000] {dag.py:4180} INFO - Setting next_dagrun for example_complex to None, run_after=None
[2025-02-27T03:13:50.220+0000] {processor.py:208} INFO - Processing /home/airflow/.local/lib/python3.12/site-packages/airflow/example_dags/example_complex.py took 0.360 seconds
[2025-02-27T03:14:20.969+0000] {processor.py:186} INFO - Started process (PID=2527) to work on /home/airflow/.local/lib/python3.12/site-packages/airflow/example_dags/example_complex.py
[2025-02-27T03:14:20.971+0000] {processor.py:914} INFO - Processing file /home/airflow/.local/lib/python3.12/site-packages/airflow/example_dags/example_complex.py for tasks to queue
[2025-02-27T03:14:20.974+0000] {logging_mixin.py:190} INFO - [2025-02-27T03:14:20.973+0000] {dagbag.py:588} INFO - Filling up the DagBag from /home/airflow/.local/lib/python3.12/site-packages/airflow/example_dags/example_complex.py
[2025-02-27T03:14:20.990+0000] {processor.py:925} INFO - DAG(s) 'example_complex' retrieved from /home/airflow/.local/lib/python3.12/site-packages/airflow/example_dags/example_complex.py
[2025-02-27T03:14:21.126+0000] {logging_mixin.py:190} INFO - [2025-02-27T03:14:21.126+0000] {dag.py:3239} INFO - Sync 1 DAGs
[2025-02-27T03:14:21.164+0000] {logging_mixin.py:190} INFO - [2025-02-27T03:14:21.163+0000] {dag.py:4180} INFO - Setting next_dagrun for example_complex to None, run_after=None
[2025-02-27T03:14:21.232+0000] {processor.py:208} INFO - Processing /home/airflow/.local/lib/python3.12/site-packages/airflow/example_dags/example_complex.py took 0.270 seconds
[2025-02-27T03:14:52.901+0000] {processor.py:186} INFO - Started process (PID=2590) to work on /home/airflow/.local/lib/python3.12/site-packages/airflow/example_dags/example_complex.py
[2025-02-27T03:14:52.903+0000] {processor.py:914} INFO - Processing file /home/airflow/.local/lib/python3.12/site-packages/airflow/example_dags/example_complex.py for tasks to queue
[2025-02-27T03:14:52.907+0000] {logging_mixin.py:190} INFO - [2025-02-27T03:14:52.906+0000] {dagbag.py:588} INFO - Filling up the DagBag from /home/airflow/.local/lib/python3.12/site-packages/airflow/example_dags/example_complex.py
[2025-02-27T03:14:52.926+0000] {processor.py:925} INFO - DAG(s) 'example_complex' retrieved from /home/airflow/.local/lib/python3.12/site-packages/airflow/example_dags/example_complex.py
[2025-02-27T03:14:53.074+0000] {logging_mixin.py:190} INFO - [2025-02-27T03:14:53.073+0000] {dag.py:3239} INFO - Sync 1 DAGs
[2025-02-27T03:14:53.118+0000] {logging_mixin.py:190} INFO - [2025-02-27T03:14:53.118+0000] {dag.py:4180} INFO - Setting next_dagrun for example_complex to None, run_after=None
[2025-02-27T03:14:53.168+0000] {processor.py:208} INFO - Processing /home/airflow/.local/lib/python3.12/site-packages/airflow/example_dags/example_complex.py took 0.276 seconds
[2025-02-27T03:15:24.244+0000] {processor.py:186} INFO - Started process (PID=2653) to work on /home/airflow/.local/lib/python3.12/site-packages/airflow/example_dags/example_complex.py
[2025-02-27T03:15:24.245+0000] {processor.py:914} INFO - Processing file /home/airflow/.local/lib/python3.12/site-packages/airflow/example_dags/example_complex.py for tasks to queue
[2025-02-27T03:15:24.250+0000] {logging_mixin.py:190} INFO - [2025-02-27T03:15:24.249+0000] {dagbag.py:588} INFO - Filling up the DagBag from /home/airflow/.local/lib/python3.12/site-packages/airflow/example_dags/example_complex.py
[2025-02-27T03:15:24.272+0000] {processor.py:925} INFO - DAG(s) 'example_complex' retrieved from /home/airflow/.local/lib/python3.12/site-packages/airflow/example_dags/example_complex.py
[2025-02-27T03:15:24.450+0000] {logging_mixin.py:190} INFO - [2025-02-27T03:15:24.450+0000] {dag.py:3239} INFO - Sync 1 DAGs
[2025-02-27T03:15:24.492+0000] {logging_mixin.py:190} INFO - [2025-02-27T03:15:24.491+0000] {dag.py:4180} INFO - Setting next_dagrun for example_complex to None, run_after=None
[2025-02-27T03:15:24.554+0000] {processor.py:208} INFO - Processing /home/airflow/.local/lib/python3.12/site-packages/airflow/example_dags/example_complex.py took 0.318 seconds
[2025-02-27T03:15:54.888+0000] {processor.py:186} INFO - Started process (PID=2715) to work on /home/airflow/.local/lib/python3.12/site-packages/airflow/example_dags/example_complex.py
[2025-02-27T03:15:54.889+0000] {processor.py:914} INFO - Processing file /home/airflow/.local/lib/python3.12/site-packages/airflow/example_dags/example_complex.py for tasks to queue
[2025-02-27T03:15:54.893+0000] {logging_mixin.py:190} INFO - [2025-02-27T03:15:54.892+0000] {dagbag.py:588} INFO - Filling up the DagBag from /home/airflow/.local/lib/python3.12/site-packages/airflow/example_dags/example_complex.py
[2025-02-27T03:15:54.912+0000] {processor.py:925} INFO - DAG(s) 'example_complex' retrieved from /home/airflow/.local/lib/python3.12/site-packages/airflow/example_dags/example_complex.py
[2025-02-27T03:15:55.070+0000] {logging_mixin.py:190} INFO - [2025-02-27T03:15:55.070+0000] {dag.py:3239} INFO - Sync 1 DAGs
[2025-02-27T03:15:55.115+0000] {logging_mixin.py:190} INFO - [2025-02-27T03:15:55.114+0000] {dag.py:4180} INFO - Setting next_dagrun for example_complex to None, run_after=None
[2025-02-27T03:15:55.168+0000] {processor.py:208} INFO - Processing /home/airflow/.local/lib/python3.12/site-packages/airflow/example_dags/example_complex.py took 0.289 seconds
[2025-02-27T03:16:25.990+0000] {processor.py:186} INFO - Started process (PID=2778) to work on /home/airflow/.local/lib/python3.12/site-packages/airflow/example_dags/example_complex.py
[2025-02-27T03:16:25.991+0000] {processor.py:914} INFO - Processing file /home/airflow/.local/lib/python3.12/site-packages/airflow/example_dags/example_complex.py for tasks to queue
[2025-02-27T03:16:25.994+0000] {logging_mixin.py:190} INFO - [2025-02-27T03:16:25.994+0000] {dagbag.py:588} INFO - Filling up the DagBag from /home/airflow/.local/lib/python3.12/site-packages/airflow/example_dags/example_complex.py
[2025-02-27T03:16:26.012+0000] {processor.py:925} INFO - DAG(s) 'example_complex' retrieved from /home/airflow/.local/lib/python3.12/site-packages/airflow/example_dags/example_complex.py
[2025-02-27T03:16:26.257+0000] {logging_mixin.py:190} INFO - [2025-02-27T03:16:26.257+0000] {dag.py:3239} INFO - Sync 1 DAGs
[2025-02-27T03:16:26.304+0000] {logging_mixin.py:190} INFO - [2025-02-27T03:16:26.304+0000] {dag.py:4180} INFO - Setting next_dagrun for example_complex to None, run_after=None
[2025-02-27T03:16:26.403+0000] {processor.py:208} INFO - Processing /home/airflow/.local/lib/python3.12/site-packages/airflow/example_dags/example_complex.py took 0.421 seconds
[2025-02-27T03:16:56.722+0000] {processor.py:186} INFO - Started process (PID=2841) to work on /home/airflow/.local/lib/python3.12/site-packages/airflow/example_dags/example_complex.py
[2025-02-27T03:16:56.724+0000] {processor.py:914} INFO - Processing file /home/airflow/.local/lib/python3.12/site-packages/airflow/example_dags/example_complex.py for tasks to queue
[2025-02-27T03:16:56.730+0000] {logging_mixin.py:190} INFO - [2025-02-27T03:16:56.729+0000] {dagbag.py:588} INFO - Filling up the DagBag from /home/airflow/.local/lib/python3.12/site-packages/airflow/example_dags/example_complex.py
[2025-02-27T03:16:56.762+0000] {processor.py:925} INFO - DAG(s) 'example_complex' retrieved from /home/airflow/.local/lib/python3.12/site-packages/airflow/example_dags/example_complex.py
[2025-02-27T03:16:56.995+0000] {logging_mixin.py:190} INFO - [2025-02-27T03:16:56.995+0000] {dag.py:3239} INFO - Sync 1 DAGs
[2025-02-27T03:16:57.059+0000] {logging_mixin.py:190} INFO - [2025-02-27T03:16:57.059+0000] {dag.py:4180} INFO - Setting next_dagrun for example_complex to None, run_after=None
[2025-02-27T03:16:57.154+0000] {processor.py:208} INFO - Processing /home/airflow/.local/lib/python3.12/site-packages/airflow/example_dags/example_complex.py took 0.443 seconds
[2025-02-27T03:17:27.297+0000] {processor.py:186} INFO - Started process (PID=2903) to work on /home/airflow/.local/lib/python3.12/site-packages/airflow/example_dags/example_complex.py
[2025-02-27T03:17:27.298+0000] {processor.py:914} INFO - Processing file /home/airflow/.local/lib/python3.12/site-packages/airflow/example_dags/example_complex.py for tasks to queue
[2025-02-27T03:17:27.303+0000] {logging_mixin.py:190} INFO - [2025-02-27T03:17:27.302+0000] {dagbag.py:588} INFO - Filling up the DagBag from /home/airflow/.local/lib/python3.12/site-packages/airflow/example_dags/example_complex.py
[2025-02-27T03:17:27.320+0000] {processor.py:925} INFO - DAG(s) 'example_complex' retrieved from /home/airflow/.local/lib/python3.12/site-packages/airflow/example_dags/example_complex.py
[2025-02-27T03:17:27.473+0000] {logging_mixin.py:190} INFO - [2025-02-27T03:17:27.472+0000] {dag.py:3239} INFO - Sync 1 DAGs
[2025-02-27T03:17:27.514+0000] {logging_mixin.py:190} INFO - [2025-02-27T03:17:27.514+0000] {dag.py:4180} INFO - Setting next_dagrun for example_complex to None, run_after=None
[2025-02-27T03:17:27.567+0000] {processor.py:208} INFO - Processing /home/airflow/.local/lib/python3.12/site-packages/airflow/example_dags/example_complex.py took 0.277 seconds
[2025-02-27T03:17:58.107+0000] {processor.py:186} INFO - Started process (PID=2966) to work on /home/airflow/.local/lib/python3.12/site-packages/airflow/example_dags/example_complex.py
[2025-02-27T03:17:58.108+0000] {processor.py:914} INFO - Processing file /home/airflow/.local/lib/python3.12/site-packages/airflow/example_dags/example_complex.py for tasks to queue
[2025-02-27T03:17:58.112+0000] {logging_mixin.py:190} INFO - [2025-02-27T03:17:58.112+0000] {dagbag.py:588} INFO - Filling up the DagBag from /home/airflow/.local/lib/python3.12/site-packages/airflow/example_dags/example_complex.py
[2025-02-27T03:17:58.132+0000] {processor.py:925} INFO - DAG(s) 'example_complex' retrieved from /home/airflow/.local/lib/python3.12/site-packages/airflow/example_dags/example_complex.py
[2025-02-27T03:17:58.296+0000] {logging_mixin.py:190} INFO - [2025-02-27T03:17:58.296+0000] {dag.py:3239} INFO - Sync 1 DAGs
[2025-02-27T03:17:58.335+0000] {logging_mixin.py:190} INFO - [2025-02-27T03:17:58.335+0000] {dag.py:4180} INFO - Setting next_dagrun for example_complex to None, run_after=None
[2025-02-27T03:17:58.410+0000] {processor.py:208} INFO - Processing /home/airflow/.local/lib/python3.12/site-packages/airflow/example_dags/example_complex.py took 0.312 seconds
[2025-02-27T03:18:28.584+0000] {processor.py:186} INFO - Started process (PID=3029) to work on /home/airflow/.local/lib/python3.12/site-packages/airflow/example_dags/example_complex.py
[2025-02-27T03:18:28.586+0000] {processor.py:914} INFO - Processing file /home/airflow/.local/lib/python3.12/site-packages/airflow/example_dags/example_complex.py for tasks to queue
[2025-02-27T03:18:28.589+0000] {logging_mixin.py:190} INFO - [2025-02-27T03:18:28.589+0000] {dagbag.py:588} INFO - Filling up the DagBag from /home/airflow/.local/lib/python3.12/site-packages/airflow/example_dags/example_complex.py
[2025-02-27T03:18:28.605+0000] {processor.py:925} INFO - DAG(s) 'example_complex' retrieved from /home/airflow/.local/lib/python3.12/site-packages/airflow/example_dags/example_complex.py
[2025-02-27T03:18:28.774+0000] {logging_mixin.py:190} INFO - [2025-02-27T03:18:28.774+0000] {dag.py:3239} INFO - Sync 1 DAGs
[2025-02-27T03:18:28.813+0000] {logging_mixin.py:190} INFO - [2025-02-27T03:18:28.813+0000] {dag.py:4180} INFO - Setting next_dagrun for example_complex to None, run_after=None
[2025-02-27T03:18:28.856+0000] {processor.py:208} INFO - Processing /home/airflow/.local/lib/python3.12/site-packages/airflow/example_dags/example_complex.py took 0.280 seconds
[2025-02-27T03:18:59.220+0000] {processor.py:186} INFO - Started process (PID=3092) to work on /home/airflow/.local/lib/python3.12/site-packages/airflow/example_dags/example_complex.py
[2025-02-27T03:18:59.224+0000] {processor.py:914} INFO - Processing file /home/airflow/.local/lib/python3.12/site-packages/airflow/example_dags/example_complex.py for tasks to queue
[2025-02-27T03:18:59.228+0000] {logging_mixin.py:190} INFO - [2025-02-27T03:18:59.227+0000] {dagbag.py:588} INFO - Filling up the DagBag from /home/airflow/.local/lib/python3.12/site-packages/airflow/example_dags/example_complex.py
[2025-02-27T03:18:59.261+0000] {processor.py:925} INFO - DAG(s) 'example_complex' retrieved from /home/airflow/.local/lib/python3.12/site-packages/airflow/example_dags/example_complex.py
[2025-02-27T03:18:59.490+0000] {logging_mixin.py:190} INFO - [2025-02-27T03:18:59.489+0000] {dag.py:3239} INFO - Sync 1 DAGs
[2025-02-27T03:18:59.560+0000] {logging_mixin.py:190} INFO - [2025-02-27T03:18:59.559+0000] {dag.py:4180} INFO - Setting next_dagrun for example_complex to None, run_after=None
[2025-02-27T03:18:59.630+0000] {processor.py:208} INFO - Processing /home/airflow/.local/lib/python3.12/site-packages/airflow/example_dags/example_complex.py took 0.420 seconds
[2025-02-27T03:19:29.993+0000] {processor.py:186} INFO - Started process (PID=3155) to work on /home/airflow/.local/lib/python3.12/site-packages/airflow/example_dags/example_complex.py
[2025-02-27T03:19:29.995+0000] {processor.py:914} INFO - Processing file /home/airflow/.local/lib/python3.12/site-packages/airflow/example_dags/example_complex.py for tasks to queue
[2025-02-27T03:19:29.999+0000] {logging_mixin.py:190} INFO - [2025-02-27T03:19:29.998+0000] {dagbag.py:588} INFO - Filling up the DagBag from /home/airflow/.local/lib/python3.12/site-packages/airflow/example_dags/example_complex.py
[2025-02-27T03:19:30.022+0000] {processor.py:925} INFO - DAG(s) 'example_complex' retrieved from /home/airflow/.local/lib/python3.12/site-packages/airflow/example_dags/example_complex.py
[2025-02-27T03:19:30.207+0000] {logging_mixin.py:190} INFO - [2025-02-27T03:19:30.207+0000] {dag.py:3239} INFO - Sync 1 DAGs
[2025-02-27T03:19:30.260+0000] {logging_mixin.py:190} INFO - [2025-02-27T03:19:30.259+0000] {dag.py:4180} INFO - Setting next_dagrun for example_complex to None, run_after=None
[2025-02-27T03:19:30.336+0000] {processor.py:208} INFO - Processing /home/airflow/.local/lib/python3.12/site-packages/airflow/example_dags/example_complex.py took 0.352 seconds
[2025-02-27T03:20:00.650+0000] {processor.py:186} INFO - Started process (PID=3218) to work on /home/airflow/.local/lib/python3.12/site-packages/airflow/example_dags/example_complex.py
[2025-02-27T03:20:00.652+0000] {processor.py:914} INFO - Processing file /home/airflow/.local/lib/python3.12/site-packages/airflow/example_dags/example_complex.py for tasks to queue
[2025-02-27T03:20:00.656+0000] {logging_mixin.py:190} INFO - [2025-02-27T03:20:00.655+0000] {dagbag.py:588} INFO - Filling up the DagBag from /home/airflow/.local/lib/python3.12/site-packages/airflow/example_dags/example_complex.py
[2025-02-27T03:20:00.675+0000] {processor.py:925} INFO - DAG(s) 'example_complex' retrieved from /home/airflow/.local/lib/python3.12/site-packages/airflow/example_dags/example_complex.py
[2025-02-27T03:20:00.860+0000] {logging_mixin.py:190} INFO - [2025-02-27T03:20:00.860+0000] {dag.py:3239} INFO - Sync 1 DAGs
[2025-02-27T03:20:00.906+0000] {logging_mixin.py:190} INFO - [2025-02-27T03:20:00.906+0000] {dag.py:4180} INFO - Setting next_dagrun for example_complex to None, run_after=None
[2025-02-27T03:20:00.970+0000] {processor.py:208} INFO - Processing /home/airflow/.local/lib/python3.12/site-packages/airflow/example_dags/example_complex.py took 0.330 seconds
[2025-02-27T03:20:31.815+0000] {processor.py:186} INFO - Started process (PID=3281) to work on /home/airflow/.local/lib/python3.12/site-packages/airflow/example_dags/example_complex.py
[2025-02-27T03:20:31.817+0000] {processor.py:914} INFO - Processing file /home/airflow/.local/lib/python3.12/site-packages/airflow/example_dags/example_complex.py for tasks to queue
[2025-02-27T03:20:31.823+0000] {logging_mixin.py:190} INFO - [2025-02-27T03:20:31.822+0000] {dagbag.py:588} INFO - Filling up the DagBag from /home/airflow/.local/lib/python3.12/site-packages/airflow/example_dags/example_complex.py
[2025-02-27T03:20:31.859+0000] {processor.py:925} INFO - DAG(s) 'example_complex' retrieved from /home/airflow/.local/lib/python3.12/site-packages/airflow/example_dags/example_complex.py
[2025-02-27T03:20:32.165+0000] {logging_mixin.py:190} INFO - [2025-02-27T03:20:32.164+0000] {dag.py:3239} INFO - Sync 1 DAGs
[2025-02-27T03:20:32.219+0000] {logging_mixin.py:190} INFO - [2025-02-27T03:20:32.218+0000] {dag.py:4180} INFO - Setting next_dagrun for example_complex to None, run_after=None
[2025-02-27T03:20:32.319+0000] {processor.py:208} INFO - Processing /home/airflow/.local/lib/python3.12/site-packages/airflow/example_dags/example_complex.py took 0.516 seconds
[2025-02-27T03:21:02.495+0000] {processor.py:186} INFO - Started process (PID=3344) to work on /home/airflow/.local/lib/python3.12/site-packages/airflow/example_dags/example_complex.py
[2025-02-27T03:21:02.497+0000] {processor.py:914} INFO - Processing file /home/airflow/.local/lib/python3.12/site-packages/airflow/example_dags/example_complex.py for tasks to queue
[2025-02-27T03:21:02.502+0000] {logging_mixin.py:190} INFO - [2025-02-27T03:21:02.502+0000] {dagbag.py:588} INFO - Filling up the DagBag from /home/airflow/.local/lib/python3.12/site-packages/airflow/example_dags/example_complex.py
[2025-02-27T03:21:02.541+0000] {processor.py:925} INFO - DAG(s) 'example_complex' retrieved from /home/airflow/.local/lib/python3.12/site-packages/airflow/example_dags/example_complex.py
[2025-02-27T03:21:02.756+0000] {logging_mixin.py:190} INFO - [2025-02-27T03:21:02.756+0000] {dag.py:3239} INFO - Sync 1 DAGs
[2025-02-27T03:21:02.794+0000] {logging_mixin.py:190} INFO - [2025-02-27T03:21:02.794+0000] {dag.py:4180} INFO - Setting next_dagrun for example_complex to None, run_after=None
[2025-02-27T03:21:02.857+0000] {processor.py:208} INFO - Processing /home/airflow/.local/lib/python3.12/site-packages/airflow/example_dags/example_complex.py took 0.378 seconds
