[2025-02-27T02:51:37.225+0000] {processor.py:186} INFO - Started process (PID=116) to work on /home/airflow/.local/lib/python3.12/site-packages/airflow/example_dags/example_bash_operator.py
[2025-02-27T02:51:37.227+0000] {processor.py:914} INFO - Processing file /home/airflow/.local/lib/python3.12/site-packages/airflow/example_dags/example_bash_operator.py for tasks to queue
[2025-02-27T02:51:37.232+0000] {logging_mixin.py:190} INFO - [2025-02-27T02:51:37.231+0000] {dagbag.py:588} INFO - Filling up the DagBag from /home/airflow/.local/lib/python3.12/site-packages/airflow/example_dags/example_bash_operator.py
[2025-02-27T02:51:37.281+0000] {processor.py:925} INFO - DAG(s) 'example_bash_operator' retrieved from /home/airflow/.local/lib/python3.12/site-packages/airflow/example_dags/example_bash_operator.py
[2025-02-27T02:51:37.508+0000] {logging_mixin.py:190} INFO - [2025-02-27T02:51:37.507+0000] {override.py:1912} INFO - Created Permission View: can delete on DAG:example_bash_operator
[2025-02-27T02:51:37.537+0000] {logging_mixin.py:190} INFO - [2025-02-27T02:51:37.536+0000] {override.py:1912} INFO - Created Permission View: can read on DAG:example_bash_operator
[2025-02-27T02:51:37.556+0000] {logging_mixin.py:190} INFO - [2025-02-27T02:51:37.555+0000] {override.py:1912} INFO - Created Permission View: can edit on DAG:example_bash_operator
[2025-02-27T02:51:37.577+0000] {logging_mixin.py:190} INFO - [2025-02-27T02:51:37.577+0000] {override.py:1912} INFO - Created Permission View: menu access on DAG Run:example_bash_operator
[2025-02-27T02:51:37.598+0000] {logging_mixin.py:190} INFO - [2025-02-27T02:51:37.597+0000] {override.py:1912} INFO - Created Permission View: can delete on DAG Run:example_bash_operator
[2025-02-27T02:51:37.619+0000] {logging_mixin.py:190} INFO - [2025-02-27T02:51:37.618+0000] {override.py:1912} INFO - Created Permission View: can read on DAG Run:example_bash_operator
[2025-02-27T02:51:37.644+0000] {logging_mixin.py:190} INFO - [2025-02-27T02:51:37.644+0000] {override.py:1912} INFO - Created Permission View: can create on DAG Run:example_bash_operator
[2025-02-27T02:51:37.646+0000] {logging_mixin.py:190} INFO - [2025-02-27T02:51:37.646+0000] {dag.py:3239} INFO - Sync 1 DAGs
[2025-02-27T02:51:37.671+0000] {logging_mixin.py:190} INFO - [2025-02-27T02:51:37.670+0000] {dag.py:3262} INFO - Creating ORM DAG for example_bash_operator
[2025-02-27T02:51:37.695+0000] {logging_mixin.py:190} INFO - [2025-02-27T02:51:37.694+0000] {dag.py:4180} INFO - Setting next_dagrun for example_bash_operator to 2025-02-26 00:00:00+00:00, run_after=2025-02-27 00:00:00+00:00
[2025-02-27T02:51:37.732+0000] {processor.py:208} INFO - Processing /home/airflow/.local/lib/python3.12/site-packages/airflow/example_dags/example_bash_operator.py took 0.515 seconds
[2025-02-27T02:54:24.160+0000] {processor.py:186} INFO - Started process (PID=118) to work on /home/airflow/.local/lib/python3.12/site-packages/airflow/example_dags/example_bash_operator.py
[2025-02-27T02:54:24.165+0000] {processor.py:914} INFO - Processing file /home/airflow/.local/lib/python3.12/site-packages/airflow/example_dags/example_bash_operator.py for tasks to queue
[2025-02-27T02:54:24.171+0000] {logging_mixin.py:190} INFO - [2025-02-27T02:54:24.171+0000] {dagbag.py:588} INFO - Filling up the DagBag from /home/airflow/.local/lib/python3.12/site-packages/airflow/example_dags/example_bash_operator.py
[2025-02-27T02:54:24.201+0000] {processor.py:925} INFO - DAG(s) 'example_bash_operator' retrieved from /home/airflow/.local/lib/python3.12/site-packages/airflow/example_dags/example_bash_operator.py
[2025-02-27T02:54:24.723+0000] {logging_mixin.py:190} INFO - [2025-02-27T02:54:24.722+0000] {override.py:1912} INFO - Created Permission View: can read on DAG:example_bash_operator
[2025-02-27T02:54:24.759+0000] {logging_mixin.py:190} INFO - [2025-02-27T02:54:24.758+0000] {override.py:1912} INFO - Created Permission View: can delete on DAG:example_bash_operator
[2025-02-27T02:54:24.782+0000] {logging_mixin.py:190} INFO - [2025-02-27T02:54:24.781+0000] {override.py:1912} INFO - Created Permission View: can edit on DAG:example_bash_operator
[2025-02-27T02:54:24.814+0000] {logging_mixin.py:190} INFO - [2025-02-27T02:54:24.813+0000] {override.py:1912} INFO - Created Permission View: can read on DAG Run:example_bash_operator
[2025-02-27T02:54:24.835+0000] {logging_mixin.py:190} INFO - [2025-02-27T02:54:24.835+0000] {override.py:1912} INFO - Created Permission View: menu access on DAG Run:example_bash_operator
[2025-02-27T02:54:24.860+0000] {logging_mixin.py:190} INFO - [2025-02-27T02:54:24.859+0000] {override.py:1912} INFO - Created Permission View: can delete on DAG Run:example_bash_operator
[2025-02-27T02:54:24.880+0000] {logging_mixin.py:190} INFO - [2025-02-27T02:54:24.879+0000] {override.py:1912} INFO - Created Permission View: can create on DAG Run:example_bash_operator
[2025-02-27T02:54:24.882+0000] {logging_mixin.py:190} INFO - [2025-02-27T02:54:24.882+0000] {dag.py:3239} INFO - Sync 1 DAGs
[2025-02-27T02:54:24.958+0000] {logging_mixin.py:190} INFO - [2025-02-27T02:54:24.957+0000] {dag.py:3262} INFO - Creating ORM DAG for example_bash_operator
[2025-02-27T02:54:25.013+0000] {logging_mixin.py:190} INFO - [2025-02-27T02:54:25.012+0000] {dag.py:4180} INFO - Setting next_dagrun for example_bash_operator to 2025-02-26 00:00:00+00:00, run_after=2025-02-27 00:00:00+00:00
[2025-02-27T02:54:25.079+0000] {processor.py:208} INFO - Processing /home/airflow/.local/lib/python3.12/site-packages/airflow/example_dags/example_bash_operator.py took 0.941 seconds
[2025-02-27T02:54:55.159+0000] {processor.py:186} INFO - Started process (PID=181) to work on /home/airflow/.local/lib/python3.12/site-packages/airflow/example_dags/example_bash_operator.py
[2025-02-27T02:54:55.160+0000] {processor.py:914} INFO - Processing file /home/airflow/.local/lib/python3.12/site-packages/airflow/example_dags/example_bash_operator.py for tasks to queue
[2025-02-27T02:54:55.165+0000] {logging_mixin.py:190} INFO - [2025-02-27T02:54:55.164+0000] {dagbag.py:588} INFO - Filling up the DagBag from /home/airflow/.local/lib/python3.12/site-packages/airflow/example_dags/example_bash_operator.py
[2025-02-27T02:54:55.190+0000] {processor.py:925} INFO - DAG(s) 'example_bash_operator' retrieved from /home/airflow/.local/lib/python3.12/site-packages/airflow/example_dags/example_bash_operator.py
[2025-02-27T02:54:55.427+0000] {logging_mixin.py:190} INFO - [2025-02-27T02:54:55.427+0000] {dag.py:3239} INFO - Sync 1 DAGs
[2025-02-27T02:54:55.526+0000] {logging_mixin.py:190} INFO - [2025-02-27T02:54:55.526+0000] {dag.py:4180} INFO - Setting next_dagrun for example_bash_operator to 2025-02-26 00:00:00+00:00, run_after=2025-02-27 00:00:00+00:00
[2025-02-27T02:54:55.609+0000] {processor.py:208} INFO - Processing /home/airflow/.local/lib/python3.12/site-packages/airflow/example_dags/example_bash_operator.py took 0.462 seconds
[2025-02-27T02:55:26.620+0000] {processor.py:186} INFO - Started process (PID=244) to work on /home/airflow/.local/lib/python3.12/site-packages/airflow/example_dags/example_bash_operator.py
[2025-02-27T02:55:26.622+0000] {processor.py:914} INFO - Processing file /home/airflow/.local/lib/python3.12/site-packages/airflow/example_dags/example_bash_operator.py for tasks to queue
[2025-02-27T02:55:26.627+0000] {logging_mixin.py:190} INFO - [2025-02-27T02:55:26.626+0000] {dagbag.py:588} INFO - Filling up the DagBag from /home/airflow/.local/lib/python3.12/site-packages/airflow/example_dags/example_bash_operator.py
[2025-02-27T02:55:26.666+0000] {processor.py:925} INFO - DAG(s) 'example_bash_operator' retrieved from /home/airflow/.local/lib/python3.12/site-packages/airflow/example_dags/example_bash_operator.py
[2025-02-27T02:55:26.832+0000] {logging_mixin.py:190} INFO - [2025-02-27T02:55:26.831+0000] {dag.py:3239} INFO - Sync 1 DAGs
[2025-02-27T02:55:26.903+0000] {logging_mixin.py:190} INFO - [2025-02-27T02:55:26.903+0000] {dag.py:4180} INFO - Setting next_dagrun for example_bash_operator to 2025-02-26 00:00:00+00:00, run_after=2025-02-27 00:00:00+00:00
[2025-02-27T02:55:26.973+0000] {processor.py:208} INFO - Processing /home/airflow/.local/lib/python3.12/site-packages/airflow/example_dags/example_bash_operator.py took 0.367 seconds
[2025-02-27T02:55:57.115+0000] {processor.py:186} INFO - Started process (PID=307) to work on /home/airflow/.local/lib/python3.12/site-packages/airflow/example_dags/example_bash_operator.py
[2025-02-27T02:55:57.116+0000] {processor.py:914} INFO - Processing file /home/airflow/.local/lib/python3.12/site-packages/airflow/example_dags/example_bash_operator.py for tasks to queue
[2025-02-27T02:55:57.120+0000] {logging_mixin.py:190} INFO - [2025-02-27T02:55:57.119+0000] {dagbag.py:588} INFO - Filling up the DagBag from /home/airflow/.local/lib/python3.12/site-packages/airflow/example_dags/example_bash_operator.py
[2025-02-27T02:55:57.140+0000] {processor.py:925} INFO - DAG(s) 'example_bash_operator' retrieved from /home/airflow/.local/lib/python3.12/site-packages/airflow/example_dags/example_bash_operator.py
[2025-02-27T02:55:57.328+0000] {logging_mixin.py:190} INFO - [2025-02-27T02:55:57.328+0000] {dag.py:3239} INFO - Sync 1 DAGs
[2025-02-27T02:55:57.404+0000] {logging_mixin.py:190} INFO - [2025-02-27T02:55:57.404+0000] {dag.py:4180} INFO - Setting next_dagrun for example_bash_operator to 2025-02-26 00:00:00+00:00, run_after=2025-02-27 00:00:00+00:00
[2025-02-27T02:55:57.485+0000] {processor.py:208} INFO - Processing /home/airflow/.local/lib/python3.12/site-packages/airflow/example_dags/example_bash_operator.py took 0.378 seconds
[2025-02-27T02:56:27.700+0000] {processor.py:186} INFO - Started process (PID=370) to work on /home/airflow/.local/lib/python3.12/site-packages/airflow/example_dags/example_bash_operator.py
[2025-02-27T02:56:27.702+0000] {processor.py:914} INFO - Processing file /home/airflow/.local/lib/python3.12/site-packages/airflow/example_dags/example_bash_operator.py for tasks to queue
[2025-02-27T02:56:27.706+0000] {logging_mixin.py:190} INFO - [2025-02-27T02:56:27.705+0000] {dagbag.py:588} INFO - Filling up the DagBag from /home/airflow/.local/lib/python3.12/site-packages/airflow/example_dags/example_bash_operator.py
[2025-02-27T02:56:27.726+0000] {processor.py:925} INFO - DAG(s) 'example_bash_operator' retrieved from /home/airflow/.local/lib/python3.12/site-packages/airflow/example_dags/example_bash_operator.py
[2025-02-27T02:56:27.954+0000] {logging_mixin.py:190} INFO - [2025-02-27T02:56:27.953+0000] {dag.py:3239} INFO - Sync 1 DAGs
[2025-02-27T02:56:28.034+0000] {logging_mixin.py:190} INFO - [2025-02-27T02:56:28.034+0000] {dag.py:4180} INFO - Setting next_dagrun for example_bash_operator to 2025-02-26 00:00:00+00:00, run_after=2025-02-27 00:00:00+00:00
[2025-02-27T02:56:28.104+0000] {processor.py:208} INFO - Processing /home/airflow/.local/lib/python3.12/site-packages/airflow/example_dags/example_bash_operator.py took 0.412 seconds
[2025-02-27T02:56:59.135+0000] {processor.py:186} INFO - Started process (PID=433) to work on /home/airflow/.local/lib/python3.12/site-packages/airflow/example_dags/example_bash_operator.py
[2025-02-27T02:56:59.137+0000] {processor.py:914} INFO - Processing file /home/airflow/.local/lib/python3.12/site-packages/airflow/example_dags/example_bash_operator.py for tasks to queue
[2025-02-27T02:56:59.140+0000] {logging_mixin.py:190} INFO - [2025-02-27T02:56:59.140+0000] {dagbag.py:588} INFO - Filling up the DagBag from /home/airflow/.local/lib/python3.12/site-packages/airflow/example_dags/example_bash_operator.py
[2025-02-27T02:56:59.160+0000] {processor.py:925} INFO - DAG(s) 'example_bash_operator' retrieved from /home/airflow/.local/lib/python3.12/site-packages/airflow/example_dags/example_bash_operator.py
[2025-02-27T02:56:59.406+0000] {logging_mixin.py:190} INFO - [2025-02-27T02:56:59.406+0000] {dag.py:3239} INFO - Sync 1 DAGs
[2025-02-27T02:56:59.508+0000] {logging_mixin.py:190} INFO - [2025-02-27T02:56:59.508+0000] {dag.py:4180} INFO - Setting next_dagrun for example_bash_operator to 2025-02-26 00:00:00+00:00, run_after=2025-02-27 00:00:00+00:00
[2025-02-27T02:56:59.584+0000] {processor.py:208} INFO - Processing /home/airflow/.local/lib/python3.12/site-packages/airflow/example_dags/example_bash_operator.py took 0.459 seconds
[2025-02-27T02:57:29.863+0000] {processor.py:186} INFO - Started process (PID=495) to work on /home/airflow/.local/lib/python3.12/site-packages/airflow/example_dags/example_bash_operator.py
[2025-02-27T02:57:29.864+0000] {processor.py:914} INFO - Processing file /home/airflow/.local/lib/python3.12/site-packages/airflow/example_dags/example_bash_operator.py for tasks to queue
[2025-02-27T02:57:29.869+0000] {logging_mixin.py:190} INFO - [2025-02-27T02:57:29.868+0000] {dagbag.py:588} INFO - Filling up the DagBag from /home/airflow/.local/lib/python3.12/site-packages/airflow/example_dags/example_bash_operator.py
[2025-02-27T02:57:29.895+0000] {processor.py:925} INFO - DAG(s) 'example_bash_operator' retrieved from /home/airflow/.local/lib/python3.12/site-packages/airflow/example_dags/example_bash_operator.py
[2025-02-27T02:57:30.053+0000] {logging_mixin.py:190} INFO - [2025-02-27T02:57:30.053+0000] {dag.py:3239} INFO - Sync 1 DAGs
[2025-02-27T02:57:30.122+0000] {logging_mixin.py:190} INFO - [2025-02-27T02:57:30.121+0000] {dag.py:4180} INFO - Setting next_dagrun for example_bash_operator to 2025-02-26 00:00:00+00:00, run_after=2025-02-27 00:00:00+00:00
[2025-02-27T02:57:30.186+0000] {processor.py:208} INFO - Processing /home/airflow/.local/lib/python3.12/site-packages/airflow/example_dags/example_bash_operator.py took 0.333 seconds
[2025-02-27T02:58:00.707+0000] {processor.py:186} INFO - Started process (PID=558) to work on /home/airflow/.local/lib/python3.12/site-packages/airflow/example_dags/example_bash_operator.py
[2025-02-27T02:58:00.711+0000] {processor.py:914} INFO - Processing file /home/airflow/.local/lib/python3.12/site-packages/airflow/example_dags/example_bash_operator.py for tasks to queue
[2025-02-27T02:58:00.716+0000] {logging_mixin.py:190} INFO - [2025-02-27T02:58:00.716+0000] {dagbag.py:588} INFO - Filling up the DagBag from /home/airflow/.local/lib/python3.12/site-packages/airflow/example_dags/example_bash_operator.py
[2025-02-27T02:58:00.748+0000] {processor.py:925} INFO - DAG(s) 'example_bash_operator' retrieved from /home/airflow/.local/lib/python3.12/site-packages/airflow/example_dags/example_bash_operator.py
[2025-02-27T02:58:00.990+0000] {logging_mixin.py:190} INFO - [2025-02-27T02:58:00.989+0000] {dag.py:3239} INFO - Sync 1 DAGs
[2025-02-27T02:58:01.091+0000] {logging_mixin.py:190} INFO - [2025-02-27T02:58:01.090+0000] {dag.py:4180} INFO - Setting next_dagrun for example_bash_operator to 2025-02-26 00:00:00+00:00, run_after=2025-02-27 00:00:00+00:00
[2025-02-27T02:58:01.175+0000] {processor.py:208} INFO - Processing /home/airflow/.local/lib/python3.12/site-packages/airflow/example_dags/example_bash_operator.py took 0.478 seconds
[2025-02-27T02:58:31.554+0000] {processor.py:186} INFO - Started process (PID=621) to work on /home/airflow/.local/lib/python3.12/site-packages/airflow/example_dags/example_bash_operator.py
[2025-02-27T02:58:31.555+0000] {processor.py:914} INFO - Processing file /home/airflow/.local/lib/python3.12/site-packages/airflow/example_dags/example_bash_operator.py for tasks to queue
[2025-02-27T02:58:31.560+0000] {logging_mixin.py:190} INFO - [2025-02-27T02:58:31.559+0000] {dagbag.py:588} INFO - Filling up the DagBag from /home/airflow/.local/lib/python3.12/site-packages/airflow/example_dags/example_bash_operator.py
[2025-02-27T02:58:31.597+0000] {processor.py:925} INFO - DAG(s) 'example_bash_operator' retrieved from /home/airflow/.local/lib/python3.12/site-packages/airflow/example_dags/example_bash_operator.py
[2025-02-27T02:58:31.873+0000] {logging_mixin.py:190} INFO - [2025-02-27T02:58:31.872+0000] {dag.py:3239} INFO - Sync 1 DAGs
[2025-02-27T02:58:32.035+0000] {logging_mixin.py:190} INFO - [2025-02-27T02:58:32.034+0000] {dag.py:4180} INFO - Setting next_dagrun for example_bash_operator to 2025-02-26 00:00:00+00:00, run_after=2025-02-27 00:00:00+00:00
[2025-02-27T02:58:32.142+0000] {processor.py:208} INFO - Processing /home/airflow/.local/lib/python3.12/site-packages/airflow/example_dags/example_bash_operator.py took 0.600 seconds
[2025-02-27T02:59:02.217+0000] {processor.py:186} INFO - Started process (PID=683) to work on /home/airflow/.local/lib/python3.12/site-packages/airflow/example_dags/example_bash_operator.py
[2025-02-27T02:59:02.218+0000] {processor.py:914} INFO - Processing file /home/airflow/.local/lib/python3.12/site-packages/airflow/example_dags/example_bash_operator.py for tasks to queue
[2025-02-27T02:59:02.222+0000] {logging_mixin.py:190} INFO - [2025-02-27T02:59:02.221+0000] {dagbag.py:588} INFO - Filling up the DagBag from /home/airflow/.local/lib/python3.12/site-packages/airflow/example_dags/example_bash_operator.py
[2025-02-27T02:59:02.243+0000] {processor.py:925} INFO - DAG(s) 'example_bash_operator' retrieved from /home/airflow/.local/lib/python3.12/site-packages/airflow/example_dags/example_bash_operator.py
[2025-02-27T02:59:02.433+0000] {logging_mixin.py:190} INFO - [2025-02-27T02:59:02.432+0000] {dag.py:3239} INFO - Sync 1 DAGs
[2025-02-27T02:59:02.497+0000] {logging_mixin.py:190} INFO - [2025-02-27T02:59:02.497+0000] {dag.py:4180} INFO - Setting next_dagrun for example_bash_operator to 2025-02-26 00:00:00+00:00, run_after=2025-02-27 00:00:00+00:00
[2025-02-27T02:59:02.555+0000] {processor.py:208} INFO - Processing /home/airflow/.local/lib/python3.12/site-packages/airflow/example_dags/example_bash_operator.py took 0.348 seconds
[2025-02-27T02:59:37.024+0000] {processor.py:186} INFO - Started process (PID=746) to work on /home/airflow/.local/lib/python3.12/site-packages/airflow/example_dags/example_bash_operator.py
[2025-02-27T02:59:37.026+0000] {processor.py:914} INFO - Processing file /home/airflow/.local/lib/python3.12/site-packages/airflow/example_dags/example_bash_operator.py for tasks to queue
[2025-02-27T02:59:37.035+0000] {logging_mixin.py:190} INFO - [2025-02-27T02:59:37.034+0000] {dagbag.py:588} INFO - Filling up the DagBag from /home/airflow/.local/lib/python3.12/site-packages/airflow/example_dags/example_bash_operator.py
[2025-02-27T02:59:37.066+0000] {processor.py:925} INFO - DAG(s) 'example_bash_operator' retrieved from /home/airflow/.local/lib/python3.12/site-packages/airflow/example_dags/example_bash_operator.py
[2025-02-27T02:59:37.245+0000] {logging_mixin.py:190} INFO - [2025-02-27T02:59:37.244+0000] {dag.py:3239} INFO - Sync 1 DAGs
[2025-02-27T02:59:37.320+0000] {logging_mixin.py:190} INFO - [2025-02-27T02:59:37.319+0000] {dag.py:4180} INFO - Setting next_dagrun for example_bash_operator to 2025-02-26 00:00:00+00:00, run_after=2025-02-27 00:00:00+00:00
[2025-02-27T02:59:37.387+0000] {processor.py:208} INFO - Processing /home/airflow/.local/lib/python3.12/site-packages/airflow/example_dags/example_bash_operator.py took 0.375 seconds
[2025-02-27T03:00:08.747+0000] {processor.py:186} INFO - Started process (PID=810) to work on /home/airflow/.local/lib/python3.12/site-packages/airflow/example_dags/example_bash_operator.py
[2025-02-27T03:00:08.749+0000] {processor.py:914} INFO - Processing file /home/airflow/.local/lib/python3.12/site-packages/airflow/example_dags/example_bash_operator.py for tasks to queue
[2025-02-27T03:00:08.756+0000] {logging_mixin.py:190} INFO - [2025-02-27T03:00:08.755+0000] {dagbag.py:588} INFO - Filling up the DagBag from /home/airflow/.local/lib/python3.12/site-packages/airflow/example_dags/example_bash_operator.py
[2025-02-27T03:00:08.782+0000] {processor.py:925} INFO - DAG(s) 'example_bash_operator' retrieved from /home/airflow/.local/lib/python3.12/site-packages/airflow/example_dags/example_bash_operator.py
[2025-02-27T03:00:08.962+0000] {logging_mixin.py:190} INFO - [2025-02-27T03:00:08.962+0000] {dag.py:3239} INFO - Sync 1 DAGs
[2025-02-27T03:00:09.051+0000] {logging_mixin.py:190} INFO - [2025-02-27T03:00:09.051+0000] {dag.py:4180} INFO - Setting next_dagrun for example_bash_operator to 2025-02-26 00:00:00+00:00, run_after=2025-02-27 00:00:00+00:00
[2025-02-27T03:00:09.122+0000] {processor.py:208} INFO - Processing /home/airflow/.local/lib/python3.12/site-packages/airflow/example_dags/example_bash_operator.py took 0.384 seconds
[2025-02-27T03:00:40.171+0000] {processor.py:186} INFO - Started process (PID=873) to work on /home/airflow/.local/lib/python3.12/site-packages/airflow/example_dags/example_bash_operator.py
[2025-02-27T03:00:40.174+0000] {processor.py:914} INFO - Processing file /home/airflow/.local/lib/python3.12/site-packages/airflow/example_dags/example_bash_operator.py for tasks to queue
[2025-02-27T03:00:40.182+0000] {logging_mixin.py:190} INFO - [2025-02-27T03:00:40.181+0000] {dagbag.py:588} INFO - Filling up the DagBag from /home/airflow/.local/lib/python3.12/site-packages/airflow/example_dags/example_bash_operator.py
[2025-02-27T03:00:40.233+0000] {processor.py:925} INFO - DAG(s) 'example_bash_operator' retrieved from /home/airflow/.local/lib/python3.12/site-packages/airflow/example_dags/example_bash_operator.py
[2025-02-27T03:00:40.464+0000] {logging_mixin.py:190} INFO - [2025-02-27T03:00:40.463+0000] {dag.py:3239} INFO - Sync 1 DAGs
[2025-02-27T03:00:40.544+0000] {logging_mixin.py:190} INFO - [2025-02-27T03:00:40.544+0000] {dag.py:4180} INFO - Setting next_dagrun for example_bash_operator to 2025-02-26 00:00:00+00:00, run_after=2025-02-27 00:00:00+00:00
[2025-02-27T03:00:40.604+0000] {processor.py:208} INFO - Processing /home/airflow/.local/lib/python3.12/site-packages/airflow/example_dags/example_bash_operator.py took 0.446 seconds
[2025-02-27T03:01:11.825+0000] {processor.py:186} INFO - Started process (PID=936) to work on /home/airflow/.local/lib/python3.12/site-packages/airflow/example_dags/example_bash_operator.py
[2025-02-27T03:01:11.827+0000] {processor.py:914} INFO - Processing file /home/airflow/.local/lib/python3.12/site-packages/airflow/example_dags/example_bash_operator.py for tasks to queue
[2025-02-27T03:01:11.833+0000] {logging_mixin.py:190} INFO - [2025-02-27T03:01:11.832+0000] {dagbag.py:588} INFO - Filling up the DagBag from /home/airflow/.local/lib/python3.12/site-packages/airflow/example_dags/example_bash_operator.py
[2025-02-27T03:01:11.868+0000] {processor.py:925} INFO - DAG(s) 'example_bash_operator' retrieved from /home/airflow/.local/lib/python3.12/site-packages/airflow/example_dags/example_bash_operator.py
[2025-02-27T03:01:12.148+0000] {logging_mixin.py:190} INFO - [2025-02-27T03:01:12.147+0000] {dag.py:3239} INFO - Sync 1 DAGs
[2025-02-27T03:01:12.226+0000] {logging_mixin.py:190} INFO - [2025-02-27T03:01:12.225+0000] {dag.py:4180} INFO - Setting next_dagrun for example_bash_operator to 2025-02-26 00:00:00+00:00, run_after=2025-02-27 00:00:00+00:00
[2025-02-27T03:01:12.296+0000] {processor.py:208} INFO - Processing /home/airflow/.local/lib/python3.12/site-packages/airflow/example_dags/example_bash_operator.py took 0.483 seconds
[2025-02-27T03:01:42.481+0000] {processor.py:186} INFO - Started process (PID=998) to work on /home/airflow/.local/lib/python3.12/site-packages/airflow/example_dags/example_bash_operator.py
[2025-02-27T03:01:42.483+0000] {processor.py:914} INFO - Processing file /home/airflow/.local/lib/python3.12/site-packages/airflow/example_dags/example_bash_operator.py for tasks to queue
[2025-02-27T03:01:42.491+0000] {logging_mixin.py:190} INFO - [2025-02-27T03:01:42.489+0000] {dagbag.py:588} INFO - Filling up the DagBag from /home/airflow/.local/lib/python3.12/site-packages/airflow/example_dags/example_bash_operator.py
[2025-02-27T03:01:42.517+0000] {processor.py:925} INFO - DAG(s) 'example_bash_operator' retrieved from /home/airflow/.local/lib/python3.12/site-packages/airflow/example_dags/example_bash_operator.py
[2025-02-27T03:01:42.681+0000] {logging_mixin.py:190} INFO - [2025-02-27T03:01:42.681+0000] {dag.py:3239} INFO - Sync 1 DAGs
[2025-02-27T03:01:42.752+0000] {logging_mixin.py:190} INFO - [2025-02-27T03:01:42.751+0000] {dag.py:4180} INFO - Setting next_dagrun for example_bash_operator to 2025-02-26 00:00:00+00:00, run_after=2025-02-27 00:00:00+00:00
[2025-02-27T03:01:42.820+0000] {processor.py:208} INFO - Processing /home/airflow/.local/lib/python3.12/site-packages/airflow/example_dags/example_bash_operator.py took 0.351 seconds
[2025-02-27T03:02:14.283+0000] {processor.py:186} INFO - Started process (PID=1061) to work on /home/airflow/.local/lib/python3.12/site-packages/airflow/example_dags/example_bash_operator.py
[2025-02-27T03:02:14.287+0000] {processor.py:914} INFO - Processing file /home/airflow/.local/lib/python3.12/site-packages/airflow/example_dags/example_bash_operator.py for tasks to queue
[2025-02-27T03:02:14.294+0000] {logging_mixin.py:190} INFO - [2025-02-27T03:02:14.293+0000] {dagbag.py:588} INFO - Filling up the DagBag from /home/airflow/.local/lib/python3.12/site-packages/airflow/example_dags/example_bash_operator.py
[2025-02-27T03:02:14.319+0000] {processor.py:925} INFO - DAG(s) 'example_bash_operator' retrieved from /home/airflow/.local/lib/python3.12/site-packages/airflow/example_dags/example_bash_operator.py
[2025-02-27T03:02:14.536+0000] {logging_mixin.py:190} INFO - [2025-02-27T03:02:14.535+0000] {dag.py:3239} INFO - Sync 1 DAGs
[2025-02-27T03:02:14.657+0000] {logging_mixin.py:190} INFO - [2025-02-27T03:02:14.657+0000] {dag.py:4180} INFO - Setting next_dagrun for example_bash_operator to 2025-02-26 00:00:00+00:00, run_after=2025-02-27 00:00:00+00:00
[2025-02-27T03:02:14.743+0000] {processor.py:208} INFO - Processing /home/airflow/.local/lib/python3.12/site-packages/airflow/example_dags/example_bash_operator.py took 0.474 seconds
[2025-02-27T03:02:48.612+0000] {processor.py:186} INFO - Started process (PID=1131) to work on /home/airflow/.local/lib/python3.12/site-packages/airflow/example_dags/example_bash_operator.py
[2025-02-27T03:02:48.614+0000] {processor.py:914} INFO - Processing file /home/airflow/.local/lib/python3.12/site-packages/airflow/example_dags/example_bash_operator.py for tasks to queue
[2025-02-27T03:02:48.627+0000] {logging_mixin.py:190} INFO - [2025-02-27T03:02:48.627+0000] {dagbag.py:588} INFO - Filling up the DagBag from /home/airflow/.local/lib/python3.12/site-packages/airflow/example_dags/example_bash_operator.py
[2025-02-27T03:02:48.656+0000] {processor.py:925} INFO - DAG(s) 'example_bash_operator' retrieved from /home/airflow/.local/lib/python3.12/site-packages/airflow/example_dags/example_bash_operator.py
[2025-02-27T03:02:48.843+0000] {logging_mixin.py:190} INFO - [2025-02-27T03:02:48.842+0000] {dag.py:3239} INFO - Sync 1 DAGs
[2025-02-27T03:02:48.954+0000] {logging_mixin.py:190} INFO - [2025-02-27T03:02:48.954+0000] {dag.py:4180} INFO - Setting next_dagrun for example_bash_operator to 2025-02-26 00:00:00+00:00, run_after=2025-02-27 00:00:00+00:00
[2025-02-27T03:02:49.073+0000] {processor.py:208} INFO - Processing /home/airflow/.local/lib/python3.12/site-packages/airflow/example_dags/example_bash_operator.py took 0.471 seconds
[2025-02-27T03:03:20.089+0000] {processor.py:186} INFO - Started process (PID=1195) to work on /home/airflow/.local/lib/python3.12/site-packages/airflow/example_dags/example_bash_operator.py
[2025-02-27T03:03:20.095+0000] {processor.py:914} INFO - Processing file /home/airflow/.local/lib/python3.12/site-packages/airflow/example_dags/example_bash_operator.py for tasks to queue
[2025-02-27T03:03:20.104+0000] {logging_mixin.py:190} INFO - [2025-02-27T03:03:20.103+0000] {dagbag.py:588} INFO - Filling up the DagBag from /home/airflow/.local/lib/python3.12/site-packages/airflow/example_dags/example_bash_operator.py
[2025-02-27T03:03:20.162+0000] {processor.py:925} INFO - DAG(s) 'example_bash_operator' retrieved from /home/airflow/.local/lib/python3.12/site-packages/airflow/example_dags/example_bash_operator.py
[2025-02-27T03:03:20.358+0000] {logging_mixin.py:190} INFO - [2025-02-27T03:03:20.357+0000] {dag.py:3239} INFO - Sync 1 DAGs
[2025-02-27T03:03:20.443+0000] {logging_mixin.py:190} INFO - [2025-02-27T03:03:20.443+0000] {dag.py:4180} INFO - Setting next_dagrun for example_bash_operator to 2025-02-26 00:00:00+00:00, run_after=2025-02-27 00:00:00+00:00
[2025-02-27T03:03:20.497+0000] {processor.py:208} INFO - Processing /home/airflow/.local/lib/python3.12/site-packages/airflow/example_dags/example_bash_operator.py took 0.429 seconds
[2025-02-27T03:03:53.022+0000] {processor.py:186} INFO - Started process (PID=1259) to work on /home/airflow/.local/lib/python3.12/site-packages/airflow/example_dags/example_bash_operator.py
[2025-02-27T03:03:53.025+0000] {processor.py:914} INFO - Processing file /home/airflow/.local/lib/python3.12/site-packages/airflow/example_dags/example_bash_operator.py for tasks to queue
[2025-02-27T03:03:53.032+0000] {logging_mixin.py:190} INFO - [2025-02-27T03:03:53.031+0000] {dagbag.py:588} INFO - Filling up the DagBag from /home/airflow/.local/lib/python3.12/site-packages/airflow/example_dags/example_bash_operator.py
[2025-02-27T03:03:53.063+0000] {processor.py:925} INFO - DAG(s) 'example_bash_operator' retrieved from /home/airflow/.local/lib/python3.12/site-packages/airflow/example_dags/example_bash_operator.py
[2025-02-27T03:03:53.243+0000] {logging_mixin.py:190} INFO - [2025-02-27T03:03:53.243+0000] {dag.py:3239} INFO - Sync 1 DAGs
[2025-02-27T03:03:53.312+0000] {logging_mixin.py:190} INFO - [2025-02-27T03:03:53.311+0000] {dag.py:4180} INFO - Setting next_dagrun for example_bash_operator to 2025-02-26 00:00:00+00:00, run_after=2025-02-27 00:00:00+00:00
[2025-02-27T03:03:53.392+0000] {processor.py:208} INFO - Processing /home/airflow/.local/lib/python3.12/site-packages/airflow/example_dags/example_bash_operator.py took 0.386 seconds
[2025-02-27T03:04:23.978+0000] {processor.py:186} INFO - Started process (PID=1322) to work on /home/airflow/.local/lib/python3.12/site-packages/airflow/example_dags/example_bash_operator.py
[2025-02-27T03:04:23.980+0000] {processor.py:914} INFO - Processing file /home/airflow/.local/lib/python3.12/site-packages/airflow/example_dags/example_bash_operator.py for tasks to queue
[2025-02-27T03:04:23.984+0000] {logging_mixin.py:190} INFO - [2025-02-27T03:04:23.984+0000] {dagbag.py:588} INFO - Filling up the DagBag from /home/airflow/.local/lib/python3.12/site-packages/airflow/example_dags/example_bash_operator.py
[2025-02-27T03:04:24.011+0000] {processor.py:925} INFO - DAG(s) 'example_bash_operator' retrieved from /home/airflow/.local/lib/python3.12/site-packages/airflow/example_dags/example_bash_operator.py
[2025-02-27T03:04:24.190+0000] {logging_mixin.py:190} INFO - [2025-02-27T03:04:24.190+0000] {dag.py:3239} INFO - Sync 1 DAGs
[2025-02-27T03:04:24.262+0000] {logging_mixin.py:190} INFO - [2025-02-27T03:04:24.262+0000] {dag.py:4180} INFO - Setting next_dagrun for example_bash_operator to 2025-02-26 00:00:00+00:00, run_after=2025-02-27 00:00:00+00:00
[2025-02-27T03:04:24.326+0000] {processor.py:208} INFO - Processing /home/airflow/.local/lib/python3.12/site-packages/airflow/example_dags/example_bash_operator.py took 0.359 seconds
[2025-02-27T03:04:55.933+0000] {processor.py:186} INFO - Started process (PID=1385) to work on /home/airflow/.local/lib/python3.12/site-packages/airflow/example_dags/example_bash_operator.py
[2025-02-27T03:04:55.935+0000] {processor.py:914} INFO - Processing file /home/airflow/.local/lib/python3.12/site-packages/airflow/example_dags/example_bash_operator.py for tasks to queue
[2025-02-27T03:04:55.950+0000] {logging_mixin.py:190} INFO - [2025-02-27T03:04:55.940+0000] {dagbag.py:588} INFO - Filling up the DagBag from /home/airflow/.local/lib/python3.12/site-packages/airflow/example_dags/example_bash_operator.py
[2025-02-27T03:04:56.016+0000] {processor.py:925} INFO - DAG(s) 'example_bash_operator' retrieved from /home/airflow/.local/lib/python3.12/site-packages/airflow/example_dags/example_bash_operator.py
[2025-02-27T03:04:56.361+0000] {logging_mixin.py:190} INFO - [2025-02-27T03:04:56.361+0000] {dag.py:3239} INFO - Sync 1 DAGs
[2025-02-27T03:04:56.514+0000] {logging_mixin.py:190} INFO - [2025-02-27T03:04:56.513+0000] {dag.py:4180} INFO - Setting next_dagrun for example_bash_operator to 2025-02-26 00:00:00+00:00, run_after=2025-02-27 00:00:00+00:00
[2025-02-27T03:04:56.618+0000] {processor.py:208} INFO - Processing /home/airflow/.local/lib/python3.12/site-packages/airflow/example_dags/example_bash_operator.py took 0.712 seconds
[2025-02-27T03:05:27.321+0000] {processor.py:186} INFO - Started process (PID=1448) to work on /home/airflow/.local/lib/python3.12/site-packages/airflow/example_dags/example_bash_operator.py
[2025-02-27T03:05:27.323+0000] {processor.py:914} INFO - Processing file /home/airflow/.local/lib/python3.12/site-packages/airflow/example_dags/example_bash_operator.py for tasks to queue
[2025-02-27T03:05:27.328+0000] {logging_mixin.py:190} INFO - [2025-02-27T03:05:27.327+0000] {dagbag.py:588} INFO - Filling up the DagBag from /home/airflow/.local/lib/python3.12/site-packages/airflow/example_dags/example_bash_operator.py
[2025-02-27T03:05:27.351+0000] {processor.py:925} INFO - DAG(s) 'example_bash_operator' retrieved from /home/airflow/.local/lib/python3.12/site-packages/airflow/example_dags/example_bash_operator.py
[2025-02-27T03:05:27.539+0000] {logging_mixin.py:190} INFO - [2025-02-27T03:05:27.539+0000] {dag.py:3239} INFO - Sync 1 DAGs
[2025-02-27T03:05:27.615+0000] {logging_mixin.py:190} INFO - [2025-02-27T03:05:27.614+0000] {dag.py:4180} INFO - Setting next_dagrun for example_bash_operator to 2025-02-26 00:00:00+00:00, run_after=2025-02-27 00:00:00+00:00
[2025-02-27T03:05:27.684+0000] {processor.py:208} INFO - Processing /home/airflow/.local/lib/python3.12/site-packages/airflow/example_dags/example_bash_operator.py took 0.375 seconds
[2025-02-27T03:05:59.564+0000] {processor.py:186} INFO - Started process (PID=1512) to work on /home/airflow/.local/lib/python3.12/site-packages/airflow/example_dags/example_bash_operator.py
[2025-02-27T03:05:59.565+0000] {processor.py:914} INFO - Processing file /home/airflow/.local/lib/python3.12/site-packages/airflow/example_dags/example_bash_operator.py for tasks to queue
[2025-02-27T03:05:59.569+0000] {logging_mixin.py:190} INFO - [2025-02-27T03:05:59.568+0000] {dagbag.py:588} INFO - Filling up the DagBag from /home/airflow/.local/lib/python3.12/site-packages/airflow/example_dags/example_bash_operator.py
[2025-02-27T03:05:59.593+0000] {processor.py:925} INFO - DAG(s) 'example_bash_operator' retrieved from /home/airflow/.local/lib/python3.12/site-packages/airflow/example_dags/example_bash_operator.py
[2025-02-27T03:05:59.773+0000] {logging_mixin.py:190} INFO - [2025-02-27T03:05:59.772+0000] {dag.py:3239} INFO - Sync 1 DAGs
[2025-02-27T03:05:59.863+0000] {logging_mixin.py:190} INFO - [2025-02-27T03:05:59.863+0000] {dag.py:4180} INFO - Setting next_dagrun for example_bash_operator to 2025-02-26 00:00:00+00:00, run_after=2025-02-27 00:00:00+00:00
[2025-02-27T03:05:59.949+0000] {processor.py:208} INFO - Processing /home/airflow/.local/lib/python3.12/site-packages/airflow/example_dags/example_bash_operator.py took 0.395 seconds
[2025-02-27T03:06:31.500+0000] {processor.py:186} INFO - Started process (PID=1575) to work on /home/airflow/.local/lib/python3.12/site-packages/airflow/example_dags/example_bash_operator.py
[2025-02-27T03:06:31.506+0000] {processor.py:914} INFO - Processing file /home/airflow/.local/lib/python3.12/site-packages/airflow/example_dags/example_bash_operator.py for tasks to queue
[2025-02-27T03:06:31.517+0000] {logging_mixin.py:190} INFO - [2025-02-27T03:06:31.515+0000] {dagbag.py:588} INFO - Filling up the DagBag from /home/airflow/.local/lib/python3.12/site-packages/airflow/example_dags/example_bash_operator.py
[2025-02-27T03:06:31.551+0000] {processor.py:925} INFO - DAG(s) 'example_bash_operator' retrieved from /home/airflow/.local/lib/python3.12/site-packages/airflow/example_dags/example_bash_operator.py
[2025-02-27T03:06:31.986+0000] {logging_mixin.py:190} INFO - [2025-02-27T03:06:31.985+0000] {dag.py:3239} INFO - Sync 1 DAGs
[2025-02-27T03:06:32.113+0000] {logging_mixin.py:190} INFO - [2025-02-27T03:06:32.111+0000] {dag.py:4180} INFO - Setting next_dagrun for example_bash_operator to 2025-02-26 00:00:00+00:00, run_after=2025-02-27 00:00:00+00:00
[2025-02-27T03:06:32.221+0000] {processor.py:208} INFO - Processing /home/airflow/.local/lib/python3.12/site-packages/airflow/example_dags/example_bash_operator.py took 0.737 seconds
[2025-02-27T03:07:02.351+0000] {processor.py:186} INFO - Started process (PID=1638) to work on /home/airflow/.local/lib/python3.12/site-packages/airflow/example_dags/example_bash_operator.py
[2025-02-27T03:07:02.353+0000] {processor.py:914} INFO - Processing file /home/airflow/.local/lib/python3.12/site-packages/airflow/example_dags/example_bash_operator.py for tasks to queue
[2025-02-27T03:07:02.357+0000] {logging_mixin.py:190} INFO - [2025-02-27T03:07:02.356+0000] {dagbag.py:588} INFO - Filling up the DagBag from /home/airflow/.local/lib/python3.12/site-packages/airflow/example_dags/example_bash_operator.py
[2025-02-27T03:07:02.376+0000] {processor.py:925} INFO - DAG(s) 'example_bash_operator' retrieved from /home/airflow/.local/lib/python3.12/site-packages/airflow/example_dags/example_bash_operator.py
[2025-02-27T03:07:02.582+0000] {logging_mixin.py:190} INFO - [2025-02-27T03:07:02.582+0000] {dag.py:3239} INFO - Sync 1 DAGs
[2025-02-27T03:07:02.661+0000] {logging_mixin.py:190} INFO - [2025-02-27T03:07:02.661+0000] {dag.py:4180} INFO - Setting next_dagrun for example_bash_operator to 2025-02-26 00:00:00+00:00, run_after=2025-02-27 00:00:00+00:00
[2025-02-27T03:07:02.724+0000] {processor.py:208} INFO - Processing /home/airflow/.local/lib/python3.12/site-packages/airflow/example_dags/example_bash_operator.py took 0.380 seconds
[2025-02-27T03:07:33.632+0000] {processor.py:186} INFO - Started process (PID=1700) to work on /home/airflow/.local/lib/python3.12/site-packages/airflow/example_dags/example_bash_operator.py
[2025-02-27T03:07:33.633+0000] {processor.py:914} INFO - Processing file /home/airflow/.local/lib/python3.12/site-packages/airflow/example_dags/example_bash_operator.py for tasks to queue
[2025-02-27T03:07:33.637+0000] {logging_mixin.py:190} INFO - [2025-02-27T03:07:33.637+0000] {dagbag.py:588} INFO - Filling up the DagBag from /home/airflow/.local/lib/python3.12/site-packages/airflow/example_dags/example_bash_operator.py
[2025-02-27T03:07:33.661+0000] {processor.py:925} INFO - DAG(s) 'example_bash_operator' retrieved from /home/airflow/.local/lib/python3.12/site-packages/airflow/example_dags/example_bash_operator.py
[2025-02-27T03:07:33.834+0000] {logging_mixin.py:190} INFO - [2025-02-27T03:07:33.834+0000] {dag.py:3239} INFO - Sync 1 DAGs
[2025-02-27T03:07:33.924+0000] {logging_mixin.py:190} INFO - [2025-02-27T03:07:33.923+0000] {dag.py:4180} INFO - Setting next_dagrun for example_bash_operator to 2025-02-26 00:00:00+00:00, run_after=2025-02-27 00:00:00+00:00
[2025-02-27T03:07:33.978+0000] {processor.py:208} INFO - Processing /home/airflow/.local/lib/python3.12/site-packages/airflow/example_dags/example_bash_operator.py took 0.358 seconds
[2025-02-27T03:08:04.842+0000] {processor.py:186} INFO - Started process (PID=1763) to work on /home/airflow/.local/lib/python3.12/site-packages/airflow/example_dags/example_bash_operator.py
[2025-02-27T03:08:04.843+0000] {processor.py:914} INFO - Processing file /home/airflow/.local/lib/python3.12/site-packages/airflow/example_dags/example_bash_operator.py for tasks to queue
[2025-02-27T03:08:04.848+0000] {logging_mixin.py:190} INFO - [2025-02-27T03:08:04.847+0000] {dagbag.py:588} INFO - Filling up the DagBag from /home/airflow/.local/lib/python3.12/site-packages/airflow/example_dags/example_bash_operator.py
[2025-02-27T03:08:04.884+0000] {processor.py:925} INFO - DAG(s) 'example_bash_operator' retrieved from /home/airflow/.local/lib/python3.12/site-packages/airflow/example_dags/example_bash_operator.py
[2025-02-27T03:08:05.162+0000] {logging_mixin.py:190} INFO - [2025-02-27T03:08:05.161+0000] {dag.py:3239} INFO - Sync 1 DAGs
[2025-02-27T03:08:05.248+0000] {logging_mixin.py:190} INFO - [2025-02-27T03:08:05.247+0000] {dag.py:4180} INFO - Setting next_dagrun for example_bash_operator to 2025-02-26 00:00:00+00:00, run_after=2025-02-27 00:00:00+00:00
[2025-02-27T03:08:05.327+0000] {processor.py:208} INFO - Processing /home/airflow/.local/lib/python3.12/site-packages/airflow/example_dags/example_bash_operator.py took 0.496 seconds
[2025-02-27T03:08:35.460+0000] {processor.py:186} INFO - Started process (PID=1826) to work on /home/airflow/.local/lib/python3.12/site-packages/airflow/example_dags/example_bash_operator.py
[2025-02-27T03:08:35.462+0000] {processor.py:914} INFO - Processing file /home/airflow/.local/lib/python3.12/site-packages/airflow/example_dags/example_bash_operator.py for tasks to queue
[2025-02-27T03:08:35.466+0000] {logging_mixin.py:190} INFO - [2025-02-27T03:08:35.465+0000] {dagbag.py:588} INFO - Filling up the DagBag from /home/airflow/.local/lib/python3.12/site-packages/airflow/example_dags/example_bash_operator.py
[2025-02-27T03:08:35.487+0000] {processor.py:925} INFO - DAG(s) 'example_bash_operator' retrieved from /home/airflow/.local/lib/python3.12/site-packages/airflow/example_dags/example_bash_operator.py
[2025-02-27T03:08:35.655+0000] {logging_mixin.py:190} INFO - [2025-02-27T03:08:35.654+0000] {dag.py:3239} INFO - Sync 1 DAGs
[2025-02-27T03:08:35.742+0000] {logging_mixin.py:190} INFO - [2025-02-27T03:08:35.741+0000] {dag.py:4180} INFO - Setting next_dagrun for example_bash_operator to 2025-02-26 00:00:00+00:00, run_after=2025-02-27 00:00:00+00:00
[2025-02-27T03:08:35.812+0000] {processor.py:208} INFO - Processing /home/airflow/.local/lib/python3.12/site-packages/airflow/example_dags/example_bash_operator.py took 0.360 seconds
[2025-02-27T03:09:07.412+0000] {processor.py:186} INFO - Started process (PID=1889) to work on /home/airflow/.local/lib/python3.12/site-packages/airflow/example_dags/example_bash_operator.py
[2025-02-27T03:09:07.414+0000] {processor.py:914} INFO - Processing file /home/airflow/.local/lib/python3.12/site-packages/airflow/example_dags/example_bash_operator.py for tasks to queue
[2025-02-27T03:09:07.421+0000] {logging_mixin.py:190} INFO - [2025-02-27T03:09:07.418+0000] {dagbag.py:588} INFO - Filling up the DagBag from /home/airflow/.local/lib/python3.12/site-packages/airflow/example_dags/example_bash_operator.py
[2025-02-27T03:09:07.457+0000] {processor.py:925} INFO - DAG(s) 'example_bash_operator' retrieved from /home/airflow/.local/lib/python3.12/site-packages/airflow/example_dags/example_bash_operator.py
[2025-02-27T03:09:07.636+0000] {logging_mixin.py:190} INFO - [2025-02-27T03:09:07.636+0000] {dag.py:3239} INFO - Sync 1 DAGs
[2025-02-27T03:09:07.721+0000] {logging_mixin.py:190} INFO - [2025-02-27T03:09:07.721+0000] {dag.py:4180} INFO - Setting next_dagrun for example_bash_operator to 2025-02-26 00:00:00+00:00, run_after=2025-02-27 00:00:00+00:00
[2025-02-27T03:09:07.774+0000] {processor.py:208} INFO - Processing /home/airflow/.local/lib/python3.12/site-packages/airflow/example_dags/example_bash_operator.py took 0.372 seconds
[2025-02-27T03:09:38.830+0000] {processor.py:186} INFO - Started process (PID=1951) to work on /home/airflow/.local/lib/python3.12/site-packages/airflow/example_dags/example_bash_operator.py
[2025-02-27T03:09:38.832+0000] {processor.py:914} INFO - Processing file /home/airflow/.local/lib/python3.12/site-packages/airflow/example_dags/example_bash_operator.py for tasks to queue
[2025-02-27T03:09:38.837+0000] {logging_mixin.py:190} INFO - [2025-02-27T03:09:38.836+0000] {dagbag.py:588} INFO - Filling up the DagBag from /home/airflow/.local/lib/python3.12/site-packages/airflow/example_dags/example_bash_operator.py
[2025-02-27T03:09:38.862+0000] {processor.py:925} INFO - DAG(s) 'example_bash_operator' retrieved from /home/airflow/.local/lib/python3.12/site-packages/airflow/example_dags/example_bash_operator.py
[2025-02-27T03:09:39.030+0000] {logging_mixin.py:190} INFO - [2025-02-27T03:09:39.029+0000] {dag.py:3239} INFO - Sync 1 DAGs
[2025-02-27T03:09:39.107+0000] {logging_mixin.py:190} INFO - [2025-02-27T03:09:39.106+0000] {dag.py:4180} INFO - Setting next_dagrun for example_bash_operator to 2025-02-26 00:00:00+00:00, run_after=2025-02-27 00:00:00+00:00
[2025-02-27T03:09:39.156+0000] {processor.py:208} INFO - Processing /home/airflow/.local/lib/python3.12/site-packages/airflow/example_dags/example_bash_operator.py took 0.334 seconds
[2025-02-27T03:10:09.572+0000] {processor.py:186} INFO - Started process (PID=2014) to work on /home/airflow/.local/lib/python3.12/site-packages/airflow/example_dags/example_bash_operator.py
[2025-02-27T03:10:09.574+0000] {processor.py:914} INFO - Processing file /home/airflow/.local/lib/python3.12/site-packages/airflow/example_dags/example_bash_operator.py for tasks to queue
[2025-02-27T03:10:09.578+0000] {logging_mixin.py:190} INFO - [2025-02-27T03:10:09.577+0000] {dagbag.py:588} INFO - Filling up the DagBag from /home/airflow/.local/lib/python3.12/site-packages/airflow/example_dags/example_bash_operator.py
[2025-02-27T03:10:09.611+0000] {processor.py:925} INFO - DAG(s) 'example_bash_operator' retrieved from /home/airflow/.local/lib/python3.12/site-packages/airflow/example_dags/example_bash_operator.py
[2025-02-27T03:10:09.743+0000] {logging_mixin.py:190} INFO - [2025-02-27T03:10:09.742+0000] {dag.py:3239} INFO - Sync 1 DAGs
[2025-02-27T03:10:09.797+0000] {logging_mixin.py:190} INFO - [2025-02-27T03:10:09.797+0000] {dag.py:4180} INFO - Setting next_dagrun for example_bash_operator to 2025-02-26 00:00:00+00:00, run_after=2025-02-27 00:00:00+00:00
[2025-02-27T03:10:09.845+0000] {processor.py:208} INFO - Processing /home/airflow/.local/lib/python3.12/site-packages/airflow/example_dags/example_bash_operator.py took 0.280 seconds
[2025-02-27T03:10:40.942+0000] {processor.py:186} INFO - Started process (PID=2077) to work on /home/airflow/.local/lib/python3.12/site-packages/airflow/example_dags/example_bash_operator.py
[2025-02-27T03:10:40.944+0000] {processor.py:914} INFO - Processing file /home/airflow/.local/lib/python3.12/site-packages/airflow/example_dags/example_bash_operator.py for tasks to queue
[2025-02-27T03:10:40.947+0000] {logging_mixin.py:190} INFO - [2025-02-27T03:10:40.946+0000] {dagbag.py:588} INFO - Filling up the DagBag from /home/airflow/.local/lib/python3.12/site-packages/airflow/example_dags/example_bash_operator.py
[2025-02-27T03:10:40.965+0000] {processor.py:925} INFO - DAG(s) 'example_bash_operator' retrieved from /home/airflow/.local/lib/python3.12/site-packages/airflow/example_dags/example_bash_operator.py
[2025-02-27T03:10:41.192+0000] {logging_mixin.py:190} INFO - [2025-02-27T03:10:41.191+0000] {dag.py:3239} INFO - Sync 1 DAGs
[2025-02-27T03:10:41.306+0000] {logging_mixin.py:190} INFO - [2025-02-27T03:10:41.306+0000] {dag.py:4180} INFO - Setting next_dagrun for example_bash_operator to 2025-02-26 00:00:00+00:00, run_after=2025-02-27 00:00:00+00:00
[2025-02-27T03:10:41.376+0000] {processor.py:208} INFO - Processing /home/airflow/.local/lib/python3.12/site-packages/airflow/example_dags/example_bash_operator.py took 0.442 seconds
[2025-02-27T03:11:12.491+0000] {processor.py:186} INFO - Started process (PID=2140) to work on /home/airflow/.local/lib/python3.12/site-packages/airflow/example_dags/example_bash_operator.py
[2025-02-27T03:11:12.493+0000] {processor.py:914} INFO - Processing file /home/airflow/.local/lib/python3.12/site-packages/airflow/example_dags/example_bash_operator.py for tasks to queue
[2025-02-27T03:11:12.498+0000] {logging_mixin.py:190} INFO - [2025-02-27T03:11:12.497+0000] {dagbag.py:588} INFO - Filling up the DagBag from /home/airflow/.local/lib/python3.12/site-packages/airflow/example_dags/example_bash_operator.py
[2025-02-27T03:11:12.521+0000] {processor.py:925} INFO - DAG(s) 'example_bash_operator' retrieved from /home/airflow/.local/lib/python3.12/site-packages/airflow/example_dags/example_bash_operator.py
[2025-02-27T03:11:12.665+0000] {logging_mixin.py:190} INFO - [2025-02-27T03:11:12.664+0000] {dag.py:3239} INFO - Sync 1 DAGs
[2025-02-27T03:11:12.719+0000] {logging_mixin.py:190} INFO - [2025-02-27T03:11:12.719+0000] {dag.py:4180} INFO - Setting next_dagrun for example_bash_operator to 2025-02-26 00:00:00+00:00, run_after=2025-02-27 00:00:00+00:00
[2025-02-27T03:11:12.777+0000] {processor.py:208} INFO - Processing /home/airflow/.local/lib/python3.12/site-packages/airflow/example_dags/example_bash_operator.py took 0.305 seconds
[2025-02-27T03:11:42.947+0000] {processor.py:186} INFO - Started process (PID=2202) to work on /home/airflow/.local/lib/python3.12/site-packages/airflow/example_dags/example_bash_operator.py
[2025-02-27T03:11:42.948+0000] {processor.py:914} INFO - Processing file /home/airflow/.local/lib/python3.12/site-packages/airflow/example_dags/example_bash_operator.py for tasks to queue
[2025-02-27T03:11:42.952+0000] {logging_mixin.py:190} INFO - [2025-02-27T03:11:42.951+0000] {dagbag.py:588} INFO - Filling up the DagBag from /home/airflow/.local/lib/python3.12/site-packages/airflow/example_dags/example_bash_operator.py
[2025-02-27T03:11:42.971+0000] {processor.py:925} INFO - DAG(s) 'example_bash_operator' retrieved from /home/airflow/.local/lib/python3.12/site-packages/airflow/example_dags/example_bash_operator.py
[2025-02-27T03:11:43.125+0000] {logging_mixin.py:190} INFO - [2025-02-27T03:11:43.124+0000] {dag.py:3239} INFO - Sync 1 DAGs
[2025-02-27T03:11:43.189+0000] {logging_mixin.py:190} INFO - [2025-02-27T03:11:43.188+0000] {dag.py:4180} INFO - Setting next_dagrun for example_bash_operator to 2025-02-26 00:00:00+00:00, run_after=2025-02-27 00:00:00+00:00
[2025-02-27T03:11:43.250+0000] {processor.py:208} INFO - Processing /home/airflow/.local/lib/python3.12/site-packages/airflow/example_dags/example_bash_operator.py took 0.311 seconds
[2025-02-27T03:12:13.946+0000] {processor.py:186} INFO - Started process (PID=2265) to work on /home/airflow/.local/lib/python3.12/site-packages/airflow/example_dags/example_bash_operator.py
[2025-02-27T03:12:13.948+0000] {processor.py:914} INFO - Processing file /home/airflow/.local/lib/python3.12/site-packages/airflow/example_dags/example_bash_operator.py for tasks to queue
[2025-02-27T03:12:13.952+0000] {logging_mixin.py:190} INFO - [2025-02-27T03:12:13.952+0000] {dagbag.py:588} INFO - Filling up the DagBag from /home/airflow/.local/lib/python3.12/site-packages/airflow/example_dags/example_bash_operator.py
[2025-02-27T03:12:13.976+0000] {processor.py:925} INFO - DAG(s) 'example_bash_operator' retrieved from /home/airflow/.local/lib/python3.12/site-packages/airflow/example_dags/example_bash_operator.py
[2025-02-27T03:12:14.132+0000] {logging_mixin.py:190} INFO - [2025-02-27T03:12:14.131+0000] {dag.py:3239} INFO - Sync 1 DAGs
[2025-02-27T03:12:14.204+0000] {logging_mixin.py:190} INFO - [2025-02-27T03:12:14.203+0000] {dag.py:4180} INFO - Setting next_dagrun for example_bash_operator to 2025-02-26 00:00:00+00:00, run_after=2025-02-27 00:00:00+00:00
[2025-02-27T03:12:14.284+0000] {processor.py:208} INFO - Processing /home/airflow/.local/lib/python3.12/site-packages/airflow/example_dags/example_bash_operator.py took 0.349 seconds
[2025-02-27T03:12:44.802+0000] {processor.py:186} INFO - Started process (PID=2327) to work on /home/airflow/.local/lib/python3.12/site-packages/airflow/example_dags/example_bash_operator.py
[2025-02-27T03:12:44.804+0000] {processor.py:914} INFO - Processing file /home/airflow/.local/lib/python3.12/site-packages/airflow/example_dags/example_bash_operator.py for tasks to queue
[2025-02-27T03:12:44.807+0000] {logging_mixin.py:190} INFO - [2025-02-27T03:12:44.807+0000] {dagbag.py:588} INFO - Filling up the DagBag from /home/airflow/.local/lib/python3.12/site-packages/airflow/example_dags/example_bash_operator.py
[2025-02-27T03:12:44.834+0000] {processor.py:925} INFO - DAG(s) 'example_bash_operator' retrieved from /home/airflow/.local/lib/python3.12/site-packages/airflow/example_dags/example_bash_operator.py
[2025-02-27T03:12:44.992+0000] {logging_mixin.py:190} INFO - [2025-02-27T03:12:44.991+0000] {dag.py:3239} INFO - Sync 1 DAGs
[2025-02-27T03:12:45.057+0000] {logging_mixin.py:190} INFO - [2025-02-27T03:12:45.057+0000] {dag.py:4180} INFO - Setting next_dagrun for example_bash_operator to 2025-02-26 00:00:00+00:00, run_after=2025-02-27 00:00:00+00:00
[2025-02-27T03:12:45.121+0000] {processor.py:208} INFO - Processing /home/airflow/.local/lib/python3.12/site-packages/airflow/example_dags/example_bash_operator.py took 0.328 seconds
[2025-02-27T03:13:15.208+0000] {processor.py:186} INFO - Started process (PID=2390) to work on /home/airflow/.local/lib/python3.12/site-packages/airflow/example_dags/example_bash_operator.py
[2025-02-27T03:13:15.209+0000] {processor.py:914} INFO - Processing file /home/airflow/.local/lib/python3.12/site-packages/airflow/example_dags/example_bash_operator.py for tasks to queue
[2025-02-27T03:13:15.212+0000] {logging_mixin.py:190} INFO - [2025-02-27T03:13:15.212+0000] {dagbag.py:588} INFO - Filling up the DagBag from /home/airflow/.local/lib/python3.12/site-packages/airflow/example_dags/example_bash_operator.py
[2025-02-27T03:13:15.232+0000] {processor.py:925} INFO - DAG(s) 'example_bash_operator' retrieved from /home/airflow/.local/lib/python3.12/site-packages/airflow/example_dags/example_bash_operator.py
[2025-02-27T03:13:15.379+0000] {logging_mixin.py:190} INFO - [2025-02-27T03:13:15.379+0000] {dag.py:3239} INFO - Sync 1 DAGs
[2025-02-27T03:13:15.439+0000] {logging_mixin.py:190} INFO - [2025-02-27T03:13:15.439+0000] {dag.py:4180} INFO - Setting next_dagrun for example_bash_operator to 2025-02-26 00:00:00+00:00, run_after=2025-02-27 00:00:00+00:00
[2025-02-27T03:13:15.503+0000] {processor.py:208} INFO - Processing /home/airflow/.local/lib/python3.12/site-packages/airflow/example_dags/example_bash_operator.py took 0.303 seconds
[2025-02-27T03:13:45.846+0000] {processor.py:186} INFO - Started process (PID=2453) to work on /home/airflow/.local/lib/python3.12/site-packages/airflow/example_dags/example_bash_operator.py
[2025-02-27T03:13:45.847+0000] {processor.py:914} INFO - Processing file /home/airflow/.local/lib/python3.12/site-packages/airflow/example_dags/example_bash_operator.py for tasks to queue
[2025-02-27T03:13:45.850+0000] {logging_mixin.py:190} INFO - [2025-02-27T03:13:45.850+0000] {dagbag.py:588} INFO - Filling up the DagBag from /home/airflow/.local/lib/python3.12/site-packages/airflow/example_dags/example_bash_operator.py
[2025-02-27T03:13:45.872+0000] {processor.py:925} INFO - DAG(s) 'example_bash_operator' retrieved from /home/airflow/.local/lib/python3.12/site-packages/airflow/example_dags/example_bash_operator.py
[2025-02-27T03:13:46.015+0000] {logging_mixin.py:190} INFO - [2025-02-27T03:13:46.014+0000] {dag.py:3239} INFO - Sync 1 DAGs
[2025-02-27T03:13:46.080+0000] {logging_mixin.py:190} INFO - [2025-02-27T03:13:46.080+0000] {dag.py:4180} INFO - Setting next_dagrun for example_bash_operator to 2025-02-26 00:00:00+00:00, run_after=2025-02-27 00:00:00+00:00
[2025-02-27T03:13:46.144+0000] {processor.py:208} INFO - Processing /home/airflow/.local/lib/python3.12/site-packages/airflow/example_dags/example_bash_operator.py took 0.305 seconds
[2025-02-27T03:14:16.540+0000] {processor.py:186} INFO - Started process (PID=2516) to work on /home/airflow/.local/lib/python3.12/site-packages/airflow/example_dags/example_bash_operator.py
[2025-02-27T03:14:16.542+0000] {processor.py:914} INFO - Processing file /home/airflow/.local/lib/python3.12/site-packages/airflow/example_dags/example_bash_operator.py for tasks to queue
[2025-02-27T03:14:16.546+0000] {logging_mixin.py:190} INFO - [2025-02-27T03:14:16.545+0000] {dagbag.py:588} INFO - Filling up the DagBag from /home/airflow/.local/lib/python3.12/site-packages/airflow/example_dags/example_bash_operator.py
[2025-02-27T03:14:16.574+0000] {processor.py:925} INFO - DAG(s) 'example_bash_operator' retrieved from /home/airflow/.local/lib/python3.12/site-packages/airflow/example_dags/example_bash_operator.py
[2025-02-27T03:14:16.754+0000] {logging_mixin.py:190} INFO - [2025-02-27T03:14:16.753+0000] {dag.py:3239} INFO - Sync 1 DAGs
[2025-02-27T03:14:16.848+0000] {logging_mixin.py:190} INFO - [2025-02-27T03:14:16.848+0000] {dag.py:4180} INFO - Setting next_dagrun for example_bash_operator to 2025-02-26 00:00:00+00:00, run_after=2025-02-27 00:00:00+00:00
[2025-02-27T03:14:16.986+0000] {processor.py:208} INFO - Processing /home/airflow/.local/lib/python3.12/site-packages/airflow/example_dags/example_bash_operator.py took 0.458 seconds
[2025-02-27T03:14:48.469+0000] {processor.py:186} INFO - Started process (PID=2579) to work on /home/airflow/.local/lib/python3.12/site-packages/airflow/example_dags/example_bash_operator.py
[2025-02-27T03:14:48.471+0000] {processor.py:914} INFO - Processing file /home/airflow/.local/lib/python3.12/site-packages/airflow/example_dags/example_bash_operator.py for tasks to queue
[2025-02-27T03:14:48.475+0000] {logging_mixin.py:190} INFO - [2025-02-27T03:14:48.474+0000] {dagbag.py:588} INFO - Filling up the DagBag from /home/airflow/.local/lib/python3.12/site-packages/airflow/example_dags/example_bash_operator.py
[2025-02-27T03:14:48.499+0000] {processor.py:925} INFO - DAG(s) 'example_bash_operator' retrieved from /home/airflow/.local/lib/python3.12/site-packages/airflow/example_dags/example_bash_operator.py
[2025-02-27T03:14:48.654+0000] {logging_mixin.py:190} INFO - [2025-02-27T03:14:48.654+0000] {dag.py:3239} INFO - Sync 1 DAGs
[2025-02-27T03:14:48.727+0000] {logging_mixin.py:190} INFO - [2025-02-27T03:14:48.726+0000] {dag.py:4180} INFO - Setting next_dagrun for example_bash_operator to 2025-02-26 00:00:00+00:00, run_after=2025-02-27 00:00:00+00:00
[2025-02-27T03:14:48.780+0000] {processor.py:208} INFO - Processing /home/airflow/.local/lib/python3.12/site-packages/airflow/example_dags/example_bash_operator.py took 0.321 seconds
[2025-02-27T03:15:19.098+0000] {processor.py:186} INFO - Started process (PID=2642) to work on /home/airflow/.local/lib/python3.12/site-packages/airflow/example_dags/example_bash_operator.py
[2025-02-27T03:15:19.100+0000] {processor.py:914} INFO - Processing file /home/airflow/.local/lib/python3.12/site-packages/airflow/example_dags/example_bash_operator.py for tasks to queue
[2025-02-27T03:15:19.104+0000] {logging_mixin.py:190} INFO - [2025-02-27T03:15:19.103+0000] {dagbag.py:588} INFO - Filling up the DagBag from /home/airflow/.local/lib/python3.12/site-packages/airflow/example_dags/example_bash_operator.py
[2025-02-27T03:15:19.127+0000] {processor.py:925} INFO - DAG(s) 'example_bash_operator' retrieved from /home/airflow/.local/lib/python3.12/site-packages/airflow/example_dags/example_bash_operator.py
[2025-02-27T03:15:19.296+0000] {logging_mixin.py:190} INFO - [2025-02-27T03:15:19.296+0000] {dag.py:3239} INFO - Sync 1 DAGs
[2025-02-27T03:15:19.364+0000] {logging_mixin.py:190} INFO - [2025-02-27T03:15:19.363+0000] {dag.py:4180} INFO - Setting next_dagrun for example_bash_operator to 2025-02-26 00:00:00+00:00, run_after=2025-02-27 00:00:00+00:00
[2025-02-27T03:15:19.418+0000] {processor.py:208} INFO - Processing /home/airflow/.local/lib/python3.12/site-packages/airflow/example_dags/example_bash_operator.py took 0.328 seconds
[2025-02-27T03:15:50.778+0000] {processor.py:186} INFO - Started process (PID=2711) to work on /home/airflow/.local/lib/python3.12/site-packages/airflow/example_dags/example_bash_operator.py
[2025-02-27T03:15:50.780+0000] {processor.py:914} INFO - Processing file /home/airflow/.local/lib/python3.12/site-packages/airflow/example_dags/example_bash_operator.py for tasks to queue
[2025-02-27T03:15:50.785+0000] {logging_mixin.py:190} INFO - [2025-02-27T03:15:50.784+0000] {dagbag.py:588} INFO - Filling up the DagBag from /home/airflow/.local/lib/python3.12/site-packages/airflow/example_dags/example_bash_operator.py
[2025-02-27T03:15:50.815+0000] {processor.py:925} INFO - DAG(s) 'example_bash_operator' retrieved from /home/airflow/.local/lib/python3.12/site-packages/airflow/example_dags/example_bash_operator.py
[2025-02-27T03:15:50.982+0000] {logging_mixin.py:190} INFO - [2025-02-27T03:15:50.981+0000] {dag.py:3239} INFO - Sync 1 DAGs
[2025-02-27T03:15:51.046+0000] {logging_mixin.py:190} INFO - [2025-02-27T03:15:51.046+0000] {dag.py:4180} INFO - Setting next_dagrun for example_bash_operator to 2025-02-26 00:00:00+00:00, run_after=2025-02-27 00:00:00+00:00
[2025-02-27T03:15:51.091+0000] {processor.py:208} INFO - Processing /home/airflow/.local/lib/python3.12/site-packages/airflow/example_dags/example_bash_operator.py took 0.329 seconds
[2025-02-27T03:16:21.488+0000] {processor.py:186} INFO - Started process (PID=2774) to work on /home/airflow/.local/lib/python3.12/site-packages/airflow/example_dags/example_bash_operator.py
[2025-02-27T03:16:21.490+0000] {processor.py:914} INFO - Processing file /home/airflow/.local/lib/python3.12/site-packages/airflow/example_dags/example_bash_operator.py for tasks to queue
[2025-02-27T03:16:21.494+0000] {logging_mixin.py:190} INFO - [2025-02-27T03:16:21.494+0000] {dagbag.py:588} INFO - Filling up the DagBag from /home/airflow/.local/lib/python3.12/site-packages/airflow/example_dags/example_bash_operator.py
[2025-02-27T03:16:21.524+0000] {processor.py:925} INFO - DAG(s) 'example_bash_operator' retrieved from /home/airflow/.local/lib/python3.12/site-packages/airflow/example_dags/example_bash_operator.py
[2025-02-27T03:16:21.742+0000] {logging_mixin.py:190} INFO - [2025-02-27T03:16:21.742+0000] {dag.py:3239} INFO - Sync 1 DAGs
[2025-02-27T03:16:21.826+0000] {logging_mixin.py:190} INFO - [2025-02-27T03:16:21.825+0000] {dag.py:4180} INFO - Setting next_dagrun for example_bash_operator to 2025-02-26 00:00:00+00:00, run_after=2025-02-27 00:00:00+00:00
[2025-02-27T03:16:21.885+0000] {processor.py:208} INFO - Processing /home/airflow/.local/lib/python3.12/site-packages/airflow/example_dags/example_bash_operator.py took 0.408 seconds
[2025-02-27T03:16:52.494+0000] {processor.py:186} INFO - Started process (PID=2837) to work on /home/airflow/.local/lib/python3.12/site-packages/airflow/example_dags/example_bash_operator.py
[2025-02-27T03:16:52.496+0000] {processor.py:914} INFO - Processing file /home/airflow/.local/lib/python3.12/site-packages/airflow/example_dags/example_bash_operator.py for tasks to queue
[2025-02-27T03:16:52.499+0000] {logging_mixin.py:190} INFO - [2025-02-27T03:16:52.499+0000] {dagbag.py:588} INFO - Filling up the DagBag from /home/airflow/.local/lib/python3.12/site-packages/airflow/example_dags/example_bash_operator.py
[2025-02-27T03:16:52.522+0000] {processor.py:925} INFO - DAG(s) 'example_bash_operator' retrieved from /home/airflow/.local/lib/python3.12/site-packages/airflow/example_dags/example_bash_operator.py
[2025-02-27T03:16:52.670+0000] {logging_mixin.py:190} INFO - [2025-02-27T03:16:52.670+0000] {dag.py:3239} INFO - Sync 1 DAGs
[2025-02-27T03:16:52.735+0000] {logging_mixin.py:190} INFO - [2025-02-27T03:16:52.735+0000] {dag.py:4180} INFO - Setting next_dagrun for example_bash_operator to 2025-02-26 00:00:00+00:00, run_after=2025-02-27 00:00:00+00:00
[2025-02-27T03:16:52.782+0000] {processor.py:208} INFO - Processing /home/airflow/.local/lib/python3.12/site-packages/airflow/example_dags/example_bash_operator.py took 0.296 seconds
[2025-02-27T03:17:22.933+0000] {processor.py:186} INFO - Started process (PID=2899) to work on /home/airflow/.local/lib/python3.12/site-packages/airflow/example_dags/example_bash_operator.py
[2025-02-27T03:17:22.934+0000] {processor.py:914} INFO - Processing file /home/airflow/.local/lib/python3.12/site-packages/airflow/example_dags/example_bash_operator.py for tasks to queue
[2025-02-27T03:17:22.937+0000] {logging_mixin.py:190} INFO - [2025-02-27T03:17:22.937+0000] {dagbag.py:588} INFO - Filling up the DagBag from /home/airflow/.local/lib/python3.12/site-packages/airflow/example_dags/example_bash_operator.py
[2025-02-27T03:17:22.952+0000] {processor.py:925} INFO - DAG(s) 'example_bash_operator' retrieved from /home/airflow/.local/lib/python3.12/site-packages/airflow/example_dags/example_bash_operator.py
[2025-02-27T03:17:23.088+0000] {logging_mixin.py:190} INFO - [2025-02-27T03:17:23.087+0000] {dag.py:3239} INFO - Sync 1 DAGs
[2025-02-27T03:17:23.143+0000] {logging_mixin.py:190} INFO - [2025-02-27T03:17:23.143+0000] {dag.py:4180} INFO - Setting next_dagrun for example_bash_operator to 2025-02-26 00:00:00+00:00, run_after=2025-02-27 00:00:00+00:00
[2025-02-27T03:17:23.184+0000] {processor.py:208} INFO - Processing /home/airflow/.local/lib/python3.12/site-packages/airflow/example_dags/example_bash_operator.py took 0.258 seconds
[2025-02-27T03:17:53.388+0000] {processor.py:186} INFO - Started process (PID=2962) to work on /home/airflow/.local/lib/python3.12/site-packages/airflow/example_dags/example_bash_operator.py
[2025-02-27T03:17:53.390+0000] {processor.py:914} INFO - Processing file /home/airflow/.local/lib/python3.12/site-packages/airflow/example_dags/example_bash_operator.py for tasks to queue
[2025-02-27T03:17:53.394+0000] {logging_mixin.py:190} INFO - [2025-02-27T03:17:53.394+0000] {dagbag.py:588} INFO - Filling up the DagBag from /home/airflow/.local/lib/python3.12/site-packages/airflow/example_dags/example_bash_operator.py
[2025-02-27T03:17:53.414+0000] {processor.py:925} INFO - DAG(s) 'example_bash_operator' retrieved from /home/airflow/.local/lib/python3.12/site-packages/airflow/example_dags/example_bash_operator.py
[2025-02-27T03:17:53.566+0000] {logging_mixin.py:190} INFO - [2025-02-27T03:17:53.566+0000] {dag.py:3239} INFO - Sync 1 DAGs
[2025-02-27T03:17:53.615+0000] {logging_mixin.py:190} INFO - [2025-02-27T03:17:53.614+0000] {dag.py:4180} INFO - Setting next_dagrun for example_bash_operator to 2025-02-26 00:00:00+00:00, run_after=2025-02-27 00:00:00+00:00
[2025-02-27T03:17:53.668+0000] {processor.py:208} INFO - Processing /home/airflow/.local/lib/python3.12/site-packages/airflow/example_dags/example_bash_operator.py took 0.290 seconds
[2025-02-27T03:18:23.864+0000] {processor.py:186} INFO - Started process (PID=3025) to work on /home/airflow/.local/lib/python3.12/site-packages/airflow/example_dags/example_bash_operator.py
[2025-02-27T03:18:23.865+0000] {processor.py:914} INFO - Processing file /home/airflow/.local/lib/python3.12/site-packages/airflow/example_dags/example_bash_operator.py for tasks to queue
[2025-02-27T03:18:23.869+0000] {logging_mixin.py:190} INFO - [2025-02-27T03:18:23.868+0000] {dagbag.py:588} INFO - Filling up the DagBag from /home/airflow/.local/lib/python3.12/site-packages/airflow/example_dags/example_bash_operator.py
[2025-02-27T03:18:23.898+0000] {processor.py:925} INFO - DAG(s) 'example_bash_operator' retrieved from /home/airflow/.local/lib/python3.12/site-packages/airflow/example_dags/example_bash_operator.py
[2025-02-27T03:18:24.038+0000] {logging_mixin.py:190} INFO - [2025-02-27T03:18:24.037+0000] {dag.py:3239} INFO - Sync 1 DAGs
[2025-02-27T03:18:24.098+0000] {logging_mixin.py:190} INFO - [2025-02-27T03:18:24.097+0000] {dag.py:4180} INFO - Setting next_dagrun for example_bash_operator to 2025-02-26 00:00:00+00:00, run_after=2025-02-27 00:00:00+00:00
[2025-02-27T03:18:24.156+0000] {processor.py:208} INFO - Processing /home/airflow/.local/lib/python3.12/site-packages/airflow/example_dags/example_bash_operator.py took 0.302 seconds
[2025-02-27T03:18:54.577+0000] {processor.py:186} INFO - Started process (PID=3088) to work on /home/airflow/.local/lib/python3.12/site-packages/airflow/example_dags/example_bash_operator.py
[2025-02-27T03:18:54.578+0000] {processor.py:914} INFO - Processing file /home/airflow/.local/lib/python3.12/site-packages/airflow/example_dags/example_bash_operator.py for tasks to queue
[2025-02-27T03:18:54.582+0000] {logging_mixin.py:190} INFO - [2025-02-27T03:18:54.581+0000] {dagbag.py:588} INFO - Filling up the DagBag from /home/airflow/.local/lib/python3.12/site-packages/airflow/example_dags/example_bash_operator.py
[2025-02-27T03:18:54.604+0000] {processor.py:925} INFO - DAG(s) 'example_bash_operator' retrieved from /home/airflow/.local/lib/python3.12/site-packages/airflow/example_dags/example_bash_operator.py
[2025-02-27T03:18:54.780+0000] {logging_mixin.py:190} INFO - [2025-02-27T03:18:54.780+0000] {dag.py:3239} INFO - Sync 1 DAGs
[2025-02-27T03:18:54.861+0000] {logging_mixin.py:190} INFO - [2025-02-27T03:18:54.859+0000] {dag.py:4180} INFO - Setting next_dagrun for example_bash_operator to 2025-02-26 00:00:00+00:00, run_after=2025-02-27 00:00:00+00:00
[2025-02-27T03:18:54.929+0000] {processor.py:208} INFO - Processing /home/airflow/.local/lib/python3.12/site-packages/airflow/example_dags/example_bash_operator.py took 0.361 seconds
[2025-02-27T03:19:26.223+0000] {processor.py:186} INFO - Started process (PID=3152) to work on /home/airflow/.local/lib/python3.12/site-packages/airflow/example_dags/example_bash_operator.py
[2025-02-27T03:19:26.224+0000] {processor.py:914} INFO - Processing file /home/airflow/.local/lib/python3.12/site-packages/airflow/example_dags/example_bash_operator.py for tasks to queue
[2025-02-27T03:19:26.227+0000] {logging_mixin.py:190} INFO - [2025-02-27T03:19:26.227+0000] {dagbag.py:588} INFO - Filling up the DagBag from /home/airflow/.local/lib/python3.12/site-packages/airflow/example_dags/example_bash_operator.py
[2025-02-27T03:19:26.249+0000] {processor.py:925} INFO - DAG(s) 'example_bash_operator' retrieved from /home/airflow/.local/lib/python3.12/site-packages/airflow/example_dags/example_bash_operator.py
[2025-02-27T03:19:26.459+0000] {logging_mixin.py:190} INFO - [2025-02-27T03:19:26.458+0000] {dag.py:3239} INFO - Sync 1 DAGs
[2025-02-27T03:19:26.540+0000] {logging_mixin.py:190} INFO - [2025-02-27T03:19:26.539+0000] {dag.py:4180} INFO - Setting next_dagrun for example_bash_operator to 2025-02-26 00:00:00+00:00, run_after=2025-02-27 00:00:00+00:00
[2025-02-27T03:19:26.616+0000] {processor.py:208} INFO - Processing /home/airflow/.local/lib/python3.12/site-packages/airflow/example_dags/example_bash_operator.py took 0.401 seconds
[2025-02-27T03:19:57.978+0000] {processor.py:186} INFO - Started process (PID=3215) to work on /home/airflow/.local/lib/python3.12/site-packages/airflow/example_dags/example_bash_operator.py
[2025-02-27T03:19:57.980+0000] {processor.py:914} INFO - Processing file /home/airflow/.local/lib/python3.12/site-packages/airflow/example_dags/example_bash_operator.py for tasks to queue
[2025-02-27T03:19:57.986+0000] {logging_mixin.py:190} INFO - [2025-02-27T03:19:57.985+0000] {dagbag.py:588} INFO - Filling up the DagBag from /home/airflow/.local/lib/python3.12/site-packages/airflow/example_dags/example_bash_operator.py
[2025-02-27T03:19:58.014+0000] {processor.py:925} INFO - DAG(s) 'example_bash_operator' retrieved from /home/airflow/.local/lib/python3.12/site-packages/airflow/example_dags/example_bash_operator.py
[2025-02-27T03:19:58.185+0000] {logging_mixin.py:190} INFO - [2025-02-27T03:19:58.184+0000] {dag.py:3239} INFO - Sync 1 DAGs
[2025-02-27T03:19:58.253+0000] {logging_mixin.py:190} INFO - [2025-02-27T03:19:58.252+0000] {dag.py:4180} INFO - Setting next_dagrun for example_bash_operator to 2025-02-26 00:00:00+00:00, run_after=2025-02-27 00:00:00+00:00
[2025-02-27T03:19:58.308+0000] {processor.py:208} INFO - Processing /home/airflow/.local/lib/python3.12/site-packages/airflow/example_dags/example_bash_operator.py took 0.338 seconds
[2025-02-27T03:20:28.587+0000] {processor.py:186} INFO - Started process (PID=3278) to work on /home/airflow/.local/lib/python3.12/site-packages/airflow/example_dags/example_bash_operator.py
[2025-02-27T03:20:28.588+0000] {processor.py:914} INFO - Processing file /home/airflow/.local/lib/python3.12/site-packages/airflow/example_dags/example_bash_operator.py for tasks to queue
[2025-02-27T03:20:28.592+0000] {logging_mixin.py:190} INFO - [2025-02-27T03:20:28.592+0000] {dagbag.py:588} INFO - Filling up the DagBag from /home/airflow/.local/lib/python3.12/site-packages/airflow/example_dags/example_bash_operator.py
[2025-02-27T03:20:28.612+0000] {processor.py:925} INFO - DAG(s) 'example_bash_operator' retrieved from /home/airflow/.local/lib/python3.12/site-packages/airflow/example_dags/example_bash_operator.py
[2025-02-27T03:20:28.769+0000] {logging_mixin.py:190} INFO - [2025-02-27T03:20:28.769+0000] {dag.py:3239} INFO - Sync 1 DAGs
[2025-02-27T03:20:28.832+0000] {logging_mixin.py:190} INFO - [2025-02-27T03:20:28.832+0000] {dag.py:4180} INFO - Setting next_dagrun for example_bash_operator to 2025-02-26 00:00:00+00:00, run_after=2025-02-27 00:00:00+00:00
[2025-02-27T03:20:28.907+0000] {processor.py:208} INFO - Processing /home/airflow/.local/lib/python3.12/site-packages/airflow/example_dags/example_bash_operator.py took 0.328 seconds
[2025-02-27T03:20:59.058+0000] {processor.py:186} INFO - Started process (PID=3340) to work on /home/airflow/.local/lib/python3.12/site-packages/airflow/example_dags/example_bash_operator.py
[2025-02-27T03:20:59.060+0000] {processor.py:914} INFO - Processing file /home/airflow/.local/lib/python3.12/site-packages/airflow/example_dags/example_bash_operator.py for tasks to queue
[2025-02-27T03:20:59.066+0000] {logging_mixin.py:190} INFO - [2025-02-27T03:20:59.065+0000] {dagbag.py:588} INFO - Filling up the DagBag from /home/airflow/.local/lib/python3.12/site-packages/airflow/example_dags/example_bash_operator.py
[2025-02-27T03:20:59.094+0000] {processor.py:925} INFO - DAG(s) 'example_bash_operator' retrieved from /home/airflow/.local/lib/python3.12/site-packages/airflow/example_dags/example_bash_operator.py
[2025-02-27T03:20:59.301+0000] {logging_mixin.py:190} INFO - [2025-02-27T03:20:59.301+0000] {dag.py:3239} INFO - Sync 1 DAGs
[2025-02-27T03:20:59.389+0000] {logging_mixin.py:190} INFO - [2025-02-27T03:20:59.389+0000] {dag.py:4180} INFO - Setting next_dagrun for example_bash_operator to 2025-02-26 00:00:00+00:00, run_after=2025-02-27 00:00:00+00:00
[2025-02-27T03:20:59.441+0000] {processor.py:208} INFO - Processing /home/airflow/.local/lib/python3.12/site-packages/airflow/example_dags/example_bash_operator.py took 0.394 seconds
