[2025-02-27T02:51:36.747+0000] {processor.py:186} INFO - Started process (PID=115) to work on /home/airflow/.local/lib/python3.12/site-packages/airflow/example_dags/example_task_group.py
[2025-02-27T02:51:36.749+0000] {processor.py:914} INFO - Processing file /home/airflow/.local/lib/python3.12/site-packages/airflow/example_dags/example_task_group.py for tasks to queue
[2025-02-27T02:51:36.754+0000] {logging_mixin.py:190} INFO - [2025-02-27T02:51:36.753+0000] {dagbag.py:588} INFO - Filling up the DagBag from /home/airflow/.local/lib/python3.12/site-packages/airflow/example_dags/example_task_group.py
[2025-02-27T02:51:36.770+0000] {processor.py:925} INFO - DAG(s) 'example_task_group' retrieved from /home/airflow/.local/lib/python3.12/site-packages/airflow/example_dags/example_task_group.py
[2025-02-27T02:51:36.977+0000] {logging_mixin.py:190} INFO - [2025-02-27T02:51:36.976+0000] {override.py:1912} INFO - Created Permission View: can delete on DAG:example_task_group
[2025-02-27T02:51:37.002+0000] {logging_mixin.py:190} INFO - [2025-02-27T02:51:37.002+0000] {override.py:1912} INFO - Created Permission View: can read on DAG:example_task_group
[2025-02-27T02:51:37.021+0000] {logging_mixin.py:190} INFO - [2025-02-27T02:51:37.020+0000] {override.py:1912} INFO - Created Permission View: can edit on DAG:example_task_group
[2025-02-27T02:51:37.044+0000] {logging_mixin.py:190} INFO - [2025-02-27T02:51:37.044+0000] {override.py:1912} INFO - Created Permission View: menu access on DAG Run:example_task_group
[2025-02-27T02:51:37.060+0000] {logging_mixin.py:190} INFO - [2025-02-27T02:51:37.059+0000] {override.py:1912} INFO - Created Permission View: can delete on DAG Run:example_task_group
[2025-02-27T02:51:37.077+0000] {logging_mixin.py:190} INFO - [2025-02-27T02:51:37.076+0000] {override.py:1912} INFO - Created Permission View: can read on DAG Run:example_task_group
[2025-02-27T02:51:37.094+0000] {logging_mixin.py:190} INFO - [2025-02-27T02:51:37.093+0000] {override.py:1912} INFO - Created Permission View: can create on DAG Run:example_task_group
[2025-02-27T02:51:37.095+0000] {logging_mixin.py:190} INFO - [2025-02-27T02:51:37.095+0000] {dag.py:3239} INFO - Sync 1 DAGs
[2025-02-27T02:51:37.120+0000] {logging_mixin.py:190} INFO - [2025-02-27T02:51:37.120+0000] {dag.py:3262} INFO - Creating ORM DAG for example_task_group
[2025-02-27T02:51:37.122+0000] {logging_mixin.py:190} INFO - [2025-02-27T02:51:37.122+0000] {dag.py:4180} INFO - Setting next_dagrun for example_task_group to None, run_after=None
[2025-02-27T02:51:37.160+0000] {processor.py:208} INFO - Processing /home/airflow/.local/lib/python3.12/site-packages/airflow/example_dags/example_task_group.py took 0.421 seconds
[2025-02-27T02:54:24.024+0000] {processor.py:186} INFO - Started process (PID=117) to work on /home/airflow/.local/lib/python3.12/site-packages/airflow/example_dags/example_task_group.py
[2025-02-27T02:54:24.025+0000] {processor.py:914} INFO - Processing file /home/airflow/.local/lib/python3.12/site-packages/airflow/example_dags/example_task_group.py for tasks to queue
[2025-02-27T02:54:24.030+0000] {logging_mixin.py:190} INFO - [2025-02-27T02:54:24.030+0000] {dagbag.py:588} INFO - Filling up the DagBag from /home/airflow/.local/lib/python3.12/site-packages/airflow/example_dags/example_task_group.py
[2025-02-27T02:54:24.050+0000] {processor.py:925} INFO - DAG(s) 'example_task_group' retrieved from /home/airflow/.local/lib/python3.12/site-packages/airflow/example_dags/example_task_group.py
[2025-02-27T02:54:24.534+0000] {logging_mixin.py:190} INFO - [2025-02-27T02:54:24.533+0000] {override.py:1912} INFO - Created Permission View: can read on DAG:example_task_group
[2025-02-27T02:54:24.574+0000] {logging_mixin.py:190} INFO - [2025-02-27T02:54:24.573+0000] {override.py:1912} INFO - Created Permission View: can delete on DAG:example_task_group
[2025-02-27T02:54:24.595+0000] {logging_mixin.py:190} INFO - [2025-02-27T02:54:24.593+0000] {override.py:1912} INFO - Created Permission View: can edit on DAG:example_task_group
[2025-02-27T02:54:24.624+0000] {logging_mixin.py:190} INFO - [2025-02-27T02:54:24.624+0000] {override.py:1912} INFO - Created Permission View: can read on DAG Run:example_task_group
[2025-02-27T02:54:24.647+0000] {logging_mixin.py:190} INFO - [2025-02-27T02:54:24.646+0000] {override.py:1912} INFO - Created Permission View: menu access on DAG Run:example_task_group
[2025-02-27T02:54:24.668+0000] {logging_mixin.py:190} INFO - [2025-02-27T02:54:24.668+0000] {override.py:1912} INFO - Created Permission View: can delete on DAG Run:example_task_group
[2025-02-27T02:54:24.707+0000] {logging_mixin.py:190} INFO - [2025-02-27T02:54:24.706+0000] {override.py:1912} INFO - Created Permission View: can create on DAG Run:example_task_group
[2025-02-27T02:54:24.709+0000] {logging_mixin.py:190} INFO - [2025-02-27T02:54:24.708+0000] {dag.py:3239} INFO - Sync 1 DAGs
[2025-02-27T02:54:24.793+0000] {logging_mixin.py:190} INFO - [2025-02-27T02:54:24.792+0000] {dag.py:3262} INFO - Creating ORM DAG for example_task_group
[2025-02-27T02:54:24.798+0000] {logging_mixin.py:190} INFO - [2025-02-27T02:54:24.797+0000] {dag.py:4180} INFO - Setting next_dagrun for example_task_group to None, run_after=None
[2025-02-27T02:54:24.876+0000] {processor.py:208} INFO - Processing /home/airflow/.local/lib/python3.12/site-packages/airflow/example_dags/example_task_group.py took 0.862 seconds
[2025-02-27T02:54:55.156+0000] {processor.py:186} INFO - Started process (PID=180) to work on /home/airflow/.local/lib/python3.12/site-packages/airflow/example_dags/example_task_group.py
[2025-02-27T02:54:55.157+0000] {processor.py:914} INFO - Processing file /home/airflow/.local/lib/python3.12/site-packages/airflow/example_dags/example_task_group.py for tasks to queue
[2025-02-27T02:54:55.161+0000] {logging_mixin.py:190} INFO - [2025-02-27T02:54:55.160+0000] {dagbag.py:588} INFO - Filling up the DagBag from /home/airflow/.local/lib/python3.12/site-packages/airflow/example_dags/example_task_group.py
[2025-02-27T02:54:55.178+0000] {processor.py:925} INFO - DAG(s) 'example_task_group' retrieved from /home/airflow/.local/lib/python3.12/site-packages/airflow/example_dags/example_task_group.py
[2025-02-27T02:54:55.381+0000] {logging_mixin.py:190} INFO - [2025-02-27T02:54:55.381+0000] {dag.py:3239} INFO - Sync 1 DAGs
[2025-02-27T02:54:55.456+0000] {logging_mixin.py:190} INFO - [2025-02-27T02:54:55.456+0000] {dag.py:4180} INFO - Setting next_dagrun for example_task_group to None, run_after=None
[2025-02-27T02:54:55.539+0000] {processor.py:208} INFO - Processing /home/airflow/.local/lib/python3.12/site-packages/airflow/example_dags/example_task_group.py took 0.392 seconds
[2025-02-27T02:55:25.987+0000] {processor.py:186} INFO - Started process (PID=243) to work on /home/airflow/.local/lib/python3.12/site-packages/airflow/example_dags/example_task_group.py
[2025-02-27T02:55:25.989+0000] {processor.py:914} INFO - Processing file /home/airflow/.local/lib/python3.12/site-packages/airflow/example_dags/example_task_group.py for tasks to queue
[2025-02-27T02:55:25.996+0000] {logging_mixin.py:190} INFO - [2025-02-27T02:55:25.995+0000] {dagbag.py:588} INFO - Filling up the DagBag from /home/airflow/.local/lib/python3.12/site-packages/airflow/example_dags/example_task_group.py
[2025-02-27T02:55:26.019+0000] {processor.py:925} INFO - DAG(s) 'example_task_group' retrieved from /home/airflow/.local/lib/python3.12/site-packages/airflow/example_dags/example_task_group.py
[2025-02-27T02:55:26.346+0000] {logging_mixin.py:190} INFO - [2025-02-27T02:55:26.346+0000] {dag.py:3239} INFO - Sync 1 DAGs
[2025-02-27T02:55:26.415+0000] {logging_mixin.py:190} INFO - [2025-02-27T02:55:26.414+0000] {dag.py:4180} INFO - Setting next_dagrun for example_task_group to None, run_after=None
[2025-02-27T02:55:26.523+0000] {processor.py:208} INFO - Processing /home/airflow/.local/lib/python3.12/site-packages/airflow/example_dags/example_task_group.py took 0.552 seconds
[2025-02-27T02:55:56.752+0000] {processor.py:186} INFO - Started process (PID=306) to work on /home/airflow/.local/lib/python3.12/site-packages/airflow/example_dags/example_task_group.py
[2025-02-27T02:55:56.754+0000] {processor.py:914} INFO - Processing file /home/airflow/.local/lib/python3.12/site-packages/airflow/example_dags/example_task_group.py for tasks to queue
[2025-02-27T02:55:56.757+0000] {logging_mixin.py:190} INFO - [2025-02-27T02:55:56.757+0000] {dagbag.py:588} INFO - Filling up the DagBag from /home/airflow/.local/lib/python3.12/site-packages/airflow/example_dags/example_task_group.py
[2025-02-27T02:55:56.772+0000] {processor.py:925} INFO - DAG(s) 'example_task_group' retrieved from /home/airflow/.local/lib/python3.12/site-packages/airflow/example_dags/example_task_group.py
[2025-02-27T02:55:56.925+0000] {logging_mixin.py:190} INFO - [2025-02-27T02:55:56.925+0000] {dag.py:3239} INFO - Sync 1 DAGs
[2025-02-27T02:55:56.975+0000] {logging_mixin.py:190} INFO - [2025-02-27T02:55:56.975+0000] {dag.py:4180} INFO - Setting next_dagrun for example_task_group to None, run_after=None
[2025-02-27T02:55:57.049+0000] {processor.py:208} INFO - Processing /home/airflow/.local/lib/python3.12/site-packages/airflow/example_dags/example_task_group.py took 0.305 seconds
[2025-02-27T02:56:27.346+0000] {processor.py:186} INFO - Started process (PID=368) to work on /home/airflow/.local/lib/python3.12/site-packages/airflow/example_dags/example_task_group.py
[2025-02-27T02:56:27.347+0000] {processor.py:914} INFO - Processing file /home/airflow/.local/lib/python3.12/site-packages/airflow/example_dags/example_task_group.py for tasks to queue
[2025-02-27T02:56:27.350+0000] {logging_mixin.py:190} INFO - [2025-02-27T02:56:27.350+0000] {dagbag.py:588} INFO - Filling up the DagBag from /home/airflow/.local/lib/python3.12/site-packages/airflow/example_dags/example_task_group.py
[2025-02-27T02:56:27.367+0000] {processor.py:925} INFO - DAG(s) 'example_task_group' retrieved from /home/airflow/.local/lib/python3.12/site-packages/airflow/example_dags/example_task_group.py
[2025-02-27T02:56:27.524+0000] {logging_mixin.py:190} INFO - [2025-02-27T02:56:27.523+0000] {dag.py:3239} INFO - Sync 1 DAGs
[2025-02-27T02:56:27.561+0000] {logging_mixin.py:190} INFO - [2025-02-27T02:56:27.560+0000] {dag.py:4180} INFO - Setting next_dagrun for example_task_group to None, run_after=None
[2025-02-27T02:56:27.624+0000] {processor.py:208} INFO - Processing /home/airflow/.local/lib/python3.12/site-packages/airflow/example_dags/example_task_group.py took 0.287 seconds
[2025-02-27T02:56:57.711+0000] {processor.py:186} INFO - Started process (PID=431) to work on /home/airflow/.local/lib/python3.12/site-packages/airflow/example_dags/example_task_group.py
[2025-02-27T02:56:57.713+0000] {processor.py:914} INFO - Processing file /home/airflow/.local/lib/python3.12/site-packages/airflow/example_dags/example_task_group.py for tasks to queue
[2025-02-27T02:56:57.717+0000] {logging_mixin.py:190} INFO - [2025-02-27T02:56:57.717+0000] {dagbag.py:588} INFO - Filling up the DagBag from /home/airflow/.local/lib/python3.12/site-packages/airflow/example_dags/example_task_group.py
[2025-02-27T02:56:57.735+0000] {processor.py:925} INFO - DAG(s) 'example_task_group' retrieved from /home/airflow/.local/lib/python3.12/site-packages/airflow/example_dags/example_task_group.py
[2025-02-27T02:56:57.930+0000] {logging_mixin.py:190} INFO - [2025-02-27T02:56:57.929+0000] {dag.py:3239} INFO - Sync 1 DAGs
[2025-02-27T02:56:57.973+0000] {logging_mixin.py:190} INFO - [2025-02-27T02:56:57.973+0000] {dag.py:4180} INFO - Setting next_dagrun for example_task_group to None, run_after=None
[2025-02-27T02:56:58.054+0000] {processor.py:208} INFO - Processing /home/airflow/.local/lib/python3.12/site-packages/airflow/example_dags/example_task_group.py took 0.351 seconds
[2025-02-27T02:57:28.524+0000] {processor.py:186} INFO - Started process (PID=494) to work on /home/airflow/.local/lib/python3.12/site-packages/airflow/example_dags/example_task_group.py
[2025-02-27T02:57:28.526+0000] {processor.py:914} INFO - Processing file /home/airflow/.local/lib/python3.12/site-packages/airflow/example_dags/example_task_group.py for tasks to queue
[2025-02-27T02:57:28.530+0000] {logging_mixin.py:190} INFO - [2025-02-27T02:57:28.529+0000] {dagbag.py:588} INFO - Filling up the DagBag from /home/airflow/.local/lib/python3.12/site-packages/airflow/example_dags/example_task_group.py
[2025-02-27T02:57:28.548+0000] {processor.py:925} INFO - DAG(s) 'example_task_group' retrieved from /home/airflow/.local/lib/python3.12/site-packages/airflow/example_dags/example_task_group.py
[2025-02-27T02:57:28.744+0000] {logging_mixin.py:190} INFO - [2025-02-27T02:57:28.744+0000] {dag.py:3239} INFO - Sync 1 DAGs
[2025-02-27T02:57:28.794+0000] {logging_mixin.py:190} INFO - [2025-02-27T02:57:28.794+0000] {dag.py:4180} INFO - Setting next_dagrun for example_task_group to None, run_after=None
[2025-02-27T02:57:28.847+0000] {processor.py:208} INFO - Processing /home/airflow/.local/lib/python3.12/site-packages/airflow/example_dags/example_task_group.py took 0.335 seconds
[2025-02-27T02:57:59.310+0000] {processor.py:186} INFO - Started process (PID=557) to work on /home/airflow/.local/lib/python3.12/site-packages/airflow/example_dags/example_task_group.py
[2025-02-27T02:57:59.312+0000] {processor.py:914} INFO - Processing file /home/airflow/.local/lib/python3.12/site-packages/airflow/example_dags/example_task_group.py for tasks to queue
[2025-02-27T02:57:59.315+0000] {logging_mixin.py:190} INFO - [2025-02-27T02:57:59.314+0000] {dagbag.py:588} INFO - Filling up the DagBag from /home/airflow/.local/lib/python3.12/site-packages/airflow/example_dags/example_task_group.py
[2025-02-27T02:57:59.333+0000] {processor.py:925} INFO - DAG(s) 'example_task_group' retrieved from /home/airflow/.local/lib/python3.12/site-packages/airflow/example_dags/example_task_group.py
[2025-02-27T02:57:59.512+0000] {logging_mixin.py:190} INFO - [2025-02-27T02:57:59.511+0000] {dag.py:3239} INFO - Sync 1 DAGs
[2025-02-27T02:57:59.554+0000] {logging_mixin.py:190} INFO - [2025-02-27T02:57:59.554+0000] {dag.py:4180} INFO - Setting next_dagrun for example_task_group to None, run_after=None
[2025-02-27T02:57:59.606+0000] {processor.py:208} INFO - Processing /home/airflow/.local/lib/python3.12/site-packages/airflow/example_dags/example_task_group.py took 0.306 seconds
[2025-02-27T02:58:30.957+0000] {processor.py:186} INFO - Started process (PID=620) to work on /home/airflow/.local/lib/python3.12/site-packages/airflow/example_dags/example_task_group.py
[2025-02-27T02:58:30.959+0000] {processor.py:914} INFO - Processing file /home/airflow/.local/lib/python3.12/site-packages/airflow/example_dags/example_task_group.py for tasks to queue
[2025-02-27T02:58:30.968+0000] {logging_mixin.py:190} INFO - [2025-02-27T02:58:30.965+0000] {dagbag.py:588} INFO - Filling up the DagBag from /home/airflow/.local/lib/python3.12/site-packages/airflow/example_dags/example_task_group.py
[2025-02-27T02:58:30.992+0000] {processor.py:925} INFO - DAG(s) 'example_task_group' retrieved from /home/airflow/.local/lib/python3.12/site-packages/airflow/example_dags/example_task_group.py
[2025-02-27T02:58:31.261+0000] {logging_mixin.py:190} INFO - [2025-02-27T02:58:31.260+0000] {dag.py:3239} INFO - Sync 1 DAGs
[2025-02-27T02:58:31.349+0000] {logging_mixin.py:190} INFO - [2025-02-27T02:58:31.348+0000] {dag.py:4180} INFO - Setting next_dagrun for example_task_group to None, run_after=None
[2025-02-27T02:58:31.467+0000] {processor.py:208} INFO - Processing /home/airflow/.local/lib/python3.12/site-packages/airflow/example_dags/example_task_group.py took 0.524 seconds
[2025-02-27T02:59:01.985+0000] {processor.py:186} INFO - Started process (PID=682) to work on /home/airflow/.local/lib/python3.12/site-packages/airflow/example_dags/example_task_group.py
[2025-02-27T02:59:01.986+0000] {processor.py:914} INFO - Processing file /home/airflow/.local/lib/python3.12/site-packages/airflow/example_dags/example_task_group.py for tasks to queue
[2025-02-27T02:59:01.991+0000] {logging_mixin.py:190} INFO - [2025-02-27T02:59:01.990+0000] {dagbag.py:588} INFO - Filling up the DagBag from /home/airflow/.local/lib/python3.12/site-packages/airflow/example_dags/example_task_group.py
[2025-02-27T02:59:02.005+0000] {processor.py:925} INFO - DAG(s) 'example_task_group' retrieved from /home/airflow/.local/lib/python3.12/site-packages/airflow/example_dags/example_task_group.py
[2025-02-27T02:59:02.150+0000] {logging_mixin.py:190} INFO - [2025-02-27T02:59:02.149+0000] {dag.py:3239} INFO - Sync 1 DAGs
[2025-02-27T02:59:02.196+0000] {logging_mixin.py:190} INFO - [2025-02-27T02:59:02.196+0000] {dag.py:4180} INFO - Setting next_dagrun for example_task_group to None, run_after=None
[2025-02-27T02:59:02.250+0000] {processor.py:208} INFO - Processing /home/airflow/.local/lib/python3.12/site-packages/airflow/example_dags/example_task_group.py took 0.274 seconds
[2025-02-27T02:59:36.598+0000] {processor.py:186} INFO - Started process (PID=745) to work on /home/airflow/.local/lib/python3.12/site-packages/airflow/example_dags/example_task_group.py
[2025-02-27T02:59:36.600+0000] {processor.py:914} INFO - Processing file /home/airflow/.local/lib/python3.12/site-packages/airflow/example_dags/example_task_group.py for tasks to queue
[2025-02-27T02:59:36.605+0000] {logging_mixin.py:190} INFO - [2025-02-27T02:59:36.604+0000] {dagbag.py:588} INFO - Filling up the DagBag from /home/airflow/.local/lib/python3.12/site-packages/airflow/example_dags/example_task_group.py
[2025-02-27T02:59:36.640+0000] {processor.py:925} INFO - DAG(s) 'example_task_group' retrieved from /home/airflow/.local/lib/python3.12/site-packages/airflow/example_dags/example_task_group.py
[2025-02-27T02:59:36.884+0000] {logging_mixin.py:190} INFO - [2025-02-27T02:59:36.883+0000] {dag.py:3239} INFO - Sync 1 DAGs
[2025-02-27T02:59:36.942+0000] {logging_mixin.py:190} INFO - [2025-02-27T02:59:36.942+0000] {dag.py:4180} INFO - Setting next_dagrun for example_task_group to None, run_after=None
[2025-02-27T02:59:37.008+0000] {processor.py:208} INFO - Processing /home/airflow/.local/lib/python3.12/site-packages/airflow/example_dags/example_task_group.py took 0.427 seconds
[2025-02-27T03:00:08.243+0000] {processor.py:186} INFO - Started process (PID=808) to work on /home/airflow/.local/lib/python3.12/site-packages/airflow/example_dags/example_task_group.py
[2025-02-27T03:00:08.245+0000] {processor.py:914} INFO - Processing file /home/airflow/.local/lib/python3.12/site-packages/airflow/example_dags/example_task_group.py for tasks to queue
[2025-02-27T03:00:08.249+0000] {logging_mixin.py:190} INFO - [2025-02-27T03:00:08.249+0000] {dagbag.py:588} INFO - Filling up the DagBag from /home/airflow/.local/lib/python3.12/site-packages/airflow/example_dags/example_task_group.py
[2025-02-27T03:00:08.269+0000] {processor.py:925} INFO - DAG(s) 'example_task_group' retrieved from /home/airflow/.local/lib/python3.12/site-packages/airflow/example_dags/example_task_group.py
[2025-02-27T03:00:08.538+0000] {logging_mixin.py:190} INFO - [2025-02-27T03:00:08.538+0000] {dag.py:3239} INFO - Sync 1 DAGs
[2025-02-27T03:00:08.603+0000] {logging_mixin.py:190} INFO - [2025-02-27T03:00:08.602+0000] {dag.py:4180} INFO - Setting next_dagrun for example_task_group to None, run_after=None
[2025-02-27T03:00:08.672+0000] {processor.py:208} INFO - Processing /home/airflow/.local/lib/python3.12/site-packages/airflow/example_dags/example_task_group.py took 0.439 seconds
[2025-02-27T03:00:39.056+0000] {processor.py:186} INFO - Started process (PID=871) to work on /home/airflow/.local/lib/python3.12/site-packages/airflow/example_dags/example_task_group.py
[2025-02-27T03:00:39.058+0000] {processor.py:914} INFO - Processing file /home/airflow/.local/lib/python3.12/site-packages/airflow/example_dags/example_task_group.py for tasks to queue
[2025-02-27T03:00:39.063+0000] {logging_mixin.py:190} INFO - [2025-02-27T03:00:39.062+0000] {dagbag.py:588} INFO - Filling up the DagBag from /home/airflow/.local/lib/python3.12/site-packages/airflow/example_dags/example_task_group.py
[2025-02-27T03:00:39.077+0000] {processor.py:925} INFO - DAG(s) 'example_task_group' retrieved from /home/airflow/.local/lib/python3.12/site-packages/airflow/example_dags/example_task_group.py
[2025-02-27T03:00:39.242+0000] {logging_mixin.py:190} INFO - [2025-02-27T03:00:39.241+0000] {dag.py:3239} INFO - Sync 1 DAGs
[2025-02-27T03:00:39.301+0000] {logging_mixin.py:190} INFO - [2025-02-27T03:00:39.300+0000] {dag.py:4180} INFO - Setting next_dagrun for example_task_group to None, run_after=None
[2025-02-27T03:00:39.372+0000] {processor.py:208} INFO - Processing /home/airflow/.local/lib/python3.12/site-packages/airflow/example_dags/example_task_group.py took 0.326 seconds
[2025-02-27T03:01:09.621+0000] {processor.py:186} INFO - Started process (PID=933) to work on /home/airflow/.local/lib/python3.12/site-packages/airflow/example_dags/example_task_group.py
[2025-02-27T03:01:09.623+0000] {processor.py:914} INFO - Processing file /home/airflow/.local/lib/python3.12/site-packages/airflow/example_dags/example_task_group.py for tasks to queue
[2025-02-27T03:01:09.628+0000] {logging_mixin.py:190} INFO - [2025-02-27T03:01:09.627+0000] {dagbag.py:588} INFO - Filling up the DagBag from /home/airflow/.local/lib/python3.12/site-packages/airflow/example_dags/example_task_group.py
[2025-02-27T03:01:09.666+0000] {processor.py:925} INFO - DAG(s) 'example_task_group' retrieved from /home/airflow/.local/lib/python3.12/site-packages/airflow/example_dags/example_task_group.py
[2025-02-27T03:01:09.886+0000] {logging_mixin.py:190} INFO - [2025-02-27T03:01:09.886+0000] {dag.py:3239} INFO - Sync 1 DAGs
[2025-02-27T03:01:09.930+0000] {logging_mixin.py:190} INFO - [2025-02-27T03:01:09.930+0000] {dag.py:4180} INFO - Setting next_dagrun for example_task_group to None, run_after=None
[2025-02-27T03:01:09.997+0000] {processor.py:208} INFO - Processing /home/airflow/.local/lib/python3.12/site-packages/airflow/example_dags/example_task_group.py took 0.386 seconds
[2025-02-27T03:01:40.950+0000] {processor.py:186} INFO - Started process (PID=996) to work on /home/airflow/.local/lib/python3.12/site-packages/airflow/example_dags/example_task_group.py
[2025-02-27T03:01:40.953+0000] {processor.py:914} INFO - Processing file /home/airflow/.local/lib/python3.12/site-packages/airflow/example_dags/example_task_group.py for tasks to queue
[2025-02-27T03:01:40.960+0000] {logging_mixin.py:190} INFO - [2025-02-27T03:01:40.960+0000] {dagbag.py:588} INFO - Filling up the DagBag from /home/airflow/.local/lib/python3.12/site-packages/airflow/example_dags/example_task_group.py
[2025-02-27T03:01:40.985+0000] {processor.py:925} INFO - DAG(s) 'example_task_group' retrieved from /home/airflow/.local/lib/python3.12/site-packages/airflow/example_dags/example_task_group.py
[2025-02-27T03:01:41.238+0000] {logging_mixin.py:190} INFO - [2025-02-27T03:01:41.237+0000] {dag.py:3239} INFO - Sync 1 DAGs
[2025-02-27T03:01:41.320+0000] {logging_mixin.py:190} INFO - [2025-02-27T03:01:41.319+0000] {dag.py:4180} INFO - Setting next_dagrun for example_task_group to None, run_after=None
[2025-02-27T03:01:41.389+0000] {processor.py:208} INFO - Processing /home/airflow/.local/lib/python3.12/site-packages/airflow/example_dags/example_task_group.py took 0.455 seconds
[2025-02-27T03:02:13.724+0000] {processor.py:186} INFO - Started process (PID=1059) to work on /home/airflow/.local/lib/python3.12/site-packages/airflow/example_dags/example_task_group.py
[2025-02-27T03:02:13.726+0000] {processor.py:914} INFO - Processing file /home/airflow/.local/lib/python3.12/site-packages/airflow/example_dags/example_task_group.py for tasks to queue
[2025-02-27T03:02:13.732+0000] {logging_mixin.py:190} INFO - [2025-02-27T03:02:13.731+0000] {dagbag.py:588} INFO - Filling up the DagBag from /home/airflow/.local/lib/python3.12/site-packages/airflow/example_dags/example_task_group.py
[2025-02-27T03:02:13.769+0000] {processor.py:925} INFO - DAG(s) 'example_task_group' retrieved from /home/airflow/.local/lib/python3.12/site-packages/airflow/example_dags/example_task_group.py
[2025-02-27T03:02:14.021+0000] {logging_mixin.py:190} INFO - [2025-02-27T03:02:14.021+0000] {dag.py:3239} INFO - Sync 1 DAGs
[2025-02-27T03:02:14.069+0000] {logging_mixin.py:190} INFO - [2025-02-27T03:02:14.068+0000] {dag.py:4180} INFO - Setting next_dagrun for example_task_group to None, run_after=None
[2025-02-27T03:02:14.168+0000] {processor.py:208} INFO - Processing /home/airflow/.local/lib/python3.12/site-packages/airflow/example_dags/example_task_group.py took 0.456 seconds
[2025-02-27T03:02:48.191+0000] {processor.py:186} INFO - Started process (PID=1130) to work on /home/airflow/.local/lib/python3.12/site-packages/airflow/example_dags/example_task_group.py
[2025-02-27T03:02:48.193+0000] {processor.py:914} INFO - Processing file /home/airflow/.local/lib/python3.12/site-packages/airflow/example_dags/example_task_group.py for tasks to queue
[2025-02-27T03:02:48.197+0000] {logging_mixin.py:190} INFO - [2025-02-27T03:02:48.196+0000] {dagbag.py:588} INFO - Filling up the DagBag from /home/airflow/.local/lib/python3.12/site-packages/airflow/example_dags/example_task_group.py
[2025-02-27T03:02:48.212+0000] {processor.py:925} INFO - DAG(s) 'example_task_group' retrieved from /home/airflow/.local/lib/python3.12/site-packages/airflow/example_dags/example_task_group.py
[2025-02-27T03:02:48.407+0000] {logging_mixin.py:190} INFO - [2025-02-27T03:02:48.406+0000] {dag.py:3239} INFO - Sync 1 DAGs
[2025-02-27T03:02:48.464+0000] {logging_mixin.py:190} INFO - [2025-02-27T03:02:48.463+0000] {dag.py:4180} INFO - Setting next_dagrun for example_task_group to None, run_after=None
[2025-02-27T03:02:48.536+0000] {processor.py:208} INFO - Processing /home/airflow/.local/lib/python3.12/site-packages/airflow/example_dags/example_task_group.py took 0.356 seconds
[2025-02-27T03:03:19.977+0000] {processor.py:186} INFO - Started process (PID=1194) to work on /home/airflow/.local/lib/python3.12/site-packages/airflow/example_dags/example_task_group.py
[2025-02-27T03:03:19.979+0000] {processor.py:914} INFO - Processing file /home/airflow/.local/lib/python3.12/site-packages/airflow/example_dags/example_task_group.py for tasks to queue
[2025-02-27T03:03:19.983+0000] {logging_mixin.py:190} INFO - [2025-02-27T03:03:19.982+0000] {dagbag.py:588} INFO - Filling up the DagBag from /home/airflow/.local/lib/python3.12/site-packages/airflow/example_dags/example_task_group.py
[2025-02-27T03:03:20.006+0000] {processor.py:925} INFO - DAG(s) 'example_task_group' retrieved from /home/airflow/.local/lib/python3.12/site-packages/airflow/example_dags/example_task_group.py
[2025-02-27T03:03:20.223+0000] {logging_mixin.py:190} INFO - [2025-02-27T03:03:20.223+0000] {dag.py:3239} INFO - Sync 1 DAGs
[2025-02-27T03:03:20.279+0000] {logging_mixin.py:190} INFO - [2025-02-27T03:03:20.278+0000] {dag.py:4180} INFO - Setting next_dagrun for example_task_group to None, run_after=None
[2025-02-27T03:03:20.349+0000] {processor.py:208} INFO - Processing /home/airflow/.local/lib/python3.12/site-packages/airflow/example_dags/example_task_group.py took 0.385 seconds
[2025-02-27T03:03:52.658+0000] {processor.py:186} INFO - Started process (PID=1258) to work on /home/airflow/.local/lib/python3.12/site-packages/airflow/example_dags/example_task_group.py
[2025-02-27T03:03:52.659+0000] {processor.py:914} INFO - Processing file /home/airflow/.local/lib/python3.12/site-packages/airflow/example_dags/example_task_group.py for tasks to queue
[2025-02-27T03:03:52.663+0000] {logging_mixin.py:190} INFO - [2025-02-27T03:03:52.662+0000] {dagbag.py:588} INFO - Filling up the DagBag from /home/airflow/.local/lib/python3.12/site-packages/airflow/example_dags/example_task_group.py
[2025-02-27T03:03:52.679+0000] {processor.py:925} INFO - DAG(s) 'example_task_group' retrieved from /home/airflow/.local/lib/python3.12/site-packages/airflow/example_dags/example_task_group.py
[2025-02-27T03:03:52.836+0000] {logging_mixin.py:190} INFO - [2025-02-27T03:03:52.836+0000] {dag.py:3239} INFO - Sync 1 DAGs
[2025-02-27T03:03:52.882+0000] {logging_mixin.py:190} INFO - [2025-02-27T03:03:52.881+0000] {dag.py:4180} INFO - Setting next_dagrun for example_task_group to None, run_after=None
[2025-02-27T03:03:52.933+0000] {processor.py:208} INFO - Processing /home/airflow/.local/lib/python3.12/site-packages/airflow/example_dags/example_task_group.py took 0.284 seconds
[2025-02-27T03:04:23.857+0000] {processor.py:186} INFO - Started process (PID=1321) to work on /home/airflow/.local/lib/python3.12/site-packages/airflow/example_dags/example_task_group.py
[2025-02-27T03:04:23.860+0000] {processor.py:914} INFO - Processing file /home/airflow/.local/lib/python3.12/site-packages/airflow/example_dags/example_task_group.py for tasks to queue
[2025-02-27T03:04:23.863+0000] {logging_mixin.py:190} INFO - [2025-02-27T03:04:23.863+0000] {dagbag.py:588} INFO - Filling up the DagBag from /home/airflow/.local/lib/python3.12/site-packages/airflow/example_dags/example_task_group.py
[2025-02-27T03:04:23.878+0000] {processor.py:925} INFO - DAG(s) 'example_task_group' retrieved from /home/airflow/.local/lib/python3.12/site-packages/airflow/example_dags/example_task_group.py
[2025-02-27T03:04:24.051+0000] {logging_mixin.py:190} INFO - [2025-02-27T03:04:24.051+0000] {dag.py:3239} INFO - Sync 1 DAGs
[2025-02-27T03:04:24.106+0000] {logging_mixin.py:190} INFO - [2025-02-27T03:04:24.105+0000] {dag.py:4180} INFO - Setting next_dagrun for example_task_group to None, run_after=None
[2025-02-27T03:04:24.165+0000] {processor.py:208} INFO - Processing /home/airflow/.local/lib/python3.12/site-packages/airflow/example_dags/example_task_group.py took 0.318 seconds
[2025-02-27T03:04:55.602+0000] {processor.py:186} INFO - Started process (PID=1384) to work on /home/airflow/.local/lib/python3.12/site-packages/airflow/example_dags/example_task_group.py
[2025-02-27T03:04:55.604+0000] {processor.py:914} INFO - Processing file /home/airflow/.local/lib/python3.12/site-packages/airflow/example_dags/example_task_group.py for tasks to queue
[2025-02-27T03:04:55.607+0000] {logging_mixin.py:190} INFO - [2025-02-27T03:04:55.607+0000] {dagbag.py:588} INFO - Filling up the DagBag from /home/airflow/.local/lib/python3.12/site-packages/airflow/example_dags/example_task_group.py
[2025-02-27T03:04:55.624+0000] {processor.py:925} INFO - DAG(s) 'example_task_group' retrieved from /home/airflow/.local/lib/python3.12/site-packages/airflow/example_dags/example_task_group.py
[2025-02-27T03:04:55.841+0000] {logging_mixin.py:190} INFO - [2025-02-27T03:04:55.840+0000] {dag.py:3239} INFO - Sync 1 DAGs
[2025-02-27T03:04:55.958+0000] {logging_mixin.py:190} INFO - [2025-02-27T03:04:55.957+0000] {dag.py:4180} INFO - Setting next_dagrun for example_task_group to None, run_after=None
[2025-02-27T03:04:56.121+0000] {processor.py:208} INFO - Processing /home/airflow/.local/lib/python3.12/site-packages/airflow/example_dags/example_task_group.py took 0.529 seconds
[2025-02-27T03:05:26.939+0000] {processor.py:186} INFO - Started process (PID=1447) to work on /home/airflow/.local/lib/python3.12/site-packages/airflow/example_dags/example_task_group.py
[2025-02-27T03:05:26.940+0000] {processor.py:914} INFO - Processing file /home/airflow/.local/lib/python3.12/site-packages/airflow/example_dags/example_task_group.py for tasks to queue
[2025-02-27T03:05:26.948+0000] {logging_mixin.py:190} INFO - [2025-02-27T03:05:26.946+0000] {dagbag.py:588} INFO - Filling up the DagBag from /home/airflow/.local/lib/python3.12/site-packages/airflow/example_dags/example_task_group.py
[2025-02-27T03:05:26.964+0000] {processor.py:925} INFO - DAG(s) 'example_task_group' retrieved from /home/airflow/.local/lib/python3.12/site-packages/airflow/example_dags/example_task_group.py
[2025-02-27T03:05:27.170+0000] {logging_mixin.py:190} INFO - [2025-02-27T03:05:27.169+0000] {dag.py:3239} INFO - Sync 1 DAGs
[2025-02-27T03:05:27.211+0000] {logging_mixin.py:190} INFO - [2025-02-27T03:05:27.210+0000] {dag.py:4180} INFO - Setting next_dagrun for example_task_group to None, run_after=None
[2025-02-27T03:05:27.284+0000] {processor.py:208} INFO - Processing /home/airflow/.local/lib/python3.12/site-packages/airflow/example_dags/example_task_group.py took 0.356 seconds
[2025-02-27T03:05:59.265+0000] {processor.py:186} INFO - Started process (PID=1511) to work on /home/airflow/.local/lib/python3.12/site-packages/airflow/example_dags/example_task_group.py
[2025-02-27T03:05:59.268+0000] {processor.py:914} INFO - Processing file /home/airflow/.local/lib/python3.12/site-packages/airflow/example_dags/example_task_group.py for tasks to queue
[2025-02-27T03:05:59.274+0000] {logging_mixin.py:190} INFO - [2025-02-27T03:05:59.273+0000] {dagbag.py:588} INFO - Filling up the DagBag from /home/airflow/.local/lib/python3.12/site-packages/airflow/example_dags/example_task_group.py
[2025-02-27T03:05:59.296+0000] {processor.py:925} INFO - DAG(s) 'example_task_group' retrieved from /home/airflow/.local/lib/python3.12/site-packages/airflow/example_dags/example_task_group.py
[2025-02-27T03:05:59.457+0000] {logging_mixin.py:190} INFO - [2025-02-27T03:05:59.457+0000] {dag.py:3239} INFO - Sync 1 DAGs
[2025-02-27T03:05:59.493+0000] {logging_mixin.py:190} INFO - [2025-02-27T03:05:59.493+0000] {dag.py:4180} INFO - Setting next_dagrun for example_task_group to None, run_after=None
[2025-02-27T03:05:59.549+0000] {processor.py:208} INFO - Processing /home/airflow/.local/lib/python3.12/site-packages/airflow/example_dags/example_task_group.py took 0.299 seconds
[2025-02-27T03:06:30.892+0000] {processor.py:186} INFO - Started process (PID=1574) to work on /home/airflow/.local/lib/python3.12/site-packages/airflow/example_dags/example_task_group.py
[2025-02-27T03:06:30.894+0000] {processor.py:914} INFO - Processing file /home/airflow/.local/lib/python3.12/site-packages/airflow/example_dags/example_task_group.py for tasks to queue
[2025-02-27T03:06:30.898+0000] {logging_mixin.py:190} INFO - [2025-02-27T03:06:30.898+0000] {dagbag.py:588} INFO - Filling up the DagBag from /home/airflow/.local/lib/python3.12/site-packages/airflow/example_dags/example_task_group.py
[2025-02-27T03:06:30.920+0000] {processor.py:925} INFO - DAG(s) 'example_task_group' retrieved from /home/airflow/.local/lib/python3.12/site-packages/airflow/example_dags/example_task_group.py
[2025-02-27T03:06:31.179+0000] {logging_mixin.py:190} INFO - [2025-02-27T03:06:31.178+0000] {dag.py:3239} INFO - Sync 1 DAGs
[2025-02-27T03:06:31.248+0000] {logging_mixin.py:190} INFO - [2025-02-27T03:06:31.247+0000] {dag.py:4180} INFO - Setting next_dagrun for example_task_group to None, run_after=None
[2025-02-27T03:06:31.375+0000] {processor.py:208} INFO - Processing /home/airflow/.local/lib/python3.12/site-packages/airflow/example_dags/example_task_group.py took 0.491 seconds
[2025-02-27T03:07:01.998+0000] {processor.py:186} INFO - Started process (PID=1636) to work on /home/airflow/.local/lib/python3.12/site-packages/airflow/example_dags/example_task_group.py
[2025-02-27T03:07:02.000+0000] {processor.py:914} INFO - Processing file /home/airflow/.local/lib/python3.12/site-packages/airflow/example_dags/example_task_group.py for tasks to queue
[2025-02-27T03:07:02.007+0000] {logging_mixin.py:190} INFO - [2025-02-27T03:07:02.006+0000] {dagbag.py:588} INFO - Filling up the DagBag from /home/airflow/.local/lib/python3.12/site-packages/airflow/example_dags/example_task_group.py
[2025-02-27T03:07:02.026+0000] {processor.py:925} INFO - DAG(s) 'example_task_group' retrieved from /home/airflow/.local/lib/python3.12/site-packages/airflow/example_dags/example_task_group.py
[2025-02-27T03:07:02.183+0000] {logging_mixin.py:190} INFO - [2025-02-27T03:07:02.182+0000] {dag.py:3239} INFO - Sync 1 DAGs
[2025-02-27T03:07:02.222+0000] {logging_mixin.py:190} INFO - [2025-02-27T03:07:02.222+0000] {dag.py:4180} INFO - Setting next_dagrun for example_task_group to None, run_after=None
[2025-02-27T03:07:02.273+0000] {processor.py:208} INFO - Processing /home/airflow/.local/lib/python3.12/site-packages/airflow/example_dags/example_task_group.py took 0.283 seconds
[2025-02-27T03:07:33.271+0000] {processor.py:186} INFO - Started process (PID=1699) to work on /home/airflow/.local/lib/python3.12/site-packages/airflow/example_dags/example_task_group.py
[2025-02-27T03:07:33.273+0000] {processor.py:914} INFO - Processing file /home/airflow/.local/lib/python3.12/site-packages/airflow/example_dags/example_task_group.py for tasks to queue
[2025-02-27T03:07:33.280+0000] {logging_mixin.py:190} INFO - [2025-02-27T03:07:33.279+0000] {dagbag.py:588} INFO - Filling up the DagBag from /home/airflow/.local/lib/python3.12/site-packages/airflow/example_dags/example_task_group.py
[2025-02-27T03:07:33.305+0000] {processor.py:925} INFO - DAG(s) 'example_task_group' retrieved from /home/airflow/.local/lib/python3.12/site-packages/airflow/example_dags/example_task_group.py
[2025-02-27T03:07:33.495+0000] {logging_mixin.py:190} INFO - [2025-02-27T03:07:33.495+0000] {dag.py:3239} INFO - Sync 1 DAGs
[2025-02-27T03:07:33.535+0000] {logging_mixin.py:190} INFO - [2025-02-27T03:07:33.534+0000] {dag.py:4180} INFO - Setting next_dagrun for example_task_group to None, run_after=None
[2025-02-27T03:07:33.603+0000] {processor.py:208} INFO - Processing /home/airflow/.local/lib/python3.12/site-packages/airflow/example_dags/example_task_group.py took 0.343 seconds
[2025-02-27T03:08:04.392+0000] {processor.py:186} INFO - Started process (PID=1762) to work on /home/airflow/.local/lib/python3.12/site-packages/airflow/example_dags/example_task_group.py
[2025-02-27T03:08:04.394+0000] {processor.py:914} INFO - Processing file /home/airflow/.local/lib/python3.12/site-packages/airflow/example_dags/example_task_group.py for tasks to queue
[2025-02-27T03:08:04.399+0000] {logging_mixin.py:190} INFO - [2025-02-27T03:08:04.398+0000] {dagbag.py:588} INFO - Filling up the DagBag from /home/airflow/.local/lib/python3.12/site-packages/airflow/example_dags/example_task_group.py
[2025-02-27T03:08:04.426+0000] {processor.py:925} INFO - DAG(s) 'example_task_group' retrieved from /home/airflow/.local/lib/python3.12/site-packages/airflow/example_dags/example_task_group.py
[2025-02-27T03:08:04.657+0000] {logging_mixin.py:190} INFO - [2025-02-27T03:08:04.656+0000] {dag.py:3239} INFO - Sync 1 DAGs
[2025-02-27T03:08:04.703+0000] {logging_mixin.py:190} INFO - [2025-02-27T03:08:04.702+0000] {dag.py:4180} INFO - Setting next_dagrun for example_task_group to None, run_after=None
[2025-02-27T03:08:04.775+0000] {processor.py:208} INFO - Processing /home/airflow/.local/lib/python3.12/site-packages/airflow/example_dags/example_task_group.py took 0.402 seconds
[2025-02-27T03:08:35.068+0000] {processor.py:186} INFO - Started process (PID=1824) to work on /home/airflow/.local/lib/python3.12/site-packages/airflow/example_dags/example_task_group.py
[2025-02-27T03:08:35.070+0000] {processor.py:914} INFO - Processing file /home/airflow/.local/lib/python3.12/site-packages/airflow/example_dags/example_task_group.py for tasks to queue
[2025-02-27T03:08:35.075+0000] {logging_mixin.py:190} INFO - [2025-02-27T03:08:35.074+0000] {dagbag.py:588} INFO - Filling up the DagBag from /home/airflow/.local/lib/python3.12/site-packages/airflow/example_dags/example_task_group.py
[2025-02-27T03:08:35.093+0000] {processor.py:925} INFO - DAG(s) 'example_task_group' retrieved from /home/airflow/.local/lib/python3.12/site-packages/airflow/example_dags/example_task_group.py
[2025-02-27T03:08:35.273+0000] {logging_mixin.py:190} INFO - [2025-02-27T03:08:35.272+0000] {dag.py:3239} INFO - Sync 1 DAGs
[2025-02-27T03:08:35.322+0000] {logging_mixin.py:190} INFO - [2025-02-27T03:08:35.322+0000] {dag.py:4180} INFO - Setting next_dagrun for example_task_group to None, run_after=None
[2025-02-27T03:08:35.388+0000] {processor.py:208} INFO - Processing /home/airflow/.local/lib/python3.12/site-packages/airflow/example_dags/example_task_group.py took 0.331 seconds
[2025-02-27T03:09:06.801+0000] {processor.py:186} INFO - Started process (PID=1887) to work on /home/airflow/.local/lib/python3.12/site-packages/airflow/example_dags/example_task_group.py
[2025-02-27T03:09:06.805+0000] {processor.py:914} INFO - Processing file /home/airflow/.local/lib/python3.12/site-packages/airflow/example_dags/example_task_group.py for tasks to queue
[2025-02-27T03:09:06.811+0000] {logging_mixin.py:190} INFO - [2025-02-27T03:09:06.810+0000] {dagbag.py:588} INFO - Filling up the DagBag from /home/airflow/.local/lib/python3.12/site-packages/airflow/example_dags/example_task_group.py
[2025-02-27T03:09:06.840+0000] {processor.py:925} INFO - DAG(s) 'example_task_group' retrieved from /home/airflow/.local/lib/python3.12/site-packages/airflow/example_dags/example_task_group.py
[2025-02-27T03:09:07.153+0000] {logging_mixin.py:190} INFO - [2025-02-27T03:09:07.152+0000] {dag.py:3239} INFO - Sync 1 DAGs
[2025-02-27T03:09:07.220+0000] {logging_mixin.py:190} INFO - [2025-02-27T03:09:07.219+0000] {dag.py:4180} INFO - Setting next_dagrun for example_task_group to None, run_after=None
[2025-02-27T03:09:07.311+0000] {processor.py:208} INFO - Processing /home/airflow/.local/lib/python3.12/site-packages/airflow/example_dags/example_task_group.py took 0.524 seconds
[2025-02-27T03:09:38.438+0000] {processor.py:186} INFO - Started process (PID=1950) to work on /home/airflow/.local/lib/python3.12/site-packages/airflow/example_dags/example_task_group.py
[2025-02-27T03:09:38.439+0000] {processor.py:914} INFO - Processing file /home/airflow/.local/lib/python3.12/site-packages/airflow/example_dags/example_task_group.py for tasks to queue
[2025-02-27T03:09:38.443+0000] {logging_mixin.py:190} INFO - [2025-02-27T03:09:38.443+0000] {dagbag.py:588} INFO - Filling up the DagBag from /home/airflow/.local/lib/python3.12/site-packages/airflow/example_dags/example_task_group.py
[2025-02-27T03:09:38.459+0000] {processor.py:925} INFO - DAG(s) 'example_task_group' retrieved from /home/airflow/.local/lib/python3.12/site-packages/airflow/example_dags/example_task_group.py
[2025-02-27T03:09:38.632+0000] {logging_mixin.py:190} INFO - [2025-02-27T03:09:38.631+0000] {dag.py:3239} INFO - Sync 1 DAGs
[2025-02-27T03:09:38.684+0000] {logging_mixin.py:190} INFO - [2025-02-27T03:09:38.684+0000] {dag.py:4180} INFO - Setting next_dagrun for example_task_group to None, run_after=None
[2025-02-27T03:09:38.751+0000] {processor.py:208} INFO - Processing /home/airflow/.local/lib/python3.12/site-packages/airflow/example_dags/example_task_group.py took 0.323 seconds
[2025-02-27T03:10:09.276+0000] {processor.py:186} INFO - Started process (PID=2013) to work on /home/airflow/.local/lib/python3.12/site-packages/airflow/example_dags/example_task_group.py
[2025-02-27T03:10:09.278+0000] {processor.py:914} INFO - Processing file /home/airflow/.local/lib/python3.12/site-packages/airflow/example_dags/example_task_group.py for tasks to queue
[2025-02-27T03:10:09.283+0000] {logging_mixin.py:190} INFO - [2025-02-27T03:10:09.282+0000] {dagbag.py:588} INFO - Filling up the DagBag from /home/airflow/.local/lib/python3.12/site-packages/airflow/example_dags/example_task_group.py
[2025-02-27T03:10:09.298+0000] {processor.py:925} INFO - DAG(s) 'example_task_group' retrieved from /home/airflow/.local/lib/python3.12/site-packages/airflow/example_dags/example_task_group.py
[2025-02-27T03:10:09.469+0000] {logging_mixin.py:190} INFO - [2025-02-27T03:10:09.468+0000] {dag.py:3239} INFO - Sync 1 DAGs
[2025-02-27T03:10:09.512+0000] {logging_mixin.py:190} INFO - [2025-02-27T03:10:09.511+0000] {dag.py:4180} INFO - Setting next_dagrun for example_task_group to None, run_after=None
[2025-02-27T03:10:09.579+0000] {processor.py:208} INFO - Processing /home/airflow/.local/lib/python3.12/site-packages/airflow/example_dags/example_task_group.py took 0.315 seconds
[2025-02-27T03:10:40.882+0000] {processor.py:186} INFO - Started process (PID=2076) to work on /home/airflow/.local/lib/python3.12/site-packages/airflow/example_dags/example_task_group.py
[2025-02-27T03:10:40.884+0000] {processor.py:914} INFO - Processing file /home/airflow/.local/lib/python3.12/site-packages/airflow/example_dags/example_task_group.py for tasks to queue
[2025-02-27T03:10:40.890+0000] {logging_mixin.py:190} INFO - [2025-02-27T03:10:40.890+0000] {dagbag.py:588} INFO - Filling up the DagBag from /home/airflow/.local/lib/python3.12/site-packages/airflow/example_dags/example_task_group.py
[2025-02-27T03:10:40.904+0000] {processor.py:925} INFO - DAG(s) 'example_task_group' retrieved from /home/airflow/.local/lib/python3.12/site-packages/airflow/example_dags/example_task_group.py
[2025-02-27T03:10:41.054+0000] {logging_mixin.py:190} INFO - [2025-02-27T03:10:41.054+0000] {dag.py:3239} INFO - Sync 1 DAGs
[2025-02-27T03:10:41.118+0000] {logging_mixin.py:190} INFO - [2025-02-27T03:10:41.118+0000] {dag.py:4180} INFO - Setting next_dagrun for example_task_group to None, run_after=None
[2025-02-27T03:10:41.185+0000] {processor.py:208} INFO - Processing /home/airflow/.local/lib/python3.12/site-packages/airflow/example_dags/example_task_group.py took 0.315 seconds
[2025-02-27T03:11:12.027+0000] {processor.py:186} INFO - Started process (PID=2139) to work on /home/airflow/.local/lib/python3.12/site-packages/airflow/example_dags/example_task_group.py
[2025-02-27T03:11:12.028+0000] {processor.py:914} INFO - Processing file /home/airflow/.local/lib/python3.12/site-packages/airflow/example_dags/example_task_group.py for tasks to queue
[2025-02-27T03:11:12.032+0000] {logging_mixin.py:190} INFO - [2025-02-27T03:11:12.031+0000] {dagbag.py:588} INFO - Filling up the DagBag from /home/airflow/.local/lib/python3.12/site-packages/airflow/example_dags/example_task_group.py
[2025-02-27T03:11:12.046+0000] {processor.py:925} INFO - DAG(s) 'example_task_group' retrieved from /home/airflow/.local/lib/python3.12/site-packages/airflow/example_dags/example_task_group.py
[2025-02-27T03:11:12.306+0000] {logging_mixin.py:190} INFO - [2025-02-27T03:11:12.305+0000] {dag.py:3239} INFO - Sync 1 DAGs
[2025-02-27T03:11:12.359+0000] {logging_mixin.py:190} INFO - [2025-02-27T03:11:12.358+0000] {dag.py:4180} INFO - Setting next_dagrun for example_task_group to None, run_after=None
[2025-02-27T03:11:12.422+0000] {processor.py:208} INFO - Processing /home/airflow/.local/lib/python3.12/site-packages/airflow/example_dags/example_task_group.py took 0.421 seconds
[2025-02-27T03:11:42.515+0000] {processor.py:186} INFO - Started process (PID=2201) to work on /home/airflow/.local/lib/python3.12/site-packages/airflow/example_dags/example_task_group.py
[2025-02-27T03:11:42.517+0000] {processor.py:914} INFO - Processing file /home/airflow/.local/lib/python3.12/site-packages/airflow/example_dags/example_task_group.py for tasks to queue
[2025-02-27T03:11:42.521+0000] {logging_mixin.py:190} INFO - [2025-02-27T03:11:42.520+0000] {dagbag.py:588} INFO - Filling up the DagBag from /home/airflow/.local/lib/python3.12/site-packages/airflow/example_dags/example_task_group.py
[2025-02-27T03:11:42.538+0000] {processor.py:925} INFO - DAG(s) 'example_task_group' retrieved from /home/airflow/.local/lib/python3.12/site-packages/airflow/example_dags/example_task_group.py
[2025-02-27T03:11:42.775+0000] {logging_mixin.py:190} INFO - [2025-02-27T03:11:42.774+0000] {dag.py:3239} INFO - Sync 1 DAGs
[2025-02-27T03:11:42.814+0000] {logging_mixin.py:190} INFO - [2025-02-27T03:11:42.814+0000] {dag.py:4180} INFO - Setting next_dagrun for example_task_group to None, run_after=None
[2025-02-27T03:11:42.876+0000] {processor.py:208} INFO - Processing /home/airflow/.local/lib/python3.12/site-packages/airflow/example_dags/example_task_group.py took 0.373 seconds
[2025-02-27T03:12:13.484+0000] {processor.py:186} INFO - Started process (PID=2264) to work on /home/airflow/.local/lib/python3.12/site-packages/airflow/example_dags/example_task_group.py
[2025-02-27T03:12:13.487+0000] {processor.py:914} INFO - Processing file /home/airflow/.local/lib/python3.12/site-packages/airflow/example_dags/example_task_group.py for tasks to queue
[2025-02-27T03:12:13.494+0000] {logging_mixin.py:190} INFO - [2025-02-27T03:12:13.492+0000] {dagbag.py:588} INFO - Filling up the DagBag from /home/airflow/.local/lib/python3.12/site-packages/airflow/example_dags/example_task_group.py
[2025-02-27T03:12:13.529+0000] {processor.py:925} INFO - DAG(s) 'example_task_group' retrieved from /home/airflow/.local/lib/python3.12/site-packages/airflow/example_dags/example_task_group.py
[2025-02-27T03:12:13.730+0000] {logging_mixin.py:190} INFO - [2025-02-27T03:12:13.729+0000] {dag.py:3239} INFO - Sync 1 DAGs
[2025-02-27T03:12:13.793+0000] {logging_mixin.py:190} INFO - [2025-02-27T03:12:13.792+0000] {dag.py:4180} INFO - Setting next_dagrun for example_task_group to None, run_after=None
[2025-02-27T03:12:13.869+0000] {processor.py:208} INFO - Processing /home/airflow/.local/lib/python3.12/site-packages/airflow/example_dags/example_task_group.py took 0.402 seconds
[2025-02-27T03:12:44.392+0000] {processor.py:186} INFO - Started process (PID=2326) to work on /home/airflow/.local/lib/python3.12/site-packages/airflow/example_dags/example_task_group.py
[2025-02-27T03:12:44.394+0000] {processor.py:914} INFO - Processing file /home/airflow/.local/lib/python3.12/site-packages/airflow/example_dags/example_task_group.py for tasks to queue
[2025-02-27T03:12:44.401+0000] {logging_mixin.py:190} INFO - [2025-02-27T03:12:44.401+0000] {dagbag.py:588} INFO - Filling up the DagBag from /home/airflow/.local/lib/python3.12/site-packages/airflow/example_dags/example_task_group.py
[2025-02-27T03:12:44.424+0000] {processor.py:925} INFO - DAG(s) 'example_task_group' retrieved from /home/airflow/.local/lib/python3.12/site-packages/airflow/example_dags/example_task_group.py
[2025-02-27T03:12:44.635+0000] {logging_mixin.py:190} INFO - [2025-02-27T03:12:44.635+0000] {dag.py:3239} INFO - Sync 1 DAGs
[2025-02-27T03:12:44.678+0000] {logging_mixin.py:190} INFO - [2025-02-27T03:12:44.678+0000] {dag.py:4180} INFO - Setting next_dagrun for example_task_group to None, run_after=None
[2025-02-27T03:12:44.729+0000] {processor.py:208} INFO - Processing /home/airflow/.local/lib/python3.12/site-packages/airflow/example_dags/example_task_group.py took 0.346 seconds
[2025-02-27T03:13:14.877+0000] {processor.py:186} INFO - Started process (PID=2389) to work on /home/airflow/.local/lib/python3.12/site-packages/airflow/example_dags/example_task_group.py
[2025-02-27T03:13:14.879+0000] {processor.py:914} INFO - Processing file /home/airflow/.local/lib/python3.12/site-packages/airflow/example_dags/example_task_group.py for tasks to queue
[2025-02-27T03:13:14.882+0000] {logging_mixin.py:190} INFO - [2025-02-27T03:13:14.881+0000] {dagbag.py:588} INFO - Filling up the DagBag from /home/airflow/.local/lib/python3.12/site-packages/airflow/example_dags/example_task_group.py
[2025-02-27T03:13:14.893+0000] {processor.py:925} INFO - DAG(s) 'example_task_group' retrieved from /home/airflow/.local/lib/python3.12/site-packages/airflow/example_dags/example_task_group.py
[2025-02-27T03:13:15.032+0000] {logging_mixin.py:190} INFO - [2025-02-27T03:13:15.032+0000] {dag.py:3239} INFO - Sync 1 DAGs
[2025-02-27T03:13:15.076+0000] {logging_mixin.py:190} INFO - [2025-02-27T03:13:15.075+0000] {dag.py:4180} INFO - Setting next_dagrun for example_task_group to None, run_after=None
[2025-02-27T03:13:15.138+0000] {processor.py:208} INFO - Processing /home/airflow/.local/lib/python3.12/site-packages/airflow/example_dags/example_task_group.py took 0.269 seconds
[2025-02-27T03:13:45.515+0000] {processor.py:186} INFO - Started process (PID=2452) to work on /home/airflow/.local/lib/python3.12/site-packages/airflow/example_dags/example_task_group.py
[2025-02-27T03:13:45.517+0000] {processor.py:914} INFO - Processing file /home/airflow/.local/lib/python3.12/site-packages/airflow/example_dags/example_task_group.py for tasks to queue
[2025-02-27T03:13:45.521+0000] {logging_mixin.py:190} INFO - [2025-02-27T03:13:45.520+0000] {dagbag.py:588} INFO - Filling up the DagBag from /home/airflow/.local/lib/python3.12/site-packages/airflow/example_dags/example_task_group.py
[2025-02-27T03:13:45.532+0000] {processor.py:925} INFO - DAG(s) 'example_task_group' retrieved from /home/airflow/.local/lib/python3.12/site-packages/airflow/example_dags/example_task_group.py
[2025-02-27T03:13:45.667+0000] {logging_mixin.py:190} INFO - [2025-02-27T03:13:45.667+0000] {dag.py:3239} INFO - Sync 1 DAGs
[2025-02-27T03:13:45.714+0000] {logging_mixin.py:190} INFO - [2025-02-27T03:13:45.714+0000] {dag.py:4180} INFO - Setting next_dagrun for example_task_group to None, run_after=None
[2025-02-27T03:13:45.774+0000] {processor.py:208} INFO - Processing /home/airflow/.local/lib/python3.12/site-packages/airflow/example_dags/example_task_group.py took 0.269 seconds
[2025-02-27T03:14:16.067+0000] {processor.py:186} INFO - Started process (PID=2515) to work on /home/airflow/.local/lib/python3.12/site-packages/airflow/example_dags/example_task_group.py
[2025-02-27T03:14:16.068+0000] {processor.py:914} INFO - Processing file /home/airflow/.local/lib/python3.12/site-packages/airflow/example_dags/example_task_group.py for tasks to queue
[2025-02-27T03:14:16.073+0000] {logging_mixin.py:190} INFO - [2025-02-27T03:14:16.072+0000] {dagbag.py:588} INFO - Filling up the DagBag from /home/airflow/.local/lib/python3.12/site-packages/airflow/example_dags/example_task_group.py
[2025-02-27T03:14:16.092+0000] {processor.py:925} INFO - DAG(s) 'example_task_group' retrieved from /home/airflow/.local/lib/python3.12/site-packages/airflow/example_dags/example_task_group.py
[2025-02-27T03:14:16.295+0000] {logging_mixin.py:190} INFO - [2025-02-27T03:14:16.294+0000] {dag.py:3239} INFO - Sync 1 DAGs
[2025-02-27T03:14:16.364+0000] {logging_mixin.py:190} INFO - [2025-02-27T03:14:16.363+0000] {dag.py:4180} INFO - Setting next_dagrun for example_task_group to None, run_after=None
[2025-02-27T03:14:16.472+0000] {processor.py:208} INFO - Processing /home/airflow/.local/lib/python3.12/site-packages/airflow/example_dags/example_task_group.py took 0.416 seconds
[2025-02-27T03:14:48.440+0000] {processor.py:186} INFO - Started process (PID=2578) to work on /home/airflow/.local/lib/python3.12/site-packages/airflow/example_dags/example_task_group.py
[2025-02-27T03:14:48.441+0000] {processor.py:914} INFO - Processing file /home/airflow/.local/lib/python3.12/site-packages/airflow/example_dags/example_task_group.py for tasks to queue
[2025-02-27T03:14:48.445+0000] {logging_mixin.py:190} INFO - [2025-02-27T03:14:48.445+0000] {dagbag.py:588} INFO - Filling up the DagBag from /home/airflow/.local/lib/python3.12/site-packages/airflow/example_dags/example_task_group.py
[2025-02-27T03:14:48.459+0000] {processor.py:925} INFO - DAG(s) 'example_task_group' retrieved from /home/airflow/.local/lib/python3.12/site-packages/airflow/example_dags/example_task_group.py
[2025-02-27T03:14:48.608+0000] {logging_mixin.py:190} INFO - [2025-02-27T03:14:48.608+0000] {dag.py:3239} INFO - Sync 1 DAGs
[2025-02-27T03:14:48.656+0000] {logging_mixin.py:190} INFO - [2025-02-27T03:14:48.656+0000] {dag.py:4180} INFO - Setting next_dagrun for example_task_group to None, run_after=None
[2025-02-27T03:14:48.729+0000] {processor.py:208} INFO - Processing /home/airflow/.local/lib/python3.12/site-packages/airflow/example_dags/example_task_group.py took 0.297 seconds
[2025-02-27T03:15:18.941+0000] {processor.py:186} INFO - Started process (PID=2641) to work on /home/airflow/.local/lib/python3.12/site-packages/airflow/example_dags/example_task_group.py
[2025-02-27T03:15:18.943+0000] {processor.py:914} INFO - Processing file /home/airflow/.local/lib/python3.12/site-packages/airflow/example_dags/example_task_group.py for tasks to queue
[2025-02-27T03:15:18.946+0000] {logging_mixin.py:190} INFO - [2025-02-27T03:15:18.946+0000] {dagbag.py:588} INFO - Filling up the DagBag from /home/airflow/.local/lib/python3.12/site-packages/airflow/example_dags/example_task_group.py
[2025-02-27T03:15:18.960+0000] {processor.py:925} INFO - DAG(s) 'example_task_group' retrieved from /home/airflow/.local/lib/python3.12/site-packages/airflow/example_dags/example_task_group.py
[2025-02-27T03:15:19.092+0000] {logging_mixin.py:190} INFO - [2025-02-27T03:15:19.092+0000] {dag.py:3239} INFO - Sync 1 DAGs
[2025-02-27T03:15:19.133+0000] {logging_mixin.py:190} INFO - [2025-02-27T03:15:19.133+0000] {dag.py:4180} INFO - Setting next_dagrun for example_task_group to None, run_after=None
[2025-02-27T03:15:19.180+0000] {processor.py:208} INFO - Processing /home/airflow/.local/lib/python3.12/site-packages/airflow/example_dags/example_task_group.py took 0.247 seconds
[2025-02-27T03:15:50.440+0000] {processor.py:186} INFO - Started process (PID=2710) to work on /home/airflow/.local/lib/python3.12/site-packages/airflow/example_dags/example_task_group.py
[2025-02-27T03:15:50.442+0000] {processor.py:914} INFO - Processing file /home/airflow/.local/lib/python3.12/site-packages/airflow/example_dags/example_task_group.py for tasks to queue
[2025-02-27T03:15:50.448+0000] {logging_mixin.py:190} INFO - [2025-02-27T03:15:50.447+0000] {dagbag.py:588} INFO - Filling up the DagBag from /home/airflow/.local/lib/python3.12/site-packages/airflow/example_dags/example_task_group.py
[2025-02-27T03:15:50.470+0000] {processor.py:925} INFO - DAG(s) 'example_task_group' retrieved from /home/airflow/.local/lib/python3.12/site-packages/airflow/example_dags/example_task_group.py
[2025-02-27T03:15:50.662+0000] {logging_mixin.py:190} INFO - [2025-02-27T03:15:50.662+0000] {dag.py:3239} INFO - Sync 1 DAGs
[2025-02-27T03:15:50.701+0000] {logging_mixin.py:190} INFO - [2025-02-27T03:15:50.701+0000] {dag.py:4180} INFO - Setting next_dagrun for example_task_group to None, run_after=None
[2025-02-27T03:15:50.763+0000] {processor.py:208} INFO - Processing /home/airflow/.local/lib/python3.12/site-packages/airflow/example_dags/example_task_group.py took 0.339 seconds
[2025-02-27T03:16:21.222+0000] {processor.py:186} INFO - Started process (PID=2773) to work on /home/airflow/.local/lib/python3.12/site-packages/airflow/example_dags/example_task_group.py
[2025-02-27T03:16:21.224+0000] {processor.py:914} INFO - Processing file /home/airflow/.local/lib/python3.12/site-packages/airflow/example_dags/example_task_group.py for tasks to queue
[2025-02-27T03:16:21.228+0000] {logging_mixin.py:190} INFO - [2025-02-27T03:16:21.227+0000] {dagbag.py:588} INFO - Filling up the DagBag from /home/airflow/.local/lib/python3.12/site-packages/airflow/example_dags/example_task_group.py
[2025-02-27T03:16:21.244+0000] {processor.py:925} INFO - DAG(s) 'example_task_group' retrieved from /home/airflow/.local/lib/python3.12/site-packages/airflow/example_dags/example_task_group.py
[2025-02-27T03:16:21.464+0000] {logging_mixin.py:190} INFO - [2025-02-27T03:16:21.463+0000] {dag.py:3239} INFO - Sync 1 DAGs
[2025-02-27T03:16:21.518+0000] {logging_mixin.py:190} INFO - [2025-02-27T03:16:21.518+0000] {dag.py:4180} INFO - Setting next_dagrun for example_task_group to None, run_after=None
[2025-02-27T03:16:21.600+0000] {processor.py:208} INFO - Processing /home/airflow/.local/lib/python3.12/site-packages/airflow/example_dags/example_task_group.py took 0.386 seconds
[2025-02-27T03:16:52.024+0000] {processor.py:186} INFO - Started process (PID=2836) to work on /home/airflow/.local/lib/python3.12/site-packages/airflow/example_dags/example_task_group.py
[2025-02-27T03:16:52.026+0000] {processor.py:914} INFO - Processing file /home/airflow/.local/lib/python3.12/site-packages/airflow/example_dags/example_task_group.py for tasks to queue
[2025-02-27T03:16:52.031+0000] {logging_mixin.py:190} INFO - [2025-02-27T03:16:52.030+0000] {dagbag.py:588} INFO - Filling up the DagBag from /home/airflow/.local/lib/python3.12/site-packages/airflow/example_dags/example_task_group.py
[2025-02-27T03:16:52.050+0000] {processor.py:925} INFO - DAG(s) 'example_task_group' retrieved from /home/airflow/.local/lib/python3.12/site-packages/airflow/example_dags/example_task_group.py
[2025-02-27T03:16:52.258+0000] {logging_mixin.py:190} INFO - [2025-02-27T03:16:52.257+0000] {dag.py:3239} INFO - Sync 1 DAGs
[2025-02-27T03:16:52.344+0000] {logging_mixin.py:190} INFO - [2025-02-27T03:16:52.343+0000] {dag.py:4180} INFO - Setting next_dagrun for example_task_group to None, run_after=None
[2025-02-27T03:16:52.418+0000] {processor.py:208} INFO - Processing /home/airflow/.local/lib/python3.12/site-packages/airflow/example_dags/example_task_group.py took 0.405 seconds
[2025-02-27T03:17:22.622+0000] {processor.py:186} INFO - Started process (PID=2898) to work on /home/airflow/.local/lib/python3.12/site-packages/airflow/example_dags/example_task_group.py
[2025-02-27T03:17:22.623+0000] {processor.py:914} INFO - Processing file /home/airflow/.local/lib/python3.12/site-packages/airflow/example_dags/example_task_group.py for tasks to queue
[2025-02-27T03:17:22.627+0000] {logging_mixin.py:190} INFO - [2025-02-27T03:17:22.626+0000] {dagbag.py:588} INFO - Filling up the DagBag from /home/airflow/.local/lib/python3.12/site-packages/airflow/example_dags/example_task_group.py
[2025-02-27T03:17:22.641+0000] {processor.py:925} INFO - DAG(s) 'example_task_group' retrieved from /home/airflow/.local/lib/python3.12/site-packages/airflow/example_dags/example_task_group.py
[2025-02-27T03:17:22.770+0000] {logging_mixin.py:190} INFO - [2025-02-27T03:17:22.770+0000] {dag.py:3239} INFO - Sync 1 DAGs
[2025-02-27T03:17:22.806+0000] {logging_mixin.py:190} INFO - [2025-02-27T03:17:22.805+0000] {dag.py:4180} INFO - Setting next_dagrun for example_task_group to None, run_after=None
[2025-02-27T03:17:22.865+0000] {processor.py:208} INFO - Processing /home/airflow/.local/lib/python3.12/site-packages/airflow/example_dags/example_task_group.py took 0.250 seconds
[2025-02-27T03:17:53.057+0000] {processor.py:186} INFO - Started process (PID=2961) to work on /home/airflow/.local/lib/python3.12/site-packages/airflow/example_dags/example_task_group.py
[2025-02-27T03:17:53.058+0000] {processor.py:914} INFO - Processing file /home/airflow/.local/lib/python3.12/site-packages/airflow/example_dags/example_task_group.py for tasks to queue
[2025-02-27T03:17:53.061+0000] {logging_mixin.py:190} INFO - [2025-02-27T03:17:53.061+0000] {dagbag.py:588} INFO - Filling up the DagBag from /home/airflow/.local/lib/python3.12/site-packages/airflow/example_dags/example_task_group.py
[2025-02-27T03:17:53.074+0000] {processor.py:925} INFO - DAG(s) 'example_task_group' retrieved from /home/airflow/.local/lib/python3.12/site-packages/airflow/example_dags/example_task_group.py
[2025-02-27T03:17:53.208+0000] {logging_mixin.py:190} INFO - [2025-02-27T03:17:53.208+0000] {dag.py:3239} INFO - Sync 1 DAGs
[2025-02-27T03:17:53.249+0000] {logging_mixin.py:190} INFO - [2025-02-27T03:17:53.248+0000] {dag.py:4180} INFO - Setting next_dagrun for example_task_group to None, run_after=None
[2025-02-27T03:17:53.307+0000] {processor.py:208} INFO - Processing /home/airflow/.local/lib/python3.12/site-packages/airflow/example_dags/example_task_group.py took 0.257 seconds
[2025-02-27T03:18:23.540+0000] {processor.py:186} INFO - Started process (PID=3024) to work on /home/airflow/.local/lib/python3.12/site-packages/airflow/example_dags/example_task_group.py
[2025-02-27T03:18:23.542+0000] {processor.py:914} INFO - Processing file /home/airflow/.local/lib/python3.12/site-packages/airflow/example_dags/example_task_group.py for tasks to queue
[2025-02-27T03:18:23.546+0000] {logging_mixin.py:190} INFO - [2025-02-27T03:18:23.545+0000] {dagbag.py:588} INFO - Filling up the DagBag from /home/airflow/.local/lib/python3.12/site-packages/airflow/example_dags/example_task_group.py
[2025-02-27T03:18:23.557+0000] {processor.py:925} INFO - DAG(s) 'example_task_group' retrieved from /home/airflow/.local/lib/python3.12/site-packages/airflow/example_dags/example_task_group.py
[2025-02-27T03:18:23.693+0000] {logging_mixin.py:190} INFO - [2025-02-27T03:18:23.692+0000] {dag.py:3239} INFO - Sync 1 DAGs
[2025-02-27T03:18:23.733+0000] {logging_mixin.py:190} INFO - [2025-02-27T03:18:23.733+0000] {dag.py:4180} INFO - Setting next_dagrun for example_task_group to None, run_after=None
[2025-02-27T03:18:23.791+0000] {processor.py:208} INFO - Processing /home/airflow/.local/lib/python3.12/site-packages/airflow/example_dags/example_task_group.py took 0.262 seconds
[2025-02-27T03:18:54.288+0000] {processor.py:186} INFO - Started process (PID=3087) to work on /home/airflow/.local/lib/python3.12/site-packages/airflow/example_dags/example_task_group.py
[2025-02-27T03:18:54.290+0000] {processor.py:914} INFO - Processing file /home/airflow/.local/lib/python3.12/site-packages/airflow/example_dags/example_task_group.py for tasks to queue
[2025-02-27T03:18:54.295+0000] {logging_mixin.py:190} INFO - [2025-02-27T03:18:54.294+0000] {dagbag.py:588} INFO - Filling up the DagBag from /home/airflow/.local/lib/python3.12/site-packages/airflow/example_dags/example_task_group.py
[2025-02-27T03:18:54.316+0000] {processor.py:925} INFO - DAG(s) 'example_task_group' retrieved from /home/airflow/.local/lib/python3.12/site-packages/airflow/example_dags/example_task_group.py
[2025-02-27T03:18:54.499+0000] {logging_mixin.py:190} INFO - [2025-02-27T03:18:54.499+0000] {dag.py:3239} INFO - Sync 1 DAGs
[2025-02-27T03:18:54.554+0000] {logging_mixin.py:190} INFO - [2025-02-27T03:18:54.554+0000] {dag.py:4180} INFO - Setting next_dagrun for example_task_group to None, run_after=None
[2025-02-27T03:18:54.606+0000] {processor.py:208} INFO - Processing /home/airflow/.local/lib/python3.12/site-packages/airflow/example_dags/example_task_group.py took 0.336 seconds
[2025-02-27T03:19:26.098+0000] {processor.py:186} INFO - Started process (PID=3151) to work on /home/airflow/.local/lib/python3.12/site-packages/airflow/example_dags/example_task_group.py
[2025-02-27T03:19:26.100+0000] {processor.py:914} INFO - Processing file /home/airflow/.local/lib/python3.12/site-packages/airflow/example_dags/example_task_group.py for tasks to queue
[2025-02-27T03:19:26.105+0000] {logging_mixin.py:190} INFO - [2025-02-27T03:19:26.104+0000] {dagbag.py:588} INFO - Filling up the DagBag from /home/airflow/.local/lib/python3.12/site-packages/airflow/example_dags/example_task_group.py
[2025-02-27T03:19:26.122+0000] {processor.py:925} INFO - DAG(s) 'example_task_group' retrieved from /home/airflow/.local/lib/python3.12/site-packages/airflow/example_dags/example_task_group.py
[2025-02-27T03:19:26.283+0000] {logging_mixin.py:190} INFO - [2025-02-27T03:19:26.282+0000] {dag.py:3239} INFO - Sync 1 DAGs
[2025-02-27T03:19:26.340+0000] {logging_mixin.py:190} INFO - [2025-02-27T03:19:26.339+0000] {dag.py:4180} INFO - Setting next_dagrun for example_task_group to None, run_after=None
[2025-02-27T03:19:26.418+0000] {processor.py:208} INFO - Processing /home/airflow/.local/lib/python3.12/site-packages/airflow/example_dags/example_task_group.py took 0.332 seconds
[2025-02-27T03:19:57.826+0000] {processor.py:186} INFO - Started process (PID=3214) to work on /home/airflow/.local/lib/python3.12/site-packages/airflow/example_dags/example_task_group.py
[2025-02-27T03:19:57.828+0000] {processor.py:914} INFO - Processing file /home/airflow/.local/lib/python3.12/site-packages/airflow/example_dags/example_task_group.py for tasks to queue
[2025-02-27T03:19:57.832+0000] {logging_mixin.py:190} INFO - [2025-02-27T03:19:57.831+0000] {dagbag.py:588} INFO - Filling up the DagBag from /home/airflow/.local/lib/python3.12/site-packages/airflow/example_dags/example_task_group.py
[2025-02-27T03:19:57.857+0000] {processor.py:925} INFO - DAG(s) 'example_task_group' retrieved from /home/airflow/.local/lib/python3.12/site-packages/airflow/example_dags/example_task_group.py
[2025-02-27T03:19:58.031+0000] {logging_mixin.py:190} INFO - [2025-02-27T03:19:58.031+0000] {dag.py:3239} INFO - Sync 1 DAGs
[2025-02-27T03:19:58.073+0000] {logging_mixin.py:190} INFO - [2025-02-27T03:19:58.073+0000] {dag.py:4180} INFO - Setting next_dagrun for example_task_group to None, run_after=None
[2025-02-27T03:19:58.135+0000] {processor.py:208} INFO - Processing /home/airflow/.local/lib/python3.12/site-packages/airflow/example_dags/example_task_group.py took 0.319 seconds
[2025-02-27T03:20:28.245+0000] {processor.py:186} INFO - Started process (PID=3277) to work on /home/airflow/.local/lib/python3.12/site-packages/airflow/example_dags/example_task_group.py
[2025-02-27T03:20:28.247+0000] {processor.py:914} INFO - Processing file /home/airflow/.local/lib/python3.12/site-packages/airflow/example_dags/example_task_group.py for tasks to queue
[2025-02-27T03:20:28.250+0000] {logging_mixin.py:190} INFO - [2025-02-27T03:20:28.250+0000] {dagbag.py:588} INFO - Filling up the DagBag from /home/airflow/.local/lib/python3.12/site-packages/airflow/example_dags/example_task_group.py
[2025-02-27T03:20:28.264+0000] {processor.py:925} INFO - DAG(s) 'example_task_group' retrieved from /home/airflow/.local/lib/python3.12/site-packages/airflow/example_dags/example_task_group.py
[2025-02-27T03:20:28.419+0000] {logging_mixin.py:190} INFO - [2025-02-27T03:20:28.419+0000] {dag.py:3239} INFO - Sync 1 DAGs
[2025-02-27T03:20:28.457+0000] {logging_mixin.py:190} INFO - [2025-02-27T03:20:28.457+0000] {dag.py:4180} INFO - Setting next_dagrun for example_task_group to None, run_after=None
[2025-02-27T03:20:28.525+0000] {processor.py:208} INFO - Processing /home/airflow/.local/lib/python3.12/site-packages/airflow/example_dags/example_task_group.py took 0.287 seconds
[2025-02-27T03:20:59.022+0000] {processor.py:186} INFO - Started process (PID=3339) to work on /home/airflow/.local/lib/python3.12/site-packages/airflow/example_dags/example_task_group.py
[2025-02-27T03:20:59.023+0000] {processor.py:914} INFO - Processing file /home/airflow/.local/lib/python3.12/site-packages/airflow/example_dags/example_task_group.py for tasks to queue
[2025-02-27T03:20:59.027+0000] {logging_mixin.py:190} INFO - [2025-02-27T03:20:59.027+0000] {dagbag.py:588} INFO - Filling up the DagBag from /home/airflow/.local/lib/python3.12/site-packages/airflow/example_dags/example_task_group.py
[2025-02-27T03:20:59.044+0000] {processor.py:925} INFO - DAG(s) 'example_task_group' retrieved from /home/airflow/.local/lib/python3.12/site-packages/airflow/example_dags/example_task_group.py
[2025-02-27T03:20:59.198+0000] {logging_mixin.py:190} INFO - [2025-02-27T03:20:59.197+0000] {dag.py:3239} INFO - Sync 1 DAGs
[2025-02-27T03:20:59.252+0000] {logging_mixin.py:190} INFO - [2025-02-27T03:20:59.251+0000] {dag.py:4180} INFO - Setting next_dagrun for example_task_group to None, run_after=None
[2025-02-27T03:20:59.343+0000] {processor.py:208} INFO - Processing /home/airflow/.local/lib/python3.12/site-packages/airflow/example_dags/example_task_group.py took 0.329 seconds
