[2025-02-27T02:51:27.137+0000] {processor.py:186} INFO - Started process (PID=90) to work on /home/airflow/.local/lib/python3.12/site-packages/airflow/example_dags/example_short_circuit_operator.py
[2025-02-27T02:51:27.139+0000] {processor.py:914} INFO - Processing file /home/airflow/.local/lib/python3.12/site-packages/airflow/example_dags/example_short_circuit_operator.py for tasks to queue
[2025-02-27T02:51:27.144+0000] {logging_mixin.py:190} INFO - [2025-02-27T02:51:27.143+0000] {dagbag.py:588} INFO - Filling up the DagBag from /home/airflow/.local/lib/python3.12/site-packages/airflow/example_dags/example_short_circuit_operator.py
[2025-02-27T02:51:27.165+0000] {processor.py:925} INFO - DAG(s) 'example_short_circuit_operator' retrieved from /home/airflow/.local/lib/python3.12/site-packages/airflow/example_dags/example_short_circuit_operator.py
[2025-02-27T02:51:27.413+0000] {logging_mixin.py:190} INFO - [2025-02-27T02:51:27.411+0000] {override.py:1912} INFO - Created Permission View: can delete on DAG:example_short_circuit_operator
[2025-02-27T02:51:27.439+0000] {logging_mixin.py:190} INFO - [2025-02-27T02:51:27.438+0000] {override.py:1912} INFO - Created Permission View: can read on DAG:example_short_circuit_operator
[2025-02-27T02:51:27.458+0000] {logging_mixin.py:190} INFO - [2025-02-27T02:51:27.457+0000] {override.py:1912} INFO - Created Permission View: can edit on DAG:example_short_circuit_operator
[2025-02-27T02:51:27.480+0000] {logging_mixin.py:190} INFO - [2025-02-27T02:51:27.479+0000] {override.py:1912} INFO - Created Permission View: menu access on DAG Run:example_short_circuit_operator
[2025-02-27T02:51:27.499+0000] {logging_mixin.py:190} INFO - [2025-02-27T02:51:27.498+0000] {override.py:1912} INFO - Created Permission View: can delete on DAG Run:example_short_circuit_operator
[2025-02-27T02:51:27.517+0000] {logging_mixin.py:190} INFO - [2025-02-27T02:51:27.516+0000] {override.py:1912} INFO - Created Permission View: can read on DAG Run:example_short_circuit_operator
[2025-02-27T02:51:27.536+0000] {logging_mixin.py:190} INFO - [2025-02-27T02:51:27.535+0000] {override.py:1912} INFO - Created Permission View: can create on DAG Run:example_short_circuit_operator
[2025-02-27T02:51:27.537+0000] {logging_mixin.py:190} INFO - [2025-02-27T02:51:27.537+0000] {dag.py:3239} INFO - Sync 1 DAGs
[2025-02-27T02:51:27.569+0000] {logging_mixin.py:190} INFO - [2025-02-27T02:51:27.569+0000] {dag.py:3262} INFO - Creating ORM DAG for example_short_circuit_operator
[2025-02-27T02:51:27.571+0000] {logging_mixin.py:190} INFO - [2025-02-27T02:51:27.571+0000] {dag.py:4180} INFO - Setting next_dagrun for example_short_circuit_operator to None, run_after=None
[2025-02-27T02:51:27.616+0000] {processor.py:208} INFO - Processing /home/airflow/.local/lib/python3.12/site-packages/airflow/example_dags/example_short_circuit_operator.py took 0.490 seconds
[2025-02-27T02:54:08.267+0000] {processor.py:186} INFO - Started process (PID=86) to work on /home/airflow/.local/lib/python3.12/site-packages/airflow/example_dags/example_short_circuit_operator.py
[2025-02-27T02:54:08.269+0000] {processor.py:914} INFO - Processing file /home/airflow/.local/lib/python3.12/site-packages/airflow/example_dags/example_short_circuit_operator.py for tasks to queue
[2025-02-27T02:54:08.274+0000] {logging_mixin.py:190} INFO - [2025-02-27T02:54:08.273+0000] {dagbag.py:588} INFO - Filling up the DagBag from /home/airflow/.local/lib/python3.12/site-packages/airflow/example_dags/example_short_circuit_operator.py
[2025-02-27T02:54:08.299+0000] {processor.py:925} INFO - DAG(s) 'example_short_circuit_operator' retrieved from /home/airflow/.local/lib/python3.12/site-packages/airflow/example_dags/example_short_circuit_operator.py
[2025-02-27T02:54:08.731+0000] {logging_mixin.py:190} INFO - [2025-02-27T02:54:08.730+0000] {override.py:1912} INFO - Created Permission View: can read on DAG:example_short_circuit_operator
[2025-02-27T02:54:08.764+0000] {logging_mixin.py:190} INFO - [2025-02-27T02:54:08.763+0000] {override.py:1912} INFO - Created Permission View: can delete on DAG:example_short_circuit_operator
[2025-02-27T02:54:08.785+0000] {logging_mixin.py:190} INFO - [2025-02-27T02:54:08.784+0000] {override.py:1912} INFO - Created Permission View: can edit on DAG:example_short_circuit_operator
[2025-02-27T02:54:08.806+0000] {logging_mixin.py:190} INFO - [2025-02-27T02:54:08.806+0000] {override.py:1912} INFO - Created Permission View: can read on DAG Run:example_short_circuit_operator
[2025-02-27T02:54:08.826+0000] {logging_mixin.py:190} INFO - [2025-02-27T02:54:08.826+0000] {override.py:1912} INFO - Created Permission View: menu access on DAG Run:example_short_circuit_operator
[2025-02-27T02:54:08.848+0000] {logging_mixin.py:190} INFO - [2025-02-27T02:54:08.847+0000] {override.py:1912} INFO - Created Permission View: can delete on DAG Run:example_short_circuit_operator
[2025-02-27T02:54:08.868+0000] {logging_mixin.py:190} INFO - [2025-02-27T02:54:08.867+0000] {override.py:1912} INFO - Created Permission View: can create on DAG Run:example_short_circuit_operator
[2025-02-27T02:54:08.869+0000] {logging_mixin.py:190} INFO - [2025-02-27T02:54:08.869+0000] {dag.py:3239} INFO - Sync 1 DAGs
[2025-02-27T02:54:08.949+0000] {logging_mixin.py:190} INFO - [2025-02-27T02:54:08.948+0000] {dag.py:3262} INFO - Creating ORM DAG for example_short_circuit_operator
[2025-02-27T02:54:08.952+0000] {logging_mixin.py:190} INFO - [2025-02-27T02:54:08.951+0000] {dag.py:4180} INFO - Setting next_dagrun for example_short_circuit_operator to None, run_after=None
[2025-02-27T02:54:09.005+0000] {processor.py:208} INFO - Processing /home/airflow/.local/lib/python3.12/site-packages/airflow/example_dags/example_short_circuit_operator.py took 0.753 seconds
[2025-02-27T02:54:39.266+0000] {processor.py:186} INFO - Started process (PID=149) to work on /home/airflow/.local/lib/python3.12/site-packages/airflow/example_dags/example_short_circuit_operator.py
[2025-02-27T02:54:39.268+0000] {processor.py:914} INFO - Processing file /home/airflow/.local/lib/python3.12/site-packages/airflow/example_dags/example_short_circuit_operator.py for tasks to queue
[2025-02-27T02:54:39.272+0000] {logging_mixin.py:190} INFO - [2025-02-27T02:54:39.271+0000] {dagbag.py:588} INFO - Filling up the DagBag from /home/airflow/.local/lib/python3.12/site-packages/airflow/example_dags/example_short_circuit_operator.py
[2025-02-27T02:54:39.288+0000] {processor.py:925} INFO - DAG(s) 'example_short_circuit_operator' retrieved from /home/airflow/.local/lib/python3.12/site-packages/airflow/example_dags/example_short_circuit_operator.py
[2025-02-27T02:54:39.456+0000] {logging_mixin.py:190} INFO - [2025-02-27T02:54:39.455+0000] {dag.py:3239} INFO - Sync 1 DAGs
[2025-02-27T02:54:39.505+0000] {logging_mixin.py:190} INFO - [2025-02-27T02:54:39.505+0000] {dag.py:4180} INFO - Setting next_dagrun for example_short_circuit_operator to None, run_after=None
[2025-02-27T02:54:39.559+0000] {processor.py:208} INFO - Processing /home/airflow/.local/lib/python3.12/site-packages/airflow/example_dags/example_short_circuit_operator.py took 0.302 seconds
[2025-02-27T02:55:10.049+0000] {processor.py:186} INFO - Started process (PID=211) to work on /home/airflow/.local/lib/python3.12/site-packages/airflow/example_dags/example_short_circuit_operator.py
[2025-02-27T02:55:10.051+0000] {processor.py:914} INFO - Processing file /home/airflow/.local/lib/python3.12/site-packages/airflow/example_dags/example_short_circuit_operator.py for tasks to queue
[2025-02-27T02:55:10.056+0000] {logging_mixin.py:190} INFO - [2025-02-27T02:55:10.056+0000] {dagbag.py:588} INFO - Filling up the DagBag from /home/airflow/.local/lib/python3.12/site-packages/airflow/example_dags/example_short_circuit_operator.py
[2025-02-27T02:55:10.073+0000] {processor.py:925} INFO - DAG(s) 'example_short_circuit_operator' retrieved from /home/airflow/.local/lib/python3.12/site-packages/airflow/example_dags/example_short_circuit_operator.py
[2025-02-27T02:55:10.222+0000] {logging_mixin.py:190} INFO - [2025-02-27T02:55:10.222+0000] {dag.py:3239} INFO - Sync 1 DAGs
[2025-02-27T02:55:10.267+0000] {logging_mixin.py:190} INFO - [2025-02-27T02:55:10.266+0000] {dag.py:4180} INFO - Setting next_dagrun for example_short_circuit_operator to None, run_after=None
[2025-02-27T02:55:10.326+0000] {processor.py:208} INFO - Processing /home/airflow/.local/lib/python3.12/site-packages/airflow/example_dags/example_short_circuit_operator.py took 0.287 seconds
[2025-02-27T02:55:42.901+0000] {processor.py:186} INFO - Started process (PID=274) to work on /home/airflow/.local/lib/python3.12/site-packages/airflow/example_dags/example_short_circuit_operator.py
[2025-02-27T02:55:42.902+0000] {processor.py:914} INFO - Processing file /home/airflow/.local/lib/python3.12/site-packages/airflow/example_dags/example_short_circuit_operator.py for tasks to queue
[2025-02-27T02:55:42.907+0000] {logging_mixin.py:190} INFO - [2025-02-27T02:55:42.906+0000] {dagbag.py:588} INFO - Filling up the DagBag from /home/airflow/.local/lib/python3.12/site-packages/airflow/example_dags/example_short_circuit_operator.py
[2025-02-27T02:55:42.923+0000] {processor.py:925} INFO - DAG(s) 'example_short_circuit_operator' retrieved from /home/airflow/.local/lib/python3.12/site-packages/airflow/example_dags/example_short_circuit_operator.py
[2025-02-27T02:55:43.089+0000] {logging_mixin.py:190} INFO - [2025-02-27T02:55:43.089+0000] {dag.py:3239} INFO - Sync 1 DAGs
[2025-02-27T02:55:43.131+0000] {logging_mixin.py:190} INFO - [2025-02-27T02:55:43.130+0000] {dag.py:4180} INFO - Setting next_dagrun for example_short_circuit_operator to None, run_after=None
[2025-02-27T02:55:43.215+0000] {processor.py:208} INFO - Processing /home/airflow/.local/lib/python3.12/site-packages/airflow/example_dags/example_short_circuit_operator.py took 0.322 seconds
[2025-02-27T02:56:15.451+0000] {processor.py:186} INFO - Started process (PID=337) to work on /home/airflow/.local/lib/python3.12/site-packages/airflow/example_dags/example_short_circuit_operator.py
[2025-02-27T02:56:15.453+0000] {processor.py:914} INFO - Processing file /home/airflow/.local/lib/python3.12/site-packages/airflow/example_dags/example_short_circuit_operator.py for tasks to queue
[2025-02-27T02:56:15.466+0000] {logging_mixin.py:190} INFO - [2025-02-27T02:56:15.465+0000] {dagbag.py:588} INFO - Filling up the DagBag from /home/airflow/.local/lib/python3.12/site-packages/airflow/example_dags/example_short_circuit_operator.py
[2025-02-27T02:56:15.501+0000] {processor.py:925} INFO - DAG(s) 'example_short_circuit_operator' retrieved from /home/airflow/.local/lib/python3.12/site-packages/airflow/example_dags/example_short_circuit_operator.py
[2025-02-27T02:56:15.963+0000] {logging_mixin.py:190} INFO - [2025-02-27T02:56:15.962+0000] {dag.py:3239} INFO - Sync 1 DAGs
[2025-02-27T02:56:16.052+0000] {logging_mixin.py:190} INFO - [2025-02-27T02:56:16.051+0000] {dag.py:4180} INFO - Setting next_dagrun for example_short_circuit_operator to None, run_after=None
[2025-02-27T02:56:16.167+0000] {processor.py:208} INFO - Processing /home/airflow/.local/lib/python3.12/site-packages/airflow/example_dags/example_short_circuit_operator.py took 0.736 seconds
[2025-02-27T02:56:46.972+0000] {processor.py:186} INFO - Started process (PID=406) to work on /home/airflow/.local/lib/python3.12/site-packages/airflow/example_dags/example_short_circuit_operator.py
[2025-02-27T02:56:46.973+0000] {processor.py:914} INFO - Processing file /home/airflow/.local/lib/python3.12/site-packages/airflow/example_dags/example_short_circuit_operator.py for tasks to queue
[2025-02-27T02:56:46.977+0000] {logging_mixin.py:190} INFO - [2025-02-27T02:56:46.977+0000] {dagbag.py:588} INFO - Filling up the DagBag from /home/airflow/.local/lib/python3.12/site-packages/airflow/example_dags/example_short_circuit_operator.py
[2025-02-27T02:56:46.990+0000] {processor.py:925} INFO - DAG(s) 'example_short_circuit_operator' retrieved from /home/airflow/.local/lib/python3.12/site-packages/airflow/example_dags/example_short_circuit_operator.py
[2025-02-27T02:56:47.139+0000] {logging_mixin.py:190} INFO - [2025-02-27T02:56:47.139+0000] {dag.py:3239} INFO - Sync 1 DAGs
[2025-02-27T02:56:47.181+0000] {logging_mixin.py:190} INFO - [2025-02-27T02:56:47.180+0000] {dag.py:4180} INFO - Setting next_dagrun for example_short_circuit_operator to None, run_after=None
[2025-02-27T02:56:47.236+0000] {processor.py:208} INFO - Processing /home/airflow/.local/lib/python3.12/site-packages/airflow/example_dags/example_short_circuit_operator.py took 0.273 seconds
[2025-02-27T02:57:18.393+0000] {processor.py:186} INFO - Started process (PID=469) to work on /home/airflow/.local/lib/python3.12/site-packages/airflow/example_dags/example_short_circuit_operator.py
[2025-02-27T02:57:18.395+0000] {processor.py:914} INFO - Processing file /home/airflow/.local/lib/python3.12/site-packages/airflow/example_dags/example_short_circuit_operator.py for tasks to queue
[2025-02-27T02:57:18.399+0000] {logging_mixin.py:190} INFO - [2025-02-27T02:57:18.398+0000] {dagbag.py:588} INFO - Filling up the DagBag from /home/airflow/.local/lib/python3.12/site-packages/airflow/example_dags/example_short_circuit_operator.py
[2025-02-27T02:57:18.413+0000] {processor.py:925} INFO - DAG(s) 'example_short_circuit_operator' retrieved from /home/airflow/.local/lib/python3.12/site-packages/airflow/example_dags/example_short_circuit_operator.py
[2025-02-27T02:57:18.595+0000] {logging_mixin.py:190} INFO - [2025-02-27T02:57:18.595+0000] {dag.py:3239} INFO - Sync 1 DAGs
[2025-02-27T02:57:18.647+0000] {logging_mixin.py:190} INFO - [2025-02-27T02:57:18.646+0000] {dag.py:4180} INFO - Setting next_dagrun for example_short_circuit_operator to None, run_after=None
[2025-02-27T02:57:18.713+0000] {processor.py:208} INFO - Processing /home/airflow/.local/lib/python3.12/site-packages/airflow/example_dags/example_short_circuit_operator.py took 0.330 seconds
[2025-02-27T02:57:49.798+0000] {processor.py:186} INFO - Started process (PID=531) to work on /home/airflow/.local/lib/python3.12/site-packages/airflow/example_dags/example_short_circuit_operator.py
[2025-02-27T02:57:49.800+0000] {processor.py:914} INFO - Processing file /home/airflow/.local/lib/python3.12/site-packages/airflow/example_dags/example_short_circuit_operator.py for tasks to queue
[2025-02-27T02:57:49.804+0000] {logging_mixin.py:190} INFO - [2025-02-27T02:57:49.803+0000] {dagbag.py:588} INFO - Filling up the DagBag from /home/airflow/.local/lib/python3.12/site-packages/airflow/example_dags/example_short_circuit_operator.py
[2025-02-27T02:57:49.820+0000] {processor.py:925} INFO - DAG(s) 'example_short_circuit_operator' retrieved from /home/airflow/.local/lib/python3.12/site-packages/airflow/example_dags/example_short_circuit_operator.py
[2025-02-27T02:57:49.979+0000] {logging_mixin.py:190} INFO - [2025-02-27T02:57:49.979+0000] {dag.py:3239} INFO - Sync 1 DAGs
[2025-02-27T02:57:50.021+0000] {logging_mixin.py:190} INFO - [2025-02-27T02:57:50.021+0000] {dag.py:4180} INFO - Setting next_dagrun for example_short_circuit_operator to None, run_after=None
[2025-02-27T02:57:50.074+0000] {processor.py:208} INFO - Processing /home/airflow/.local/lib/python3.12/site-packages/airflow/example_dags/example_short_circuit_operator.py took 0.285 seconds
[2025-02-27T02:58:23.166+0000] {processor.py:186} INFO - Started process (PID=594) to work on /home/airflow/.local/lib/python3.12/site-packages/airflow/example_dags/example_short_circuit_operator.py
[2025-02-27T02:58:23.170+0000] {processor.py:914} INFO - Processing file /home/airflow/.local/lib/python3.12/site-packages/airflow/example_dags/example_short_circuit_operator.py for tasks to queue
[2025-02-27T02:58:23.174+0000] {logging_mixin.py:190} INFO - [2025-02-27T02:58:23.173+0000] {dagbag.py:588} INFO - Filling up the DagBag from /home/airflow/.local/lib/python3.12/site-packages/airflow/example_dags/example_short_circuit_operator.py
[2025-02-27T02:58:23.188+0000] {processor.py:925} INFO - DAG(s) 'example_short_circuit_operator' retrieved from /home/airflow/.local/lib/python3.12/site-packages/airflow/example_dags/example_short_circuit_operator.py
[2025-02-27T02:58:23.356+0000] {logging_mixin.py:190} INFO - [2025-02-27T02:58:23.355+0000] {dag.py:3239} INFO - Sync 1 DAGs
[2025-02-27T02:58:23.395+0000] {logging_mixin.py:190} INFO - [2025-02-27T02:58:23.395+0000] {dag.py:4180} INFO - Setting next_dagrun for example_short_circuit_operator to None, run_after=None
[2025-02-27T02:58:23.461+0000] {processor.py:208} INFO - Processing /home/airflow/.local/lib/python3.12/site-packages/airflow/example_dags/example_short_circuit_operator.py took 0.306 seconds
[2025-02-27T02:58:54.362+0000] {processor.py:186} INFO - Started process (PID=657) to work on /home/airflow/.local/lib/python3.12/site-packages/airflow/example_dags/example_short_circuit_operator.py
[2025-02-27T02:58:54.364+0000] {processor.py:914} INFO - Processing file /home/airflow/.local/lib/python3.12/site-packages/airflow/example_dags/example_short_circuit_operator.py for tasks to queue
[2025-02-27T02:58:54.367+0000] {logging_mixin.py:190} INFO - [2025-02-27T02:58:54.367+0000] {dagbag.py:588} INFO - Filling up the DagBag from /home/airflow/.local/lib/python3.12/site-packages/airflow/example_dags/example_short_circuit_operator.py
[2025-02-27T02:58:54.382+0000] {processor.py:925} INFO - DAG(s) 'example_short_circuit_operator' retrieved from /home/airflow/.local/lib/python3.12/site-packages/airflow/example_dags/example_short_circuit_operator.py
[2025-02-27T02:58:54.573+0000] {logging_mixin.py:190} INFO - [2025-02-27T02:58:54.573+0000] {dag.py:3239} INFO - Sync 1 DAGs
[2025-02-27T02:58:54.627+0000] {logging_mixin.py:190} INFO - [2025-02-27T02:58:54.627+0000] {dag.py:4180} INFO - Setting next_dagrun for example_short_circuit_operator to None, run_after=None
[2025-02-27T02:58:54.692+0000] {processor.py:208} INFO - Processing /home/airflow/.local/lib/python3.12/site-packages/airflow/example_dags/example_short_circuit_operator.py took 0.339 seconds
[2025-02-27T02:59:27.658+0000] {processor.py:186} INFO - Started process (PID=720) to work on /home/airflow/.local/lib/python3.12/site-packages/airflow/example_dags/example_short_circuit_operator.py
[2025-02-27T02:59:27.660+0000] {processor.py:914} INFO - Processing file /home/airflow/.local/lib/python3.12/site-packages/airflow/example_dags/example_short_circuit_operator.py for tasks to queue
[2025-02-27T02:59:27.667+0000] {logging_mixin.py:190} INFO - [2025-02-27T02:59:27.666+0000] {dagbag.py:588} INFO - Filling up the DagBag from /home/airflow/.local/lib/python3.12/site-packages/airflow/example_dags/example_short_circuit_operator.py
[2025-02-27T02:59:27.690+0000] {processor.py:925} INFO - DAG(s) 'example_short_circuit_operator' retrieved from /home/airflow/.local/lib/python3.12/site-packages/airflow/example_dags/example_short_circuit_operator.py
[2025-02-27T02:59:27.960+0000] {logging_mixin.py:190} INFO - [2025-02-27T02:59:27.960+0000] {dag.py:3239} INFO - Sync 1 DAGs
[2025-02-27T02:59:28.051+0000] {logging_mixin.py:190} INFO - [2025-02-27T02:59:28.050+0000] {dag.py:4180} INFO - Setting next_dagrun for example_short_circuit_operator to None, run_after=None
[2025-02-27T02:59:28.149+0000] {processor.py:208} INFO - Processing /home/airflow/.local/lib/python3.12/site-packages/airflow/example_dags/example_short_circuit_operator.py took 0.505 seconds
[2025-02-27T02:59:58.999+0000] {processor.py:186} INFO - Started process (PID=783) to work on /home/airflow/.local/lib/python3.12/site-packages/airflow/example_dags/example_short_circuit_operator.py
[2025-02-27T02:59:59.001+0000] {processor.py:914} INFO - Processing file /home/airflow/.local/lib/python3.12/site-packages/airflow/example_dags/example_short_circuit_operator.py for tasks to queue
[2025-02-27T02:59:59.007+0000] {logging_mixin.py:190} INFO - [2025-02-27T02:59:59.005+0000] {dagbag.py:588} INFO - Filling up the DagBag from /home/airflow/.local/lib/python3.12/site-packages/airflow/example_dags/example_short_circuit_operator.py
[2025-02-27T02:59:59.023+0000] {processor.py:925} INFO - DAG(s) 'example_short_circuit_operator' retrieved from /home/airflow/.local/lib/python3.12/site-packages/airflow/example_dags/example_short_circuit_operator.py
[2025-02-27T02:59:59.192+0000] {logging_mixin.py:190} INFO - [2025-02-27T02:59:59.191+0000] {dag.py:3239} INFO - Sync 1 DAGs
[2025-02-27T02:59:59.242+0000] {logging_mixin.py:190} INFO - [2025-02-27T02:59:59.241+0000] {dag.py:4180} INFO - Setting next_dagrun for example_short_circuit_operator to None, run_after=None
[2025-02-27T02:59:59.304+0000] {processor.py:208} INFO - Processing /home/airflow/.local/lib/python3.12/site-packages/airflow/example_dags/example_short_circuit_operator.py took 0.319 seconds
[2025-02-27T03:00:30.920+0000] {processor.py:186} INFO - Started process (PID=846) to work on /home/airflow/.local/lib/python3.12/site-packages/airflow/example_dags/example_short_circuit_operator.py
[2025-02-27T03:00:30.924+0000] {processor.py:914} INFO - Processing file /home/airflow/.local/lib/python3.12/site-packages/airflow/example_dags/example_short_circuit_operator.py for tasks to queue
[2025-02-27T03:00:30.933+0000] {logging_mixin.py:190} INFO - [2025-02-27T03:00:30.932+0000] {dagbag.py:588} INFO - Filling up the DagBag from /home/airflow/.local/lib/python3.12/site-packages/airflow/example_dags/example_short_circuit_operator.py
[2025-02-27T03:00:30.958+0000] {processor.py:925} INFO - DAG(s) 'example_short_circuit_operator' retrieved from /home/airflow/.local/lib/python3.12/site-packages/airflow/example_dags/example_short_circuit_operator.py
[2025-02-27T03:00:31.210+0000] {logging_mixin.py:190} INFO - [2025-02-27T03:00:31.209+0000] {dag.py:3239} INFO - Sync 1 DAGs
[2025-02-27T03:00:31.293+0000] {logging_mixin.py:190} INFO - [2025-02-27T03:00:31.292+0000] {dag.py:4180} INFO - Setting next_dagrun for example_short_circuit_operator to None, run_after=None
[2025-02-27T03:00:31.362+0000] {processor.py:208} INFO - Processing /home/airflow/.local/lib/python3.12/site-packages/airflow/example_dags/example_short_circuit_operator.py took 0.459 seconds
[2025-02-27T03:01:02.257+0000] {processor.py:186} INFO - Started process (PID=909) to work on /home/airflow/.local/lib/python3.12/site-packages/airflow/example_dags/example_short_circuit_operator.py
[2025-02-27T03:01:02.259+0000] {processor.py:914} INFO - Processing file /home/airflow/.local/lib/python3.12/site-packages/airflow/example_dags/example_short_circuit_operator.py for tasks to queue
[2025-02-27T03:01:02.263+0000] {logging_mixin.py:190} INFO - [2025-02-27T03:01:02.262+0000] {dagbag.py:588} INFO - Filling up the DagBag from /home/airflow/.local/lib/python3.12/site-packages/airflow/example_dags/example_short_circuit_operator.py
[2025-02-27T03:01:02.283+0000] {processor.py:925} INFO - DAG(s) 'example_short_circuit_operator' retrieved from /home/airflow/.local/lib/python3.12/site-packages/airflow/example_dags/example_short_circuit_operator.py
[2025-02-27T03:01:02.440+0000] {logging_mixin.py:190} INFO - [2025-02-27T03:01:02.440+0000] {dag.py:3239} INFO - Sync 1 DAGs
[2025-02-27T03:01:02.479+0000] {logging_mixin.py:190} INFO - [2025-02-27T03:01:02.478+0000] {dag.py:4180} INFO - Setting next_dagrun for example_short_circuit_operator to None, run_after=None
[2025-02-27T03:01:02.533+0000] {processor.py:208} INFO - Processing /home/airflow/.local/lib/python3.12/site-packages/airflow/example_dags/example_short_circuit_operator.py took 0.285 seconds
[2025-02-27T03:01:34.623+0000] {processor.py:186} INFO - Started process (PID=972) to work on /home/airflow/.local/lib/python3.12/site-packages/airflow/example_dags/example_short_circuit_operator.py
[2025-02-27T03:01:34.625+0000] {processor.py:914} INFO - Processing file /home/airflow/.local/lib/python3.12/site-packages/airflow/example_dags/example_short_circuit_operator.py for tasks to queue
[2025-02-27T03:01:34.630+0000] {logging_mixin.py:190} INFO - [2025-02-27T03:01:34.629+0000] {dagbag.py:588} INFO - Filling up the DagBag from /home/airflow/.local/lib/python3.12/site-packages/airflow/example_dags/example_short_circuit_operator.py
[2025-02-27T03:01:34.647+0000] {processor.py:925} INFO - DAG(s) 'example_short_circuit_operator' retrieved from /home/airflow/.local/lib/python3.12/site-packages/airflow/example_dags/example_short_circuit_operator.py
[2025-02-27T03:01:34.797+0000] {logging_mixin.py:190} INFO - [2025-02-27T03:01:34.797+0000] {dag.py:3239} INFO - Sync 1 DAGs
[2025-02-27T03:01:34.840+0000] {logging_mixin.py:190} INFO - [2025-02-27T03:01:34.839+0000] {dag.py:4180} INFO - Setting next_dagrun for example_short_circuit_operator to None, run_after=None
[2025-02-27T03:01:34.895+0000] {processor.py:208} INFO - Processing /home/airflow/.local/lib/python3.12/site-packages/airflow/example_dags/example_short_circuit_operator.py took 0.279 seconds
[2025-02-27T03:02:07.150+0000] {processor.py:186} INFO - Started process (PID=1035) to work on /home/airflow/.local/lib/python3.12/site-packages/airflow/example_dags/example_short_circuit_operator.py
[2025-02-27T03:02:07.151+0000] {processor.py:914} INFO - Processing file /home/airflow/.local/lib/python3.12/site-packages/airflow/example_dags/example_short_circuit_operator.py for tasks to queue
[2025-02-27T03:02:07.155+0000] {logging_mixin.py:190} INFO - [2025-02-27T03:02:07.155+0000] {dagbag.py:588} INFO - Filling up the DagBag from /home/airflow/.local/lib/python3.12/site-packages/airflow/example_dags/example_short_circuit_operator.py
[2025-02-27T03:02:07.173+0000] {processor.py:925} INFO - DAG(s) 'example_short_circuit_operator' retrieved from /home/airflow/.local/lib/python3.12/site-packages/airflow/example_dags/example_short_circuit_operator.py
[2025-02-27T03:02:07.337+0000] {logging_mixin.py:190} INFO - [2025-02-27T03:02:07.337+0000] {dag.py:3239} INFO - Sync 1 DAGs
[2025-02-27T03:02:07.385+0000] {logging_mixin.py:190} INFO - [2025-02-27T03:02:07.384+0000] {dag.py:4180} INFO - Setting next_dagrun for example_short_circuit_operator to None, run_after=None
[2025-02-27T03:02:07.439+0000] {processor.py:208} INFO - Processing /home/airflow/.local/lib/python3.12/site-packages/airflow/example_dags/example_short_circuit_operator.py took 0.298 seconds
[2025-02-27T03:02:39.398+0000] {processor.py:186} INFO - Started process (PID=1098) to work on /home/airflow/.local/lib/python3.12/site-packages/airflow/example_dags/example_short_circuit_operator.py
[2025-02-27T03:02:39.400+0000] {processor.py:914} INFO - Processing file /home/airflow/.local/lib/python3.12/site-packages/airflow/example_dags/example_short_circuit_operator.py for tasks to queue
[2025-02-27T03:02:39.404+0000] {logging_mixin.py:190} INFO - [2025-02-27T03:02:39.403+0000] {dagbag.py:588} INFO - Filling up the DagBag from /home/airflow/.local/lib/python3.12/site-packages/airflow/example_dags/example_short_circuit_operator.py
[2025-02-27T03:02:39.428+0000] {processor.py:925} INFO - DAG(s) 'example_short_circuit_operator' retrieved from /home/airflow/.local/lib/python3.12/site-packages/airflow/example_dags/example_short_circuit_operator.py
[2025-02-27T03:02:39.645+0000] {logging_mixin.py:190} INFO - [2025-02-27T03:02:39.645+0000] {dag.py:3239} INFO - Sync 1 DAGs
[2025-02-27T03:02:39.695+0000] {logging_mixin.py:190} INFO - [2025-02-27T03:02:39.694+0000] {dag.py:4180} INFO - Setting next_dagrun for example_short_circuit_operator to None, run_after=None
[2025-02-27T03:02:39.767+0000] {processor.py:208} INFO - Processing /home/airflow/.local/lib/python3.12/site-packages/airflow/example_dags/example_short_circuit_operator.py took 0.376 seconds
[2025-02-27T03:03:12.170+0000] {processor.py:186} INFO - Started process (PID=1161) to work on /home/airflow/.local/lib/python3.12/site-packages/airflow/example_dags/example_short_circuit_operator.py
[2025-02-27T03:03:12.172+0000] {processor.py:914} INFO - Processing file /home/airflow/.local/lib/python3.12/site-packages/airflow/example_dags/example_short_circuit_operator.py for tasks to queue
[2025-02-27T03:03:12.175+0000] {logging_mixin.py:190} INFO - [2025-02-27T03:03:12.175+0000] {dagbag.py:588} INFO - Filling up the DagBag from /home/airflow/.local/lib/python3.12/site-packages/airflow/example_dags/example_short_circuit_operator.py
[2025-02-27T03:03:12.191+0000] {processor.py:925} INFO - DAG(s) 'example_short_circuit_operator' retrieved from /home/airflow/.local/lib/python3.12/site-packages/airflow/example_dags/example_short_circuit_operator.py
[2025-02-27T03:03:12.358+0000] {logging_mixin.py:190} INFO - [2025-02-27T03:03:12.357+0000] {dag.py:3239} INFO - Sync 1 DAGs
[2025-02-27T03:03:12.405+0000] {logging_mixin.py:190} INFO - [2025-02-27T03:03:12.405+0000] {dag.py:4180} INFO - Setting next_dagrun for example_short_circuit_operator to None, run_after=None
[2025-02-27T03:03:12.458+0000] {processor.py:208} INFO - Processing /home/airflow/.local/lib/python3.12/site-packages/airflow/example_dags/example_short_circuit_operator.py took 0.295 seconds
[2025-02-27T03:03:44.915+0000] {processor.py:186} INFO - Started process (PID=1225) to work on /home/airflow/.local/lib/python3.12/site-packages/airflow/example_dags/example_short_circuit_operator.py
[2025-02-27T03:03:44.918+0000] {processor.py:914} INFO - Processing file /home/airflow/.local/lib/python3.12/site-packages/airflow/example_dags/example_short_circuit_operator.py for tasks to queue
[2025-02-27T03:03:44.921+0000] {logging_mixin.py:190} INFO - [2025-02-27T03:03:44.921+0000] {dagbag.py:588} INFO - Filling up the DagBag from /home/airflow/.local/lib/python3.12/site-packages/airflow/example_dags/example_short_circuit_operator.py
[2025-02-27T03:03:44.938+0000] {processor.py:925} INFO - DAG(s) 'example_short_circuit_operator' retrieved from /home/airflow/.local/lib/python3.12/site-packages/airflow/example_dags/example_short_circuit_operator.py
[2025-02-27T03:03:45.115+0000] {logging_mixin.py:190} INFO - [2025-02-27T03:03:45.114+0000] {dag.py:3239} INFO - Sync 1 DAGs
[2025-02-27T03:03:45.166+0000] {logging_mixin.py:190} INFO - [2025-02-27T03:03:45.165+0000] {dag.py:4180} INFO - Setting next_dagrun for example_short_circuit_operator to None, run_after=None
[2025-02-27T03:03:45.224+0000] {processor.py:208} INFO - Processing /home/airflow/.local/lib/python3.12/site-packages/airflow/example_dags/example_short_circuit_operator.py took 0.317 seconds
[2025-02-27T03:04:16.135+0000] {processor.py:186} INFO - Started process (PID=1288) to work on /home/airflow/.local/lib/python3.12/site-packages/airflow/example_dags/example_short_circuit_operator.py
[2025-02-27T03:04:16.137+0000] {processor.py:914} INFO - Processing file /home/airflow/.local/lib/python3.12/site-packages/airflow/example_dags/example_short_circuit_operator.py for tasks to queue
[2025-02-27T03:04:16.143+0000] {logging_mixin.py:190} INFO - [2025-02-27T03:04:16.142+0000] {dagbag.py:588} INFO - Filling up the DagBag from /home/airflow/.local/lib/python3.12/site-packages/airflow/example_dags/example_short_circuit_operator.py
[2025-02-27T03:04:16.163+0000] {processor.py:925} INFO - DAG(s) 'example_short_circuit_operator' retrieved from /home/airflow/.local/lib/python3.12/site-packages/airflow/example_dags/example_short_circuit_operator.py
[2025-02-27T03:04:16.402+0000] {logging_mixin.py:190} INFO - [2025-02-27T03:04:16.402+0000] {dag.py:3239} INFO - Sync 1 DAGs
[2025-02-27T03:04:16.462+0000] {logging_mixin.py:190} INFO - [2025-02-27T03:04:16.462+0000] {dag.py:4180} INFO - Setting next_dagrun for example_short_circuit_operator to None, run_after=None
[2025-02-27T03:04:16.550+0000] {processor.py:208} INFO - Processing /home/airflow/.local/lib/python3.12/site-packages/airflow/example_dags/example_short_circuit_operator.py took 0.428 seconds
[2025-02-27T03:04:48.398+0000] {processor.py:186} INFO - Started process (PID=1357) to work on /home/airflow/.local/lib/python3.12/site-packages/airflow/example_dags/example_short_circuit_operator.py
[2025-02-27T03:04:48.400+0000] {processor.py:914} INFO - Processing file /home/airflow/.local/lib/python3.12/site-packages/airflow/example_dags/example_short_circuit_operator.py for tasks to queue
[2025-02-27T03:04:48.404+0000] {logging_mixin.py:190} INFO - [2025-02-27T03:04:48.404+0000] {dagbag.py:588} INFO - Filling up the DagBag from /home/airflow/.local/lib/python3.12/site-packages/airflow/example_dags/example_short_circuit_operator.py
[2025-02-27T03:04:48.420+0000] {processor.py:925} INFO - DAG(s) 'example_short_circuit_operator' retrieved from /home/airflow/.local/lib/python3.12/site-packages/airflow/example_dags/example_short_circuit_operator.py
[2025-02-27T03:04:48.578+0000] {logging_mixin.py:190} INFO - [2025-02-27T03:04:48.578+0000] {dag.py:3239} INFO - Sync 1 DAGs
[2025-02-27T03:04:48.618+0000] {logging_mixin.py:190} INFO - [2025-02-27T03:04:48.618+0000] {dag.py:4180} INFO - Setting next_dagrun for example_short_circuit_operator to None, run_after=None
[2025-02-27T03:04:48.671+0000] {processor.py:208} INFO - Processing /home/airflow/.local/lib/python3.12/site-packages/airflow/example_dags/example_short_circuit_operator.py took 0.282 seconds
[2025-02-27T03:05:20.165+0000] {processor.py:186} INFO - Started process (PID=1420) to work on /home/airflow/.local/lib/python3.12/site-packages/airflow/example_dags/example_short_circuit_operator.py
[2025-02-27T03:05:20.166+0000] {processor.py:914} INFO - Processing file /home/airflow/.local/lib/python3.12/site-packages/airflow/example_dags/example_short_circuit_operator.py for tasks to queue
[2025-02-27T03:05:20.170+0000] {logging_mixin.py:190} INFO - [2025-02-27T03:05:20.169+0000] {dagbag.py:588} INFO - Filling up the DagBag from /home/airflow/.local/lib/python3.12/site-packages/airflow/example_dags/example_short_circuit_operator.py
[2025-02-27T03:05:20.181+0000] {processor.py:925} INFO - DAG(s) 'example_short_circuit_operator' retrieved from /home/airflow/.local/lib/python3.12/site-packages/airflow/example_dags/example_short_circuit_operator.py
[2025-02-27T03:05:20.349+0000] {logging_mixin.py:190} INFO - [2025-02-27T03:05:20.348+0000] {dag.py:3239} INFO - Sync 1 DAGs
[2025-02-27T03:05:20.391+0000] {logging_mixin.py:190} INFO - [2025-02-27T03:05:20.391+0000] {dag.py:4180} INFO - Setting next_dagrun for example_short_circuit_operator to None, run_after=None
[2025-02-27T03:05:20.441+0000] {processor.py:208} INFO - Processing /home/airflow/.local/lib/python3.12/site-packages/airflow/example_dags/example_short_circuit_operator.py took 0.286 seconds
[2025-02-27T03:05:51.120+0000] {processor.py:186} INFO - Started process (PID=1484) to work on /home/airflow/.local/lib/python3.12/site-packages/airflow/example_dags/example_short_circuit_operator.py
[2025-02-27T03:05:51.122+0000] {processor.py:914} INFO - Processing file /home/airflow/.local/lib/python3.12/site-packages/airflow/example_dags/example_short_circuit_operator.py for tasks to queue
[2025-02-27T03:05:51.129+0000] {logging_mixin.py:190} INFO - [2025-02-27T03:05:51.129+0000] {dagbag.py:588} INFO - Filling up the DagBag from /home/airflow/.local/lib/python3.12/site-packages/airflow/example_dags/example_short_circuit_operator.py
[2025-02-27T03:05:51.149+0000] {processor.py:925} INFO - DAG(s) 'example_short_circuit_operator' retrieved from /home/airflow/.local/lib/python3.12/site-packages/airflow/example_dags/example_short_circuit_operator.py
[2025-02-27T03:05:51.554+0000] {logging_mixin.py:190} INFO - [2025-02-27T03:05:51.553+0000] {dag.py:3239} INFO - Sync 1 DAGs
[2025-02-27T03:05:51.625+0000] {logging_mixin.py:190} INFO - [2025-02-27T03:05:51.625+0000] {dag.py:4180} INFO - Setting next_dagrun for example_short_circuit_operator to None, run_after=None
[2025-02-27T03:05:51.715+0000] {processor.py:208} INFO - Processing /home/airflow/.local/lib/python3.12/site-packages/airflow/example_dags/example_short_circuit_operator.py took 0.611 seconds
[2025-02-27T03:06:21.835+0000] {processor.py:186} INFO - Started process (PID=1546) to work on /home/airflow/.local/lib/python3.12/site-packages/airflow/example_dags/example_short_circuit_operator.py
[2025-02-27T03:06:21.837+0000] {processor.py:914} INFO - Processing file /home/airflow/.local/lib/python3.12/site-packages/airflow/example_dags/example_short_circuit_operator.py for tasks to queue
[2025-02-27T03:06:21.842+0000] {logging_mixin.py:190} INFO - [2025-02-27T03:06:21.841+0000] {dagbag.py:588} INFO - Filling up the DagBag from /home/airflow/.local/lib/python3.12/site-packages/airflow/example_dags/example_short_circuit_operator.py
[2025-02-27T03:06:21.866+0000] {processor.py:925} INFO - DAG(s) 'example_short_circuit_operator' retrieved from /home/airflow/.local/lib/python3.12/site-packages/airflow/example_dags/example_short_circuit_operator.py
[2025-02-27T03:06:22.076+0000] {logging_mixin.py:190} INFO - [2025-02-27T03:06:22.076+0000] {dag.py:3239} INFO - Sync 1 DAGs
[2025-02-27T03:06:22.130+0000] {logging_mixin.py:190} INFO - [2025-02-27T03:06:22.129+0000] {dag.py:4180} INFO - Setting next_dagrun for example_short_circuit_operator to None, run_after=None
[2025-02-27T03:06:22.192+0000] {processor.py:208} INFO - Processing /home/airflow/.local/lib/python3.12/site-packages/airflow/example_dags/example_short_circuit_operator.py took 0.373 seconds
[2025-02-27T03:06:52.650+0000] {processor.py:186} INFO - Started process (PID=1609) to work on /home/airflow/.local/lib/python3.12/site-packages/airflow/example_dags/example_short_circuit_operator.py
[2025-02-27T03:06:52.651+0000] {processor.py:914} INFO - Processing file /home/airflow/.local/lib/python3.12/site-packages/airflow/example_dags/example_short_circuit_operator.py for tasks to queue
[2025-02-27T03:06:52.656+0000] {logging_mixin.py:190} INFO - [2025-02-27T03:06:52.655+0000] {dagbag.py:588} INFO - Filling up the DagBag from /home/airflow/.local/lib/python3.12/site-packages/airflow/example_dags/example_short_circuit_operator.py
[2025-02-27T03:06:52.673+0000] {processor.py:925} INFO - DAG(s) 'example_short_circuit_operator' retrieved from /home/airflow/.local/lib/python3.12/site-packages/airflow/example_dags/example_short_circuit_operator.py
[2025-02-27T03:06:52.839+0000] {logging_mixin.py:190} INFO - [2025-02-27T03:06:52.838+0000] {dag.py:3239} INFO - Sync 1 DAGs
[2025-02-27T03:06:52.884+0000] {logging_mixin.py:190} INFO - [2025-02-27T03:06:52.884+0000] {dag.py:4180} INFO - Setting next_dagrun for example_short_circuit_operator to None, run_after=None
[2025-02-27T03:06:52.937+0000] {processor.py:208} INFO - Processing /home/airflow/.local/lib/python3.12/site-packages/airflow/example_dags/example_short_circuit_operator.py took 0.295 seconds
[2025-02-27T03:07:23.217+0000] {processor.py:186} INFO - Started process (PID=1671) to work on /home/airflow/.local/lib/python3.12/site-packages/airflow/example_dags/example_short_circuit_operator.py
[2025-02-27T03:07:23.219+0000] {processor.py:914} INFO - Processing file /home/airflow/.local/lib/python3.12/site-packages/airflow/example_dags/example_short_circuit_operator.py for tasks to queue
[2025-02-27T03:07:23.225+0000] {logging_mixin.py:190} INFO - [2025-02-27T03:07:23.224+0000] {dagbag.py:588} INFO - Filling up the DagBag from /home/airflow/.local/lib/python3.12/site-packages/airflow/example_dags/example_short_circuit_operator.py
[2025-02-27T03:07:23.239+0000] {processor.py:925} INFO - DAG(s) 'example_short_circuit_operator' retrieved from /home/airflow/.local/lib/python3.12/site-packages/airflow/example_dags/example_short_circuit_operator.py
[2025-02-27T03:07:23.394+0000] {logging_mixin.py:190} INFO - [2025-02-27T03:07:23.393+0000] {dag.py:3239} INFO - Sync 1 DAGs
[2025-02-27T03:07:23.433+0000] {logging_mixin.py:190} INFO - [2025-02-27T03:07:23.432+0000] {dag.py:4180} INFO - Setting next_dagrun for example_short_circuit_operator to None, run_after=None
[2025-02-27T03:07:23.484+0000] {processor.py:208} INFO - Processing /home/airflow/.local/lib/python3.12/site-packages/airflow/example_dags/example_short_circuit_operator.py took 0.281 seconds
[2025-02-27T03:07:53.848+0000] {processor.py:186} INFO - Started process (PID=1734) to work on /home/airflow/.local/lib/python3.12/site-packages/airflow/example_dags/example_short_circuit_operator.py
[2025-02-27T03:07:53.850+0000] {processor.py:914} INFO - Processing file /home/airflow/.local/lib/python3.12/site-packages/airflow/example_dags/example_short_circuit_operator.py for tasks to queue
[2025-02-27T03:07:53.856+0000] {logging_mixin.py:190} INFO - [2025-02-27T03:07:53.855+0000] {dagbag.py:588} INFO - Filling up the DagBag from /home/airflow/.local/lib/python3.12/site-packages/airflow/example_dags/example_short_circuit_operator.py
[2025-02-27T03:07:53.883+0000] {processor.py:925} INFO - DAG(s) 'example_short_circuit_operator' retrieved from /home/airflow/.local/lib/python3.12/site-packages/airflow/example_dags/example_short_circuit_operator.py
[2025-02-27T03:07:54.034+0000] {logging_mixin.py:190} INFO - [2025-02-27T03:07:54.033+0000] {dag.py:3239} INFO - Sync 1 DAGs
[2025-02-27T03:07:54.098+0000] {logging_mixin.py:190} INFO - [2025-02-27T03:07:54.097+0000] {dag.py:4180} INFO - Setting next_dagrun for example_short_circuit_operator to None, run_after=None
[2025-02-27T03:07:54.151+0000] {processor.py:208} INFO - Processing /home/airflow/.local/lib/python3.12/site-packages/airflow/example_dags/example_short_circuit_operator.py took 0.318 seconds
[2025-02-27T03:08:24.895+0000] {processor.py:186} INFO - Started process (PID=1797) to work on /home/airflow/.local/lib/python3.12/site-packages/airflow/example_dags/example_short_circuit_operator.py
[2025-02-27T03:08:24.898+0000] {processor.py:914} INFO - Processing file /home/airflow/.local/lib/python3.12/site-packages/airflow/example_dags/example_short_circuit_operator.py for tasks to queue
[2025-02-27T03:08:24.903+0000] {logging_mixin.py:190} INFO - [2025-02-27T03:08:24.902+0000] {dagbag.py:588} INFO - Filling up the DagBag from /home/airflow/.local/lib/python3.12/site-packages/airflow/example_dags/example_short_circuit_operator.py
[2025-02-27T03:08:24.940+0000] {processor.py:925} INFO - DAG(s) 'example_short_circuit_operator' retrieved from /home/airflow/.local/lib/python3.12/site-packages/airflow/example_dags/example_short_circuit_operator.py
[2025-02-27T03:08:25.125+0000] {logging_mixin.py:190} INFO - [2025-02-27T03:08:25.124+0000] {dag.py:3239} INFO - Sync 1 DAGs
[2025-02-27T03:08:25.179+0000] {logging_mixin.py:190} INFO - [2025-02-27T03:08:25.178+0000] {dag.py:4180} INFO - Setting next_dagrun for example_short_circuit_operator to None, run_after=None
[2025-02-27T03:08:25.259+0000] {processor.py:208} INFO - Processing /home/airflow/.local/lib/python3.12/site-packages/airflow/example_dags/example_short_circuit_operator.py took 0.378 seconds
[2025-02-27T03:08:55.591+0000] {processor.py:186} INFO - Started process (PID=1860) to work on /home/airflow/.local/lib/python3.12/site-packages/airflow/example_dags/example_short_circuit_operator.py
[2025-02-27T03:08:55.593+0000] {processor.py:914} INFO - Processing file /home/airflow/.local/lib/python3.12/site-packages/airflow/example_dags/example_short_circuit_operator.py for tasks to queue
[2025-02-27T03:08:55.598+0000] {logging_mixin.py:190} INFO - [2025-02-27T03:08:55.597+0000] {dagbag.py:588} INFO - Filling up the DagBag from /home/airflow/.local/lib/python3.12/site-packages/airflow/example_dags/example_short_circuit_operator.py
[2025-02-27T03:08:55.617+0000] {processor.py:925} INFO - DAG(s) 'example_short_circuit_operator' retrieved from /home/airflow/.local/lib/python3.12/site-packages/airflow/example_dags/example_short_circuit_operator.py
[2025-02-27T03:08:55.788+0000] {logging_mixin.py:190} INFO - [2025-02-27T03:08:55.788+0000] {dag.py:3239} INFO - Sync 1 DAGs
[2025-02-27T03:08:55.844+0000] {logging_mixin.py:190} INFO - [2025-02-27T03:08:55.843+0000] {dag.py:4180} INFO - Setting next_dagrun for example_short_circuit_operator to None, run_after=None
[2025-02-27T03:08:55.922+0000] {processor.py:208} INFO - Processing /home/airflow/.local/lib/python3.12/site-packages/airflow/example_dags/example_short_circuit_operator.py took 0.342 seconds
[2025-02-27T03:09:26.023+0000] {processor.py:186} INFO - Started process (PID=1923) to work on /home/airflow/.local/lib/python3.12/site-packages/airflow/example_dags/example_short_circuit_operator.py
[2025-02-27T03:09:26.025+0000] {processor.py:914} INFO - Processing file /home/airflow/.local/lib/python3.12/site-packages/airflow/example_dags/example_short_circuit_operator.py for tasks to queue
[2025-02-27T03:09:26.032+0000] {logging_mixin.py:190} INFO - [2025-02-27T03:09:26.031+0000] {dagbag.py:588} INFO - Filling up the DagBag from /home/airflow/.local/lib/python3.12/site-packages/airflow/example_dags/example_short_circuit_operator.py
[2025-02-27T03:09:26.060+0000] {processor.py:925} INFO - DAG(s) 'example_short_circuit_operator' retrieved from /home/airflow/.local/lib/python3.12/site-packages/airflow/example_dags/example_short_circuit_operator.py
[2025-02-27T03:09:26.278+0000] {logging_mixin.py:190} INFO - [2025-02-27T03:09:26.277+0000] {dag.py:3239} INFO - Sync 1 DAGs
[2025-02-27T03:09:26.346+0000] {logging_mixin.py:190} INFO - [2025-02-27T03:09:26.345+0000] {dag.py:4180} INFO - Setting next_dagrun for example_short_circuit_operator to None, run_after=None
[2025-02-27T03:09:26.444+0000] {processor.py:208} INFO - Processing /home/airflow/.local/lib/python3.12/site-packages/airflow/example_dags/example_short_circuit_operator.py took 0.436 seconds
[2025-02-27T03:09:57.051+0000] {processor.py:186} INFO - Started process (PID=1986) to work on /home/airflow/.local/lib/python3.12/site-packages/airflow/example_dags/example_short_circuit_operator.py
[2025-02-27T03:09:57.053+0000] {processor.py:914} INFO - Processing file /home/airflow/.local/lib/python3.12/site-packages/airflow/example_dags/example_short_circuit_operator.py for tasks to queue
[2025-02-27T03:09:57.058+0000] {logging_mixin.py:190} INFO - [2025-02-27T03:09:57.057+0000] {dagbag.py:588} INFO - Filling up the DagBag from /home/airflow/.local/lib/python3.12/site-packages/airflow/example_dags/example_short_circuit_operator.py
[2025-02-27T03:09:57.085+0000] {processor.py:925} INFO - DAG(s) 'example_short_circuit_operator' retrieved from /home/airflow/.local/lib/python3.12/site-packages/airflow/example_dags/example_short_circuit_operator.py
[2025-02-27T03:09:57.507+0000] {logging_mixin.py:190} INFO - [2025-02-27T03:09:57.507+0000] {dag.py:3239} INFO - Sync 1 DAGs
[2025-02-27T03:09:57.575+0000] {logging_mixin.py:190} INFO - [2025-02-27T03:09:57.575+0000] {dag.py:4180} INFO - Setting next_dagrun for example_short_circuit_operator to None, run_after=None
[2025-02-27T03:09:57.630+0000] {processor.py:208} INFO - Processing /home/airflow/.local/lib/python3.12/site-packages/airflow/example_dags/example_short_circuit_operator.py took 0.595 seconds
[2025-02-27T03:10:27.838+0000] {processor.py:186} INFO - Started process (PID=2049) to work on /home/airflow/.local/lib/python3.12/site-packages/airflow/example_dags/example_short_circuit_operator.py
[2025-02-27T03:10:27.840+0000] {processor.py:914} INFO - Processing file /home/airflow/.local/lib/python3.12/site-packages/airflow/example_dags/example_short_circuit_operator.py for tasks to queue
[2025-02-27T03:10:27.843+0000] {logging_mixin.py:190} INFO - [2025-02-27T03:10:27.842+0000] {dagbag.py:588} INFO - Filling up the DagBag from /home/airflow/.local/lib/python3.12/site-packages/airflow/example_dags/example_short_circuit_operator.py
[2025-02-27T03:10:27.854+0000] {processor.py:925} INFO - DAG(s) 'example_short_circuit_operator' retrieved from /home/airflow/.local/lib/python3.12/site-packages/airflow/example_dags/example_short_circuit_operator.py
[2025-02-27T03:10:27.986+0000] {logging_mixin.py:190} INFO - [2025-02-27T03:10:27.986+0000] {dag.py:3239} INFO - Sync 1 DAGs
[2025-02-27T03:10:28.039+0000] {logging_mixin.py:190} INFO - [2025-02-27T03:10:28.038+0000] {dag.py:4180} INFO - Setting next_dagrun for example_short_circuit_operator to None, run_after=None
[2025-02-27T03:10:28.109+0000] {processor.py:208} INFO - Processing /home/airflow/.local/lib/python3.12/site-packages/airflow/example_dags/example_short_circuit_operator.py took 0.280 seconds
[2025-02-27T03:10:58.346+0000] {processor.py:186} INFO - Started process (PID=2112) to work on /home/airflow/.local/lib/python3.12/site-packages/airflow/example_dags/example_short_circuit_operator.py
[2025-02-27T03:10:58.348+0000] {processor.py:914} INFO - Processing file /home/airflow/.local/lib/python3.12/site-packages/airflow/example_dags/example_short_circuit_operator.py for tasks to queue
[2025-02-27T03:10:58.353+0000] {logging_mixin.py:190} INFO - [2025-02-27T03:10:58.352+0000] {dagbag.py:588} INFO - Filling up the DagBag from /home/airflow/.local/lib/python3.12/site-packages/airflow/example_dags/example_short_circuit_operator.py
[2025-02-27T03:10:58.372+0000] {processor.py:925} INFO - DAG(s) 'example_short_circuit_operator' retrieved from /home/airflow/.local/lib/python3.12/site-packages/airflow/example_dags/example_short_circuit_operator.py
[2025-02-27T03:10:58.512+0000] {logging_mixin.py:190} INFO - [2025-02-27T03:10:58.512+0000] {dag.py:3239} INFO - Sync 1 DAGs
[2025-02-27T03:10:58.547+0000] {logging_mixin.py:190} INFO - [2025-02-27T03:10:58.547+0000] {dag.py:4180} INFO - Setting next_dagrun for example_short_circuit_operator to None, run_after=None
[2025-02-27T03:10:58.607+0000] {processor.py:208} INFO - Processing /home/airflow/.local/lib/python3.12/site-packages/airflow/example_dags/example_short_circuit_operator.py took 0.271 seconds
[2025-02-27T03:11:29.815+0000] {processor.py:186} INFO - Started process (PID=2175) to work on /home/airflow/.local/lib/python3.12/site-packages/airflow/example_dags/example_short_circuit_operator.py
[2025-02-27T03:11:29.820+0000] {processor.py:914} INFO - Processing file /home/airflow/.local/lib/python3.12/site-packages/airflow/example_dags/example_short_circuit_operator.py for tasks to queue
[2025-02-27T03:11:29.824+0000] {logging_mixin.py:190} INFO - [2025-02-27T03:11:29.823+0000] {dagbag.py:588} INFO - Filling up the DagBag from /home/airflow/.local/lib/python3.12/site-packages/airflow/example_dags/example_short_circuit_operator.py
[2025-02-27T03:11:29.840+0000] {processor.py:925} INFO - DAG(s) 'example_short_circuit_operator' retrieved from /home/airflow/.local/lib/python3.12/site-packages/airflow/example_dags/example_short_circuit_operator.py
[2025-02-27T03:11:29.984+0000] {logging_mixin.py:190} INFO - [2025-02-27T03:11:29.984+0000] {dag.py:3239} INFO - Sync 1 DAGs
[2025-02-27T03:11:30.024+0000] {logging_mixin.py:190} INFO - [2025-02-27T03:11:30.024+0000] {dag.py:4180} INFO - Setting next_dagrun for example_short_circuit_operator to None, run_after=None
[2025-02-27T03:11:30.097+0000] {processor.py:208} INFO - Processing /home/airflow/.local/lib/python3.12/site-packages/airflow/example_dags/example_short_circuit_operator.py took 0.293 seconds
[2025-02-27T03:12:02.405+0000] {processor.py:186} INFO - Started process (PID=2239) to work on /home/airflow/.local/lib/python3.12/site-packages/airflow/example_dags/example_short_circuit_operator.py
[2025-02-27T03:12:02.408+0000] {processor.py:914} INFO - Processing file /home/airflow/.local/lib/python3.12/site-packages/airflow/example_dags/example_short_circuit_operator.py for tasks to queue
[2025-02-27T03:12:02.414+0000] {logging_mixin.py:190} INFO - [2025-02-27T03:12:02.414+0000] {dagbag.py:588} INFO - Filling up the DagBag from /home/airflow/.local/lib/python3.12/site-packages/airflow/example_dags/example_short_circuit_operator.py
[2025-02-27T03:12:02.449+0000] {processor.py:925} INFO - DAG(s) 'example_short_circuit_operator' retrieved from /home/airflow/.local/lib/python3.12/site-packages/airflow/example_dags/example_short_circuit_operator.py
[2025-02-27T03:12:02.926+0000] {logging_mixin.py:190} INFO - [2025-02-27T03:12:02.925+0000] {dag.py:3239} INFO - Sync 1 DAGs
[2025-02-27T03:12:03.021+0000] {logging_mixin.py:190} INFO - [2025-02-27T03:12:03.020+0000] {dag.py:4180} INFO - Setting next_dagrun for example_short_circuit_operator to None, run_after=None
[2025-02-27T03:12:03.175+0000] {processor.py:208} INFO - Processing /home/airflow/.local/lib/python3.12/site-packages/airflow/example_dags/example_short_circuit_operator.py took 0.790 seconds
[2025-02-27T03:12:33.859+0000] {processor.py:186} INFO - Started process (PID=2301) to work on /home/airflow/.local/lib/python3.12/site-packages/airflow/example_dags/example_short_circuit_operator.py
[2025-02-27T03:12:33.861+0000] {processor.py:914} INFO - Processing file /home/airflow/.local/lib/python3.12/site-packages/airflow/example_dags/example_short_circuit_operator.py for tasks to queue
[2025-02-27T03:12:33.864+0000] {logging_mixin.py:190} INFO - [2025-02-27T03:12:33.864+0000] {dagbag.py:588} INFO - Filling up the DagBag from /home/airflow/.local/lib/python3.12/site-packages/airflow/example_dags/example_short_circuit_operator.py
[2025-02-27T03:12:33.875+0000] {processor.py:925} INFO - DAG(s) 'example_short_circuit_operator' retrieved from /home/airflow/.local/lib/python3.12/site-packages/airflow/example_dags/example_short_circuit_operator.py
[2025-02-27T03:12:33.996+0000] {logging_mixin.py:190} INFO - [2025-02-27T03:12:33.995+0000] {dag.py:3239} INFO - Sync 1 DAGs
[2025-02-27T03:12:34.034+0000] {logging_mixin.py:190} INFO - [2025-02-27T03:12:34.034+0000] {dag.py:4180} INFO - Setting next_dagrun for example_short_circuit_operator to None, run_after=None
[2025-02-27T03:12:34.092+0000] {processor.py:208} INFO - Processing /home/airflow/.local/lib/python3.12/site-packages/airflow/example_dags/example_short_circuit_operator.py took 0.239 seconds
[2025-02-27T03:13:04.245+0000] {processor.py:186} INFO - Started process (PID=2364) to work on /home/airflow/.local/lib/python3.12/site-packages/airflow/example_dags/example_short_circuit_operator.py
[2025-02-27T03:13:04.246+0000] {processor.py:914} INFO - Processing file /home/airflow/.local/lib/python3.12/site-packages/airflow/example_dags/example_short_circuit_operator.py for tasks to queue
[2025-02-27T03:13:04.251+0000] {logging_mixin.py:190} INFO - [2025-02-27T03:13:04.250+0000] {dagbag.py:588} INFO - Filling up the DagBag from /home/airflow/.local/lib/python3.12/site-packages/airflow/example_dags/example_short_circuit_operator.py
[2025-02-27T03:13:04.267+0000] {processor.py:925} INFO - DAG(s) 'example_short_circuit_operator' retrieved from /home/airflow/.local/lib/python3.12/site-packages/airflow/example_dags/example_short_circuit_operator.py
[2025-02-27T03:13:04.425+0000] {logging_mixin.py:190} INFO - [2025-02-27T03:13:04.424+0000] {dag.py:3239} INFO - Sync 1 DAGs
[2025-02-27T03:13:04.471+0000] {logging_mixin.py:190} INFO - [2025-02-27T03:13:04.470+0000] {dag.py:4180} INFO - Setting next_dagrun for example_short_circuit_operator to None, run_after=None
[2025-02-27T03:13:04.535+0000] {processor.py:208} INFO - Processing /home/airflow/.local/lib/python3.12/site-packages/airflow/example_dags/example_short_circuit_operator.py took 0.300 seconds
[2025-02-27T03:13:34.829+0000] {processor.py:186} INFO - Started process (PID=2426) to work on /home/airflow/.local/lib/python3.12/site-packages/airflow/example_dags/example_short_circuit_operator.py
[2025-02-27T03:13:34.830+0000] {processor.py:914} INFO - Processing file /home/airflow/.local/lib/python3.12/site-packages/airflow/example_dags/example_short_circuit_operator.py for tasks to queue
[2025-02-27T03:13:34.834+0000] {logging_mixin.py:190} INFO - [2025-02-27T03:13:34.833+0000] {dagbag.py:588} INFO - Filling up the DagBag from /home/airflow/.local/lib/python3.12/site-packages/airflow/example_dags/example_short_circuit_operator.py
[2025-02-27T03:13:34.846+0000] {processor.py:925} INFO - DAG(s) 'example_short_circuit_operator' retrieved from /home/airflow/.local/lib/python3.12/site-packages/airflow/example_dags/example_short_circuit_operator.py
[2025-02-27T03:13:34.991+0000] {logging_mixin.py:190} INFO - [2025-02-27T03:13:34.991+0000] {dag.py:3239} INFO - Sync 1 DAGs
[2025-02-27T03:13:35.030+0000] {logging_mixin.py:190} INFO - [2025-02-27T03:13:35.029+0000] {dag.py:4180} INFO - Setting next_dagrun for example_short_circuit_operator to None, run_after=None
[2025-02-27T03:13:35.090+0000] {processor.py:208} INFO - Processing /home/airflow/.local/lib/python3.12/site-packages/airflow/example_dags/example_short_circuit_operator.py took 0.271 seconds
[2025-02-27T03:14:05.281+0000] {processor.py:186} INFO - Started process (PID=2489) to work on /home/airflow/.local/lib/python3.12/site-packages/airflow/example_dags/example_short_circuit_operator.py
[2025-02-27T03:14:05.283+0000] {processor.py:914} INFO - Processing file /home/airflow/.local/lib/python3.12/site-packages/airflow/example_dags/example_short_circuit_operator.py for tasks to queue
[2025-02-27T03:14:05.287+0000] {logging_mixin.py:190} INFO - [2025-02-27T03:14:05.287+0000] {dagbag.py:588} INFO - Filling up the DagBag from /home/airflow/.local/lib/python3.12/site-packages/airflow/example_dags/example_short_circuit_operator.py
[2025-02-27T03:14:05.306+0000] {processor.py:925} INFO - DAG(s) 'example_short_circuit_operator' retrieved from /home/airflow/.local/lib/python3.12/site-packages/airflow/example_dags/example_short_circuit_operator.py
[2025-02-27T03:14:05.472+0000] {logging_mixin.py:190} INFO - [2025-02-27T03:14:05.471+0000] {dag.py:3239} INFO - Sync 1 DAGs
[2025-02-27T03:14:05.516+0000] {logging_mixin.py:190} INFO - [2025-02-27T03:14:05.515+0000] {dag.py:4180} INFO - Setting next_dagrun for example_short_circuit_operator to None, run_after=None
[2025-02-27T03:14:05.587+0000] {processor.py:208} INFO - Processing /home/airflow/.local/lib/python3.12/site-packages/airflow/example_dags/example_short_circuit_operator.py took 0.316 seconds
[2025-02-27T03:14:35.902+0000] {processor.py:186} INFO - Started process (PID=2552) to work on /home/airflow/.local/lib/python3.12/site-packages/airflow/example_dags/example_short_circuit_operator.py
[2025-02-27T03:14:35.904+0000] {processor.py:914} INFO - Processing file /home/airflow/.local/lib/python3.12/site-packages/airflow/example_dags/example_short_circuit_operator.py for tasks to queue
[2025-02-27T03:14:35.909+0000] {logging_mixin.py:190} INFO - [2025-02-27T03:14:35.908+0000] {dagbag.py:588} INFO - Filling up the DagBag from /home/airflow/.local/lib/python3.12/site-packages/airflow/example_dags/example_short_circuit_operator.py
[2025-02-27T03:14:35.927+0000] {processor.py:925} INFO - DAG(s) 'example_short_circuit_operator' retrieved from /home/airflow/.local/lib/python3.12/site-packages/airflow/example_dags/example_short_circuit_operator.py
[2025-02-27T03:14:36.078+0000] {logging_mixin.py:190} INFO - [2025-02-27T03:14:36.078+0000] {dag.py:3239} INFO - Sync 1 DAGs
[2025-02-27T03:14:36.115+0000] {logging_mixin.py:190} INFO - [2025-02-27T03:14:36.115+0000] {dag.py:4180} INFO - Setting next_dagrun for example_short_circuit_operator to None, run_after=None
[2025-02-27T03:14:36.180+0000] {processor.py:208} INFO - Processing /home/airflow/.local/lib/python3.12/site-packages/airflow/example_dags/example_short_circuit_operator.py took 0.288 seconds
[2025-02-27T03:15:06.254+0000] {processor.py:186} INFO - Started process (PID=2615) to work on /home/airflow/.local/lib/python3.12/site-packages/airflow/example_dags/example_short_circuit_operator.py
[2025-02-27T03:15:06.256+0000] {processor.py:914} INFO - Processing file /home/airflow/.local/lib/python3.12/site-packages/airflow/example_dags/example_short_circuit_operator.py for tasks to queue
[2025-02-27T03:15:06.263+0000] {logging_mixin.py:190} INFO - [2025-02-27T03:15:06.261+0000] {dagbag.py:588} INFO - Filling up the DagBag from /home/airflow/.local/lib/python3.12/site-packages/airflow/example_dags/example_short_circuit_operator.py
[2025-02-27T03:15:06.295+0000] {processor.py:925} INFO - DAG(s) 'example_short_circuit_operator' retrieved from /home/airflow/.local/lib/python3.12/site-packages/airflow/example_dags/example_short_circuit_operator.py
[2025-02-27T03:15:06.626+0000] {logging_mixin.py:190} INFO - [2025-02-27T03:15:06.625+0000] {dag.py:3239} INFO - Sync 1 DAGs
[2025-02-27T03:15:06.694+0000] {logging_mixin.py:190} INFO - [2025-02-27T03:15:06.693+0000] {dag.py:4180} INFO - Setting next_dagrun for example_short_circuit_operator to None, run_after=None
[2025-02-27T03:15:06.790+0000] {processor.py:208} INFO - Processing /home/airflow/.local/lib/python3.12/site-packages/airflow/example_dags/example_short_circuit_operator.py took 0.551 seconds
[2025-02-27T03:15:37.798+0000] {processor.py:186} INFO - Started process (PID=2678) to work on /home/airflow/.local/lib/python3.12/site-packages/airflow/example_dags/example_short_circuit_operator.py
[2025-02-27T03:15:37.800+0000] {processor.py:914} INFO - Processing file /home/airflow/.local/lib/python3.12/site-packages/airflow/example_dags/example_short_circuit_operator.py for tasks to queue
[2025-02-27T03:15:37.803+0000] {logging_mixin.py:190} INFO - [2025-02-27T03:15:37.803+0000] {dagbag.py:588} INFO - Filling up the DagBag from /home/airflow/.local/lib/python3.12/site-packages/airflow/example_dags/example_short_circuit_operator.py
[2025-02-27T03:15:37.816+0000] {processor.py:925} INFO - DAG(s) 'example_short_circuit_operator' retrieved from /home/airflow/.local/lib/python3.12/site-packages/airflow/example_dags/example_short_circuit_operator.py
[2025-02-27T03:15:37.965+0000] {logging_mixin.py:190} INFO - [2025-02-27T03:15:37.964+0000] {dag.py:3239} INFO - Sync 1 DAGs
[2025-02-27T03:15:38.000+0000] {logging_mixin.py:190} INFO - [2025-02-27T03:15:38.000+0000] {dag.py:4180} INFO - Setting next_dagrun for example_short_circuit_operator to None, run_after=None
[2025-02-27T03:15:38.065+0000] {processor.py:208} INFO - Processing /home/airflow/.local/lib/python3.12/site-packages/airflow/example_dags/example_short_circuit_operator.py took 0.275 seconds
[2025-02-27T03:16:08.493+0000] {processor.py:186} INFO - Started process (PID=2741) to work on /home/airflow/.local/lib/python3.12/site-packages/airflow/example_dags/example_short_circuit_operator.py
[2025-02-27T03:16:08.495+0000] {processor.py:914} INFO - Processing file /home/airflow/.local/lib/python3.12/site-packages/airflow/example_dags/example_short_circuit_operator.py for tasks to queue
[2025-02-27T03:16:08.499+0000] {logging_mixin.py:190} INFO - [2025-02-27T03:16:08.498+0000] {dagbag.py:588} INFO - Filling up the DagBag from /home/airflow/.local/lib/python3.12/site-packages/airflow/example_dags/example_short_circuit_operator.py
[2025-02-27T03:16:08.514+0000] {processor.py:925} INFO - DAG(s) 'example_short_circuit_operator' retrieved from /home/airflow/.local/lib/python3.12/site-packages/airflow/example_dags/example_short_circuit_operator.py
[2025-02-27T03:16:08.655+0000] {logging_mixin.py:190} INFO - [2025-02-27T03:16:08.654+0000] {dag.py:3239} INFO - Sync 1 DAGs
[2025-02-27T03:16:08.687+0000] {logging_mixin.py:190} INFO - [2025-02-27T03:16:08.687+0000] {dag.py:4180} INFO - Setting next_dagrun for example_short_circuit_operator to None, run_after=None
[2025-02-27T03:16:08.744+0000] {processor.py:208} INFO - Processing /home/airflow/.local/lib/python3.12/site-packages/airflow/example_dags/example_short_circuit_operator.py took 0.260 seconds
[2025-02-27T03:16:39.438+0000] {processor.py:186} INFO - Started process (PID=2804) to work on /home/airflow/.local/lib/python3.12/site-packages/airflow/example_dags/example_short_circuit_operator.py
[2025-02-27T03:16:39.439+0000] {processor.py:914} INFO - Processing file /home/airflow/.local/lib/python3.12/site-packages/airflow/example_dags/example_short_circuit_operator.py for tasks to queue
[2025-02-27T03:16:39.442+0000] {logging_mixin.py:190} INFO - [2025-02-27T03:16:39.442+0000] {dagbag.py:588} INFO - Filling up the DagBag from /home/airflow/.local/lib/python3.12/site-packages/airflow/example_dags/example_short_circuit_operator.py
[2025-02-27T03:16:39.453+0000] {processor.py:925} INFO - DAG(s) 'example_short_circuit_operator' retrieved from /home/airflow/.local/lib/python3.12/site-packages/airflow/example_dags/example_short_circuit_operator.py
[2025-02-27T03:16:39.580+0000] {logging_mixin.py:190} INFO - [2025-02-27T03:16:39.580+0000] {dag.py:3239} INFO - Sync 1 DAGs
[2025-02-27T03:16:39.616+0000] {logging_mixin.py:190} INFO - [2025-02-27T03:16:39.615+0000] {dag.py:4180} INFO - Setting next_dagrun for example_short_circuit_operator to None, run_after=None
[2025-02-27T03:16:39.672+0000] {processor.py:208} INFO - Processing /home/airflow/.local/lib/python3.12/site-packages/airflow/example_dags/example_short_circuit_operator.py took 0.242 seconds
[2025-02-27T03:17:10.587+0000] {processor.py:186} INFO - Started process (PID=2867) to work on /home/airflow/.local/lib/python3.12/site-packages/airflow/example_dags/example_short_circuit_operator.py
[2025-02-27T03:17:10.589+0000] {processor.py:914} INFO - Processing file /home/airflow/.local/lib/python3.12/site-packages/airflow/example_dags/example_short_circuit_operator.py for tasks to queue
[2025-02-27T03:17:10.594+0000] {logging_mixin.py:190} INFO - [2025-02-27T03:17:10.593+0000] {dagbag.py:588} INFO - Filling up the DagBag from /home/airflow/.local/lib/python3.12/site-packages/airflow/example_dags/example_short_circuit_operator.py
[2025-02-27T03:17:10.623+0000] {processor.py:925} INFO - DAG(s) 'example_short_circuit_operator' retrieved from /home/airflow/.local/lib/python3.12/site-packages/airflow/example_dags/example_short_circuit_operator.py
[2025-02-27T03:17:10.822+0000] {logging_mixin.py:190} INFO - [2025-02-27T03:17:10.822+0000] {dag.py:3239} INFO - Sync 1 DAGs
[2025-02-27T03:17:10.871+0000] {logging_mixin.py:190} INFO - [2025-02-27T03:17:10.870+0000] {dag.py:4180} INFO - Setting next_dagrun for example_short_circuit_operator to None, run_after=None
[2025-02-27T03:17:10.939+0000] {processor.py:208} INFO - Processing /home/airflow/.local/lib/python3.12/site-packages/airflow/example_dags/example_short_circuit_operator.py took 0.366 seconds
[2025-02-27T03:17:41.085+0000] {processor.py:186} INFO - Started process (PID=2930) to work on /home/airflow/.local/lib/python3.12/site-packages/airflow/example_dags/example_short_circuit_operator.py
[2025-02-27T03:17:41.087+0000] {processor.py:914} INFO - Processing file /home/airflow/.local/lib/python3.12/site-packages/airflow/example_dags/example_short_circuit_operator.py for tasks to queue
[2025-02-27T03:17:41.091+0000] {logging_mixin.py:190} INFO - [2025-02-27T03:17:41.091+0000] {dagbag.py:588} INFO - Filling up the DagBag from /home/airflow/.local/lib/python3.12/site-packages/airflow/example_dags/example_short_circuit_operator.py
[2025-02-27T03:17:41.106+0000] {processor.py:925} INFO - DAG(s) 'example_short_circuit_operator' retrieved from /home/airflow/.local/lib/python3.12/site-packages/airflow/example_dags/example_short_circuit_operator.py
[2025-02-27T03:17:41.255+0000] {logging_mixin.py:190} INFO - [2025-02-27T03:17:41.255+0000] {dag.py:3239} INFO - Sync 1 DAGs
[2025-02-27T03:17:41.303+0000] {logging_mixin.py:190} INFO - [2025-02-27T03:17:41.303+0000] {dag.py:4180} INFO - Setting next_dagrun for example_short_circuit_operator to None, run_after=None
[2025-02-27T03:17:41.377+0000] {processor.py:208} INFO - Processing /home/airflow/.local/lib/python3.12/site-packages/airflow/example_dags/example_short_circuit_operator.py took 0.300 seconds
[2025-02-27T03:18:12.633+0000] {processor.py:186} INFO - Started process (PID=2993) to work on /home/airflow/.local/lib/python3.12/site-packages/airflow/example_dags/example_short_circuit_operator.py
[2025-02-27T03:18:12.634+0000] {processor.py:914} INFO - Processing file /home/airflow/.local/lib/python3.12/site-packages/airflow/example_dags/example_short_circuit_operator.py for tasks to queue
[2025-02-27T03:18:12.640+0000] {logging_mixin.py:190} INFO - [2025-02-27T03:18:12.640+0000] {dagbag.py:588} INFO - Filling up the DagBag from /home/airflow/.local/lib/python3.12/site-packages/airflow/example_dags/example_short_circuit_operator.py
[2025-02-27T03:18:12.657+0000] {processor.py:925} INFO - DAG(s) 'example_short_circuit_operator' retrieved from /home/airflow/.local/lib/python3.12/site-packages/airflow/example_dags/example_short_circuit_operator.py
[2025-02-27T03:18:12.869+0000] {logging_mixin.py:190} INFO - [2025-02-27T03:18:12.868+0000] {dag.py:3239} INFO - Sync 1 DAGs
[2025-02-27T03:18:12.920+0000] {logging_mixin.py:190} INFO - [2025-02-27T03:18:12.919+0000] {dag.py:4180} INFO - Setting next_dagrun for example_short_circuit_operator to None, run_after=None
[2025-02-27T03:18:12.987+0000] {processor.py:208} INFO - Processing /home/airflow/.local/lib/python3.12/site-packages/airflow/example_dags/example_short_circuit_operator.py took 0.366 seconds
[2025-02-27T03:18:43.123+0000] {processor.py:186} INFO - Started process (PID=3056) to work on /home/airflow/.local/lib/python3.12/site-packages/airflow/example_dags/example_short_circuit_operator.py
[2025-02-27T03:18:43.124+0000] {processor.py:914} INFO - Processing file /home/airflow/.local/lib/python3.12/site-packages/airflow/example_dags/example_short_circuit_operator.py for tasks to queue
[2025-02-27T03:18:43.127+0000] {logging_mixin.py:190} INFO - [2025-02-27T03:18:43.127+0000] {dagbag.py:588} INFO - Filling up the DagBag from /home/airflow/.local/lib/python3.12/site-packages/airflow/example_dags/example_short_circuit_operator.py
[2025-02-27T03:18:43.140+0000] {processor.py:925} INFO - DAG(s) 'example_short_circuit_operator' retrieved from /home/airflow/.local/lib/python3.12/site-packages/airflow/example_dags/example_short_circuit_operator.py
[2025-02-27T03:18:43.306+0000] {logging_mixin.py:190} INFO - [2025-02-27T03:18:43.306+0000] {dag.py:3239} INFO - Sync 1 DAGs
[2025-02-27T03:18:43.351+0000] {logging_mixin.py:190} INFO - [2025-02-27T03:18:43.351+0000] {dag.py:4180} INFO - Setting next_dagrun for example_short_circuit_operator to None, run_after=None
[2025-02-27T03:18:43.433+0000] {processor.py:208} INFO - Processing /home/airflow/.local/lib/python3.12/site-packages/airflow/example_dags/example_short_circuit_operator.py took 0.318 seconds
[2025-02-27T03:19:13.502+0000] {processor.py:186} INFO - Started process (PID=3118) to work on /home/airflow/.local/lib/python3.12/site-packages/airflow/example_dags/example_short_circuit_operator.py
[2025-02-27T03:19:13.503+0000] {processor.py:914} INFO - Processing file /home/airflow/.local/lib/python3.12/site-packages/airflow/example_dags/example_short_circuit_operator.py for tasks to queue
[2025-02-27T03:19:13.508+0000] {logging_mixin.py:190} INFO - [2025-02-27T03:19:13.507+0000] {dagbag.py:588} INFO - Filling up the DagBag from /home/airflow/.local/lib/python3.12/site-packages/airflow/example_dags/example_short_circuit_operator.py
[2025-02-27T03:19:13.527+0000] {processor.py:925} INFO - DAG(s) 'example_short_circuit_operator' retrieved from /home/airflow/.local/lib/python3.12/site-packages/airflow/example_dags/example_short_circuit_operator.py
[2025-02-27T03:19:13.722+0000] {logging_mixin.py:190} INFO - [2025-02-27T03:19:13.721+0000] {dag.py:3239} INFO - Sync 1 DAGs
[2025-02-27T03:19:13.777+0000] {logging_mixin.py:190} INFO - [2025-02-27T03:19:13.777+0000] {dag.py:4180} INFO - Setting next_dagrun for example_short_circuit_operator to None, run_after=None
[2025-02-27T03:19:13.862+0000] {processor.py:208} INFO - Processing /home/airflow/.local/lib/python3.12/site-packages/airflow/example_dags/example_short_circuit_operator.py took 0.369 seconds
[2025-02-27T03:19:44.646+0000] {processor.py:186} INFO - Started process (PID=3182) to work on /home/airflow/.local/lib/python3.12/site-packages/airflow/example_dags/example_short_circuit_operator.py
[2025-02-27T03:19:44.648+0000] {processor.py:914} INFO - Processing file /home/airflow/.local/lib/python3.12/site-packages/airflow/example_dags/example_short_circuit_operator.py for tasks to queue
[2025-02-27T03:19:44.652+0000] {logging_mixin.py:190} INFO - [2025-02-27T03:19:44.651+0000] {dagbag.py:588} INFO - Filling up the DagBag from /home/airflow/.local/lib/python3.12/site-packages/airflow/example_dags/example_short_circuit_operator.py
[2025-02-27T03:19:44.666+0000] {processor.py:925} INFO - DAG(s) 'example_short_circuit_operator' retrieved from /home/airflow/.local/lib/python3.12/site-packages/airflow/example_dags/example_short_circuit_operator.py
[2025-02-27T03:19:44.815+0000] {logging_mixin.py:190} INFO - [2025-02-27T03:19:44.815+0000] {dag.py:3239} INFO - Sync 1 DAGs
[2025-02-27T03:19:44.849+0000] {logging_mixin.py:190} INFO - [2025-02-27T03:19:44.849+0000] {dag.py:4180} INFO - Setting next_dagrun for example_short_circuit_operator to None, run_after=None
[2025-02-27T03:19:44.925+0000] {processor.py:208} INFO - Processing /home/airflow/.local/lib/python3.12/site-packages/airflow/example_dags/example_short_circuit_operator.py took 0.286 seconds
[2025-02-27T03:20:16.001+0000] {processor.py:186} INFO - Started process (PID=3245) to work on /home/airflow/.local/lib/python3.12/site-packages/airflow/example_dags/example_short_circuit_operator.py
[2025-02-27T03:20:16.002+0000] {processor.py:914} INFO - Processing file /home/airflow/.local/lib/python3.12/site-packages/airflow/example_dags/example_short_circuit_operator.py for tasks to queue
[2025-02-27T03:20:16.006+0000] {logging_mixin.py:190} INFO - [2025-02-27T03:20:16.006+0000] {dagbag.py:588} INFO - Filling up the DagBag from /home/airflow/.local/lib/python3.12/site-packages/airflow/example_dags/example_short_circuit_operator.py
[2025-02-27T03:20:16.029+0000] {processor.py:925} INFO - DAG(s) 'example_short_circuit_operator' retrieved from /home/airflow/.local/lib/python3.12/site-packages/airflow/example_dags/example_short_circuit_operator.py
[2025-02-27T03:20:16.207+0000] {logging_mixin.py:190} INFO - [2025-02-27T03:20:16.207+0000] {dag.py:3239} INFO - Sync 1 DAGs
[2025-02-27T03:20:16.259+0000] {logging_mixin.py:190} INFO - [2025-02-27T03:20:16.258+0000] {dag.py:4180} INFO - Setting next_dagrun for example_short_circuit_operator to None, run_after=None
[2025-02-27T03:20:16.346+0000] {processor.py:208} INFO - Processing /home/airflow/.local/lib/python3.12/site-packages/airflow/example_dags/example_short_circuit_operator.py took 0.356 seconds
[2025-02-27T03:20:47.119+0000] {processor.py:186} INFO - Started process (PID=3308) to work on /home/airflow/.local/lib/python3.12/site-packages/airflow/example_dags/example_short_circuit_operator.py
[2025-02-27T03:20:47.121+0000] {processor.py:914} INFO - Processing file /home/airflow/.local/lib/python3.12/site-packages/airflow/example_dags/example_short_circuit_operator.py for tasks to queue
[2025-02-27T03:20:47.127+0000] {logging_mixin.py:190} INFO - [2025-02-27T03:20:47.126+0000] {dagbag.py:588} INFO - Filling up the DagBag from /home/airflow/.local/lib/python3.12/site-packages/airflow/example_dags/example_short_circuit_operator.py
[2025-02-27T03:20:47.147+0000] {processor.py:925} INFO - DAG(s) 'example_short_circuit_operator' retrieved from /home/airflow/.local/lib/python3.12/site-packages/airflow/example_dags/example_short_circuit_operator.py
[2025-02-27T03:20:47.417+0000] {logging_mixin.py:190} INFO - [2025-02-27T03:20:47.416+0000] {dag.py:3239} INFO - Sync 1 DAGs
[2025-02-27T03:20:47.493+0000] {logging_mixin.py:190} INFO - [2025-02-27T03:20:47.492+0000] {dag.py:4180} INFO - Setting next_dagrun for example_short_circuit_operator to None, run_after=None
[2025-02-27T03:20:47.570+0000] {processor.py:208} INFO - Processing /home/airflow/.local/lib/python3.12/site-packages/airflow/example_dags/example_short_circuit_operator.py took 0.463 seconds
