[2025-02-27T02:51:39.576+0000] {processor.py:186} INFO - Started process (PID=125) to work on /home/airflow/.local/lib/python3.12/site-packages/airflow/example_dags/example_sla_dag.py
[2025-02-27T02:51:39.578+0000] {processor.py:914} INFO - Processing file /home/airflow/.local/lib/python3.12/site-packages/airflow/example_dags/example_sla_dag.py for tasks to queue
[2025-02-27T02:51:39.583+0000] {logging_mixin.py:190} INFO - [2025-02-27T02:51:39.582+0000] {dagbag.py:588} INFO - Filling up the DagBag from /home/airflow/.local/lib/python3.12/site-packages/airflow/example_dags/example_sla_dag.py
[2025-02-27T02:51:39.604+0000] {processor.py:925} INFO - DAG(s) 'example_sla_dag' retrieved from /home/airflow/.local/lib/python3.12/site-packages/airflow/example_dags/example_sla_dag.py
[2025-02-27T02:51:39.847+0000] {logging_mixin.py:190} INFO - [2025-02-27T02:51:39.846+0000] {override.py:1912} INFO - Created Permission View: can delete on DAG:example_sla_dag
[2025-02-27T02:51:39.874+0000] {logging_mixin.py:190} INFO - [2025-02-27T02:51:39.873+0000] {override.py:1912} INFO - Created Permission View: can read on DAG:example_sla_dag
[2025-02-27T02:51:39.890+0000] {logging_mixin.py:190} INFO - [2025-02-27T02:51:39.890+0000] {override.py:1912} INFO - Created Permission View: can edit on DAG:example_sla_dag
[2025-02-27T02:51:39.908+0000] {logging_mixin.py:190} INFO - [2025-02-27T02:51:39.907+0000] {override.py:1912} INFO - Created Permission View: menu access on DAG Run:example_sla_dag
[2025-02-27T02:51:39.930+0000] {logging_mixin.py:190} INFO - [2025-02-27T02:51:39.929+0000] {override.py:1912} INFO - Created Permission View: can delete on DAG Run:example_sla_dag
[2025-02-27T02:51:39.947+0000] {logging_mixin.py:190} INFO - [2025-02-27T02:51:39.946+0000] {override.py:1912} INFO - Created Permission View: can read on DAG Run:example_sla_dag
[2025-02-27T02:51:39.968+0000] {logging_mixin.py:190} INFO - [2025-02-27T02:51:39.967+0000] {override.py:1912} INFO - Created Permission View: can create on DAG Run:example_sla_dag
[2025-02-27T02:51:39.970+0000] {logging_mixin.py:190} INFO - [2025-02-27T02:51:39.969+0000] {dag.py:3239} INFO - Sync 1 DAGs
[2025-02-27T02:51:40.020+0000] {logging_mixin.py:190} INFO - [2025-02-27T02:51:40.019+0000] {dag.py:3262} INFO - Creating ORM DAG for example_sla_dag
[2025-02-27T02:51:40.083+0000] {logging_mixin.py:190} INFO - [2025-02-27T02:51:40.082+0000] {dag.py:4180} INFO - Setting next_dagrun for example_sla_dag to 2025-02-27 02:48:00+00:00, run_after=2025-02-27 02:50:00+00:00
[2025-02-27T02:51:40.132+0000] {processor.py:208} INFO - Processing /home/airflow/.local/lib/python3.12/site-packages/airflow/example_dags/example_sla_dag.py took 0.565 seconds
[2025-02-27T02:54:28.922+0000] {processor.py:186} INFO - Started process (PID=127) to work on /home/airflow/.local/lib/python3.12/site-packages/airflow/example_dags/example_sla_dag.py
[2025-02-27T02:54:28.925+0000] {processor.py:914} INFO - Processing file /home/airflow/.local/lib/python3.12/site-packages/airflow/example_dags/example_sla_dag.py for tasks to queue
[2025-02-27T02:54:28.933+0000] {logging_mixin.py:190} INFO - [2025-02-27T02:54:28.931+0000] {dagbag.py:588} INFO - Filling up the DagBag from /home/airflow/.local/lib/python3.12/site-packages/airflow/example_dags/example_sla_dag.py
[2025-02-27T02:54:28.952+0000] {processor.py:925} INFO - DAG(s) 'example_sla_dag' retrieved from /home/airflow/.local/lib/python3.12/site-packages/airflow/example_dags/example_sla_dag.py
[2025-02-27T02:54:29.296+0000] {logging_mixin.py:190} INFO - [2025-02-27T02:54:29.295+0000] {override.py:1912} INFO - Created Permission View: can read on DAG:example_sla_dag
[2025-02-27T02:54:29.324+0000] {logging_mixin.py:190} INFO - [2025-02-27T02:54:29.324+0000] {override.py:1912} INFO - Created Permission View: can delete on DAG:example_sla_dag
[2025-02-27T02:54:29.348+0000] {logging_mixin.py:190} INFO - [2025-02-27T02:54:29.347+0000] {override.py:1912} INFO - Created Permission View: can edit on DAG:example_sla_dag
[2025-02-27T02:54:29.373+0000] {logging_mixin.py:190} INFO - [2025-02-27T02:54:29.373+0000] {override.py:1912} INFO - Created Permission View: can read on DAG Run:example_sla_dag
[2025-02-27T02:54:29.395+0000] {logging_mixin.py:190} INFO - [2025-02-27T02:54:29.394+0000] {override.py:1912} INFO - Created Permission View: menu access on DAG Run:example_sla_dag
[2025-02-27T02:54:29.414+0000] {logging_mixin.py:190} INFO - [2025-02-27T02:54:29.414+0000] {override.py:1912} INFO - Created Permission View: can delete on DAG Run:example_sla_dag
[2025-02-27T02:54:29.435+0000] {logging_mixin.py:190} INFO - [2025-02-27T02:54:29.434+0000] {override.py:1912} INFO - Created Permission View: can create on DAG Run:example_sla_dag
[2025-02-27T02:54:29.436+0000] {logging_mixin.py:190} INFO - [2025-02-27T02:54:29.436+0000] {dag.py:3239} INFO - Sync 1 DAGs
[2025-02-27T02:54:29.489+0000] {logging_mixin.py:190} INFO - [2025-02-27T02:54:29.488+0000] {dag.py:3262} INFO - Creating ORM DAG for example_sla_dag
[2025-02-27T02:54:29.530+0000] {logging_mixin.py:190} INFO - [2025-02-27T02:54:29.530+0000] {dag.py:4180} INFO - Setting next_dagrun for example_sla_dag to 2025-02-27 02:52:00+00:00, run_after=2025-02-27 02:54:00+00:00
[2025-02-27T02:54:29.620+0000] {processor.py:208} INFO - Processing /home/airflow/.local/lib/python3.12/site-packages/airflow/example_dags/example_sla_dag.py took 0.716 seconds
[2025-02-27T02:55:00.078+0000] {processor.py:186} INFO - Started process (PID=190) to work on /home/airflow/.local/lib/python3.12/site-packages/airflow/example_dags/example_sla_dag.py
[2025-02-27T02:55:00.079+0000] {processor.py:914} INFO - Processing file /home/airflow/.local/lib/python3.12/site-packages/airflow/example_dags/example_sla_dag.py for tasks to queue
[2025-02-27T02:55:00.084+0000] {logging_mixin.py:190} INFO - [2025-02-27T02:55:00.083+0000] {dagbag.py:588} INFO - Filling up the DagBag from /home/airflow/.local/lib/python3.12/site-packages/airflow/example_dags/example_sla_dag.py
[2025-02-27T02:55:00.100+0000] {processor.py:925} INFO - DAG(s) 'example_sla_dag' retrieved from /home/airflow/.local/lib/python3.12/site-packages/airflow/example_dags/example_sla_dag.py
[2025-02-27T02:55:00.257+0000] {logging_mixin.py:190} INFO - [2025-02-27T02:55:00.256+0000] {dag.py:3239} INFO - Sync 1 DAGs
[2025-02-27T02:55:00.341+0000] {logging_mixin.py:190} INFO - [2025-02-27T02:55:00.340+0000] {dag.py:4180} INFO - Setting next_dagrun for example_sla_dag to 2025-02-27 02:52:00+00:00, run_after=2025-02-27 02:54:00+00:00
[2025-02-27T02:55:00.424+0000] {processor.py:208} INFO - Processing /home/airflow/.local/lib/python3.12/site-packages/airflow/example_dags/example_sla_dag.py took 0.357 seconds
[2025-02-27T02:55:30.685+0000] {processor.py:186} INFO - Started process (PID=253) to work on /home/airflow/.local/lib/python3.12/site-packages/airflow/example_dags/example_sla_dag.py
[2025-02-27T02:55:30.687+0000] {processor.py:914} INFO - Processing file /home/airflow/.local/lib/python3.12/site-packages/airflow/example_dags/example_sla_dag.py for tasks to queue
[2025-02-27T02:55:30.693+0000] {logging_mixin.py:190} INFO - [2025-02-27T02:55:30.692+0000] {dagbag.py:588} INFO - Filling up the DagBag from /home/airflow/.local/lib/python3.12/site-packages/airflow/example_dags/example_sla_dag.py
[2025-02-27T02:55:30.719+0000] {processor.py:925} INFO - DAG(s) 'example_sla_dag' retrieved from /home/airflow/.local/lib/python3.12/site-packages/airflow/example_dags/example_sla_dag.py
[2025-02-27T02:55:30.949+0000] {logging_mixin.py:190} INFO - [2025-02-27T02:55:30.948+0000] {dag.py:3239} INFO - Sync 1 DAGs
[2025-02-27T02:55:31.061+0000] {logging_mixin.py:190} INFO - [2025-02-27T02:55:31.061+0000] {dag.py:4180} INFO - Setting next_dagrun for example_sla_dag to 2025-02-27 02:52:00+00:00, run_after=2025-02-27 02:54:00+00:00
[2025-02-27T02:55:31.154+0000] {processor.py:208} INFO - Processing /home/airflow/.local/lib/python3.12/site-packages/airflow/example_dags/example_sla_dag.py took 0.483 seconds
[2025-02-27T02:56:01.656+0000] {processor.py:186} INFO - Started process (PID=316) to work on /home/airflow/.local/lib/python3.12/site-packages/airflow/example_dags/example_sla_dag.py
[2025-02-27T02:56:01.657+0000] {processor.py:914} INFO - Processing file /home/airflow/.local/lib/python3.12/site-packages/airflow/example_dags/example_sla_dag.py for tasks to queue
[2025-02-27T02:56:01.662+0000] {logging_mixin.py:190} INFO - [2025-02-27T02:56:01.661+0000] {dagbag.py:588} INFO - Filling up the DagBag from /home/airflow/.local/lib/python3.12/site-packages/airflow/example_dags/example_sla_dag.py
[2025-02-27T02:56:01.680+0000] {processor.py:925} INFO - DAG(s) 'example_sla_dag' retrieved from /home/airflow/.local/lib/python3.12/site-packages/airflow/example_dags/example_sla_dag.py
[2025-02-27T02:56:01.824+0000] {logging_mixin.py:190} INFO - [2025-02-27T02:56:01.823+0000] {dag.py:3239} INFO - Sync 1 DAGs
[2025-02-27T02:56:01.892+0000] {logging_mixin.py:190} INFO - [2025-02-27T02:56:01.891+0000] {dag.py:4180} INFO - Setting next_dagrun for example_sla_dag to 2025-02-27 02:54:00+00:00, run_after=2025-02-27 02:56:00+00:00
[2025-02-27T02:56:01.953+0000] {processor.py:208} INFO - Processing /home/airflow/.local/lib/python3.12/site-packages/airflow/example_dags/example_sla_dag.py took 0.312 seconds
[2025-02-27T02:56:32.391+0000] {processor.py:186} INFO - Started process (PID=379) to work on /home/airflow/.local/lib/python3.12/site-packages/airflow/example_dags/example_sla_dag.py
[2025-02-27T02:56:32.392+0000] {processor.py:914} INFO - Processing file /home/airflow/.local/lib/python3.12/site-packages/airflow/example_dags/example_sla_dag.py for tasks to queue
[2025-02-27T02:56:32.396+0000] {logging_mixin.py:190} INFO - [2025-02-27T02:56:32.396+0000] {dagbag.py:588} INFO - Filling up the DagBag from /home/airflow/.local/lib/python3.12/site-packages/airflow/example_dags/example_sla_dag.py
[2025-02-27T02:56:32.414+0000] {processor.py:925} INFO - DAG(s) 'example_sla_dag' retrieved from /home/airflow/.local/lib/python3.12/site-packages/airflow/example_dags/example_sla_dag.py
[2025-02-27T02:56:32.578+0000] {logging_mixin.py:190} INFO - [2025-02-27T02:56:32.577+0000] {dag.py:3239} INFO - Sync 1 DAGs
[2025-02-27T02:56:32.675+0000] {logging_mixin.py:190} INFO - [2025-02-27T02:56:32.675+0000] {dag.py:4180} INFO - Setting next_dagrun for example_sla_dag to 2025-02-27 02:54:00+00:00, run_after=2025-02-27 02:56:00+00:00
[2025-02-27T02:56:32.743+0000] {processor.py:208} INFO - Processing /home/airflow/.local/lib/python3.12/site-packages/airflow/example_dags/example_sla_dag.py took 0.363 seconds
[2025-02-27T02:57:03.128+0000] {processor.py:186} INFO - Started process (PID=443) to work on /home/airflow/.local/lib/python3.12/site-packages/airflow/example_dags/example_sla_dag.py
[2025-02-27T02:57:03.130+0000] {processor.py:914} INFO - Processing file /home/airflow/.local/lib/python3.12/site-packages/airflow/example_dags/example_sla_dag.py for tasks to queue
[2025-02-27T02:57:03.134+0000] {logging_mixin.py:190} INFO - [2025-02-27T02:57:03.134+0000] {dagbag.py:588} INFO - Filling up the DagBag from /home/airflow/.local/lib/python3.12/site-packages/airflow/example_dags/example_sla_dag.py
[2025-02-27T02:57:03.155+0000] {processor.py:925} INFO - DAG(s) 'example_sla_dag' retrieved from /home/airflow/.local/lib/python3.12/site-packages/airflow/example_dags/example_sla_dag.py
[2025-02-27T02:57:03.309+0000] {logging_mixin.py:190} INFO - [2025-02-27T02:57:03.309+0000] {dag.py:3239} INFO - Sync 1 DAGs
[2025-02-27T02:57:03.418+0000] {logging_mixin.py:190} INFO - [2025-02-27T02:57:03.413+0000] {dag.py:4180} INFO - Setting next_dagrun for example_sla_dag to 2025-02-27 02:54:00+00:00, run_after=2025-02-27 02:56:00+00:00
[2025-02-27T02:57:03.579+0000] {processor.py:208} INFO - Processing /home/airflow/.local/lib/python3.12/site-packages/airflow/example_dags/example_sla_dag.py took 0.461 seconds
[2025-02-27T02:57:33.744+0000] {processor.py:186} INFO - Started process (PID=506) to work on /home/airflow/.local/lib/python3.12/site-packages/airflow/example_dags/example_sla_dag.py
[2025-02-27T02:57:33.745+0000] {processor.py:914} INFO - Processing file /home/airflow/.local/lib/python3.12/site-packages/airflow/example_dags/example_sla_dag.py for tasks to queue
[2025-02-27T02:57:33.749+0000] {logging_mixin.py:190} INFO - [2025-02-27T02:57:33.748+0000] {dagbag.py:588} INFO - Filling up the DagBag from /home/airflow/.local/lib/python3.12/site-packages/airflow/example_dags/example_sla_dag.py
[2025-02-27T02:57:33.771+0000] {processor.py:925} INFO - DAG(s) 'example_sla_dag' retrieved from /home/airflow/.local/lib/python3.12/site-packages/airflow/example_dags/example_sla_dag.py
[2025-02-27T02:57:33.927+0000] {logging_mixin.py:190} INFO - [2025-02-27T02:57:33.926+0000] {dag.py:3239} INFO - Sync 1 DAGs
[2025-02-27T02:57:34.007+0000] {logging_mixin.py:190} INFO - [2025-02-27T02:57:34.007+0000] {dag.py:4180} INFO - Setting next_dagrun for example_sla_dag to 2025-02-27 02:54:00+00:00, run_after=2025-02-27 02:56:00+00:00
[2025-02-27T02:57:34.060+0000] {processor.py:208} INFO - Processing /home/airflow/.local/lib/python3.12/site-packages/airflow/example_dags/example_sla_dag.py took 0.326 seconds
[2025-02-27T02:58:04.218+0000] {processor.py:186} INFO - Started process (PID=568) to work on /home/airflow/.local/lib/python3.12/site-packages/airflow/example_dags/example_sla_dag.py
[2025-02-27T02:58:04.220+0000] {processor.py:914} INFO - Processing file /home/airflow/.local/lib/python3.12/site-packages/airflow/example_dags/example_sla_dag.py for tasks to queue
[2025-02-27T02:58:04.225+0000] {logging_mixin.py:190} INFO - [2025-02-27T02:58:04.224+0000] {dagbag.py:588} INFO - Filling up the DagBag from /home/airflow/.local/lib/python3.12/site-packages/airflow/example_dags/example_sla_dag.py
[2025-02-27T02:58:04.246+0000] {processor.py:925} INFO - DAG(s) 'example_sla_dag' retrieved from /home/airflow/.local/lib/python3.12/site-packages/airflow/example_dags/example_sla_dag.py
[2025-02-27T02:58:04.397+0000] {logging_mixin.py:190} INFO - [2025-02-27T02:58:04.397+0000] {dag.py:3239} INFO - Sync 1 DAGs
[2025-02-27T02:58:04.465+0000] {logging_mixin.py:190} INFO - [2025-02-27T02:58:04.465+0000] {dag.py:4180} INFO - Setting next_dagrun for example_sla_dag to 2025-02-27 02:56:00+00:00, run_after=2025-02-27 02:58:00+00:00
[2025-02-27T02:58:04.530+0000] {processor.py:208} INFO - Processing /home/airflow/.local/lib/python3.12/site-packages/airflow/example_dags/example_sla_dag.py took 0.319 seconds
[2025-02-27T02:58:34.903+0000] {processor.py:186} INFO - Started process (PID=631) to work on /home/airflow/.local/lib/python3.12/site-packages/airflow/example_dags/example_sla_dag.py
[2025-02-27T02:58:34.905+0000] {processor.py:914} INFO - Processing file /home/airflow/.local/lib/python3.12/site-packages/airflow/example_dags/example_sla_dag.py for tasks to queue
[2025-02-27T02:58:34.908+0000] {logging_mixin.py:190} INFO - [2025-02-27T02:58:34.907+0000] {dagbag.py:588} INFO - Filling up the DagBag from /home/airflow/.local/lib/python3.12/site-packages/airflow/example_dags/example_sla_dag.py
[2025-02-27T02:58:34.925+0000] {processor.py:925} INFO - DAG(s) 'example_sla_dag' retrieved from /home/airflow/.local/lib/python3.12/site-packages/airflow/example_dags/example_sla_dag.py
[2025-02-27T02:58:35.078+0000] {logging_mixin.py:190} INFO - [2025-02-27T02:58:35.078+0000] {dag.py:3239} INFO - Sync 1 DAGs
[2025-02-27T02:58:35.162+0000] {logging_mixin.py:190} INFO - [2025-02-27T02:58:35.161+0000] {dag.py:4180} INFO - Setting next_dagrun for example_sla_dag to 2025-02-27 02:56:00+00:00, run_after=2025-02-27 02:58:00+00:00
[2025-02-27T02:58:35.241+0000] {processor.py:208} INFO - Processing /home/airflow/.local/lib/python3.12/site-packages/airflow/example_dags/example_sla_dag.py took 0.347 seconds
[2025-02-27T02:59:06.885+0000] {processor.py:186} INFO - Started process (PID=694) to work on /home/airflow/.local/lib/python3.12/site-packages/airflow/example_dags/example_sla_dag.py
[2025-02-27T02:59:06.888+0000] {processor.py:914} INFO - Processing file /home/airflow/.local/lib/python3.12/site-packages/airflow/example_dags/example_sla_dag.py for tasks to queue
[2025-02-27T02:59:06.895+0000] {logging_mixin.py:190} INFO - [2025-02-27T02:59:06.893+0000] {dagbag.py:588} INFO - Filling up the DagBag from /home/airflow/.local/lib/python3.12/site-packages/airflow/example_dags/example_sla_dag.py
[2025-02-27T02:59:06.921+0000] {processor.py:925} INFO - DAG(s) 'example_sla_dag' retrieved from /home/airflow/.local/lib/python3.12/site-packages/airflow/example_dags/example_sla_dag.py
[2025-02-27T02:59:07.133+0000] {logging_mixin.py:190} INFO - [2025-02-27T02:59:07.133+0000] {dag.py:3239} INFO - Sync 1 DAGs
[2025-02-27T02:59:07.218+0000] {logging_mixin.py:190} INFO - [2025-02-27T02:59:07.218+0000] {dag.py:4180} INFO - Setting next_dagrun for example_sla_dag to 2025-02-27 02:56:00+00:00, run_after=2025-02-27 02:58:00+00:00
[2025-02-27T02:59:07.278+0000] {processor.py:208} INFO - Processing /home/airflow/.local/lib/python3.12/site-packages/airflow/example_dags/example_sla_dag.py took 0.407 seconds
[2025-02-27T02:59:41.386+0000] {processor.py:186} INFO - Started process (PID=759) to work on /home/airflow/.local/lib/python3.12/site-packages/airflow/example_dags/example_sla_dag.py
[2025-02-27T02:59:41.388+0000] {processor.py:914} INFO - Processing file /home/airflow/.local/lib/python3.12/site-packages/airflow/example_dags/example_sla_dag.py for tasks to queue
[2025-02-27T02:59:41.392+0000] {logging_mixin.py:190} INFO - [2025-02-27T02:59:41.392+0000] {dagbag.py:588} INFO - Filling up the DagBag from /home/airflow/.local/lib/python3.12/site-packages/airflow/example_dags/example_sla_dag.py
[2025-02-27T02:59:41.431+0000] {processor.py:925} INFO - DAG(s) 'example_sla_dag' retrieved from /home/airflow/.local/lib/python3.12/site-packages/airflow/example_dags/example_sla_dag.py
[2025-02-27T02:59:41.794+0000] {logging_mixin.py:190} INFO - [2025-02-27T02:59:41.793+0000] {dag.py:3239} INFO - Sync 1 DAGs
[2025-02-27T02:59:41.925+0000] {logging_mixin.py:190} INFO - [2025-02-27T02:59:41.924+0000] {dag.py:4180} INFO - Setting next_dagrun for example_sla_dag to 2025-02-27 02:56:00+00:00, run_after=2025-02-27 02:58:00+00:00
[2025-02-27T02:59:42.021+0000] {processor.py:208} INFO - Processing /home/airflow/.local/lib/python3.12/site-packages/airflow/example_dags/example_sla_dag.py took 0.653 seconds
[2025-02-27T03:00:13.004+0000] {processor.py:186} INFO - Started process (PID=822) to work on /home/airflow/.local/lib/python3.12/site-packages/airflow/example_dags/example_sla_dag.py
[2025-02-27T03:00:13.006+0000] {processor.py:914} INFO - Processing file /home/airflow/.local/lib/python3.12/site-packages/airflow/example_dags/example_sla_dag.py for tasks to queue
[2025-02-27T03:00:13.010+0000] {logging_mixin.py:190} INFO - [2025-02-27T03:00:13.009+0000] {dagbag.py:588} INFO - Filling up the DagBag from /home/airflow/.local/lib/python3.12/site-packages/airflow/example_dags/example_sla_dag.py
[2025-02-27T03:00:13.039+0000] {processor.py:925} INFO - DAG(s) 'example_sla_dag' retrieved from /home/airflow/.local/lib/python3.12/site-packages/airflow/example_dags/example_sla_dag.py
[2025-02-27T03:00:13.209+0000] {logging_mixin.py:190} INFO - [2025-02-27T03:00:13.209+0000] {dag.py:3239} INFO - Sync 1 DAGs
[2025-02-27T03:00:13.303+0000] {logging_mixin.py:190} INFO - [2025-02-27T03:00:13.303+0000] {dag.py:4180} INFO - Setting next_dagrun for example_sla_dag to 2025-02-27 02:58:00+00:00, run_after=2025-02-27 03:00:00+00:00
[2025-02-27T03:00:13.373+0000] {processor.py:208} INFO - Processing /home/airflow/.local/lib/python3.12/site-packages/airflow/example_dags/example_sla_dag.py took 0.382 seconds
[2025-02-27T03:00:44.449+0000] {processor.py:186} INFO - Started process (PID=885) to work on /home/airflow/.local/lib/python3.12/site-packages/airflow/example_dags/example_sla_dag.py
[2025-02-27T03:00:44.451+0000] {processor.py:914} INFO - Processing file /home/airflow/.local/lib/python3.12/site-packages/airflow/example_dags/example_sla_dag.py for tasks to queue
[2025-02-27T03:00:44.455+0000] {logging_mixin.py:190} INFO - [2025-02-27T03:00:44.454+0000] {dagbag.py:588} INFO - Filling up the DagBag from /home/airflow/.local/lib/python3.12/site-packages/airflow/example_dags/example_sla_dag.py
[2025-02-27T03:00:44.478+0000] {processor.py:925} INFO - DAG(s) 'example_sla_dag' retrieved from /home/airflow/.local/lib/python3.12/site-packages/airflow/example_dags/example_sla_dag.py
[2025-02-27T03:00:44.669+0000] {logging_mixin.py:190} INFO - [2025-02-27T03:00:44.668+0000] {dag.py:3239} INFO - Sync 1 DAGs
[2025-02-27T03:00:44.755+0000] {logging_mixin.py:190} INFO - [2025-02-27T03:00:44.755+0000] {dag.py:4180} INFO - Setting next_dagrun for example_sla_dag to 2025-02-27 02:58:00+00:00, run_after=2025-02-27 03:00:00+00:00
[2025-02-27T03:00:44.829+0000] {processor.py:208} INFO - Processing /home/airflow/.local/lib/python3.12/site-packages/airflow/example_dags/example_sla_dag.py took 0.392 seconds
[2025-02-27T03:01:15.937+0000] {processor.py:186} INFO - Started process (PID=948) to work on /home/airflow/.local/lib/python3.12/site-packages/airflow/example_dags/example_sla_dag.py
[2025-02-27T03:01:15.940+0000] {processor.py:914} INFO - Processing file /home/airflow/.local/lib/python3.12/site-packages/airflow/example_dags/example_sla_dag.py for tasks to queue
[2025-02-27T03:01:15.949+0000] {logging_mixin.py:190} INFO - [2025-02-27T03:01:15.945+0000] {dagbag.py:588} INFO - Filling up the DagBag from /home/airflow/.local/lib/python3.12/site-packages/airflow/example_dags/example_sla_dag.py
[2025-02-27T03:01:15.979+0000] {processor.py:925} INFO - DAG(s) 'example_sla_dag' retrieved from /home/airflow/.local/lib/python3.12/site-packages/airflow/example_dags/example_sla_dag.py
[2025-02-27T03:01:16.193+0000] {logging_mixin.py:190} INFO - [2025-02-27T03:01:16.192+0000] {dag.py:3239} INFO - Sync 1 DAGs
[2025-02-27T03:01:16.309+0000] {logging_mixin.py:190} INFO - [2025-02-27T03:01:16.309+0000] {dag.py:4180} INFO - Setting next_dagrun for example_sla_dag to 2025-02-27 02:58:00+00:00, run_after=2025-02-27 03:00:00+00:00
[2025-02-27T03:01:16.418+0000] {processor.py:208} INFO - Processing /home/airflow/.local/lib/python3.12/site-packages/airflow/example_dags/example_sla_dag.py took 0.493 seconds
[2025-02-27T03:01:47.984+0000] {processor.py:186} INFO - Started process (PID=1017) to work on /home/airflow/.local/lib/python3.12/site-packages/airflow/example_dags/example_sla_dag.py
[2025-02-27T03:01:47.986+0000] {processor.py:914} INFO - Processing file /home/airflow/.local/lib/python3.12/site-packages/airflow/example_dags/example_sla_dag.py for tasks to queue
[2025-02-27T03:01:47.990+0000] {logging_mixin.py:190} INFO - [2025-02-27T03:01:47.989+0000] {dagbag.py:588} INFO - Filling up the DagBag from /home/airflow/.local/lib/python3.12/site-packages/airflow/example_dags/example_sla_dag.py
[2025-02-27T03:01:48.006+0000] {processor.py:925} INFO - DAG(s) 'example_sla_dag' retrieved from /home/airflow/.local/lib/python3.12/site-packages/airflow/example_dags/example_sla_dag.py
[2025-02-27T03:01:48.154+0000] {logging_mixin.py:190} INFO - [2025-02-27T03:01:48.153+0000] {dag.py:3239} INFO - Sync 1 DAGs
[2025-02-27T03:01:48.228+0000] {logging_mixin.py:190} INFO - [2025-02-27T03:01:48.228+0000] {dag.py:4180} INFO - Setting next_dagrun for example_sla_dag to 2025-02-27 02:58:00+00:00, run_after=2025-02-27 03:00:00+00:00
[2025-02-27T03:01:48.313+0000] {processor.py:208} INFO - Processing /home/airflow/.local/lib/python3.12/site-packages/airflow/example_dags/example_sla_dag.py took 0.337 seconds
[2025-02-27T03:02:18.893+0000] {processor.py:186} INFO - Started process (PID=1080) to work on /home/airflow/.local/lib/python3.12/site-packages/airflow/example_dags/example_sla_dag.py
[2025-02-27T03:02:18.895+0000] {processor.py:914} INFO - Processing file /home/airflow/.local/lib/python3.12/site-packages/airflow/example_dags/example_sla_dag.py for tasks to queue
[2025-02-27T03:02:18.900+0000] {logging_mixin.py:190} INFO - [2025-02-27T03:02:18.899+0000] {dagbag.py:588} INFO - Filling up the DagBag from /home/airflow/.local/lib/python3.12/site-packages/airflow/example_dags/example_sla_dag.py
[2025-02-27T03:02:18.919+0000] {processor.py:925} INFO - DAG(s) 'example_sla_dag' retrieved from /home/airflow/.local/lib/python3.12/site-packages/airflow/example_dags/example_sla_dag.py
[2025-02-27T03:02:19.087+0000] {logging_mixin.py:190} INFO - [2025-02-27T03:02:19.086+0000] {dag.py:3239} INFO - Sync 1 DAGs
[2025-02-27T03:02:19.161+0000] {logging_mixin.py:190} INFO - [2025-02-27T03:02:19.161+0000] {dag.py:4180} INFO - Setting next_dagrun for example_sla_dag to 2025-02-27 03:00:00+00:00, run_after=2025-02-27 03:02:00+00:00
[2025-02-27T03:02:19.236+0000] {processor.py:208} INFO - Processing /home/airflow/.local/lib/python3.12/site-packages/airflow/example_dags/example_sla_dag.py took 0.354 seconds
[2025-02-27T03:02:52.503+0000] {processor.py:186} INFO - Started process (PID=1143) to work on /home/airflow/.local/lib/python3.12/site-packages/airflow/example_dags/example_sla_dag.py
[2025-02-27T03:02:52.505+0000] {processor.py:914} INFO - Processing file /home/airflow/.local/lib/python3.12/site-packages/airflow/example_dags/example_sla_dag.py for tasks to queue
[2025-02-27T03:02:52.510+0000] {logging_mixin.py:190} INFO - [2025-02-27T03:02:52.509+0000] {dagbag.py:588} INFO - Filling up the DagBag from /home/airflow/.local/lib/python3.12/site-packages/airflow/example_dags/example_sla_dag.py
[2025-02-27T03:02:52.526+0000] {processor.py:925} INFO - DAG(s) 'example_sla_dag' retrieved from /home/airflow/.local/lib/python3.12/site-packages/airflow/example_dags/example_sla_dag.py
[2025-02-27T03:02:52.645+0000] {logging_mixin.py:190} INFO - [2025-02-27T03:02:52.644+0000] {dag.py:3239} INFO - Sync 1 DAGs
[2025-02-27T03:02:52.727+0000] {logging_mixin.py:190} INFO - [2025-02-27T03:02:52.727+0000] {dag.py:4180} INFO - Setting next_dagrun for example_sla_dag to 2025-02-27 03:00:00+00:00, run_after=2025-02-27 03:02:00+00:00
[2025-02-27T03:02:52.793+0000] {processor.py:208} INFO - Processing /home/airflow/.local/lib/python3.12/site-packages/airflow/example_dags/example_sla_dag.py took 0.300 seconds
[2025-02-27T03:03:23.509+0000] {processor.py:186} INFO - Started process (PID=1206) to work on /home/airflow/.local/lib/python3.12/site-packages/airflow/example_dags/example_sla_dag.py
[2025-02-27T03:03:23.510+0000] {processor.py:914} INFO - Processing file /home/airflow/.local/lib/python3.12/site-packages/airflow/example_dags/example_sla_dag.py for tasks to queue
[2025-02-27T03:03:23.515+0000] {logging_mixin.py:190} INFO - [2025-02-27T03:03:23.514+0000] {dagbag.py:588} INFO - Filling up the DagBag from /home/airflow/.local/lib/python3.12/site-packages/airflow/example_dags/example_sla_dag.py
[2025-02-27T03:03:23.534+0000] {processor.py:925} INFO - DAG(s) 'example_sla_dag' retrieved from /home/airflow/.local/lib/python3.12/site-packages/airflow/example_dags/example_sla_dag.py
[2025-02-27T03:03:23.701+0000] {logging_mixin.py:190} INFO - [2025-02-27T03:03:23.700+0000] {dag.py:3239} INFO - Sync 1 DAGs
[2025-02-27T03:03:23.783+0000] {logging_mixin.py:190} INFO - [2025-02-27T03:03:23.783+0000] {dag.py:4180} INFO - Setting next_dagrun for example_sla_dag to 2025-02-27 03:00:00+00:00, run_after=2025-02-27 03:02:00+00:00
[2025-02-27T03:03:23.866+0000] {processor.py:208} INFO - Processing /home/airflow/.local/lib/python3.12/site-packages/airflow/example_dags/example_sla_dag.py took 0.368 seconds
[2025-02-27T03:03:55.797+0000] {processor.py:186} INFO - Started process (PID=1269) to work on /home/airflow/.local/lib/python3.12/site-packages/airflow/example_dags/example_sla_dag.py
[2025-02-27T03:03:55.802+0000] {processor.py:914} INFO - Processing file /home/airflow/.local/lib/python3.12/site-packages/airflow/example_dags/example_sla_dag.py for tasks to queue
[2025-02-27T03:03:55.811+0000] {logging_mixin.py:190} INFO - [2025-02-27T03:03:55.810+0000] {dagbag.py:588} INFO - Filling up the DagBag from /home/airflow/.local/lib/python3.12/site-packages/airflow/example_dags/example_sla_dag.py
[2025-02-27T03:03:55.838+0000] {processor.py:925} INFO - DAG(s) 'example_sla_dag' retrieved from /home/airflow/.local/lib/python3.12/site-packages/airflow/example_dags/example_sla_dag.py
[2025-02-27T03:03:56.037+0000] {logging_mixin.py:190} INFO - [2025-02-27T03:03:56.036+0000] {dag.py:3239} INFO - Sync 1 DAGs
[2025-02-27T03:03:56.128+0000] {logging_mixin.py:190} INFO - [2025-02-27T03:03:56.128+0000] {dag.py:4180} INFO - Setting next_dagrun for example_sla_dag to 2025-02-27 03:00:00+00:00, run_after=2025-02-27 03:02:00+00:00
[2025-02-27T03:03:56.210+0000] {processor.py:208} INFO - Processing /home/airflow/.local/lib/python3.12/site-packages/airflow/example_dags/example_sla_dag.py took 0.434 seconds
[2025-02-27T03:04:26.911+0000] {processor.py:186} INFO - Started process (PID=1332) to work on /home/airflow/.local/lib/python3.12/site-packages/airflow/example_dags/example_sla_dag.py
[2025-02-27T03:04:26.913+0000] {processor.py:914} INFO - Processing file /home/airflow/.local/lib/python3.12/site-packages/airflow/example_dags/example_sla_dag.py for tasks to queue
[2025-02-27T03:04:26.917+0000] {logging_mixin.py:190} INFO - [2025-02-27T03:04:26.916+0000] {dagbag.py:588} INFO - Filling up the DagBag from /home/airflow/.local/lib/python3.12/site-packages/airflow/example_dags/example_sla_dag.py
[2025-02-27T03:04:26.943+0000] {processor.py:925} INFO - DAG(s) 'example_sla_dag' retrieved from /home/airflow/.local/lib/python3.12/site-packages/airflow/example_dags/example_sla_dag.py
[2025-02-27T03:04:27.109+0000] {logging_mixin.py:190} INFO - [2025-02-27T03:04:27.108+0000] {dag.py:3239} INFO - Sync 1 DAGs
[2025-02-27T03:04:27.179+0000] {logging_mixin.py:190} INFO - [2025-02-27T03:04:27.179+0000] {dag.py:4180} INFO - Setting next_dagrun for example_sla_dag to 2025-02-27 03:02:00+00:00, run_after=2025-02-27 03:04:00+00:00
[2025-02-27T03:04:27.233+0000] {processor.py:208} INFO - Processing /home/airflow/.local/lib/python3.12/site-packages/airflow/example_dags/example_sla_dag.py took 0.334 seconds
[2025-02-27T03:04:58.664+0000] {processor.py:186} INFO - Started process (PID=1395) to work on /home/airflow/.local/lib/python3.12/site-packages/airflow/example_dags/example_sla_dag.py
[2025-02-27T03:04:58.665+0000] {processor.py:914} INFO - Processing file /home/airflow/.local/lib/python3.12/site-packages/airflow/example_dags/example_sla_dag.py for tasks to queue
[2025-02-27T03:04:58.668+0000] {logging_mixin.py:190} INFO - [2025-02-27T03:04:58.668+0000] {dagbag.py:588} INFO - Filling up the DagBag from /home/airflow/.local/lib/python3.12/site-packages/airflow/example_dags/example_sla_dag.py
[2025-02-27T03:04:58.685+0000] {processor.py:925} INFO - DAG(s) 'example_sla_dag' retrieved from /home/airflow/.local/lib/python3.12/site-packages/airflow/example_dags/example_sla_dag.py
[2025-02-27T03:04:58.844+0000] {logging_mixin.py:190} INFO - [2025-02-27T03:04:58.844+0000] {dag.py:3239} INFO - Sync 1 DAGs
[2025-02-27T03:04:58.933+0000] {logging_mixin.py:190} INFO - [2025-02-27T03:04:58.933+0000] {dag.py:4180} INFO - Setting next_dagrun for example_sla_dag to 2025-02-27 03:02:00+00:00, run_after=2025-02-27 03:04:00+00:00
[2025-02-27T03:04:59.006+0000] {processor.py:208} INFO - Processing /home/airflow/.local/lib/python3.12/site-packages/airflow/example_dags/example_sla_dag.py took 0.353 seconds
[2025-02-27T03:05:29.174+0000] {processor.py:186} INFO - Started process (PID=1457) to work on /home/airflow/.local/lib/python3.12/site-packages/airflow/example_dags/example_sla_dag.py
[2025-02-27T03:05:29.176+0000] {processor.py:914} INFO - Processing file /home/airflow/.local/lib/python3.12/site-packages/airflow/example_dags/example_sla_dag.py for tasks to queue
[2025-02-27T03:05:29.179+0000] {logging_mixin.py:190} INFO - [2025-02-27T03:05:29.179+0000] {dagbag.py:588} INFO - Filling up the DagBag from /home/airflow/.local/lib/python3.12/site-packages/airflow/example_dags/example_sla_dag.py
[2025-02-27T03:05:29.196+0000] {processor.py:925} INFO - DAG(s) 'example_sla_dag' retrieved from /home/airflow/.local/lib/python3.12/site-packages/airflow/example_dags/example_sla_dag.py
[2025-02-27T03:05:29.339+0000] {logging_mixin.py:190} INFO - [2025-02-27T03:05:29.338+0000] {dag.py:3239} INFO - Sync 1 DAGs
[2025-02-27T03:05:29.400+0000] {logging_mixin.py:190} INFO - [2025-02-27T03:05:29.400+0000] {dag.py:4180} INFO - Setting next_dagrun for example_sla_dag to 2025-02-27 03:02:00+00:00, run_after=2025-02-27 03:04:00+00:00
[2025-02-27T03:05:29.464+0000] {processor.py:208} INFO - Processing /home/airflow/.local/lib/python3.12/site-packages/airflow/example_dags/example_sla_dag.py took 0.299 seconds
[2025-02-27T03:06:01.505+0000] {processor.py:186} INFO - Started process (PID=1521) to work on /home/airflow/.local/lib/python3.12/site-packages/airflow/example_dags/example_sla_dag.py
[2025-02-27T03:06:01.508+0000] {processor.py:914} INFO - Processing file /home/airflow/.local/lib/python3.12/site-packages/airflow/example_dags/example_sla_dag.py for tasks to queue
[2025-02-27T03:06:01.513+0000] {logging_mixin.py:190} INFO - [2025-02-27T03:06:01.512+0000] {dagbag.py:588} INFO - Filling up the DagBag from /home/airflow/.local/lib/python3.12/site-packages/airflow/example_dags/example_sla_dag.py
[2025-02-27T03:06:01.536+0000] {processor.py:925} INFO - DAG(s) 'example_sla_dag' retrieved from /home/airflow/.local/lib/python3.12/site-packages/airflow/example_dags/example_sla_dag.py
[2025-02-27T03:06:01.733+0000] {logging_mixin.py:190} INFO - [2025-02-27T03:06:01.733+0000] {dag.py:3239} INFO - Sync 1 DAGs
[2025-02-27T03:06:01.830+0000] {logging_mixin.py:190} INFO - [2025-02-27T03:06:01.829+0000] {dag.py:4180} INFO - Setting next_dagrun for example_sla_dag to 2025-02-27 03:04:00+00:00, run_after=2025-02-27 03:06:00+00:00
[2025-02-27T03:06:01.923+0000] {processor.py:208} INFO - Processing /home/airflow/.local/lib/python3.12/site-packages/airflow/example_dags/example_sla_dag.py took 0.430 seconds
[2025-02-27T03:06:34.124+0000] {processor.py:186} INFO - Started process (PID=1584) to work on /home/airflow/.local/lib/python3.12/site-packages/airflow/example_dags/example_sla_dag.py
[2025-02-27T03:06:34.125+0000] {processor.py:914} INFO - Processing file /home/airflow/.local/lib/python3.12/site-packages/airflow/example_dags/example_sla_dag.py for tasks to queue
[2025-02-27T03:06:34.130+0000] {logging_mixin.py:190} INFO - [2025-02-27T03:06:34.130+0000] {dagbag.py:588} INFO - Filling up the DagBag from /home/airflow/.local/lib/python3.12/site-packages/airflow/example_dags/example_sla_dag.py
[2025-02-27T03:06:34.153+0000] {processor.py:925} INFO - DAG(s) 'example_sla_dag' retrieved from /home/airflow/.local/lib/python3.12/site-packages/airflow/example_dags/example_sla_dag.py
[2025-02-27T03:06:34.305+0000] {logging_mixin.py:190} INFO - [2025-02-27T03:06:34.304+0000] {dag.py:3239} INFO - Sync 1 DAGs
[2025-02-27T03:06:34.376+0000] {logging_mixin.py:190} INFO - [2025-02-27T03:06:34.376+0000] {dag.py:4180} INFO - Setting next_dagrun for example_sla_dag to 2025-02-27 03:04:00+00:00, run_after=2025-02-27 03:06:00+00:00
[2025-02-27T03:06:34.440+0000] {processor.py:208} INFO - Processing /home/airflow/.local/lib/python3.12/site-packages/airflow/example_dags/example_sla_dag.py took 0.326 seconds
[2025-02-27T03:07:05.447+0000] {processor.py:186} INFO - Started process (PID=1647) to work on /home/airflow/.local/lib/python3.12/site-packages/airflow/example_dags/example_sla_dag.py
[2025-02-27T03:07:05.449+0000] {processor.py:914} INFO - Processing file /home/airflow/.local/lib/python3.12/site-packages/airflow/example_dags/example_sla_dag.py for tasks to queue
[2025-02-27T03:07:05.454+0000] {logging_mixin.py:190} INFO - [2025-02-27T03:07:05.453+0000] {dagbag.py:588} INFO - Filling up the DagBag from /home/airflow/.local/lib/python3.12/site-packages/airflow/example_dags/example_sla_dag.py
[2025-02-27T03:07:05.478+0000] {processor.py:925} INFO - DAG(s) 'example_sla_dag' retrieved from /home/airflow/.local/lib/python3.12/site-packages/airflow/example_dags/example_sla_dag.py
[2025-02-27T03:07:05.681+0000] {logging_mixin.py:190} INFO - [2025-02-27T03:07:05.681+0000] {dag.py:3239} INFO - Sync 1 DAGs
[2025-02-27T03:07:05.778+0000] {logging_mixin.py:190} INFO - [2025-02-27T03:07:05.778+0000] {dag.py:4180} INFO - Setting next_dagrun for example_sla_dag to 2025-02-27 03:04:00+00:00, run_after=2025-02-27 03:06:00+00:00
[2025-02-27T03:07:05.845+0000] {processor.py:208} INFO - Processing /home/airflow/.local/lib/python3.12/site-packages/airflow/example_dags/example_sla_dag.py took 0.407 seconds
[2025-02-27T03:07:36.597+0000] {processor.py:186} INFO - Started process (PID=1710) to work on /home/airflow/.local/lib/python3.12/site-packages/airflow/example_dags/example_sla_dag.py
[2025-02-27T03:07:36.599+0000] {processor.py:914} INFO - Processing file /home/airflow/.local/lib/python3.12/site-packages/airflow/example_dags/example_sla_dag.py for tasks to queue
[2025-02-27T03:07:36.605+0000] {logging_mixin.py:190} INFO - [2025-02-27T03:07:36.604+0000] {dagbag.py:588} INFO - Filling up the DagBag from /home/airflow/.local/lib/python3.12/site-packages/airflow/example_dags/example_sla_dag.py
[2025-02-27T03:07:36.635+0000] {processor.py:925} INFO - DAG(s) 'example_sla_dag' retrieved from /home/airflow/.local/lib/python3.12/site-packages/airflow/example_dags/example_sla_dag.py
[2025-02-27T03:07:36.867+0000] {logging_mixin.py:190} INFO - [2025-02-27T03:07:36.866+0000] {dag.py:3239} INFO - Sync 1 DAGs
[2025-02-27T03:07:36.985+0000] {logging_mixin.py:190} INFO - [2025-02-27T03:07:36.984+0000] {dag.py:4180} INFO - Setting next_dagrun for example_sla_dag to 2025-02-27 03:04:00+00:00, run_after=2025-02-27 03:06:00+00:00
[2025-02-27T03:07:37.071+0000] {processor.py:208} INFO - Processing /home/airflow/.local/lib/python3.12/site-packages/airflow/example_dags/example_sla_dag.py took 0.488 seconds
[2025-02-27T03:08:08.047+0000] {processor.py:186} INFO - Started process (PID=1773) to work on /home/airflow/.local/lib/python3.12/site-packages/airflow/example_dags/example_sla_dag.py
[2025-02-27T03:08:08.050+0000] {processor.py:914} INFO - Processing file /home/airflow/.local/lib/python3.12/site-packages/airflow/example_dags/example_sla_dag.py for tasks to queue
[2025-02-27T03:08:08.055+0000] {logging_mixin.py:190} INFO - [2025-02-27T03:08:08.054+0000] {dagbag.py:588} INFO - Filling up the DagBag from /home/airflow/.local/lib/python3.12/site-packages/airflow/example_dags/example_sla_dag.py
[2025-02-27T03:08:08.082+0000] {processor.py:925} INFO - DAG(s) 'example_sla_dag' retrieved from /home/airflow/.local/lib/python3.12/site-packages/airflow/example_dags/example_sla_dag.py
[2025-02-27T03:08:08.253+0000] {logging_mixin.py:190} INFO - [2025-02-27T03:08:08.252+0000] {dag.py:3239} INFO - Sync 1 DAGs
[2025-02-27T03:08:08.338+0000] {logging_mixin.py:190} INFO - [2025-02-27T03:08:08.338+0000] {dag.py:4180} INFO - Setting next_dagrun for example_sla_dag to 2025-02-27 03:06:00+00:00, run_after=2025-02-27 03:08:00+00:00
[2025-02-27T03:08:08.397+0000] {processor.py:208} INFO - Processing /home/airflow/.local/lib/python3.12/site-packages/airflow/example_dags/example_sla_dag.py took 0.364 seconds
[2025-02-27T03:08:38.987+0000] {processor.py:186} INFO - Started process (PID=1836) to work on /home/airflow/.local/lib/python3.12/site-packages/airflow/example_dags/example_sla_dag.py
[2025-02-27T03:08:38.991+0000] {processor.py:914} INFO - Processing file /home/airflow/.local/lib/python3.12/site-packages/airflow/example_dags/example_sla_dag.py for tasks to queue
[2025-02-27T03:08:38.996+0000] {logging_mixin.py:190} INFO - [2025-02-27T03:08:38.996+0000] {dagbag.py:588} INFO - Filling up the DagBag from /home/airflow/.local/lib/python3.12/site-packages/airflow/example_dags/example_sla_dag.py
[2025-02-27T03:08:39.014+0000] {processor.py:925} INFO - DAG(s) 'example_sla_dag' retrieved from /home/airflow/.local/lib/python3.12/site-packages/airflow/example_dags/example_sla_dag.py
[2025-02-27T03:08:39.170+0000] {logging_mixin.py:190} INFO - [2025-02-27T03:08:39.169+0000] {dag.py:3239} INFO - Sync 1 DAGs
[2025-02-27T03:08:39.249+0000] {logging_mixin.py:190} INFO - [2025-02-27T03:08:39.249+0000] {dag.py:4180} INFO - Setting next_dagrun for example_sla_dag to 2025-02-27 03:06:00+00:00, run_after=2025-02-27 03:08:00+00:00
[2025-02-27T03:08:39.326+0000] {processor.py:208} INFO - Processing /home/airflow/.local/lib/python3.12/site-packages/airflow/example_dags/example_sla_dag.py took 0.355 seconds
[2025-02-27T03:09:09.571+0000] {processor.py:186} INFO - Started process (PID=1898) to work on /home/airflow/.local/lib/python3.12/site-packages/airflow/example_dags/example_sla_dag.py
[2025-02-27T03:09:09.572+0000] {processor.py:914} INFO - Processing file /home/airflow/.local/lib/python3.12/site-packages/airflow/example_dags/example_sla_dag.py for tasks to queue
[2025-02-27T03:09:09.576+0000] {logging_mixin.py:190} INFO - [2025-02-27T03:09:09.575+0000] {dagbag.py:588} INFO - Filling up the DagBag from /home/airflow/.local/lib/python3.12/site-packages/airflow/example_dags/example_sla_dag.py
[2025-02-27T03:09:09.594+0000] {processor.py:925} INFO - DAG(s) 'example_sla_dag' retrieved from /home/airflow/.local/lib/python3.12/site-packages/airflow/example_dags/example_sla_dag.py
[2025-02-27T03:09:09.742+0000] {logging_mixin.py:190} INFO - [2025-02-27T03:09:09.741+0000] {dag.py:3239} INFO - Sync 1 DAGs
[2025-02-27T03:09:09.808+0000] {logging_mixin.py:190} INFO - [2025-02-27T03:09:09.808+0000] {dag.py:4180} INFO - Setting next_dagrun for example_sla_dag to 2025-02-27 03:06:00+00:00, run_after=2025-02-27 03:08:00+00:00
[2025-02-27T03:09:09.868+0000] {processor.py:208} INFO - Processing /home/airflow/.local/lib/python3.12/site-packages/airflow/example_dags/example_sla_dag.py took 0.307 seconds
[2025-02-27T03:09:41.959+0000] {processor.py:186} INFO - Started process (PID=1961) to work on /home/airflow/.local/lib/python3.12/site-packages/airflow/example_dags/example_sla_dag.py
[2025-02-27T03:09:41.961+0000] {processor.py:914} INFO - Processing file /home/airflow/.local/lib/python3.12/site-packages/airflow/example_dags/example_sla_dag.py for tasks to queue
[2025-02-27T03:09:41.967+0000] {logging_mixin.py:190} INFO - [2025-02-27T03:09:41.966+0000] {dagbag.py:588} INFO - Filling up the DagBag from /home/airflow/.local/lib/python3.12/site-packages/airflow/example_dags/example_sla_dag.py
[2025-02-27T03:09:41.999+0000] {processor.py:925} INFO - DAG(s) 'example_sla_dag' retrieved from /home/airflow/.local/lib/python3.12/site-packages/airflow/example_dags/example_sla_dag.py
[2025-02-27T03:09:42.215+0000] {logging_mixin.py:190} INFO - [2025-02-27T03:09:42.214+0000] {dag.py:3239} INFO - Sync 1 DAGs
[2025-02-27T03:09:42.362+0000] {logging_mixin.py:190} INFO - [2025-02-27T03:09:42.361+0000] {dag.py:4180} INFO - Setting next_dagrun for example_sla_dag to 2025-02-27 03:06:00+00:00, run_after=2025-02-27 03:08:00+00:00
[2025-02-27T03:09:42.475+0000] {processor.py:208} INFO - Processing /home/airflow/.local/lib/python3.12/site-packages/airflow/example_dags/example_sla_dag.py took 0.529 seconds
[2025-02-27T03:10:12.599+0000] {processor.py:186} INFO - Started process (PID=2024) to work on /home/airflow/.local/lib/python3.12/site-packages/airflow/example_dags/example_sla_dag.py
[2025-02-27T03:10:12.601+0000] {processor.py:914} INFO - Processing file /home/airflow/.local/lib/python3.12/site-packages/airflow/example_dags/example_sla_dag.py for tasks to queue
[2025-02-27T03:10:12.605+0000] {logging_mixin.py:190} INFO - [2025-02-27T03:10:12.605+0000] {dagbag.py:588} INFO - Filling up the DagBag from /home/airflow/.local/lib/python3.12/site-packages/airflow/example_dags/example_sla_dag.py
[2025-02-27T03:10:12.625+0000] {processor.py:925} INFO - DAG(s) 'example_sla_dag' retrieved from /home/airflow/.local/lib/python3.12/site-packages/airflow/example_dags/example_sla_dag.py
[2025-02-27T03:10:12.764+0000] {logging_mixin.py:190} INFO - [2025-02-27T03:10:12.763+0000] {dag.py:3239} INFO - Sync 1 DAGs
[2025-02-27T03:10:12.837+0000] {logging_mixin.py:190} INFO - [2025-02-27T03:10:12.836+0000] {dag.py:4180} INFO - Setting next_dagrun for example_sla_dag to 2025-02-27 03:08:00+00:00, run_after=2025-02-27 03:10:00+00:00
[2025-02-27T03:10:12.902+0000] {processor.py:208} INFO - Processing /home/airflow/.local/lib/python3.12/site-packages/airflow/example_dags/example_sla_dag.py took 0.312 seconds
[2025-02-27T03:10:43.335+0000] {processor.py:186} INFO - Started process (PID=2087) to work on /home/airflow/.local/lib/python3.12/site-packages/airflow/example_dags/example_sla_dag.py
[2025-02-27T03:10:43.337+0000] {processor.py:914} INFO - Processing file /home/airflow/.local/lib/python3.12/site-packages/airflow/example_dags/example_sla_dag.py for tasks to queue
[2025-02-27T03:10:43.341+0000] {logging_mixin.py:190} INFO - [2025-02-27T03:10:43.341+0000] {dagbag.py:588} INFO - Filling up the DagBag from /home/airflow/.local/lib/python3.12/site-packages/airflow/example_dags/example_sla_dag.py
[2025-02-27T03:10:43.356+0000] {processor.py:925} INFO - DAG(s) 'example_sla_dag' retrieved from /home/airflow/.local/lib/python3.12/site-packages/airflow/example_dags/example_sla_dag.py
[2025-02-27T03:10:43.506+0000] {logging_mixin.py:190} INFO - [2025-02-27T03:10:43.506+0000] {dag.py:3239} INFO - Sync 1 DAGs
[2025-02-27T03:10:43.588+0000] {logging_mixin.py:190} INFO - [2025-02-27T03:10:43.587+0000] {dag.py:4180} INFO - Setting next_dagrun for example_sla_dag to 2025-02-27 03:08:00+00:00, run_after=2025-02-27 03:10:00+00:00
[2025-02-27T03:10:43.645+0000] {processor.py:208} INFO - Processing /home/airflow/.local/lib/python3.12/site-packages/airflow/example_dags/example_sla_dag.py took 0.322 seconds
[2025-02-27T03:11:14.711+0000] {processor.py:186} INFO - Started process (PID=2150) to work on /home/airflow/.local/lib/python3.12/site-packages/airflow/example_dags/example_sla_dag.py
[2025-02-27T03:11:14.712+0000] {processor.py:914} INFO - Processing file /home/airflow/.local/lib/python3.12/site-packages/airflow/example_dags/example_sla_dag.py for tasks to queue
[2025-02-27T03:11:14.716+0000] {logging_mixin.py:190} INFO - [2025-02-27T03:11:14.716+0000] {dagbag.py:588} INFO - Filling up the DagBag from /home/airflow/.local/lib/python3.12/site-packages/airflow/example_dags/example_sla_dag.py
[2025-02-27T03:11:14.734+0000] {processor.py:925} INFO - DAG(s) 'example_sla_dag' retrieved from /home/airflow/.local/lib/python3.12/site-packages/airflow/example_dags/example_sla_dag.py
[2025-02-27T03:11:14.877+0000] {logging_mixin.py:190} INFO - [2025-02-27T03:11:14.877+0000] {dag.py:3239} INFO - Sync 1 DAGs
[2025-02-27T03:11:14.940+0000] {logging_mixin.py:190} INFO - [2025-02-27T03:11:14.939+0000] {dag.py:4180} INFO - Setting next_dagrun for example_sla_dag to 2025-02-27 03:08:00+00:00, run_after=2025-02-27 03:10:00+00:00
[2025-02-27T03:11:14.992+0000] {processor.py:208} INFO - Processing /home/airflow/.local/lib/python3.12/site-packages/airflow/example_dags/example_sla_dag.py took 0.291 seconds
[2025-02-27T03:11:46.667+0000] {processor.py:186} INFO - Started process (PID=2213) to work on /home/airflow/.local/lib/python3.12/site-packages/airflow/example_dags/example_sla_dag.py
[2025-02-27T03:11:46.669+0000] {processor.py:914} INFO - Processing file /home/airflow/.local/lib/python3.12/site-packages/airflow/example_dags/example_sla_dag.py for tasks to queue
[2025-02-27T03:11:46.673+0000] {logging_mixin.py:190} INFO - [2025-02-27T03:11:46.673+0000] {dagbag.py:588} INFO - Filling up the DagBag from /home/airflow/.local/lib/python3.12/site-packages/airflow/example_dags/example_sla_dag.py
[2025-02-27T03:11:46.697+0000] {processor.py:925} INFO - DAG(s) 'example_sla_dag' retrieved from /home/airflow/.local/lib/python3.12/site-packages/airflow/example_dags/example_sla_dag.py
[2025-02-27T03:11:46.898+0000] {logging_mixin.py:190} INFO - [2025-02-27T03:11:46.897+0000] {dag.py:3239} INFO - Sync 1 DAGs
[2025-02-27T03:11:47.005+0000] {logging_mixin.py:190} INFO - [2025-02-27T03:11:47.004+0000] {dag.py:4180} INFO - Setting next_dagrun for example_sla_dag to 2025-02-27 03:08:00+00:00, run_after=2025-02-27 03:10:00+00:00
[2025-02-27T03:11:47.070+0000] {processor.py:208} INFO - Processing /home/airflow/.local/lib/python3.12/site-packages/airflow/example_dags/example_sla_dag.py took 0.413 seconds
[2025-02-27T03:12:18.477+0000] {processor.py:186} INFO - Started process (PID=2276) to work on /home/airflow/.local/lib/python3.12/site-packages/airflow/example_dags/example_sla_dag.py
[2025-02-27T03:12:18.479+0000] {processor.py:914} INFO - Processing file /home/airflow/.local/lib/python3.12/site-packages/airflow/example_dags/example_sla_dag.py for tasks to queue
[2025-02-27T03:12:18.484+0000] {logging_mixin.py:190} INFO - [2025-02-27T03:12:18.484+0000] {dagbag.py:588} INFO - Filling up the DagBag from /home/airflow/.local/lib/python3.12/site-packages/airflow/example_dags/example_sla_dag.py
[2025-02-27T03:12:18.499+0000] {processor.py:925} INFO - DAG(s) 'example_sla_dag' retrieved from /home/airflow/.local/lib/python3.12/site-packages/airflow/example_dags/example_sla_dag.py
[2025-02-27T03:12:18.649+0000] {logging_mixin.py:190} INFO - [2025-02-27T03:12:18.649+0000] {dag.py:3239} INFO - Sync 1 DAGs
[2025-02-27T03:12:18.721+0000] {logging_mixin.py:190} INFO - [2025-02-27T03:12:18.720+0000] {dag.py:4180} INFO - Setting next_dagrun for example_sla_dag to 2025-02-27 03:10:00+00:00, run_after=2025-02-27 03:12:00+00:00
[2025-02-27T03:12:18.773+0000] {processor.py:208} INFO - Processing /home/airflow/.local/lib/python3.12/site-packages/airflow/example_dags/example_sla_dag.py took 0.306 seconds
[2025-02-27T03:12:49.948+0000] {processor.py:186} INFO - Started process (PID=2345) to work on /home/airflow/.local/lib/python3.12/site-packages/airflow/example_dags/example_sla_dag.py
[2025-02-27T03:12:49.950+0000] {processor.py:914} INFO - Processing file /home/airflow/.local/lib/python3.12/site-packages/airflow/example_dags/example_sla_dag.py for tasks to queue
[2025-02-27T03:12:49.955+0000] {logging_mixin.py:190} INFO - [2025-02-27T03:12:49.954+0000] {dagbag.py:588} INFO - Filling up the DagBag from /home/airflow/.local/lib/python3.12/site-packages/airflow/example_dags/example_sla_dag.py
[2025-02-27T03:12:49.978+0000] {processor.py:925} INFO - DAG(s) 'example_sla_dag' retrieved from /home/airflow/.local/lib/python3.12/site-packages/airflow/example_dags/example_sla_dag.py
[2025-02-27T03:12:50.144+0000] {logging_mixin.py:190} INFO - [2025-02-27T03:12:50.143+0000] {dag.py:3239} INFO - Sync 1 DAGs
[2025-02-27T03:12:50.230+0000] {logging_mixin.py:190} INFO - [2025-02-27T03:12:50.229+0000] {dag.py:4180} INFO - Setting next_dagrun for example_sla_dag to 2025-02-27 03:10:00+00:00, run_after=2025-02-27 03:12:00+00:00
[2025-02-27T03:12:50.294+0000] {processor.py:208} INFO - Processing /home/airflow/.local/lib/python3.12/site-packages/airflow/example_dags/example_sla_dag.py took 0.354 seconds
[2025-02-27T03:13:21.637+0000] {processor.py:186} INFO - Started process (PID=2408) to work on /home/airflow/.local/lib/python3.12/site-packages/airflow/example_dags/example_sla_dag.py
[2025-02-27T03:13:21.639+0000] {processor.py:914} INFO - Processing file /home/airflow/.local/lib/python3.12/site-packages/airflow/example_dags/example_sla_dag.py for tasks to queue
[2025-02-27T03:13:21.643+0000] {logging_mixin.py:190} INFO - [2025-02-27T03:13:21.643+0000] {dagbag.py:588} INFO - Filling up the DagBag from /home/airflow/.local/lib/python3.12/site-packages/airflow/example_dags/example_sla_dag.py
[2025-02-27T03:13:21.666+0000] {processor.py:925} INFO - DAG(s) 'example_sla_dag' retrieved from /home/airflow/.local/lib/python3.12/site-packages/airflow/example_dags/example_sla_dag.py
[2025-02-27T03:13:21.885+0000] {logging_mixin.py:190} INFO - [2025-02-27T03:13:21.884+0000] {dag.py:3239} INFO - Sync 1 DAGs
[2025-02-27T03:13:21.972+0000] {logging_mixin.py:190} INFO - [2025-02-27T03:13:21.972+0000] {dag.py:4180} INFO - Setting next_dagrun for example_sla_dag to 2025-02-27 03:10:00+00:00, run_after=2025-02-27 03:12:00+00:00
[2025-02-27T03:13:22.049+0000] {processor.py:208} INFO - Processing /home/airflow/.local/lib/python3.12/site-packages/airflow/example_dags/example_sla_dag.py took 0.423 seconds
[2025-02-27T03:13:52.430+0000] {processor.py:186} INFO - Started process (PID=2471) to work on /home/airflow/.local/lib/python3.12/site-packages/airflow/example_dags/example_sla_dag.py
[2025-02-27T03:13:52.431+0000] {processor.py:914} INFO - Processing file /home/airflow/.local/lib/python3.12/site-packages/airflow/example_dags/example_sla_dag.py for tasks to queue
[2025-02-27T03:13:52.435+0000] {logging_mixin.py:190} INFO - [2025-02-27T03:13:52.434+0000] {dagbag.py:588} INFO - Filling up the DagBag from /home/airflow/.local/lib/python3.12/site-packages/airflow/example_dags/example_sla_dag.py
[2025-02-27T03:13:52.451+0000] {processor.py:925} INFO - DAG(s) 'example_sla_dag' retrieved from /home/airflow/.local/lib/python3.12/site-packages/airflow/example_dags/example_sla_dag.py
[2025-02-27T03:13:52.601+0000] {logging_mixin.py:190} INFO - [2025-02-27T03:13:52.601+0000] {dag.py:3239} INFO - Sync 1 DAGs
[2025-02-27T03:13:52.663+0000] {logging_mixin.py:190} INFO - [2025-02-27T03:13:52.662+0000] {dag.py:4180} INFO - Setting next_dagrun for example_sla_dag to 2025-02-27 03:10:00+00:00, run_after=2025-02-27 03:12:00+00:00
[2025-02-27T03:13:52.711+0000] {processor.py:208} INFO - Processing /home/airflow/.local/lib/python3.12/site-packages/airflow/example_dags/example_sla_dag.py took 0.291 seconds
[2025-02-27T03:14:22.891+0000] {processor.py:186} INFO - Started process (PID=2533) to work on /home/airflow/.local/lib/python3.12/site-packages/airflow/example_dags/example_sla_dag.py
[2025-02-27T03:14:22.893+0000] {processor.py:914} INFO - Processing file /home/airflow/.local/lib/python3.12/site-packages/airflow/example_dags/example_sla_dag.py for tasks to queue
[2025-02-27T03:14:22.896+0000] {logging_mixin.py:190} INFO - [2025-02-27T03:14:22.896+0000] {dagbag.py:588} INFO - Filling up the DagBag from /home/airflow/.local/lib/python3.12/site-packages/airflow/example_dags/example_sla_dag.py
[2025-02-27T03:14:22.910+0000] {processor.py:925} INFO - DAG(s) 'example_sla_dag' retrieved from /home/airflow/.local/lib/python3.12/site-packages/airflow/example_dags/example_sla_dag.py
[2025-02-27T03:14:23.052+0000] {logging_mixin.py:190} INFO - [2025-02-27T03:14:23.052+0000] {dag.py:3239} INFO - Sync 1 DAGs
[2025-02-27T03:14:23.110+0000] {logging_mixin.py:190} INFO - [2025-02-27T03:14:23.110+0000] {dag.py:4180} INFO - Setting next_dagrun for example_sla_dag to 2025-02-27 03:12:00+00:00, run_after=2025-02-27 03:14:00+00:00
[2025-02-27T03:14:23.154+0000] {processor.py:208} INFO - Processing /home/airflow/.local/lib/python3.12/site-packages/airflow/example_dags/example_sla_dag.py took 0.270 seconds
[2025-02-27T03:14:54.001+0000] {processor.py:186} INFO - Started process (PID=2596) to work on /home/airflow/.local/lib/python3.12/site-packages/airflow/example_dags/example_sla_dag.py
[2025-02-27T03:14:54.003+0000] {processor.py:914} INFO - Processing file /home/airflow/.local/lib/python3.12/site-packages/airflow/example_dags/example_sla_dag.py for tasks to queue
[2025-02-27T03:14:54.006+0000] {logging_mixin.py:190} INFO - [2025-02-27T03:14:54.006+0000] {dagbag.py:588} INFO - Filling up the DagBag from /home/airflow/.local/lib/python3.12/site-packages/airflow/example_dags/example_sla_dag.py
[2025-02-27T03:14:54.025+0000] {processor.py:925} INFO - DAG(s) 'example_sla_dag' retrieved from /home/airflow/.local/lib/python3.12/site-packages/airflow/example_dags/example_sla_dag.py
[2025-02-27T03:14:54.162+0000] {logging_mixin.py:190} INFO - [2025-02-27T03:14:54.161+0000] {dag.py:3239} INFO - Sync 1 DAGs
[2025-02-27T03:14:54.236+0000] {logging_mixin.py:190} INFO - [2025-02-27T03:14:54.236+0000] {dag.py:4180} INFO - Setting next_dagrun for example_sla_dag to 2025-02-27 03:12:00+00:00, run_after=2025-02-27 03:14:00+00:00
[2025-02-27T03:14:54.306+0000] {processor.py:208} INFO - Processing /home/airflow/.local/lib/python3.12/site-packages/airflow/example_dags/example_sla_dag.py took 0.314 seconds
[2025-02-27T03:15:25.678+0000] {processor.py:186} INFO - Started process (PID=2659) to work on /home/airflow/.local/lib/python3.12/site-packages/airflow/example_dags/example_sla_dag.py
[2025-02-27T03:15:25.679+0000] {processor.py:914} INFO - Processing file /home/airflow/.local/lib/python3.12/site-packages/airflow/example_dags/example_sla_dag.py for tasks to queue
[2025-02-27T03:15:25.683+0000] {logging_mixin.py:190} INFO - [2025-02-27T03:15:25.682+0000] {dagbag.py:588} INFO - Filling up the DagBag from /home/airflow/.local/lib/python3.12/site-packages/airflow/example_dags/example_sla_dag.py
[2025-02-27T03:15:25.701+0000] {processor.py:925} INFO - DAG(s) 'example_sla_dag' retrieved from /home/airflow/.local/lib/python3.12/site-packages/airflow/example_dags/example_sla_dag.py
[2025-02-27T03:15:25.827+0000] {logging_mixin.py:190} INFO - [2025-02-27T03:15:25.826+0000] {dag.py:3239} INFO - Sync 1 DAGs
[2025-02-27T03:15:25.887+0000] {logging_mixin.py:190} INFO - [2025-02-27T03:15:25.886+0000] {dag.py:4180} INFO - Setting next_dagrun for example_sla_dag to 2025-02-27 03:12:00+00:00, run_after=2025-02-27 03:14:00+00:00
[2025-02-27T03:15:25.938+0000] {processor.py:208} INFO - Processing /home/airflow/.local/lib/python3.12/site-packages/airflow/example_dags/example_sla_dag.py took 0.267 seconds
[2025-02-27T03:15:57.028+0000] {processor.py:186} INFO - Started process (PID=2722) to work on /home/airflow/.local/lib/python3.12/site-packages/airflow/example_dags/example_sla_dag.py
[2025-02-27T03:15:57.031+0000] {processor.py:914} INFO - Processing file /home/airflow/.local/lib/python3.12/site-packages/airflow/example_dags/example_sla_dag.py for tasks to queue
[2025-02-27T03:15:57.036+0000] {logging_mixin.py:190} INFO - [2025-02-27T03:15:57.035+0000] {dagbag.py:588} INFO - Filling up the DagBag from /home/airflow/.local/lib/python3.12/site-packages/airflow/example_dags/example_sla_dag.py
[2025-02-27T03:15:57.065+0000] {processor.py:925} INFO - DAG(s) 'example_sla_dag' retrieved from /home/airflow/.local/lib/python3.12/site-packages/airflow/example_dags/example_sla_dag.py
[2025-02-27T03:15:57.289+0000] {logging_mixin.py:190} INFO - [2025-02-27T03:15:57.288+0000] {dag.py:3239} INFO - Sync 1 DAGs
[2025-02-27T03:15:57.395+0000] {logging_mixin.py:190} INFO - [2025-02-27T03:15:57.395+0000] {dag.py:4180} INFO - Setting next_dagrun for example_sla_dag to 2025-02-27 03:12:00+00:00, run_after=2025-02-27 03:14:00+00:00
[2025-02-27T03:15:57.512+0000] {processor.py:208} INFO - Processing /home/airflow/.local/lib/python3.12/site-packages/airflow/example_dags/example_sla_dag.py took 0.498 seconds
[2025-02-27T03:16:28.224+0000] {processor.py:186} INFO - Started process (PID=2785) to work on /home/airflow/.local/lib/python3.12/site-packages/airflow/example_dags/example_sla_dag.py
[2025-02-27T03:16:28.226+0000] {processor.py:914} INFO - Processing file /home/airflow/.local/lib/python3.12/site-packages/airflow/example_dags/example_sla_dag.py for tasks to queue
[2025-02-27T03:16:28.229+0000] {logging_mixin.py:190} INFO - [2025-02-27T03:16:28.229+0000] {dagbag.py:588} INFO - Filling up the DagBag from /home/airflow/.local/lib/python3.12/site-packages/airflow/example_dags/example_sla_dag.py
[2025-02-27T03:16:28.242+0000] {processor.py:925} INFO - DAG(s) 'example_sla_dag' retrieved from /home/airflow/.local/lib/python3.12/site-packages/airflow/example_dags/example_sla_dag.py
[2025-02-27T03:16:28.396+0000] {logging_mixin.py:190} INFO - [2025-02-27T03:16:28.395+0000] {dag.py:3239} INFO - Sync 1 DAGs
[2025-02-27T03:16:28.468+0000] {logging_mixin.py:190} INFO - [2025-02-27T03:16:28.468+0000] {dag.py:4180} INFO - Setting next_dagrun for example_sla_dag to 2025-02-27 03:14:00+00:00, run_after=2025-02-27 03:16:00+00:00
[2025-02-27T03:16:28.515+0000] {processor.py:208} INFO - Processing /home/airflow/.local/lib/python3.12/site-packages/airflow/example_dags/example_sla_dag.py took 0.299 seconds
[2025-02-27T03:16:59.170+0000] {processor.py:186} INFO - Started process (PID=2848) to work on /home/airflow/.local/lib/python3.12/site-packages/airflow/example_dags/example_sla_dag.py
[2025-02-27T03:16:59.172+0000] {processor.py:914} INFO - Processing file /home/airflow/.local/lib/python3.12/site-packages/airflow/example_dags/example_sla_dag.py for tasks to queue
[2025-02-27T03:16:59.176+0000] {logging_mixin.py:190} INFO - [2025-02-27T03:16:59.176+0000] {dagbag.py:588} INFO - Filling up the DagBag from /home/airflow/.local/lib/python3.12/site-packages/airflow/example_dags/example_sla_dag.py
[2025-02-27T03:16:59.194+0000] {processor.py:925} INFO - DAG(s) 'example_sla_dag' retrieved from /home/airflow/.local/lib/python3.12/site-packages/airflow/example_dags/example_sla_dag.py
[2025-02-27T03:16:59.377+0000] {logging_mixin.py:190} INFO - [2025-02-27T03:16:59.377+0000] {dag.py:3239} INFO - Sync 1 DAGs
[2025-02-27T03:16:59.446+0000] {logging_mixin.py:190} INFO - [2025-02-27T03:16:59.446+0000] {dag.py:4180} INFO - Setting next_dagrun for example_sla_dag to 2025-02-27 03:14:00+00:00, run_after=2025-02-27 03:16:00+00:00
[2025-02-27T03:16:59.507+0000] {processor.py:208} INFO - Processing /home/airflow/.local/lib/python3.12/site-packages/airflow/example_dags/example_sla_dag.py took 0.345 seconds
[2025-02-27T03:17:29.662+0000] {processor.py:186} INFO - Started process (PID=2910) to work on /home/airflow/.local/lib/python3.12/site-packages/airflow/example_dags/example_sla_dag.py
[2025-02-27T03:17:29.663+0000] {processor.py:914} INFO - Processing file /home/airflow/.local/lib/python3.12/site-packages/airflow/example_dags/example_sla_dag.py for tasks to queue
[2025-02-27T03:17:29.666+0000] {logging_mixin.py:190} INFO - [2025-02-27T03:17:29.666+0000] {dagbag.py:588} INFO - Filling up the DagBag from /home/airflow/.local/lib/python3.12/site-packages/airflow/example_dags/example_sla_dag.py
[2025-02-27T03:17:29.686+0000] {processor.py:925} INFO - DAG(s) 'example_sla_dag' retrieved from /home/airflow/.local/lib/python3.12/site-packages/airflow/example_dags/example_sla_dag.py
[2025-02-27T03:17:29.935+0000] {logging_mixin.py:190} INFO - [2025-02-27T03:17:29.935+0000] {dag.py:3239} INFO - Sync 1 DAGs
[2025-02-27T03:17:30.012+0000] {logging_mixin.py:190} INFO - [2025-02-27T03:17:30.012+0000] {dag.py:4180} INFO - Setting next_dagrun for example_sla_dag to 2025-02-27 03:14:00+00:00, run_after=2025-02-27 03:16:00+00:00
[2025-02-27T03:17:30.077+0000] {processor.py:208} INFO - Processing /home/airflow/.local/lib/python3.12/site-packages/airflow/example_dags/example_sla_dag.py took 0.422 seconds
[2025-02-27T03:18:00.527+0000] {processor.py:186} INFO - Started process (PID=2973) to work on /home/airflow/.local/lib/python3.12/site-packages/airflow/example_dags/example_sla_dag.py
[2025-02-27T03:18:00.529+0000] {processor.py:914} INFO - Processing file /home/airflow/.local/lib/python3.12/site-packages/airflow/example_dags/example_sla_dag.py for tasks to queue
[2025-02-27T03:18:00.533+0000] {logging_mixin.py:190} INFO - [2025-02-27T03:18:00.533+0000] {dagbag.py:588} INFO - Filling up the DagBag from /home/airflow/.local/lib/python3.12/site-packages/airflow/example_dags/example_sla_dag.py
[2025-02-27T03:18:00.552+0000] {processor.py:925} INFO - DAG(s) 'example_sla_dag' retrieved from /home/airflow/.local/lib/python3.12/site-packages/airflow/example_dags/example_sla_dag.py
[2025-02-27T03:18:00.699+0000] {logging_mixin.py:190} INFO - [2025-02-27T03:18:00.699+0000] {dag.py:3239} INFO - Sync 1 DAGs
[2025-02-27T03:18:00.771+0000] {logging_mixin.py:190} INFO - [2025-02-27T03:18:00.770+0000] {dag.py:4180} INFO - Setting next_dagrun for example_sla_dag to 2025-02-27 03:16:00+00:00, run_after=2025-02-27 03:18:00+00:00
[2025-02-27T03:18:00.823+0000] {processor.py:208} INFO - Processing /home/airflow/.local/lib/python3.12/site-packages/airflow/example_dags/example_sla_dag.py took 0.305 seconds
[2025-02-27T03:18:31.649+0000] {processor.py:186} INFO - Started process (PID=3036) to work on /home/airflow/.local/lib/python3.12/site-packages/airflow/example_dags/example_sla_dag.py
[2025-02-27T03:18:31.651+0000] {processor.py:914} INFO - Processing file /home/airflow/.local/lib/python3.12/site-packages/airflow/example_dags/example_sla_dag.py for tasks to queue
[2025-02-27T03:18:31.656+0000] {logging_mixin.py:190} INFO - [2025-02-27T03:18:31.655+0000] {dagbag.py:588} INFO - Filling up the DagBag from /home/airflow/.local/lib/python3.12/site-packages/airflow/example_dags/example_sla_dag.py
[2025-02-27T03:18:31.684+0000] {processor.py:925} INFO - DAG(s) 'example_sla_dag' retrieved from /home/airflow/.local/lib/python3.12/site-packages/airflow/example_dags/example_sla_dag.py
[2025-02-27T03:18:31.874+0000] {logging_mixin.py:190} INFO - [2025-02-27T03:18:31.873+0000] {dag.py:3239} INFO - Sync 1 DAGs
[2025-02-27T03:18:31.975+0000] {logging_mixin.py:190} INFO - [2025-02-27T03:18:31.975+0000] {dag.py:4180} INFO - Setting next_dagrun for example_sla_dag to 2025-02-27 03:16:00+00:00, run_after=2025-02-27 03:18:00+00:00
[2025-02-27T03:18:32.045+0000] {processor.py:208} INFO - Processing /home/airflow/.local/lib/python3.12/site-packages/airflow/example_dags/example_sla_dag.py took 0.409 seconds
[2025-02-27T03:19:02.991+0000] {processor.py:186} INFO - Started process (PID=3099) to work on /home/airflow/.local/lib/python3.12/site-packages/airflow/example_dags/example_sla_dag.py
[2025-02-27T03:19:02.993+0000] {processor.py:914} INFO - Processing file /home/airflow/.local/lib/python3.12/site-packages/airflow/example_dags/example_sla_dag.py for tasks to queue
[2025-02-27T03:19:02.997+0000] {logging_mixin.py:190} INFO - [2025-02-27T03:19:02.996+0000] {dagbag.py:588} INFO - Filling up the DagBag from /home/airflow/.local/lib/python3.12/site-packages/airflow/example_dags/example_sla_dag.py
[2025-02-27T03:19:03.024+0000] {processor.py:925} INFO - DAG(s) 'example_sla_dag' retrieved from /home/airflow/.local/lib/python3.12/site-packages/airflow/example_dags/example_sla_dag.py
[2025-02-27T03:19:03.189+0000] {logging_mixin.py:190} INFO - [2025-02-27T03:19:03.188+0000] {dag.py:3239} INFO - Sync 1 DAGs
[2025-02-27T03:19:03.269+0000] {logging_mixin.py:190} INFO - [2025-02-27T03:19:03.269+0000] {dag.py:4180} INFO - Setting next_dagrun for example_sla_dag to 2025-02-27 03:16:00+00:00, run_after=2025-02-27 03:18:00+00:00
[2025-02-27T03:19:03.328+0000] {processor.py:208} INFO - Processing /home/airflow/.local/lib/python3.12/site-packages/airflow/example_dags/example_sla_dag.py took 0.348 seconds
[2025-02-27T03:19:34.121+0000] {processor.py:186} INFO - Started process (PID=3163) to work on /home/airflow/.local/lib/python3.12/site-packages/airflow/example_dags/example_sla_dag.py
[2025-02-27T03:19:34.122+0000] {processor.py:914} INFO - Processing file /home/airflow/.local/lib/python3.12/site-packages/airflow/example_dags/example_sla_dag.py for tasks to queue
[2025-02-27T03:19:34.127+0000] {logging_mixin.py:190} INFO - [2025-02-27T03:19:34.126+0000] {dagbag.py:588} INFO - Filling up the DagBag from /home/airflow/.local/lib/python3.12/site-packages/airflow/example_dags/example_sla_dag.py
[2025-02-27T03:19:34.153+0000] {processor.py:925} INFO - DAG(s) 'example_sla_dag' retrieved from /home/airflow/.local/lib/python3.12/site-packages/airflow/example_dags/example_sla_dag.py
[2025-02-27T03:19:34.387+0000] {logging_mixin.py:190} INFO - [2025-02-27T03:19:34.386+0000] {dag.py:3239} INFO - Sync 1 DAGs
[2025-02-27T03:19:34.473+0000] {logging_mixin.py:190} INFO - [2025-02-27T03:19:34.473+0000] {dag.py:4180} INFO - Setting next_dagrun for example_sla_dag to 2025-02-27 03:16:00+00:00, run_after=2025-02-27 03:18:00+00:00
[2025-02-27T03:19:34.542+0000] {processor.py:208} INFO - Processing /home/airflow/.local/lib/python3.12/site-packages/airflow/example_dags/example_sla_dag.py took 0.432 seconds
[2025-02-27T03:20:06.469+0000] {processor.py:186} INFO - Started process (PID=3226) to work on /home/airflow/.local/lib/python3.12/site-packages/airflow/example_dags/example_sla_dag.py
[2025-02-27T03:20:06.471+0000] {processor.py:914} INFO - Processing file /home/airflow/.local/lib/python3.12/site-packages/airflow/example_dags/example_sla_dag.py for tasks to queue
[2025-02-27T03:20:06.475+0000] {logging_mixin.py:190} INFO - [2025-02-27T03:20:06.474+0000] {dagbag.py:588} INFO - Filling up the DagBag from /home/airflow/.local/lib/python3.12/site-packages/airflow/example_dags/example_sla_dag.py
[2025-02-27T03:20:06.511+0000] {processor.py:925} INFO - DAG(s) 'example_sla_dag' retrieved from /home/airflow/.local/lib/python3.12/site-packages/airflow/example_dags/example_sla_dag.py
[2025-02-27T03:20:07.010+0000] {logging_mixin.py:190} INFO - [2025-02-27T03:20:07.010+0000] {dag.py:3239} INFO - Sync 1 DAGs
[2025-02-27T03:20:07.127+0000] {logging_mixin.py:190} INFO - [2025-02-27T03:20:07.126+0000] {dag.py:4180} INFO - Setting next_dagrun for example_sla_dag to 2025-02-27 03:18:00+00:00, run_after=2025-02-27 03:20:00+00:00
[2025-02-27T03:20:07.227+0000] {processor.py:208} INFO - Processing /home/airflow/.local/lib/python3.12/site-packages/airflow/example_dags/example_sla_dag.py took 0.769 seconds
[2025-02-27T03:20:37.870+0000] {processor.py:186} INFO - Started process (PID=3289) to work on /home/airflow/.local/lib/python3.12/site-packages/airflow/example_dags/example_sla_dag.py
[2025-02-27T03:20:37.871+0000] {processor.py:914} INFO - Processing file /home/airflow/.local/lib/python3.12/site-packages/airflow/example_dags/example_sla_dag.py for tasks to queue
[2025-02-27T03:20:37.875+0000] {logging_mixin.py:190} INFO - [2025-02-27T03:20:37.874+0000] {dagbag.py:588} INFO - Filling up the DagBag from /home/airflow/.local/lib/python3.12/site-packages/airflow/example_dags/example_sla_dag.py
[2025-02-27T03:20:37.894+0000] {processor.py:925} INFO - DAG(s) 'example_sla_dag' retrieved from /home/airflow/.local/lib/python3.12/site-packages/airflow/example_dags/example_sla_dag.py
[2025-02-27T03:20:38.022+0000] {logging_mixin.py:190} INFO - [2025-02-27T03:20:38.022+0000] {dag.py:3239} INFO - Sync 1 DAGs
[2025-02-27T03:20:38.079+0000] {logging_mixin.py:190} INFO - [2025-02-27T03:20:38.078+0000] {dag.py:4180} INFO - Setting next_dagrun for example_sla_dag to 2025-02-27 03:18:00+00:00, run_after=2025-02-27 03:20:00+00:00
[2025-02-27T03:20:38.135+0000] {processor.py:208} INFO - Processing /home/airflow/.local/lib/python3.12/site-packages/airflow/example_dags/example_sla_dag.py took 0.272 seconds
