[2025-02-27T02:51:12.717+0000] {processor.py:186} INFO - Started process (PID=72) to work on /home/airflow/.local/lib/python3.12/site-packages/airflow/example_dags/example_setup_teardown.py
[2025-02-27T02:51:12.719+0000] {processor.py:914} INFO - Processing file /home/airflow/.local/lib/python3.12/site-packages/airflow/example_dags/example_setup_teardown.py for tasks to queue
[2025-02-27T02:51:12.731+0000] {logging_mixin.py:190} INFO - [2025-02-27T02:51:12.729+0000] {dagbag.py:588} INFO - Filling up the DagBag from /home/airflow/.local/lib/python3.12/site-packages/airflow/example_dags/example_setup_teardown.py
[2025-02-27T02:51:12.772+0000] {processor.py:925} INFO - DAG(s) 'example_setup_teardown' retrieved from /home/airflow/.local/lib/python3.12/site-packages/airflow/example_dags/example_setup_teardown.py
[2025-02-27T02:51:13.645+0000] {logging_mixin.py:190} INFO - [2025-02-27T02:51:13.643+0000] {override.py:1912} INFO - Created Permission View: can delete on DAG:example_setup_teardown
[2025-02-27T02:51:13.738+0000] {logging_mixin.py:190} INFO - [2025-02-27T02:51:13.737+0000] {override.py:1912} INFO - Created Permission View: can read on DAG:example_setup_teardown
[2025-02-27T02:51:13.851+0000] {logging_mixin.py:190} INFO - [2025-02-27T02:51:13.850+0000] {override.py:1912} INFO - Created Permission View: can edit on DAG:example_setup_teardown
[2025-02-27T02:51:13.914+0000] {logging_mixin.py:190} INFO - [2025-02-27T02:51:13.913+0000] {override.py:1912} INFO - Created Permission View: menu access on DAG Run:example_setup_teardown
[2025-02-27T02:51:14.003+0000] {logging_mixin.py:190} INFO - [2025-02-27T02:51:14.003+0000] {override.py:1912} INFO - Created Permission View: can delete on DAG Run:example_setup_teardown
[2025-02-27T02:51:14.048+0000] {logging_mixin.py:190} INFO - [2025-02-27T02:51:14.048+0000] {override.py:1912} INFO - Created Permission View: can read on DAG Run:example_setup_teardown
[2025-02-27T02:51:14.085+0000] {logging_mixin.py:190} INFO - [2025-02-27T02:51:14.085+0000] {override.py:1912} INFO - Created Permission View: can create on DAG Run:example_setup_teardown
[2025-02-27T02:51:14.089+0000] {logging_mixin.py:190} INFO - [2025-02-27T02:51:14.088+0000] {dag.py:3239} INFO - Sync 1 DAGs
[2025-02-27T02:51:14.185+0000] {logging_mixin.py:190} INFO - [2025-02-27T02:51:14.185+0000] {dag.py:3262} INFO - Creating ORM DAG for example_setup_teardown
[2025-02-27T02:51:14.202+0000] {logging_mixin.py:190} INFO - [2025-02-27T02:51:14.202+0000] {dag.py:4180} INFO - Setting next_dagrun for example_setup_teardown to None, run_after=None
[2025-02-27T02:51:14.324+0000] {processor.py:208} INFO - Processing /home/airflow/.local/lib/python3.12/site-packages/airflow/example_dags/example_setup_teardown.py took 1.620 seconds
[2025-02-27T02:51:44.788+0000] {processor.py:186} INFO - Started process (PID=141) to work on /home/airflow/.local/lib/python3.12/site-packages/airflow/example_dags/example_setup_teardown.py
[2025-02-27T02:51:44.790+0000] {processor.py:914} INFO - Processing file /home/airflow/.local/lib/python3.12/site-packages/airflow/example_dags/example_setup_teardown.py for tasks to queue
[2025-02-27T02:51:44.795+0000] {logging_mixin.py:190} INFO - [2025-02-27T02:51:44.794+0000] {dagbag.py:588} INFO - Filling up the DagBag from /home/airflow/.local/lib/python3.12/site-packages/airflow/example_dags/example_setup_teardown.py
[2025-02-27T02:51:44.805+0000] {processor.py:925} INFO - DAG(s) 'example_setup_teardown' retrieved from /home/airflow/.local/lib/python3.12/site-packages/airflow/example_dags/example_setup_teardown.py
[2025-02-27T02:51:44.840+0000] {logging_mixin.py:190} INFO - [2025-02-27T02:51:44.839+0000] {dag.py:3239} INFO - Sync 1 DAGs
[2025-02-27T02:51:44.862+0000] {logging_mixin.py:190} INFO - [2025-02-27T02:51:44.862+0000] {dag.py:4180} INFO - Setting next_dagrun for example_setup_teardown to None, run_after=None
[2025-02-27T02:51:44.898+0000] {processor.py:208} INFO - Processing /home/airflow/.local/lib/python3.12/site-packages/airflow/example_dags/example_setup_teardown.py took 0.117 seconds
[2025-02-27T02:53:57.695+0000] {processor.py:186} INFO - Started process (PID=74) to work on /home/airflow/.local/lib/python3.12/site-packages/airflow/example_dags/example_setup_teardown.py
[2025-02-27T02:53:57.696+0000] {processor.py:914} INFO - Processing file /home/airflow/.local/lib/python3.12/site-packages/airflow/example_dags/example_setup_teardown.py for tasks to queue
[2025-02-27T02:53:57.700+0000] {logging_mixin.py:190} INFO - [2025-02-27T02:53:57.699+0000] {dagbag.py:588} INFO - Filling up the DagBag from /home/airflow/.local/lib/python3.12/site-packages/airflow/example_dags/example_setup_teardown.py
[2025-02-27T02:53:57.716+0000] {processor.py:925} INFO - DAG(s) 'example_setup_teardown' retrieved from /home/airflow/.local/lib/python3.12/site-packages/airflow/example_dags/example_setup_teardown.py
[2025-02-27T02:53:58.178+0000] {logging_mixin.py:190} INFO - [2025-02-27T02:53:58.176+0000] {override.py:1912} INFO - Created Permission View: can read on DAG:example_setup_teardown
[2025-02-27T02:53:58.205+0000] {logging_mixin.py:190} INFO - [2025-02-27T02:53:58.205+0000] {override.py:1912} INFO - Created Permission View: can delete on DAG:example_setup_teardown
[2025-02-27T02:53:58.222+0000] {logging_mixin.py:190} INFO - [2025-02-27T02:53:58.221+0000] {override.py:1912} INFO - Created Permission View: can edit on DAG:example_setup_teardown
[2025-02-27T02:53:58.245+0000] {logging_mixin.py:190} INFO - [2025-02-27T02:53:58.244+0000] {override.py:1912} INFO - Created Permission View: can read on DAG Run:example_setup_teardown
[2025-02-27T02:53:58.265+0000] {logging_mixin.py:190} INFO - [2025-02-27T02:53:58.264+0000] {override.py:1912} INFO - Created Permission View: menu access on DAG Run:example_setup_teardown
[2025-02-27T02:53:58.285+0000] {logging_mixin.py:190} INFO - [2025-02-27T02:53:58.284+0000] {override.py:1912} INFO - Created Permission View: can delete on DAG Run:example_setup_teardown
[2025-02-27T02:53:58.305+0000] {logging_mixin.py:190} INFO - [2025-02-27T02:53:58.304+0000] {override.py:1912} INFO - Created Permission View: can create on DAG Run:example_setup_teardown
[2025-02-27T02:53:58.306+0000] {logging_mixin.py:190} INFO - [2025-02-27T02:53:58.305+0000] {dag.py:3239} INFO - Sync 1 DAGs
[2025-02-27T02:53:58.361+0000] {logging_mixin.py:190} INFO - [2025-02-27T02:53:58.361+0000] {dag.py:3262} INFO - Creating ORM DAG for example_setup_teardown
[2025-02-27T02:53:58.363+0000] {logging_mixin.py:190} INFO - [2025-02-27T02:53:58.362+0000] {dag.py:4180} INFO - Setting next_dagrun for example_setup_teardown to None, run_after=None
[2025-02-27T02:53:58.424+0000] {processor.py:208} INFO - Processing /home/airflow/.local/lib/python3.12/site-packages/airflow/example_dags/example_setup_teardown.py took 0.737 seconds
[2025-02-27T02:54:32.448+0000] {processor.py:186} INFO - Started process (PID=137) to work on /home/airflow/.local/lib/python3.12/site-packages/airflow/example_dags/example_setup_teardown.py
[2025-02-27T02:54:32.449+0000] {processor.py:914} INFO - Processing file /home/airflow/.local/lib/python3.12/site-packages/airflow/example_dags/example_setup_teardown.py for tasks to queue
[2025-02-27T02:54:32.454+0000] {logging_mixin.py:190} INFO - [2025-02-27T02:54:32.453+0000] {dagbag.py:588} INFO - Filling up the DagBag from /home/airflow/.local/lib/python3.12/site-packages/airflow/example_dags/example_setup_teardown.py
[2025-02-27T02:54:32.477+0000] {processor.py:925} INFO - DAG(s) 'example_setup_teardown' retrieved from /home/airflow/.local/lib/python3.12/site-packages/airflow/example_dags/example_setup_teardown.py
[2025-02-27T02:54:32.645+0000] {logging_mixin.py:190} INFO - [2025-02-27T02:54:32.641+0000] {dag.py:3239} INFO - Sync 1 DAGs
[2025-02-27T02:54:32.707+0000] {logging_mixin.py:190} INFO - [2025-02-27T02:54:32.707+0000] {dag.py:4180} INFO - Setting next_dagrun for example_setup_teardown to None, run_after=None
[2025-02-27T02:54:32.769+0000] {processor.py:208} INFO - Processing /home/airflow/.local/lib/python3.12/site-packages/airflow/example_dags/example_setup_teardown.py took 0.331 seconds
[2025-02-27T02:55:02.973+0000] {processor.py:186} INFO - Started process (PID=199) to work on /home/airflow/.local/lib/python3.12/site-packages/airflow/example_dags/example_setup_teardown.py
[2025-02-27T02:55:02.976+0000] {processor.py:914} INFO - Processing file /home/airflow/.local/lib/python3.12/site-packages/airflow/example_dags/example_setup_teardown.py for tasks to queue
[2025-02-27T02:55:02.982+0000] {logging_mixin.py:190} INFO - [2025-02-27T02:55:02.981+0000] {dagbag.py:588} INFO - Filling up the DagBag from /home/airflow/.local/lib/python3.12/site-packages/airflow/example_dags/example_setup_teardown.py
[2025-02-27T02:55:03.009+0000] {processor.py:925} INFO - DAG(s) 'example_setup_teardown' retrieved from /home/airflow/.local/lib/python3.12/site-packages/airflow/example_dags/example_setup_teardown.py
[2025-02-27T02:55:03.234+0000] {logging_mixin.py:190} INFO - [2025-02-27T02:55:03.232+0000] {dag.py:3239} INFO - Sync 1 DAGs
[2025-02-27T02:55:03.290+0000] {logging_mixin.py:190} INFO - [2025-02-27T02:55:03.290+0000] {dag.py:4180} INFO - Setting next_dagrun for example_setup_teardown to None, run_after=None
[2025-02-27T02:55:03.361+0000] {processor.py:208} INFO - Processing /home/airflow/.local/lib/python3.12/site-packages/airflow/example_dags/example_setup_teardown.py took 0.400 seconds
[2025-02-27T02:55:33.985+0000] {processor.py:186} INFO - Started process (PID=262) to work on /home/airflow/.local/lib/python3.12/site-packages/airflow/example_dags/example_setup_teardown.py
[2025-02-27T02:55:33.987+0000] {processor.py:914} INFO - Processing file /home/airflow/.local/lib/python3.12/site-packages/airflow/example_dags/example_setup_teardown.py for tasks to queue
[2025-02-27T02:55:33.993+0000] {logging_mixin.py:190} INFO - [2025-02-27T02:55:33.992+0000] {dagbag.py:588} INFO - Filling up the DagBag from /home/airflow/.local/lib/python3.12/site-packages/airflow/example_dags/example_setup_teardown.py
[2025-02-27T02:55:34.009+0000] {processor.py:925} INFO - DAG(s) 'example_setup_teardown' retrieved from /home/airflow/.local/lib/python3.12/site-packages/airflow/example_dags/example_setup_teardown.py
[2025-02-27T02:55:34.254+0000] {logging_mixin.py:190} INFO - [2025-02-27T02:55:34.254+0000] {dag.py:3239} INFO - Sync 1 DAGs
[2025-02-27T02:55:34.318+0000] {logging_mixin.py:190} INFO - [2025-02-27T02:55:34.317+0000] {dag.py:4180} INFO - Setting next_dagrun for example_setup_teardown to None, run_after=None
[2025-02-27T02:55:34.407+0000] {processor.py:208} INFO - Processing /home/airflow/.local/lib/python3.12/site-packages/airflow/example_dags/example_setup_teardown.py took 0.430 seconds
[2025-02-27T02:56:04.660+0000] {processor.py:186} INFO - Started process (PID=325) to work on /home/airflow/.local/lib/python3.12/site-packages/airflow/example_dags/example_setup_teardown.py
[2025-02-27T02:56:04.662+0000] {processor.py:914} INFO - Processing file /home/airflow/.local/lib/python3.12/site-packages/airflow/example_dags/example_setup_teardown.py for tasks to queue
[2025-02-27T02:56:04.667+0000] {logging_mixin.py:190} INFO - [2025-02-27T02:56:04.666+0000] {dagbag.py:588} INFO - Filling up the DagBag from /home/airflow/.local/lib/python3.12/site-packages/airflow/example_dags/example_setup_teardown.py
[2025-02-27T02:56:04.682+0000] {processor.py:925} INFO - DAG(s) 'example_setup_teardown' retrieved from /home/airflow/.local/lib/python3.12/site-packages/airflow/example_dags/example_setup_teardown.py
[2025-02-27T02:56:04.850+0000] {logging_mixin.py:190} INFO - [2025-02-27T02:56:04.850+0000] {dag.py:3239} INFO - Sync 1 DAGs
[2025-02-27T02:56:04.899+0000] {logging_mixin.py:190} INFO - [2025-02-27T02:56:04.899+0000] {dag.py:4180} INFO - Setting next_dagrun for example_setup_teardown to None, run_after=None
[2025-02-27T02:56:04.980+0000] {processor.py:208} INFO - Processing /home/airflow/.local/lib/python3.12/site-packages/airflow/example_dags/example_setup_teardown.py took 0.330 seconds
[2025-02-27T02:56:35.060+0000] {processor.py:186} INFO - Started process (PID=387) to work on /home/airflow/.local/lib/python3.12/site-packages/airflow/example_dags/example_setup_teardown.py
[2025-02-27T02:56:35.061+0000] {processor.py:914} INFO - Processing file /home/airflow/.local/lib/python3.12/site-packages/airflow/example_dags/example_setup_teardown.py for tasks to queue
[2025-02-27T02:56:35.065+0000] {logging_mixin.py:190} INFO - [2025-02-27T02:56:35.064+0000] {dagbag.py:588} INFO - Filling up the DagBag from /home/airflow/.local/lib/python3.12/site-packages/airflow/example_dags/example_setup_teardown.py
[2025-02-27T02:56:35.078+0000] {processor.py:925} INFO - DAG(s) 'example_setup_teardown' retrieved from /home/airflow/.local/lib/python3.12/site-packages/airflow/example_dags/example_setup_teardown.py
[2025-02-27T02:56:35.211+0000] {logging_mixin.py:190} INFO - [2025-02-27T02:56:35.211+0000] {dag.py:3239} INFO - Sync 1 DAGs
[2025-02-27T02:56:35.251+0000] {logging_mixin.py:190} INFO - [2025-02-27T02:56:35.251+0000] {dag.py:4180} INFO - Setting next_dagrun for example_setup_teardown to None, run_after=None
[2025-02-27T02:56:35.325+0000] {processor.py:208} INFO - Processing /home/airflow/.local/lib/python3.12/site-packages/airflow/example_dags/example_setup_teardown.py took 0.274 seconds
[2025-02-27T02:57:05.608+0000] {processor.py:186} INFO - Started process (PID=450) to work on /home/airflow/.local/lib/python3.12/site-packages/airflow/example_dags/example_setup_teardown.py
[2025-02-27T02:57:05.612+0000] {processor.py:914} INFO - Processing file /home/airflow/.local/lib/python3.12/site-packages/airflow/example_dags/example_setup_teardown.py for tasks to queue
[2025-02-27T02:57:05.620+0000] {logging_mixin.py:190} INFO - [2025-02-27T02:57:05.619+0000] {dagbag.py:588} INFO - Filling up the DagBag from /home/airflow/.local/lib/python3.12/site-packages/airflow/example_dags/example_setup_teardown.py
[2025-02-27T02:57:05.648+0000] {processor.py:925} INFO - DAG(s) 'example_setup_teardown' retrieved from /home/airflow/.local/lib/python3.12/site-packages/airflow/example_dags/example_setup_teardown.py
[2025-02-27T02:57:05.854+0000] {logging_mixin.py:190} INFO - [2025-02-27T02:57:05.854+0000] {dag.py:3239} INFO - Sync 1 DAGs
[2025-02-27T02:57:05.922+0000] {logging_mixin.py:190} INFO - [2025-02-27T02:57:05.922+0000] {dag.py:4180} INFO - Setting next_dagrun for example_setup_teardown to None, run_after=None
[2025-02-27T02:57:06.014+0000] {processor.py:208} INFO - Processing /home/airflow/.local/lib/python3.12/site-packages/airflow/example_dags/example_setup_teardown.py took 0.427 seconds
[2025-02-27T02:57:36.296+0000] {processor.py:186} INFO - Started process (PID=513) to work on /home/airflow/.local/lib/python3.12/site-packages/airflow/example_dags/example_setup_teardown.py
[2025-02-27T02:57:36.298+0000] {processor.py:914} INFO - Processing file /home/airflow/.local/lib/python3.12/site-packages/airflow/example_dags/example_setup_teardown.py for tasks to queue
[2025-02-27T02:57:36.304+0000] {logging_mixin.py:190} INFO - [2025-02-27T02:57:36.304+0000] {dagbag.py:588} INFO - Filling up the DagBag from /home/airflow/.local/lib/python3.12/site-packages/airflow/example_dags/example_setup_teardown.py
[2025-02-27T02:57:36.331+0000] {processor.py:925} INFO - DAG(s) 'example_setup_teardown' retrieved from /home/airflow/.local/lib/python3.12/site-packages/airflow/example_dags/example_setup_teardown.py
[2025-02-27T02:57:36.717+0000] {logging_mixin.py:190} INFO - [2025-02-27T02:57:36.717+0000] {dag.py:3239} INFO - Sync 1 DAGs
[2025-02-27T02:57:36.782+0000] {logging_mixin.py:190} INFO - [2025-02-27T02:57:36.782+0000] {dag.py:4180} INFO - Setting next_dagrun for example_setup_teardown to None, run_after=None
[2025-02-27T02:57:36.860+0000] {processor.py:208} INFO - Processing /home/airflow/.local/lib/python3.12/site-packages/airflow/example_dags/example_setup_teardown.py took 0.579 seconds
[2025-02-27T02:58:06.977+0000] {processor.py:186} INFO - Started process (PID=576) to work on /home/airflow/.local/lib/python3.12/site-packages/airflow/example_dags/example_setup_teardown.py
[2025-02-27T02:58:06.978+0000] {processor.py:914} INFO - Processing file /home/airflow/.local/lib/python3.12/site-packages/airflow/example_dags/example_setup_teardown.py for tasks to queue
[2025-02-27T02:58:06.983+0000] {logging_mixin.py:190} INFO - [2025-02-27T02:58:06.982+0000] {dagbag.py:588} INFO - Filling up the DagBag from /home/airflow/.local/lib/python3.12/site-packages/airflow/example_dags/example_setup_teardown.py
[2025-02-27T02:58:07.003+0000] {processor.py:925} INFO - DAG(s) 'example_setup_teardown' retrieved from /home/airflow/.local/lib/python3.12/site-packages/airflow/example_dags/example_setup_teardown.py
[2025-02-27T02:58:07.170+0000] {logging_mixin.py:190} INFO - [2025-02-27T02:58:07.170+0000] {dag.py:3239} INFO - Sync 1 DAGs
[2025-02-27T02:58:07.220+0000] {logging_mixin.py:190} INFO - [2025-02-27T02:58:07.220+0000] {dag.py:4180} INFO - Setting next_dagrun for example_setup_teardown to None, run_after=None
[2025-02-27T02:58:07.297+0000] {processor.py:208} INFO - Processing /home/airflow/.local/lib/python3.12/site-packages/airflow/example_dags/example_setup_teardown.py took 0.333 seconds
[2025-02-27T02:58:37.627+0000] {processor.py:186} INFO - Started process (PID=639) to work on /home/airflow/.local/lib/python3.12/site-packages/airflow/example_dags/example_setup_teardown.py
[2025-02-27T02:58:37.629+0000] {processor.py:914} INFO - Processing file /home/airflow/.local/lib/python3.12/site-packages/airflow/example_dags/example_setup_teardown.py for tasks to queue
[2025-02-27T02:58:37.634+0000] {logging_mixin.py:190} INFO - [2025-02-27T02:58:37.634+0000] {dagbag.py:588} INFO - Filling up the DagBag from /home/airflow/.local/lib/python3.12/site-packages/airflow/example_dags/example_setup_teardown.py
[2025-02-27T02:58:37.651+0000] {processor.py:925} INFO - DAG(s) 'example_setup_teardown' retrieved from /home/airflow/.local/lib/python3.12/site-packages/airflow/example_dags/example_setup_teardown.py
[2025-02-27T02:58:37.819+0000] {logging_mixin.py:190} INFO - [2025-02-27T02:58:37.819+0000] {dag.py:3239} INFO - Sync 1 DAGs
[2025-02-27T02:58:37.862+0000] {logging_mixin.py:190} INFO - [2025-02-27T02:58:37.862+0000] {dag.py:4180} INFO - Setting next_dagrun for example_setup_teardown to None, run_after=None
[2025-02-27T02:58:37.927+0000] {processor.py:208} INFO - Processing /home/airflow/.local/lib/python3.12/site-packages/airflow/example_dags/example_setup_teardown.py took 0.309 seconds
[2025-02-27T02:59:08.459+0000] {processor.py:186} INFO - Started process (PID=702) to work on /home/airflow/.local/lib/python3.12/site-packages/airflow/example_dags/example_setup_teardown.py
[2025-02-27T02:59:08.461+0000] {processor.py:914} INFO - Processing file /home/airflow/.local/lib/python3.12/site-packages/airflow/example_dags/example_setup_teardown.py for tasks to queue
[2025-02-27T02:59:08.466+0000] {logging_mixin.py:190} INFO - [2025-02-27T02:59:08.465+0000] {dagbag.py:588} INFO - Filling up the DagBag from /home/airflow/.local/lib/python3.12/site-packages/airflow/example_dags/example_setup_teardown.py
[2025-02-27T02:59:08.486+0000] {processor.py:925} INFO - DAG(s) 'example_setup_teardown' retrieved from /home/airflow/.local/lib/python3.12/site-packages/airflow/example_dags/example_setup_teardown.py
[2025-02-27T02:59:08.663+0000] {logging_mixin.py:190} INFO - [2025-02-27T02:59:08.662+0000] {dag.py:3239} INFO - Sync 1 DAGs
[2025-02-27T02:59:08.715+0000] {logging_mixin.py:190} INFO - [2025-02-27T02:59:08.715+0000] {dag.py:4180} INFO - Setting next_dagrun for example_setup_teardown to None, run_after=None
[2025-02-27T02:59:08.814+0000] {processor.py:208} INFO - Processing /home/airflow/.local/lib/python3.12/site-packages/airflow/example_dags/example_setup_teardown.py took 0.371 seconds
[2025-02-27T02:59:40.678+0000] {processor.py:186} INFO - Started process (PID=757) to work on /home/airflow/.local/lib/python3.12/site-packages/airflow/example_dags/example_setup_teardown.py
[2025-02-27T02:59:40.682+0000] {processor.py:914} INFO - Processing file /home/airflow/.local/lib/python3.12/site-packages/airflow/example_dags/example_setup_teardown.py for tasks to queue
[2025-02-27T02:59:40.688+0000] {logging_mixin.py:190} INFO - [2025-02-27T02:59:40.687+0000] {dagbag.py:588} INFO - Filling up the DagBag from /home/airflow/.local/lib/python3.12/site-packages/airflow/example_dags/example_setup_teardown.py
[2025-02-27T02:59:40.711+0000] {processor.py:925} INFO - DAG(s) 'example_setup_teardown' retrieved from /home/airflow/.local/lib/python3.12/site-packages/airflow/example_dags/example_setup_teardown.py
[2025-02-27T02:59:41.063+0000] {logging_mixin.py:190} INFO - [2025-02-27T02:59:41.062+0000] {dag.py:3239} INFO - Sync 1 DAGs
[2025-02-27T02:59:41.166+0000] {logging_mixin.py:190} INFO - [2025-02-27T02:59:41.166+0000] {dag.py:4180} INFO - Setting next_dagrun for example_setup_teardown to None, run_after=None
[2025-02-27T02:59:41.285+0000] {processor.py:208} INFO - Processing /home/airflow/.local/lib/python3.12/site-packages/airflow/example_dags/example_setup_teardown.py took 0.625 seconds
[2025-02-27T03:00:12.602+0000] {processor.py:186} INFO - Started process (PID=820) to work on /home/airflow/.local/lib/python3.12/site-packages/airflow/example_dags/example_setup_teardown.py
[2025-02-27T03:00:12.604+0000] {processor.py:914} INFO - Processing file /home/airflow/.local/lib/python3.12/site-packages/airflow/example_dags/example_setup_teardown.py for tasks to queue
[2025-02-27T03:00:12.609+0000] {logging_mixin.py:190} INFO - [2025-02-27T03:00:12.608+0000] {dagbag.py:588} INFO - Filling up the DagBag from /home/airflow/.local/lib/python3.12/site-packages/airflow/example_dags/example_setup_teardown.py
[2025-02-27T03:00:12.627+0000] {processor.py:925} INFO - DAG(s) 'example_setup_teardown' retrieved from /home/airflow/.local/lib/python3.12/site-packages/airflow/example_dags/example_setup_teardown.py
[2025-02-27T03:00:12.813+0000] {logging_mixin.py:190} INFO - [2025-02-27T03:00:12.812+0000] {dag.py:3239} INFO - Sync 1 DAGs
[2025-02-27T03:00:12.865+0000] {logging_mixin.py:190} INFO - [2025-02-27T03:00:12.864+0000] {dag.py:4180} INFO - Setting next_dagrun for example_setup_teardown to None, run_after=None
[2025-02-27T03:00:12.930+0000] {processor.py:208} INFO - Processing /home/airflow/.local/lib/python3.12/site-packages/airflow/example_dags/example_setup_teardown.py took 0.341 seconds
[2025-02-27T03:00:43.214+0000] {processor.py:186} INFO - Started process (PID=881) to work on /home/airflow/.local/lib/python3.12/site-packages/airflow/example_dags/example_setup_teardown.py
[2025-02-27T03:00:43.216+0000] {processor.py:914} INFO - Processing file /home/airflow/.local/lib/python3.12/site-packages/airflow/example_dags/example_setup_teardown.py for tasks to queue
[2025-02-27T03:00:43.221+0000] {logging_mixin.py:190} INFO - [2025-02-27T03:00:43.220+0000] {dagbag.py:588} INFO - Filling up the DagBag from /home/airflow/.local/lib/python3.12/site-packages/airflow/example_dags/example_setup_teardown.py
[2025-02-27T03:00:43.238+0000] {processor.py:925} INFO - DAG(s) 'example_setup_teardown' retrieved from /home/airflow/.local/lib/python3.12/site-packages/airflow/example_dags/example_setup_teardown.py
[2025-02-27T03:00:43.476+0000] {logging_mixin.py:190} INFO - [2025-02-27T03:00:43.474+0000] {dag.py:3239} INFO - Sync 1 DAGs
[2025-02-27T03:00:43.527+0000] {logging_mixin.py:190} INFO - [2025-02-27T03:00:43.526+0000] {dag.py:4180} INFO - Setting next_dagrun for example_setup_teardown to None, run_after=None
[2025-02-27T03:00:43.601+0000] {processor.py:208} INFO - Processing /home/airflow/.local/lib/python3.12/site-packages/airflow/example_dags/example_setup_teardown.py took 0.401 seconds
[2025-02-27T03:01:13.692+0000] {processor.py:186} INFO - Started process (PID=943) to work on /home/airflow/.local/lib/python3.12/site-packages/airflow/example_dags/example_setup_teardown.py
[2025-02-27T03:01:13.693+0000] {processor.py:914} INFO - Processing file /home/airflow/.local/lib/python3.12/site-packages/airflow/example_dags/example_setup_teardown.py for tasks to queue
[2025-02-27T03:01:13.700+0000] {logging_mixin.py:190} INFO - [2025-02-27T03:01:13.699+0000] {dagbag.py:588} INFO - Filling up the DagBag from /home/airflow/.local/lib/python3.12/site-packages/airflow/example_dags/example_setup_teardown.py
[2025-02-27T03:01:13.716+0000] {processor.py:925} INFO - DAG(s) 'example_setup_teardown' retrieved from /home/airflow/.local/lib/python3.12/site-packages/airflow/example_dags/example_setup_teardown.py
[2025-02-27T03:01:13.877+0000] {logging_mixin.py:190} INFO - [2025-02-27T03:01:13.877+0000] {dag.py:3239} INFO - Sync 1 DAGs
[2025-02-27T03:01:13.920+0000] {logging_mixin.py:190} INFO - [2025-02-27T03:01:13.920+0000] {dag.py:4180} INFO - Setting next_dagrun for example_setup_teardown to None, run_after=None
[2025-02-27T03:01:14.016+0000] {processor.py:208} INFO - Processing /home/airflow/.local/lib/python3.12/site-packages/airflow/example_dags/example_setup_teardown.py took 0.338 seconds
[2025-02-27T03:01:45.545+0000] {processor.py:186} INFO - Started process (PID=1004) to work on /home/airflow/.local/lib/python3.12/site-packages/airflow/example_dags/example_setup_teardown.py
[2025-02-27T03:01:45.547+0000] {processor.py:914} INFO - Processing file /home/airflow/.local/lib/python3.12/site-packages/airflow/example_dags/example_setup_teardown.py for tasks to queue
[2025-02-27T03:01:45.552+0000] {logging_mixin.py:190} INFO - [2025-02-27T03:01:45.551+0000] {dagbag.py:588} INFO - Filling up the DagBag from /home/airflow/.local/lib/python3.12/site-packages/airflow/example_dags/example_setup_teardown.py
[2025-02-27T03:01:45.571+0000] {processor.py:925} INFO - DAG(s) 'example_setup_teardown' retrieved from /home/airflow/.local/lib/python3.12/site-packages/airflow/example_dags/example_setup_teardown.py
[2025-02-27T03:01:45.783+0000] {logging_mixin.py:190} INFO - [2025-02-27T03:01:45.783+0000] {dag.py:3239} INFO - Sync 1 DAGs
[2025-02-27T03:01:45.850+0000] {logging_mixin.py:190} INFO - [2025-02-27T03:01:45.850+0000] {dag.py:4180} INFO - Setting next_dagrun for example_setup_teardown to None, run_after=None
[2025-02-27T03:01:45.942+0000] {processor.py:208} INFO - Processing /home/airflow/.local/lib/python3.12/site-packages/airflow/example_dags/example_setup_teardown.py took 0.409 seconds
[2025-02-27T03:02:17.038+0000] {processor.py:186} INFO - Started process (PID=1067) to work on /home/airflow/.local/lib/python3.12/site-packages/airflow/example_dags/example_setup_teardown.py
[2025-02-27T03:02:17.040+0000] {processor.py:914} INFO - Processing file /home/airflow/.local/lib/python3.12/site-packages/airflow/example_dags/example_setup_teardown.py for tasks to queue
[2025-02-27T03:02:17.056+0000] {logging_mixin.py:190} INFO - [2025-02-27T03:02:17.055+0000] {dagbag.py:588} INFO - Filling up the DagBag from /home/airflow/.local/lib/python3.12/site-packages/airflow/example_dags/example_setup_teardown.py
[2025-02-27T03:02:17.082+0000] {processor.py:925} INFO - DAG(s) 'example_setup_teardown' retrieved from /home/airflow/.local/lib/python3.12/site-packages/airflow/example_dags/example_setup_teardown.py
[2025-02-27T03:02:17.268+0000] {logging_mixin.py:190} INFO - [2025-02-27T03:02:17.267+0000] {dag.py:3239} INFO - Sync 1 DAGs
[2025-02-27T03:02:17.377+0000] {logging_mixin.py:190} INFO - [2025-02-27T03:02:17.376+0000] {dag.py:4180} INFO - Setting next_dagrun for example_setup_teardown to None, run_after=None
[2025-02-27T03:02:17.472+0000] {processor.py:208} INFO - Processing /home/airflow/.local/lib/python3.12/site-packages/airflow/example_dags/example_setup_teardown.py took 0.455 seconds
[2025-02-27T03:02:49.162+0000] {processor.py:186} INFO - Started process (PID=1133) to work on /home/airflow/.local/lib/python3.12/site-packages/airflow/example_dags/example_setup_teardown.py
[2025-02-27T03:02:49.164+0000] {processor.py:914} INFO - Processing file /home/airflow/.local/lib/python3.12/site-packages/airflow/example_dags/example_setup_teardown.py for tasks to queue
[2025-02-27T03:02:49.168+0000] {logging_mixin.py:190} INFO - [2025-02-27T03:02:49.167+0000] {dagbag.py:588} INFO - Filling up the DagBag from /home/airflow/.local/lib/python3.12/site-packages/airflow/example_dags/example_setup_teardown.py
[2025-02-27T03:02:49.183+0000] {processor.py:925} INFO - DAG(s) 'example_setup_teardown' retrieved from /home/airflow/.local/lib/python3.12/site-packages/airflow/example_dags/example_setup_teardown.py
[2025-02-27T03:02:49.326+0000] {logging_mixin.py:190} INFO - [2025-02-27T03:02:49.325+0000] {dag.py:3239} INFO - Sync 1 DAGs
[2025-02-27T03:02:49.371+0000] {logging_mixin.py:190} INFO - [2025-02-27T03:02:49.371+0000] {dag.py:4180} INFO - Setting next_dagrun for example_setup_teardown to None, run_after=None
[2025-02-27T03:02:49.435+0000] {processor.py:208} INFO - Processing /home/airflow/.local/lib/python3.12/site-packages/airflow/example_dags/example_setup_teardown.py took 0.281 seconds
[2025-02-27T03:03:20.565+0000] {processor.py:186} INFO - Started process (PID=1197) to work on /home/airflow/.local/lib/python3.12/site-packages/airflow/example_dags/example_setup_teardown.py
[2025-02-27T03:03:20.566+0000] {processor.py:914} INFO - Processing file /home/airflow/.local/lib/python3.12/site-packages/airflow/example_dags/example_setup_teardown.py for tasks to queue
[2025-02-27T03:03:20.570+0000] {logging_mixin.py:190} INFO - [2025-02-27T03:03:20.569+0000] {dagbag.py:588} INFO - Filling up the DagBag from /home/airflow/.local/lib/python3.12/site-packages/airflow/example_dags/example_setup_teardown.py
[2025-02-27T03:03:20.584+0000] {processor.py:925} INFO - DAG(s) 'example_setup_teardown' retrieved from /home/airflow/.local/lib/python3.12/site-packages/airflow/example_dags/example_setup_teardown.py
[2025-02-27T03:03:20.753+0000] {logging_mixin.py:190} INFO - [2025-02-27T03:03:20.752+0000] {dag.py:3239} INFO - Sync 1 DAGs
[2025-02-27T03:03:20.815+0000] {logging_mixin.py:190} INFO - [2025-02-27T03:03:20.814+0000] {dag.py:4180} INFO - Setting next_dagrun for example_setup_teardown to None, run_after=None
[2025-02-27T03:03:20.882+0000] {processor.py:208} INFO - Processing /home/airflow/.local/lib/python3.12/site-packages/airflow/example_dags/example_setup_teardown.py took 0.326 seconds
[2025-02-27T03:03:52.185+0000] {processor.py:186} INFO - Started process (PID=1257) to work on /home/airflow/.local/lib/python3.12/site-packages/airflow/example_dags/example_setup_teardown.py
[2025-02-27T03:03:52.189+0000] {processor.py:914} INFO - Processing file /home/airflow/.local/lib/python3.12/site-packages/airflow/example_dags/example_setup_teardown.py for tasks to queue
[2025-02-27T03:03:52.194+0000] {logging_mixin.py:190} INFO - [2025-02-27T03:03:52.193+0000] {dagbag.py:588} INFO - Filling up the DagBag from /home/airflow/.local/lib/python3.12/site-packages/airflow/example_dags/example_setup_teardown.py
[2025-02-27T03:03:52.227+0000] {processor.py:925} INFO - DAG(s) 'example_setup_teardown' retrieved from /home/airflow/.local/lib/python3.12/site-packages/airflow/example_dags/example_setup_teardown.py
[2025-02-27T03:03:52.463+0000] {logging_mixin.py:190} INFO - [2025-02-27T03:03:52.462+0000] {dag.py:3239} INFO - Sync 1 DAGs
[2025-02-27T03:03:52.516+0000] {logging_mixin.py:190} INFO - [2025-02-27T03:03:52.515+0000] {dag.py:4180} INFO - Setting next_dagrun for example_setup_teardown to None, run_after=None
[2025-02-27T03:03:52.588+0000] {processor.py:208} INFO - Processing /home/airflow/.local/lib/python3.12/site-packages/airflow/example_dags/example_setup_teardown.py took 0.430 seconds
[2025-02-27T03:04:23.066+0000] {processor.py:186} INFO - Started process (PID=1318) to work on /home/airflow/.local/lib/python3.12/site-packages/airflow/example_dags/example_setup_teardown.py
[2025-02-27T03:04:23.067+0000] {processor.py:914} INFO - Processing file /home/airflow/.local/lib/python3.12/site-packages/airflow/example_dags/example_setup_teardown.py for tasks to queue
[2025-02-27T03:04:23.072+0000] {logging_mixin.py:190} INFO - [2025-02-27T03:04:23.071+0000] {dagbag.py:588} INFO - Filling up the DagBag from /home/airflow/.local/lib/python3.12/site-packages/airflow/example_dags/example_setup_teardown.py
[2025-02-27T03:04:23.085+0000] {processor.py:925} INFO - DAG(s) 'example_setup_teardown' retrieved from /home/airflow/.local/lib/python3.12/site-packages/airflow/example_dags/example_setup_teardown.py
[2025-02-27T03:04:23.277+0000] {logging_mixin.py:190} INFO - [2025-02-27T03:04:23.276+0000] {dag.py:3239} INFO - Sync 1 DAGs
[2025-02-27T03:04:23.326+0000] {logging_mixin.py:190} INFO - [2025-02-27T03:04:23.325+0000] {dag.py:4180} INFO - Setting next_dagrun for example_setup_teardown to None, run_after=None
[2025-02-27T03:04:23.395+0000] {processor.py:208} INFO - Processing /home/airflow/.local/lib/python3.12/site-packages/airflow/example_dags/example_setup_teardown.py took 0.340 seconds
[2025-02-27T03:04:54.702+0000] {processor.py:186} INFO - Started process (PID=1380) to work on /home/airflow/.local/lib/python3.12/site-packages/airflow/example_dags/example_setup_teardown.py
[2025-02-27T03:04:54.704+0000] {processor.py:914} INFO - Processing file /home/airflow/.local/lib/python3.12/site-packages/airflow/example_dags/example_setup_teardown.py for tasks to queue
[2025-02-27T03:04:54.708+0000] {logging_mixin.py:190} INFO - [2025-02-27T03:04:54.707+0000] {dagbag.py:588} INFO - Filling up the DagBag from /home/airflow/.local/lib/python3.12/site-packages/airflow/example_dags/example_setup_teardown.py
[2025-02-27T03:04:54.724+0000] {processor.py:925} INFO - DAG(s) 'example_setup_teardown' retrieved from /home/airflow/.local/lib/python3.12/site-packages/airflow/example_dags/example_setup_teardown.py
[2025-02-27T03:04:54.890+0000] {logging_mixin.py:190} INFO - [2025-02-27T03:04:54.889+0000] {dag.py:3239} INFO - Sync 1 DAGs
[2025-02-27T03:04:54.938+0000] {logging_mixin.py:190} INFO - [2025-02-27T03:04:54.938+0000] {dag.py:4180} INFO - Setting next_dagrun for example_setup_teardown to None, run_after=None
[2025-02-27T03:04:54.997+0000] {processor.py:208} INFO - Processing /home/airflow/.local/lib/python3.12/site-packages/airflow/example_dags/example_setup_teardown.py took 0.309 seconds
[2025-02-27T03:05:25.165+0000] {processor.py:186} INFO - Started process (PID=1442) to work on /home/airflow/.local/lib/python3.12/site-packages/airflow/example_dags/example_setup_teardown.py
[2025-02-27T03:05:25.166+0000] {processor.py:914} INFO - Processing file /home/airflow/.local/lib/python3.12/site-packages/airflow/example_dags/example_setup_teardown.py for tasks to queue
[2025-02-27T03:05:25.170+0000] {logging_mixin.py:190} INFO - [2025-02-27T03:05:25.170+0000] {dagbag.py:588} INFO - Filling up the DagBag from /home/airflow/.local/lib/python3.12/site-packages/airflow/example_dags/example_setup_teardown.py
[2025-02-27T03:05:25.181+0000] {processor.py:925} INFO - DAG(s) 'example_setup_teardown' retrieved from /home/airflow/.local/lib/python3.12/site-packages/airflow/example_dags/example_setup_teardown.py
[2025-02-27T03:05:25.356+0000] {logging_mixin.py:190} INFO - [2025-02-27T03:05:25.355+0000] {dag.py:3239} INFO - Sync 1 DAGs
[2025-02-27T03:05:25.406+0000] {logging_mixin.py:190} INFO - [2025-02-27T03:05:25.406+0000] {dag.py:4180} INFO - Setting next_dagrun for example_setup_teardown to None, run_after=None
[2025-02-27T03:05:25.456+0000] {processor.py:208} INFO - Processing /home/airflow/.local/lib/python3.12/site-packages/airflow/example_dags/example_setup_teardown.py took 0.300 seconds
[2025-02-27T03:05:57.363+0000] {processor.py:186} INFO - Started process (PID=1505) to work on /home/airflow/.local/lib/python3.12/site-packages/airflow/example_dags/example_setup_teardown.py
[2025-02-27T03:05:57.364+0000] {processor.py:914} INFO - Processing file /home/airflow/.local/lib/python3.12/site-packages/airflow/example_dags/example_setup_teardown.py for tasks to queue
[2025-02-27T03:05:57.369+0000] {logging_mixin.py:190} INFO - [2025-02-27T03:05:57.368+0000] {dagbag.py:588} INFO - Filling up the DagBag from /home/airflow/.local/lib/python3.12/site-packages/airflow/example_dags/example_setup_teardown.py
[2025-02-27T03:05:57.385+0000] {processor.py:925} INFO - DAG(s) 'example_setup_teardown' retrieved from /home/airflow/.local/lib/python3.12/site-packages/airflow/example_dags/example_setup_teardown.py
[2025-02-27T03:05:57.561+0000] {logging_mixin.py:190} INFO - [2025-02-27T03:05:57.560+0000] {dag.py:3239} INFO - Sync 1 DAGs
[2025-02-27T03:05:57.602+0000] {logging_mixin.py:190} INFO - [2025-02-27T03:05:57.602+0000] {dag.py:4180} INFO - Setting next_dagrun for example_setup_teardown to None, run_after=None
[2025-02-27T03:05:57.676+0000] {processor.py:208} INFO - Processing /home/airflow/.local/lib/python3.12/site-packages/airflow/example_dags/example_setup_teardown.py took 0.322 seconds
[2025-02-27T03:06:28.109+0000] {processor.py:186} INFO - Started process (PID=1567) to work on /home/airflow/.local/lib/python3.12/site-packages/airflow/example_dags/example_setup_teardown.py
[2025-02-27T03:06:28.110+0000] {processor.py:914} INFO - Processing file /home/airflow/.local/lib/python3.12/site-packages/airflow/example_dags/example_setup_teardown.py for tasks to queue
[2025-02-27T03:06:28.115+0000] {logging_mixin.py:190} INFO - [2025-02-27T03:06:28.114+0000] {dagbag.py:588} INFO - Filling up the DagBag from /home/airflow/.local/lib/python3.12/site-packages/airflow/example_dags/example_setup_teardown.py
[2025-02-27T03:06:28.128+0000] {processor.py:925} INFO - DAG(s) 'example_setup_teardown' retrieved from /home/airflow/.local/lib/python3.12/site-packages/airflow/example_dags/example_setup_teardown.py
[2025-02-27T03:06:28.296+0000] {logging_mixin.py:190} INFO - [2025-02-27T03:06:28.295+0000] {dag.py:3239} INFO - Sync 1 DAGs
[2025-02-27T03:06:28.344+0000] {logging_mixin.py:190} INFO - [2025-02-27T03:06:28.344+0000] {dag.py:4180} INFO - Setting next_dagrun for example_setup_teardown to None, run_after=None
[2025-02-27T03:06:28.405+0000] {processor.py:208} INFO - Processing /home/airflow/.local/lib/python3.12/site-packages/airflow/example_dags/example_setup_teardown.py took 0.305 seconds
[2025-02-27T03:06:59.213+0000] {processor.py:186} INFO - Started process (PID=1628) to work on /home/airflow/.local/lib/python3.12/site-packages/airflow/example_dags/example_setup_teardown.py
[2025-02-27T03:06:59.215+0000] {processor.py:914} INFO - Processing file /home/airflow/.local/lib/python3.12/site-packages/airflow/example_dags/example_setup_teardown.py for tasks to queue
[2025-02-27T03:06:59.227+0000] {logging_mixin.py:190} INFO - [2025-02-27T03:06:59.226+0000] {dagbag.py:588} INFO - Filling up the DagBag from /home/airflow/.local/lib/python3.12/site-packages/airflow/example_dags/example_setup_teardown.py
[2025-02-27T03:06:59.250+0000] {processor.py:925} INFO - DAG(s) 'example_setup_teardown' retrieved from /home/airflow/.local/lib/python3.12/site-packages/airflow/example_dags/example_setup_teardown.py
[2025-02-27T03:06:59.405+0000] {logging_mixin.py:190} INFO - [2025-02-27T03:06:59.405+0000] {dag.py:3239} INFO - Sync 1 DAGs
[2025-02-27T03:06:59.444+0000] {logging_mixin.py:190} INFO - [2025-02-27T03:06:59.443+0000] {dag.py:4180} INFO - Setting next_dagrun for example_setup_teardown to None, run_after=None
[2025-02-27T03:06:59.493+0000] {processor.py:208} INFO - Processing /home/airflow/.local/lib/python3.12/site-packages/airflow/example_dags/example_setup_teardown.py took 0.292 seconds
[2025-02-27T03:07:29.688+0000] {processor.py:186} INFO - Started process (PID=1686) to work on /home/airflow/.local/lib/python3.12/site-packages/airflow/example_dags/example_setup_teardown.py
[2025-02-27T03:07:29.690+0000] {processor.py:914} INFO - Processing file /home/airflow/.local/lib/python3.12/site-packages/airflow/example_dags/example_setup_teardown.py for tasks to queue
[2025-02-27T03:07:29.696+0000] {logging_mixin.py:190} INFO - [2025-02-27T03:07:29.695+0000] {dagbag.py:588} INFO - Filling up the DagBag from /home/airflow/.local/lib/python3.12/site-packages/airflow/example_dags/example_setup_teardown.py
[2025-02-27T03:07:29.710+0000] {processor.py:925} INFO - DAG(s) 'example_setup_teardown' retrieved from /home/airflow/.local/lib/python3.12/site-packages/airflow/example_dags/example_setup_teardown.py
[2025-02-27T03:07:29.929+0000] {logging_mixin.py:190} INFO - [2025-02-27T03:07:29.928+0000] {dag.py:3239} INFO - Sync 1 DAGs
[2025-02-27T03:07:29.986+0000] {logging_mixin.py:190} INFO - [2025-02-27T03:07:29.985+0000] {dag.py:4180} INFO - Setting next_dagrun for example_setup_teardown to None, run_after=None
[2025-02-27T03:07:30.041+0000] {processor.py:208} INFO - Processing /home/airflow/.local/lib/python3.12/site-packages/airflow/example_dags/example_setup_teardown.py took 0.369 seconds
[2025-02-27T03:08:00.213+0000] {processor.py:186} INFO - Started process (PID=1747) to work on /home/airflow/.local/lib/python3.12/site-packages/airflow/example_dags/example_setup_teardown.py
[2025-02-27T03:08:00.215+0000] {processor.py:914} INFO - Processing file /home/airflow/.local/lib/python3.12/site-packages/airflow/example_dags/example_setup_teardown.py for tasks to queue
[2025-02-27T03:08:00.220+0000] {logging_mixin.py:190} INFO - [2025-02-27T03:08:00.219+0000] {dagbag.py:588} INFO - Filling up the DagBag from /home/airflow/.local/lib/python3.12/site-packages/airflow/example_dags/example_setup_teardown.py
[2025-02-27T03:08:00.233+0000] {processor.py:925} INFO - DAG(s) 'example_setup_teardown' retrieved from /home/airflow/.local/lib/python3.12/site-packages/airflow/example_dags/example_setup_teardown.py
[2025-02-27T03:08:00.403+0000] {logging_mixin.py:190} INFO - [2025-02-27T03:08:00.403+0000] {dag.py:3239} INFO - Sync 1 DAGs
[2025-02-27T03:08:00.444+0000] {logging_mixin.py:190} INFO - [2025-02-27T03:08:00.443+0000] {dag.py:4180} INFO - Setting next_dagrun for example_setup_teardown to None, run_after=None
[2025-02-27T03:08:00.501+0000] {processor.py:208} INFO - Processing /home/airflow/.local/lib/python3.12/site-packages/airflow/example_dags/example_setup_teardown.py took 0.297 seconds
[2025-02-27T03:08:30.686+0000] {processor.py:186} INFO - Started process (PID=1809) to work on /home/airflow/.local/lib/python3.12/site-packages/airflow/example_dags/example_setup_teardown.py
[2025-02-27T03:08:30.688+0000] {processor.py:914} INFO - Processing file /home/airflow/.local/lib/python3.12/site-packages/airflow/example_dags/example_setup_teardown.py for tasks to queue
[2025-02-27T03:08:30.694+0000] {logging_mixin.py:190} INFO - [2025-02-27T03:08:30.693+0000] {dagbag.py:588} INFO - Filling up the DagBag from /home/airflow/.local/lib/python3.12/site-packages/airflow/example_dags/example_setup_teardown.py
[2025-02-27T03:08:30.710+0000] {processor.py:925} INFO - DAG(s) 'example_setup_teardown' retrieved from /home/airflow/.local/lib/python3.12/site-packages/airflow/example_dags/example_setup_teardown.py
[2025-02-27T03:08:30.860+0000] {logging_mixin.py:190} INFO - [2025-02-27T03:08:30.860+0000] {dag.py:3239} INFO - Sync 1 DAGs
[2025-02-27T03:08:30.909+0000] {logging_mixin.py:190} INFO - [2025-02-27T03:08:30.909+0000] {dag.py:4180} INFO - Setting next_dagrun for example_setup_teardown to None, run_after=None
[2025-02-27T03:08:30.979+0000] {processor.py:208} INFO - Processing /home/airflow/.local/lib/python3.12/site-packages/airflow/example_dags/example_setup_teardown.py took 0.301 seconds
[2025-02-27T03:09:01.501+0000] {processor.py:186} INFO - Started process (PID=1872) to work on /home/airflow/.local/lib/python3.12/site-packages/airflow/example_dags/example_setup_teardown.py
[2025-02-27T03:09:01.502+0000] {processor.py:914} INFO - Processing file /home/airflow/.local/lib/python3.12/site-packages/airflow/example_dags/example_setup_teardown.py for tasks to queue
[2025-02-27T03:09:01.507+0000] {logging_mixin.py:190} INFO - [2025-02-27T03:09:01.506+0000] {dagbag.py:588} INFO - Filling up the DagBag from /home/airflow/.local/lib/python3.12/site-packages/airflow/example_dags/example_setup_teardown.py
[2025-02-27T03:09:01.526+0000] {processor.py:925} INFO - DAG(s) 'example_setup_teardown' retrieved from /home/airflow/.local/lib/python3.12/site-packages/airflow/example_dags/example_setup_teardown.py
[2025-02-27T03:09:01.723+0000] {logging_mixin.py:190} INFO - [2025-02-27T03:09:01.723+0000] {dag.py:3239} INFO - Sync 1 DAGs
[2025-02-27T03:09:01.787+0000] {logging_mixin.py:190} INFO - [2025-02-27T03:09:01.786+0000] {dag.py:4180} INFO - Setting next_dagrun for example_setup_teardown to None, run_after=None
[2025-02-27T03:09:01.872+0000] {processor.py:208} INFO - Processing /home/airflow/.local/lib/python3.12/site-packages/airflow/example_dags/example_setup_teardown.py took 0.384 seconds
[2025-02-27T03:09:32.213+0000] {processor.py:186} INFO - Started process (PID=1935) to work on /home/airflow/.local/lib/python3.12/site-packages/airflow/example_dags/example_setup_teardown.py
[2025-02-27T03:09:32.216+0000] {processor.py:914} INFO - Processing file /home/airflow/.local/lib/python3.12/site-packages/airflow/example_dags/example_setup_teardown.py for tasks to queue
[2025-02-27T03:09:32.226+0000] {logging_mixin.py:190} INFO - [2025-02-27T03:09:32.225+0000] {dagbag.py:588} INFO - Filling up the DagBag from /home/airflow/.local/lib/python3.12/site-packages/airflow/example_dags/example_setup_teardown.py
[2025-02-27T03:09:32.254+0000] {processor.py:925} INFO - DAG(s) 'example_setup_teardown' retrieved from /home/airflow/.local/lib/python3.12/site-packages/airflow/example_dags/example_setup_teardown.py
[2025-02-27T03:09:32.497+0000] {logging_mixin.py:190} INFO - [2025-02-27T03:09:32.497+0000] {dag.py:3239} INFO - Sync 1 DAGs
[2025-02-27T03:09:32.549+0000] {logging_mixin.py:190} INFO - [2025-02-27T03:09:32.549+0000] {dag.py:4180} INFO - Setting next_dagrun for example_setup_teardown to None, run_after=None
[2025-02-27T03:09:32.615+0000] {processor.py:208} INFO - Processing /home/airflow/.local/lib/python3.12/site-packages/airflow/example_dags/example_setup_teardown.py took 0.422 seconds
[2025-02-27T03:10:03.224+0000] {processor.py:186} INFO - Started process (PID=1997) to work on /home/airflow/.local/lib/python3.12/site-packages/airflow/example_dags/example_setup_teardown.py
[2025-02-27T03:10:03.225+0000] {processor.py:914} INFO - Processing file /home/airflow/.local/lib/python3.12/site-packages/airflow/example_dags/example_setup_teardown.py for tasks to queue
[2025-02-27T03:10:03.229+0000] {logging_mixin.py:190} INFO - [2025-02-27T03:10:03.228+0000] {dagbag.py:588} INFO - Filling up the DagBag from /home/airflow/.local/lib/python3.12/site-packages/airflow/example_dags/example_setup_teardown.py
[2025-02-27T03:10:03.239+0000] {processor.py:925} INFO - DAG(s) 'example_setup_teardown' retrieved from /home/airflow/.local/lib/python3.12/site-packages/airflow/example_dags/example_setup_teardown.py
[2025-02-27T03:10:03.388+0000] {logging_mixin.py:190} INFO - [2025-02-27T03:10:03.387+0000] {dag.py:3239} INFO - Sync 1 DAGs
[2025-02-27T03:10:03.431+0000] {logging_mixin.py:190} INFO - [2025-02-27T03:10:03.431+0000] {dag.py:4180} INFO - Setting next_dagrun for example_setup_teardown to None, run_after=None
[2025-02-27T03:10:03.493+0000] {processor.py:208} INFO - Processing /home/airflow/.local/lib/python3.12/site-packages/airflow/example_dags/example_setup_teardown.py took 0.277 seconds
[2025-02-27T03:10:33.905+0000] {processor.py:186} INFO - Started process (PID=2060) to work on /home/airflow/.local/lib/python3.12/site-packages/airflow/example_dags/example_setup_teardown.py
[2025-02-27T03:10:33.906+0000] {processor.py:914} INFO - Processing file /home/airflow/.local/lib/python3.12/site-packages/airflow/example_dags/example_setup_teardown.py for tasks to queue
[2025-02-27T03:10:33.911+0000] {logging_mixin.py:190} INFO - [2025-02-27T03:10:33.910+0000] {dagbag.py:588} INFO - Filling up the DagBag from /home/airflow/.local/lib/python3.12/site-packages/airflow/example_dags/example_setup_teardown.py
[2025-02-27T03:10:33.924+0000] {processor.py:925} INFO - DAG(s) 'example_setup_teardown' retrieved from /home/airflow/.local/lib/python3.12/site-packages/airflow/example_dags/example_setup_teardown.py
[2025-02-27T03:10:34.072+0000] {logging_mixin.py:190} INFO - [2025-02-27T03:10:34.071+0000] {dag.py:3239} INFO - Sync 1 DAGs
[2025-02-27T03:10:34.112+0000] {logging_mixin.py:190} INFO - [2025-02-27T03:10:34.111+0000] {dag.py:4180} INFO - Setting next_dagrun for example_setup_teardown to None, run_after=None
[2025-02-27T03:10:34.169+0000] {processor.py:208} INFO - Processing /home/airflow/.local/lib/python3.12/site-packages/airflow/example_dags/example_setup_teardown.py took 0.272 seconds
[2025-02-27T03:11:04.562+0000] {processor.py:186} INFO - Started process (PID=2123) to work on /home/airflow/.local/lib/python3.12/site-packages/airflow/example_dags/example_setup_teardown.py
[2025-02-27T03:11:04.563+0000] {processor.py:914} INFO - Processing file /home/airflow/.local/lib/python3.12/site-packages/airflow/example_dags/example_setup_teardown.py for tasks to queue
[2025-02-27T03:11:04.567+0000] {logging_mixin.py:190} INFO - [2025-02-27T03:11:04.567+0000] {dagbag.py:588} INFO - Filling up the DagBag from /home/airflow/.local/lib/python3.12/site-packages/airflow/example_dags/example_setup_teardown.py
[2025-02-27T03:11:04.580+0000] {processor.py:925} INFO - DAG(s) 'example_setup_teardown' retrieved from /home/airflow/.local/lib/python3.12/site-packages/airflow/example_dags/example_setup_teardown.py
[2025-02-27T03:11:04.723+0000] {logging_mixin.py:190} INFO - [2025-02-27T03:11:04.722+0000] {dag.py:3239} INFO - Sync 1 DAGs
[2025-02-27T03:11:04.767+0000] {logging_mixin.py:190} INFO - [2025-02-27T03:11:04.766+0000] {dag.py:4180} INFO - Setting next_dagrun for example_setup_teardown to None, run_after=None
[2025-02-27T03:11:04.831+0000] {processor.py:208} INFO - Processing /home/airflow/.local/lib/python3.12/site-packages/airflow/example_dags/example_setup_teardown.py took 0.278 seconds
[2025-02-27T03:11:35.159+0000] {processor.py:186} INFO - Started process (PID=2186) to work on /home/airflow/.local/lib/python3.12/site-packages/airflow/example_dags/example_setup_teardown.py
[2025-02-27T03:11:35.160+0000] {processor.py:914} INFO - Processing file /home/airflow/.local/lib/python3.12/site-packages/airflow/example_dags/example_setup_teardown.py for tasks to queue
[2025-02-27T03:11:35.164+0000] {logging_mixin.py:190} INFO - [2025-02-27T03:11:35.163+0000] {dagbag.py:588} INFO - Filling up the DagBag from /home/airflow/.local/lib/python3.12/site-packages/airflow/example_dags/example_setup_teardown.py
[2025-02-27T03:11:35.174+0000] {processor.py:925} INFO - DAG(s) 'example_setup_teardown' retrieved from /home/airflow/.local/lib/python3.12/site-packages/airflow/example_dags/example_setup_teardown.py
[2025-02-27T03:11:35.302+0000] {logging_mixin.py:190} INFO - [2025-02-27T03:11:35.302+0000] {dag.py:3239} INFO - Sync 1 DAGs
[2025-02-27T03:11:35.341+0000] {logging_mixin.py:190} INFO - [2025-02-27T03:11:35.341+0000] {dag.py:4180} INFO - Setting next_dagrun for example_setup_teardown to None, run_after=None
[2025-02-27T03:11:35.399+0000] {processor.py:208} INFO - Processing /home/airflow/.local/lib/python3.12/site-packages/airflow/example_dags/example_setup_teardown.py took 0.249 seconds
[2025-02-27T03:12:07.522+0000] {processor.py:186} INFO - Started process (PID=2248) to work on /home/airflow/.local/lib/python3.12/site-packages/airflow/example_dags/example_setup_teardown.py
[2025-02-27T03:12:07.528+0000] {processor.py:914} INFO - Processing file /home/airflow/.local/lib/python3.12/site-packages/airflow/example_dags/example_setup_teardown.py for tasks to queue
[2025-02-27T03:12:07.540+0000] {logging_mixin.py:190} INFO - [2025-02-27T03:12:07.538+0000] {dagbag.py:588} INFO - Filling up the DagBag from /home/airflow/.local/lib/python3.12/site-packages/airflow/example_dags/example_setup_teardown.py
[2025-02-27T03:12:07.572+0000] {processor.py:925} INFO - DAG(s) 'example_setup_teardown' retrieved from /home/airflow/.local/lib/python3.12/site-packages/airflow/example_dags/example_setup_teardown.py
[2025-02-27T03:12:07.908+0000] {logging_mixin.py:190} INFO - [2025-02-27T03:12:07.907+0000] {dag.py:3239} INFO - Sync 1 DAGs
[2025-02-27T03:12:07.986+0000] {logging_mixin.py:190} INFO - [2025-02-27T03:12:07.986+0000] {dag.py:4180} INFO - Setting next_dagrun for example_setup_teardown to None, run_after=None
[2025-02-27T03:12:08.099+0000] {processor.py:208} INFO - Processing /home/airflow/.local/lib/python3.12/site-packages/airflow/example_dags/example_setup_teardown.py took 0.596 seconds
[2025-02-27T03:12:38.586+0000] {processor.py:186} INFO - Started process (PID=2311) to work on /home/airflow/.local/lib/python3.12/site-packages/airflow/example_dags/example_setup_teardown.py
[2025-02-27T03:12:38.588+0000] {processor.py:914} INFO - Processing file /home/airflow/.local/lib/python3.12/site-packages/airflow/example_dags/example_setup_teardown.py for tasks to queue
[2025-02-27T03:12:38.592+0000] {logging_mixin.py:190} INFO - [2025-02-27T03:12:38.592+0000] {dagbag.py:588} INFO - Filling up the DagBag from /home/airflow/.local/lib/python3.12/site-packages/airflow/example_dags/example_setup_teardown.py
[2025-02-27T03:12:38.609+0000] {processor.py:925} INFO - DAG(s) 'example_setup_teardown' retrieved from /home/airflow/.local/lib/python3.12/site-packages/airflow/example_dags/example_setup_teardown.py
[2025-02-27T03:12:38.761+0000] {logging_mixin.py:190} INFO - [2025-02-27T03:12:38.760+0000] {dag.py:3239} INFO - Sync 1 DAGs
[2025-02-27T03:12:38.794+0000] {logging_mixin.py:190} INFO - [2025-02-27T03:12:38.794+0000] {dag.py:4180} INFO - Setting next_dagrun for example_setup_teardown to None, run_after=None
[2025-02-27T03:12:38.852+0000] {processor.py:208} INFO - Processing /home/airflow/.local/lib/python3.12/site-packages/airflow/example_dags/example_setup_teardown.py took 0.273 seconds
[2025-02-27T03:13:09.083+0000] {processor.py:186} INFO - Started process (PID=2374) to work on /home/airflow/.local/lib/python3.12/site-packages/airflow/example_dags/example_setup_teardown.py
[2025-02-27T03:13:09.085+0000] {processor.py:914} INFO - Processing file /home/airflow/.local/lib/python3.12/site-packages/airflow/example_dags/example_setup_teardown.py for tasks to queue
[2025-02-27T03:13:09.089+0000] {logging_mixin.py:190} INFO - [2025-02-27T03:13:09.088+0000] {dagbag.py:588} INFO - Filling up the DagBag from /home/airflow/.local/lib/python3.12/site-packages/airflow/example_dags/example_setup_teardown.py
[2025-02-27T03:13:09.101+0000] {processor.py:925} INFO - DAG(s) 'example_setup_teardown' retrieved from /home/airflow/.local/lib/python3.12/site-packages/airflow/example_dags/example_setup_teardown.py
[2025-02-27T03:13:09.253+0000] {logging_mixin.py:190} INFO - [2025-02-27T03:13:09.253+0000] {dag.py:3239} INFO - Sync 1 DAGs
[2025-02-27T03:13:09.290+0000] {logging_mixin.py:190} INFO - [2025-02-27T03:13:09.289+0000] {dag.py:4180} INFO - Setting next_dagrun for example_setup_teardown to None, run_after=None
[2025-02-27T03:13:09.346+0000] {processor.py:208} INFO - Processing /home/airflow/.local/lib/python3.12/site-packages/airflow/example_dags/example_setup_teardown.py took 0.269 seconds
[2025-02-27T03:13:40.356+0000] {processor.py:186} INFO - Started process (PID=2437) to work on /home/airflow/.local/lib/python3.12/site-packages/airflow/example_dags/example_setup_teardown.py
[2025-02-27T03:13:40.358+0000] {processor.py:914} INFO - Processing file /home/airflow/.local/lib/python3.12/site-packages/airflow/example_dags/example_setup_teardown.py for tasks to queue
[2025-02-27T03:13:40.362+0000] {logging_mixin.py:190} INFO - [2025-02-27T03:13:40.361+0000] {dagbag.py:588} INFO - Filling up the DagBag from /home/airflow/.local/lib/python3.12/site-packages/airflow/example_dags/example_setup_teardown.py
[2025-02-27T03:13:40.378+0000] {processor.py:925} INFO - DAG(s) 'example_setup_teardown' retrieved from /home/airflow/.local/lib/python3.12/site-packages/airflow/example_dags/example_setup_teardown.py
[2025-02-27T03:13:40.526+0000] {logging_mixin.py:190} INFO - [2025-02-27T03:13:40.526+0000] {dag.py:3239} INFO - Sync 1 DAGs
[2025-02-27T03:13:40.564+0000] {logging_mixin.py:190} INFO - [2025-02-27T03:13:40.564+0000] {dag.py:4180} INFO - Setting next_dagrun for example_setup_teardown to None, run_after=None
[2025-02-27T03:13:40.609+0000] {processor.py:208} INFO - Processing /home/airflow/.local/lib/python3.12/site-packages/airflow/example_dags/example_setup_teardown.py took 0.263 seconds
[2025-02-27T03:14:11.083+0000] {processor.py:186} INFO - Started process (PID=2498) to work on /home/airflow/.local/lib/python3.12/site-packages/airflow/example_dags/example_setup_teardown.py
[2025-02-27T03:14:11.084+0000] {processor.py:914} INFO - Processing file /home/airflow/.local/lib/python3.12/site-packages/airflow/example_dags/example_setup_teardown.py for tasks to queue
[2025-02-27T03:14:11.088+0000] {logging_mixin.py:190} INFO - [2025-02-27T03:14:11.087+0000] {dagbag.py:588} INFO - Filling up the DagBag from /home/airflow/.local/lib/python3.12/site-packages/airflow/example_dags/example_setup_teardown.py
[2025-02-27T03:14:11.100+0000] {processor.py:925} INFO - DAG(s) 'example_setup_teardown' retrieved from /home/airflow/.local/lib/python3.12/site-packages/airflow/example_dags/example_setup_teardown.py
[2025-02-27T03:14:11.272+0000] {logging_mixin.py:190} INFO - [2025-02-27T03:14:11.271+0000] {dag.py:3239} INFO - Sync 1 DAGs
[2025-02-27T03:14:11.349+0000] {logging_mixin.py:190} INFO - [2025-02-27T03:14:11.348+0000] {dag.py:4180} INFO - Setting next_dagrun for example_setup_teardown to None, run_after=None
[2025-02-27T03:14:11.440+0000] {processor.py:208} INFO - Processing /home/airflow/.local/lib/python3.12/site-packages/airflow/example_dags/example_setup_teardown.py took 0.366 seconds
[2025-02-27T03:14:41.708+0000] {processor.py:186} INFO - Started process (PID=2561) to work on /home/airflow/.local/lib/python3.12/site-packages/airflow/example_dags/example_setup_teardown.py
[2025-02-27T03:14:41.710+0000] {processor.py:914} INFO - Processing file /home/airflow/.local/lib/python3.12/site-packages/airflow/example_dags/example_setup_teardown.py for tasks to queue
[2025-02-27T03:14:41.715+0000] {logging_mixin.py:190} INFO - [2025-02-27T03:14:41.714+0000] {dagbag.py:588} INFO - Filling up the DagBag from /home/airflow/.local/lib/python3.12/site-packages/airflow/example_dags/example_setup_teardown.py
[2025-02-27T03:14:41.734+0000] {processor.py:925} INFO - DAG(s) 'example_setup_teardown' retrieved from /home/airflow/.local/lib/python3.12/site-packages/airflow/example_dags/example_setup_teardown.py
[2025-02-27T03:14:41.917+0000] {logging_mixin.py:190} INFO - [2025-02-27T03:14:41.917+0000] {dag.py:3239} INFO - Sync 1 DAGs
[2025-02-27T03:14:41.978+0000] {logging_mixin.py:190} INFO - [2025-02-27T03:14:41.977+0000] {dag.py:4180} INFO - Setting next_dagrun for example_setup_teardown to None, run_after=None
[2025-02-27T03:14:42.061+0000] {processor.py:208} INFO - Processing /home/airflow/.local/lib/python3.12/site-packages/airflow/example_dags/example_setup_teardown.py took 0.363 seconds
[2025-02-27T03:15:12.423+0000] {processor.py:186} INFO - Started process (PID=2624) to work on /home/airflow/.local/lib/python3.12/site-packages/airflow/example_dags/example_setup_teardown.py
[2025-02-27T03:15:12.425+0000] {processor.py:914} INFO - Processing file /home/airflow/.local/lib/python3.12/site-packages/airflow/example_dags/example_setup_teardown.py for tasks to queue
[2025-02-27T03:15:12.429+0000] {logging_mixin.py:190} INFO - [2025-02-27T03:15:12.429+0000] {dagbag.py:588} INFO - Filling up the DagBag from /home/airflow/.local/lib/python3.12/site-packages/airflow/example_dags/example_setup_teardown.py
[2025-02-27T03:15:12.444+0000] {processor.py:925} INFO - DAG(s) 'example_setup_teardown' retrieved from /home/airflow/.local/lib/python3.12/site-packages/airflow/example_dags/example_setup_teardown.py
[2025-02-27T03:15:12.613+0000] {logging_mixin.py:190} INFO - [2025-02-27T03:15:12.612+0000] {dag.py:3239} INFO - Sync 1 DAGs
[2025-02-27T03:15:12.652+0000] {logging_mixin.py:190} INFO - [2025-02-27T03:15:12.652+0000] {dag.py:4180} INFO - Setting next_dagrun for example_setup_teardown to None, run_after=None
[2025-02-27T03:15:12.712+0000] {processor.py:208} INFO - Processing /home/airflow/.local/lib/python3.12/site-packages/airflow/example_dags/example_setup_teardown.py took 0.303 seconds
[2025-02-27T03:15:43.389+0000] {processor.py:186} INFO - Started process (PID=2687) to work on /home/airflow/.local/lib/python3.12/site-packages/airflow/example_dags/example_setup_teardown.py
[2025-02-27T03:15:43.390+0000] {processor.py:914} INFO - Processing file /home/airflow/.local/lib/python3.12/site-packages/airflow/example_dags/example_setup_teardown.py for tasks to queue
[2025-02-27T03:15:43.395+0000] {logging_mixin.py:190} INFO - [2025-02-27T03:15:43.394+0000] {dagbag.py:588} INFO - Filling up the DagBag from /home/airflow/.local/lib/python3.12/site-packages/airflow/example_dags/example_setup_teardown.py
[2025-02-27T03:15:43.407+0000] {processor.py:925} INFO - DAG(s) 'example_setup_teardown' retrieved from /home/airflow/.local/lib/python3.12/site-packages/airflow/example_dags/example_setup_teardown.py
[2025-02-27T03:15:43.543+0000] {logging_mixin.py:190} INFO - [2025-02-27T03:15:43.543+0000] {dag.py:3239} INFO - Sync 1 DAGs
[2025-02-27T03:15:43.581+0000] {logging_mixin.py:190} INFO - [2025-02-27T03:15:43.580+0000] {dag.py:4180} INFO - Setting next_dagrun for example_setup_teardown to None, run_after=None
[2025-02-27T03:15:43.642+0000] {processor.py:208} INFO - Processing /home/airflow/.local/lib/python3.12/site-packages/airflow/example_dags/example_setup_teardown.py took 0.260 seconds
[2025-02-27T03:16:13.981+0000] {processor.py:186} INFO - Started process (PID=2749) to work on /home/airflow/.local/lib/python3.12/site-packages/airflow/example_dags/example_setup_teardown.py
[2025-02-27T03:16:13.982+0000] {processor.py:914} INFO - Processing file /home/airflow/.local/lib/python3.12/site-packages/airflow/example_dags/example_setup_teardown.py for tasks to queue
[2025-02-27T03:16:13.986+0000] {logging_mixin.py:190} INFO - [2025-02-27T03:16:13.986+0000] {dagbag.py:588} INFO - Filling up the DagBag from /home/airflow/.local/lib/python3.12/site-packages/airflow/example_dags/example_setup_teardown.py
[2025-02-27T03:16:14.004+0000] {processor.py:925} INFO - DAG(s) 'example_setup_teardown' retrieved from /home/airflow/.local/lib/python3.12/site-packages/airflow/example_dags/example_setup_teardown.py
[2025-02-27T03:16:14.137+0000] {logging_mixin.py:190} INFO - [2025-02-27T03:16:14.137+0000] {dag.py:3239} INFO - Sync 1 DAGs
[2025-02-27T03:16:14.172+0000] {logging_mixin.py:190} INFO - [2025-02-27T03:16:14.172+0000] {dag.py:4180} INFO - Setting next_dagrun for example_setup_teardown to None, run_after=None
[2025-02-27T03:16:14.235+0000] {processor.py:208} INFO - Processing /home/airflow/.local/lib/python3.12/site-packages/airflow/example_dags/example_setup_teardown.py took 0.263 seconds
[2025-02-27T03:16:45.008+0000] {processor.py:186} INFO - Started process (PID=2812) to work on /home/airflow/.local/lib/python3.12/site-packages/airflow/example_dags/example_setup_teardown.py
[2025-02-27T03:16:45.009+0000] {processor.py:914} INFO - Processing file /home/airflow/.local/lib/python3.12/site-packages/airflow/example_dags/example_setup_teardown.py for tasks to queue
[2025-02-27T03:16:45.013+0000] {logging_mixin.py:190} INFO - [2025-02-27T03:16:45.012+0000] {dagbag.py:588} INFO - Filling up the DagBag from /home/airflow/.local/lib/python3.12/site-packages/airflow/example_dags/example_setup_teardown.py
[2025-02-27T03:16:45.028+0000] {processor.py:925} INFO - DAG(s) 'example_setup_teardown' retrieved from /home/airflow/.local/lib/python3.12/site-packages/airflow/example_dags/example_setup_teardown.py
[2025-02-27T03:16:45.175+0000] {logging_mixin.py:190} INFO - [2025-02-27T03:16:45.174+0000] {dag.py:3239} INFO - Sync 1 DAGs
[2025-02-27T03:16:45.214+0000] {logging_mixin.py:190} INFO - [2025-02-27T03:16:45.213+0000] {dag.py:4180} INFO - Setting next_dagrun for example_setup_teardown to None, run_after=None
[2025-02-27T03:16:45.281+0000] {processor.py:208} INFO - Processing /home/airflow/.local/lib/python3.12/site-packages/airflow/example_dags/example_setup_teardown.py took 0.280 seconds
[2025-02-27T03:17:15.580+0000] {processor.py:186} INFO - Started process (PID=2875) to work on /home/airflow/.local/lib/python3.12/site-packages/airflow/example_dags/example_setup_teardown.py
[2025-02-27T03:17:15.582+0000] {processor.py:914} INFO - Processing file /home/airflow/.local/lib/python3.12/site-packages/airflow/example_dags/example_setup_teardown.py for tasks to queue
[2025-02-27T03:17:15.586+0000] {logging_mixin.py:190} INFO - [2025-02-27T03:17:15.585+0000] {dagbag.py:588} INFO - Filling up the DagBag from /home/airflow/.local/lib/python3.12/site-packages/airflow/example_dags/example_setup_teardown.py
[2025-02-27T03:17:15.599+0000] {processor.py:925} INFO - DAG(s) 'example_setup_teardown' retrieved from /home/airflow/.local/lib/python3.12/site-packages/airflow/example_dags/example_setup_teardown.py
[2025-02-27T03:17:15.768+0000] {logging_mixin.py:190} INFO - [2025-02-27T03:17:15.768+0000] {dag.py:3239} INFO - Sync 1 DAGs
[2025-02-27T03:17:15.809+0000] {logging_mixin.py:190} INFO - [2025-02-27T03:17:15.808+0000] {dag.py:4180} INFO - Setting next_dagrun for example_setup_teardown to None, run_after=None
[2025-02-27T03:17:15.868+0000] {processor.py:208} INFO - Processing /home/airflow/.local/lib/python3.12/site-packages/airflow/example_dags/example_setup_teardown.py took 0.296 seconds
[2025-02-27T03:17:46.013+0000] {processor.py:186} INFO - Started process (PID=2938) to work on /home/airflow/.local/lib/python3.12/site-packages/airflow/example_dags/example_setup_teardown.py
[2025-02-27T03:17:46.015+0000] {processor.py:914} INFO - Processing file /home/airflow/.local/lib/python3.12/site-packages/airflow/example_dags/example_setup_teardown.py for tasks to queue
[2025-02-27T03:17:46.019+0000] {logging_mixin.py:190} INFO - [2025-02-27T03:17:46.018+0000] {dagbag.py:588} INFO - Filling up the DagBag from /home/airflow/.local/lib/python3.12/site-packages/airflow/example_dags/example_setup_teardown.py
[2025-02-27T03:17:46.035+0000] {processor.py:925} INFO - DAG(s) 'example_setup_teardown' retrieved from /home/airflow/.local/lib/python3.12/site-packages/airflow/example_dags/example_setup_teardown.py
[2025-02-27T03:17:46.171+0000] {logging_mixin.py:190} INFO - [2025-02-27T03:17:46.170+0000] {dag.py:3239} INFO - Sync 1 DAGs
[2025-02-27T03:17:46.246+0000] {logging_mixin.py:190} INFO - [2025-02-27T03:17:46.246+0000] {dag.py:4180} INFO - Setting next_dagrun for example_setup_teardown to None, run_after=None
[2025-02-27T03:17:46.365+0000] {processor.py:208} INFO - Processing /home/airflow/.local/lib/python3.12/site-packages/airflow/example_dags/example_setup_teardown.py took 0.360 seconds
[2025-02-27T03:18:16.887+0000] {processor.py:186} INFO - Started process (PID=3001) to work on /home/airflow/.local/lib/python3.12/site-packages/airflow/example_dags/example_setup_teardown.py
[2025-02-27T03:18:16.889+0000] {processor.py:914} INFO - Processing file /home/airflow/.local/lib/python3.12/site-packages/airflow/example_dags/example_setup_teardown.py for tasks to queue
[2025-02-27T03:18:16.893+0000] {logging_mixin.py:190} INFO - [2025-02-27T03:18:16.892+0000] {dagbag.py:588} INFO - Filling up the DagBag from /home/airflow/.local/lib/python3.12/site-packages/airflow/example_dags/example_setup_teardown.py
[2025-02-27T03:18:16.913+0000] {processor.py:925} INFO - DAG(s) 'example_setup_teardown' retrieved from /home/airflow/.local/lib/python3.12/site-packages/airflow/example_dags/example_setup_teardown.py
[2025-02-27T03:18:17.104+0000] {logging_mixin.py:190} INFO - [2025-02-27T03:18:17.103+0000] {dag.py:3239} INFO - Sync 1 DAGs
[2025-02-27T03:18:17.166+0000] {logging_mixin.py:190} INFO - [2025-02-27T03:18:17.166+0000] {dag.py:4180} INFO - Setting next_dagrun for example_setup_teardown to None, run_after=None
[2025-02-27T03:18:17.250+0000] {processor.py:208} INFO - Processing /home/airflow/.local/lib/python3.12/site-packages/airflow/example_dags/example_setup_teardown.py took 0.374 seconds
[2025-02-27T03:18:47.558+0000] {processor.py:186} INFO - Started process (PID=3064) to work on /home/airflow/.local/lib/python3.12/site-packages/airflow/example_dags/example_setup_teardown.py
[2025-02-27T03:18:47.560+0000] {processor.py:914} INFO - Processing file /home/airflow/.local/lib/python3.12/site-packages/airflow/example_dags/example_setup_teardown.py for tasks to queue
[2025-02-27T03:18:47.563+0000] {logging_mixin.py:190} INFO - [2025-02-27T03:18:47.562+0000] {dagbag.py:588} INFO - Filling up the DagBag from /home/airflow/.local/lib/python3.12/site-packages/airflow/example_dags/example_setup_teardown.py
[2025-02-27T03:18:47.573+0000] {processor.py:925} INFO - DAG(s) 'example_setup_teardown' retrieved from /home/airflow/.local/lib/python3.12/site-packages/airflow/example_dags/example_setup_teardown.py
[2025-02-27T03:18:47.703+0000] {logging_mixin.py:190} INFO - [2025-02-27T03:18:47.703+0000] {dag.py:3239} INFO - Sync 1 DAGs
[2025-02-27T03:18:47.744+0000] {logging_mixin.py:190} INFO - [2025-02-27T03:18:47.743+0000] {dag.py:4180} INFO - Setting next_dagrun for example_setup_teardown to None, run_after=None
[2025-02-27T03:18:47.794+0000] {processor.py:208} INFO - Processing /home/airflow/.local/lib/python3.12/site-packages/airflow/example_dags/example_setup_teardown.py took 0.244 seconds
[2025-02-27T03:19:17.966+0000] {processor.py:186} INFO - Started process (PID=3127) to work on /home/airflow/.local/lib/python3.12/site-packages/airflow/example_dags/example_setup_teardown.py
[2025-02-27T03:19:17.967+0000] {processor.py:914} INFO - Processing file /home/airflow/.local/lib/python3.12/site-packages/airflow/example_dags/example_setup_teardown.py for tasks to queue
[2025-02-27T03:19:17.972+0000] {logging_mixin.py:190} INFO - [2025-02-27T03:19:17.971+0000] {dagbag.py:588} INFO - Filling up the DagBag from /home/airflow/.local/lib/python3.12/site-packages/airflow/example_dags/example_setup_teardown.py
[2025-02-27T03:19:17.992+0000] {processor.py:925} INFO - DAG(s) 'example_setup_teardown' retrieved from /home/airflow/.local/lib/python3.12/site-packages/airflow/example_dags/example_setup_teardown.py
[2025-02-27T03:19:18.144+0000] {logging_mixin.py:190} INFO - [2025-02-27T03:19:18.143+0000] {dag.py:3239} INFO - Sync 1 DAGs
[2025-02-27T03:19:18.183+0000] {logging_mixin.py:190} INFO - [2025-02-27T03:19:18.183+0000] {dag.py:4180} INFO - Setting next_dagrun for example_setup_teardown to None, run_after=None
[2025-02-27T03:19:18.246+0000] {processor.py:208} INFO - Processing /home/airflow/.local/lib/python3.12/site-packages/airflow/example_dags/example_setup_teardown.py took 0.289 seconds
[2025-02-27T03:19:48.719+0000] {processor.py:186} INFO - Started process (PID=3189) to work on /home/airflow/.local/lib/python3.12/site-packages/airflow/example_dags/example_setup_teardown.py
[2025-02-27T03:19:48.720+0000] {processor.py:914} INFO - Processing file /home/airflow/.local/lib/python3.12/site-packages/airflow/example_dags/example_setup_teardown.py for tasks to queue
[2025-02-27T03:19:48.724+0000] {logging_mixin.py:190} INFO - [2025-02-27T03:19:48.723+0000] {dagbag.py:588} INFO - Filling up the DagBag from /home/airflow/.local/lib/python3.12/site-packages/airflow/example_dags/example_setup_teardown.py
[2025-02-27T03:19:48.738+0000] {processor.py:925} INFO - DAG(s) 'example_setup_teardown' retrieved from /home/airflow/.local/lib/python3.12/site-packages/airflow/example_dags/example_setup_teardown.py
[2025-02-27T03:19:48.895+0000] {logging_mixin.py:190} INFO - [2025-02-27T03:19:48.894+0000] {dag.py:3239} INFO - Sync 1 DAGs
[2025-02-27T03:19:48.932+0000] {logging_mixin.py:190} INFO - [2025-02-27T03:19:48.932+0000] {dag.py:4180} INFO - Setting next_dagrun for example_setup_teardown to None, run_after=None
[2025-02-27T03:19:48.992+0000] {processor.py:208} INFO - Processing /home/airflow/.local/lib/python3.12/site-packages/airflow/example_dags/example_setup_teardown.py took 0.282 seconds
[2025-02-27T03:20:19.195+0000] {processor.py:186} INFO - Started process (PID=3251) to work on /home/airflow/.local/lib/python3.12/site-packages/airflow/example_dags/example_setup_teardown.py
[2025-02-27T03:20:19.197+0000] {processor.py:914} INFO - Processing file /home/airflow/.local/lib/python3.12/site-packages/airflow/example_dags/example_setup_teardown.py for tasks to queue
[2025-02-27T03:20:19.202+0000] {logging_mixin.py:190} INFO - [2025-02-27T03:20:19.201+0000] {dagbag.py:588} INFO - Filling up the DagBag from /home/airflow/.local/lib/python3.12/site-packages/airflow/example_dags/example_setup_teardown.py
[2025-02-27T03:20:19.221+0000] {processor.py:925} INFO - DAG(s) 'example_setup_teardown' retrieved from /home/airflow/.local/lib/python3.12/site-packages/airflow/example_dags/example_setup_teardown.py
[2025-02-27T03:20:19.356+0000] {logging_mixin.py:190} INFO - [2025-02-27T03:20:19.355+0000] {dag.py:3239} INFO - Sync 1 DAGs
[2025-02-27T03:20:19.392+0000] {logging_mixin.py:190} INFO - [2025-02-27T03:20:19.392+0000] {dag.py:4180} INFO - Setting next_dagrun for example_setup_teardown to None, run_after=None
[2025-02-27T03:20:19.441+0000] {processor.py:208} INFO - Processing /home/airflow/.local/lib/python3.12/site-packages/airflow/example_dags/example_setup_teardown.py took 0.261 seconds
[2025-02-27T03:20:49.789+0000] {processor.py:186} INFO - Started process (PID=3313) to work on /home/airflow/.local/lib/python3.12/site-packages/airflow/example_dags/example_setup_teardown.py
[2025-02-27T03:20:49.791+0000] {processor.py:914} INFO - Processing file /home/airflow/.local/lib/python3.12/site-packages/airflow/example_dags/example_setup_teardown.py for tasks to queue
[2025-02-27T03:20:49.794+0000] {logging_mixin.py:190} INFO - [2025-02-27T03:20:49.794+0000] {dagbag.py:588} INFO - Filling up the DagBag from /home/airflow/.local/lib/python3.12/site-packages/airflow/example_dags/example_setup_teardown.py
[2025-02-27T03:20:49.806+0000] {processor.py:925} INFO - DAG(s) 'example_setup_teardown' retrieved from /home/airflow/.local/lib/python3.12/site-packages/airflow/example_dags/example_setup_teardown.py
[2025-02-27T03:20:49.953+0000] {logging_mixin.py:190} INFO - [2025-02-27T03:20:49.952+0000] {dag.py:3239} INFO - Sync 1 DAGs
[2025-02-27T03:20:50.012+0000] {logging_mixin.py:190} INFO - [2025-02-27T03:20:50.012+0000] {dag.py:4180} INFO - Setting next_dagrun for example_setup_teardown to None, run_after=None
[2025-02-27T03:20:50.080+0000] {processor.py:208} INFO - Processing /home/airflow/.local/lib/python3.12/site-packages/airflow/example_dags/example_setup_teardown.py took 0.304 seconds
