[2025-02-27T02:51:29.485+0000] {processor.py:186} INFO - Started process (PID=97) to work on /home/airflow/.local/lib/python3.12/site-packages/airflow/example_dags/example_branch_labels.py
[2025-02-27T02:51:29.487+0000] {processor.py:914} INFO - Processing file /home/airflow/.local/lib/python3.12/site-packages/airflow/example_dags/example_branch_labels.py for tasks to queue
[2025-02-27T02:51:29.491+0000] {logging_mixin.py:190} INFO - [2025-02-27T02:51:29.490+0000] {dagbag.py:588} INFO - Filling up the DagBag from /home/airflow/.local/lib/python3.12/site-packages/airflow/example_dags/example_branch_labels.py
[2025-02-27T02:51:29.510+0000] {processor.py:925} INFO - DAG(s) 'example_branch_labels' retrieved from /home/airflow/.local/lib/python3.12/site-packages/airflow/example_dags/example_branch_labels.py
[2025-02-27T02:51:29.725+0000] {logging_mixin.py:190} INFO - [2025-02-27T02:51:29.724+0000] {override.py:1912} INFO - Created Permission View: can delete on DAG:example_branch_labels
[2025-02-27T02:51:29.752+0000] {logging_mixin.py:190} INFO - [2025-02-27T02:51:29.751+0000] {override.py:1912} INFO - Created Permission View: can read on DAG:example_branch_labels
[2025-02-27T02:51:29.769+0000] {logging_mixin.py:190} INFO - [2025-02-27T02:51:29.768+0000] {override.py:1912} INFO - Created Permission View: can edit on DAG:example_branch_labels
[2025-02-27T02:51:29.790+0000] {logging_mixin.py:190} INFO - [2025-02-27T02:51:29.789+0000] {override.py:1912} INFO - Created Permission View: menu access on DAG Run:example_branch_labels
[2025-02-27T02:51:29.807+0000] {logging_mixin.py:190} INFO - [2025-02-27T02:51:29.807+0000] {override.py:1912} INFO - Created Permission View: can delete on DAG Run:example_branch_labels
[2025-02-27T02:51:29.824+0000] {logging_mixin.py:190} INFO - [2025-02-27T02:51:29.823+0000] {override.py:1912} INFO - Created Permission View: can read on DAG Run:example_branch_labels
[2025-02-27T02:51:29.842+0000] {logging_mixin.py:190} INFO - [2025-02-27T02:51:29.841+0000] {override.py:1912} INFO - Created Permission View: can create on DAG Run:example_branch_labels
[2025-02-27T02:51:29.843+0000] {logging_mixin.py:190} INFO - [2025-02-27T02:51:29.843+0000] {dag.py:3239} INFO - Sync 1 DAGs
[2025-02-27T02:51:29.868+0000] {logging_mixin.py:190} INFO - [2025-02-27T02:51:29.867+0000] {dag.py:3262} INFO - Creating ORM DAG for example_branch_labels
[2025-02-27T02:51:29.893+0000] {logging_mixin.py:190} INFO - [2025-02-27T02:51:29.892+0000] {dag.py:4180} INFO - Setting next_dagrun for example_branch_labels to 2025-02-26 00:00:00+00:00, run_after=2025-02-27 00:00:00+00:00
[2025-02-27T02:51:29.932+0000] {processor.py:208} INFO - Processing /home/airflow/.local/lib/python3.12/site-packages/airflow/example_dags/example_branch_labels.py took 0.458 seconds
[2025-02-27T02:54:12.933+0000] {processor.py:186} INFO - Started process (PID=93) to work on /home/airflow/.local/lib/python3.12/site-packages/airflow/example_dags/example_branch_labels.py
[2025-02-27T02:54:12.935+0000] {processor.py:914} INFO - Processing file /home/airflow/.local/lib/python3.12/site-packages/airflow/example_dags/example_branch_labels.py for tasks to queue
[2025-02-27T02:54:12.939+0000] {logging_mixin.py:190} INFO - [2025-02-27T02:54:12.938+0000] {dagbag.py:588} INFO - Filling up the DagBag from /home/airflow/.local/lib/python3.12/site-packages/airflow/example_dags/example_branch_labels.py
[2025-02-27T02:54:12.958+0000] {processor.py:925} INFO - DAG(s) 'example_branch_labels' retrieved from /home/airflow/.local/lib/python3.12/site-packages/airflow/example_dags/example_branch_labels.py
[2025-02-27T02:54:13.554+0000] {logging_mixin.py:190} INFO - [2025-02-27T02:54:13.553+0000] {override.py:1912} INFO - Created Permission View: can read on DAG:example_branch_labels
[2025-02-27T02:54:13.583+0000] {logging_mixin.py:190} INFO - [2025-02-27T02:54:13.583+0000] {override.py:1912} INFO - Created Permission View: can delete on DAG:example_branch_labels
[2025-02-27T02:54:13.602+0000] {logging_mixin.py:190} INFO - [2025-02-27T02:54:13.601+0000] {override.py:1912} INFO - Created Permission View: can edit on DAG:example_branch_labels
[2025-02-27T02:54:13.625+0000] {logging_mixin.py:190} INFO - [2025-02-27T02:54:13.625+0000] {override.py:1912} INFO - Created Permission View: can read on DAG Run:example_branch_labels
[2025-02-27T02:54:13.647+0000] {logging_mixin.py:190} INFO - [2025-02-27T02:54:13.647+0000] {override.py:1912} INFO - Created Permission View: menu access on DAG Run:example_branch_labels
[2025-02-27T02:54:13.667+0000] {logging_mixin.py:190} INFO - [2025-02-27T02:54:13.667+0000] {override.py:1912} INFO - Created Permission View: can delete on DAG Run:example_branch_labels
[2025-02-27T02:54:13.686+0000] {logging_mixin.py:190} INFO - [2025-02-27T02:54:13.685+0000] {override.py:1912} INFO - Created Permission View: can create on DAG Run:example_branch_labels
[2025-02-27T02:54:13.687+0000] {logging_mixin.py:190} INFO - [2025-02-27T02:54:13.687+0000] {dag.py:3239} INFO - Sync 1 DAGs
[2025-02-27T02:54:13.742+0000] {logging_mixin.py:190} INFO - [2025-02-27T02:54:13.742+0000] {dag.py:3262} INFO - Creating ORM DAG for example_branch_labels
[2025-02-27T02:54:13.788+0000] {logging_mixin.py:190} INFO - [2025-02-27T02:54:13.787+0000] {dag.py:4180} INFO - Setting next_dagrun for example_branch_labels to 2025-02-26 00:00:00+00:00, run_after=2025-02-27 00:00:00+00:00
[2025-02-27T02:54:13.851+0000] {processor.py:208} INFO - Processing /home/airflow/.local/lib/python3.12/site-packages/airflow/example_dags/example_branch_labels.py took 0.928 seconds
[2025-02-27T02:54:44.162+0000] {processor.py:186} INFO - Started process (PID=155) to work on /home/airflow/.local/lib/python3.12/site-packages/airflow/example_dags/example_branch_labels.py
[2025-02-27T02:54:44.164+0000] {processor.py:914} INFO - Processing file /home/airflow/.local/lib/python3.12/site-packages/airflow/example_dags/example_branch_labels.py for tasks to queue
[2025-02-27T02:54:44.168+0000] {logging_mixin.py:190} INFO - [2025-02-27T02:54:44.168+0000] {dagbag.py:588} INFO - Filling up the DagBag from /home/airflow/.local/lib/python3.12/site-packages/airflow/example_dags/example_branch_labels.py
[2025-02-27T02:54:44.217+0000] {processor.py:925} INFO - DAG(s) 'example_branch_labels' retrieved from /home/airflow/.local/lib/python3.12/site-packages/airflow/example_dags/example_branch_labels.py
[2025-02-27T02:54:44.521+0000] {logging_mixin.py:190} INFO - [2025-02-27T02:54:44.520+0000] {dag.py:3239} INFO - Sync 1 DAGs
[2025-02-27T02:54:44.609+0000] {logging_mixin.py:190} INFO - [2025-02-27T02:54:44.609+0000] {dag.py:4180} INFO - Setting next_dagrun for example_branch_labels to 2025-02-26 00:00:00+00:00, run_after=2025-02-27 00:00:00+00:00
[2025-02-27T02:54:44.679+0000] {processor.py:208} INFO - Processing /home/airflow/.local/lib/python3.12/site-packages/airflow/example_dags/example_branch_labels.py took 0.531 seconds
[2025-02-27T02:55:14.748+0000] {processor.py:186} INFO - Started process (PID=218) to work on /home/airflow/.local/lib/python3.12/site-packages/airflow/example_dags/example_branch_labels.py
[2025-02-27T02:55:14.750+0000] {processor.py:914} INFO - Processing file /home/airflow/.local/lib/python3.12/site-packages/airflow/example_dags/example_branch_labels.py for tasks to queue
[2025-02-27T02:55:14.754+0000] {logging_mixin.py:190} INFO - [2025-02-27T02:55:14.754+0000] {dagbag.py:588} INFO - Filling up the DagBag from /home/airflow/.local/lib/python3.12/site-packages/airflow/example_dags/example_branch_labels.py
[2025-02-27T02:55:14.770+0000] {processor.py:925} INFO - DAG(s) 'example_branch_labels' retrieved from /home/airflow/.local/lib/python3.12/site-packages/airflow/example_dags/example_branch_labels.py
[2025-02-27T02:55:14.890+0000] {logging_mixin.py:190} INFO - [2025-02-27T02:55:14.889+0000] {dag.py:3239} INFO - Sync 1 DAGs
[2025-02-27T02:55:14.951+0000] {logging_mixin.py:190} INFO - [2025-02-27T02:55:14.950+0000] {dag.py:4180} INFO - Setting next_dagrun for example_branch_labels to 2025-02-26 00:00:00+00:00, run_after=2025-02-27 00:00:00+00:00
[2025-02-27T02:55:15.002+0000] {processor.py:208} INFO - Processing /home/airflow/.local/lib/python3.12/site-packages/airflow/example_dags/example_branch_labels.py took 0.262 seconds
[2025-02-27T02:55:45.637+0000] {processor.py:186} INFO - Started process (PID=281) to work on /home/airflow/.local/lib/python3.12/site-packages/airflow/example_dags/example_branch_labels.py
[2025-02-27T02:55:45.640+0000] {processor.py:914} INFO - Processing file /home/airflow/.local/lib/python3.12/site-packages/airflow/example_dags/example_branch_labels.py for tasks to queue
[2025-02-27T02:55:45.646+0000] {logging_mixin.py:190} INFO - [2025-02-27T02:55:45.645+0000] {dagbag.py:588} INFO - Filling up the DagBag from /home/airflow/.local/lib/python3.12/site-packages/airflow/example_dags/example_branch_labels.py
[2025-02-27T02:55:45.673+0000] {processor.py:925} INFO - DAG(s) 'example_branch_labels' retrieved from /home/airflow/.local/lib/python3.12/site-packages/airflow/example_dags/example_branch_labels.py
[2025-02-27T02:55:45.892+0000] {logging_mixin.py:190} INFO - [2025-02-27T02:55:45.891+0000] {dag.py:3239} INFO - Sync 1 DAGs
[2025-02-27T02:55:45.991+0000] {logging_mixin.py:190} INFO - [2025-02-27T02:55:45.991+0000] {dag.py:4180} INFO - Setting next_dagrun for example_branch_labels to 2025-02-26 00:00:00+00:00, run_after=2025-02-27 00:00:00+00:00
[2025-02-27T02:55:46.068+0000] {processor.py:208} INFO - Processing /home/airflow/.local/lib/python3.12/site-packages/airflow/example_dags/example_branch_labels.py took 0.445 seconds
[2025-02-27T02:56:18.667+0000] {processor.py:186} INFO - Started process (PID=350) to work on /home/airflow/.local/lib/python3.12/site-packages/airflow/example_dags/example_branch_labels.py
[2025-02-27T02:56:18.669+0000] {processor.py:914} INFO - Processing file /home/airflow/.local/lib/python3.12/site-packages/airflow/example_dags/example_branch_labels.py for tasks to queue
[2025-02-27T02:56:18.673+0000] {logging_mixin.py:190} INFO - [2025-02-27T02:56:18.672+0000] {dagbag.py:588} INFO - Filling up the DagBag from /home/airflow/.local/lib/python3.12/site-packages/airflow/example_dags/example_branch_labels.py
[2025-02-27T02:56:18.698+0000] {processor.py:925} INFO - DAG(s) 'example_branch_labels' retrieved from /home/airflow/.local/lib/python3.12/site-packages/airflow/example_dags/example_branch_labels.py
[2025-02-27T02:56:18.944+0000] {logging_mixin.py:190} INFO - [2025-02-27T02:56:18.942+0000] {dag.py:3239} INFO - Sync 1 DAGs
[2025-02-27T02:56:19.041+0000] {logging_mixin.py:190} INFO - [2025-02-27T02:56:19.041+0000] {dag.py:4180} INFO - Setting next_dagrun for example_branch_labels to 2025-02-26 00:00:00+00:00, run_after=2025-02-27 00:00:00+00:00
[2025-02-27T02:56:19.114+0000] {processor.py:208} INFO - Processing /home/airflow/.local/lib/python3.12/site-packages/airflow/example_dags/example_branch_labels.py took 0.459 seconds
[2025-02-27T02:56:49.290+0000] {processor.py:186} INFO - Started process (PID=412) to work on /home/airflow/.local/lib/python3.12/site-packages/airflow/example_dags/example_branch_labels.py
[2025-02-27T02:56:49.294+0000] {processor.py:914} INFO - Processing file /home/airflow/.local/lib/python3.12/site-packages/airflow/example_dags/example_branch_labels.py for tasks to queue
[2025-02-27T02:56:49.306+0000] {logging_mixin.py:190} INFO - [2025-02-27T02:56:49.305+0000] {dagbag.py:588} INFO - Filling up the DagBag from /home/airflow/.local/lib/python3.12/site-packages/airflow/example_dags/example_branch_labels.py
[2025-02-27T02:56:49.325+0000] {processor.py:925} INFO - DAG(s) 'example_branch_labels' retrieved from /home/airflow/.local/lib/python3.12/site-packages/airflow/example_dags/example_branch_labels.py
[2025-02-27T02:56:49.488+0000] {logging_mixin.py:190} INFO - [2025-02-27T02:56:49.488+0000] {dag.py:3239} INFO - Sync 1 DAGs
[2025-02-27T02:56:49.558+0000] {logging_mixin.py:190} INFO - [2025-02-27T02:56:49.558+0000] {dag.py:4180} INFO - Setting next_dagrun for example_branch_labels to 2025-02-26 00:00:00+00:00, run_after=2025-02-27 00:00:00+00:00
[2025-02-27T02:56:49.618+0000] {processor.py:208} INFO - Processing /home/airflow/.local/lib/python3.12/site-packages/airflow/example_dags/example_branch_labels.py took 0.350 seconds
[2025-02-27T02:57:20.356+0000] {processor.py:186} INFO - Started process (PID=475) to work on /home/airflow/.local/lib/python3.12/site-packages/airflow/example_dags/example_branch_labels.py
[2025-02-27T02:57:20.358+0000] {processor.py:914} INFO - Processing file /home/airflow/.local/lib/python3.12/site-packages/airflow/example_dags/example_branch_labels.py for tasks to queue
[2025-02-27T02:57:20.362+0000] {logging_mixin.py:190} INFO - [2025-02-27T02:57:20.361+0000] {dagbag.py:588} INFO - Filling up the DagBag from /home/airflow/.local/lib/python3.12/site-packages/airflow/example_dags/example_branch_labels.py
[2025-02-27T02:57:20.381+0000] {processor.py:925} INFO - DAG(s) 'example_branch_labels' retrieved from /home/airflow/.local/lib/python3.12/site-packages/airflow/example_dags/example_branch_labels.py
[2025-02-27T02:57:20.707+0000] {logging_mixin.py:190} INFO - [2025-02-27T02:57:20.707+0000] {dag.py:3239} INFO - Sync 1 DAGs
[2025-02-27T02:57:20.851+0000] {logging_mixin.py:190} INFO - [2025-02-27T02:57:20.850+0000] {dag.py:4180} INFO - Setting next_dagrun for example_branch_labels to 2025-02-26 00:00:00+00:00, run_after=2025-02-27 00:00:00+00:00
[2025-02-27T02:57:20.984+0000] {processor.py:208} INFO - Processing /home/airflow/.local/lib/python3.12/site-packages/airflow/example_dags/example_branch_labels.py took 0.639 seconds
[2025-02-27T02:57:51.952+0000] {processor.py:186} INFO - Started process (PID=538) to work on /home/airflow/.local/lib/python3.12/site-packages/airflow/example_dags/example_branch_labels.py
[2025-02-27T02:57:51.954+0000] {processor.py:914} INFO - Processing file /home/airflow/.local/lib/python3.12/site-packages/airflow/example_dags/example_branch_labels.py for tasks to queue
[2025-02-27T02:57:51.959+0000] {logging_mixin.py:190} INFO - [2025-02-27T02:57:51.958+0000] {dagbag.py:588} INFO - Filling up the DagBag from /home/airflow/.local/lib/python3.12/site-packages/airflow/example_dags/example_branch_labels.py
[2025-02-27T02:57:51.981+0000] {processor.py:925} INFO - DAG(s) 'example_branch_labels' retrieved from /home/airflow/.local/lib/python3.12/site-packages/airflow/example_dags/example_branch_labels.py
[2025-02-27T02:57:52.123+0000] {logging_mixin.py:190} INFO - [2025-02-27T02:57:52.123+0000] {dag.py:3239} INFO - Sync 1 DAGs
[2025-02-27T02:57:52.188+0000] {logging_mixin.py:190} INFO - [2025-02-27T02:57:52.187+0000] {dag.py:4180} INFO - Setting next_dagrun for example_branch_labels to 2025-02-26 00:00:00+00:00, run_after=2025-02-27 00:00:00+00:00
[2025-02-27T02:57:52.243+0000] {processor.py:208} INFO - Processing /home/airflow/.local/lib/python3.12/site-packages/airflow/example_dags/example_branch_labels.py took 0.304 seconds
[2025-02-27T02:58:24.669+0000] {processor.py:186} INFO - Started process (PID=601) to work on /home/airflow/.local/lib/python3.12/site-packages/airflow/example_dags/example_branch_labels.py
[2025-02-27T02:58:24.671+0000] {processor.py:914} INFO - Processing file /home/airflow/.local/lib/python3.12/site-packages/airflow/example_dags/example_branch_labels.py for tasks to queue
[2025-02-27T02:58:24.674+0000] {logging_mixin.py:190} INFO - [2025-02-27T02:58:24.674+0000] {dagbag.py:588} INFO - Filling up the DagBag from /home/airflow/.local/lib/python3.12/site-packages/airflow/example_dags/example_branch_labels.py
[2025-02-27T02:58:24.693+0000] {processor.py:925} INFO - DAG(s) 'example_branch_labels' retrieved from /home/airflow/.local/lib/python3.12/site-packages/airflow/example_dags/example_branch_labels.py
[2025-02-27T02:58:24.845+0000] {logging_mixin.py:190} INFO - [2025-02-27T02:58:24.845+0000] {dag.py:3239} INFO - Sync 1 DAGs
[2025-02-27T02:58:24.912+0000] {logging_mixin.py:190} INFO - [2025-02-27T02:58:24.911+0000] {dag.py:4180} INFO - Setting next_dagrun for example_branch_labels to 2025-02-26 00:00:00+00:00, run_after=2025-02-27 00:00:00+00:00
[2025-02-27T02:58:24.972+0000] {processor.py:208} INFO - Processing /home/airflow/.local/lib/python3.12/site-packages/airflow/example_dags/example_branch_labels.py took 0.313 seconds
[2025-02-27T02:58:55.495+0000] {processor.py:186} INFO - Started process (PID=663) to work on /home/airflow/.local/lib/python3.12/site-packages/airflow/example_dags/example_branch_labels.py
[2025-02-27T02:58:55.497+0000] {processor.py:914} INFO - Processing file /home/airflow/.local/lib/python3.12/site-packages/airflow/example_dags/example_branch_labels.py for tasks to queue
[2025-02-27T02:58:55.500+0000] {logging_mixin.py:190} INFO - [2025-02-27T02:58:55.499+0000] {dagbag.py:588} INFO - Filling up the DagBag from /home/airflow/.local/lib/python3.12/site-packages/airflow/example_dags/example_branch_labels.py
[2025-02-27T02:58:55.519+0000] {processor.py:925} INFO - DAG(s) 'example_branch_labels' retrieved from /home/airflow/.local/lib/python3.12/site-packages/airflow/example_dags/example_branch_labels.py
[2025-02-27T02:58:55.730+0000] {logging_mixin.py:190} INFO - [2025-02-27T02:58:55.729+0000] {dag.py:3239} INFO - Sync 1 DAGs
[2025-02-27T02:58:55.818+0000] {logging_mixin.py:190} INFO - [2025-02-27T02:58:55.818+0000] {dag.py:4180} INFO - Setting next_dagrun for example_branch_labels to 2025-02-26 00:00:00+00:00, run_after=2025-02-27 00:00:00+00:00
[2025-02-27T02:58:55.922+0000] {processor.py:208} INFO - Processing /home/airflow/.local/lib/python3.12/site-packages/airflow/example_dags/example_branch_labels.py took 0.436 seconds
[2025-02-27T02:59:29.625+0000] {processor.py:186} INFO - Started process (PID=727) to work on /home/airflow/.local/lib/python3.12/site-packages/airflow/example_dags/example_branch_labels.py
[2025-02-27T02:59:29.627+0000] {processor.py:914} INFO - Processing file /home/airflow/.local/lib/python3.12/site-packages/airflow/example_dags/example_branch_labels.py for tasks to queue
[2025-02-27T02:59:29.633+0000] {logging_mixin.py:190} INFO - [2025-02-27T02:59:29.632+0000] {dagbag.py:588} INFO - Filling up the DagBag from /home/airflow/.local/lib/python3.12/site-packages/airflow/example_dags/example_branch_labels.py
[2025-02-27T02:59:29.656+0000] {processor.py:925} INFO - DAG(s) 'example_branch_labels' retrieved from /home/airflow/.local/lib/python3.12/site-packages/airflow/example_dags/example_branch_labels.py
[2025-02-27T02:59:29.902+0000] {logging_mixin.py:190} INFO - [2025-02-27T02:59:29.901+0000] {dag.py:3239} INFO - Sync 1 DAGs
[2025-02-27T02:59:30.000+0000] {logging_mixin.py:190} INFO - [2025-02-27T02:59:30.000+0000] {dag.py:4180} INFO - Setting next_dagrun for example_branch_labels to 2025-02-26 00:00:00+00:00, run_after=2025-02-27 00:00:00+00:00
[2025-02-27T02:59:30.073+0000] {processor.py:208} INFO - Processing /home/airflow/.local/lib/python3.12/site-packages/airflow/example_dags/example_branch_labels.py took 0.460 seconds
[2025-02-27T03:00:00.186+0000] {processor.py:186} INFO - Started process (PID=789) to work on /home/airflow/.local/lib/python3.12/site-packages/airflow/example_dags/example_branch_labels.py
[2025-02-27T03:00:00.188+0000] {processor.py:914} INFO - Processing file /home/airflow/.local/lib/python3.12/site-packages/airflow/example_dags/example_branch_labels.py for tasks to queue
[2025-02-27T03:00:00.192+0000] {logging_mixin.py:190} INFO - [2025-02-27T03:00:00.192+0000] {dagbag.py:588} INFO - Filling up the DagBag from /home/airflow/.local/lib/python3.12/site-packages/airflow/example_dags/example_branch_labels.py
[2025-02-27T03:00:00.208+0000] {processor.py:925} INFO - DAG(s) 'example_branch_labels' retrieved from /home/airflow/.local/lib/python3.12/site-packages/airflow/example_dags/example_branch_labels.py
[2025-02-27T03:00:00.363+0000] {logging_mixin.py:190} INFO - [2025-02-27T03:00:00.362+0000] {dag.py:3239} INFO - Sync 1 DAGs
[2025-02-27T03:00:00.428+0000] {logging_mixin.py:190} INFO - [2025-02-27T03:00:00.428+0000] {dag.py:4180} INFO - Setting next_dagrun for example_branch_labels to 2025-02-26 00:00:00+00:00, run_after=2025-02-27 00:00:00+00:00
[2025-02-27T03:00:00.477+0000] {processor.py:208} INFO - Processing /home/airflow/.local/lib/python3.12/site-packages/airflow/example_dags/example_branch_labels.py took 0.299 seconds
[2025-02-27T03:00:32.567+0000] {processor.py:186} INFO - Started process (PID=852) to work on /home/airflow/.local/lib/python3.12/site-packages/airflow/example_dags/example_branch_labels.py
[2025-02-27T03:00:32.568+0000] {processor.py:914} INFO - Processing file /home/airflow/.local/lib/python3.12/site-packages/airflow/example_dags/example_branch_labels.py for tasks to queue
[2025-02-27T03:00:32.573+0000] {logging_mixin.py:190} INFO - [2025-02-27T03:00:32.572+0000] {dagbag.py:588} INFO - Filling up the DagBag from /home/airflow/.local/lib/python3.12/site-packages/airflow/example_dags/example_branch_labels.py
[2025-02-27T03:00:32.594+0000] {processor.py:925} INFO - DAG(s) 'example_branch_labels' retrieved from /home/airflow/.local/lib/python3.12/site-packages/airflow/example_dags/example_branch_labels.py
[2025-02-27T03:00:32.856+0000] {logging_mixin.py:190} INFO - [2025-02-27T03:00:32.856+0000] {dag.py:3239} INFO - Sync 1 DAGs
[2025-02-27T03:00:32.999+0000] {logging_mixin.py:190} INFO - [2025-02-27T03:00:32.998+0000] {dag.py:4180} INFO - Setting next_dagrun for example_branch_labels to 2025-02-26 00:00:00+00:00, run_after=2025-02-27 00:00:00+00:00
[2025-02-27T03:00:33.075+0000] {processor.py:208} INFO - Processing /home/airflow/.local/lib/python3.12/site-packages/airflow/example_dags/example_branch_labels.py took 0.520 seconds
[2025-02-27T03:01:04.246+0000] {processor.py:186} INFO - Started process (PID=915) to work on /home/airflow/.local/lib/python3.12/site-packages/airflow/example_dags/example_branch_labels.py
[2025-02-27T03:01:04.248+0000] {processor.py:914} INFO - Processing file /home/airflow/.local/lib/python3.12/site-packages/airflow/example_dags/example_branch_labels.py for tasks to queue
[2025-02-27T03:01:04.254+0000] {logging_mixin.py:190} INFO - [2025-02-27T03:01:04.253+0000] {dagbag.py:588} INFO - Filling up the DagBag from /home/airflow/.local/lib/python3.12/site-packages/airflow/example_dags/example_branch_labels.py
[2025-02-27T03:01:04.271+0000] {processor.py:925} INFO - DAG(s) 'example_branch_labels' retrieved from /home/airflow/.local/lib/python3.12/site-packages/airflow/example_dags/example_branch_labels.py
[2025-02-27T03:01:04.432+0000] {logging_mixin.py:190} INFO - [2025-02-27T03:01:04.431+0000] {dag.py:3239} INFO - Sync 1 DAGs
[2025-02-27T03:01:04.508+0000] {logging_mixin.py:190} INFO - [2025-02-27T03:01:04.507+0000] {dag.py:4180} INFO - Setting next_dagrun for example_branch_labels to 2025-02-26 00:00:00+00:00, run_after=2025-02-27 00:00:00+00:00
[2025-02-27T03:01:04.575+0000] {processor.py:208} INFO - Processing /home/airflow/.local/lib/python3.12/site-packages/airflow/example_dags/example_branch_labels.py took 0.337 seconds
[2025-02-27T03:01:35.644+0000] {processor.py:186} INFO - Started process (PID=978) to work on /home/airflow/.local/lib/python3.12/site-packages/airflow/example_dags/example_branch_labels.py
[2025-02-27T03:01:35.647+0000] {processor.py:914} INFO - Processing file /home/airflow/.local/lib/python3.12/site-packages/airflow/example_dags/example_branch_labels.py for tasks to queue
[2025-02-27T03:01:35.652+0000] {logging_mixin.py:190} INFO - [2025-02-27T03:01:35.651+0000] {dagbag.py:588} INFO - Filling up the DagBag from /home/airflow/.local/lib/python3.12/site-packages/airflow/example_dags/example_branch_labels.py
[2025-02-27T03:01:35.682+0000] {processor.py:925} INFO - DAG(s) 'example_branch_labels' retrieved from /home/airflow/.local/lib/python3.12/site-packages/airflow/example_dags/example_branch_labels.py
[2025-02-27T03:01:35.898+0000] {logging_mixin.py:190} INFO - [2025-02-27T03:01:35.898+0000] {dag.py:3239} INFO - Sync 1 DAGs
[2025-02-27T03:01:36.010+0000] {logging_mixin.py:190} INFO - [2025-02-27T03:01:36.010+0000] {dag.py:4180} INFO - Setting next_dagrun for example_branch_labels to 2025-02-26 00:00:00+00:00, run_after=2025-02-27 00:00:00+00:00
[2025-02-27T03:01:36.092+0000] {processor.py:208} INFO - Processing /home/airflow/.local/lib/python3.12/site-packages/airflow/example_dags/example_branch_labels.py took 0.458 seconds
[2025-02-27T03:02:08.402+0000] {processor.py:186} INFO - Started process (PID=1041) to work on /home/airflow/.local/lib/python3.12/site-packages/airflow/example_dags/example_branch_labels.py
[2025-02-27T03:02:08.404+0000] {processor.py:914} INFO - Processing file /home/airflow/.local/lib/python3.12/site-packages/airflow/example_dags/example_branch_labels.py for tasks to queue
[2025-02-27T03:02:08.408+0000] {logging_mixin.py:190} INFO - [2025-02-27T03:02:08.407+0000] {dagbag.py:588} INFO - Filling up the DagBag from /home/airflow/.local/lib/python3.12/site-packages/airflow/example_dags/example_branch_labels.py
[2025-02-27T03:02:08.431+0000] {processor.py:925} INFO - DAG(s) 'example_branch_labels' retrieved from /home/airflow/.local/lib/python3.12/site-packages/airflow/example_dags/example_branch_labels.py
[2025-02-27T03:02:08.594+0000] {logging_mixin.py:190} INFO - [2025-02-27T03:02:08.593+0000] {dag.py:3239} INFO - Sync 1 DAGs
[2025-02-27T03:02:08.661+0000] {logging_mixin.py:190} INFO - [2025-02-27T03:02:08.660+0000] {dag.py:4180} INFO - Setting next_dagrun for example_branch_labels to 2025-02-26 00:00:00+00:00, run_after=2025-02-27 00:00:00+00:00
[2025-02-27T03:02:08.721+0000] {processor.py:208} INFO - Processing /home/airflow/.local/lib/python3.12/site-packages/airflow/example_dags/example_branch_labels.py took 0.329 seconds
[2025-02-27T03:02:41.416+0000] {processor.py:186} INFO - Started process (PID=1104) to work on /home/airflow/.local/lib/python3.12/site-packages/airflow/example_dags/example_branch_labels.py
[2025-02-27T03:02:41.418+0000] {processor.py:914} INFO - Processing file /home/airflow/.local/lib/python3.12/site-packages/airflow/example_dags/example_branch_labels.py for tasks to queue
[2025-02-27T03:02:41.425+0000] {logging_mixin.py:190} INFO - [2025-02-27T03:02:41.424+0000] {dagbag.py:588} INFO - Filling up the DagBag from /home/airflow/.local/lib/python3.12/site-packages/airflow/example_dags/example_branch_labels.py
[2025-02-27T03:02:41.451+0000] {processor.py:925} INFO - DAG(s) 'example_branch_labels' retrieved from /home/airflow/.local/lib/python3.12/site-packages/airflow/example_dags/example_branch_labels.py
[2025-02-27T03:02:41.737+0000] {logging_mixin.py:190} INFO - [2025-02-27T03:02:41.737+0000] {dag.py:3239} INFO - Sync 1 DAGs
[2025-02-27T03:02:41.849+0000] {logging_mixin.py:190} INFO - [2025-02-27T03:02:41.848+0000] {dag.py:4180} INFO - Setting next_dagrun for example_branch_labels to 2025-02-26 00:00:00+00:00, run_after=2025-02-27 00:00:00+00:00
[2025-02-27T03:02:41.948+0000] {processor.py:208} INFO - Processing /home/airflow/.local/lib/python3.12/site-packages/airflow/example_dags/example_branch_labels.py took 0.547 seconds
[2025-02-27T03:03:13.702+0000] {processor.py:186} INFO - Started process (PID=1167) to work on /home/airflow/.local/lib/python3.12/site-packages/airflow/example_dags/example_branch_labels.py
[2025-02-27T03:03:13.704+0000] {processor.py:914} INFO - Processing file /home/airflow/.local/lib/python3.12/site-packages/airflow/example_dags/example_branch_labels.py for tasks to queue
[2025-02-27T03:03:13.709+0000] {logging_mixin.py:190} INFO - [2025-02-27T03:03:13.708+0000] {dagbag.py:588} INFO - Filling up the DagBag from /home/airflow/.local/lib/python3.12/site-packages/airflow/example_dags/example_branch_labels.py
[2025-02-27T03:03:13.734+0000] {processor.py:925} INFO - DAG(s) 'example_branch_labels' retrieved from /home/airflow/.local/lib/python3.12/site-packages/airflow/example_dags/example_branch_labels.py
[2025-02-27T03:03:13.980+0000] {logging_mixin.py:190} INFO - [2025-02-27T03:03:13.979+0000] {dag.py:3239} INFO - Sync 1 DAGs
[2025-02-27T03:03:14.065+0000] {logging_mixin.py:190} INFO - [2025-02-27T03:03:14.064+0000] {dag.py:4180} INFO - Setting next_dagrun for example_branch_labels to 2025-02-26 00:00:00+00:00, run_after=2025-02-27 00:00:00+00:00
[2025-02-27T03:03:14.144+0000] {processor.py:208} INFO - Processing /home/airflow/.local/lib/python3.12/site-packages/airflow/example_dags/example_branch_labels.py took 0.454 seconds
[2025-02-27T03:03:46.272+0000] {processor.py:186} INFO - Started process (PID=1231) to work on /home/airflow/.local/lib/python3.12/site-packages/airflow/example_dags/example_branch_labels.py
[2025-02-27T03:03:46.275+0000] {processor.py:914} INFO - Processing file /home/airflow/.local/lib/python3.12/site-packages/airflow/example_dags/example_branch_labels.py for tasks to queue
[2025-02-27T03:03:46.280+0000] {logging_mixin.py:190} INFO - [2025-02-27T03:03:46.280+0000] {dagbag.py:588} INFO - Filling up the DagBag from /home/airflow/.local/lib/python3.12/site-packages/airflow/example_dags/example_branch_labels.py
[2025-02-27T03:03:46.308+0000] {processor.py:925} INFO - DAG(s) 'example_branch_labels' retrieved from /home/airflow/.local/lib/python3.12/site-packages/airflow/example_dags/example_branch_labels.py
[2025-02-27T03:03:46.557+0000] {logging_mixin.py:190} INFO - [2025-02-27T03:03:46.556+0000] {dag.py:3239} INFO - Sync 1 DAGs
[2025-02-27T03:03:46.653+0000] {logging_mixin.py:190} INFO - [2025-02-27T03:03:46.651+0000] {dag.py:4180} INFO - Setting next_dagrun for example_branch_labels to 2025-02-26 00:00:00+00:00, run_after=2025-02-27 00:00:00+00:00
[2025-02-27T03:03:46.747+0000] {processor.py:208} INFO - Processing /home/airflow/.local/lib/python3.12/site-packages/airflow/example_dags/example_branch_labels.py took 0.488 seconds
[2025-02-27T03:04:17.475+0000] {processor.py:186} INFO - Started process (PID=1294) to work on /home/airflow/.local/lib/python3.12/site-packages/airflow/example_dags/example_branch_labels.py
[2025-02-27T03:04:17.476+0000] {processor.py:914} INFO - Processing file /home/airflow/.local/lib/python3.12/site-packages/airflow/example_dags/example_branch_labels.py for tasks to queue
[2025-02-27T03:04:17.480+0000] {logging_mixin.py:190} INFO - [2025-02-27T03:04:17.479+0000] {dagbag.py:588} INFO - Filling up the DagBag from /home/airflow/.local/lib/python3.12/site-packages/airflow/example_dags/example_branch_labels.py
[2025-02-27T03:04:17.500+0000] {processor.py:925} INFO - DAG(s) 'example_branch_labels' retrieved from /home/airflow/.local/lib/python3.12/site-packages/airflow/example_dags/example_branch_labels.py
[2025-02-27T03:04:17.695+0000] {logging_mixin.py:190} INFO - [2025-02-27T03:04:17.694+0000] {dag.py:3239} INFO - Sync 1 DAGs
[2025-02-27T03:04:17.788+0000] {logging_mixin.py:190} INFO - [2025-02-27T03:04:17.787+0000] {dag.py:4180} INFO - Setting next_dagrun for example_branch_labels to 2025-02-26 00:00:00+00:00, run_after=2025-02-27 00:00:00+00:00
[2025-02-27T03:04:17.864+0000] {processor.py:208} INFO - Processing /home/airflow/.local/lib/python3.12/site-packages/airflow/example_dags/example_branch_labels.py took 0.398 seconds
[2025-02-27T03:04:49.887+0000] {processor.py:186} INFO - Started process (PID=1364) to work on /home/airflow/.local/lib/python3.12/site-packages/airflow/example_dags/example_branch_labels.py
[2025-02-27T03:04:49.889+0000] {processor.py:914} INFO - Processing file /home/airflow/.local/lib/python3.12/site-packages/airflow/example_dags/example_branch_labels.py for tasks to queue
[2025-02-27T03:04:49.894+0000] {logging_mixin.py:190} INFO - [2025-02-27T03:04:49.893+0000] {dagbag.py:588} INFO - Filling up the DagBag from /home/airflow/.local/lib/python3.12/site-packages/airflow/example_dags/example_branch_labels.py
[2025-02-27T03:04:49.917+0000] {processor.py:925} INFO - DAG(s) 'example_branch_labels' retrieved from /home/airflow/.local/lib/python3.12/site-packages/airflow/example_dags/example_branch_labels.py
[2025-02-27T03:04:50.119+0000] {logging_mixin.py:190} INFO - [2025-02-27T03:04:50.119+0000] {dag.py:3239} INFO - Sync 1 DAGs
[2025-02-27T03:04:50.206+0000] {logging_mixin.py:190} INFO - [2025-02-27T03:04:50.205+0000] {dag.py:4180} INFO - Setting next_dagrun for example_branch_labels to 2025-02-26 00:00:00+00:00, run_after=2025-02-27 00:00:00+00:00
[2025-02-27T03:04:50.278+0000] {processor.py:208} INFO - Processing /home/airflow/.local/lib/python3.12/site-packages/airflow/example_dags/example_branch_labels.py took 0.406 seconds
[2025-02-27T03:05:21.874+0000] {processor.py:186} INFO - Started process (PID=1427) to work on /home/airflow/.local/lib/python3.12/site-packages/airflow/example_dags/example_branch_labels.py
[2025-02-27T03:05:21.876+0000] {processor.py:914} INFO - Processing file /home/airflow/.local/lib/python3.12/site-packages/airflow/example_dags/example_branch_labels.py for tasks to queue
[2025-02-27T03:05:21.882+0000] {logging_mixin.py:190} INFO - [2025-02-27T03:05:21.881+0000] {dagbag.py:588} INFO - Filling up the DagBag from /home/airflow/.local/lib/python3.12/site-packages/airflow/example_dags/example_branch_labels.py
[2025-02-27T03:05:21.907+0000] {processor.py:925} INFO - DAG(s) 'example_branch_labels' retrieved from /home/airflow/.local/lib/python3.12/site-packages/airflow/example_dags/example_branch_labels.py
[2025-02-27T03:05:22.072+0000] {logging_mixin.py:190} INFO - [2025-02-27T03:05:22.072+0000] {dag.py:3239} INFO - Sync 1 DAGs
[2025-02-27T03:05:22.140+0000] {logging_mixin.py:190} INFO - [2025-02-27T03:05:22.139+0000] {dag.py:4180} INFO - Setting next_dagrun for example_branch_labels to 2025-02-26 00:00:00+00:00, run_after=2025-02-27 00:00:00+00:00
[2025-02-27T03:05:22.197+0000] {processor.py:208} INFO - Processing /home/airflow/.local/lib/python3.12/site-packages/airflow/example_dags/example_branch_labels.py took 0.334 seconds
[2025-02-27T03:05:53.704+0000] {processor.py:186} INFO - Started process (PID=1491) to work on /home/airflow/.local/lib/python3.12/site-packages/airflow/example_dags/example_branch_labels.py
[2025-02-27T03:05:53.706+0000] {processor.py:914} INFO - Processing file /home/airflow/.local/lib/python3.12/site-packages/airflow/example_dags/example_branch_labels.py for tasks to queue
[2025-02-27T03:05:53.716+0000] {logging_mixin.py:190} INFO - [2025-02-27T03:05:53.715+0000] {dagbag.py:588} INFO - Filling up the DagBag from /home/airflow/.local/lib/python3.12/site-packages/airflow/example_dags/example_branch_labels.py
[2025-02-27T03:05:53.748+0000] {processor.py:925} INFO - DAG(s) 'example_branch_labels' retrieved from /home/airflow/.local/lib/python3.12/site-packages/airflow/example_dags/example_branch_labels.py
[2025-02-27T03:05:53.943+0000] {logging_mixin.py:190} INFO - [2025-02-27T03:05:53.942+0000] {dag.py:3239} INFO - Sync 1 DAGs
[2025-02-27T03:05:54.052+0000] {logging_mixin.py:190} INFO - [2025-02-27T03:05:54.051+0000] {dag.py:4180} INFO - Setting next_dagrun for example_branch_labels to 2025-02-26 00:00:00+00:00, run_after=2025-02-27 00:00:00+00:00
[2025-02-27T03:05:54.164+0000] {processor.py:208} INFO - Processing /home/airflow/.local/lib/python3.12/site-packages/airflow/example_dags/example_branch_labels.py took 0.473 seconds
[2025-02-27T03:06:25.016+0000] {processor.py:186} INFO - Started process (PID=1554) to work on /home/airflow/.local/lib/python3.12/site-packages/airflow/example_dags/example_branch_labels.py
[2025-02-27T03:06:25.017+0000] {processor.py:914} INFO - Processing file /home/airflow/.local/lib/python3.12/site-packages/airflow/example_dags/example_branch_labels.py for tasks to queue
[2025-02-27T03:06:25.021+0000] {logging_mixin.py:190} INFO - [2025-02-27T03:06:25.021+0000] {dagbag.py:588} INFO - Filling up the DagBag from /home/airflow/.local/lib/python3.12/site-packages/airflow/example_dags/example_branch_labels.py
[2025-02-27T03:06:25.042+0000] {processor.py:925} INFO - DAG(s) 'example_branch_labels' retrieved from /home/airflow/.local/lib/python3.12/site-packages/airflow/example_dags/example_branch_labels.py
[2025-02-27T03:06:25.205+0000] {logging_mixin.py:190} INFO - [2025-02-27T03:06:25.204+0000] {dag.py:3239} INFO - Sync 1 DAGs
[2025-02-27T03:06:25.284+0000] {logging_mixin.py:190} INFO - [2025-02-27T03:06:25.284+0000] {dag.py:4180} INFO - Setting next_dagrun for example_branch_labels to 2025-02-26 00:00:00+00:00, run_after=2025-02-27 00:00:00+00:00
[2025-02-27T03:06:25.354+0000] {processor.py:208} INFO - Processing /home/airflow/.local/lib/python3.12/site-packages/airflow/example_dags/example_branch_labels.py took 0.348 seconds
[2025-02-27T03:06:56.416+0000] {processor.py:186} INFO - Started process (PID=1617) to work on /home/airflow/.local/lib/python3.12/site-packages/airflow/example_dags/example_branch_labels.py
[2025-02-27T03:06:56.418+0000] {processor.py:914} INFO - Processing file /home/airflow/.local/lib/python3.12/site-packages/airflow/example_dags/example_branch_labels.py for tasks to queue
[2025-02-27T03:06:56.424+0000] {logging_mixin.py:190} INFO - [2025-02-27T03:06:56.423+0000] {dagbag.py:588} INFO - Filling up the DagBag from /home/airflow/.local/lib/python3.12/site-packages/airflow/example_dags/example_branch_labels.py
[2025-02-27T03:06:56.446+0000] {processor.py:925} INFO - DAG(s) 'example_branch_labels' retrieved from /home/airflow/.local/lib/python3.12/site-packages/airflow/example_dags/example_branch_labels.py
[2025-02-27T03:06:56.682+0000] {logging_mixin.py:190} INFO - [2025-02-27T03:06:56.681+0000] {dag.py:3239} INFO - Sync 1 DAGs
[2025-02-27T03:06:56.811+0000] {logging_mixin.py:190} INFO - [2025-02-27T03:06:56.811+0000] {dag.py:4180} INFO - Setting next_dagrun for example_branch_labels to 2025-02-26 00:00:00+00:00, run_after=2025-02-27 00:00:00+00:00
[2025-02-27T03:06:56.876+0000] {processor.py:208} INFO - Processing /home/airflow/.local/lib/python3.12/site-packages/airflow/example_dags/example_branch_labels.py took 0.474 seconds
[2025-02-27T03:07:27.000+0000] {processor.py:186} INFO - Started process (PID=1679) to work on /home/airflow/.local/lib/python3.12/site-packages/airflow/example_dags/example_branch_labels.py
[2025-02-27T03:07:27.002+0000] {processor.py:914} INFO - Processing file /home/airflow/.local/lib/python3.12/site-packages/airflow/example_dags/example_branch_labels.py for tasks to queue
[2025-02-27T03:07:27.006+0000] {logging_mixin.py:190} INFO - [2025-02-27T03:07:27.006+0000] {dagbag.py:588} INFO - Filling up the DagBag from /home/airflow/.local/lib/python3.12/site-packages/airflow/example_dags/example_branch_labels.py
[2025-02-27T03:07:27.038+0000] {processor.py:925} INFO - DAG(s) 'example_branch_labels' retrieved from /home/airflow/.local/lib/python3.12/site-packages/airflow/example_dags/example_branch_labels.py
[2025-02-27T03:07:27.272+0000] {logging_mixin.py:190} INFO - [2025-02-27T03:07:27.272+0000] {dag.py:3239} INFO - Sync 1 DAGs
[2025-02-27T03:07:27.351+0000] {logging_mixin.py:190} INFO - [2025-02-27T03:07:27.350+0000] {dag.py:4180} INFO - Setting next_dagrun for example_branch_labels to 2025-02-26 00:00:00+00:00, run_after=2025-02-27 00:00:00+00:00
[2025-02-27T03:07:27.402+0000] {processor.py:208} INFO - Processing /home/airflow/.local/lib/python3.12/site-packages/airflow/example_dags/example_branch_labels.py took 0.415 seconds
[2025-02-27T03:07:57.690+0000] {processor.py:186} INFO - Started process (PID=1742) to work on /home/airflow/.local/lib/python3.12/site-packages/airflow/example_dags/example_branch_labels.py
[2025-02-27T03:07:57.691+0000] {processor.py:914} INFO - Processing file /home/airflow/.local/lib/python3.12/site-packages/airflow/example_dags/example_branch_labels.py for tasks to queue
[2025-02-27T03:07:57.695+0000] {logging_mixin.py:190} INFO - [2025-02-27T03:07:57.694+0000] {dagbag.py:588} INFO - Filling up the DagBag from /home/airflow/.local/lib/python3.12/site-packages/airflow/example_dags/example_branch_labels.py
[2025-02-27T03:07:57.711+0000] {processor.py:925} INFO - DAG(s) 'example_branch_labels' retrieved from /home/airflow/.local/lib/python3.12/site-packages/airflow/example_dags/example_branch_labels.py
[2025-02-27T03:07:57.872+0000] {logging_mixin.py:190} INFO - [2025-02-27T03:07:57.872+0000] {dag.py:3239} INFO - Sync 1 DAGs
[2025-02-27T03:07:57.959+0000] {logging_mixin.py:190} INFO - [2025-02-27T03:07:57.959+0000] {dag.py:4180} INFO - Setting next_dagrun for example_branch_labels to 2025-02-26 00:00:00+00:00, run_after=2025-02-27 00:00:00+00:00
[2025-02-27T03:07:58.014+0000] {processor.py:208} INFO - Processing /home/airflow/.local/lib/python3.12/site-packages/airflow/example_dags/example_branch_labels.py took 0.333 seconds
[2025-02-27T03:08:28.186+0000] {processor.py:186} INFO - Started process (PID=1805) to work on /home/airflow/.local/lib/python3.12/site-packages/airflow/example_dags/example_branch_labels.py
[2025-02-27T03:08:28.187+0000] {processor.py:914} INFO - Processing file /home/airflow/.local/lib/python3.12/site-packages/airflow/example_dags/example_branch_labels.py for tasks to queue
[2025-02-27T03:08:28.192+0000] {logging_mixin.py:190} INFO - [2025-02-27T03:08:28.191+0000] {dagbag.py:588} INFO - Filling up the DagBag from /home/airflow/.local/lib/python3.12/site-packages/airflow/example_dags/example_branch_labels.py
[2025-02-27T03:08:28.206+0000] {processor.py:925} INFO - DAG(s) 'example_branch_labels' retrieved from /home/airflow/.local/lib/python3.12/site-packages/airflow/example_dags/example_branch_labels.py
[2025-02-27T03:08:28.366+0000] {logging_mixin.py:190} INFO - [2025-02-27T03:08:28.365+0000] {dag.py:3239} INFO - Sync 1 DAGs
[2025-02-27T03:08:28.428+0000] {logging_mixin.py:190} INFO - [2025-02-27T03:08:28.428+0000] {dag.py:4180} INFO - Setting next_dagrun for example_branch_labels to 2025-02-26 00:00:00+00:00, run_after=2025-02-27 00:00:00+00:00
[2025-02-27T03:08:28.478+0000] {processor.py:208} INFO - Processing /home/airflow/.local/lib/python3.12/site-packages/airflow/example_dags/example_branch_labels.py took 0.301 seconds
[2025-02-27T03:08:58.822+0000] {processor.py:186} INFO - Started process (PID=1867) to work on /home/airflow/.local/lib/python3.12/site-packages/airflow/example_dags/example_branch_labels.py
[2025-02-27T03:08:58.824+0000] {processor.py:914} INFO - Processing file /home/airflow/.local/lib/python3.12/site-packages/airflow/example_dags/example_branch_labels.py for tasks to queue
[2025-02-27T03:08:58.827+0000] {logging_mixin.py:190} INFO - [2025-02-27T03:08:58.827+0000] {dagbag.py:588} INFO - Filling up the DagBag from /home/airflow/.local/lib/python3.12/site-packages/airflow/example_dags/example_branch_labels.py
[2025-02-27T03:08:58.843+0000] {processor.py:925} INFO - DAG(s) 'example_branch_labels' retrieved from /home/airflow/.local/lib/python3.12/site-packages/airflow/example_dags/example_branch_labels.py
[2025-02-27T03:08:58.998+0000] {logging_mixin.py:190} INFO - [2025-02-27T03:08:58.997+0000] {dag.py:3239} INFO - Sync 1 DAGs
[2025-02-27T03:08:59.067+0000] {logging_mixin.py:190} INFO - [2025-02-27T03:08:59.067+0000] {dag.py:4180} INFO - Setting next_dagrun for example_branch_labels to 2025-02-26 00:00:00+00:00, run_after=2025-02-27 00:00:00+00:00
[2025-02-27T03:08:59.124+0000] {processor.py:208} INFO - Processing /home/airflow/.local/lib/python3.12/site-packages/airflow/example_dags/example_branch_labels.py took 0.311 seconds
[2025-02-27T03:09:29.337+0000] {processor.py:186} INFO - Started process (PID=1930) to work on /home/airflow/.local/lib/python3.12/site-packages/airflow/example_dags/example_branch_labels.py
[2025-02-27T03:09:29.339+0000] {processor.py:914} INFO - Processing file /home/airflow/.local/lib/python3.12/site-packages/airflow/example_dags/example_branch_labels.py for tasks to queue
[2025-02-27T03:09:29.343+0000] {logging_mixin.py:190} INFO - [2025-02-27T03:09:29.343+0000] {dagbag.py:588} INFO - Filling up the DagBag from /home/airflow/.local/lib/python3.12/site-packages/airflow/example_dags/example_branch_labels.py
[2025-02-27T03:09:29.359+0000] {processor.py:925} INFO - DAG(s) 'example_branch_labels' retrieved from /home/airflow/.local/lib/python3.12/site-packages/airflow/example_dags/example_branch_labels.py
[2025-02-27T03:09:29.501+0000] {logging_mixin.py:190} INFO - [2025-02-27T03:09:29.500+0000] {dag.py:3239} INFO - Sync 1 DAGs
[2025-02-27T03:09:29.562+0000] {logging_mixin.py:190} INFO - [2025-02-27T03:09:29.562+0000] {dag.py:4180} INFO - Setting next_dagrun for example_branch_labels to 2025-02-26 00:00:00+00:00, run_after=2025-02-27 00:00:00+00:00
[2025-02-27T03:09:29.619+0000] {processor.py:208} INFO - Processing /home/airflow/.local/lib/python3.12/site-packages/airflow/example_dags/example_branch_labels.py took 0.289 seconds
[2025-02-27T03:10:00.443+0000] {processor.py:186} INFO - Started process (PID=1993) to work on /home/airflow/.local/lib/python3.12/site-packages/airflow/example_dags/example_branch_labels.py
[2025-02-27T03:10:00.445+0000] {processor.py:914} INFO - Processing file /home/airflow/.local/lib/python3.12/site-packages/airflow/example_dags/example_branch_labels.py for tasks to queue
[2025-02-27T03:10:00.450+0000] {logging_mixin.py:190} INFO - [2025-02-27T03:10:00.449+0000] {dagbag.py:588} INFO - Filling up the DagBag from /home/airflow/.local/lib/python3.12/site-packages/airflow/example_dags/example_branch_labels.py
[2025-02-27T03:10:00.471+0000] {processor.py:925} INFO - DAG(s) 'example_branch_labels' retrieved from /home/airflow/.local/lib/python3.12/site-packages/airflow/example_dags/example_branch_labels.py
[2025-02-27T03:10:00.611+0000] {logging_mixin.py:190} INFO - [2025-02-27T03:10:00.610+0000] {dag.py:3239} INFO - Sync 1 DAGs
[2025-02-27T03:10:00.670+0000] {logging_mixin.py:190} INFO - [2025-02-27T03:10:00.669+0000] {dag.py:4180} INFO - Setting next_dagrun for example_branch_labels to 2025-02-26 00:00:00+00:00, run_after=2025-02-27 00:00:00+00:00
[2025-02-27T03:10:00.731+0000] {processor.py:208} INFO - Processing /home/airflow/.local/lib/python3.12/site-packages/airflow/example_dags/example_branch_labels.py took 0.298 seconds
[2025-02-27T03:10:30.973+0000] {processor.py:186} INFO - Started process (PID=2056) to work on /home/airflow/.local/lib/python3.12/site-packages/airflow/example_dags/example_branch_labels.py
[2025-02-27T03:10:30.975+0000] {processor.py:914} INFO - Processing file /home/airflow/.local/lib/python3.12/site-packages/airflow/example_dags/example_branch_labels.py for tasks to queue
[2025-02-27T03:10:30.979+0000] {logging_mixin.py:190} INFO - [2025-02-27T03:10:30.978+0000] {dagbag.py:588} INFO - Filling up the DagBag from /home/airflow/.local/lib/python3.12/site-packages/airflow/example_dags/example_branch_labels.py
[2025-02-27T03:10:31.000+0000] {processor.py:925} INFO - DAG(s) 'example_branch_labels' retrieved from /home/airflow/.local/lib/python3.12/site-packages/airflow/example_dags/example_branch_labels.py
[2025-02-27T03:10:31.215+0000] {logging_mixin.py:190} INFO - [2025-02-27T03:10:31.214+0000] {dag.py:3239} INFO - Sync 1 DAGs
[2025-02-27T03:10:31.398+0000] {logging_mixin.py:190} INFO - [2025-02-27T03:10:31.397+0000] {dag.py:4180} INFO - Setting next_dagrun for example_branch_labels to 2025-02-26 00:00:00+00:00, run_after=2025-02-27 00:00:00+00:00
[2025-02-27T03:10:31.474+0000] {processor.py:208} INFO - Processing /home/airflow/.local/lib/python3.12/site-packages/airflow/example_dags/example_branch_labels.py took 0.512 seconds
[2025-02-27T03:11:01.730+0000] {processor.py:186} INFO - Started process (PID=2119) to work on /home/airflow/.local/lib/python3.12/site-packages/airflow/example_dags/example_branch_labels.py
[2025-02-27T03:11:01.731+0000] {processor.py:914} INFO - Processing file /home/airflow/.local/lib/python3.12/site-packages/airflow/example_dags/example_branch_labels.py for tasks to queue
[2025-02-27T03:11:01.737+0000] {logging_mixin.py:190} INFO - [2025-02-27T03:11:01.736+0000] {dagbag.py:588} INFO - Filling up the DagBag from /home/airflow/.local/lib/python3.12/site-packages/airflow/example_dags/example_branch_labels.py
[2025-02-27T03:11:01.762+0000] {processor.py:925} INFO - DAG(s) 'example_branch_labels' retrieved from /home/airflow/.local/lib/python3.12/site-packages/airflow/example_dags/example_branch_labels.py
[2025-02-27T03:11:01.988+0000] {logging_mixin.py:190} INFO - [2025-02-27T03:11:01.988+0000] {dag.py:3239} INFO - Sync 1 DAGs
[2025-02-27T03:11:02.133+0000] {logging_mixin.py:190} INFO - [2025-02-27T03:11:02.132+0000] {dag.py:4180} INFO - Setting next_dagrun for example_branch_labels to 2025-02-26 00:00:00+00:00, run_after=2025-02-27 00:00:00+00:00
[2025-02-27T03:11:02.203+0000] {processor.py:208} INFO - Processing /home/airflow/.local/lib/python3.12/site-packages/airflow/example_dags/example_branch_labels.py took 0.485 seconds
[2025-02-27T03:11:32.447+0000] {processor.py:186} INFO - Started process (PID=2182) to work on /home/airflow/.local/lib/python3.12/site-packages/airflow/example_dags/example_branch_labels.py
[2025-02-27T03:11:32.448+0000] {processor.py:914} INFO - Processing file /home/airflow/.local/lib/python3.12/site-packages/airflow/example_dags/example_branch_labels.py for tasks to queue
[2025-02-27T03:11:32.451+0000] {logging_mixin.py:190} INFO - [2025-02-27T03:11:32.451+0000] {dagbag.py:588} INFO - Filling up the DagBag from /home/airflow/.local/lib/python3.12/site-packages/airflow/example_dags/example_branch_labels.py
[2025-02-27T03:11:32.469+0000] {processor.py:925} INFO - DAG(s) 'example_branch_labels' retrieved from /home/airflow/.local/lib/python3.12/site-packages/airflow/example_dags/example_branch_labels.py
[2025-02-27T03:11:32.606+0000] {logging_mixin.py:190} INFO - [2025-02-27T03:11:32.605+0000] {dag.py:3239} INFO - Sync 1 DAGs
[2025-02-27T03:11:32.668+0000] {logging_mixin.py:190} INFO - [2025-02-27T03:11:32.668+0000] {dag.py:4180} INFO - Setting next_dagrun for example_branch_labels to 2025-02-26 00:00:00+00:00, run_after=2025-02-27 00:00:00+00:00
[2025-02-27T03:11:32.738+0000] {processor.py:208} INFO - Processing /home/airflow/.local/lib/python3.12/site-packages/airflow/example_dags/example_branch_labels.py took 0.301 seconds
[2025-02-27T03:12:05.699+0000] {processor.py:186} INFO - Started process (PID=2245) to work on /home/airflow/.local/lib/python3.12/site-packages/airflow/example_dags/example_branch_labels.py
[2025-02-27T03:12:05.703+0000] {processor.py:914} INFO - Processing file /home/airflow/.local/lib/python3.12/site-packages/airflow/example_dags/example_branch_labels.py for tasks to queue
[2025-02-27T03:12:05.709+0000] {logging_mixin.py:190} INFO - [2025-02-27T03:12:05.708+0000] {dagbag.py:588} INFO - Filling up the DagBag from /home/airflow/.local/lib/python3.12/site-packages/airflow/example_dags/example_branch_labels.py
[2025-02-27T03:12:05.745+0000] {processor.py:925} INFO - DAG(s) 'example_branch_labels' retrieved from /home/airflow/.local/lib/python3.12/site-packages/airflow/example_dags/example_branch_labels.py
[2025-02-27T03:12:06.129+0000] {logging_mixin.py:190} INFO - [2025-02-27T03:12:06.128+0000] {dag.py:3239} INFO - Sync 1 DAGs
[2025-02-27T03:12:06.367+0000] {logging_mixin.py:190} INFO - [2025-02-27T03:12:06.366+0000] {dag.py:4180} INFO - Setting next_dagrun for example_branch_labels to 2025-02-26 00:00:00+00:00, run_after=2025-02-27 00:00:00+00:00
[2025-02-27T03:12:06.530+0000] {processor.py:208} INFO - Processing /home/airflow/.local/lib/python3.12/site-packages/airflow/example_dags/example_branch_labels.py took 0.847 seconds
[2025-02-27T03:12:36.788+0000] {processor.py:186} INFO - Started process (PID=2308) to work on /home/airflow/.local/lib/python3.12/site-packages/airflow/example_dags/example_branch_labels.py
[2025-02-27T03:12:36.790+0000] {processor.py:914} INFO - Processing file /home/airflow/.local/lib/python3.12/site-packages/airflow/example_dags/example_branch_labels.py for tasks to queue
[2025-02-27T03:12:36.795+0000] {logging_mixin.py:190} INFO - [2025-02-27T03:12:36.794+0000] {dagbag.py:588} INFO - Filling up the DagBag from /home/airflow/.local/lib/python3.12/site-packages/airflow/example_dags/example_branch_labels.py
[2025-02-27T03:12:36.817+0000] {processor.py:925} INFO - DAG(s) 'example_branch_labels' retrieved from /home/airflow/.local/lib/python3.12/site-packages/airflow/example_dags/example_branch_labels.py
[2025-02-27T03:12:36.969+0000] {logging_mixin.py:190} INFO - [2025-02-27T03:12:36.968+0000] {dag.py:3239} INFO - Sync 1 DAGs
[2025-02-27T03:12:37.041+0000] {logging_mixin.py:190} INFO - [2025-02-27T03:12:37.041+0000] {dag.py:4180} INFO - Setting next_dagrun for example_branch_labels to 2025-02-26 00:00:00+00:00, run_after=2025-02-27 00:00:00+00:00
[2025-02-27T03:12:37.113+0000] {processor.py:208} INFO - Processing /home/airflow/.local/lib/python3.12/site-packages/airflow/example_dags/example_branch_labels.py took 0.337 seconds
[2025-02-27T03:13:08.065+0000] {processor.py:186} INFO - Started process (PID=2371) to work on /home/airflow/.local/lib/python3.12/site-packages/airflow/example_dags/example_branch_labels.py
[2025-02-27T03:13:08.067+0000] {processor.py:914} INFO - Processing file /home/airflow/.local/lib/python3.12/site-packages/airflow/example_dags/example_branch_labels.py for tasks to queue
[2025-02-27T03:13:08.071+0000] {logging_mixin.py:190} INFO - [2025-02-27T03:13:08.070+0000] {dagbag.py:588} INFO - Filling up the DagBag from /home/airflow/.local/lib/python3.12/site-packages/airflow/example_dags/example_branch_labels.py
[2025-02-27T03:13:08.090+0000] {processor.py:925} INFO - DAG(s) 'example_branch_labels' retrieved from /home/airflow/.local/lib/python3.12/site-packages/airflow/example_dags/example_branch_labels.py
[2025-02-27T03:13:08.244+0000] {logging_mixin.py:190} INFO - [2025-02-27T03:13:08.244+0000] {dag.py:3239} INFO - Sync 1 DAGs
[2025-02-27T03:13:08.316+0000] {logging_mixin.py:190} INFO - [2025-02-27T03:13:08.316+0000] {dag.py:4180} INFO - Setting next_dagrun for example_branch_labels to 2025-02-26 00:00:00+00:00, run_after=2025-02-27 00:00:00+00:00
[2025-02-27T03:13:08.384+0000] {processor.py:208} INFO - Processing /home/airflow/.local/lib/python3.12/site-packages/airflow/example_dags/example_branch_labels.py took 0.327 seconds
[2025-02-27T03:13:39.240+0000] {processor.py:186} INFO - Started process (PID=2434) to work on /home/airflow/.local/lib/python3.12/site-packages/airflow/example_dags/example_branch_labels.py
[2025-02-27T03:13:39.242+0000] {processor.py:914} INFO - Processing file /home/airflow/.local/lib/python3.12/site-packages/airflow/example_dags/example_branch_labels.py for tasks to queue
[2025-02-27T03:13:39.246+0000] {logging_mixin.py:190} INFO - [2025-02-27T03:13:39.245+0000] {dagbag.py:588} INFO - Filling up the DagBag from /home/airflow/.local/lib/python3.12/site-packages/airflow/example_dags/example_branch_labels.py
[2025-02-27T03:13:39.260+0000] {processor.py:925} INFO - DAG(s) 'example_branch_labels' retrieved from /home/airflow/.local/lib/python3.12/site-packages/airflow/example_dags/example_branch_labels.py
[2025-02-27T03:13:39.404+0000] {logging_mixin.py:190} INFO - [2025-02-27T03:13:39.404+0000] {dag.py:3239} INFO - Sync 1 DAGs
[2025-02-27T03:13:39.462+0000] {logging_mixin.py:190} INFO - [2025-02-27T03:13:39.462+0000] {dag.py:4180} INFO - Setting next_dagrun for example_branch_labels to 2025-02-26 00:00:00+00:00, run_after=2025-02-27 00:00:00+00:00
[2025-02-27T03:13:39.519+0000] {processor.py:208} INFO - Processing /home/airflow/.local/lib/python3.12/site-packages/airflow/example_dags/example_branch_labels.py took 0.289 seconds
[2025-02-27T03:14:09.693+0000] {processor.py:186} INFO - Started process (PID=2496) to work on /home/airflow/.local/lib/python3.12/site-packages/airflow/example_dags/example_branch_labels.py
[2025-02-27T03:14:09.695+0000] {processor.py:914} INFO - Processing file /home/airflow/.local/lib/python3.12/site-packages/airflow/example_dags/example_branch_labels.py for tasks to queue
[2025-02-27T03:14:09.698+0000] {logging_mixin.py:190} INFO - [2025-02-27T03:14:09.698+0000] {dagbag.py:588} INFO - Filling up the DagBag from /home/airflow/.local/lib/python3.12/site-packages/airflow/example_dags/example_branch_labels.py
[2025-02-27T03:14:09.713+0000] {processor.py:925} INFO - DAG(s) 'example_branch_labels' retrieved from /home/airflow/.local/lib/python3.12/site-packages/airflow/example_dags/example_branch_labels.py
[2025-02-27T03:14:09.871+0000] {logging_mixin.py:190} INFO - [2025-02-27T03:14:09.870+0000] {dag.py:3239} INFO - Sync 1 DAGs
[2025-02-27T03:14:09.937+0000] {logging_mixin.py:190} INFO - [2025-02-27T03:14:09.936+0000] {dag.py:4180} INFO - Setting next_dagrun for example_branch_labels to 2025-02-26 00:00:00+00:00, run_after=2025-02-27 00:00:00+00:00
[2025-02-27T03:14:10.003+0000] {processor.py:208} INFO - Processing /home/airflow/.local/lib/python3.12/site-packages/airflow/example_dags/example_branch_labels.py took 0.317 seconds
[2025-02-27T03:14:40.316+0000] {processor.py:186} INFO - Started process (PID=2559) to work on /home/airflow/.local/lib/python3.12/site-packages/airflow/example_dags/example_branch_labels.py
[2025-02-27T03:14:40.317+0000] {processor.py:914} INFO - Processing file /home/airflow/.local/lib/python3.12/site-packages/airflow/example_dags/example_branch_labels.py for tasks to queue
[2025-02-27T03:14:40.321+0000] {logging_mixin.py:190} INFO - [2025-02-27T03:14:40.320+0000] {dagbag.py:588} INFO - Filling up the DagBag from /home/airflow/.local/lib/python3.12/site-packages/airflow/example_dags/example_branch_labels.py
[2025-02-27T03:14:40.348+0000] {processor.py:925} INFO - DAG(s) 'example_branch_labels' retrieved from /home/airflow/.local/lib/python3.12/site-packages/airflow/example_dags/example_branch_labels.py
[2025-02-27T03:14:40.506+0000] {logging_mixin.py:190} INFO - [2025-02-27T03:14:40.506+0000] {dag.py:3239} INFO - Sync 1 DAGs
[2025-02-27T03:14:40.570+0000] {logging_mixin.py:190} INFO - [2025-02-27T03:14:40.570+0000] {dag.py:4180} INFO - Setting next_dagrun for example_branch_labels to 2025-02-26 00:00:00+00:00, run_after=2025-02-27 00:00:00+00:00
[2025-02-27T03:14:40.639+0000] {processor.py:208} INFO - Processing /home/airflow/.local/lib/python3.12/site-packages/airflow/example_dags/example_branch_labels.py took 0.331 seconds
[2025-02-27T03:15:10.989+0000] {processor.py:186} INFO - Started process (PID=2622) to work on /home/airflow/.local/lib/python3.12/site-packages/airflow/example_dags/example_branch_labels.py
[2025-02-27T03:15:10.991+0000] {processor.py:914} INFO - Processing file /home/airflow/.local/lib/python3.12/site-packages/airflow/example_dags/example_branch_labels.py for tasks to queue
[2025-02-27T03:15:10.996+0000] {logging_mixin.py:190} INFO - [2025-02-27T03:15:10.995+0000] {dagbag.py:588} INFO - Filling up the DagBag from /home/airflow/.local/lib/python3.12/site-packages/airflow/example_dags/example_branch_labels.py
[2025-02-27T03:15:11.018+0000] {processor.py:925} INFO - DAG(s) 'example_branch_labels' retrieved from /home/airflow/.local/lib/python3.12/site-packages/airflow/example_dags/example_branch_labels.py
[2025-02-27T03:15:11.171+0000] {logging_mixin.py:190} INFO - [2025-02-27T03:15:11.171+0000] {dag.py:3239} INFO - Sync 1 DAGs
[2025-02-27T03:15:11.247+0000] {logging_mixin.py:190} INFO - [2025-02-27T03:15:11.246+0000] {dag.py:4180} INFO - Setting next_dagrun for example_branch_labels to 2025-02-26 00:00:00+00:00, run_after=2025-02-27 00:00:00+00:00
[2025-02-27T03:15:11.307+0000] {processor.py:208} INFO - Processing /home/airflow/.local/lib/python3.12/site-packages/airflow/example_dags/example_branch_labels.py took 0.329 seconds
[2025-02-27T03:15:41.894+0000] {processor.py:186} INFO - Started process (PID=2684) to work on /home/airflow/.local/lib/python3.12/site-packages/airflow/example_dags/example_branch_labels.py
[2025-02-27T03:15:41.896+0000] {processor.py:914} INFO - Processing file /home/airflow/.local/lib/python3.12/site-packages/airflow/example_dags/example_branch_labels.py for tasks to queue
[2025-02-27T03:15:41.901+0000] {logging_mixin.py:190} INFO - [2025-02-27T03:15:41.900+0000] {dagbag.py:588} INFO - Filling up the DagBag from /home/airflow/.local/lib/python3.12/site-packages/airflow/example_dags/example_branch_labels.py
[2025-02-27T03:15:41.922+0000] {processor.py:925} INFO - DAG(s) 'example_branch_labels' retrieved from /home/airflow/.local/lib/python3.12/site-packages/airflow/example_dags/example_branch_labels.py
[2025-02-27T03:15:42.109+0000] {logging_mixin.py:190} INFO - [2025-02-27T03:15:42.109+0000] {dag.py:3239} INFO - Sync 1 DAGs
[2025-02-27T03:15:42.205+0000] {logging_mixin.py:190} INFO - [2025-02-27T03:15:42.204+0000] {dag.py:4180} INFO - Setting next_dagrun for example_branch_labels to 2025-02-26 00:00:00+00:00, run_after=2025-02-27 00:00:00+00:00
[2025-02-27T03:15:42.295+0000] {processor.py:208} INFO - Processing /home/airflow/.local/lib/python3.12/site-packages/airflow/example_dags/example_branch_labels.py took 0.413 seconds
[2025-02-27T03:16:12.613+0000] {processor.py:186} INFO - Started process (PID=2747) to work on /home/airflow/.local/lib/python3.12/site-packages/airflow/example_dags/example_branch_labels.py
[2025-02-27T03:16:12.615+0000] {processor.py:914} INFO - Processing file /home/airflow/.local/lib/python3.12/site-packages/airflow/example_dags/example_branch_labels.py for tasks to queue
[2025-02-27T03:16:12.619+0000] {logging_mixin.py:190} INFO - [2025-02-27T03:16:12.619+0000] {dagbag.py:588} INFO - Filling up the DagBag from /home/airflow/.local/lib/python3.12/site-packages/airflow/example_dags/example_branch_labels.py
[2025-02-27T03:16:12.634+0000] {processor.py:925} INFO - DAG(s) 'example_branch_labels' retrieved from /home/airflow/.local/lib/python3.12/site-packages/airflow/example_dags/example_branch_labels.py
[2025-02-27T03:16:12.769+0000] {logging_mixin.py:190} INFO - [2025-02-27T03:16:12.769+0000] {dag.py:3239} INFO - Sync 1 DAGs
[2025-02-27T03:16:12.833+0000] {logging_mixin.py:190} INFO - [2025-02-27T03:16:12.833+0000] {dag.py:4180} INFO - Setting next_dagrun for example_branch_labels to 2025-02-26 00:00:00+00:00, run_after=2025-02-27 00:00:00+00:00
[2025-02-27T03:16:12.890+0000] {processor.py:208} INFO - Processing /home/airflow/.local/lib/python3.12/site-packages/airflow/example_dags/example_branch_labels.py took 0.284 seconds
[2025-02-27T03:16:43.635+0000] {processor.py:186} INFO - Started process (PID=2810) to work on /home/airflow/.local/lib/python3.12/site-packages/airflow/example_dags/example_branch_labels.py
[2025-02-27T03:16:43.637+0000] {processor.py:914} INFO - Processing file /home/airflow/.local/lib/python3.12/site-packages/airflow/example_dags/example_branch_labels.py for tasks to queue
[2025-02-27T03:16:43.640+0000] {logging_mixin.py:190} INFO - [2025-02-27T03:16:43.640+0000] {dagbag.py:588} INFO - Filling up the DagBag from /home/airflow/.local/lib/python3.12/site-packages/airflow/example_dags/example_branch_labels.py
[2025-02-27T03:16:43.658+0000] {processor.py:925} INFO - DAG(s) 'example_branch_labels' retrieved from /home/airflow/.local/lib/python3.12/site-packages/airflow/example_dags/example_branch_labels.py
[2025-02-27T03:16:43.794+0000] {logging_mixin.py:190} INFO - [2025-02-27T03:16:43.794+0000] {dag.py:3239} INFO - Sync 1 DAGs
[2025-02-27T03:16:43.856+0000] {logging_mixin.py:190} INFO - [2025-02-27T03:16:43.856+0000] {dag.py:4180} INFO - Setting next_dagrun for example_branch_labels to 2025-02-26 00:00:00+00:00, run_after=2025-02-27 00:00:00+00:00
[2025-02-27T03:16:43.918+0000] {processor.py:208} INFO - Processing /home/airflow/.local/lib/python3.12/site-packages/airflow/example_dags/example_branch_labels.py took 0.291 seconds
[2025-02-27T03:17:14.118+0000] {processor.py:186} INFO - Started process (PID=2873) to work on /home/airflow/.local/lib/python3.12/site-packages/airflow/example_dags/example_branch_labels.py
[2025-02-27T03:17:14.120+0000] {processor.py:914} INFO - Processing file /home/airflow/.local/lib/python3.12/site-packages/airflow/example_dags/example_branch_labels.py for tasks to queue
[2025-02-27T03:17:14.124+0000] {logging_mixin.py:190} INFO - [2025-02-27T03:17:14.123+0000] {dagbag.py:588} INFO - Filling up the DagBag from /home/airflow/.local/lib/python3.12/site-packages/airflow/example_dags/example_branch_labels.py
[2025-02-27T03:17:14.137+0000] {processor.py:925} INFO - DAG(s) 'example_branch_labels' retrieved from /home/airflow/.local/lib/python3.12/site-packages/airflow/example_dags/example_branch_labels.py
[2025-02-27T03:17:14.277+0000] {logging_mixin.py:190} INFO - [2025-02-27T03:17:14.277+0000] {dag.py:3239} INFO - Sync 1 DAGs
[2025-02-27T03:17:14.373+0000] {logging_mixin.py:190} INFO - [2025-02-27T03:17:14.373+0000] {dag.py:4180} INFO - Setting next_dagrun for example_branch_labels to 2025-02-26 00:00:00+00:00, run_after=2025-02-27 00:00:00+00:00
[2025-02-27T03:17:14.486+0000] {processor.py:208} INFO - Processing /home/airflow/.local/lib/python3.12/site-packages/airflow/example_dags/example_branch_labels.py took 0.375 seconds
[2025-02-27T03:17:44.579+0000] {processor.py:186} INFO - Started process (PID=2936) to work on /home/airflow/.local/lib/python3.12/site-packages/airflow/example_dags/example_branch_labels.py
[2025-02-27T03:17:44.582+0000] {processor.py:914} INFO - Processing file /home/airflow/.local/lib/python3.12/site-packages/airflow/example_dags/example_branch_labels.py for tasks to queue
[2025-02-27T03:17:44.587+0000] {logging_mixin.py:190} INFO - [2025-02-27T03:17:44.586+0000] {dagbag.py:588} INFO - Filling up the DagBag from /home/airflow/.local/lib/python3.12/site-packages/airflow/example_dags/example_branch_labels.py
[2025-02-27T03:17:44.608+0000] {processor.py:925} INFO - DAG(s) 'example_branch_labels' retrieved from /home/airflow/.local/lib/python3.12/site-packages/airflow/example_dags/example_branch_labels.py
[2025-02-27T03:17:44.769+0000] {logging_mixin.py:190} INFO - [2025-02-27T03:17:44.768+0000] {dag.py:3239} INFO - Sync 1 DAGs
[2025-02-27T03:17:44.848+0000] {logging_mixin.py:190} INFO - [2025-02-27T03:17:44.847+0000] {dag.py:4180} INFO - Setting next_dagrun for example_branch_labels to 2025-02-26 00:00:00+00:00, run_after=2025-02-27 00:00:00+00:00
[2025-02-27T03:17:44.924+0000] {processor.py:208} INFO - Processing /home/airflow/.local/lib/python3.12/site-packages/airflow/example_dags/example_branch_labels.py took 0.358 seconds
[2025-02-27T03:18:15.476+0000] {processor.py:186} INFO - Started process (PID=2999) to work on /home/airflow/.local/lib/python3.12/site-packages/airflow/example_dags/example_branch_labels.py
[2025-02-27T03:18:15.478+0000] {processor.py:914} INFO - Processing file /home/airflow/.local/lib/python3.12/site-packages/airflow/example_dags/example_branch_labels.py for tasks to queue
[2025-02-27T03:18:15.482+0000] {logging_mixin.py:190} INFO - [2025-02-27T03:18:15.482+0000] {dagbag.py:588} INFO - Filling up the DagBag from /home/airflow/.local/lib/python3.12/site-packages/airflow/example_dags/example_branch_labels.py
[2025-02-27T03:18:15.498+0000] {processor.py:925} INFO - DAG(s) 'example_branch_labels' retrieved from /home/airflow/.local/lib/python3.12/site-packages/airflow/example_dags/example_branch_labels.py
[2025-02-27T03:18:15.645+0000] {logging_mixin.py:190} INFO - [2025-02-27T03:18:15.645+0000] {dag.py:3239} INFO - Sync 1 DAGs
[2025-02-27T03:18:15.717+0000] {logging_mixin.py:190} INFO - [2025-02-27T03:18:15.717+0000] {dag.py:4180} INFO - Setting next_dagrun for example_branch_labels to 2025-02-26 00:00:00+00:00, run_after=2025-02-27 00:00:00+00:00
[2025-02-27T03:18:15.770+0000] {processor.py:208} INFO - Processing /home/airflow/.local/lib/python3.12/site-packages/airflow/example_dags/example_branch_labels.py took 0.302 seconds
[2025-02-27T03:18:46.152+0000] {processor.py:186} INFO - Started process (PID=3062) to work on /home/airflow/.local/lib/python3.12/site-packages/airflow/example_dags/example_branch_labels.py
[2025-02-27T03:18:46.153+0000] {processor.py:914} INFO - Processing file /home/airflow/.local/lib/python3.12/site-packages/airflow/example_dags/example_branch_labels.py for tasks to queue
[2025-02-27T03:18:46.157+0000] {logging_mixin.py:190} INFO - [2025-02-27T03:18:46.156+0000] {dagbag.py:588} INFO - Filling up the DagBag from /home/airflow/.local/lib/python3.12/site-packages/airflow/example_dags/example_branch_labels.py
[2025-02-27T03:18:46.172+0000] {processor.py:925} INFO - DAG(s) 'example_branch_labels' retrieved from /home/airflow/.local/lib/python3.12/site-packages/airflow/example_dags/example_branch_labels.py
[2025-02-27T03:18:46.326+0000] {logging_mixin.py:190} INFO - [2025-02-27T03:18:46.326+0000] {dag.py:3239} INFO - Sync 1 DAGs
[2025-02-27T03:18:46.386+0000] {logging_mixin.py:190} INFO - [2025-02-27T03:18:46.386+0000] {dag.py:4180} INFO - Setting next_dagrun for example_branch_labels to 2025-02-26 00:00:00+00:00, run_after=2025-02-27 00:00:00+00:00
[2025-02-27T03:18:46.446+0000] {processor.py:208} INFO - Processing /home/airflow/.local/lib/python3.12/site-packages/airflow/example_dags/example_branch_labels.py took 0.302 seconds
[2025-02-27T03:19:17.530+0000] {processor.py:186} INFO - Started process (PID=3125) to work on /home/airflow/.local/lib/python3.12/site-packages/airflow/example_dags/example_branch_labels.py
[2025-02-27T03:19:17.532+0000] {processor.py:914} INFO - Processing file /home/airflow/.local/lib/python3.12/site-packages/airflow/example_dags/example_branch_labels.py for tasks to queue
[2025-02-27T03:19:17.537+0000] {logging_mixin.py:190} INFO - [2025-02-27T03:19:17.536+0000] {dagbag.py:588} INFO - Filling up the DagBag from /home/airflow/.local/lib/python3.12/site-packages/airflow/example_dags/example_branch_labels.py
[2025-02-27T03:19:17.558+0000] {processor.py:925} INFO - DAG(s) 'example_branch_labels' retrieved from /home/airflow/.local/lib/python3.12/site-packages/airflow/example_dags/example_branch_labels.py
[2025-02-27T03:19:17.746+0000] {logging_mixin.py:190} INFO - [2025-02-27T03:19:17.746+0000] {dag.py:3239} INFO - Sync 1 DAGs
[2025-02-27T03:19:17.847+0000] {logging_mixin.py:190} INFO - [2025-02-27T03:19:17.847+0000] {dag.py:4180} INFO - Setting next_dagrun for example_branch_labels to 2025-02-26 00:00:00+00:00, run_after=2025-02-27 00:00:00+00:00
[2025-02-27T03:19:17.903+0000] {processor.py:208} INFO - Processing /home/airflow/.local/lib/python3.12/site-packages/airflow/example_dags/example_branch_labels.py took 0.383 seconds
[2025-02-27T03:19:49.022+0000] {processor.py:186} INFO - Started process (PID=3190) to work on /home/airflow/.local/lib/python3.12/site-packages/airflow/example_dags/example_branch_labels.py
[2025-02-27T03:19:49.024+0000] {processor.py:914} INFO - Processing file /home/airflow/.local/lib/python3.12/site-packages/airflow/example_dags/example_branch_labels.py for tasks to queue
[2025-02-27T03:19:49.028+0000] {logging_mixin.py:190} INFO - [2025-02-27T03:19:49.027+0000] {dagbag.py:588} INFO - Filling up the DagBag from /home/airflow/.local/lib/python3.12/site-packages/airflow/example_dags/example_branch_labels.py
[2025-02-27T03:19:49.046+0000] {processor.py:925} INFO - DAG(s) 'example_branch_labels' retrieved from /home/airflow/.local/lib/python3.12/site-packages/airflow/example_dags/example_branch_labels.py
[2025-02-27T03:19:49.179+0000] {logging_mixin.py:190} INFO - [2025-02-27T03:19:49.178+0000] {dag.py:3239} INFO - Sync 1 DAGs
[2025-02-27T03:19:49.233+0000] {logging_mixin.py:190} INFO - [2025-02-27T03:19:49.232+0000] {dag.py:4180} INFO - Setting next_dagrun for example_branch_labels to 2025-02-26 00:00:00+00:00, run_after=2025-02-27 00:00:00+00:00
[2025-02-27T03:19:49.303+0000] {processor.py:208} INFO - Processing /home/airflow/.local/lib/python3.12/site-packages/airflow/example_dags/example_branch_labels.py took 0.293 seconds
[2025-02-27T03:20:19.842+0000] {processor.py:186} INFO - Started process (PID=3253) to work on /home/airflow/.local/lib/python3.12/site-packages/airflow/example_dags/example_branch_labels.py
[2025-02-27T03:20:19.844+0000] {processor.py:914} INFO - Processing file /home/airflow/.local/lib/python3.12/site-packages/airflow/example_dags/example_branch_labels.py for tasks to queue
[2025-02-27T03:20:19.847+0000] {logging_mixin.py:190} INFO - [2025-02-27T03:20:19.847+0000] {dagbag.py:588} INFO - Filling up the DagBag from /home/airflow/.local/lib/python3.12/site-packages/airflow/example_dags/example_branch_labels.py
[2025-02-27T03:20:19.862+0000] {processor.py:925} INFO - DAG(s) 'example_branch_labels' retrieved from /home/airflow/.local/lib/python3.12/site-packages/airflow/example_dags/example_branch_labels.py
[2025-02-27T03:20:19.989+0000] {logging_mixin.py:190} INFO - [2025-02-27T03:20:19.989+0000] {dag.py:3239} INFO - Sync 1 DAGs
[2025-02-27T03:20:20.045+0000] {logging_mixin.py:190} INFO - [2025-02-27T03:20:20.045+0000] {dag.py:4180} INFO - Setting next_dagrun for example_branch_labels to 2025-02-26 00:00:00+00:00, run_after=2025-02-27 00:00:00+00:00
[2025-02-27T03:20:20.090+0000] {processor.py:208} INFO - Processing /home/airflow/.local/lib/python3.12/site-packages/airflow/example_dags/example_branch_labels.py took 0.258 seconds
[2025-02-27T03:20:50.152+0000] {processor.py:186} INFO - Started process (PID=3315) to work on /home/airflow/.local/lib/python3.12/site-packages/airflow/example_dags/example_branch_labels.py
[2025-02-27T03:20:50.154+0000] {processor.py:914} INFO - Processing file /home/airflow/.local/lib/python3.12/site-packages/airflow/example_dags/example_branch_labels.py for tasks to queue
[2025-02-27T03:20:50.158+0000] {logging_mixin.py:190} INFO - [2025-02-27T03:20:50.157+0000] {dagbag.py:588} INFO - Filling up the DagBag from /home/airflow/.local/lib/python3.12/site-packages/airflow/example_dags/example_branch_labels.py
[2025-02-27T03:20:50.171+0000] {processor.py:925} INFO - DAG(s) 'example_branch_labels' retrieved from /home/airflow/.local/lib/python3.12/site-packages/airflow/example_dags/example_branch_labels.py
[2025-02-27T03:20:50.363+0000] {logging_mixin.py:190} INFO - [2025-02-27T03:20:50.362+0000] {dag.py:3239} INFO - Sync 1 DAGs
[2025-02-27T03:20:50.440+0000] {logging_mixin.py:190} INFO - [2025-02-27T03:20:50.439+0000] {dag.py:4180} INFO - Setting next_dagrun for example_branch_labels to 2025-02-26 00:00:00+00:00, run_after=2025-02-27 00:00:00+00:00
[2025-02-27T03:20:50.493+0000] {processor.py:208} INFO - Processing /home/airflow/.local/lib/python3.12/site-packages/airflow/example_dags/example_branch_labels.py took 0.351 seconds
