[2025-02-27T02:51:40.079+0000] {processor.py:186} INFO - Started process (PID=126) to work on /home/airflow/.local/lib/python3.12/site-packages/airflow/example_dags/example_display_name.py
[2025-02-27T02:51:40.083+0000] {processor.py:914} INFO - Processing file /home/airflow/.local/lib/python3.12/site-packages/airflow/example_dags/example_display_name.py for tasks to queue
[2025-02-27T02:51:40.089+0000] {logging_mixin.py:190} INFO - [2025-02-27T02:51:40.088+0000] {dagbag.py:588} INFO - Filling up the DagBag from /home/airflow/.local/lib/python3.12/site-packages/airflow/example_dags/example_display_name.py
[2025-02-27T02:51:40.114+0000] {processor.py:925} INFO - DAG(s) 'example_display_name' retrieved from /home/airflow/.local/lib/python3.12/site-packages/airflow/example_dags/example_display_name.py
[2025-02-27T02:51:40.455+0000] {logging_mixin.py:190} INFO - [2025-02-27T02:51:40.449+0000] {override.py:1912} INFO - Created Permission View: can delete on DAG:example_display_name
[2025-02-27T02:51:40.495+0000] {logging_mixin.py:190} INFO - [2025-02-27T02:51:40.493+0000] {override.py:1912} INFO - Created Permission View: can read on DAG:example_display_name
[2025-02-27T02:51:40.529+0000] {logging_mixin.py:190} INFO - [2025-02-27T02:51:40.528+0000] {override.py:1912} INFO - Created Permission View: can edit on DAG:example_display_name
[2025-02-27T02:51:40.570+0000] {logging_mixin.py:190} INFO - [2025-02-27T02:51:40.570+0000] {override.py:1912} INFO - Created Permission View: menu access on DAG Run:example_display_name
[2025-02-27T02:51:40.600+0000] {logging_mixin.py:190} INFO - [2025-02-27T02:51:40.597+0000] {override.py:1912} INFO - Created Permission View: can delete on DAG Run:example_display_name
[2025-02-27T02:51:40.630+0000] {logging_mixin.py:190} INFO - [2025-02-27T02:51:40.630+0000] {override.py:1912} INFO - Created Permission View: can read on DAG Run:example_display_name
[2025-02-27T02:51:40.655+0000] {logging_mixin.py:190} INFO - [2025-02-27T02:51:40.654+0000] {override.py:1912} INFO - Created Permission View: can create on DAG Run:example_display_name
[2025-02-27T02:51:40.657+0000] {logging_mixin.py:190} INFO - [2025-02-27T02:51:40.656+0000] {dag.py:3239} INFO - Sync 1 DAGs
[2025-02-27T02:51:40.699+0000] {logging_mixin.py:190} INFO - [2025-02-27T02:51:40.699+0000] {dag.py:3262} INFO - Creating ORM DAG for example_display_name
[2025-02-27T02:51:40.702+0000] {logging_mixin.py:190} INFO - [2025-02-27T02:51:40.701+0000] {dag.py:4180} INFO - Setting next_dagrun for example_display_name to None, run_after=None
[2025-02-27T02:51:40.750+0000] {processor.py:208} INFO - Processing /home/airflow/.local/lib/python3.12/site-packages/airflow/example_dags/example_display_name.py took 0.694 seconds
[2025-02-27T02:54:29.604+0000] {processor.py:186} INFO - Started process (PID=128) to work on /home/airflow/.local/lib/python3.12/site-packages/airflow/example_dags/example_display_name.py
[2025-02-27T02:54:29.606+0000] {processor.py:914} INFO - Processing file /home/airflow/.local/lib/python3.12/site-packages/airflow/example_dags/example_display_name.py for tasks to queue
[2025-02-27T02:54:29.621+0000] {logging_mixin.py:190} INFO - [2025-02-27T02:54:29.610+0000] {dagbag.py:588} INFO - Filling up the DagBag from /home/airflow/.local/lib/python3.12/site-packages/airflow/example_dags/example_display_name.py
[2025-02-27T02:54:29.642+0000] {processor.py:925} INFO - DAG(s) 'example_display_name' retrieved from /home/airflow/.local/lib/python3.12/site-packages/airflow/example_dags/example_display_name.py
[2025-02-27T02:54:30.048+0000] {logging_mixin.py:190} INFO - [2025-02-27T02:54:30.046+0000] {override.py:1912} INFO - Created Permission View: can read on DAG:example_display_name
[2025-02-27T02:54:30.092+0000] {logging_mixin.py:190} INFO - [2025-02-27T02:54:30.091+0000] {override.py:1912} INFO - Created Permission View: can delete on DAG:example_display_name
[2025-02-27T02:54:30.117+0000] {logging_mixin.py:190} INFO - [2025-02-27T02:54:30.116+0000] {override.py:1912} INFO - Created Permission View: can edit on DAG:example_display_name
[2025-02-27T02:54:30.161+0000] {logging_mixin.py:190} INFO - [2025-02-27T02:54:30.160+0000] {override.py:1912} INFO - Created Permission View: can read on DAG Run:example_display_name
[2025-02-27T02:54:30.182+0000] {logging_mixin.py:190} INFO - [2025-02-27T02:54:30.181+0000] {override.py:1912} INFO - Created Permission View: menu access on DAG Run:example_display_name
[2025-02-27T02:54:30.225+0000] {logging_mixin.py:190} INFO - [2025-02-27T02:54:30.224+0000] {override.py:1912} INFO - Created Permission View: can delete on DAG Run:example_display_name
[2025-02-27T02:54:30.246+0000] {logging_mixin.py:190} INFO - [2025-02-27T02:54:30.245+0000] {override.py:1912} INFO - Created Permission View: can create on DAG Run:example_display_name
[2025-02-27T02:54:30.247+0000] {logging_mixin.py:190} INFO - [2025-02-27T02:54:30.247+0000] {dag.py:3239} INFO - Sync 1 DAGs
[2025-02-27T02:54:30.305+0000] {logging_mixin.py:190} INFO - [2025-02-27T02:54:30.304+0000] {dag.py:3262} INFO - Creating ORM DAG for example_display_name
[2025-02-27T02:54:30.306+0000] {logging_mixin.py:190} INFO - [2025-02-27T02:54:30.306+0000] {dag.py:4180} INFO - Setting next_dagrun for example_display_name to None, run_after=None
[2025-02-27T02:54:30.377+0000] {processor.py:208} INFO - Processing /home/airflow/.local/lib/python3.12/site-packages/airflow/example_dags/example_display_name.py took 0.792 seconds
[2025-02-27T02:55:00.538+0000] {processor.py:186} INFO - Started process (PID=191) to work on /home/airflow/.local/lib/python3.12/site-packages/airflow/example_dags/example_display_name.py
[2025-02-27T02:55:00.542+0000] {processor.py:914} INFO - Processing file /home/airflow/.local/lib/python3.12/site-packages/airflow/example_dags/example_display_name.py for tasks to queue
[2025-02-27T02:55:00.547+0000] {logging_mixin.py:190} INFO - [2025-02-27T02:55:00.546+0000] {dagbag.py:588} INFO - Filling up the DagBag from /home/airflow/.local/lib/python3.12/site-packages/airflow/example_dags/example_display_name.py
[2025-02-27T02:55:00.569+0000] {processor.py:925} INFO - DAG(s) 'example_display_name' retrieved from /home/airflow/.local/lib/python3.12/site-packages/airflow/example_dags/example_display_name.py
[2025-02-27T02:55:00.813+0000] {logging_mixin.py:190} INFO - [2025-02-27T02:55:00.812+0000] {dag.py:3239} INFO - Sync 1 DAGs
[2025-02-27T02:55:00.874+0000] {logging_mixin.py:190} INFO - [2025-02-27T02:55:00.873+0000] {dag.py:4180} INFO - Setting next_dagrun for example_display_name to None, run_after=None
[2025-02-27T02:55:00.963+0000] {processor.py:208} INFO - Processing /home/airflow/.local/lib/python3.12/site-packages/airflow/example_dags/example_display_name.py took 0.444 seconds
[2025-02-27T02:55:31.278+0000] {processor.py:186} INFO - Started process (PID=254) to work on /home/airflow/.local/lib/python3.12/site-packages/airflow/example_dags/example_display_name.py
[2025-02-27T02:55:31.281+0000] {processor.py:914} INFO - Processing file /home/airflow/.local/lib/python3.12/site-packages/airflow/example_dags/example_display_name.py for tasks to queue
[2025-02-27T02:55:31.289+0000] {logging_mixin.py:190} INFO - [2025-02-27T02:55:31.289+0000] {dagbag.py:588} INFO - Filling up the DagBag from /home/airflow/.local/lib/python3.12/site-packages/airflow/example_dags/example_display_name.py
[2025-02-27T02:55:31.316+0000] {processor.py:925} INFO - DAG(s) 'example_display_name' retrieved from /home/airflow/.local/lib/python3.12/site-packages/airflow/example_dags/example_display_name.py
[2025-02-27T02:55:31.542+0000] {logging_mixin.py:190} INFO - [2025-02-27T02:55:31.542+0000] {dag.py:3239} INFO - Sync 1 DAGs
[2025-02-27T02:55:31.629+0000] {logging_mixin.py:190} INFO - [2025-02-27T02:55:31.629+0000] {dag.py:4180} INFO - Setting next_dagrun for example_display_name to None, run_after=None
[2025-02-27T02:55:31.703+0000] {processor.py:208} INFO - Processing /home/airflow/.local/lib/python3.12/site-packages/airflow/example_dags/example_display_name.py took 0.441 seconds
[2025-02-27T02:56:02.023+0000] {processor.py:186} INFO - Started process (PID=317) to work on /home/airflow/.local/lib/python3.12/site-packages/airflow/example_dags/example_display_name.py
[2025-02-27T02:56:02.024+0000] {processor.py:914} INFO - Processing file /home/airflow/.local/lib/python3.12/site-packages/airflow/example_dags/example_display_name.py for tasks to queue
[2025-02-27T02:56:02.029+0000] {logging_mixin.py:190} INFO - [2025-02-27T02:56:02.028+0000] {dagbag.py:588} INFO - Filling up the DagBag from /home/airflow/.local/lib/python3.12/site-packages/airflow/example_dags/example_display_name.py
[2025-02-27T02:56:02.042+0000] {processor.py:925} INFO - DAG(s) 'example_display_name' retrieved from /home/airflow/.local/lib/python3.12/site-packages/airflow/example_dags/example_display_name.py
[2025-02-27T02:56:02.189+0000] {logging_mixin.py:190} INFO - [2025-02-27T02:56:02.188+0000] {dag.py:3239} INFO - Sync 1 DAGs
[2025-02-27T02:56:02.237+0000] {logging_mixin.py:190} INFO - [2025-02-27T02:56:02.236+0000] {dag.py:4180} INFO - Setting next_dagrun for example_display_name to None, run_after=None
[2025-02-27T02:56:02.322+0000] {processor.py:208} INFO - Processing /home/airflow/.local/lib/python3.12/site-packages/airflow/example_dags/example_display_name.py took 0.308 seconds
[2025-02-27T02:56:32.390+0000] {processor.py:186} INFO - Started process (PID=380) to work on /home/airflow/.local/lib/python3.12/site-packages/airflow/example_dags/example_display_name.py
[2025-02-27T02:56:32.391+0000] {processor.py:914} INFO - Processing file /home/airflow/.local/lib/python3.12/site-packages/airflow/example_dags/example_display_name.py for tasks to queue
[2025-02-27T02:56:32.395+0000] {logging_mixin.py:190} INFO - [2025-02-27T02:56:32.394+0000] {dagbag.py:588} INFO - Filling up the DagBag from /home/airflow/.local/lib/python3.12/site-packages/airflow/example_dags/example_display_name.py
[2025-02-27T02:56:32.409+0000] {processor.py:925} INFO - DAG(s) 'example_display_name' retrieved from /home/airflow/.local/lib/python3.12/site-packages/airflow/example_dags/example_display_name.py
[2025-02-27T02:56:32.575+0000] {logging_mixin.py:190} INFO - [2025-02-27T02:56:32.574+0000] {dag.py:3239} INFO - Sync 1 DAGs
[2025-02-27T02:56:32.642+0000] {logging_mixin.py:190} INFO - [2025-02-27T02:56:32.642+0000] {dag.py:4180} INFO - Setting next_dagrun for example_display_name to None, run_after=None
[2025-02-27T02:56:32.712+0000] {processor.py:208} INFO - Processing /home/airflow/.local/lib/python3.12/site-packages/airflow/example_dags/example_display_name.py took 0.332 seconds
[2025-02-27T02:57:02.807+0000] {processor.py:186} INFO - Started process (PID=442) to work on /home/airflow/.local/lib/python3.12/site-packages/airflow/example_dags/example_display_name.py
[2025-02-27T02:57:02.808+0000] {processor.py:914} INFO - Processing file /home/airflow/.local/lib/python3.12/site-packages/airflow/example_dags/example_display_name.py for tasks to queue
[2025-02-27T02:57:02.811+0000] {logging_mixin.py:190} INFO - [2025-02-27T02:57:02.810+0000] {dagbag.py:588} INFO - Filling up the DagBag from /home/airflow/.local/lib/python3.12/site-packages/airflow/example_dags/example_display_name.py
[2025-02-27T02:57:02.822+0000] {processor.py:925} INFO - DAG(s) 'example_display_name' retrieved from /home/airflow/.local/lib/python3.12/site-packages/airflow/example_dags/example_display_name.py
[2025-02-27T02:57:02.965+0000] {logging_mixin.py:190} INFO - [2025-02-27T02:57:02.964+0000] {dag.py:3239} INFO - Sync 1 DAGs
[2025-02-27T02:57:03.000+0000] {logging_mixin.py:190} INFO - [2025-02-27T02:57:03.000+0000] {dag.py:4180} INFO - Setting next_dagrun for example_display_name to None, run_after=None
[2025-02-27T02:57:03.050+0000] {processor.py:208} INFO - Processing /home/airflow/.local/lib/python3.12/site-packages/airflow/example_dags/example_display_name.py took 0.251 seconds
[2025-02-27T02:57:33.342+0000] {processor.py:186} INFO - Started process (PID=505) to work on /home/airflow/.local/lib/python3.12/site-packages/airflow/example_dags/example_display_name.py
[2025-02-27T02:57:33.344+0000] {processor.py:914} INFO - Processing file /home/airflow/.local/lib/python3.12/site-packages/airflow/example_dags/example_display_name.py for tasks to queue
[2025-02-27T02:57:33.348+0000] {logging_mixin.py:190} INFO - [2025-02-27T02:57:33.347+0000] {dagbag.py:588} INFO - Filling up the DagBag from /home/airflow/.local/lib/python3.12/site-packages/airflow/example_dags/example_display_name.py
[2025-02-27T02:57:33.364+0000] {processor.py:925} INFO - DAG(s) 'example_display_name' retrieved from /home/airflow/.local/lib/python3.12/site-packages/airflow/example_dags/example_display_name.py
[2025-02-27T02:57:33.554+0000] {logging_mixin.py:190} INFO - [2025-02-27T02:57:33.554+0000] {dag.py:3239} INFO - Sync 1 DAGs
[2025-02-27T02:57:33.606+0000] {logging_mixin.py:190} INFO - [2025-02-27T02:57:33.606+0000] {dag.py:4180} INFO - Setting next_dagrun for example_display_name to None, run_after=None
[2025-02-27T02:57:33.682+0000] {processor.py:208} INFO - Processing /home/airflow/.local/lib/python3.12/site-packages/airflow/example_dags/example_display_name.py took 0.351 seconds
[2025-02-27T02:58:04.539+0000] {processor.py:186} INFO - Started process (PID=569) to work on /home/airflow/.local/lib/python3.12/site-packages/airflow/example_dags/example_display_name.py
[2025-02-27T02:58:04.541+0000] {processor.py:914} INFO - Processing file /home/airflow/.local/lib/python3.12/site-packages/airflow/example_dags/example_display_name.py for tasks to queue
[2025-02-27T02:58:04.548+0000] {logging_mixin.py:190} INFO - [2025-02-27T02:58:04.547+0000] {dagbag.py:588} INFO - Filling up the DagBag from /home/airflow/.local/lib/python3.12/site-packages/airflow/example_dags/example_display_name.py
[2025-02-27T02:58:04.566+0000] {processor.py:925} INFO - DAG(s) 'example_display_name' retrieved from /home/airflow/.local/lib/python3.12/site-packages/airflow/example_dags/example_display_name.py
[2025-02-27T02:58:04.736+0000] {logging_mixin.py:190} INFO - [2025-02-27T02:58:04.735+0000] {dag.py:3239} INFO - Sync 1 DAGs
[2025-02-27T02:58:04.786+0000] {logging_mixin.py:190} INFO - [2025-02-27T02:58:04.786+0000] {dag.py:4180} INFO - Setting next_dagrun for example_display_name to None, run_after=None
[2025-02-27T02:58:04.856+0000] {processor.py:208} INFO - Processing /home/airflow/.local/lib/python3.12/site-packages/airflow/example_dags/example_display_name.py took 0.326 seconds
[2025-02-27T02:58:35.111+0000] {processor.py:186} INFO - Started process (PID=632) to work on /home/airflow/.local/lib/python3.12/site-packages/airflow/example_dags/example_display_name.py
[2025-02-27T02:58:35.112+0000] {processor.py:914} INFO - Processing file /home/airflow/.local/lib/python3.12/site-packages/airflow/example_dags/example_display_name.py for tasks to queue
[2025-02-27T02:58:35.118+0000] {logging_mixin.py:190} INFO - [2025-02-27T02:58:35.117+0000] {dagbag.py:588} INFO - Filling up the DagBag from /home/airflow/.local/lib/python3.12/site-packages/airflow/example_dags/example_display_name.py
[2025-02-27T02:58:35.130+0000] {processor.py:925} INFO - DAG(s) 'example_display_name' retrieved from /home/airflow/.local/lib/python3.12/site-packages/airflow/example_dags/example_display_name.py
[2025-02-27T02:58:35.305+0000] {logging_mixin.py:190} INFO - [2025-02-27T02:58:35.305+0000] {dag.py:3239} INFO - Sync 1 DAGs
[2025-02-27T02:58:35.347+0000] {logging_mixin.py:190} INFO - [2025-02-27T02:58:35.347+0000] {dag.py:4180} INFO - Setting next_dagrun for example_display_name to None, run_after=None
[2025-02-27T02:58:35.414+0000] {processor.py:208} INFO - Processing /home/airflow/.local/lib/python3.12/site-packages/airflow/example_dags/example_display_name.py took 0.313 seconds
[2025-02-27T02:59:07.104+0000] {processor.py:186} INFO - Started process (PID=695) to work on /home/airflow/.local/lib/python3.12/site-packages/airflow/example_dags/example_display_name.py
[2025-02-27T02:59:07.107+0000] {processor.py:914} INFO - Processing file /home/airflow/.local/lib/python3.12/site-packages/airflow/example_dags/example_display_name.py for tasks to queue
[2025-02-27T02:59:07.115+0000] {logging_mixin.py:190} INFO - [2025-02-27T02:59:07.114+0000] {dagbag.py:588} INFO - Filling up the DagBag from /home/airflow/.local/lib/python3.12/site-packages/airflow/example_dags/example_display_name.py
[2025-02-27T02:59:07.129+0000] {processor.py:925} INFO - DAG(s) 'example_display_name' retrieved from /home/airflow/.local/lib/python3.12/site-packages/airflow/example_dags/example_display_name.py
[2025-02-27T02:59:07.275+0000] {logging_mixin.py:190} INFO - [2025-02-27T02:59:07.275+0000] {dag.py:3239} INFO - Sync 1 DAGs
[2025-02-27T02:59:07.336+0000] {logging_mixin.py:190} INFO - [2025-02-27T02:59:07.335+0000] {dag.py:4180} INFO - Setting next_dagrun for example_display_name to None, run_after=None
[2025-02-27T02:59:07.401+0000] {processor.py:208} INFO - Processing /home/airflow/.local/lib/python3.12/site-packages/airflow/example_dags/example_display_name.py took 0.310 seconds
[2025-02-27T02:59:41.872+0000] {processor.py:186} INFO - Started process (PID=760) to work on /home/airflow/.local/lib/python3.12/site-packages/airflow/example_dags/example_display_name.py
[2025-02-27T02:59:41.875+0000] {processor.py:914} INFO - Processing file /home/airflow/.local/lib/python3.12/site-packages/airflow/example_dags/example_display_name.py for tasks to queue
[2025-02-27T02:59:41.880+0000] {logging_mixin.py:190} INFO - [2025-02-27T02:59:41.879+0000] {dagbag.py:588} INFO - Filling up the DagBag from /home/airflow/.local/lib/python3.12/site-packages/airflow/example_dags/example_display_name.py
[2025-02-27T02:59:41.897+0000] {processor.py:925} INFO - DAG(s) 'example_display_name' retrieved from /home/airflow/.local/lib/python3.12/site-packages/airflow/example_dags/example_display_name.py
[2025-02-27T02:59:42.236+0000] {logging_mixin.py:190} INFO - [2025-02-27T02:59:42.235+0000] {dag.py:3239} INFO - Sync 1 DAGs
[2025-02-27T02:59:42.336+0000] {logging_mixin.py:190} INFO - [2025-02-27T02:59:42.336+0000] {dag.py:4180} INFO - Setting next_dagrun for example_display_name to None, run_after=None
[2025-02-27T02:59:42.420+0000] {processor.py:208} INFO - Processing /home/airflow/.local/lib/python3.12/site-packages/airflow/example_dags/example_display_name.py took 0.567 seconds
[2025-02-27T03:00:13.084+0000] {processor.py:186} INFO - Started process (PID=823) to work on /home/airflow/.local/lib/python3.12/site-packages/airflow/example_dags/example_display_name.py
[2025-02-27T03:00:13.088+0000] {processor.py:914} INFO - Processing file /home/airflow/.local/lib/python3.12/site-packages/airflow/example_dags/example_display_name.py for tasks to queue
[2025-02-27T03:00:13.095+0000] {logging_mixin.py:190} INFO - [2025-02-27T03:00:13.094+0000] {dagbag.py:588} INFO - Filling up the DagBag from /home/airflow/.local/lib/python3.12/site-packages/airflow/example_dags/example_display_name.py
[2025-02-27T03:00:13.115+0000] {processor.py:925} INFO - DAG(s) 'example_display_name' retrieved from /home/airflow/.local/lib/python3.12/site-packages/airflow/example_dags/example_display_name.py
[2025-02-27T03:00:13.289+0000] {logging_mixin.py:190} INFO - [2025-02-27T03:00:13.288+0000] {dag.py:3239} INFO - Sync 1 DAGs
[2025-02-27T03:00:13.331+0000] {logging_mixin.py:190} INFO - [2025-02-27T03:00:13.330+0000] {dag.py:4180} INFO - Setting next_dagrun for example_display_name to None, run_after=None
[2025-02-27T03:00:13.415+0000] {processor.py:208} INFO - Processing /home/airflow/.local/lib/python3.12/site-packages/airflow/example_dags/example_display_name.py took 0.350 seconds
[2025-02-27T03:00:44.676+0000] {processor.py:186} INFO - Started process (PID=886) to work on /home/airflow/.local/lib/python3.12/site-packages/airflow/example_dags/example_display_name.py
[2025-02-27T03:00:44.677+0000] {processor.py:914} INFO - Processing file /home/airflow/.local/lib/python3.12/site-packages/airflow/example_dags/example_display_name.py for tasks to queue
[2025-02-27T03:00:44.682+0000] {logging_mixin.py:190} INFO - [2025-02-27T03:00:44.681+0000] {dagbag.py:588} INFO - Filling up the DagBag from /home/airflow/.local/lib/python3.12/site-packages/airflow/example_dags/example_display_name.py
[2025-02-27T03:00:44.697+0000] {processor.py:925} INFO - DAG(s) 'example_display_name' retrieved from /home/airflow/.local/lib/python3.12/site-packages/airflow/example_dags/example_display_name.py
[2025-02-27T03:00:44.871+0000] {logging_mixin.py:190} INFO - [2025-02-27T03:00:44.870+0000] {dag.py:3239} INFO - Sync 1 DAGs
[2025-02-27T03:00:44.929+0000] {logging_mixin.py:190} INFO - [2025-02-27T03:00:44.928+0000] {dag.py:4180} INFO - Setting next_dagrun for example_display_name to None, run_after=None
[2025-02-27T03:00:45.013+0000] {processor.py:208} INFO - Processing /home/airflow/.local/lib/python3.12/site-packages/airflow/example_dags/example_display_name.py took 0.348 seconds
[2025-02-27T03:01:16.020+0000] {processor.py:186} INFO - Started process (PID=949) to work on /home/airflow/.local/lib/python3.12/site-packages/airflow/example_dags/example_display_name.py
[2025-02-27T03:01:16.022+0000] {processor.py:914} INFO - Processing file /home/airflow/.local/lib/python3.12/site-packages/airflow/example_dags/example_display_name.py for tasks to queue
[2025-02-27T03:01:16.026+0000] {logging_mixin.py:190} INFO - [2025-02-27T03:01:16.025+0000] {dagbag.py:588} INFO - Filling up the DagBag from /home/airflow/.local/lib/python3.12/site-packages/airflow/example_dags/example_display_name.py
[2025-02-27T03:01:16.046+0000] {processor.py:925} INFO - DAG(s) 'example_display_name' retrieved from /home/airflow/.local/lib/python3.12/site-packages/airflow/example_dags/example_display_name.py
[2025-02-27T03:01:16.269+0000] {logging_mixin.py:190} INFO - [2025-02-27T03:01:16.268+0000] {dag.py:3239} INFO - Sync 1 DAGs
[2025-02-27T03:01:16.333+0000] {logging_mixin.py:190} INFO - [2025-02-27T03:01:16.332+0000] {dag.py:4180} INFO - Setting next_dagrun for example_display_name to None, run_after=None
[2025-02-27T03:01:16.463+0000] {processor.py:208} INFO - Processing /home/airflow/.local/lib/python3.12/site-packages/airflow/example_dags/example_display_name.py took 0.456 seconds
[2025-02-27T03:01:48.115+0000] {processor.py:186} INFO - Started process (PID=1018) to work on /home/airflow/.local/lib/python3.12/site-packages/airflow/example_dags/example_display_name.py
[2025-02-27T03:01:48.116+0000] {processor.py:914} INFO - Processing file /home/airflow/.local/lib/python3.12/site-packages/airflow/example_dags/example_display_name.py for tasks to queue
[2025-02-27T03:01:48.120+0000] {logging_mixin.py:190} INFO - [2025-02-27T03:01:48.119+0000] {dagbag.py:588} INFO - Filling up the DagBag from /home/airflow/.local/lib/python3.12/site-packages/airflow/example_dags/example_display_name.py
[2025-02-27T03:01:48.134+0000] {processor.py:925} INFO - DAG(s) 'example_display_name' retrieved from /home/airflow/.local/lib/python3.12/site-packages/airflow/example_dags/example_display_name.py
[2025-02-27T03:01:48.291+0000] {logging_mixin.py:190} INFO - [2025-02-27T03:01:48.289+0000] {dag.py:3239} INFO - Sync 1 DAGs
[2025-02-27T03:01:48.361+0000] {logging_mixin.py:190} INFO - [2025-02-27T03:01:48.361+0000] {dag.py:4180} INFO - Setting next_dagrun for example_display_name to None, run_after=None
[2025-02-27T03:01:48.430+0000] {processor.py:208} INFO - Processing /home/airflow/.local/lib/python3.12/site-packages/airflow/example_dags/example_display_name.py took 0.323 seconds
[2025-02-27T03:02:19.305+0000] {processor.py:186} INFO - Started process (PID=1081) to work on /home/airflow/.local/lib/python3.12/site-packages/airflow/example_dags/example_display_name.py
[2025-02-27T03:02:19.307+0000] {processor.py:914} INFO - Processing file /home/airflow/.local/lib/python3.12/site-packages/airflow/example_dags/example_display_name.py for tasks to queue
[2025-02-27T03:02:19.312+0000] {logging_mixin.py:190} INFO - [2025-02-27T03:02:19.311+0000] {dagbag.py:588} INFO - Filling up the DagBag from /home/airflow/.local/lib/python3.12/site-packages/airflow/example_dags/example_display_name.py
[2025-02-27T03:02:19.323+0000] {processor.py:925} INFO - DAG(s) 'example_display_name' retrieved from /home/airflow/.local/lib/python3.12/site-packages/airflow/example_dags/example_display_name.py
[2025-02-27T03:02:19.469+0000] {logging_mixin.py:190} INFO - [2025-02-27T03:02:19.469+0000] {dag.py:3239} INFO - Sync 1 DAGs
[2025-02-27T03:02:19.510+0000] {logging_mixin.py:190} INFO - [2025-02-27T03:02:19.510+0000] {dag.py:4180} INFO - Setting next_dagrun for example_display_name to None, run_after=None
[2025-02-27T03:02:19.563+0000] {processor.py:208} INFO - Processing /home/airflow/.local/lib/python3.12/site-packages/airflow/example_dags/example_display_name.py took 0.270 seconds
[2025-02-27T03:02:52.853+0000] {processor.py:186} INFO - Started process (PID=1144) to work on /home/airflow/.local/lib/python3.12/site-packages/airflow/example_dags/example_display_name.py
[2025-02-27T03:02:52.854+0000] {processor.py:914} INFO - Processing file /home/airflow/.local/lib/python3.12/site-packages/airflow/example_dags/example_display_name.py for tasks to queue
[2025-02-27T03:02:52.858+0000] {logging_mixin.py:190} INFO - [2025-02-27T03:02:52.857+0000] {dagbag.py:588} INFO - Filling up the DagBag from /home/airflow/.local/lib/python3.12/site-packages/airflow/example_dags/example_display_name.py
[2025-02-27T03:02:52.869+0000] {processor.py:925} INFO - DAG(s) 'example_display_name' retrieved from /home/airflow/.local/lib/python3.12/site-packages/airflow/example_dags/example_display_name.py
[2025-02-27T03:02:53.012+0000] {logging_mixin.py:190} INFO - [2025-02-27T03:02:53.012+0000] {dag.py:3239} INFO - Sync 1 DAGs
[2025-02-27T03:02:53.065+0000] {logging_mixin.py:190} INFO - [2025-02-27T03:02:53.064+0000] {dag.py:4180} INFO - Setting next_dagrun for example_display_name to None, run_after=None
[2025-02-27T03:02:53.129+0000] {processor.py:208} INFO - Processing /home/airflow/.local/lib/python3.12/site-packages/airflow/example_dags/example_display_name.py took 0.286 seconds
[2025-02-27T03:03:23.747+0000] {processor.py:186} INFO - Started process (PID=1207) to work on /home/airflow/.local/lib/python3.12/site-packages/airflow/example_dags/example_display_name.py
[2025-02-27T03:03:23.749+0000] {processor.py:914} INFO - Processing file /home/airflow/.local/lib/python3.12/site-packages/airflow/example_dags/example_display_name.py for tasks to queue
[2025-02-27T03:03:23.754+0000] {logging_mixin.py:190} INFO - [2025-02-27T03:03:23.753+0000] {dagbag.py:588} INFO - Filling up the DagBag from /home/airflow/.local/lib/python3.12/site-packages/airflow/example_dags/example_display_name.py
[2025-02-27T03:03:23.769+0000] {processor.py:925} INFO - DAG(s) 'example_display_name' retrieved from /home/airflow/.local/lib/python3.12/site-packages/airflow/example_dags/example_display_name.py
[2025-02-27T03:03:23.967+0000] {logging_mixin.py:190} INFO - [2025-02-27T03:03:23.967+0000] {dag.py:3239} INFO - Sync 1 DAGs
[2025-02-27T03:03:24.019+0000] {logging_mixin.py:190} INFO - [2025-02-27T03:03:24.019+0000] {dag.py:4180} INFO - Setting next_dagrun for example_display_name to None, run_after=None
[2025-02-27T03:03:24.094+0000] {processor.py:208} INFO - Processing /home/airflow/.local/lib/python3.12/site-packages/airflow/example_dags/example_display_name.py took 0.358 seconds
[2025-02-27T03:03:56.298+0000] {processor.py:186} INFO - Started process (PID=1271) to work on /home/airflow/.local/lib/python3.12/site-packages/airflow/example_dags/example_display_name.py
[2025-02-27T03:03:56.300+0000] {processor.py:914} INFO - Processing file /home/airflow/.local/lib/python3.12/site-packages/airflow/example_dags/example_display_name.py for tasks to queue
[2025-02-27T03:03:56.304+0000] {logging_mixin.py:190} INFO - [2025-02-27T03:03:56.304+0000] {dagbag.py:588} INFO - Filling up the DagBag from /home/airflow/.local/lib/python3.12/site-packages/airflow/example_dags/example_display_name.py
[2025-02-27T03:03:56.324+0000] {processor.py:925} INFO - DAG(s) 'example_display_name' retrieved from /home/airflow/.local/lib/python3.12/site-packages/airflow/example_dags/example_display_name.py
[2025-02-27T03:03:56.566+0000] {logging_mixin.py:190} INFO - [2025-02-27T03:03:56.566+0000] {dag.py:3239} INFO - Sync 1 DAGs
[2025-02-27T03:03:56.733+0000] {logging_mixin.py:190} INFO - [2025-02-27T03:03:56.731+0000] {dag.py:4180} INFO - Setting next_dagrun for example_display_name to None, run_after=None
[2025-02-27T03:03:57.000+0000] {processor.py:208} INFO - Processing /home/airflow/.local/lib/python3.12/site-packages/airflow/example_dags/example_display_name.py took 0.714 seconds
[2025-02-27T03:04:27.304+0000] {processor.py:186} INFO - Started process (PID=1333) to work on /home/airflow/.local/lib/python3.12/site-packages/airflow/example_dags/example_display_name.py
[2025-02-27T03:04:27.306+0000] {processor.py:914} INFO - Processing file /home/airflow/.local/lib/python3.12/site-packages/airflow/example_dags/example_display_name.py for tasks to queue
[2025-02-27T03:04:27.309+0000] {logging_mixin.py:190} INFO - [2025-02-27T03:04:27.309+0000] {dagbag.py:588} INFO - Filling up the DagBag from /home/airflow/.local/lib/python3.12/site-packages/airflow/example_dags/example_display_name.py
[2025-02-27T03:04:27.320+0000] {processor.py:925} INFO - DAG(s) 'example_display_name' retrieved from /home/airflow/.local/lib/python3.12/site-packages/airflow/example_dags/example_display_name.py
[2025-02-27T03:04:27.469+0000] {logging_mixin.py:190} INFO - [2025-02-27T03:04:27.468+0000] {dag.py:3239} INFO - Sync 1 DAGs
[2025-02-27T03:04:27.508+0000] {logging_mixin.py:190} INFO - [2025-02-27T03:04:27.507+0000] {dag.py:4180} INFO - Setting next_dagrun for example_display_name to None, run_after=None
[2025-02-27T03:04:27.571+0000] {processor.py:208} INFO - Processing /home/airflow/.local/lib/python3.12/site-packages/airflow/example_dags/example_display_name.py took 0.275 seconds
[2025-02-27T03:04:59.081+0000] {processor.py:186} INFO - Started process (PID=1396) to work on /home/airflow/.local/lib/python3.12/site-packages/airflow/example_dags/example_display_name.py
[2025-02-27T03:04:59.082+0000] {processor.py:914} INFO - Processing file /home/airflow/.local/lib/python3.12/site-packages/airflow/example_dags/example_display_name.py for tasks to queue
[2025-02-27T03:04:59.087+0000] {logging_mixin.py:190} INFO - [2025-02-27T03:04:59.086+0000] {dagbag.py:588} INFO - Filling up the DagBag from /home/airflow/.local/lib/python3.12/site-packages/airflow/example_dags/example_display_name.py
[2025-02-27T03:04:59.106+0000] {processor.py:925} INFO - DAG(s) 'example_display_name' retrieved from /home/airflow/.local/lib/python3.12/site-packages/airflow/example_dags/example_display_name.py
[2025-02-27T03:04:59.252+0000] {logging_mixin.py:190} INFO - [2025-02-27T03:04:59.252+0000] {dag.py:3239} INFO - Sync 1 DAGs
[2025-02-27T03:04:59.331+0000] {logging_mixin.py:190} INFO - [2025-02-27T03:04:59.330+0000] {dag.py:4180} INFO - Setting next_dagrun for example_display_name to None, run_after=None
[2025-02-27T03:04:59.399+0000] {processor.py:208} INFO - Processing /home/airflow/.local/lib/python3.12/site-packages/airflow/example_dags/example_display_name.py took 0.328 seconds
[2025-02-27T03:05:29.509+0000] {processor.py:186} INFO - Started process (PID=1458) to work on /home/airflow/.local/lib/python3.12/site-packages/airflow/example_dags/example_display_name.py
[2025-02-27T03:05:29.511+0000] {processor.py:914} INFO - Processing file /home/airflow/.local/lib/python3.12/site-packages/airflow/example_dags/example_display_name.py for tasks to queue
[2025-02-27T03:05:29.515+0000] {logging_mixin.py:190} INFO - [2025-02-27T03:05:29.514+0000] {dagbag.py:588} INFO - Filling up the DagBag from /home/airflow/.local/lib/python3.12/site-packages/airflow/example_dags/example_display_name.py
[2025-02-27T03:05:29.530+0000] {processor.py:925} INFO - DAG(s) 'example_display_name' retrieved from /home/airflow/.local/lib/python3.12/site-packages/airflow/example_dags/example_display_name.py
[2025-02-27T03:05:29.707+0000] {logging_mixin.py:190} INFO - [2025-02-27T03:05:29.706+0000] {dag.py:3239} INFO - Sync 1 DAGs
[2025-02-27T03:05:29.763+0000] {logging_mixin.py:190} INFO - [2025-02-27T03:05:29.763+0000] {dag.py:4180} INFO - Setting next_dagrun for example_display_name to None, run_after=None
[2025-02-27T03:05:29.845+0000] {processor.py:208} INFO - Processing /home/airflow/.local/lib/python3.12/site-packages/airflow/example_dags/example_display_name.py took 0.345 seconds
[2025-02-27T03:06:01.940+0000] {processor.py:186} INFO - Started process (PID=1522) to work on /home/airflow/.local/lib/python3.12/site-packages/airflow/example_dags/example_display_name.py
[2025-02-27T03:06:01.943+0000] {processor.py:914} INFO - Processing file /home/airflow/.local/lib/python3.12/site-packages/airflow/example_dags/example_display_name.py for tasks to queue
[2025-02-27T03:06:01.953+0000] {logging_mixin.py:190} INFO - [2025-02-27T03:06:01.950+0000] {dagbag.py:588} INFO - Filling up the DagBag from /home/airflow/.local/lib/python3.12/site-packages/airflow/example_dags/example_display_name.py
[2025-02-27T03:06:01.974+0000] {processor.py:925} INFO - DAG(s) 'example_display_name' retrieved from /home/airflow/.local/lib/python3.12/site-packages/airflow/example_dags/example_display_name.py
[2025-02-27T03:06:02.156+0000] {logging_mixin.py:190} INFO - [2025-02-27T03:06:02.156+0000] {dag.py:3239} INFO - Sync 1 DAGs
[2025-02-27T03:06:02.204+0000] {logging_mixin.py:190} INFO - [2025-02-27T03:06:02.203+0000] {dag.py:4180} INFO - Setting next_dagrun for example_display_name to None, run_after=None
[2025-02-27T03:06:02.288+0000] {processor.py:208} INFO - Processing /home/airflow/.local/lib/python3.12/site-packages/airflow/example_dags/example_display_name.py took 0.361 seconds
[2025-02-27T03:06:34.495+0000] {processor.py:186} INFO - Started process (PID=1585) to work on /home/airflow/.local/lib/python3.12/site-packages/airflow/example_dags/example_display_name.py
[2025-02-27T03:06:34.497+0000] {processor.py:914} INFO - Processing file /home/airflow/.local/lib/python3.12/site-packages/airflow/example_dags/example_display_name.py for tasks to queue
[2025-02-27T03:06:34.500+0000] {logging_mixin.py:190} INFO - [2025-02-27T03:06:34.500+0000] {dagbag.py:588} INFO - Filling up the DagBag from /home/airflow/.local/lib/python3.12/site-packages/airflow/example_dags/example_display_name.py
[2025-02-27T03:06:34.512+0000] {processor.py:925} INFO - DAG(s) 'example_display_name' retrieved from /home/airflow/.local/lib/python3.12/site-packages/airflow/example_dags/example_display_name.py
[2025-02-27T03:06:34.679+0000] {logging_mixin.py:190} INFO - [2025-02-27T03:06:34.678+0000] {dag.py:3239} INFO - Sync 1 DAGs
[2025-02-27T03:06:34.718+0000] {logging_mixin.py:190} INFO - [2025-02-27T03:06:34.718+0000] {dag.py:4180} INFO - Setting next_dagrun for example_display_name to None, run_after=None
[2025-02-27T03:06:34.779+0000] {processor.py:208} INFO - Processing /home/airflow/.local/lib/python3.12/site-packages/airflow/example_dags/example_display_name.py took 0.294 seconds
[2025-02-27T03:07:05.709+0000] {processor.py:186} INFO - Started process (PID=1648) to work on /home/airflow/.local/lib/python3.12/site-packages/airflow/example_dags/example_display_name.py
[2025-02-27T03:07:05.710+0000] {processor.py:914} INFO - Processing file /home/airflow/.local/lib/python3.12/site-packages/airflow/example_dags/example_display_name.py for tasks to queue
[2025-02-27T03:07:05.716+0000] {logging_mixin.py:190} INFO - [2025-02-27T03:07:05.714+0000] {dagbag.py:588} INFO - Filling up the DagBag from /home/airflow/.local/lib/python3.12/site-packages/airflow/example_dags/example_display_name.py
[2025-02-27T03:07:05.736+0000] {processor.py:925} INFO - DAG(s) 'example_display_name' retrieved from /home/airflow/.local/lib/python3.12/site-packages/airflow/example_dags/example_display_name.py
[2025-02-27T03:07:06.002+0000] {logging_mixin.py:190} INFO - [2025-02-27T03:07:06.001+0000] {dag.py:3239} INFO - Sync 1 DAGs
[2025-02-27T03:07:06.088+0000] {logging_mixin.py:190} INFO - [2025-02-27T03:07:06.088+0000] {dag.py:4180} INFO - Setting next_dagrun for example_display_name to None, run_after=None
[2025-02-27T03:07:06.183+0000] {processor.py:208} INFO - Processing /home/airflow/.local/lib/python3.12/site-packages/airflow/example_dags/example_display_name.py took 0.485 seconds
[2025-02-27T03:07:36.839+0000] {processor.py:186} INFO - Started process (PID=1711) to work on /home/airflow/.local/lib/python3.12/site-packages/airflow/example_dags/example_display_name.py
[2025-02-27T03:07:36.841+0000] {processor.py:914} INFO - Processing file /home/airflow/.local/lib/python3.12/site-packages/airflow/example_dags/example_display_name.py for tasks to queue
[2025-02-27T03:07:36.846+0000] {logging_mixin.py:190} INFO - [2025-02-27T03:07:36.845+0000] {dagbag.py:588} INFO - Filling up the DagBag from /home/airflow/.local/lib/python3.12/site-packages/airflow/example_dags/example_display_name.py
[2025-02-27T03:07:36.865+0000] {processor.py:925} INFO - DAG(s) 'example_display_name' retrieved from /home/airflow/.local/lib/python3.12/site-packages/airflow/example_dags/example_display_name.py
[2025-02-27T03:07:37.096+0000] {logging_mixin.py:190} INFO - [2025-02-27T03:07:37.096+0000] {dag.py:3239} INFO - Sync 1 DAGs
[2025-02-27T03:07:37.170+0000] {logging_mixin.py:190} INFO - [2025-02-27T03:07:37.170+0000] {dag.py:4180} INFO - Setting next_dagrun for example_display_name to None, run_after=None
[2025-02-27T03:07:37.237+0000] {processor.py:208} INFO - Processing /home/airflow/.local/lib/python3.12/site-packages/airflow/example_dags/example_display_name.py took 0.412 seconds
[2025-02-27T03:08:08.401+0000] {processor.py:186} INFO - Started process (PID=1774) to work on /home/airflow/.local/lib/python3.12/site-packages/airflow/example_dags/example_display_name.py
[2025-02-27T03:08:08.403+0000] {processor.py:914} INFO - Processing file /home/airflow/.local/lib/python3.12/site-packages/airflow/example_dags/example_display_name.py for tasks to queue
[2025-02-27T03:08:08.408+0000] {logging_mixin.py:190} INFO - [2025-02-27T03:08:08.407+0000] {dagbag.py:588} INFO - Filling up the DagBag from /home/airflow/.local/lib/python3.12/site-packages/airflow/example_dags/example_display_name.py
[2025-02-27T03:08:08.425+0000] {processor.py:925} INFO - DAG(s) 'example_display_name' retrieved from /home/airflow/.local/lib/python3.12/site-packages/airflow/example_dags/example_display_name.py
[2025-02-27T03:08:08.582+0000] {logging_mixin.py:190} INFO - [2025-02-27T03:08:08.581+0000] {dag.py:3239} INFO - Sync 1 DAGs
[2025-02-27T03:08:08.627+0000] {logging_mixin.py:190} INFO - [2025-02-27T03:08:08.627+0000] {dag.py:4180} INFO - Setting next_dagrun for example_display_name to None, run_after=None
[2025-02-27T03:08:08.703+0000] {processor.py:208} INFO - Processing /home/airflow/.local/lib/python3.12/site-packages/airflow/example_dags/example_display_name.py took 0.311 seconds
[2025-02-27T03:08:39.402+0000] {processor.py:186} INFO - Started process (PID=1837) to work on /home/airflow/.local/lib/python3.12/site-packages/airflow/example_dags/example_display_name.py
[2025-02-27T03:08:39.404+0000] {processor.py:914} INFO - Processing file /home/airflow/.local/lib/python3.12/site-packages/airflow/example_dags/example_display_name.py for tasks to queue
[2025-02-27T03:08:39.409+0000] {logging_mixin.py:190} INFO - [2025-02-27T03:08:39.408+0000] {dagbag.py:588} INFO - Filling up the DagBag from /home/airflow/.local/lib/python3.12/site-packages/airflow/example_dags/example_display_name.py
[2025-02-27T03:08:39.425+0000] {processor.py:925} INFO - DAG(s) 'example_display_name' retrieved from /home/airflow/.local/lib/python3.12/site-packages/airflow/example_dags/example_display_name.py
[2025-02-27T03:08:39.604+0000] {logging_mixin.py:190} INFO - [2025-02-27T03:08:39.603+0000] {dag.py:3239} INFO - Sync 1 DAGs
[2025-02-27T03:08:39.646+0000] {logging_mixin.py:190} INFO - [2025-02-27T03:08:39.646+0000] {dag.py:4180} INFO - Setting next_dagrun for example_display_name to None, run_after=None
[2025-02-27T03:08:39.704+0000] {processor.py:208} INFO - Processing /home/airflow/.local/lib/python3.12/site-packages/airflow/example_dags/example_display_name.py took 0.313 seconds
[2025-02-27T03:09:09.880+0000] {processor.py:186} INFO - Started process (PID=1899) to work on /home/airflow/.local/lib/python3.12/site-packages/airflow/example_dags/example_display_name.py
[2025-02-27T03:09:09.883+0000] {processor.py:914} INFO - Processing file /home/airflow/.local/lib/python3.12/site-packages/airflow/example_dags/example_display_name.py for tasks to queue
[2025-02-27T03:09:09.889+0000] {logging_mixin.py:190} INFO - [2025-02-27T03:09:09.888+0000] {dagbag.py:588} INFO - Filling up the DagBag from /home/airflow/.local/lib/python3.12/site-packages/airflow/example_dags/example_display_name.py
[2025-02-27T03:09:09.907+0000] {processor.py:925} INFO - DAG(s) 'example_display_name' retrieved from /home/airflow/.local/lib/python3.12/site-packages/airflow/example_dags/example_display_name.py
[2025-02-27T03:09:10.075+0000] {logging_mixin.py:190} INFO - [2025-02-27T03:09:10.074+0000] {dag.py:3239} INFO - Sync 1 DAGs
[2025-02-27T03:09:10.125+0000] {logging_mixin.py:190} INFO - [2025-02-27T03:09:10.125+0000] {dag.py:4180} INFO - Setting next_dagrun for example_display_name to None, run_after=None
[2025-02-27T03:09:10.180+0000] {processor.py:208} INFO - Processing /home/airflow/.local/lib/python3.12/site-packages/airflow/example_dags/example_display_name.py took 0.311 seconds
[2025-02-27T03:09:42.040+0000] {processor.py:186} INFO - Started process (PID=1962) to work on /home/airflow/.local/lib/python3.12/site-packages/airflow/example_dags/example_display_name.py
[2025-02-27T03:09:42.042+0000] {processor.py:914} INFO - Processing file /home/airflow/.local/lib/python3.12/site-packages/airflow/example_dags/example_display_name.py for tasks to queue
[2025-02-27T03:09:42.047+0000] {logging_mixin.py:190} INFO - [2025-02-27T03:09:42.046+0000] {dagbag.py:588} INFO - Filling up the DagBag from /home/airflow/.local/lib/python3.12/site-packages/airflow/example_dags/example_display_name.py
[2025-02-27T03:09:42.067+0000] {processor.py:925} INFO - DAG(s) 'example_display_name' retrieved from /home/airflow/.local/lib/python3.12/site-packages/airflow/example_dags/example_display_name.py
[2025-02-27T03:09:42.306+0000] {logging_mixin.py:190} INFO - [2025-02-27T03:09:42.305+0000] {dag.py:3239} INFO - Sync 1 DAGs
[2025-02-27T03:09:42.420+0000] {logging_mixin.py:190} INFO - [2025-02-27T03:09:42.420+0000] {dag.py:4180} INFO - Setting next_dagrun for example_display_name to None, run_after=None
[2025-02-27T03:09:42.513+0000] {processor.py:208} INFO - Processing /home/airflow/.local/lib/python3.12/site-packages/airflow/example_dags/example_display_name.py took 0.489 seconds
[2025-02-27T03:10:12.666+0000] {processor.py:186} INFO - Started process (PID=2025) to work on /home/airflow/.local/lib/python3.12/site-packages/airflow/example_dags/example_display_name.py
[2025-02-27T03:10:12.668+0000] {processor.py:914} INFO - Processing file /home/airflow/.local/lib/python3.12/site-packages/airflow/example_dags/example_display_name.py for tasks to queue
[2025-02-27T03:10:12.672+0000] {logging_mixin.py:190} INFO - [2025-02-27T03:10:12.671+0000] {dagbag.py:588} INFO - Filling up the DagBag from /home/airflow/.local/lib/python3.12/site-packages/airflow/example_dags/example_display_name.py
[2025-02-27T03:10:12.684+0000] {processor.py:925} INFO - DAG(s) 'example_display_name' retrieved from /home/airflow/.local/lib/python3.12/site-packages/airflow/example_dags/example_display_name.py
[2025-02-27T03:10:12.827+0000] {logging_mixin.py:190} INFO - [2025-02-27T03:10:12.826+0000] {dag.py:3239} INFO - Sync 1 DAGs
[2025-02-27T03:10:12.864+0000] {logging_mixin.py:190} INFO - [2025-02-27T03:10:12.863+0000] {dag.py:4180} INFO - Setting next_dagrun for example_display_name to None, run_after=None
[2025-02-27T03:10:12.930+0000] {processor.py:208} INFO - Processing /home/airflow/.local/lib/python3.12/site-packages/airflow/example_dags/example_display_name.py took 0.273 seconds
[2025-02-27T03:10:43.568+0000] {processor.py:186} INFO - Started process (PID=2088) to work on /home/airflow/.local/lib/python3.12/site-packages/airflow/example_dags/example_display_name.py
[2025-02-27T03:10:43.570+0000] {processor.py:914} INFO - Processing file /home/airflow/.local/lib/python3.12/site-packages/airflow/example_dags/example_display_name.py for tasks to queue
[2025-02-27T03:10:43.575+0000] {logging_mixin.py:190} INFO - [2025-02-27T03:10:43.574+0000] {dagbag.py:588} INFO - Filling up the DagBag from /home/airflow/.local/lib/python3.12/site-packages/airflow/example_dags/example_display_name.py
[2025-02-27T03:10:43.589+0000] {processor.py:925} INFO - DAG(s) 'example_display_name' retrieved from /home/airflow/.local/lib/python3.12/site-packages/airflow/example_dags/example_display_name.py
[2025-02-27T03:10:43.761+0000] {logging_mixin.py:190} INFO - [2025-02-27T03:10:43.760+0000] {dag.py:3239} INFO - Sync 1 DAGs
[2025-02-27T03:10:43.796+0000] {logging_mixin.py:190} INFO - [2025-02-27T03:10:43.796+0000] {dag.py:4180} INFO - Setting next_dagrun for example_display_name to None, run_after=None
[2025-02-27T03:10:43.853+0000] {processor.py:208} INFO - Processing /home/airflow/.local/lib/python3.12/site-packages/airflow/example_dags/example_display_name.py took 0.294 seconds
[2025-02-27T03:11:14.969+0000] {processor.py:186} INFO - Started process (PID=2151) to work on /home/airflow/.local/lib/python3.12/site-packages/airflow/example_dags/example_display_name.py
[2025-02-27T03:11:14.970+0000] {processor.py:914} INFO - Processing file /home/airflow/.local/lib/python3.12/site-packages/airflow/example_dags/example_display_name.py for tasks to queue
[2025-02-27T03:11:14.974+0000] {logging_mixin.py:190} INFO - [2025-02-27T03:11:14.973+0000] {dagbag.py:588} INFO - Filling up the DagBag from /home/airflow/.local/lib/python3.12/site-packages/airflow/example_dags/example_display_name.py
[2025-02-27T03:11:14.986+0000] {processor.py:925} INFO - DAG(s) 'example_display_name' retrieved from /home/airflow/.local/lib/python3.12/site-packages/airflow/example_dags/example_display_name.py
[2025-02-27T03:11:15.114+0000] {logging_mixin.py:190} INFO - [2025-02-27T03:11:15.113+0000] {dag.py:3239} INFO - Sync 1 DAGs
[2025-02-27T03:11:15.150+0000] {logging_mixin.py:190} INFO - [2025-02-27T03:11:15.150+0000] {dag.py:4180} INFO - Setting next_dagrun for example_display_name to None, run_after=None
[2025-02-27T03:11:15.200+0000] {processor.py:208} INFO - Processing /home/airflow/.local/lib/python3.12/site-packages/airflow/example_dags/example_display_name.py took 0.239 seconds
[2025-02-27T03:11:46.788+0000] {processor.py:186} INFO - Started process (PID=2214) to work on /home/airflow/.local/lib/python3.12/site-packages/airflow/example_dags/example_display_name.py
[2025-02-27T03:11:46.789+0000] {processor.py:914} INFO - Processing file /home/airflow/.local/lib/python3.12/site-packages/airflow/example_dags/example_display_name.py for tasks to queue
[2025-02-27T03:11:46.795+0000] {logging_mixin.py:190} INFO - [2025-02-27T03:11:46.794+0000] {dagbag.py:588} INFO - Filling up the DagBag from /home/airflow/.local/lib/python3.12/site-packages/airflow/example_dags/example_display_name.py
[2025-02-27T03:11:46.812+0000] {processor.py:925} INFO - DAG(s) 'example_display_name' retrieved from /home/airflow/.local/lib/python3.12/site-packages/airflow/example_dags/example_display_name.py
[2025-02-27T03:11:47.011+0000] {logging_mixin.py:190} INFO - [2025-02-27T03:11:47.010+0000] {dag.py:3239} INFO - Sync 1 DAGs
[2025-02-27T03:11:47.070+0000] {logging_mixin.py:190} INFO - [2025-02-27T03:11:47.069+0000] {dag.py:4180} INFO - Setting next_dagrun for example_display_name to None, run_after=None
[2025-02-27T03:11:47.132+0000] {processor.py:208} INFO - Processing /home/airflow/.local/lib/python3.12/site-packages/airflow/example_dags/example_display_name.py took 0.355 seconds
[2025-02-27T03:12:18.612+0000] {processor.py:186} INFO - Started process (PID=2277) to work on /home/airflow/.local/lib/python3.12/site-packages/airflow/example_dags/example_display_name.py
[2025-02-27T03:12:18.614+0000] {processor.py:914} INFO - Processing file /home/airflow/.local/lib/python3.12/site-packages/airflow/example_dags/example_display_name.py for tasks to queue
[2025-02-27T03:12:18.618+0000] {logging_mixin.py:190} INFO - [2025-02-27T03:12:18.617+0000] {dagbag.py:588} INFO - Filling up the DagBag from /home/airflow/.local/lib/python3.12/site-packages/airflow/example_dags/example_display_name.py
[2025-02-27T03:12:18.630+0000] {processor.py:925} INFO - DAG(s) 'example_display_name' retrieved from /home/airflow/.local/lib/python3.12/site-packages/airflow/example_dags/example_display_name.py
[2025-02-27T03:12:18.770+0000] {logging_mixin.py:190} INFO - [2025-02-27T03:12:18.770+0000] {dag.py:3239} INFO - Sync 1 DAGs
[2025-02-27T03:12:18.819+0000] {logging_mixin.py:190} INFO - [2025-02-27T03:12:18.819+0000] {dag.py:4180} INFO - Setting next_dagrun for example_display_name to None, run_after=None
[2025-02-27T03:12:18.868+0000] {processor.py:208} INFO - Processing /home/airflow/.local/lib/python3.12/site-packages/airflow/example_dags/example_display_name.py took 0.271 seconds
[2025-02-27T03:12:50.283+0000] {processor.py:186} INFO - Started process (PID=2346) to work on /home/airflow/.local/lib/python3.12/site-packages/airflow/example_dags/example_display_name.py
[2025-02-27T03:12:50.286+0000] {processor.py:914} INFO - Processing file /home/airflow/.local/lib/python3.12/site-packages/airflow/example_dags/example_display_name.py for tasks to queue
[2025-02-27T03:12:50.291+0000] {logging_mixin.py:190} INFO - [2025-02-27T03:12:50.291+0000] {dagbag.py:588} INFO - Filling up the DagBag from /home/airflow/.local/lib/python3.12/site-packages/airflow/example_dags/example_display_name.py
[2025-02-27T03:12:50.307+0000] {processor.py:925} INFO - DAG(s) 'example_display_name' retrieved from /home/airflow/.local/lib/python3.12/site-packages/airflow/example_dags/example_display_name.py
[2025-02-27T03:12:50.472+0000] {logging_mixin.py:190} INFO - [2025-02-27T03:12:50.471+0000] {dag.py:3239} INFO - Sync 1 DAGs
[2025-02-27T03:12:50.519+0000] {logging_mixin.py:190} INFO - [2025-02-27T03:12:50.518+0000] {dag.py:4180} INFO - Setting next_dagrun for example_display_name to None, run_after=None
[2025-02-27T03:12:50.580+0000] {processor.py:208} INFO - Processing /home/airflow/.local/lib/python3.12/site-packages/airflow/example_dags/example_display_name.py took 0.310 seconds
[2025-02-27T03:13:21.740+0000] {processor.py:186} INFO - Started process (PID=2409) to work on /home/airflow/.local/lib/python3.12/site-packages/airflow/example_dags/example_display_name.py
[2025-02-27T03:13:21.742+0000] {processor.py:914} INFO - Processing file /home/airflow/.local/lib/python3.12/site-packages/airflow/example_dags/example_display_name.py for tasks to queue
[2025-02-27T03:13:21.747+0000] {logging_mixin.py:190} INFO - [2025-02-27T03:13:21.746+0000] {dagbag.py:588} INFO - Filling up the DagBag from /home/airflow/.local/lib/python3.12/site-packages/airflow/example_dags/example_display_name.py
[2025-02-27T03:13:21.765+0000] {processor.py:925} INFO - DAG(s) 'example_display_name' retrieved from /home/airflow/.local/lib/python3.12/site-packages/airflow/example_dags/example_display_name.py
[2025-02-27T03:13:21.962+0000] {logging_mixin.py:190} INFO - [2025-02-27T03:13:21.961+0000] {dag.py:3239} INFO - Sync 1 DAGs
[2025-02-27T03:13:22.008+0000] {logging_mixin.py:190} INFO - [2025-02-27T03:13:22.007+0000] {dag.py:4180} INFO - Setting next_dagrun for example_display_name to None, run_after=None
[2025-02-27T03:13:22.085+0000] {processor.py:208} INFO - Processing /home/airflow/.local/lib/python3.12/site-packages/airflow/example_dags/example_display_name.py took 0.361 seconds
[2025-02-27T03:13:52.769+0000] {processor.py:186} INFO - Started process (PID=2472) to work on /home/airflow/.local/lib/python3.12/site-packages/airflow/example_dags/example_display_name.py
[2025-02-27T03:13:52.770+0000] {processor.py:914} INFO - Processing file /home/airflow/.local/lib/python3.12/site-packages/airflow/example_dags/example_display_name.py for tasks to queue
[2025-02-27T03:13:52.774+0000] {logging_mixin.py:190} INFO - [2025-02-27T03:13:52.774+0000] {dagbag.py:588} INFO - Filling up the DagBag from /home/airflow/.local/lib/python3.12/site-packages/airflow/example_dags/example_display_name.py
[2025-02-27T03:13:52.786+0000] {processor.py:925} INFO - DAG(s) 'example_display_name' retrieved from /home/airflow/.local/lib/python3.12/site-packages/airflow/example_dags/example_display_name.py
[2025-02-27T03:13:52.920+0000] {logging_mixin.py:190} INFO - [2025-02-27T03:13:52.919+0000] {dag.py:3239} INFO - Sync 1 DAGs
[2025-02-27T03:13:52.959+0000] {logging_mixin.py:190} INFO - [2025-02-27T03:13:52.958+0000] {dag.py:4180} INFO - Setting next_dagrun for example_display_name to None, run_after=None
[2025-02-27T03:13:53.003+0000] {processor.py:208} INFO - Processing /home/airflow/.local/lib/python3.12/site-packages/airflow/example_dags/example_display_name.py took 0.244 seconds
[2025-02-27T03:14:23.230+0000] {processor.py:186} INFO - Started process (PID=2534) to work on /home/airflow/.local/lib/python3.12/site-packages/airflow/example_dags/example_display_name.py
[2025-02-27T03:14:23.231+0000] {processor.py:914} INFO - Processing file /home/airflow/.local/lib/python3.12/site-packages/airflow/example_dags/example_display_name.py for tasks to queue
[2025-02-27T03:14:23.235+0000] {logging_mixin.py:190} INFO - [2025-02-27T03:14:23.234+0000] {dagbag.py:588} INFO - Filling up the DagBag from /home/airflow/.local/lib/python3.12/site-packages/airflow/example_dags/example_display_name.py
[2025-02-27T03:14:23.244+0000] {processor.py:925} INFO - DAG(s) 'example_display_name' retrieved from /home/airflow/.local/lib/python3.12/site-packages/airflow/example_dags/example_display_name.py
[2025-02-27T03:14:23.367+0000] {logging_mixin.py:190} INFO - [2025-02-27T03:14:23.367+0000] {dag.py:3239} INFO - Sync 1 DAGs
[2025-02-27T03:14:23.398+0000] {logging_mixin.py:190} INFO - [2025-02-27T03:14:23.398+0000] {dag.py:4180} INFO - Setting next_dagrun for example_display_name to None, run_after=None
[2025-02-27T03:14:23.452+0000] {processor.py:208} INFO - Processing /home/airflow/.local/lib/python3.12/site-packages/airflow/example_dags/example_display_name.py took 0.232 seconds
[2025-02-27T03:14:54.087+0000] {processor.py:186} INFO - Started process (PID=2597) to work on /home/airflow/.local/lib/python3.12/site-packages/airflow/example_dags/example_display_name.py
[2025-02-27T03:14:54.088+0000] {processor.py:914} INFO - Processing file /home/airflow/.local/lib/python3.12/site-packages/airflow/example_dags/example_display_name.py for tasks to queue
[2025-02-27T03:14:54.092+0000] {logging_mixin.py:190} INFO - [2025-02-27T03:14:54.091+0000] {dagbag.py:588} INFO - Filling up the DagBag from /home/airflow/.local/lib/python3.12/site-packages/airflow/example_dags/example_display_name.py
[2025-02-27T03:14:54.105+0000] {processor.py:925} INFO - DAG(s) 'example_display_name' retrieved from /home/airflow/.local/lib/python3.12/site-packages/airflow/example_dags/example_display_name.py
[2025-02-27T03:14:54.244+0000] {logging_mixin.py:190} INFO - [2025-02-27T03:14:54.243+0000] {dag.py:3239} INFO - Sync 1 DAGs
[2025-02-27T03:14:54.321+0000] {logging_mixin.py:190} INFO - [2025-02-27T03:14:54.315+0000] {dag.py:4180} INFO - Setting next_dagrun for example_display_name to None, run_after=None
[2025-02-27T03:14:54.401+0000] {processor.py:208} INFO - Processing /home/airflow/.local/lib/python3.12/site-packages/airflow/example_dags/example_display_name.py took 0.323 seconds
[2025-02-27T03:15:25.791+0000] {processor.py:186} INFO - Started process (PID=2660) to work on /home/airflow/.local/lib/python3.12/site-packages/airflow/example_dags/example_display_name.py
[2025-02-27T03:15:25.793+0000] {processor.py:914} INFO - Processing file /home/airflow/.local/lib/python3.12/site-packages/airflow/example_dags/example_display_name.py for tasks to queue
[2025-02-27T03:15:25.797+0000] {logging_mixin.py:190} INFO - [2025-02-27T03:15:25.796+0000] {dagbag.py:588} INFO - Filling up the DagBag from /home/airflow/.local/lib/python3.12/site-packages/airflow/example_dags/example_display_name.py
[2025-02-27T03:15:25.809+0000] {processor.py:925} INFO - DAG(s) 'example_display_name' retrieved from /home/airflow/.local/lib/python3.12/site-packages/airflow/example_dags/example_display_name.py
[2025-02-27T03:15:25.926+0000] {logging_mixin.py:190} INFO - [2025-02-27T03:15:25.926+0000] {dag.py:3239} INFO - Sync 1 DAGs
[2025-02-27T03:15:25.963+0000] {logging_mixin.py:190} INFO - [2025-02-27T03:15:25.962+0000] {dag.py:4180} INFO - Setting next_dagrun for example_display_name to None, run_after=None
[2025-02-27T03:15:26.007+0000] {processor.py:208} INFO - Processing /home/airflow/.local/lib/python3.12/site-packages/airflow/example_dags/example_display_name.py took 0.226 seconds
[2025-02-27T03:15:57.569+0000] {processor.py:186} INFO - Started process (PID=2723) to work on /home/airflow/.local/lib/python3.12/site-packages/airflow/example_dags/example_display_name.py
[2025-02-27T03:15:57.570+0000] {processor.py:914} INFO - Processing file /home/airflow/.local/lib/python3.12/site-packages/airflow/example_dags/example_display_name.py for tasks to queue
[2025-02-27T03:15:57.575+0000] {logging_mixin.py:190} INFO - [2025-02-27T03:15:57.574+0000] {dagbag.py:588} INFO - Filling up the DagBag from /home/airflow/.local/lib/python3.12/site-packages/airflow/example_dags/example_display_name.py
[2025-02-27T03:15:57.592+0000] {processor.py:925} INFO - DAG(s) 'example_display_name' retrieved from /home/airflow/.local/lib/python3.12/site-packages/airflow/example_dags/example_display_name.py
[2025-02-27T03:15:57.757+0000] {logging_mixin.py:190} INFO - [2025-02-27T03:15:57.757+0000] {dag.py:3239} INFO - Sync 1 DAGs
[2025-02-27T03:15:57.800+0000] {logging_mixin.py:190} INFO - [2025-02-27T03:15:57.800+0000] {dag.py:4180} INFO - Setting next_dagrun for example_display_name to None, run_after=None
[2025-02-27T03:15:57.861+0000] {processor.py:208} INFO - Processing /home/airflow/.local/lib/python3.12/site-packages/airflow/example_dags/example_display_name.py took 0.304 seconds
[2025-02-27T03:16:28.486+0000] {processor.py:186} INFO - Started process (PID=2786) to work on /home/airflow/.local/lib/python3.12/site-packages/airflow/example_dags/example_display_name.py
[2025-02-27T03:16:28.488+0000] {processor.py:914} INFO - Processing file /home/airflow/.local/lib/python3.12/site-packages/airflow/example_dags/example_display_name.py for tasks to queue
[2025-02-27T03:16:28.491+0000] {logging_mixin.py:190} INFO - [2025-02-27T03:16:28.491+0000] {dagbag.py:588} INFO - Filling up the DagBag from /home/airflow/.local/lib/python3.12/site-packages/airflow/example_dags/example_display_name.py
[2025-02-27T03:16:28.502+0000] {processor.py:925} INFO - DAG(s) 'example_display_name' retrieved from /home/airflow/.local/lib/python3.12/site-packages/airflow/example_dags/example_display_name.py
[2025-02-27T03:16:28.627+0000] {logging_mixin.py:190} INFO - [2025-02-27T03:16:28.627+0000] {dag.py:3239} INFO - Sync 1 DAGs
[2025-02-27T03:16:28.660+0000] {logging_mixin.py:190} INFO - [2025-02-27T03:16:28.660+0000] {dag.py:4180} INFO - Setting next_dagrun for example_display_name to None, run_after=None
[2025-02-27T03:16:28.703+0000] {processor.py:208} INFO - Processing /home/airflow/.local/lib/python3.12/site-packages/airflow/example_dags/example_display_name.py took 0.225 seconds
[2025-02-27T03:16:59.568+0000] {processor.py:186} INFO - Started process (PID=2849) to work on /home/airflow/.local/lib/python3.12/site-packages/airflow/example_dags/example_display_name.py
[2025-02-27T03:16:59.570+0000] {processor.py:914} INFO - Processing file /home/airflow/.local/lib/python3.12/site-packages/airflow/example_dags/example_display_name.py for tasks to queue
[2025-02-27T03:16:59.573+0000] {logging_mixin.py:190} INFO - [2025-02-27T03:16:59.573+0000] {dagbag.py:588} INFO - Filling up the DagBag from /home/airflow/.local/lib/python3.12/site-packages/airflow/example_dags/example_display_name.py
[2025-02-27T03:16:59.587+0000] {processor.py:925} INFO - DAG(s) 'example_display_name' retrieved from /home/airflow/.local/lib/python3.12/site-packages/airflow/example_dags/example_display_name.py
[2025-02-27T03:16:59.730+0000] {logging_mixin.py:190} INFO - [2025-02-27T03:16:59.729+0000] {dag.py:3239} INFO - Sync 1 DAGs
[2025-02-27T03:16:59.774+0000] {logging_mixin.py:190} INFO - [2025-02-27T03:16:59.773+0000] {dag.py:4180} INFO - Setting next_dagrun for example_display_name to None, run_after=None
[2025-02-27T03:16:59.822+0000] {processor.py:208} INFO - Processing /home/airflow/.local/lib/python3.12/site-packages/airflow/example_dags/example_display_name.py took 0.261 seconds
[2025-02-27T03:17:30.141+0000] {processor.py:186} INFO - Started process (PID=2912) to work on /home/airflow/.local/lib/python3.12/site-packages/airflow/example_dags/example_display_name.py
[2025-02-27T03:17:30.143+0000] {processor.py:914} INFO - Processing file /home/airflow/.local/lib/python3.12/site-packages/airflow/example_dags/example_display_name.py for tasks to queue
[2025-02-27T03:17:30.146+0000] {logging_mixin.py:190} INFO - [2025-02-27T03:17:30.146+0000] {dagbag.py:588} INFO - Filling up the DagBag from /home/airflow/.local/lib/python3.12/site-packages/airflow/example_dags/example_display_name.py
[2025-02-27T03:17:30.158+0000] {processor.py:925} INFO - DAG(s) 'example_display_name' retrieved from /home/airflow/.local/lib/python3.12/site-packages/airflow/example_dags/example_display_name.py
[2025-02-27T03:17:30.272+0000] {logging_mixin.py:190} INFO - [2025-02-27T03:17:30.272+0000] {dag.py:3239} INFO - Sync 1 DAGs
[2025-02-27T03:17:30.305+0000] {logging_mixin.py:190} INFO - [2025-02-27T03:17:30.305+0000] {dag.py:4180} INFO - Setting next_dagrun for example_display_name to None, run_after=None
[2025-02-27T03:17:30.361+0000] {processor.py:208} INFO - Processing /home/airflow/.local/lib/python3.12/site-packages/airflow/example_dags/example_display_name.py took 0.229 seconds
[2025-02-27T03:18:00.729+0000] {processor.py:186} INFO - Started process (PID=2974) to work on /home/airflow/.local/lib/python3.12/site-packages/airflow/example_dags/example_display_name.py
[2025-02-27T03:18:00.730+0000] {processor.py:914} INFO - Processing file /home/airflow/.local/lib/python3.12/site-packages/airflow/example_dags/example_display_name.py for tasks to queue
[2025-02-27T03:18:00.735+0000] {logging_mixin.py:190} INFO - [2025-02-27T03:18:00.734+0000] {dagbag.py:588} INFO - Filling up the DagBag from /home/airflow/.local/lib/python3.12/site-packages/airflow/example_dags/example_display_name.py
[2025-02-27T03:18:00.748+0000] {processor.py:925} INFO - DAG(s) 'example_display_name' retrieved from /home/airflow/.local/lib/python3.12/site-packages/airflow/example_dags/example_display_name.py
[2025-02-27T03:18:00.898+0000] {logging_mixin.py:190} INFO - [2025-02-27T03:18:00.898+0000] {dag.py:3239} INFO - Sync 1 DAGs
[2025-02-27T03:18:00.937+0000] {logging_mixin.py:190} INFO - [2025-02-27T03:18:00.937+0000] {dag.py:4180} INFO - Setting next_dagrun for example_display_name to None, run_after=None
[2025-02-27T03:18:00.982+0000] {processor.py:208} INFO - Processing /home/airflow/.local/lib/python3.12/site-packages/airflow/example_dags/example_display_name.py took 0.263 seconds
[2025-02-27T03:18:31.997+0000] {processor.py:186} INFO - Started process (PID=3037) to work on /home/airflow/.local/lib/python3.12/site-packages/airflow/example_dags/example_display_name.py
[2025-02-27T03:18:31.998+0000] {processor.py:914} INFO - Processing file /home/airflow/.local/lib/python3.12/site-packages/airflow/example_dags/example_display_name.py for tasks to queue
[2025-02-27T03:18:32.003+0000] {logging_mixin.py:190} INFO - [2025-02-27T03:18:32.002+0000] {dagbag.py:588} INFO - Filling up the DagBag from /home/airflow/.local/lib/python3.12/site-packages/airflow/example_dags/example_display_name.py
[2025-02-27T03:18:32.018+0000] {processor.py:925} INFO - DAG(s) 'example_display_name' retrieved from /home/airflow/.local/lib/python3.12/site-packages/airflow/example_dags/example_display_name.py
[2025-02-27T03:18:32.229+0000] {logging_mixin.py:190} INFO - [2025-02-27T03:18:32.229+0000] {dag.py:3239} INFO - Sync 1 DAGs
[2025-02-27T03:18:32.328+0000] {logging_mixin.py:190} INFO - [2025-02-27T03:18:32.327+0000] {dag.py:4180} INFO - Setting next_dagrun for example_display_name to None, run_after=None
[2025-02-27T03:18:32.396+0000] {processor.py:208} INFO - Processing /home/airflow/.local/lib/python3.12/site-packages/airflow/example_dags/example_display_name.py took 0.413 seconds
[2025-02-27T03:19:03.302+0000] {processor.py:186} INFO - Started process (PID=3100) to work on /home/airflow/.local/lib/python3.12/site-packages/airflow/example_dags/example_display_name.py
[2025-02-27T03:19:03.305+0000] {processor.py:914} INFO - Processing file /home/airflow/.local/lib/python3.12/site-packages/airflow/example_dags/example_display_name.py for tasks to queue
[2025-02-27T03:19:03.310+0000] {logging_mixin.py:190} INFO - [2025-02-27T03:19:03.309+0000] {dagbag.py:588} INFO - Filling up the DagBag from /home/airflow/.local/lib/python3.12/site-packages/airflow/example_dags/example_display_name.py
[2025-02-27T03:19:03.324+0000] {processor.py:925} INFO - DAG(s) 'example_display_name' retrieved from /home/airflow/.local/lib/python3.12/site-packages/airflow/example_dags/example_display_name.py
[2025-02-27T03:19:03.506+0000] {logging_mixin.py:190} INFO - [2025-02-27T03:19:03.506+0000] {dag.py:3239} INFO - Sync 1 DAGs
[2025-02-27T03:19:03.559+0000] {logging_mixin.py:190} INFO - [2025-02-27T03:19:03.558+0000] {dag.py:4180} INFO - Setting next_dagrun for example_display_name to None, run_after=None
[2025-02-27T03:19:03.615+0000] {processor.py:208} INFO - Processing /home/airflow/.local/lib/python3.12/site-packages/airflow/example_dags/example_display_name.py took 0.323 seconds
[2025-02-27T03:19:34.567+0000] {processor.py:186} INFO - Started process (PID=3164) to work on /home/airflow/.local/lib/python3.12/site-packages/airflow/example_dags/example_display_name.py
[2025-02-27T03:19:34.568+0000] {processor.py:914} INFO - Processing file /home/airflow/.local/lib/python3.12/site-packages/airflow/example_dags/example_display_name.py for tasks to queue
[2025-02-27T03:19:34.572+0000] {logging_mixin.py:190} INFO - [2025-02-27T03:19:34.571+0000] {dagbag.py:588} INFO - Filling up the DagBag from /home/airflow/.local/lib/python3.12/site-packages/airflow/example_dags/example_display_name.py
[2025-02-27T03:19:34.584+0000] {processor.py:925} INFO - DAG(s) 'example_display_name' retrieved from /home/airflow/.local/lib/python3.12/site-packages/airflow/example_dags/example_display_name.py
[2025-02-27T03:19:34.735+0000] {logging_mixin.py:190} INFO - [2025-02-27T03:19:34.735+0000] {dag.py:3239} INFO - Sync 1 DAGs
[2025-02-27T03:19:34.779+0000] {logging_mixin.py:190} INFO - [2025-02-27T03:19:34.779+0000] {dag.py:4180} INFO - Setting next_dagrun for example_display_name to None, run_after=None
[2025-02-27T03:19:34.847+0000] {processor.py:208} INFO - Processing /home/airflow/.local/lib/python3.12/site-packages/airflow/example_dags/example_display_name.py took 0.293 seconds
[2025-02-27T03:20:06.685+0000] {processor.py:186} INFO - Started process (PID=3227) to work on /home/airflow/.local/lib/python3.12/site-packages/airflow/example_dags/example_display_name.py
[2025-02-27T03:20:06.688+0000] {processor.py:914} INFO - Processing file /home/airflow/.local/lib/python3.12/site-packages/airflow/example_dags/example_display_name.py for tasks to queue
[2025-02-27T03:20:06.693+0000] {logging_mixin.py:190} INFO - [2025-02-27T03:20:06.692+0000] {dagbag.py:588} INFO - Filling up the DagBag from /home/airflow/.local/lib/python3.12/site-packages/airflow/example_dags/example_display_name.py
[2025-02-27T03:20:06.786+0000] {processor.py:925} INFO - DAG(s) 'example_display_name' retrieved from /home/airflow/.local/lib/python3.12/site-packages/airflow/example_dags/example_display_name.py
[2025-02-27T03:20:07.120+0000] {logging_mixin.py:190} INFO - [2025-02-27T03:20:07.119+0000] {dag.py:3239} INFO - Sync 1 DAGs
[2025-02-27T03:20:07.188+0000] {logging_mixin.py:190} INFO - [2025-02-27T03:20:07.188+0000] {dag.py:4180} INFO - Setting next_dagrun for example_display_name to None, run_after=None
[2025-02-27T03:20:07.298+0000] {processor.py:208} INFO - Processing /home/airflow/.local/lib/python3.12/site-packages/airflow/example_dags/example_display_name.py took 0.627 seconds
[2025-02-27T03:20:38.192+0000] {processor.py:186} INFO - Started process (PID=3290) to work on /home/airflow/.local/lib/python3.12/site-packages/airflow/example_dags/example_display_name.py
[2025-02-27T03:20:38.194+0000] {processor.py:914} INFO - Processing file /home/airflow/.local/lib/python3.12/site-packages/airflow/example_dags/example_display_name.py for tasks to queue
[2025-02-27T03:20:38.197+0000] {logging_mixin.py:190} INFO - [2025-02-27T03:20:38.197+0000] {dagbag.py:588} INFO - Filling up the DagBag from /home/airflow/.local/lib/python3.12/site-packages/airflow/example_dags/example_display_name.py
[2025-02-27T03:20:38.208+0000] {processor.py:925} INFO - DAG(s) 'example_display_name' retrieved from /home/airflow/.local/lib/python3.12/site-packages/airflow/example_dags/example_display_name.py
[2025-02-27T03:20:38.347+0000] {logging_mixin.py:190} INFO - [2025-02-27T03:20:38.346+0000] {dag.py:3239} INFO - Sync 1 DAGs
[2025-02-27T03:20:38.387+0000] {logging_mixin.py:190} INFO - [2025-02-27T03:20:38.387+0000] {dag.py:4180} INFO - Setting next_dagrun for example_display_name to None, run_after=None
[2025-02-27T03:20:38.437+0000] {processor.py:208} INFO - Processing /home/airflow/.local/lib/python3.12/site-packages/airflow/example_dags/example_display_name.py took 0.253 seconds
