[2025-02-27T02:51:25.977+0000] {processor.py:186} INFO - Started process (PID=88) to work on /home/airflow/.local/lib/python3.12/site-packages/airflow/example_dags/example_latest_only_with_trigger.py
[2025-02-27T02:51:25.979+0000] {processor.py:914} INFO - Processing file /home/airflow/.local/lib/python3.12/site-packages/airflow/example_dags/example_latest_only_with_trigger.py for tasks to queue
[2025-02-27T02:51:25.984+0000] {logging_mixin.py:190} INFO - [2025-02-27T02:51:25.983+0000] {dagbag.py:588} INFO - Filling up the DagBag from /home/airflow/.local/lib/python3.12/site-packages/airflow/example_dags/example_latest_only_with_trigger.py
[2025-02-27T02:51:25.997+0000] {processor.py:925} INFO - DAG(s) 'latest_only_with_trigger' retrieved from /home/airflow/.local/lib/python3.12/site-packages/airflow/example_dags/example_latest_only_with_trigger.py
[2025-02-27T02:51:26.197+0000] {logging_mixin.py:190} INFO - [2025-02-27T02:51:26.196+0000] {override.py:1912} INFO - Created Permission View: can delete on DAG:latest_only_with_trigger
[2025-02-27T02:51:26.229+0000] {logging_mixin.py:190} INFO - [2025-02-27T02:51:26.228+0000] {override.py:1912} INFO - Created Permission View: can read on DAG:latest_only_with_trigger
[2025-02-27T02:51:26.245+0000] {logging_mixin.py:190} INFO - [2025-02-27T02:51:26.244+0000] {override.py:1912} INFO - Created Permission View: can edit on DAG:latest_only_with_trigger
[2025-02-27T02:51:26.269+0000] {logging_mixin.py:190} INFO - [2025-02-27T02:51:26.268+0000] {override.py:1912} INFO - Created Permission View: menu access on DAG Run:latest_only_with_trigger
[2025-02-27T02:51:26.287+0000] {logging_mixin.py:190} INFO - [2025-02-27T02:51:26.286+0000] {override.py:1912} INFO - Created Permission View: can delete on DAG Run:latest_only_with_trigger
[2025-02-27T02:51:26.306+0000] {logging_mixin.py:190} INFO - [2025-02-27T02:51:26.306+0000] {override.py:1912} INFO - Created Permission View: can read on DAG Run:latest_only_with_trigger
[2025-02-27T02:51:26.324+0000] {logging_mixin.py:190} INFO - [2025-02-27T02:51:26.324+0000] {override.py:1912} INFO - Created Permission View: can create on DAG Run:latest_only_with_trigger
[2025-02-27T02:51:26.326+0000] {logging_mixin.py:190} INFO - [2025-02-27T02:51:26.325+0000] {dag.py:3239} INFO - Sync 1 DAGs
[2025-02-27T02:51:26.378+0000] {logging_mixin.py:190} INFO - [2025-02-27T02:51:26.378+0000] {dag.py:3262} INFO - Creating ORM DAG for latest_only_with_trigger
[2025-02-27T02:51:26.404+0000] {logging_mixin.py:190} INFO - [2025-02-27T02:51:26.404+0000] {dag.py:4180} INFO - Setting next_dagrun for latest_only_with_trigger to 2025-02-26 20:00:00+00:00, run_after=2025-02-27 00:00:00+00:00
[2025-02-27T02:51:26.459+0000] {processor.py:208} INFO - Processing /home/airflow/.local/lib/python3.12/site-packages/airflow/example_dags/example_latest_only_with_trigger.py took 0.497 seconds
[2025-02-27T02:54:06.020+0000] {processor.py:186} INFO - Started process (PID=84) to work on /home/airflow/.local/lib/python3.12/site-packages/airflow/example_dags/example_latest_only_with_trigger.py
[2025-02-27T02:54:06.021+0000] {processor.py:914} INFO - Processing file /home/airflow/.local/lib/python3.12/site-packages/airflow/example_dags/example_latest_only_with_trigger.py for tasks to queue
[2025-02-27T02:54:06.026+0000] {logging_mixin.py:190} INFO - [2025-02-27T02:54:06.025+0000] {dagbag.py:588} INFO - Filling up the DagBag from /home/airflow/.local/lib/python3.12/site-packages/airflow/example_dags/example_latest_only_with_trigger.py
[2025-02-27T02:54:06.045+0000] {processor.py:925} INFO - DAG(s) 'latest_only_with_trigger' retrieved from /home/airflow/.local/lib/python3.12/site-packages/airflow/example_dags/example_latest_only_with_trigger.py
[2025-02-27T02:54:07.018+0000] {logging_mixin.py:190} INFO - [2025-02-27T02:54:07.016+0000] {override.py:1912} INFO - Created Permission View: can read on DAG:latest_only_with_trigger
[2025-02-27T02:54:07.052+0000] {logging_mixin.py:190} INFO - [2025-02-27T02:54:07.052+0000] {override.py:1912} INFO - Created Permission View: can delete on DAG:latest_only_with_trigger
[2025-02-27T02:54:07.074+0000] {logging_mixin.py:190} INFO - [2025-02-27T02:54:07.073+0000] {override.py:1912} INFO - Created Permission View: can edit on DAG:latest_only_with_trigger
[2025-02-27T02:54:07.101+0000] {logging_mixin.py:190} INFO - [2025-02-27T02:54:07.100+0000] {override.py:1912} INFO - Created Permission View: can read on DAG Run:latest_only_with_trigger
[2025-02-27T02:54:07.120+0000] {logging_mixin.py:190} INFO - [2025-02-27T02:54:07.119+0000] {override.py:1912} INFO - Created Permission View: menu access on DAG Run:latest_only_with_trigger
[2025-02-27T02:54:07.142+0000] {logging_mixin.py:190} INFO - [2025-02-27T02:54:07.141+0000] {override.py:1912} INFO - Created Permission View: can delete on DAG Run:latest_only_with_trigger
[2025-02-27T02:54:07.162+0000] {logging_mixin.py:190} INFO - [2025-02-27T02:54:07.162+0000] {override.py:1912} INFO - Created Permission View: can create on DAG Run:latest_only_with_trigger
[2025-02-27T02:54:07.164+0000] {logging_mixin.py:190} INFO - [2025-02-27T02:54:07.164+0000] {dag.py:3239} INFO - Sync 1 DAGs
[2025-02-27T02:54:07.215+0000] {logging_mixin.py:190} INFO - [2025-02-27T02:54:07.215+0000] {dag.py:3262} INFO - Creating ORM DAG for latest_only_with_trigger
[2025-02-27T02:54:07.249+0000] {logging_mixin.py:190} INFO - [2025-02-27T02:54:07.248+0000] {dag.py:4180} INFO - Setting next_dagrun for latest_only_with_trigger to 2025-02-26 20:00:00+00:00, run_after=2025-02-27 00:00:00+00:00
[2025-02-27T02:54:07.311+0000] {processor.py:208} INFO - Processing /home/airflow/.local/lib/python3.12/site-packages/airflow/example_dags/example_latest_only_with_trigger.py took 1.304 seconds
[2025-02-27T02:54:37.373+0000] {processor.py:186} INFO - Started process (PID=146) to work on /home/airflow/.local/lib/python3.12/site-packages/airflow/example_dags/example_latest_only_with_trigger.py
[2025-02-27T02:54:37.376+0000] {processor.py:914} INFO - Processing file /home/airflow/.local/lib/python3.12/site-packages/airflow/example_dags/example_latest_only_with_trigger.py for tasks to queue
[2025-02-27T02:54:37.380+0000] {logging_mixin.py:190} INFO - [2025-02-27T02:54:37.379+0000] {dagbag.py:588} INFO - Filling up the DagBag from /home/airflow/.local/lib/python3.12/site-packages/airflow/example_dags/example_latest_only_with_trigger.py
[2025-02-27T02:54:37.390+0000] {processor.py:925} INFO - DAG(s) 'latest_only_with_trigger' retrieved from /home/airflow/.local/lib/python3.12/site-packages/airflow/example_dags/example_latest_only_with_trigger.py
[2025-02-27T02:54:37.547+0000] {logging_mixin.py:190} INFO - [2025-02-27T02:54:37.547+0000] {dag.py:3239} INFO - Sync 1 DAGs
[2025-02-27T02:54:37.618+0000] {logging_mixin.py:190} INFO - [2025-02-27T02:54:37.617+0000] {dag.py:4180} INFO - Setting next_dagrun for latest_only_with_trigger to 2025-02-26 20:00:00+00:00, run_after=2025-02-27 00:00:00+00:00
[2025-02-27T02:54:37.686+0000] {processor.py:208} INFO - Processing /home/airflow/.local/lib/python3.12/site-packages/airflow/example_dags/example_latest_only_with_trigger.py took 0.321 seconds
[2025-02-27T02:55:08.141+0000] {processor.py:186} INFO - Started process (PID=208) to work on /home/airflow/.local/lib/python3.12/site-packages/airflow/example_dags/example_latest_only_with_trigger.py
[2025-02-27T02:55:08.143+0000] {processor.py:914} INFO - Processing file /home/airflow/.local/lib/python3.12/site-packages/airflow/example_dags/example_latest_only_with_trigger.py for tasks to queue
[2025-02-27T02:55:08.147+0000] {logging_mixin.py:190} INFO - [2025-02-27T02:55:08.146+0000] {dagbag.py:588} INFO - Filling up the DagBag from /home/airflow/.local/lib/python3.12/site-packages/airflow/example_dags/example_latest_only_with_trigger.py
[2025-02-27T02:55:08.158+0000] {processor.py:925} INFO - DAG(s) 'latest_only_with_trigger' retrieved from /home/airflow/.local/lib/python3.12/site-packages/airflow/example_dags/example_latest_only_with_trigger.py
[2025-02-27T02:55:08.298+0000] {logging_mixin.py:190} INFO - [2025-02-27T02:55:08.297+0000] {dag.py:3239} INFO - Sync 1 DAGs
[2025-02-27T02:55:08.357+0000] {logging_mixin.py:190} INFO - [2025-02-27T02:55:08.357+0000] {dag.py:4180} INFO - Setting next_dagrun for latest_only_with_trigger to 2025-02-26 20:00:00+00:00, run_after=2025-02-27 00:00:00+00:00
[2025-02-27T02:55:08.412+0000] {processor.py:208} INFO - Processing /home/airflow/.local/lib/python3.12/site-packages/airflow/example_dags/example_latest_only_with_trigger.py took 0.279 seconds
[2025-02-27T02:55:42.474+0000] {processor.py:186} INFO - Started process (PID=272) to work on /home/airflow/.local/lib/python3.12/site-packages/airflow/example_dags/example_latest_only_with_trigger.py
[2025-02-27T02:55:42.475+0000] {processor.py:914} INFO - Processing file /home/airflow/.local/lib/python3.12/site-packages/airflow/example_dags/example_latest_only_with_trigger.py for tasks to queue
[2025-02-27T02:55:42.479+0000] {logging_mixin.py:190} INFO - [2025-02-27T02:55:42.479+0000] {dagbag.py:588} INFO - Filling up the DagBag from /home/airflow/.local/lib/python3.12/site-packages/airflow/example_dags/example_latest_only_with_trigger.py
[2025-02-27T02:55:42.492+0000] {processor.py:925} INFO - DAG(s) 'latest_only_with_trigger' retrieved from /home/airflow/.local/lib/python3.12/site-packages/airflow/example_dags/example_latest_only_with_trigger.py
[2025-02-27T02:55:42.692+0000] {logging_mixin.py:190} INFO - [2025-02-27T02:55:42.691+0000] {dag.py:3239} INFO - Sync 1 DAGs
[2025-02-27T02:55:42.772+0000] {logging_mixin.py:190} INFO - [2025-02-27T02:55:42.771+0000] {dag.py:4180} INFO - Setting next_dagrun for latest_only_with_trigger to 2025-02-26 20:00:00+00:00, run_after=2025-02-27 00:00:00+00:00
[2025-02-27T02:55:42.828+0000] {processor.py:208} INFO - Processing /home/airflow/.local/lib/python3.12/site-packages/airflow/example_dags/example_latest_only_with_trigger.py took 0.366 seconds
[2025-02-27T02:56:14.776+0000] {processor.py:186} INFO - Started process (PID=335) to work on /home/airflow/.local/lib/python3.12/site-packages/airflow/example_dags/example_latest_only_with_trigger.py
[2025-02-27T02:56:14.781+0000] {processor.py:914} INFO - Processing file /home/airflow/.local/lib/python3.12/site-packages/airflow/example_dags/example_latest_only_with_trigger.py for tasks to queue
[2025-02-27T02:56:14.786+0000] {logging_mixin.py:190} INFO - [2025-02-27T02:56:14.785+0000] {dagbag.py:588} INFO - Filling up the DagBag from /home/airflow/.local/lib/python3.12/site-packages/airflow/example_dags/example_latest_only_with_trigger.py
[2025-02-27T02:56:14.807+0000] {processor.py:925} INFO - DAG(s) 'latest_only_with_trigger' retrieved from /home/airflow/.local/lib/python3.12/site-packages/airflow/example_dags/example_latest_only_with_trigger.py
[2025-02-27T02:56:14.987+0000] {logging_mixin.py:190} INFO - [2025-02-27T02:56:14.987+0000] {dag.py:3239} INFO - Sync 1 DAGs
[2025-02-27T02:56:15.086+0000] {logging_mixin.py:190} INFO - [2025-02-27T02:56:15.085+0000] {dag.py:4180} INFO - Setting next_dagrun for latest_only_with_trigger to 2025-02-26 20:00:00+00:00, run_after=2025-02-27 00:00:00+00:00
[2025-02-27T02:56:15.185+0000] {processor.py:208} INFO - Processing /home/airflow/.local/lib/python3.12/site-packages/airflow/example_dags/example_latest_only_with_trigger.py took 0.420 seconds
[2025-02-27T02:56:46.053+0000] {processor.py:186} INFO - Started process (PID=398) to work on /home/airflow/.local/lib/python3.12/site-packages/airflow/example_dags/example_latest_only_with_trigger.py
[2025-02-27T02:56:46.054+0000] {processor.py:914} INFO - Processing file /home/airflow/.local/lib/python3.12/site-packages/airflow/example_dags/example_latest_only_with_trigger.py for tasks to queue
[2025-02-27T02:56:46.059+0000] {logging_mixin.py:190} INFO - [2025-02-27T02:56:46.058+0000] {dagbag.py:588} INFO - Filling up the DagBag from /home/airflow/.local/lib/python3.12/site-packages/airflow/example_dags/example_latest_only_with_trigger.py
[2025-02-27T02:56:46.076+0000] {processor.py:925} INFO - DAG(s) 'latest_only_with_trigger' retrieved from /home/airflow/.local/lib/python3.12/site-packages/airflow/example_dags/example_latest_only_with_trigger.py
[2025-02-27T02:56:46.259+0000] {logging_mixin.py:190} INFO - [2025-02-27T02:56:46.259+0000] {dag.py:3239} INFO - Sync 1 DAGs
[2025-02-27T02:56:46.346+0000] {logging_mixin.py:190} INFO - [2025-02-27T02:56:46.345+0000] {dag.py:4180} INFO - Setting next_dagrun for latest_only_with_trigger to 2025-02-26 20:00:00+00:00, run_after=2025-02-27 00:00:00+00:00
[2025-02-27T02:56:46.428+0000] {processor.py:208} INFO - Processing /home/airflow/.local/lib/python3.12/site-packages/airflow/example_dags/example_latest_only_with_trigger.py took 0.389 seconds
[2025-02-27T02:57:17.601+0000] {processor.py:186} INFO - Started process (PID=466) to work on /home/airflow/.local/lib/python3.12/site-packages/airflow/example_dags/example_latest_only_with_trigger.py
[2025-02-27T02:57:17.602+0000] {processor.py:914} INFO - Processing file /home/airflow/.local/lib/python3.12/site-packages/airflow/example_dags/example_latest_only_with_trigger.py for tasks to queue
[2025-02-27T02:57:17.607+0000] {logging_mixin.py:190} INFO - [2025-02-27T02:57:17.605+0000] {dagbag.py:588} INFO - Filling up the DagBag from /home/airflow/.local/lib/python3.12/site-packages/airflow/example_dags/example_latest_only_with_trigger.py
[2025-02-27T02:57:17.620+0000] {processor.py:925} INFO - DAG(s) 'latest_only_with_trigger' retrieved from /home/airflow/.local/lib/python3.12/site-packages/airflow/example_dags/example_latest_only_with_trigger.py
[2025-02-27T02:57:17.788+0000] {logging_mixin.py:190} INFO - [2025-02-27T02:57:17.788+0000] {dag.py:3239} INFO - Sync 1 DAGs
[2025-02-27T02:57:17.856+0000] {logging_mixin.py:190} INFO - [2025-02-27T02:57:17.855+0000] {dag.py:4180} INFO - Setting next_dagrun for latest_only_with_trigger to 2025-02-26 20:00:00+00:00, run_after=2025-02-27 00:00:00+00:00
[2025-02-27T02:57:17.921+0000] {processor.py:208} INFO - Processing /home/airflow/.local/lib/python3.12/site-packages/airflow/example_dags/example_latest_only_with_trigger.py took 0.329 seconds
[2025-02-27T02:57:49.429+0000] {processor.py:186} INFO - Started process (PID=529) to work on /home/airflow/.local/lib/python3.12/site-packages/airflow/example_dags/example_latest_only_with_trigger.py
[2025-02-27T02:57:49.431+0000] {processor.py:914} INFO - Processing file /home/airflow/.local/lib/python3.12/site-packages/airflow/example_dags/example_latest_only_with_trigger.py for tasks to queue
[2025-02-27T02:57:49.436+0000] {logging_mixin.py:190} INFO - [2025-02-27T02:57:49.435+0000] {dagbag.py:588} INFO - Filling up the DagBag from /home/airflow/.local/lib/python3.12/site-packages/airflow/example_dags/example_latest_only_with_trigger.py
[2025-02-27T02:57:49.450+0000] {processor.py:925} INFO - DAG(s) 'latest_only_with_trigger' retrieved from /home/airflow/.local/lib/python3.12/site-packages/airflow/example_dags/example_latest_only_with_trigger.py
[2025-02-27T02:57:49.589+0000] {logging_mixin.py:190} INFO - [2025-02-27T02:57:49.589+0000] {dag.py:3239} INFO - Sync 1 DAGs
[2025-02-27T02:57:49.652+0000] {logging_mixin.py:190} INFO - [2025-02-27T02:57:49.651+0000] {dag.py:4180} INFO - Setting next_dagrun for latest_only_with_trigger to 2025-02-26 20:00:00+00:00, run_after=2025-02-27 00:00:00+00:00
[2025-02-27T02:57:49.727+0000] {processor.py:208} INFO - Processing /home/airflow/.local/lib/python3.12/site-packages/airflow/example_dags/example_latest_only_with_trigger.py took 0.307 seconds
[2025-02-27T02:58:22.316+0000] {processor.py:186} INFO - Started process (PID=592) to work on /home/airflow/.local/lib/python3.12/site-packages/airflow/example_dags/example_latest_only_with_trigger.py
[2025-02-27T02:58:22.318+0000] {processor.py:914} INFO - Processing file /home/airflow/.local/lib/python3.12/site-packages/airflow/example_dags/example_latest_only_with_trigger.py for tasks to queue
[2025-02-27T02:58:22.322+0000] {logging_mixin.py:190} INFO - [2025-02-27T02:58:22.322+0000] {dagbag.py:588} INFO - Filling up the DagBag from /home/airflow/.local/lib/python3.12/site-packages/airflow/example_dags/example_latest_only_with_trigger.py
[2025-02-27T02:58:22.335+0000] {processor.py:925} INFO - DAG(s) 'latest_only_with_trigger' retrieved from /home/airflow/.local/lib/python3.12/site-packages/airflow/example_dags/example_latest_only_with_trigger.py
[2025-02-27T02:58:22.484+0000] {logging_mixin.py:190} INFO - [2025-02-27T02:58:22.483+0000] {dag.py:3239} INFO - Sync 1 DAGs
[2025-02-27T02:58:22.560+0000] {logging_mixin.py:190} INFO - [2025-02-27T02:58:22.559+0000] {dag.py:4180} INFO - Setting next_dagrun for latest_only_with_trigger to 2025-02-26 20:00:00+00:00, run_after=2025-02-27 00:00:00+00:00
[2025-02-27T02:58:22.640+0000] {processor.py:208} INFO - Processing /home/airflow/.local/lib/python3.12/site-packages/airflow/example_dags/example_latest_only_with_trigger.py took 0.332 seconds
[2025-02-27T02:58:53.984+0000] {processor.py:186} INFO - Started process (PID=655) to work on /home/airflow/.local/lib/python3.12/site-packages/airflow/example_dags/example_latest_only_with_trigger.py
[2025-02-27T02:58:53.986+0000] {processor.py:914} INFO - Processing file /home/airflow/.local/lib/python3.12/site-packages/airflow/example_dags/example_latest_only_with_trigger.py for tasks to queue
[2025-02-27T02:58:53.990+0000] {logging_mixin.py:190} INFO - [2025-02-27T02:58:53.989+0000] {dagbag.py:588} INFO - Filling up the DagBag from /home/airflow/.local/lib/python3.12/site-packages/airflow/example_dags/example_latest_only_with_trigger.py
[2025-02-27T02:58:54.001+0000] {processor.py:925} INFO - DAG(s) 'latest_only_with_trigger' retrieved from /home/airflow/.local/lib/python3.12/site-packages/airflow/example_dags/example_latest_only_with_trigger.py
[2025-02-27T02:58:54.137+0000] {logging_mixin.py:190} INFO - [2025-02-27T02:58:54.137+0000] {dag.py:3239} INFO - Sync 1 DAGs
[2025-02-27T02:58:54.220+0000] {logging_mixin.py:190} INFO - [2025-02-27T02:58:54.220+0000] {dag.py:4180} INFO - Setting next_dagrun for latest_only_with_trigger to 2025-02-26 20:00:00+00:00, run_after=2025-02-27 00:00:00+00:00
[2025-02-27T02:58:54.289+0000] {processor.py:208} INFO - Processing /home/airflow/.local/lib/python3.12/site-packages/airflow/example_dags/example_latest_only_with_trigger.py took 0.315 seconds
[2025-02-27T02:59:26.893+0000] {processor.py:186} INFO - Started process (PID=718) to work on /home/airflow/.local/lib/python3.12/site-packages/airflow/example_dags/example_latest_only_with_trigger.py
[2025-02-27T02:59:26.895+0000] {processor.py:914} INFO - Processing file /home/airflow/.local/lib/python3.12/site-packages/airflow/example_dags/example_latest_only_with_trigger.py for tasks to queue
[2025-02-27T02:59:26.901+0000] {logging_mixin.py:190} INFO - [2025-02-27T02:59:26.900+0000] {dagbag.py:588} INFO - Filling up the DagBag from /home/airflow/.local/lib/python3.12/site-packages/airflow/example_dags/example_latest_only_with_trigger.py
[2025-02-27T02:59:26.921+0000] {processor.py:925} INFO - DAG(s) 'latest_only_with_trigger' retrieved from /home/airflow/.local/lib/python3.12/site-packages/airflow/example_dags/example_latest_only_with_trigger.py
[2025-02-27T02:59:27.340+0000] {logging_mixin.py:190} INFO - [2025-02-27T02:59:27.340+0000] {dag.py:3239} INFO - Sync 1 DAGs
[2025-02-27T02:59:27.463+0000] {logging_mixin.py:190} INFO - [2025-02-27T02:59:27.459+0000] {dag.py:4180} INFO - Setting next_dagrun for latest_only_with_trigger to 2025-02-26 20:00:00+00:00, run_after=2025-02-27 00:00:00+00:00
[2025-02-27T02:59:27.559+0000] {processor.py:208} INFO - Processing /home/airflow/.local/lib/python3.12/site-packages/airflow/example_dags/example_latest_only_with_trigger.py took 0.681 seconds
[2025-02-27T02:59:58.612+0000] {processor.py:186} INFO - Started process (PID=781) to work on /home/airflow/.local/lib/python3.12/site-packages/airflow/example_dags/example_latest_only_with_trigger.py
[2025-02-27T02:59:58.614+0000] {processor.py:914} INFO - Processing file /home/airflow/.local/lib/python3.12/site-packages/airflow/example_dags/example_latest_only_with_trigger.py for tasks to queue
[2025-02-27T02:59:58.625+0000] {logging_mixin.py:190} INFO - [2025-02-27T02:59:58.623+0000] {dagbag.py:588} INFO - Filling up the DagBag from /home/airflow/.local/lib/python3.12/site-packages/airflow/example_dags/example_latest_only_with_trigger.py
[2025-02-27T02:59:58.640+0000] {processor.py:925} INFO - DAG(s) 'latest_only_with_trigger' retrieved from /home/airflow/.local/lib/python3.12/site-packages/airflow/example_dags/example_latest_only_with_trigger.py
[2025-02-27T02:59:58.815+0000] {logging_mixin.py:190} INFO - [2025-02-27T02:59:58.814+0000] {dag.py:3239} INFO - Sync 1 DAGs
[2025-02-27T02:59:58.878+0000] {logging_mixin.py:190} INFO - [2025-02-27T02:59:58.878+0000] {dag.py:4180} INFO - Setting next_dagrun for latest_only_with_trigger to 2025-02-26 20:00:00+00:00, run_after=2025-02-27 00:00:00+00:00
[2025-02-27T02:59:58.926+0000] {processor.py:208} INFO - Processing /home/airflow/.local/lib/python3.12/site-packages/airflow/example_dags/example_latest_only_with_trigger.py took 0.333 seconds
[2025-02-27T03:00:30.435+0000] {processor.py:186} INFO - Started process (PID=844) to work on /home/airflow/.local/lib/python3.12/site-packages/airflow/example_dags/example_latest_only_with_trigger.py
[2025-02-27T03:00:30.436+0000] {processor.py:914} INFO - Processing file /home/airflow/.local/lib/python3.12/site-packages/airflow/example_dags/example_latest_only_with_trigger.py for tasks to queue
[2025-02-27T03:00:30.440+0000] {logging_mixin.py:190} INFO - [2025-02-27T03:00:30.440+0000] {dagbag.py:588} INFO - Filling up the DagBag from /home/airflow/.local/lib/python3.12/site-packages/airflow/example_dags/example_latest_only_with_trigger.py
[2025-02-27T03:00:30.453+0000] {processor.py:925} INFO - DAG(s) 'latest_only_with_trigger' retrieved from /home/airflow/.local/lib/python3.12/site-packages/airflow/example_dags/example_latest_only_with_trigger.py
[2025-02-27T03:00:30.626+0000] {logging_mixin.py:190} INFO - [2025-02-27T03:00:30.625+0000] {dag.py:3239} INFO - Sync 1 DAGs
[2025-02-27T03:00:30.726+0000] {logging_mixin.py:190} INFO - [2025-02-27T03:00:30.725+0000] {dag.py:4180} INFO - Setting next_dagrun for latest_only_with_trigger to 2025-02-26 20:00:00+00:00, run_after=2025-02-27 00:00:00+00:00
[2025-02-27T03:00:30.816+0000] {processor.py:208} INFO - Processing /home/airflow/.local/lib/python3.12/site-packages/airflow/example_dags/example_latest_only_with_trigger.py took 0.389 seconds
[2025-02-27T03:01:01.825+0000] {processor.py:186} INFO - Started process (PID=907) to work on /home/airflow/.local/lib/python3.12/site-packages/airflow/example_dags/example_latest_only_with_trigger.py
[2025-02-27T03:01:01.827+0000] {processor.py:914} INFO - Processing file /home/airflow/.local/lib/python3.12/site-packages/airflow/example_dags/example_latest_only_with_trigger.py for tasks to queue
[2025-02-27T03:01:01.837+0000] {logging_mixin.py:190} INFO - [2025-02-27T03:01:01.832+0000] {dagbag.py:588} INFO - Filling up the DagBag from /home/airflow/.local/lib/python3.12/site-packages/airflow/example_dags/example_latest_only_with_trigger.py
[2025-02-27T03:01:01.856+0000] {processor.py:925} INFO - DAG(s) 'latest_only_with_trigger' retrieved from /home/airflow/.local/lib/python3.12/site-packages/airflow/example_dags/example_latest_only_with_trigger.py
[2025-02-27T03:01:02.067+0000] {logging_mixin.py:190} INFO - [2025-02-27T03:01:02.066+0000] {dag.py:3239} INFO - Sync 1 DAGs
[2025-02-27T03:01:02.139+0000] {logging_mixin.py:190} INFO - [2025-02-27T03:01:02.138+0000] {dag.py:4180} INFO - Setting next_dagrun for latest_only_with_trigger to 2025-02-26 20:00:00+00:00, run_after=2025-02-27 00:00:00+00:00
[2025-02-27T03:01:02.193+0000] {processor.py:208} INFO - Processing /home/airflow/.local/lib/python3.12/site-packages/airflow/example_dags/example_latest_only_with_trigger.py took 0.381 seconds
[2025-02-27T03:01:34.230+0000] {processor.py:186} INFO - Started process (PID=970) to work on /home/airflow/.local/lib/python3.12/site-packages/airflow/example_dags/example_latest_only_with_trigger.py
[2025-02-27T03:01:34.231+0000] {processor.py:914} INFO - Processing file /home/airflow/.local/lib/python3.12/site-packages/airflow/example_dags/example_latest_only_with_trigger.py for tasks to queue
[2025-02-27T03:01:34.235+0000] {logging_mixin.py:190} INFO - [2025-02-27T03:01:34.234+0000] {dagbag.py:588} INFO - Filling up the DagBag from /home/airflow/.local/lib/python3.12/site-packages/airflow/example_dags/example_latest_only_with_trigger.py
[2025-02-27T03:01:34.248+0000] {processor.py:925} INFO - DAG(s) 'latest_only_with_trigger' retrieved from /home/airflow/.local/lib/python3.12/site-packages/airflow/example_dags/example_latest_only_with_trigger.py
[2025-02-27T03:01:34.426+0000] {logging_mixin.py:190} INFO - [2025-02-27T03:01:34.423+0000] {dag.py:3239} INFO - Sync 1 DAGs
[2025-02-27T03:01:34.506+0000] {logging_mixin.py:190} INFO - [2025-02-27T03:01:34.506+0000] {dag.py:4180} INFO - Setting next_dagrun for latest_only_with_trigger to 2025-02-26 20:00:00+00:00, run_after=2025-02-27 00:00:00+00:00
[2025-02-27T03:01:34.557+0000] {processor.py:208} INFO - Processing /home/airflow/.local/lib/python3.12/site-packages/airflow/example_dags/example_latest_only_with_trigger.py took 0.339 seconds
[2025-02-27T03:02:06.609+0000] {processor.py:186} INFO - Started process (PID=1033) to work on /home/airflow/.local/lib/python3.12/site-packages/airflow/example_dags/example_latest_only_with_trigger.py
[2025-02-27T03:02:06.612+0000] {processor.py:914} INFO - Processing file /home/airflow/.local/lib/python3.12/site-packages/airflow/example_dags/example_latest_only_with_trigger.py for tasks to queue
[2025-02-27T03:02:06.619+0000] {logging_mixin.py:190} INFO - [2025-02-27T03:02:06.618+0000] {dagbag.py:588} INFO - Filling up the DagBag from /home/airflow/.local/lib/python3.12/site-packages/airflow/example_dags/example_latest_only_with_trigger.py
[2025-02-27T03:02:06.644+0000] {processor.py:925} INFO - DAG(s) 'latest_only_with_trigger' retrieved from /home/airflow/.local/lib/python3.12/site-packages/airflow/example_dags/example_latest_only_with_trigger.py
[2025-02-27T03:02:06.873+0000] {logging_mixin.py:190} INFO - [2025-02-27T03:02:06.872+0000] {dag.py:3239} INFO - Sync 1 DAGs
[2025-02-27T03:02:07.006+0000] {logging_mixin.py:190} INFO - [2025-02-27T03:02:07.005+0000] {dag.py:4180} INFO - Setting next_dagrun for latest_only_with_trigger to 2025-02-26 20:00:00+00:00, run_after=2025-02-27 00:00:00+00:00
[2025-02-27T03:02:07.079+0000] {processor.py:208} INFO - Processing /home/airflow/.local/lib/python3.12/site-packages/airflow/example_dags/example_latest_only_with_trigger.py took 0.484 seconds
[2025-02-27T03:02:38.924+0000] {processor.py:186} INFO - Started process (PID=1096) to work on /home/airflow/.local/lib/python3.12/site-packages/airflow/example_dags/example_latest_only_with_trigger.py
[2025-02-27T03:02:38.926+0000] {processor.py:914} INFO - Processing file /home/airflow/.local/lib/python3.12/site-packages/airflow/example_dags/example_latest_only_with_trigger.py for tasks to queue
[2025-02-27T03:02:38.931+0000] {logging_mixin.py:190} INFO - [2025-02-27T03:02:38.931+0000] {dagbag.py:588} INFO - Filling up the DagBag from /home/airflow/.local/lib/python3.12/site-packages/airflow/example_dags/example_latest_only_with_trigger.py
[2025-02-27T03:02:38.952+0000] {processor.py:925} INFO - DAG(s) 'latest_only_with_trigger' retrieved from /home/airflow/.local/lib/python3.12/site-packages/airflow/example_dags/example_latest_only_with_trigger.py
[2025-02-27T03:02:39.126+0000] {logging_mixin.py:190} INFO - [2025-02-27T03:02:39.125+0000] {dag.py:3239} INFO - Sync 1 DAGs
[2025-02-27T03:02:39.212+0000] {logging_mixin.py:190} INFO - [2025-02-27T03:02:39.211+0000] {dag.py:4180} INFO - Setting next_dagrun for latest_only_with_trigger to 2025-02-26 20:00:00+00:00, run_after=2025-02-27 00:00:00+00:00
[2025-02-27T03:02:39.312+0000] {processor.py:208} INFO - Processing /home/airflow/.local/lib/python3.12/site-packages/airflow/example_dags/example_latest_only_with_trigger.py took 0.402 seconds
[2025-02-27T03:03:11.683+0000] {processor.py:186} INFO - Started process (PID=1159) to work on /home/airflow/.local/lib/python3.12/site-packages/airflow/example_dags/example_latest_only_with_trigger.py
[2025-02-27T03:03:11.685+0000] {processor.py:914} INFO - Processing file /home/airflow/.local/lib/python3.12/site-packages/airflow/example_dags/example_latest_only_with_trigger.py for tasks to queue
[2025-02-27T03:03:11.690+0000] {logging_mixin.py:190} INFO - [2025-02-27T03:03:11.690+0000] {dagbag.py:588} INFO - Filling up the DagBag from /home/airflow/.local/lib/python3.12/site-packages/airflow/example_dags/example_latest_only_with_trigger.py
[2025-02-27T03:03:11.708+0000] {processor.py:925} INFO - DAG(s) 'latest_only_with_trigger' retrieved from /home/airflow/.local/lib/python3.12/site-packages/airflow/example_dags/example_latest_only_with_trigger.py
[2025-02-27T03:03:11.922+0000] {logging_mixin.py:190} INFO - [2025-02-27T03:03:11.921+0000] {dag.py:3239} INFO - Sync 1 DAGs
[2025-02-27T03:03:12.026+0000] {logging_mixin.py:190} INFO - [2025-02-27T03:03:12.025+0000] {dag.py:4180} INFO - Setting next_dagrun for latest_only_with_trigger to 2025-02-26 20:00:00+00:00, run_after=2025-02-27 00:00:00+00:00
[2025-02-27T03:03:12.092+0000] {processor.py:208} INFO - Processing /home/airflow/.local/lib/python3.12/site-packages/airflow/example_dags/example_latest_only_with_trigger.py took 0.422 seconds
[2025-02-27T03:03:43.897+0000] {processor.py:186} INFO - Started process (PID=1223) to work on /home/airflow/.local/lib/python3.12/site-packages/airflow/example_dags/example_latest_only_with_trigger.py
[2025-02-27T03:03:43.899+0000] {processor.py:914} INFO - Processing file /home/airflow/.local/lib/python3.12/site-packages/airflow/example_dags/example_latest_only_with_trigger.py for tasks to queue
[2025-02-27T03:03:43.906+0000] {logging_mixin.py:190} INFO - [2025-02-27T03:03:43.906+0000] {dagbag.py:588} INFO - Filling up the DagBag from /home/airflow/.local/lib/python3.12/site-packages/airflow/example_dags/example_latest_only_with_trigger.py
[2025-02-27T03:03:43.924+0000] {processor.py:925} INFO - DAG(s) 'latest_only_with_trigger' retrieved from /home/airflow/.local/lib/python3.12/site-packages/airflow/example_dags/example_latest_only_with_trigger.py
[2025-02-27T03:03:44.215+0000] {logging_mixin.py:190} INFO - [2025-02-27T03:03:44.214+0000] {dag.py:3239} INFO - Sync 1 DAGs
[2025-02-27T03:03:44.342+0000] {logging_mixin.py:190} INFO - [2025-02-27T03:03:44.341+0000] {dag.py:4180} INFO - Setting next_dagrun for latest_only_with_trigger to 2025-02-26 20:00:00+00:00, run_after=2025-02-27 00:00:00+00:00
[2025-02-27T03:03:44.465+0000] {processor.py:208} INFO - Processing /home/airflow/.local/lib/python3.12/site-packages/airflow/example_dags/example_latest_only_with_trigger.py took 0.577 seconds
[2025-02-27T03:04:15.649+0000] {processor.py:186} INFO - Started process (PID=1286) to work on /home/airflow/.local/lib/python3.12/site-packages/airflow/example_dags/example_latest_only_with_trigger.py
[2025-02-27T03:04:15.651+0000] {processor.py:914} INFO - Processing file /home/airflow/.local/lib/python3.12/site-packages/airflow/example_dags/example_latest_only_with_trigger.py for tasks to queue
[2025-02-27T03:04:15.656+0000] {logging_mixin.py:190} INFO - [2025-02-27T03:04:15.655+0000] {dagbag.py:588} INFO - Filling up the DagBag from /home/airflow/.local/lib/python3.12/site-packages/airflow/example_dags/example_latest_only_with_trigger.py
[2025-02-27T03:04:15.670+0000] {processor.py:925} INFO - DAG(s) 'latest_only_with_trigger' retrieved from /home/airflow/.local/lib/python3.12/site-packages/airflow/example_dags/example_latest_only_with_trigger.py
[2025-02-27T03:04:15.861+0000] {logging_mixin.py:190} INFO - [2025-02-27T03:04:15.861+0000] {dag.py:3239} INFO - Sync 1 DAGs
[2025-02-27T03:04:15.980+0000] {logging_mixin.py:190} INFO - [2025-02-27T03:04:15.979+0000] {dag.py:4180} INFO - Setting next_dagrun for latest_only_with_trigger to 2025-02-26 20:00:00+00:00, run_after=2025-02-27 00:00:00+00:00
[2025-02-27T03:04:16.053+0000] {processor.py:208} INFO - Processing /home/airflow/.local/lib/python3.12/site-packages/airflow/example_dags/example_latest_only_with_trigger.py took 0.415 seconds
[2025-02-27T03:04:48.019+0000] {processor.py:186} INFO - Started process (PID=1349) to work on /home/airflow/.local/lib/python3.12/site-packages/airflow/example_dags/example_latest_only_with_trigger.py
[2025-02-27T03:04:48.021+0000] {processor.py:914} INFO - Processing file /home/airflow/.local/lib/python3.12/site-packages/airflow/example_dags/example_latest_only_with_trigger.py for tasks to queue
[2025-02-27T03:04:48.026+0000] {logging_mixin.py:190} INFO - [2025-02-27T03:04:48.025+0000] {dagbag.py:588} INFO - Filling up the DagBag from /home/airflow/.local/lib/python3.12/site-packages/airflow/example_dags/example_latest_only_with_trigger.py
[2025-02-27T03:04:48.045+0000] {processor.py:925} INFO - DAG(s) 'latest_only_with_trigger' retrieved from /home/airflow/.local/lib/python3.12/site-packages/airflow/example_dags/example_latest_only_with_trigger.py
[2025-02-27T03:04:48.209+0000] {logging_mixin.py:190} INFO - [2025-02-27T03:04:48.209+0000] {dag.py:3239} INFO - Sync 1 DAGs
[2025-02-27T03:04:48.278+0000] {logging_mixin.py:190} INFO - [2025-02-27T03:04:48.277+0000] {dag.py:4180} INFO - Setting next_dagrun for latest_only_with_trigger to 2025-02-26 20:00:00+00:00, run_after=2025-02-27 00:00:00+00:00
[2025-02-27T03:04:48.331+0000] {processor.py:208} INFO - Processing /home/airflow/.local/lib/python3.12/site-packages/airflow/example_dags/example_latest_only_with_trigger.py took 0.326 seconds
[2025-02-27T03:05:19.334+0000] {processor.py:186} INFO - Started process (PID=1418) to work on /home/airflow/.local/lib/python3.12/site-packages/airflow/example_dags/example_latest_only_with_trigger.py
[2025-02-27T03:05:19.336+0000] {processor.py:914} INFO - Processing file /home/airflow/.local/lib/python3.12/site-packages/airflow/example_dags/example_latest_only_with_trigger.py for tasks to queue
[2025-02-27T03:05:19.341+0000] {logging_mixin.py:190} INFO - [2025-02-27T03:05:19.341+0000] {dagbag.py:588} INFO - Filling up the DagBag from /home/airflow/.local/lib/python3.12/site-packages/airflow/example_dags/example_latest_only_with_trigger.py
[2025-02-27T03:05:19.353+0000] {processor.py:925} INFO - DAG(s) 'latest_only_with_trigger' retrieved from /home/airflow/.local/lib/python3.12/site-packages/airflow/example_dags/example_latest_only_with_trigger.py
[2025-02-27T03:05:19.525+0000] {logging_mixin.py:190} INFO - [2025-02-27T03:05:19.524+0000] {dag.py:3239} INFO - Sync 1 DAGs
[2025-02-27T03:05:19.587+0000] {logging_mixin.py:190} INFO - [2025-02-27T03:05:19.587+0000] {dag.py:4180} INFO - Setting next_dagrun for latest_only_with_trigger to 2025-02-26 20:00:00+00:00, run_after=2025-02-27 00:00:00+00:00
[2025-02-27T03:05:19.666+0000] {processor.py:208} INFO - Processing /home/airflow/.local/lib/python3.12/site-packages/airflow/example_dags/example_latest_only_with_trigger.py took 0.341 seconds
[2025-02-27T03:05:50.175+0000] {processor.py:186} INFO - Started process (PID=1482) to work on /home/airflow/.local/lib/python3.12/site-packages/airflow/example_dags/example_latest_only_with_trigger.py
[2025-02-27T03:05:50.179+0000] {processor.py:914} INFO - Processing file /home/airflow/.local/lib/python3.12/site-packages/airflow/example_dags/example_latest_only_with_trigger.py for tasks to queue
[2025-02-27T03:05:50.183+0000] {logging_mixin.py:190} INFO - [2025-02-27T03:05:50.182+0000] {dagbag.py:588} INFO - Filling up the DagBag from /home/airflow/.local/lib/python3.12/site-packages/airflow/example_dags/example_latest_only_with_trigger.py
[2025-02-27T03:05:50.198+0000] {processor.py:925} INFO - DAG(s) 'latest_only_with_trigger' retrieved from /home/airflow/.local/lib/python3.12/site-packages/airflow/example_dags/example_latest_only_with_trigger.py
[2025-02-27T03:05:50.366+0000] {logging_mixin.py:190} INFO - [2025-02-27T03:05:50.365+0000] {dag.py:3239} INFO - Sync 1 DAGs
[2025-02-27T03:05:50.448+0000] {logging_mixin.py:190} INFO - [2025-02-27T03:05:50.448+0000] {dag.py:4180} INFO - Setting next_dagrun for latest_only_with_trigger to 2025-02-26 20:00:00+00:00, run_after=2025-02-27 00:00:00+00:00
[2025-02-27T03:05:50.516+0000] {processor.py:208} INFO - Processing /home/airflow/.local/lib/python3.12/site-packages/airflow/example_dags/example_latest_only_with_trigger.py took 0.355 seconds
[2025-02-27T03:06:20.740+0000] {processor.py:186} INFO - Started process (PID=1544) to work on /home/airflow/.local/lib/python3.12/site-packages/airflow/example_dags/example_latest_only_with_trigger.py
[2025-02-27T03:06:20.741+0000] {processor.py:914} INFO - Processing file /home/airflow/.local/lib/python3.12/site-packages/airflow/example_dags/example_latest_only_with_trigger.py for tasks to queue
[2025-02-27T03:06:20.745+0000] {logging_mixin.py:190} INFO - [2025-02-27T03:06:20.745+0000] {dagbag.py:588} INFO - Filling up the DagBag from /home/airflow/.local/lib/python3.12/site-packages/airflow/example_dags/example_latest_only_with_trigger.py
[2025-02-27T03:06:20.759+0000] {processor.py:925} INFO - DAG(s) 'latest_only_with_trigger' retrieved from /home/airflow/.local/lib/python3.12/site-packages/airflow/example_dags/example_latest_only_with_trigger.py
[2025-02-27T03:06:20.970+0000] {logging_mixin.py:190} INFO - [2025-02-27T03:06:20.970+0000] {dag.py:3239} INFO - Sync 1 DAGs
[2025-02-27T03:06:21.061+0000] {logging_mixin.py:190} INFO - [2025-02-27T03:06:21.060+0000] {dag.py:4180} INFO - Setting next_dagrun for latest_only_with_trigger to 2025-02-26 20:00:00+00:00, run_after=2025-02-27 00:00:00+00:00
[2025-02-27T03:06:21.133+0000] {processor.py:208} INFO - Processing /home/airflow/.local/lib/python3.12/site-packages/airflow/example_dags/example_latest_only_with_trigger.py took 0.404 seconds
[2025-02-27T03:06:51.659+0000] {processor.py:186} INFO - Started process (PID=1606) to work on /home/airflow/.local/lib/python3.12/site-packages/airflow/example_dags/example_latest_only_with_trigger.py
[2025-02-27T03:06:51.660+0000] {processor.py:914} INFO - Processing file /home/airflow/.local/lib/python3.12/site-packages/airflow/example_dags/example_latest_only_with_trigger.py for tasks to queue
[2025-02-27T03:06:51.666+0000] {logging_mixin.py:190} INFO - [2025-02-27T03:06:51.665+0000] {dagbag.py:588} INFO - Filling up the DagBag from /home/airflow/.local/lib/python3.12/site-packages/airflow/example_dags/example_latest_only_with_trigger.py
[2025-02-27T03:06:51.691+0000] {processor.py:925} INFO - DAG(s) 'latest_only_with_trigger' retrieved from /home/airflow/.local/lib/python3.12/site-packages/airflow/example_dags/example_latest_only_with_trigger.py
[2025-02-27T03:06:51.907+0000] {logging_mixin.py:190} INFO - [2025-02-27T03:06:51.906+0000] {dag.py:3239} INFO - Sync 1 DAGs
[2025-02-27T03:06:52.004+0000] {logging_mixin.py:190} INFO - [2025-02-27T03:06:52.003+0000] {dag.py:4180} INFO - Setting next_dagrun for latest_only_with_trigger to 2025-02-26 20:00:00+00:00, run_after=2025-02-27 00:00:00+00:00
[2025-02-27T03:06:52.089+0000] {processor.py:208} INFO - Processing /home/airflow/.local/lib/python3.12/site-packages/airflow/example_dags/example_latest_only_with_trigger.py took 0.448 seconds
[2025-02-27T03:07:22.776+0000] {processor.py:186} INFO - Started process (PID=1669) to work on /home/airflow/.local/lib/python3.12/site-packages/airflow/example_dags/example_latest_only_with_trigger.py
[2025-02-27T03:07:22.778+0000] {processor.py:914} INFO - Processing file /home/airflow/.local/lib/python3.12/site-packages/airflow/example_dags/example_latest_only_with_trigger.py for tasks to queue
[2025-02-27T03:07:22.783+0000] {logging_mixin.py:190} INFO - [2025-02-27T03:07:22.782+0000] {dagbag.py:588} INFO - Filling up the DagBag from /home/airflow/.local/lib/python3.12/site-packages/airflow/example_dags/example_latest_only_with_trigger.py
[2025-02-27T03:07:22.796+0000] {processor.py:925} INFO - DAG(s) 'latest_only_with_trigger' retrieved from /home/airflow/.local/lib/python3.12/site-packages/airflow/example_dags/example_latest_only_with_trigger.py
[2025-02-27T03:07:22.994+0000] {logging_mixin.py:190} INFO - [2025-02-27T03:07:22.994+0000] {dag.py:3239} INFO - Sync 1 DAGs
[2025-02-27T03:07:23.081+0000] {logging_mixin.py:190} INFO - [2025-02-27T03:07:23.080+0000] {dag.py:4180} INFO - Setting next_dagrun for latest_only_with_trigger to 2025-02-26 20:00:00+00:00, run_after=2025-02-27 00:00:00+00:00
[2025-02-27T03:07:23.149+0000] {processor.py:208} INFO - Processing /home/airflow/.local/lib/python3.12/site-packages/airflow/example_dags/example_latest_only_with_trigger.py took 0.383 seconds
[2025-02-27T03:07:53.417+0000] {processor.py:186} INFO - Started process (PID=1732) to work on /home/airflow/.local/lib/python3.12/site-packages/airflow/example_dags/example_latest_only_with_trigger.py
[2025-02-27T03:07:53.420+0000] {processor.py:914} INFO - Processing file /home/airflow/.local/lib/python3.12/site-packages/airflow/example_dags/example_latest_only_with_trigger.py for tasks to queue
[2025-02-27T03:07:53.424+0000] {logging_mixin.py:190} INFO - [2025-02-27T03:07:53.423+0000] {dagbag.py:588} INFO - Filling up the DagBag from /home/airflow/.local/lib/python3.12/site-packages/airflow/example_dags/example_latest_only_with_trigger.py
[2025-02-27T03:07:53.433+0000] {processor.py:925} INFO - DAG(s) 'latest_only_with_trigger' retrieved from /home/airflow/.local/lib/python3.12/site-packages/airflow/example_dags/example_latest_only_with_trigger.py
[2025-02-27T03:07:53.594+0000] {logging_mixin.py:190} INFO - [2025-02-27T03:07:53.593+0000] {dag.py:3239} INFO - Sync 1 DAGs
[2025-02-27T03:07:53.683+0000] {logging_mixin.py:190} INFO - [2025-02-27T03:07:53.682+0000] {dag.py:4180} INFO - Setting next_dagrun for latest_only_with_trigger to 2025-02-26 20:00:00+00:00, run_after=2025-02-27 00:00:00+00:00
[2025-02-27T03:07:53.764+0000] {processor.py:208} INFO - Processing /home/airflow/.local/lib/python3.12/site-packages/airflow/example_dags/example_latest_only_with_trigger.py took 0.355 seconds
[2025-02-27T03:08:24.453+0000] {processor.py:186} INFO - Started process (PID=1795) to work on /home/airflow/.local/lib/python3.12/site-packages/airflow/example_dags/example_latest_only_with_trigger.py
[2025-02-27T03:08:24.455+0000] {processor.py:914} INFO - Processing file /home/airflow/.local/lib/python3.12/site-packages/airflow/example_dags/example_latest_only_with_trigger.py for tasks to queue
[2025-02-27T03:08:24.461+0000] {logging_mixin.py:190} INFO - [2025-02-27T03:08:24.460+0000] {dagbag.py:588} INFO - Filling up the DagBag from /home/airflow/.local/lib/python3.12/site-packages/airflow/example_dags/example_latest_only_with_trigger.py
[2025-02-27T03:08:24.471+0000] {processor.py:925} INFO - DAG(s) 'latest_only_with_trigger' retrieved from /home/airflow/.local/lib/python3.12/site-packages/airflow/example_dags/example_latest_only_with_trigger.py
[2025-02-27T03:08:24.665+0000] {logging_mixin.py:190} INFO - [2025-02-27T03:08:24.665+0000] {dag.py:3239} INFO - Sync 1 DAGs
[2025-02-27T03:08:24.731+0000] {logging_mixin.py:190} INFO - [2025-02-27T03:08:24.731+0000] {dag.py:4180} INFO - Setting next_dagrun for latest_only_with_trigger to 2025-02-26 20:00:00+00:00, run_after=2025-02-27 00:00:00+00:00
[2025-02-27T03:08:24.814+0000] {processor.py:208} INFO - Processing /home/airflow/.local/lib/python3.12/site-packages/airflow/example_dags/example_latest_only_with_trigger.py took 0.371 seconds
[2025-02-27T03:08:55.152+0000] {processor.py:186} INFO - Started process (PID=1858) to work on /home/airflow/.local/lib/python3.12/site-packages/airflow/example_dags/example_latest_only_with_trigger.py
[2025-02-27T03:08:55.153+0000] {processor.py:914} INFO - Processing file /home/airflow/.local/lib/python3.12/site-packages/airflow/example_dags/example_latest_only_with_trigger.py for tasks to queue
[2025-02-27T03:08:55.159+0000] {logging_mixin.py:190} INFO - [2025-02-27T03:08:55.158+0000] {dagbag.py:588} INFO - Filling up the DagBag from /home/airflow/.local/lib/python3.12/site-packages/airflow/example_dags/example_latest_only_with_trigger.py
[2025-02-27T03:08:55.172+0000] {processor.py:925} INFO - DAG(s) 'latest_only_with_trigger' retrieved from /home/airflow/.local/lib/python3.12/site-packages/airflow/example_dags/example_latest_only_with_trigger.py
[2025-02-27T03:08:55.361+0000] {logging_mixin.py:190} INFO - [2025-02-27T03:08:55.361+0000] {dag.py:3239} INFO - Sync 1 DAGs
[2025-02-27T03:08:55.431+0000] {logging_mixin.py:190} INFO - [2025-02-27T03:08:55.431+0000] {dag.py:4180} INFO - Setting next_dagrun for latest_only_with_trigger to 2025-02-26 20:00:00+00:00, run_after=2025-02-27 00:00:00+00:00
[2025-02-27T03:08:55.517+0000] {processor.py:208} INFO - Processing /home/airflow/.local/lib/python3.12/site-packages/airflow/example_dags/example_latest_only_with_trigger.py took 0.376 seconds
[2025-02-27T03:09:25.609+0000] {processor.py:186} INFO - Started process (PID=1921) to work on /home/airflow/.local/lib/python3.12/site-packages/airflow/example_dags/example_latest_only_with_trigger.py
[2025-02-27T03:09:25.611+0000] {processor.py:914} INFO - Processing file /home/airflow/.local/lib/python3.12/site-packages/airflow/example_dags/example_latest_only_with_trigger.py for tasks to queue
[2025-02-27T03:09:25.615+0000] {logging_mixin.py:190} INFO - [2025-02-27T03:09:25.614+0000] {dagbag.py:588} INFO - Filling up the DagBag from /home/airflow/.local/lib/python3.12/site-packages/airflow/example_dags/example_latest_only_with_trigger.py
[2025-02-27T03:09:25.626+0000] {processor.py:925} INFO - DAG(s) 'latest_only_with_trigger' retrieved from /home/airflow/.local/lib/python3.12/site-packages/airflow/example_dags/example_latest_only_with_trigger.py
[2025-02-27T03:09:25.800+0000] {logging_mixin.py:190} INFO - [2025-02-27T03:09:25.800+0000] {dag.py:3239} INFO - Sync 1 DAGs
[2025-02-27T03:09:25.871+0000] {logging_mixin.py:190} INFO - [2025-02-27T03:09:25.870+0000] {dag.py:4180} INFO - Setting next_dagrun for latest_only_with_trigger to 2025-02-26 20:00:00+00:00, run_after=2025-02-27 00:00:00+00:00
[2025-02-27T03:09:25.938+0000] {processor.py:208} INFO - Processing /home/airflow/.local/lib/python3.12/site-packages/airflow/example_dags/example_latest_only_with_trigger.py took 0.339 seconds
[2025-02-27T03:09:56.487+0000] {processor.py:186} INFO - Started process (PID=1984) to work on /home/airflow/.local/lib/python3.12/site-packages/airflow/example_dags/example_latest_only_with_trigger.py
[2025-02-27T03:09:56.489+0000] {processor.py:914} INFO - Processing file /home/airflow/.local/lib/python3.12/site-packages/airflow/example_dags/example_latest_only_with_trigger.py for tasks to queue
[2025-02-27T03:09:56.495+0000] {logging_mixin.py:190} INFO - [2025-02-27T03:09:56.494+0000] {dagbag.py:588} INFO - Filling up the DagBag from /home/airflow/.local/lib/python3.12/site-packages/airflow/example_dags/example_latest_only_with_trigger.py
[2025-02-27T03:09:56.515+0000] {processor.py:925} INFO - DAG(s) 'latest_only_with_trigger' retrieved from /home/airflow/.local/lib/python3.12/site-packages/airflow/example_dags/example_latest_only_with_trigger.py
[2025-02-27T03:09:56.764+0000] {logging_mixin.py:190} INFO - [2025-02-27T03:09:56.763+0000] {dag.py:3239} INFO - Sync 1 DAGs
[2025-02-27T03:09:56.858+0000] {logging_mixin.py:190} INFO - [2025-02-27T03:09:56.858+0000] {dag.py:4180} INFO - Setting next_dagrun for latest_only_with_trigger to 2025-02-26 20:00:00+00:00, run_after=2025-02-27 00:00:00+00:00
[2025-02-27T03:09:56.953+0000] {processor.py:208} INFO - Processing /home/airflow/.local/lib/python3.12/site-packages/airflow/example_dags/example_latest_only_with_trigger.py took 0.484 seconds
[2025-02-27T03:10:27.499+0000] {processor.py:186} INFO - Started process (PID=2047) to work on /home/airflow/.local/lib/python3.12/site-packages/airflow/example_dags/example_latest_only_with_trigger.py
[2025-02-27T03:10:27.501+0000] {processor.py:914} INFO - Processing file /home/airflow/.local/lib/python3.12/site-packages/airflow/example_dags/example_latest_only_with_trigger.py for tasks to queue
[2025-02-27T03:10:27.504+0000] {logging_mixin.py:190} INFO - [2025-02-27T03:10:27.504+0000] {dagbag.py:588} INFO - Filling up the DagBag from /home/airflow/.local/lib/python3.12/site-packages/airflow/example_dags/example_latest_only_with_trigger.py
[2025-02-27T03:10:27.515+0000] {processor.py:925} INFO - DAG(s) 'latest_only_with_trigger' retrieved from /home/airflow/.local/lib/python3.12/site-packages/airflow/example_dags/example_latest_only_with_trigger.py
[2025-02-27T03:10:27.655+0000] {logging_mixin.py:190} INFO - [2025-02-27T03:10:27.655+0000] {dag.py:3239} INFO - Sync 1 DAGs
[2025-02-27T03:10:27.716+0000] {logging_mixin.py:190} INFO - [2025-02-27T03:10:27.715+0000] {dag.py:4180} INFO - Setting next_dagrun for latest_only_with_trigger to 2025-02-26 20:00:00+00:00, run_after=2025-02-27 00:00:00+00:00
[2025-02-27T03:10:27.777+0000] {processor.py:208} INFO - Processing /home/airflow/.local/lib/python3.12/site-packages/airflow/example_dags/example_latest_only_with_trigger.py took 0.284 seconds
[2025-02-27T03:10:57.938+0000] {processor.py:186} INFO - Started process (PID=2110) to work on /home/airflow/.local/lib/python3.12/site-packages/airflow/example_dags/example_latest_only_with_trigger.py
[2025-02-27T03:10:57.940+0000] {processor.py:914} INFO - Processing file /home/airflow/.local/lib/python3.12/site-packages/airflow/example_dags/example_latest_only_with_trigger.py for tasks to queue
[2025-02-27T03:10:57.943+0000] {logging_mixin.py:190} INFO - [2025-02-27T03:10:57.942+0000] {dagbag.py:588} INFO - Filling up the DagBag from /home/airflow/.local/lib/python3.12/site-packages/airflow/example_dags/example_latest_only_with_trigger.py
[2025-02-27T03:10:57.956+0000] {processor.py:925} INFO - DAG(s) 'latest_only_with_trigger' retrieved from /home/airflow/.local/lib/python3.12/site-packages/airflow/example_dags/example_latest_only_with_trigger.py
[2025-02-27T03:10:58.139+0000] {logging_mixin.py:190} INFO - [2025-02-27T03:10:58.138+0000] {dag.py:3239} INFO - Sync 1 DAGs
[2025-02-27T03:10:58.209+0000] {logging_mixin.py:190} INFO - [2025-02-27T03:10:58.209+0000] {dag.py:4180} INFO - Setting next_dagrun for latest_only_with_trigger to 2025-02-26 20:00:00+00:00, run_after=2025-02-27 00:00:00+00:00
[2025-02-27T03:10:58.276+0000] {processor.py:208} INFO - Processing /home/airflow/.local/lib/python3.12/site-packages/airflow/example_dags/example_latest_only_with_trigger.py took 0.348 seconds
[2025-02-27T03:11:29.016+0000] {processor.py:186} INFO - Started process (PID=2173) to work on /home/airflow/.local/lib/python3.12/site-packages/airflow/example_dags/example_latest_only_with_trigger.py
[2025-02-27T03:11:29.019+0000] {processor.py:914} INFO - Processing file /home/airflow/.local/lib/python3.12/site-packages/airflow/example_dags/example_latest_only_with_trigger.py for tasks to queue
[2025-02-27T03:11:29.025+0000] {logging_mixin.py:190} INFO - [2025-02-27T03:11:29.024+0000] {dagbag.py:588} INFO - Filling up the DagBag from /home/airflow/.local/lib/python3.12/site-packages/airflow/example_dags/example_latest_only_with_trigger.py
[2025-02-27T03:11:29.040+0000] {processor.py:925} INFO - DAG(s) 'latest_only_with_trigger' retrieved from /home/airflow/.local/lib/python3.12/site-packages/airflow/example_dags/example_latest_only_with_trigger.py
[2025-02-27T03:11:29.174+0000] {logging_mixin.py:190} INFO - [2025-02-27T03:11:29.174+0000] {dag.py:3239} INFO - Sync 1 DAGs
[2025-02-27T03:11:29.236+0000] {logging_mixin.py:190} INFO - [2025-02-27T03:11:29.236+0000] {dag.py:4180} INFO - Setting next_dagrun for latest_only_with_trigger to 2025-02-26 20:00:00+00:00, run_after=2025-02-27 00:00:00+00:00
[2025-02-27T03:11:29.286+0000] {processor.py:208} INFO - Processing /home/airflow/.local/lib/python3.12/site-packages/airflow/example_dags/example_latest_only_with_trigger.py took 0.282 seconds
[2025-02-27T03:11:59.952+0000] {processor.py:186} INFO - Started process (PID=2235) to work on /home/airflow/.local/lib/python3.12/site-packages/airflow/example_dags/example_latest_only_with_trigger.py
[2025-02-27T03:11:59.953+0000] {processor.py:914} INFO - Processing file /home/airflow/.local/lib/python3.12/site-packages/airflow/example_dags/example_latest_only_with_trigger.py for tasks to queue
[2025-02-27T03:11:59.968+0000] {logging_mixin.py:190} INFO - [2025-02-27T03:11:59.966+0000] {dagbag.py:588} INFO - Filling up the DagBag from /home/airflow/.local/lib/python3.12/site-packages/airflow/example_dags/example_latest_only_with_trigger.py
[2025-02-27T03:11:59.998+0000] {processor.py:925} INFO - DAG(s) 'latest_only_with_trigger' retrieved from /home/airflow/.local/lib/python3.12/site-packages/airflow/example_dags/example_latest_only_with_trigger.py
[2025-02-27T03:12:00.348+0000] {logging_mixin.py:190} INFO - [2025-02-27T03:12:00.348+0000] {dag.py:3239} INFO - Sync 1 DAGs
[2025-02-27T03:12:00.478+0000] {logging_mixin.py:190} INFO - [2025-02-27T03:12:00.478+0000] {dag.py:4180} INFO - Setting next_dagrun for latest_only_with_trigger to 2025-02-26 20:00:00+00:00, run_after=2025-02-27 00:00:00+00:00
[2025-02-27T03:12:00.574+0000] {processor.py:208} INFO - Processing /home/airflow/.local/lib/python3.12/site-packages/airflow/example_dags/example_latest_only_with_trigger.py took 0.642 seconds
[2025-02-27T03:12:30.978+0000] {processor.py:186} INFO - Started process (PID=2297) to work on /home/airflow/.local/lib/python3.12/site-packages/airflow/example_dags/example_latest_only_with_trigger.py
[2025-02-27T03:12:30.980+0000] {processor.py:914} INFO - Processing file /home/airflow/.local/lib/python3.12/site-packages/airflow/example_dags/example_latest_only_with_trigger.py for tasks to queue
[2025-02-27T03:12:30.984+0000] {logging_mixin.py:190} INFO - [2025-02-27T03:12:30.983+0000] {dagbag.py:588} INFO - Filling up the DagBag from /home/airflow/.local/lib/python3.12/site-packages/airflow/example_dags/example_latest_only_with_trigger.py
[2025-02-27T03:12:30.998+0000] {processor.py:925} INFO - DAG(s) 'latest_only_with_trigger' retrieved from /home/airflow/.local/lib/python3.12/site-packages/airflow/example_dags/example_latest_only_with_trigger.py
[2025-02-27T03:12:31.145+0000] {logging_mixin.py:190} INFO - [2025-02-27T03:12:31.144+0000] {dag.py:3239} INFO - Sync 1 DAGs
[2025-02-27T03:12:31.252+0000] {logging_mixin.py:190} INFO - [2025-02-27T03:12:31.251+0000] {dag.py:4180} INFO - Setting next_dagrun for latest_only_with_trigger to 2025-02-26 20:00:00+00:00, run_after=2025-02-27 00:00:00+00:00
[2025-02-27T03:12:31.357+0000] {processor.py:208} INFO - Processing /home/airflow/.local/lib/python3.12/site-packages/airflow/example_dags/example_latest_only_with_trigger.py took 0.389 seconds
[2025-02-27T03:13:01.735+0000] {processor.py:186} INFO - Started process (PID=2360) to work on /home/airflow/.local/lib/python3.12/site-packages/airflow/example_dags/example_latest_only_with_trigger.py
[2025-02-27T03:13:01.737+0000] {processor.py:914} INFO - Processing file /home/airflow/.local/lib/python3.12/site-packages/airflow/example_dags/example_latest_only_with_trigger.py for tasks to queue
[2025-02-27T03:13:01.742+0000] {logging_mixin.py:190} INFO - [2025-02-27T03:13:01.741+0000] {dagbag.py:588} INFO - Filling up the DagBag from /home/airflow/.local/lib/python3.12/site-packages/airflow/example_dags/example_latest_only_with_trigger.py
[2025-02-27T03:13:01.759+0000] {processor.py:925} INFO - DAG(s) 'latest_only_with_trigger' retrieved from /home/airflow/.local/lib/python3.12/site-packages/airflow/example_dags/example_latest_only_with_trigger.py
[2025-02-27T03:13:01.936+0000] {logging_mixin.py:190} INFO - [2025-02-27T03:13:01.936+0000] {dag.py:3239} INFO - Sync 1 DAGs
[2025-02-27T03:13:02.031+0000] {logging_mixin.py:190} INFO - [2025-02-27T03:13:02.031+0000] {dag.py:4180} INFO - Setting next_dagrun for latest_only_with_trigger to 2025-02-26 20:00:00+00:00, run_after=2025-02-27 00:00:00+00:00
[2025-02-27T03:13:02.119+0000] {processor.py:208} INFO - Processing /home/airflow/.local/lib/python3.12/site-packages/airflow/example_dags/example_latest_only_with_trigger.py took 0.396 seconds
[2025-02-27T03:13:32.418+0000] {processor.py:186} INFO - Started process (PID=2423) to work on /home/airflow/.local/lib/python3.12/site-packages/airflow/example_dags/example_latest_only_with_trigger.py
[2025-02-27T03:13:32.420+0000] {processor.py:914} INFO - Processing file /home/airflow/.local/lib/python3.12/site-packages/airflow/example_dags/example_latest_only_with_trigger.py for tasks to queue
[2025-02-27T03:13:32.425+0000] {logging_mixin.py:190} INFO - [2025-02-27T03:13:32.425+0000] {dagbag.py:588} INFO - Filling up the DagBag from /home/airflow/.local/lib/python3.12/site-packages/airflow/example_dags/example_latest_only_with_trigger.py
[2025-02-27T03:13:32.438+0000] {processor.py:925} INFO - DAG(s) 'latest_only_with_trigger' retrieved from /home/airflow/.local/lib/python3.12/site-packages/airflow/example_dags/example_latest_only_with_trigger.py
[2025-02-27T03:13:32.580+0000] {logging_mixin.py:190} INFO - [2025-02-27T03:13:32.580+0000] {dag.py:3239} INFO - Sync 1 DAGs
[2025-02-27T03:13:32.639+0000] {logging_mixin.py:190} INFO - [2025-02-27T03:13:32.639+0000] {dag.py:4180} INFO - Setting next_dagrun for latest_only_with_trigger to 2025-02-26 20:00:00+00:00, run_after=2025-02-27 00:00:00+00:00
[2025-02-27T03:13:32.701+0000] {processor.py:208} INFO - Processing /home/airflow/.local/lib/python3.12/site-packages/airflow/example_dags/example_latest_only_with_trigger.py took 0.301 seconds
[2025-02-27T03:14:03.466+0000] {processor.py:186} INFO - Started process (PID=2486) to work on /home/airflow/.local/lib/python3.12/site-packages/airflow/example_dags/example_latest_only_with_trigger.py
[2025-02-27T03:14:03.468+0000] {processor.py:914} INFO - Processing file /home/airflow/.local/lib/python3.12/site-packages/airflow/example_dags/example_latest_only_with_trigger.py for tasks to queue
[2025-02-27T03:14:03.473+0000] {logging_mixin.py:190} INFO - [2025-02-27T03:14:03.472+0000] {dagbag.py:588} INFO - Filling up the DagBag from /home/airflow/.local/lib/python3.12/site-packages/airflow/example_dags/example_latest_only_with_trigger.py
[2025-02-27T03:14:03.486+0000] {processor.py:925} INFO - DAG(s) 'latest_only_with_trigger' retrieved from /home/airflow/.local/lib/python3.12/site-packages/airflow/example_dags/example_latest_only_with_trigger.py
[2025-02-27T03:14:03.641+0000] {logging_mixin.py:190} INFO - [2025-02-27T03:14:03.640+0000] {dag.py:3239} INFO - Sync 1 DAGs
[2025-02-27T03:14:03.712+0000] {logging_mixin.py:190} INFO - [2025-02-27T03:14:03.712+0000] {dag.py:4180} INFO - Setting next_dagrun for latest_only_with_trigger to 2025-02-26 20:00:00+00:00, run_after=2025-02-27 00:00:00+00:00
[2025-02-27T03:14:03.776+0000] {processor.py:208} INFO - Processing /home/airflow/.local/lib/python3.12/site-packages/airflow/example_dags/example_latest_only_with_trigger.py took 0.319 seconds
[2025-02-27T03:14:34.138+0000] {processor.py:186} INFO - Started process (PID=2549) to work on /home/airflow/.local/lib/python3.12/site-packages/airflow/example_dags/example_latest_only_with_trigger.py
[2025-02-27T03:14:34.140+0000] {processor.py:914} INFO - Processing file /home/airflow/.local/lib/python3.12/site-packages/airflow/example_dags/example_latest_only_with_trigger.py for tasks to queue
[2025-02-27T03:14:34.145+0000] {logging_mixin.py:190} INFO - [2025-02-27T03:14:34.144+0000] {dagbag.py:588} INFO - Filling up the DagBag from /home/airflow/.local/lib/python3.12/site-packages/airflow/example_dags/example_latest_only_with_trigger.py
[2025-02-27T03:14:34.160+0000] {processor.py:925} INFO - DAG(s) 'latest_only_with_trigger' retrieved from /home/airflow/.local/lib/python3.12/site-packages/airflow/example_dags/example_latest_only_with_trigger.py
[2025-02-27T03:14:34.320+0000] {logging_mixin.py:190} INFO - [2025-02-27T03:14:34.320+0000] {dag.py:3239} INFO - Sync 1 DAGs
[2025-02-27T03:14:34.394+0000] {logging_mixin.py:190} INFO - [2025-02-27T03:14:34.393+0000] {dag.py:4180} INFO - Setting next_dagrun for latest_only_with_trigger to 2025-02-26 20:00:00+00:00, run_after=2025-02-27 00:00:00+00:00
[2025-02-27T03:14:34.451+0000] {processor.py:208} INFO - Processing /home/airflow/.local/lib/python3.12/site-packages/airflow/example_dags/example_latest_only_with_trigger.py took 0.323 seconds
[2025-02-27T03:15:04.812+0000] {processor.py:186} INFO - Started process (PID=2612) to work on /home/airflow/.local/lib/python3.12/site-packages/airflow/example_dags/example_latest_only_with_trigger.py
[2025-02-27T03:15:04.813+0000] {processor.py:914} INFO - Processing file /home/airflow/.local/lib/python3.12/site-packages/airflow/example_dags/example_latest_only_with_trigger.py for tasks to queue
[2025-02-27T03:15:04.817+0000] {logging_mixin.py:190} INFO - [2025-02-27T03:15:04.816+0000] {dagbag.py:588} INFO - Filling up the DagBag from /home/airflow/.local/lib/python3.12/site-packages/airflow/example_dags/example_latest_only_with_trigger.py
[2025-02-27T03:15:04.830+0000] {processor.py:925} INFO - DAG(s) 'latest_only_with_trigger' retrieved from /home/airflow/.local/lib/python3.12/site-packages/airflow/example_dags/example_latest_only_with_trigger.py
[2025-02-27T03:15:04.980+0000] {logging_mixin.py:190} INFO - [2025-02-27T03:15:04.980+0000] {dag.py:3239} INFO - Sync 1 DAGs
[2025-02-27T03:15:05.039+0000] {logging_mixin.py:190} INFO - [2025-02-27T03:15:05.039+0000] {dag.py:4180} INFO - Setting next_dagrun for latest_only_with_trigger to 2025-02-26 20:00:00+00:00, run_after=2025-02-27 00:00:00+00:00
[2025-02-27T03:15:05.112+0000] {processor.py:208} INFO - Processing /home/airflow/.local/lib/python3.12/site-packages/airflow/example_dags/example_latest_only_with_trigger.py took 0.309 seconds
[2025-02-27T03:15:35.422+0000] {processor.py:186} INFO - Started process (PID=2675) to work on /home/airflow/.local/lib/python3.12/site-packages/airflow/example_dags/example_latest_only_with_trigger.py
[2025-02-27T03:15:35.423+0000] {processor.py:914} INFO - Processing file /home/airflow/.local/lib/python3.12/site-packages/airflow/example_dags/example_latest_only_with_trigger.py for tasks to queue
[2025-02-27T03:15:35.426+0000] {logging_mixin.py:190} INFO - [2025-02-27T03:15:35.426+0000] {dagbag.py:588} INFO - Filling up the DagBag from /home/airflow/.local/lib/python3.12/site-packages/airflow/example_dags/example_latest_only_with_trigger.py
[2025-02-27T03:15:35.435+0000] {processor.py:925} INFO - DAG(s) 'latest_only_with_trigger' retrieved from /home/airflow/.local/lib/python3.12/site-packages/airflow/example_dags/example_latest_only_with_trigger.py
[2025-02-27T03:15:35.587+0000] {logging_mixin.py:190} INFO - [2025-02-27T03:15:35.586+0000] {dag.py:3239} INFO - Sync 1 DAGs
[2025-02-27T03:15:35.643+0000] {logging_mixin.py:190} INFO - [2025-02-27T03:15:35.643+0000] {dag.py:4180} INFO - Setting next_dagrun for latest_only_with_trigger to 2025-02-26 20:00:00+00:00, run_after=2025-02-27 00:00:00+00:00
[2025-02-27T03:15:35.701+0000] {processor.py:208} INFO - Processing /home/airflow/.local/lib/python3.12/site-packages/airflow/example_dags/example_latest_only_with_trigger.py took 0.286 seconds
[2025-02-27T03:16:06.004+0000] {processor.py:186} INFO - Started process (PID=2738) to work on /home/airflow/.local/lib/python3.12/site-packages/airflow/example_dags/example_latest_only_with_trigger.py
[2025-02-27T03:16:06.006+0000] {processor.py:914} INFO - Processing file /home/airflow/.local/lib/python3.12/site-packages/airflow/example_dags/example_latest_only_with_trigger.py for tasks to queue
[2025-02-27T03:16:06.009+0000] {logging_mixin.py:190} INFO - [2025-02-27T03:16:06.009+0000] {dagbag.py:588} INFO - Filling up the DagBag from /home/airflow/.local/lib/python3.12/site-packages/airflow/example_dags/example_latest_only_with_trigger.py
[2025-02-27T03:16:06.021+0000] {processor.py:925} INFO - DAG(s) 'latest_only_with_trigger' retrieved from /home/airflow/.local/lib/python3.12/site-packages/airflow/example_dags/example_latest_only_with_trigger.py
[2025-02-27T03:16:06.175+0000] {logging_mixin.py:190} INFO - [2025-02-27T03:16:06.175+0000] {dag.py:3239} INFO - Sync 1 DAGs
[2025-02-27T03:16:06.246+0000] {logging_mixin.py:190} INFO - [2025-02-27T03:16:06.245+0000] {dag.py:4180} INFO - Setting next_dagrun for latest_only_with_trigger to 2025-02-26 20:00:00+00:00, run_after=2025-02-27 00:00:00+00:00
[2025-02-27T03:16:06.358+0000] {processor.py:208} INFO - Processing /home/airflow/.local/lib/python3.12/site-packages/airflow/example_dags/example_latest_only_with_trigger.py took 0.362 seconds
[2025-02-27T03:16:36.992+0000] {processor.py:186} INFO - Started process (PID=2801) to work on /home/airflow/.local/lib/python3.12/site-packages/airflow/example_dags/example_latest_only_with_trigger.py
[2025-02-27T03:16:36.994+0000] {processor.py:914} INFO - Processing file /home/airflow/.local/lib/python3.12/site-packages/airflow/example_dags/example_latest_only_with_trigger.py for tasks to queue
[2025-02-27T03:16:36.999+0000] {logging_mixin.py:190} INFO - [2025-02-27T03:16:36.998+0000] {dagbag.py:588} INFO - Filling up the DagBag from /home/airflow/.local/lib/python3.12/site-packages/airflow/example_dags/example_latest_only_with_trigger.py
[2025-02-27T03:16:37.013+0000] {processor.py:925} INFO - DAG(s) 'latest_only_with_trigger' retrieved from /home/airflow/.local/lib/python3.12/site-packages/airflow/example_dags/example_latest_only_with_trigger.py
[2025-02-27T03:16:37.192+0000] {logging_mixin.py:190} INFO - [2025-02-27T03:16:37.191+0000] {dag.py:3239} INFO - Sync 1 DAGs
[2025-02-27T03:16:37.268+0000] {logging_mixin.py:190} INFO - [2025-02-27T03:16:37.267+0000] {dag.py:4180} INFO - Setting next_dagrun for latest_only_with_trigger to 2025-02-26 20:00:00+00:00, run_after=2025-02-27 00:00:00+00:00
[2025-02-27T03:16:37.349+0000] {processor.py:208} INFO - Processing /home/airflow/.local/lib/python3.12/site-packages/airflow/example_dags/example_latest_only_with_trigger.py took 0.368 seconds
[2025-02-27T03:17:08.087+0000] {processor.py:186} INFO - Started process (PID=2864) to work on /home/airflow/.local/lib/python3.12/site-packages/airflow/example_dags/example_latest_only_with_trigger.py
[2025-02-27T03:17:08.088+0000] {processor.py:914} INFO - Processing file /home/airflow/.local/lib/python3.12/site-packages/airflow/example_dags/example_latest_only_with_trigger.py for tasks to queue
[2025-02-27T03:17:08.093+0000] {logging_mixin.py:190} INFO - [2025-02-27T03:17:08.092+0000] {dagbag.py:588} INFO - Filling up the DagBag from /home/airflow/.local/lib/python3.12/site-packages/airflow/example_dags/example_latest_only_with_trigger.py
[2025-02-27T03:17:08.107+0000] {processor.py:925} INFO - DAG(s) 'latest_only_with_trigger' retrieved from /home/airflow/.local/lib/python3.12/site-packages/airflow/example_dags/example_latest_only_with_trigger.py
[2025-02-27T03:17:08.306+0000] {logging_mixin.py:190} INFO - [2025-02-27T03:17:08.305+0000] {dag.py:3239} INFO - Sync 1 DAGs
[2025-02-27T03:17:08.401+0000] {logging_mixin.py:190} INFO - [2025-02-27T03:17:08.401+0000] {dag.py:4180} INFO - Setting next_dagrun for latest_only_with_trigger to 2025-02-26 20:00:00+00:00, run_after=2025-02-27 00:00:00+00:00
[2025-02-27T03:17:08.471+0000] {processor.py:208} INFO - Processing /home/airflow/.local/lib/python3.12/site-packages/airflow/example_dags/example_latest_only_with_trigger.py took 0.396 seconds
[2025-02-27T03:17:38.733+0000] {processor.py:186} INFO - Started process (PID=2927) to work on /home/airflow/.local/lib/python3.12/site-packages/airflow/example_dags/example_latest_only_with_trigger.py
[2025-02-27T03:17:38.734+0000] {processor.py:914} INFO - Processing file /home/airflow/.local/lib/python3.12/site-packages/airflow/example_dags/example_latest_only_with_trigger.py for tasks to queue
[2025-02-27T03:17:38.737+0000] {logging_mixin.py:190} INFO - [2025-02-27T03:17:38.736+0000] {dagbag.py:588} INFO - Filling up the DagBag from /home/airflow/.local/lib/python3.12/site-packages/airflow/example_dags/example_latest_only_with_trigger.py
[2025-02-27T03:17:38.749+0000] {processor.py:925} INFO - DAG(s) 'latest_only_with_trigger' retrieved from /home/airflow/.local/lib/python3.12/site-packages/airflow/example_dags/example_latest_only_with_trigger.py
[2025-02-27T03:17:38.860+0000] {logging_mixin.py:190} INFO - [2025-02-27T03:17:38.860+0000] {dag.py:3239} INFO - Sync 1 DAGs
[2025-02-27T03:17:38.919+0000] {logging_mixin.py:190} INFO - [2025-02-27T03:17:38.919+0000] {dag.py:4180} INFO - Setting next_dagrun for latest_only_with_trigger to 2025-02-26 20:00:00+00:00, run_after=2025-02-27 00:00:00+00:00
[2025-02-27T03:17:38.974+0000] {processor.py:208} INFO - Processing /home/airflow/.local/lib/python3.12/site-packages/airflow/example_dags/example_latest_only_with_trigger.py took 0.249 seconds
[2025-02-27T03:18:09.554+0000] {processor.py:186} INFO - Started process (PID=2989) to work on /home/airflow/.local/lib/python3.12/site-packages/airflow/example_dags/example_latest_only_with_trigger.py
[2025-02-27T03:18:09.556+0000] {processor.py:914} INFO - Processing file /home/airflow/.local/lib/python3.12/site-packages/airflow/example_dags/example_latest_only_with_trigger.py for tasks to queue
[2025-02-27T03:18:09.560+0000] {logging_mixin.py:190} INFO - [2025-02-27T03:18:09.559+0000] {dagbag.py:588} INFO - Filling up the DagBag from /home/airflow/.local/lib/python3.12/site-packages/airflow/example_dags/example_latest_only_with_trigger.py
[2025-02-27T03:18:09.573+0000] {processor.py:925} INFO - DAG(s) 'latest_only_with_trigger' retrieved from /home/airflow/.local/lib/python3.12/site-packages/airflow/example_dags/example_latest_only_with_trigger.py
[2025-02-27T03:18:09.834+0000] {logging_mixin.py:190} INFO - [2025-02-27T03:18:09.833+0000] {dag.py:3239} INFO - Sync 1 DAGs
[2025-02-27T03:18:09.899+0000] {logging_mixin.py:190} INFO - [2025-02-27T03:18:09.899+0000] {dag.py:4180} INFO - Setting next_dagrun for latest_only_with_trigger to 2025-02-26 20:00:00+00:00, run_after=2025-02-27 00:00:00+00:00
[2025-02-27T03:18:09.968+0000] {processor.py:208} INFO - Processing /home/airflow/.local/lib/python3.12/site-packages/airflow/example_dags/example_latest_only_with_trigger.py took 0.425 seconds
[2025-02-27T03:18:40.414+0000] {processor.py:186} INFO - Started process (PID=3052) to work on /home/airflow/.local/lib/python3.12/site-packages/airflow/example_dags/example_latest_only_with_trigger.py
[2025-02-27T03:18:40.416+0000] {processor.py:914} INFO - Processing file /home/airflow/.local/lib/python3.12/site-packages/airflow/example_dags/example_latest_only_with_trigger.py for tasks to queue
[2025-02-27T03:18:40.419+0000] {logging_mixin.py:190} INFO - [2025-02-27T03:18:40.419+0000] {dagbag.py:588} INFO - Filling up the DagBag from /home/airflow/.local/lib/python3.12/site-packages/airflow/example_dags/example_latest_only_with_trigger.py
[2025-02-27T03:18:40.429+0000] {processor.py:925} INFO - DAG(s) 'latest_only_with_trigger' retrieved from /home/airflow/.local/lib/python3.12/site-packages/airflow/example_dags/example_latest_only_with_trigger.py
[2025-02-27T03:18:40.576+0000] {logging_mixin.py:190} INFO - [2025-02-27T03:18:40.575+0000] {dag.py:3239} INFO - Sync 1 DAGs
[2025-02-27T03:18:40.633+0000] {logging_mixin.py:190} INFO - [2025-02-27T03:18:40.633+0000] {dag.py:4180} INFO - Setting next_dagrun for latest_only_with_trigger to 2025-02-26 20:00:00+00:00, run_after=2025-02-27 00:00:00+00:00
[2025-02-27T03:18:40.689+0000] {processor.py:208} INFO - Processing /home/airflow/.local/lib/python3.12/site-packages/airflow/example_dags/example_latest_only_with_trigger.py took 0.281 seconds
[2025-02-27T03:19:11.005+0000] {processor.py:186} INFO - Started process (PID=3115) to work on /home/airflow/.local/lib/python3.12/site-packages/airflow/example_dags/example_latest_only_with_trigger.py
[2025-02-27T03:19:11.007+0000] {processor.py:914} INFO - Processing file /home/airflow/.local/lib/python3.12/site-packages/airflow/example_dags/example_latest_only_with_trigger.py for tasks to queue
[2025-02-27T03:19:11.012+0000] {logging_mixin.py:190} INFO - [2025-02-27T03:19:11.011+0000] {dagbag.py:588} INFO - Filling up the DagBag from /home/airflow/.local/lib/python3.12/site-packages/airflow/example_dags/example_latest_only_with_trigger.py
[2025-02-27T03:19:11.026+0000] {processor.py:925} INFO - DAG(s) 'latest_only_with_trigger' retrieved from /home/airflow/.local/lib/python3.12/site-packages/airflow/example_dags/example_latest_only_with_trigger.py
[2025-02-27T03:19:11.187+0000] {logging_mixin.py:190} INFO - [2025-02-27T03:19:11.187+0000] {dag.py:3239} INFO - Sync 1 DAGs
[2025-02-27T03:19:11.265+0000] {logging_mixin.py:190} INFO - [2025-02-27T03:19:11.264+0000] {dag.py:4180} INFO - Setting next_dagrun for latest_only_with_trigger to 2025-02-26 20:00:00+00:00, run_after=2025-02-27 00:00:00+00:00
[2025-02-27T03:19:11.340+0000] {processor.py:208} INFO - Processing /home/airflow/.local/lib/python3.12/site-packages/airflow/example_dags/example_latest_only_with_trigger.py took 0.345 seconds
[2025-02-27T03:19:41.597+0000] {processor.py:186} INFO - Started process (PID=3178) to work on /home/airflow/.local/lib/python3.12/site-packages/airflow/example_dags/example_latest_only_with_trigger.py
[2025-02-27T03:19:41.598+0000] {processor.py:914} INFO - Processing file /home/airflow/.local/lib/python3.12/site-packages/airflow/example_dags/example_latest_only_with_trigger.py for tasks to queue
[2025-02-27T03:19:41.604+0000] {logging_mixin.py:190} INFO - [2025-02-27T03:19:41.603+0000] {dagbag.py:588} INFO - Filling up the DagBag from /home/airflow/.local/lib/python3.12/site-packages/airflow/example_dags/example_latest_only_with_trigger.py
[2025-02-27T03:19:41.618+0000] {processor.py:925} INFO - DAG(s) 'latest_only_with_trigger' retrieved from /home/airflow/.local/lib/python3.12/site-packages/airflow/example_dags/example_latest_only_with_trigger.py
[2025-02-27T03:19:41.807+0000] {logging_mixin.py:190} INFO - [2025-02-27T03:19:41.806+0000] {dag.py:3239} INFO - Sync 1 DAGs
[2025-02-27T03:19:41.887+0000] {logging_mixin.py:190} INFO - [2025-02-27T03:19:41.887+0000] {dag.py:4180} INFO - Setting next_dagrun for latest_only_with_trigger to 2025-02-26 20:00:00+00:00, run_after=2025-02-27 00:00:00+00:00
[2025-02-27T03:19:41.962+0000] {processor.py:208} INFO - Processing /home/airflow/.local/lib/python3.12/site-packages/airflow/example_dags/example_latest_only_with_trigger.py took 0.377 seconds
[2025-02-27T03:20:12.211+0000] {processor.py:186} INFO - Started process (PID=3241) to work on /home/airflow/.local/lib/python3.12/site-packages/airflow/example_dags/example_latest_only_with_trigger.py
[2025-02-27T03:20:12.214+0000] {processor.py:914} INFO - Processing file /home/airflow/.local/lib/python3.12/site-packages/airflow/example_dags/example_latest_only_with_trigger.py for tasks to queue
[2025-02-27T03:20:12.218+0000] {logging_mixin.py:190} INFO - [2025-02-27T03:20:12.217+0000] {dagbag.py:588} INFO - Filling up the DagBag from /home/airflow/.local/lib/python3.12/site-packages/airflow/example_dags/example_latest_only_with_trigger.py
[2025-02-27T03:20:12.240+0000] {processor.py:925} INFO - DAG(s) 'latest_only_with_trigger' retrieved from /home/airflow/.local/lib/python3.12/site-packages/airflow/example_dags/example_latest_only_with_trigger.py
[2025-02-27T03:20:12.530+0000] {logging_mixin.py:190} INFO - [2025-02-27T03:20:12.530+0000] {dag.py:3239} INFO - Sync 1 DAGs
[2025-02-27T03:20:12.648+0000] {logging_mixin.py:190} INFO - [2025-02-27T03:20:12.648+0000] {dag.py:4180} INFO - Setting next_dagrun for latest_only_with_trigger to 2025-02-26 20:00:00+00:00, run_after=2025-02-27 00:00:00+00:00
[2025-02-27T03:20:12.728+0000] {processor.py:208} INFO - Processing /home/airflow/.local/lib/python3.12/site-packages/airflow/example_dags/example_latest_only_with_trigger.py took 0.528 seconds
[2025-02-27T03:20:43.211+0000] {processor.py:186} INFO - Started process (PID=3304) to work on /home/airflow/.local/lib/python3.12/site-packages/airflow/example_dags/example_latest_only_with_trigger.py
[2025-02-27T03:20:43.213+0000] {processor.py:914} INFO - Processing file /home/airflow/.local/lib/python3.12/site-packages/airflow/example_dags/example_latest_only_with_trigger.py for tasks to queue
[2025-02-27T03:20:43.219+0000] {logging_mixin.py:190} INFO - [2025-02-27T03:20:43.218+0000] {dagbag.py:588} INFO - Filling up the DagBag from /home/airflow/.local/lib/python3.12/site-packages/airflow/example_dags/example_latest_only_with_trigger.py
[2025-02-27T03:20:43.234+0000] {processor.py:925} INFO - DAG(s) 'latest_only_with_trigger' retrieved from /home/airflow/.local/lib/python3.12/site-packages/airflow/example_dags/example_latest_only_with_trigger.py
[2025-02-27T03:20:43.401+0000] {logging_mixin.py:190} INFO - [2025-02-27T03:20:43.401+0000] {dag.py:3239} INFO - Sync 1 DAGs
[2025-02-27T03:20:43.459+0000] {logging_mixin.py:190} INFO - [2025-02-27T03:20:43.458+0000] {dag.py:4180} INFO - Setting next_dagrun for latest_only_with_trigger to 2025-02-26 20:00:00+00:00, run_after=2025-02-27 00:00:00+00:00
[2025-02-27T03:20:43.510+0000] {processor.py:208} INFO - Processing /home/airflow/.local/lib/python3.12/site-packages/airflow/example_dags/example_latest_only_with_trigger.py took 0.311 seconds
