[2025-02-27T02:51:22.030+0000] {processor.py:186} INFO - Started process (PID=82) to work on /home/airflow/.local/lib/python3.12/site-packages/airflow/example_dags/example_external_task_marker_dag.py
[2025-02-27T02:51:22.032+0000] {processor.py:914} INFO - Processing file /home/airflow/.local/lib/python3.12/site-packages/airflow/example_dags/example_external_task_marker_dag.py for tasks to queue
[2025-02-27T02:51:22.037+0000] {logging_mixin.py:190} INFO - [2025-02-27T02:51:22.037+0000] {dagbag.py:588} INFO - Filling up the DagBag from /home/airflow/.local/lib/python3.12/site-packages/airflow/example_dags/example_external_task_marker_dag.py
[2025-02-27T02:51:22.056+0000] {processor.py:925} INFO - DAG(s) 'example_external_task_marker_child', 'example_external_task_marker_parent' retrieved from /home/airflow/.local/lib/python3.12/site-packages/airflow/example_dags/example_external_task_marker_dag.py
[2025-02-27T02:51:22.423+0000] {logging_mixin.py:190} INFO - [2025-02-27T02:51:22.421+0000] {override.py:1912} INFO - Created Permission View: can delete on DAG:example_external_task_marker_child
[2025-02-27T02:51:22.452+0000] {logging_mixin.py:190} INFO - [2025-02-27T02:51:22.452+0000] {override.py:1912} INFO - Created Permission View: can read on DAG:example_external_task_marker_child
[2025-02-27T02:51:22.473+0000] {logging_mixin.py:190} INFO - [2025-02-27T02:51:22.472+0000] {override.py:1912} INFO - Created Permission View: can edit on DAG:example_external_task_marker_child
[2025-02-27T02:51:22.513+0000] {logging_mixin.py:190} INFO - [2025-02-27T02:51:22.512+0000] {override.py:1912} INFO - Created Permission View: menu access on DAG Run:example_external_task_marker_child
[2025-02-27T02:51:22.545+0000] {logging_mixin.py:190} INFO - [2025-02-27T02:51:22.544+0000] {override.py:1912} INFO - Created Permission View: can delete on DAG Run:example_external_task_marker_child
[2025-02-27T02:51:22.565+0000] {logging_mixin.py:190} INFO - [2025-02-27T02:51:22.565+0000] {override.py:1912} INFO - Created Permission View: can read on DAG Run:example_external_task_marker_child
[2025-02-27T02:51:22.595+0000] {logging_mixin.py:190} INFO - [2025-02-27T02:51:22.594+0000] {override.py:1912} INFO - Created Permission View: can create on DAG Run:example_external_task_marker_child
[2025-02-27T02:51:22.630+0000] {logging_mixin.py:190} INFO - [2025-02-27T02:51:22.630+0000] {override.py:1912} INFO - Created Permission View: can delete on DAG:example_external_task_marker_parent
[2025-02-27T02:51:22.649+0000] {logging_mixin.py:190} INFO - [2025-02-27T02:51:22.649+0000] {override.py:1912} INFO - Created Permission View: can read on DAG:example_external_task_marker_parent
[2025-02-27T02:51:22.671+0000] {logging_mixin.py:190} INFO - [2025-02-27T02:51:22.670+0000] {override.py:1912} INFO - Created Permission View: can edit on DAG:example_external_task_marker_parent
[2025-02-27T02:51:22.694+0000] {logging_mixin.py:190} INFO - [2025-02-27T02:51:22.693+0000] {override.py:1912} INFO - Created Permission View: menu access on DAG Run:example_external_task_marker_parent
[2025-02-27T02:51:22.714+0000] {logging_mixin.py:190} INFO - [2025-02-27T02:51:22.714+0000] {override.py:1912} INFO - Created Permission View: can delete on DAG Run:example_external_task_marker_parent
[2025-02-27T02:51:22.736+0000] {logging_mixin.py:190} INFO - [2025-02-27T02:51:22.735+0000] {override.py:1912} INFO - Created Permission View: can read on DAG Run:example_external_task_marker_parent
[2025-02-27T02:51:22.758+0000] {logging_mixin.py:190} INFO - [2025-02-27T02:51:22.757+0000] {override.py:1912} INFO - Created Permission View: can create on DAG Run:example_external_task_marker_parent
[2025-02-27T02:51:22.760+0000] {logging_mixin.py:190} INFO - [2025-02-27T02:51:22.759+0000] {dag.py:3239} INFO - Sync 2 DAGs
[2025-02-27T02:51:22.796+0000] {logging_mixin.py:190} INFO - [2025-02-27T02:51:22.796+0000] {dag.py:3262} INFO - Creating ORM DAG for example_external_task_marker_child
[2025-02-27T02:51:22.799+0000] {logging_mixin.py:190} INFO - [2025-02-27T02:51:22.798+0000] {dag.py:3262} INFO - Creating ORM DAG for example_external_task_marker_parent
[2025-02-27T02:51:22.801+0000] {logging_mixin.py:190} INFO - [2025-02-27T02:51:22.800+0000] {dag.py:4180} INFO - Setting next_dagrun for example_external_task_marker_child to None, run_after=None
[2025-02-27T02:51:22.803+0000] {logging_mixin.py:190} INFO - [2025-02-27T02:51:22.802+0000] {dag.py:4180} INFO - Setting next_dagrun for example_external_task_marker_parent to None, run_after=None
[2025-02-27T02:51:22.847+0000] {processor.py:208} INFO - Processing /home/airflow/.local/lib/python3.12/site-packages/airflow/example_dags/example_external_task_marker_dag.py took 0.833 seconds
[2025-02-27T02:51:53.947+0000] {processor.py:186} INFO - Started process (PID=145) to work on /home/airflow/.local/lib/python3.12/site-packages/airflow/example_dags/example_external_task_marker_dag.py
[2025-02-27T02:51:53.948+0000] {processor.py:914} INFO - Processing file /home/airflow/.local/lib/python3.12/site-packages/airflow/example_dags/example_external_task_marker_dag.py for tasks to queue
[2025-02-27T02:51:53.953+0000] {logging_mixin.py:190} INFO - [2025-02-27T02:51:53.952+0000] {dagbag.py:588} INFO - Filling up the DagBag from /home/airflow/.local/lib/python3.12/site-packages/airflow/example_dags/example_external_task_marker_dag.py
[2025-02-27T02:51:53.978+0000] {processor.py:925} INFO - DAG(s) 'example_external_task_marker_parent', 'example_external_task_marker_child' retrieved from /home/airflow/.local/lib/python3.12/site-packages/airflow/example_dags/example_external_task_marker_dag.py
[2025-02-27T02:51:54.027+0000] {logging_mixin.py:190} INFO - [2025-02-27T02:51:54.026+0000] {dag.py:3239} INFO - Sync 2 DAGs
[2025-02-27T02:51:54.062+0000] {logging_mixin.py:190} INFO - [2025-02-27T02:51:54.061+0000] {dag.py:4180} INFO - Setting next_dagrun for example_external_task_marker_child to None, run_after=None
[2025-02-27T02:51:54.072+0000] {logging_mixin.py:190} INFO - [2025-02-27T02:51:54.071+0000] {dag.py:4180} INFO - Setting next_dagrun for example_external_task_marker_parent to None, run_after=None
[2025-02-27T02:51:54.115+0000] {processor.py:208} INFO - Processing /home/airflow/.local/lib/python3.12/site-packages/airflow/example_dags/example_external_task_marker_dag.py took 0.179 seconds
[2025-02-27T02:54:02.014+0000] {processor.py:186} INFO - Started process (PID=78) to work on /home/airflow/.local/lib/python3.12/site-packages/airflow/example_dags/example_external_task_marker_dag.py
[2025-02-27T02:54:02.016+0000] {processor.py:914} INFO - Processing file /home/airflow/.local/lib/python3.12/site-packages/airflow/example_dags/example_external_task_marker_dag.py for tasks to queue
[2025-02-27T02:54:02.022+0000] {logging_mixin.py:190} INFO - [2025-02-27T02:54:02.021+0000] {dagbag.py:588} INFO - Filling up the DagBag from /home/airflow/.local/lib/python3.12/site-packages/airflow/example_dags/example_external_task_marker_dag.py
[2025-02-27T02:54:02.038+0000] {processor.py:925} INFO - DAG(s) 'example_external_task_marker_child', 'example_external_task_marker_parent' retrieved from /home/airflow/.local/lib/python3.12/site-packages/airflow/example_dags/example_external_task_marker_dag.py
[2025-02-27T02:54:02.454+0000] {logging_mixin.py:190} INFO - [2025-02-27T02:54:02.452+0000] {override.py:1912} INFO - Created Permission View: can read on DAG:example_external_task_marker_child
[2025-02-27T02:54:02.483+0000] {logging_mixin.py:190} INFO - [2025-02-27T02:54:02.482+0000] {override.py:1912} INFO - Created Permission View: can delete on DAG:example_external_task_marker_child
[2025-02-27T02:54:02.504+0000] {logging_mixin.py:190} INFO - [2025-02-27T02:54:02.503+0000] {override.py:1912} INFO - Created Permission View: can edit on DAG:example_external_task_marker_child
[2025-02-27T02:54:02.528+0000] {logging_mixin.py:190} INFO - [2025-02-27T02:54:02.527+0000] {override.py:1912} INFO - Created Permission View: can read on DAG Run:example_external_task_marker_child
[2025-02-27T02:54:02.548+0000] {logging_mixin.py:190} INFO - [2025-02-27T02:54:02.547+0000] {override.py:1912} INFO - Created Permission View: menu access on DAG Run:example_external_task_marker_child
[2025-02-27T02:54:02.567+0000] {logging_mixin.py:190} INFO - [2025-02-27T02:54:02.566+0000] {override.py:1912} INFO - Created Permission View: can delete on DAG Run:example_external_task_marker_child
[2025-02-27T02:54:02.592+0000] {logging_mixin.py:190} INFO - [2025-02-27T02:54:02.592+0000] {override.py:1912} INFO - Created Permission View: can create on DAG Run:example_external_task_marker_child
[2025-02-27T02:54:02.636+0000] {logging_mixin.py:190} INFO - [2025-02-27T02:54:02.635+0000] {override.py:1912} INFO - Created Permission View: can read on DAG:example_external_task_marker_parent
[2025-02-27T02:54:02.656+0000] {logging_mixin.py:190} INFO - [2025-02-27T02:54:02.655+0000] {override.py:1912} INFO - Created Permission View: can delete on DAG:example_external_task_marker_parent
[2025-02-27T02:54:02.683+0000] {logging_mixin.py:190} INFO - [2025-02-27T02:54:02.683+0000] {override.py:1912} INFO - Created Permission View: can edit on DAG:example_external_task_marker_parent
[2025-02-27T02:54:02.709+0000] {logging_mixin.py:190} INFO - [2025-02-27T02:54:02.708+0000] {override.py:1912} INFO - Created Permission View: can read on DAG Run:example_external_task_marker_parent
[2025-02-27T02:54:02.730+0000] {logging_mixin.py:190} INFO - [2025-02-27T02:54:02.730+0000] {override.py:1912} INFO - Created Permission View: menu access on DAG Run:example_external_task_marker_parent
[2025-02-27T02:54:02.763+0000] {logging_mixin.py:190} INFO - [2025-02-27T02:54:02.762+0000] {override.py:1912} INFO - Created Permission View: can delete on DAG Run:example_external_task_marker_parent
[2025-02-27T02:54:02.794+0000] {logging_mixin.py:190} INFO - [2025-02-27T02:54:02.793+0000] {override.py:1912} INFO - Created Permission View: can create on DAG Run:example_external_task_marker_parent
[2025-02-27T02:54:02.797+0000] {logging_mixin.py:190} INFO - [2025-02-27T02:54:02.797+0000] {dag.py:3239} INFO - Sync 2 DAGs
[2025-02-27T02:54:02.882+0000] {logging_mixin.py:190} INFO - [2025-02-27T02:54:02.881+0000] {dag.py:3262} INFO - Creating ORM DAG for example_external_task_marker_child
[2025-02-27T02:54:02.884+0000] {logging_mixin.py:190} INFO - [2025-02-27T02:54:02.883+0000] {dag.py:3262} INFO - Creating ORM DAG for example_external_task_marker_parent
[2025-02-27T02:54:02.886+0000] {logging_mixin.py:190} INFO - [2025-02-27T02:54:02.885+0000] {dag.py:4180} INFO - Setting next_dagrun for example_external_task_marker_child to None, run_after=None
[2025-02-27T02:54:02.888+0000] {logging_mixin.py:190} INFO - [2025-02-27T02:54:02.888+0000] {dag.py:4180} INFO - Setting next_dagrun for example_external_task_marker_parent to None, run_after=None
[2025-02-27T02:54:02.955+0000] {processor.py:208} INFO - Processing /home/airflow/.local/lib/python3.12/site-packages/airflow/example_dags/example_external_task_marker_dag.py took 0.950 seconds
[2025-02-27T02:54:34.539+0000] {processor.py:186} INFO - Started process (PID=141) to work on /home/airflow/.local/lib/python3.12/site-packages/airflow/example_dags/example_external_task_marker_dag.py
[2025-02-27T02:54:34.540+0000] {processor.py:914} INFO - Processing file /home/airflow/.local/lib/python3.12/site-packages/airflow/example_dags/example_external_task_marker_dag.py for tasks to queue
[2025-02-27T02:54:34.547+0000] {logging_mixin.py:190} INFO - [2025-02-27T02:54:34.546+0000] {dagbag.py:588} INFO - Filling up the DagBag from /home/airflow/.local/lib/python3.12/site-packages/airflow/example_dags/example_external_task_marker_dag.py
[2025-02-27T02:54:34.563+0000] {processor.py:925} INFO - DAG(s) 'example_external_task_marker_parent', 'example_external_task_marker_child' retrieved from /home/airflow/.local/lib/python3.12/site-packages/airflow/example_dags/example_external_task_marker_dag.py
[2025-02-27T02:54:34.729+0000] {logging_mixin.py:190} INFO - [2025-02-27T02:54:34.728+0000] {dag.py:3239} INFO - Sync 2 DAGs
[2025-02-27T02:54:34.769+0000] {logging_mixin.py:190} INFO - [2025-02-27T02:54:34.768+0000] {dag.py:4180} INFO - Setting next_dagrun for example_external_task_marker_child to None, run_after=None
[2025-02-27T02:54:34.780+0000] {logging_mixin.py:190} INFO - [2025-02-27T02:54:34.780+0000] {dag.py:4180} INFO - Setting next_dagrun for example_external_task_marker_parent to None, run_after=None
[2025-02-27T02:54:34.848+0000] {processor.py:208} INFO - Processing /home/airflow/.local/lib/python3.12/site-packages/airflow/example_dags/example_external_task_marker_dag.py took 0.317 seconds
[2025-02-27T02:55:06.944+0000] {processor.py:186} INFO - Started process (PID=204) to work on /home/airflow/.local/lib/python3.12/site-packages/airflow/example_dags/example_external_task_marker_dag.py
[2025-02-27T02:55:06.946+0000] {processor.py:914} INFO - Processing file /home/airflow/.local/lib/python3.12/site-packages/airflow/example_dags/example_external_task_marker_dag.py for tasks to queue
[2025-02-27T02:55:06.952+0000] {logging_mixin.py:190} INFO - [2025-02-27T02:55:06.951+0000] {dagbag.py:588} INFO - Filling up the DagBag from /home/airflow/.local/lib/python3.12/site-packages/airflow/example_dags/example_external_task_marker_dag.py
[2025-02-27T02:55:06.967+0000] {processor.py:925} INFO - DAG(s) 'example_external_task_marker_child', 'example_external_task_marker_parent' retrieved from /home/airflow/.local/lib/python3.12/site-packages/airflow/example_dags/example_external_task_marker_dag.py
[2025-02-27T02:55:07.129+0000] {logging_mixin.py:190} INFO - [2025-02-27T02:55:07.128+0000] {dag.py:3239} INFO - Sync 2 DAGs
[2025-02-27T02:55:07.174+0000] {logging_mixin.py:190} INFO - [2025-02-27T02:55:07.174+0000] {dag.py:4180} INFO - Setting next_dagrun for example_external_task_marker_child to None, run_after=None
[2025-02-27T02:55:07.186+0000] {logging_mixin.py:190} INFO - [2025-02-27T02:55:07.186+0000] {dag.py:4180} INFO - Setting next_dagrun for example_external_task_marker_parent to None, run_after=None
[2025-02-27T02:55:07.237+0000] {processor.py:208} INFO - Processing /home/airflow/.local/lib/python3.12/site-packages/airflow/example_dags/example_external_task_marker_dag.py took 0.303 seconds
[2025-02-27T02:55:39.775+0000] {processor.py:186} INFO - Started process (PID=267) to work on /home/airflow/.local/lib/python3.12/site-packages/airflow/example_dags/example_external_task_marker_dag.py
[2025-02-27T02:55:39.778+0000] {processor.py:914} INFO - Processing file /home/airflow/.local/lib/python3.12/site-packages/airflow/example_dags/example_external_task_marker_dag.py for tasks to queue
[2025-02-27T02:55:39.783+0000] {logging_mixin.py:190} INFO - [2025-02-27T02:55:39.782+0000] {dagbag.py:588} INFO - Filling up the DagBag from /home/airflow/.local/lib/python3.12/site-packages/airflow/example_dags/example_external_task_marker_dag.py
[2025-02-27T02:55:39.814+0000] {processor.py:925} INFO - DAG(s) 'example_external_task_marker_child', 'example_external_task_marker_parent' retrieved from /home/airflow/.local/lib/python3.12/site-packages/airflow/example_dags/example_external_task_marker_dag.py
[2025-02-27T02:55:40.102+0000] {logging_mixin.py:190} INFO - [2025-02-27T02:55:40.102+0000] {dag.py:3239} INFO - Sync 2 DAGs
[2025-02-27T02:55:40.160+0000] {logging_mixin.py:190} INFO - [2025-02-27T02:55:40.160+0000] {dag.py:4180} INFO - Setting next_dagrun for example_external_task_marker_child to None, run_after=None
[2025-02-27T02:55:40.185+0000] {logging_mixin.py:190} INFO - [2025-02-27T02:55:40.184+0000] {dag.py:4180} INFO - Setting next_dagrun for example_external_task_marker_parent to None, run_after=None
[2025-02-27T02:55:40.242+0000] {processor.py:208} INFO - Processing /home/airflow/.local/lib/python3.12/site-packages/airflow/example_dags/example_external_task_marker_dag.py took 0.482 seconds
[2025-02-27T02:56:12.415+0000] {processor.py:186} INFO - Started process (PID=330) to work on /home/airflow/.local/lib/python3.12/site-packages/airflow/example_dags/example_external_task_marker_dag.py
[2025-02-27T02:56:12.417+0000] {processor.py:914} INFO - Processing file /home/airflow/.local/lib/python3.12/site-packages/airflow/example_dags/example_external_task_marker_dag.py for tasks to queue
[2025-02-27T02:56:12.421+0000] {logging_mixin.py:190} INFO - [2025-02-27T02:56:12.421+0000] {dagbag.py:588} INFO - Filling up the DagBag from /home/airflow/.local/lib/python3.12/site-packages/airflow/example_dags/example_external_task_marker_dag.py
[2025-02-27T02:56:12.439+0000] {processor.py:925} INFO - DAG(s) 'example_external_task_marker_parent', 'example_external_task_marker_child' retrieved from /home/airflow/.local/lib/python3.12/site-packages/airflow/example_dags/example_external_task_marker_dag.py
[2025-02-27T02:56:12.655+0000] {logging_mixin.py:190} INFO - [2025-02-27T02:56:12.654+0000] {dag.py:3239} INFO - Sync 2 DAGs
[2025-02-27T02:56:12.709+0000] {logging_mixin.py:190} INFO - [2025-02-27T02:56:12.709+0000] {dag.py:4180} INFO - Setting next_dagrun for example_external_task_marker_child to None, run_after=None
[2025-02-27T02:56:12.721+0000] {logging_mixin.py:190} INFO - [2025-02-27T02:56:12.720+0000] {dag.py:4180} INFO - Setting next_dagrun for example_external_task_marker_parent to None, run_after=None
[2025-02-27T02:56:12.785+0000] {processor.py:208} INFO - Processing /home/airflow/.local/lib/python3.12/site-packages/airflow/example_dags/example_external_task_marker_dag.py took 0.382 seconds
[2025-02-27T02:56:44.685+0000] {processor.py:186} INFO - Started process (PID=393) to work on /home/airflow/.local/lib/python3.12/site-packages/airflow/example_dags/example_external_task_marker_dag.py
[2025-02-27T02:56:44.687+0000] {processor.py:914} INFO - Processing file /home/airflow/.local/lib/python3.12/site-packages/airflow/example_dags/example_external_task_marker_dag.py for tasks to queue
[2025-02-27T02:56:44.690+0000] {logging_mixin.py:190} INFO - [2025-02-27T02:56:44.690+0000] {dagbag.py:588} INFO - Filling up the DagBag from /home/airflow/.local/lib/python3.12/site-packages/airflow/example_dags/example_external_task_marker_dag.py
[2025-02-27T02:56:44.706+0000] {processor.py:925} INFO - DAG(s) 'example_external_task_marker_parent', 'example_external_task_marker_child' retrieved from /home/airflow/.local/lib/python3.12/site-packages/airflow/example_dags/example_external_task_marker_dag.py
[2025-02-27T02:56:44.857+0000] {logging_mixin.py:190} INFO - [2025-02-27T02:56:44.857+0000] {dag.py:3239} INFO - Sync 2 DAGs
[2025-02-27T02:56:44.897+0000] {logging_mixin.py:190} INFO - [2025-02-27T02:56:44.896+0000] {dag.py:4180} INFO - Setting next_dagrun for example_external_task_marker_child to None, run_after=None
[2025-02-27T02:56:44.907+0000] {logging_mixin.py:190} INFO - [2025-02-27T02:56:44.906+0000] {dag.py:4180} INFO - Setting next_dagrun for example_external_task_marker_parent to None, run_after=None
[2025-02-27T02:56:44.972+0000] {processor.py:208} INFO - Processing /home/airflow/.local/lib/python3.12/site-packages/airflow/example_dags/example_external_task_marker_dag.py took 0.296 seconds
[2025-02-27T02:57:16.673+0000] {processor.py:186} INFO - Started process (PID=456) to work on /home/airflow/.local/lib/python3.12/site-packages/airflow/example_dags/example_external_task_marker_dag.py
[2025-02-27T02:57:16.679+0000] {processor.py:914} INFO - Processing file /home/airflow/.local/lib/python3.12/site-packages/airflow/example_dags/example_external_task_marker_dag.py for tasks to queue
[2025-02-27T02:57:16.687+0000] {logging_mixin.py:190} INFO - [2025-02-27T02:57:16.686+0000] {dagbag.py:588} INFO - Filling up the DagBag from /home/airflow/.local/lib/python3.12/site-packages/airflow/example_dags/example_external_task_marker_dag.py
[2025-02-27T02:57:16.714+0000] {processor.py:925} INFO - DAG(s) 'example_external_task_marker_child', 'example_external_task_marker_parent' retrieved from /home/airflow/.local/lib/python3.12/site-packages/airflow/example_dags/example_external_task_marker_dag.py
[2025-02-27T02:57:16.955+0000] {logging_mixin.py:190} INFO - [2025-02-27T02:57:16.955+0000] {dag.py:3239} INFO - Sync 2 DAGs
[2025-02-27T02:57:17.008+0000] {logging_mixin.py:190} INFO - [2025-02-27T02:57:17.007+0000] {dag.py:4180} INFO - Setting next_dagrun for example_external_task_marker_child to None, run_after=None
[2025-02-27T02:57:17.018+0000] {logging_mixin.py:190} INFO - [2025-02-27T02:57:17.017+0000] {dag.py:4180} INFO - Setting next_dagrun for example_external_task_marker_parent to None, run_after=None
[2025-02-27T02:57:17.080+0000] {processor.py:208} INFO - Processing /home/airflow/.local/lib/python3.12/site-packages/airflow/example_dags/example_external_task_marker_dag.py took 0.423 seconds
[2025-02-27T02:57:48.598+0000] {processor.py:186} INFO - Started process (PID=525) to work on /home/airflow/.local/lib/python3.12/site-packages/airflow/example_dags/example_external_task_marker_dag.py
[2025-02-27T02:57:48.600+0000] {processor.py:914} INFO - Processing file /home/airflow/.local/lib/python3.12/site-packages/airflow/example_dags/example_external_task_marker_dag.py for tasks to queue
[2025-02-27T02:57:48.603+0000] {logging_mixin.py:190} INFO - [2025-02-27T02:57:48.603+0000] {dagbag.py:588} INFO - Filling up the DagBag from /home/airflow/.local/lib/python3.12/site-packages/airflow/example_dags/example_external_task_marker_dag.py
[2025-02-27T02:57:48.619+0000] {processor.py:925} INFO - DAG(s) 'example_external_task_marker_parent', 'example_external_task_marker_child' retrieved from /home/airflow/.local/lib/python3.12/site-packages/airflow/example_dags/example_external_task_marker_dag.py
[2025-02-27T02:57:48.769+0000] {logging_mixin.py:190} INFO - [2025-02-27T02:57:48.769+0000] {dag.py:3239} INFO - Sync 2 DAGs
[2025-02-27T02:57:48.812+0000] {logging_mixin.py:190} INFO - [2025-02-27T02:57:48.811+0000] {dag.py:4180} INFO - Setting next_dagrun for example_external_task_marker_child to None, run_after=None
[2025-02-27T02:57:48.824+0000] {logging_mixin.py:190} INFO - [2025-02-27T02:57:48.824+0000] {dag.py:4180} INFO - Setting next_dagrun for example_external_task_marker_parent to None, run_after=None
[2025-02-27T02:57:48.879+0000] {processor.py:208} INFO - Processing /home/airflow/.local/lib/python3.12/site-packages/airflow/example_dags/example_external_task_marker_dag.py took 0.293 seconds
[2025-02-27T02:58:21.440+0000] {processor.py:186} INFO - Started process (PID=588) to work on /home/airflow/.local/lib/python3.12/site-packages/airflow/example_dags/example_external_task_marker_dag.py
[2025-02-27T02:58:21.442+0000] {processor.py:914} INFO - Processing file /home/airflow/.local/lib/python3.12/site-packages/airflow/example_dags/example_external_task_marker_dag.py for tasks to queue
[2025-02-27T02:58:21.447+0000] {logging_mixin.py:190} INFO - [2025-02-27T02:58:21.446+0000] {dagbag.py:588} INFO - Filling up the DagBag from /home/airflow/.local/lib/python3.12/site-packages/airflow/example_dags/example_external_task_marker_dag.py
[2025-02-27T02:58:21.467+0000] {processor.py:925} INFO - DAG(s) 'example_external_task_marker_parent', 'example_external_task_marker_child' retrieved from /home/airflow/.local/lib/python3.12/site-packages/airflow/example_dags/example_external_task_marker_dag.py
[2025-02-27T02:58:21.675+0000] {logging_mixin.py:190} INFO - [2025-02-27T02:58:21.675+0000] {dag.py:3239} INFO - Sync 2 DAGs
[2025-02-27T02:58:21.792+0000] {logging_mixin.py:190} INFO - [2025-02-27T02:58:21.792+0000] {dag.py:4180} INFO - Setting next_dagrun for example_external_task_marker_child to None, run_after=None
[2025-02-27T02:58:21.804+0000] {logging_mixin.py:190} INFO - [2025-02-27T02:58:21.803+0000] {dag.py:4180} INFO - Setting next_dagrun for example_external_task_marker_parent to None, run_after=None
[2025-02-27T02:58:21.866+0000] {processor.py:208} INFO - Processing /home/airflow/.local/lib/python3.12/site-packages/airflow/example_dags/example_external_task_marker_dag.py took 0.439 seconds
[2025-02-27T02:58:52.885+0000] {processor.py:186} INFO - Started process (PID=651) to work on /home/airflow/.local/lib/python3.12/site-packages/airflow/example_dags/example_external_task_marker_dag.py
[2025-02-27T02:58:52.886+0000] {processor.py:914} INFO - Processing file /home/airflow/.local/lib/python3.12/site-packages/airflow/example_dags/example_external_task_marker_dag.py for tasks to queue
[2025-02-27T02:58:52.890+0000] {logging_mixin.py:190} INFO - [2025-02-27T02:58:52.890+0000] {dagbag.py:588} INFO - Filling up the DagBag from /home/airflow/.local/lib/python3.12/site-packages/airflow/example_dags/example_external_task_marker_dag.py
[2025-02-27T02:58:52.906+0000] {processor.py:925} INFO - DAG(s) 'example_external_task_marker_parent', 'example_external_task_marker_child' retrieved from /home/airflow/.local/lib/python3.12/site-packages/airflow/example_dags/example_external_task_marker_dag.py
[2025-02-27T02:58:53.063+0000] {logging_mixin.py:190} INFO - [2025-02-27T02:58:53.062+0000] {dag.py:3239} INFO - Sync 2 DAGs
[2025-02-27T02:58:53.102+0000] {logging_mixin.py:190} INFO - [2025-02-27T02:58:53.101+0000] {dag.py:4180} INFO - Setting next_dagrun for example_external_task_marker_child to None, run_after=None
[2025-02-27T02:58:53.114+0000] {logging_mixin.py:190} INFO - [2025-02-27T02:58:53.113+0000] {dag.py:4180} INFO - Setting next_dagrun for example_external_task_marker_parent to None, run_after=None
[2025-02-27T02:58:53.169+0000] {processor.py:208} INFO - Processing /home/airflow/.local/lib/python3.12/site-packages/airflow/example_dags/example_external_task_marker_dag.py took 0.293 seconds
[2025-02-27T02:59:25.364+0000] {processor.py:186} INFO - Started process (PID=714) to work on /home/airflow/.local/lib/python3.12/site-packages/airflow/example_dags/example_external_task_marker_dag.py
[2025-02-27T02:59:25.367+0000] {processor.py:914} INFO - Processing file /home/airflow/.local/lib/python3.12/site-packages/airflow/example_dags/example_external_task_marker_dag.py for tasks to queue
[2025-02-27T02:59:25.372+0000] {logging_mixin.py:190} INFO - [2025-02-27T02:59:25.371+0000] {dagbag.py:588} INFO - Filling up the DagBag from /home/airflow/.local/lib/python3.12/site-packages/airflow/example_dags/example_external_task_marker_dag.py
[2025-02-27T02:59:25.388+0000] {processor.py:925} INFO - DAG(s) 'example_external_task_marker_child', 'example_external_task_marker_parent' retrieved from /home/airflow/.local/lib/python3.12/site-packages/airflow/example_dags/example_external_task_marker_dag.py
[2025-02-27T02:59:25.673+0000] {logging_mixin.py:190} INFO - [2025-02-27T02:59:25.670+0000] {dag.py:3239} INFO - Sync 2 DAGs
[2025-02-27T02:59:25.776+0000] {logging_mixin.py:190} INFO - [2025-02-27T02:59:25.776+0000] {dag.py:4180} INFO - Setting next_dagrun for example_external_task_marker_child to None, run_after=None
[2025-02-27T02:59:25.797+0000] {logging_mixin.py:190} INFO - [2025-02-27T02:59:25.797+0000] {dag.py:4180} INFO - Setting next_dagrun for example_external_task_marker_parent to None, run_after=None
[2025-02-27T02:59:25.879+0000] {processor.py:208} INFO - Processing /home/airflow/.local/lib/python3.12/site-packages/airflow/example_dags/example_external_task_marker_dag.py took 0.525 seconds
[2025-02-27T02:59:57.495+0000] {processor.py:186} INFO - Started process (PID=777) to work on /home/airflow/.local/lib/python3.12/site-packages/airflow/example_dags/example_external_task_marker_dag.py
[2025-02-27T02:59:57.497+0000] {processor.py:914} INFO - Processing file /home/airflow/.local/lib/python3.12/site-packages/airflow/example_dags/example_external_task_marker_dag.py for tasks to queue
[2025-02-27T02:59:57.502+0000] {logging_mixin.py:190} INFO - [2025-02-27T02:59:57.501+0000] {dagbag.py:588} INFO - Filling up the DagBag from /home/airflow/.local/lib/python3.12/site-packages/airflow/example_dags/example_external_task_marker_dag.py
[2025-02-27T02:59:57.516+0000] {processor.py:925} INFO - DAG(s) 'example_external_task_marker_child', 'example_external_task_marker_parent' retrieved from /home/airflow/.local/lib/python3.12/site-packages/airflow/example_dags/example_external_task_marker_dag.py
[2025-02-27T02:59:57.684+0000] {logging_mixin.py:190} INFO - [2025-02-27T02:59:57.684+0000] {dag.py:3239} INFO - Sync 2 DAGs
[2025-02-27T02:59:57.720+0000] {logging_mixin.py:190} INFO - [2025-02-27T02:59:57.720+0000] {dag.py:4180} INFO - Setting next_dagrun for example_external_task_marker_child to None, run_after=None
[2025-02-27T02:59:57.729+0000] {logging_mixin.py:190} INFO - [2025-02-27T02:59:57.729+0000] {dag.py:4180} INFO - Setting next_dagrun for example_external_task_marker_parent to None, run_after=None
[2025-02-27T02:59:57.788+0000] {processor.py:208} INFO - Processing /home/airflow/.local/lib/python3.12/site-packages/airflow/example_dags/example_external_task_marker_dag.py took 0.304 seconds
[2025-02-27T03:00:29.190+0000] {processor.py:186} INFO - Started process (PID=840) to work on /home/airflow/.local/lib/python3.12/site-packages/airflow/example_dags/example_external_task_marker_dag.py
[2025-02-27T03:00:29.191+0000] {processor.py:914} INFO - Processing file /home/airflow/.local/lib/python3.12/site-packages/airflow/example_dags/example_external_task_marker_dag.py for tasks to queue
[2025-02-27T03:00:29.197+0000] {logging_mixin.py:190} INFO - [2025-02-27T03:00:29.196+0000] {dagbag.py:588} INFO - Filling up the DagBag from /home/airflow/.local/lib/python3.12/site-packages/airflow/example_dags/example_external_task_marker_dag.py
[2025-02-27T03:00:29.212+0000] {processor.py:925} INFO - DAG(s) 'example_external_task_marker_child', 'example_external_task_marker_parent' retrieved from /home/airflow/.local/lib/python3.12/site-packages/airflow/example_dags/example_external_task_marker_dag.py
[2025-02-27T03:00:29.422+0000] {logging_mixin.py:190} INFO - [2025-02-27T03:00:29.422+0000] {dag.py:3239} INFO - Sync 2 DAGs
[2025-02-27T03:00:29.475+0000] {logging_mixin.py:190} INFO - [2025-02-27T03:00:29.474+0000] {dag.py:4180} INFO - Setting next_dagrun for example_external_task_marker_child to None, run_after=None
[2025-02-27T03:00:29.486+0000] {logging_mixin.py:190} INFO - [2025-02-27T03:00:29.485+0000] {dag.py:4180} INFO - Setting next_dagrun for example_external_task_marker_parent to None, run_after=None
[2025-02-27T03:00:29.551+0000] {processor.py:208} INFO - Processing /home/airflow/.local/lib/python3.12/site-packages/airflow/example_dags/example_external_task_marker_dag.py took 0.371 seconds
[2025-02-27T03:01:00.752+0000] {processor.py:186} INFO - Started process (PID=903) to work on /home/airflow/.local/lib/python3.12/site-packages/airflow/example_dags/example_external_task_marker_dag.py
[2025-02-27T03:01:00.755+0000] {processor.py:914} INFO - Processing file /home/airflow/.local/lib/python3.12/site-packages/airflow/example_dags/example_external_task_marker_dag.py for tasks to queue
[2025-02-27T03:01:00.760+0000] {logging_mixin.py:190} INFO - [2025-02-27T03:01:00.760+0000] {dagbag.py:588} INFO - Filling up the DagBag from /home/airflow/.local/lib/python3.12/site-packages/airflow/example_dags/example_external_task_marker_dag.py
[2025-02-27T03:01:00.789+0000] {processor.py:925} INFO - DAG(s) 'example_external_task_marker_child', 'example_external_task_marker_parent' retrieved from /home/airflow/.local/lib/python3.12/site-packages/airflow/example_dags/example_external_task_marker_dag.py
[2025-02-27T03:01:01.069+0000] {logging_mixin.py:190} INFO - [2025-02-27T03:01:01.069+0000] {dag.py:3239} INFO - Sync 2 DAGs
[2025-02-27T03:01:01.122+0000] {logging_mixin.py:190} INFO - [2025-02-27T03:01:01.121+0000] {dag.py:4180} INFO - Setting next_dagrun for example_external_task_marker_child to None, run_after=None
[2025-02-27T03:01:01.132+0000] {logging_mixin.py:190} INFO - [2025-02-27T03:01:01.132+0000] {dag.py:4180} INFO - Setting next_dagrun for example_external_task_marker_parent to None, run_after=None
[2025-02-27T03:01:01.211+0000] {processor.py:208} INFO - Processing /home/airflow/.local/lib/python3.12/site-packages/airflow/example_dags/example_external_task_marker_dag.py took 0.472 seconds
[2025-02-27T03:01:33.011+0000] {processor.py:186} INFO - Started process (PID=966) to work on /home/airflow/.local/lib/python3.12/site-packages/airflow/example_dags/example_external_task_marker_dag.py
[2025-02-27T03:01:33.012+0000] {processor.py:914} INFO - Processing file /home/airflow/.local/lib/python3.12/site-packages/airflow/example_dags/example_external_task_marker_dag.py for tasks to queue
[2025-02-27T03:01:33.016+0000] {logging_mixin.py:190} INFO - [2025-02-27T03:01:33.015+0000] {dagbag.py:588} INFO - Filling up the DagBag from /home/airflow/.local/lib/python3.12/site-packages/airflow/example_dags/example_external_task_marker_dag.py
[2025-02-27T03:01:33.032+0000] {processor.py:925} INFO - DAG(s) 'example_external_task_marker_child', 'example_external_task_marker_parent' retrieved from /home/airflow/.local/lib/python3.12/site-packages/airflow/example_dags/example_external_task_marker_dag.py
[2025-02-27T03:01:33.213+0000] {logging_mixin.py:190} INFO - [2025-02-27T03:01:33.212+0000] {dag.py:3239} INFO - Sync 2 DAGs
[2025-02-27T03:01:33.259+0000] {logging_mixin.py:190} INFO - [2025-02-27T03:01:33.258+0000] {dag.py:4180} INFO - Setting next_dagrun for example_external_task_marker_child to None, run_after=None
[2025-02-27T03:01:33.280+0000] {logging_mixin.py:190} INFO - [2025-02-27T03:01:33.280+0000] {dag.py:4180} INFO - Setting next_dagrun for example_external_task_marker_parent to None, run_after=None
[2025-02-27T03:01:33.329+0000] {processor.py:208} INFO - Processing /home/airflow/.local/lib/python3.12/site-packages/airflow/example_dags/example_external_task_marker_dag.py took 0.330 seconds
[2025-02-27T03:02:05.478+0000] {processor.py:186} INFO - Started process (PID=1029) to work on /home/airflow/.local/lib/python3.12/site-packages/airflow/example_dags/example_external_task_marker_dag.py
[2025-02-27T03:02:05.479+0000] {processor.py:914} INFO - Processing file /home/airflow/.local/lib/python3.12/site-packages/airflow/example_dags/example_external_task_marker_dag.py for tasks to queue
[2025-02-27T03:02:05.485+0000] {logging_mixin.py:190} INFO - [2025-02-27T03:02:05.485+0000] {dagbag.py:588} INFO - Filling up the DagBag from /home/airflow/.local/lib/python3.12/site-packages/airflow/example_dags/example_external_task_marker_dag.py
[2025-02-27T03:02:05.501+0000] {processor.py:925} INFO - DAG(s) 'example_external_task_marker_parent', 'example_external_task_marker_child' retrieved from /home/airflow/.local/lib/python3.12/site-packages/airflow/example_dags/example_external_task_marker_dag.py
[2025-02-27T03:02:05.678+0000] {logging_mixin.py:190} INFO - [2025-02-27T03:02:05.677+0000] {dag.py:3239} INFO - Sync 2 DAGs
[2025-02-27T03:02:05.747+0000] {logging_mixin.py:190} INFO - [2025-02-27T03:02:05.746+0000] {dag.py:4180} INFO - Setting next_dagrun for example_external_task_marker_child to None, run_after=None
[2025-02-27T03:02:05.761+0000] {logging_mixin.py:190} INFO - [2025-02-27T03:02:05.760+0000] {dag.py:4180} INFO - Setting next_dagrun for example_external_task_marker_parent to None, run_after=None
[2025-02-27T03:02:05.858+0000] {processor.py:208} INFO - Processing /home/airflow/.local/lib/python3.12/site-packages/airflow/example_dags/example_external_task_marker_dag.py took 0.389 seconds
[2025-02-27T03:02:38.062+0000] {processor.py:186} INFO - Started process (PID=1092) to work on /home/airflow/.local/lib/python3.12/site-packages/airflow/example_dags/example_external_task_marker_dag.py
[2025-02-27T03:02:38.064+0000] {processor.py:914} INFO - Processing file /home/airflow/.local/lib/python3.12/site-packages/airflow/example_dags/example_external_task_marker_dag.py for tasks to queue
[2025-02-27T03:02:38.069+0000] {logging_mixin.py:190} INFO - [2025-02-27T03:02:38.068+0000] {dagbag.py:588} INFO - Filling up the DagBag from /home/airflow/.local/lib/python3.12/site-packages/airflow/example_dags/example_external_task_marker_dag.py
[2025-02-27T03:02:38.086+0000] {processor.py:925} INFO - DAG(s) 'example_external_task_marker_parent', 'example_external_task_marker_child' retrieved from /home/airflow/.local/lib/python3.12/site-packages/airflow/example_dags/example_external_task_marker_dag.py
[2025-02-27T03:02:38.262+0000] {logging_mixin.py:190} INFO - [2025-02-27T03:02:38.262+0000] {dag.py:3239} INFO - Sync 2 DAGs
[2025-02-27T03:02:38.320+0000] {logging_mixin.py:190} INFO - [2025-02-27T03:02:38.319+0000] {dag.py:4180} INFO - Setting next_dagrun for example_external_task_marker_child to None, run_after=None
[2025-02-27T03:02:38.335+0000] {logging_mixin.py:190} INFO - [2025-02-27T03:02:38.335+0000] {dag.py:4180} INFO - Setting next_dagrun for example_external_task_marker_parent to None, run_after=None
[2025-02-27T03:02:38.388+0000] {processor.py:208} INFO - Processing /home/airflow/.local/lib/python3.12/site-packages/airflow/example_dags/example_external_task_marker_dag.py took 0.338 seconds
[2025-02-27T03:03:10.257+0000] {processor.py:186} INFO - Started process (PID=1155) to work on /home/airflow/.local/lib/python3.12/site-packages/airflow/example_dags/example_external_task_marker_dag.py
[2025-02-27T03:03:10.259+0000] {processor.py:914} INFO - Processing file /home/airflow/.local/lib/python3.12/site-packages/airflow/example_dags/example_external_task_marker_dag.py for tasks to queue
[2025-02-27T03:03:10.265+0000] {logging_mixin.py:190} INFO - [2025-02-27T03:03:10.264+0000] {dagbag.py:588} INFO - Filling up the DagBag from /home/airflow/.local/lib/python3.12/site-packages/airflow/example_dags/example_external_task_marker_dag.py
[2025-02-27T03:03:10.284+0000] {processor.py:925} INFO - DAG(s) 'example_external_task_marker_parent', 'example_external_task_marker_child' retrieved from /home/airflow/.local/lib/python3.12/site-packages/airflow/example_dags/example_external_task_marker_dag.py
[2025-02-27T03:03:10.450+0000] {logging_mixin.py:190} INFO - [2025-02-27T03:03:10.450+0000] {dag.py:3239} INFO - Sync 2 DAGs
[2025-02-27T03:03:10.488+0000] {logging_mixin.py:190} INFO - [2025-02-27T03:03:10.488+0000] {dag.py:4180} INFO - Setting next_dagrun for example_external_task_marker_child to None, run_after=None
[2025-02-27T03:03:10.498+0000] {logging_mixin.py:190} INFO - [2025-02-27T03:03:10.498+0000] {dag.py:4180} INFO - Setting next_dagrun for example_external_task_marker_parent to None, run_after=None
[2025-02-27T03:03:10.559+0000] {processor.py:208} INFO - Processing /home/airflow/.local/lib/python3.12/site-packages/airflow/example_dags/example_external_task_marker_dag.py took 0.310 seconds
[2025-02-27T03:03:43.014+0000] {processor.py:186} INFO - Started process (PID=1219) to work on /home/airflow/.local/lib/python3.12/site-packages/airflow/example_dags/example_external_task_marker_dag.py
[2025-02-27T03:03:43.016+0000] {processor.py:914} INFO - Processing file /home/airflow/.local/lib/python3.12/site-packages/airflow/example_dags/example_external_task_marker_dag.py for tasks to queue
[2025-02-27T03:03:43.022+0000] {logging_mixin.py:190} INFO - [2025-02-27T03:03:43.021+0000] {dagbag.py:588} INFO - Filling up the DagBag from /home/airflow/.local/lib/python3.12/site-packages/airflow/example_dags/example_external_task_marker_dag.py
[2025-02-27T03:03:43.054+0000] {processor.py:925} INFO - DAG(s) 'example_external_task_marker_child', 'example_external_task_marker_parent' retrieved from /home/airflow/.local/lib/python3.12/site-packages/airflow/example_dags/example_external_task_marker_dag.py
[2025-02-27T03:03:43.248+0000] {logging_mixin.py:190} INFO - [2025-02-27T03:03:43.248+0000] {dag.py:3239} INFO - Sync 2 DAGs
[2025-02-27T03:03:43.295+0000] {logging_mixin.py:190} INFO - [2025-02-27T03:03:43.295+0000] {dag.py:4180} INFO - Setting next_dagrun for example_external_task_marker_child to None, run_after=None
[2025-02-27T03:03:43.306+0000] {logging_mixin.py:190} INFO - [2025-02-27T03:03:43.305+0000] {dag.py:4180} INFO - Setting next_dagrun for example_external_task_marker_parent to None, run_after=None
[2025-02-27T03:03:43.368+0000] {processor.py:208} INFO - Processing /home/airflow/.local/lib/python3.12/site-packages/airflow/example_dags/example_external_task_marker_dag.py took 0.389 seconds
[2025-02-27T03:04:14.796+0000] {processor.py:186} INFO - Started process (PID=1282) to work on /home/airflow/.local/lib/python3.12/site-packages/airflow/example_dags/example_external_task_marker_dag.py
[2025-02-27T03:04:14.798+0000] {processor.py:914} INFO - Processing file /home/airflow/.local/lib/python3.12/site-packages/airflow/example_dags/example_external_task_marker_dag.py for tasks to queue
[2025-02-27T03:04:14.802+0000] {logging_mixin.py:190} INFO - [2025-02-27T03:04:14.802+0000] {dagbag.py:588} INFO - Filling up the DagBag from /home/airflow/.local/lib/python3.12/site-packages/airflow/example_dags/example_external_task_marker_dag.py
[2025-02-27T03:04:14.817+0000] {processor.py:925} INFO - DAG(s) 'example_external_task_marker_child', 'example_external_task_marker_parent' retrieved from /home/airflow/.local/lib/python3.12/site-packages/airflow/example_dags/example_external_task_marker_dag.py
[2025-02-27T03:04:15.064+0000] {logging_mixin.py:190} INFO - [2025-02-27T03:04:15.063+0000] {dag.py:3239} INFO - Sync 2 DAGs
[2025-02-27T03:04:15.125+0000] {logging_mixin.py:190} INFO - [2025-02-27T03:04:15.124+0000] {dag.py:4180} INFO - Setting next_dagrun for example_external_task_marker_child to None, run_after=None
[2025-02-27T03:04:15.137+0000] {logging_mixin.py:190} INFO - [2025-02-27T03:04:15.137+0000] {dag.py:4180} INFO - Setting next_dagrun for example_external_task_marker_parent to None, run_after=None
[2025-02-27T03:04:15.182+0000] {processor.py:208} INFO - Processing /home/airflow/.local/lib/python3.12/site-packages/airflow/example_dags/example_external_task_marker_dag.py took 0.398 seconds
[2025-02-27T03:04:46.503+0000] {processor.py:186} INFO - Started process (PID=1345) to work on /home/airflow/.local/lib/python3.12/site-packages/airflow/example_dags/example_external_task_marker_dag.py
[2025-02-27T03:04:46.505+0000] {processor.py:914} INFO - Processing file /home/airflow/.local/lib/python3.12/site-packages/airflow/example_dags/example_external_task_marker_dag.py for tasks to queue
[2025-02-27T03:04:46.510+0000] {logging_mixin.py:190} INFO - [2025-02-27T03:04:46.509+0000] {dagbag.py:588} INFO - Filling up the DagBag from /home/airflow/.local/lib/python3.12/site-packages/airflow/example_dags/example_external_task_marker_dag.py
[2025-02-27T03:04:46.529+0000] {processor.py:925} INFO - DAG(s) 'example_external_task_marker_parent', 'example_external_task_marker_child' retrieved from /home/airflow/.local/lib/python3.12/site-packages/airflow/example_dags/example_external_task_marker_dag.py
[2025-02-27T03:04:46.746+0000] {logging_mixin.py:190} INFO - [2025-02-27T03:04:46.745+0000] {dag.py:3239} INFO - Sync 2 DAGs
[2025-02-27T03:04:46.823+0000] {logging_mixin.py:190} INFO - [2025-02-27T03:04:46.823+0000] {dag.py:4180} INFO - Setting next_dagrun for example_external_task_marker_child to None, run_after=None
[2025-02-27T03:04:46.840+0000] {logging_mixin.py:190} INFO - [2025-02-27T03:04:46.840+0000] {dag.py:4180} INFO - Setting next_dagrun for example_external_task_marker_parent to None, run_after=None
[2025-02-27T03:04:46.940+0000] {processor.py:208} INFO - Processing /home/airflow/.local/lib/python3.12/site-packages/airflow/example_dags/example_external_task_marker_dag.py took 0.451 seconds
[2025-02-27T03:05:17.169+0000] {processor.py:186} INFO - Started process (PID=1407) to work on /home/airflow/.local/lib/python3.12/site-packages/airflow/example_dags/example_external_task_marker_dag.py
[2025-02-27T03:05:17.171+0000] {processor.py:914} INFO - Processing file /home/airflow/.local/lib/python3.12/site-packages/airflow/example_dags/example_external_task_marker_dag.py for tasks to queue
[2025-02-27T03:05:17.175+0000] {logging_mixin.py:190} INFO - [2025-02-27T03:05:17.175+0000] {dagbag.py:588} INFO - Filling up the DagBag from /home/airflow/.local/lib/python3.12/site-packages/airflow/example_dags/example_external_task_marker_dag.py
[2025-02-27T03:05:17.186+0000] {processor.py:925} INFO - DAG(s) 'example_external_task_marker_child', 'example_external_task_marker_parent' retrieved from /home/airflow/.local/lib/python3.12/site-packages/airflow/example_dags/example_external_task_marker_dag.py
[2025-02-27T03:05:17.355+0000] {logging_mixin.py:190} INFO - [2025-02-27T03:05:17.355+0000] {dag.py:3239} INFO - Sync 2 DAGs
[2025-02-27T03:05:17.401+0000] {logging_mixin.py:190} INFO - [2025-02-27T03:05:17.401+0000] {dag.py:4180} INFO - Setting next_dagrun for example_external_task_marker_child to None, run_after=None
[2025-02-27T03:05:17.413+0000] {logging_mixin.py:190} INFO - [2025-02-27T03:05:17.413+0000] {dag.py:4180} INFO - Setting next_dagrun for example_external_task_marker_parent to None, run_after=None
[2025-02-27T03:05:17.459+0000] {processor.py:208} INFO - Processing /home/airflow/.local/lib/python3.12/site-packages/airflow/example_dags/example_external_task_marker_dag.py took 0.298 seconds
[2025-02-27T03:05:47.683+0000] {processor.py:186} INFO - Started process (PID=1469) to work on /home/airflow/.local/lib/python3.12/site-packages/airflow/example_dags/example_external_task_marker_dag.py
[2025-02-27T03:05:47.685+0000] {processor.py:914} INFO - Processing file /home/airflow/.local/lib/python3.12/site-packages/airflow/example_dags/example_external_task_marker_dag.py for tasks to queue
[2025-02-27T03:05:47.690+0000] {logging_mixin.py:190} INFO - [2025-02-27T03:05:47.689+0000] {dagbag.py:588} INFO - Filling up the DagBag from /home/airflow/.local/lib/python3.12/site-packages/airflow/example_dags/example_external_task_marker_dag.py
[2025-02-27T03:05:47.718+0000] {processor.py:925} INFO - DAG(s) 'example_external_task_marker_child', 'example_external_task_marker_parent' retrieved from /home/airflow/.local/lib/python3.12/site-packages/airflow/example_dags/example_external_task_marker_dag.py
[2025-02-27T03:05:47.984+0000] {logging_mixin.py:190} INFO - [2025-02-27T03:05:47.984+0000] {dag.py:3239} INFO - Sync 2 DAGs
[2025-02-27T03:05:48.030+0000] {logging_mixin.py:190} INFO - [2025-02-27T03:05:48.030+0000] {dag.py:4180} INFO - Setting next_dagrun for example_external_task_marker_child to None, run_after=None
[2025-02-27T03:05:48.039+0000] {logging_mixin.py:190} INFO - [2025-02-27T03:05:48.038+0000] {dag.py:4180} INFO - Setting next_dagrun for example_external_task_marker_parent to None, run_after=None
[2025-02-27T03:05:48.110+0000] {processor.py:208} INFO - Processing /home/airflow/.local/lib/python3.12/site-packages/airflow/example_dags/example_external_task_marker_dag.py took 0.441 seconds
[2025-02-27T03:06:18.580+0000] {processor.py:186} INFO - Started process (PID=1539) to work on /home/airflow/.local/lib/python3.12/site-packages/airflow/example_dags/example_external_task_marker_dag.py
[2025-02-27T03:06:18.582+0000] {processor.py:914} INFO - Processing file /home/airflow/.local/lib/python3.12/site-packages/airflow/example_dags/example_external_task_marker_dag.py for tasks to queue
[2025-02-27T03:06:18.586+0000] {logging_mixin.py:190} INFO - [2025-02-27T03:06:18.585+0000] {dagbag.py:588} INFO - Filling up the DagBag from /home/airflow/.local/lib/python3.12/site-packages/airflow/example_dags/example_external_task_marker_dag.py
[2025-02-27T03:06:18.598+0000] {processor.py:925} INFO - DAG(s) 'example_external_task_marker_parent', 'example_external_task_marker_child' retrieved from /home/airflow/.local/lib/python3.12/site-packages/airflow/example_dags/example_external_task_marker_dag.py
[2025-02-27T03:06:18.760+0000] {logging_mixin.py:190} INFO - [2025-02-27T03:06:18.760+0000] {dag.py:3239} INFO - Sync 2 DAGs
[2025-02-27T03:06:18.796+0000] {logging_mixin.py:190} INFO - [2025-02-27T03:06:18.795+0000] {dag.py:4180} INFO - Setting next_dagrun for example_external_task_marker_child to None, run_after=None
[2025-02-27T03:06:18.805+0000] {logging_mixin.py:190} INFO - [2025-02-27T03:06:18.804+0000] {dag.py:4180} INFO - Setting next_dagrun for example_external_task_marker_parent to None, run_after=None
[2025-02-27T03:06:18.878+0000] {processor.py:208} INFO - Processing /home/airflow/.local/lib/python3.12/site-packages/airflow/example_dags/example_external_task_marker_dag.py took 0.305 seconds
[2025-02-27T03:06:49.197+0000] {processor.py:186} INFO - Started process (PID=1602) to work on /home/airflow/.local/lib/python3.12/site-packages/airflow/example_dags/example_external_task_marker_dag.py
[2025-02-27T03:06:49.198+0000] {processor.py:914} INFO - Processing file /home/airflow/.local/lib/python3.12/site-packages/airflow/example_dags/example_external_task_marker_dag.py for tasks to queue
[2025-02-27T03:06:49.201+0000] {logging_mixin.py:190} INFO - [2025-02-27T03:06:49.201+0000] {dagbag.py:588} INFO - Filling up the DagBag from /home/airflow/.local/lib/python3.12/site-packages/airflow/example_dags/example_external_task_marker_dag.py
[2025-02-27T03:06:49.214+0000] {processor.py:925} INFO - DAG(s) 'example_external_task_marker_child', 'example_external_task_marker_parent' retrieved from /home/airflow/.local/lib/python3.12/site-packages/airflow/example_dags/example_external_task_marker_dag.py
[2025-02-27T03:06:49.387+0000] {logging_mixin.py:190} INFO - [2025-02-27T03:06:49.386+0000] {dag.py:3239} INFO - Sync 2 DAGs
[2025-02-27T03:06:49.434+0000] {logging_mixin.py:190} INFO - [2025-02-27T03:06:49.433+0000] {dag.py:4180} INFO - Setting next_dagrun for example_external_task_marker_child to None, run_after=None
[2025-02-27T03:06:49.446+0000] {logging_mixin.py:190} INFO - [2025-02-27T03:06:49.446+0000] {dag.py:4180} INFO - Setting next_dagrun for example_external_task_marker_parent to None, run_after=None
[2025-02-27T03:06:49.546+0000] {processor.py:208} INFO - Processing /home/airflow/.local/lib/python3.12/site-packages/airflow/example_dags/example_external_task_marker_dag.py took 0.359 seconds
[2025-02-27T03:07:19.811+0000] {processor.py:186} INFO - Started process (PID=1665) to work on /home/airflow/.local/lib/python3.12/site-packages/airflow/example_dags/example_external_task_marker_dag.py
[2025-02-27T03:07:19.813+0000] {processor.py:914} INFO - Processing file /home/airflow/.local/lib/python3.12/site-packages/airflow/example_dags/example_external_task_marker_dag.py for tasks to queue
[2025-02-27T03:07:19.818+0000] {logging_mixin.py:190} INFO - [2025-02-27T03:07:19.818+0000] {dagbag.py:588} INFO - Filling up the DagBag from /home/airflow/.local/lib/python3.12/site-packages/airflow/example_dags/example_external_task_marker_dag.py
[2025-02-27T03:07:19.830+0000] {processor.py:925} INFO - DAG(s) 'example_external_task_marker_child', 'example_external_task_marker_parent' retrieved from /home/airflow/.local/lib/python3.12/site-packages/airflow/example_dags/example_external_task_marker_dag.py
[2025-02-27T03:07:19.980+0000] {logging_mixin.py:190} INFO - [2025-02-27T03:07:19.979+0000] {dag.py:3239} INFO - Sync 2 DAGs
[2025-02-27T03:07:20.018+0000] {logging_mixin.py:190} INFO - [2025-02-27T03:07:20.018+0000] {dag.py:4180} INFO - Setting next_dagrun for example_external_task_marker_child to None, run_after=None
[2025-02-27T03:07:20.027+0000] {logging_mixin.py:190} INFO - [2025-02-27T03:07:20.026+0000] {dag.py:4180} INFO - Setting next_dagrun for example_external_task_marker_parent to None, run_after=None
[2025-02-27T03:07:20.091+0000] {processor.py:208} INFO - Processing /home/airflow/.local/lib/python3.12/site-packages/airflow/example_dags/example_external_task_marker_dag.py took 0.288 seconds
[2025-02-27T03:07:50.500+0000] {processor.py:186} INFO - Started process (PID=1728) to work on /home/airflow/.local/lib/python3.12/site-packages/airflow/example_dags/example_external_task_marker_dag.py
[2025-02-27T03:07:50.501+0000] {processor.py:914} INFO - Processing file /home/airflow/.local/lib/python3.12/site-packages/airflow/example_dags/example_external_task_marker_dag.py for tasks to queue
[2025-02-27T03:07:50.506+0000] {logging_mixin.py:190} INFO - [2025-02-27T03:07:50.506+0000] {dagbag.py:588} INFO - Filling up the DagBag from /home/airflow/.local/lib/python3.12/site-packages/airflow/example_dags/example_external_task_marker_dag.py
[2025-02-27T03:07:50.518+0000] {processor.py:925} INFO - DAG(s) 'example_external_task_marker_child', 'example_external_task_marker_parent' retrieved from /home/airflow/.local/lib/python3.12/site-packages/airflow/example_dags/example_external_task_marker_dag.py
[2025-02-27T03:07:50.674+0000] {logging_mixin.py:190} INFO - [2025-02-27T03:07:50.674+0000] {dag.py:3239} INFO - Sync 2 DAGs
[2025-02-27T03:07:50.715+0000] {logging_mixin.py:190} INFO - [2025-02-27T03:07:50.714+0000] {dag.py:4180} INFO - Setting next_dagrun for example_external_task_marker_child to None, run_after=None
[2025-02-27T03:07:50.726+0000] {logging_mixin.py:190} INFO - [2025-02-27T03:07:50.726+0000] {dag.py:4180} INFO - Setting next_dagrun for example_external_task_marker_parent to None, run_after=None
[2025-02-27T03:07:50.794+0000] {processor.py:208} INFO - Processing /home/airflow/.local/lib/python3.12/site-packages/airflow/example_dags/example_external_task_marker_dag.py took 0.305 seconds
[2025-02-27T03:08:21.492+0000] {processor.py:186} INFO - Started process (PID=1791) to work on /home/airflow/.local/lib/python3.12/site-packages/airflow/example_dags/example_external_task_marker_dag.py
[2025-02-27T03:08:21.495+0000] {processor.py:914} INFO - Processing file /home/airflow/.local/lib/python3.12/site-packages/airflow/example_dags/example_external_task_marker_dag.py for tasks to queue
[2025-02-27T03:08:21.500+0000] {logging_mixin.py:190} INFO - [2025-02-27T03:08:21.499+0000] {dagbag.py:588} INFO - Filling up the DagBag from /home/airflow/.local/lib/python3.12/site-packages/airflow/example_dags/example_external_task_marker_dag.py
[2025-02-27T03:08:21.517+0000] {processor.py:925} INFO - DAG(s) 'example_external_task_marker_child', 'example_external_task_marker_parent' retrieved from /home/airflow/.local/lib/python3.12/site-packages/airflow/example_dags/example_external_task_marker_dag.py
[2025-02-27T03:08:21.761+0000] {logging_mixin.py:190} INFO - [2025-02-27T03:08:21.760+0000] {dag.py:3239} INFO - Sync 2 DAGs
[2025-02-27T03:08:21.811+0000] {logging_mixin.py:190} INFO - [2025-02-27T03:08:21.811+0000] {dag.py:4180} INFO - Setting next_dagrun for example_external_task_marker_child to None, run_after=None
[2025-02-27T03:08:21.823+0000] {logging_mixin.py:190} INFO - [2025-02-27T03:08:21.822+0000] {dag.py:4180} INFO - Setting next_dagrun for example_external_task_marker_parent to None, run_after=None
[2025-02-27T03:08:21.925+0000] {processor.py:208} INFO - Processing /home/airflow/.local/lib/python3.12/site-packages/airflow/example_dags/example_external_task_marker_dag.py took 0.443 seconds
[2025-02-27T03:08:52.291+0000] {processor.py:186} INFO - Started process (PID=1854) to work on /home/airflow/.local/lib/python3.12/site-packages/airflow/example_dags/example_external_task_marker_dag.py
[2025-02-27T03:08:52.293+0000] {processor.py:914} INFO - Processing file /home/airflow/.local/lib/python3.12/site-packages/airflow/example_dags/example_external_task_marker_dag.py for tasks to queue
[2025-02-27T03:08:52.298+0000] {logging_mixin.py:190} INFO - [2025-02-27T03:08:52.297+0000] {dagbag.py:588} INFO - Filling up the DagBag from /home/airflow/.local/lib/python3.12/site-packages/airflow/example_dags/example_external_task_marker_dag.py
[2025-02-27T03:08:52.312+0000] {processor.py:925} INFO - DAG(s) 'example_external_task_marker_child', 'example_external_task_marker_parent' retrieved from /home/airflow/.local/lib/python3.12/site-packages/airflow/example_dags/example_external_task_marker_dag.py
[2025-02-27T03:08:52.474+0000] {logging_mixin.py:190} INFO - [2025-02-27T03:08:52.474+0000] {dag.py:3239} INFO - Sync 2 DAGs
[2025-02-27T03:08:52.528+0000] {logging_mixin.py:190} INFO - [2025-02-27T03:08:52.527+0000] {dag.py:4180} INFO - Setting next_dagrun for example_external_task_marker_child to None, run_after=None
[2025-02-27T03:08:52.539+0000] {logging_mixin.py:190} INFO - [2025-02-27T03:08:52.538+0000] {dag.py:4180} INFO - Setting next_dagrun for example_external_task_marker_parent to None, run_after=None
[2025-02-27T03:08:52.604+0000] {processor.py:208} INFO - Processing /home/airflow/.local/lib/python3.12/site-packages/airflow/example_dags/example_external_task_marker_dag.py took 0.321 seconds
[2025-02-27T03:09:22.825+0000] {processor.py:186} INFO - Started process (PID=1917) to work on /home/airflow/.local/lib/python3.12/site-packages/airflow/example_dags/example_external_task_marker_dag.py
[2025-02-27T03:09:22.827+0000] {processor.py:914} INFO - Processing file /home/airflow/.local/lib/python3.12/site-packages/airflow/example_dags/example_external_task_marker_dag.py for tasks to queue
[2025-02-27T03:09:22.831+0000] {logging_mixin.py:190} INFO - [2025-02-27T03:09:22.830+0000] {dagbag.py:588} INFO - Filling up the DagBag from /home/airflow/.local/lib/python3.12/site-packages/airflow/example_dags/example_external_task_marker_dag.py
[2025-02-27T03:09:22.849+0000] {processor.py:925} INFO - DAG(s) 'example_external_task_marker_child', 'example_external_task_marker_parent' retrieved from /home/airflow/.local/lib/python3.12/site-packages/airflow/example_dags/example_external_task_marker_dag.py
[2025-02-27T03:09:22.991+0000] {logging_mixin.py:190} INFO - [2025-02-27T03:09:22.990+0000] {dag.py:3239} INFO - Sync 2 DAGs
[2025-02-27T03:09:23.028+0000] {logging_mixin.py:190} INFO - [2025-02-27T03:09:23.027+0000] {dag.py:4180} INFO - Setting next_dagrun for example_external_task_marker_child to None, run_after=None
[2025-02-27T03:09:23.036+0000] {logging_mixin.py:190} INFO - [2025-02-27T03:09:23.035+0000] {dag.py:4180} INFO - Setting next_dagrun for example_external_task_marker_parent to None, run_after=None
[2025-02-27T03:09:23.098+0000] {processor.py:208} INFO - Processing /home/airflow/.local/lib/python3.12/site-packages/airflow/example_dags/example_external_task_marker_dag.py took 0.282 seconds
[2025-02-27T03:09:53.552+0000] {processor.py:186} INFO - Started process (PID=1980) to work on /home/airflow/.local/lib/python3.12/site-packages/airflow/example_dags/example_external_task_marker_dag.py
[2025-02-27T03:09:53.555+0000] {processor.py:914} INFO - Processing file /home/airflow/.local/lib/python3.12/site-packages/airflow/example_dags/example_external_task_marker_dag.py for tasks to queue
[2025-02-27T03:09:53.560+0000] {logging_mixin.py:190} INFO - [2025-02-27T03:09:53.560+0000] {dagbag.py:588} INFO - Filling up the DagBag from /home/airflow/.local/lib/python3.12/site-packages/airflow/example_dags/example_external_task_marker_dag.py
[2025-02-27T03:09:53.584+0000] {processor.py:925} INFO - DAG(s) 'example_external_task_marker_child', 'example_external_task_marker_parent' retrieved from /home/airflow/.local/lib/python3.12/site-packages/airflow/example_dags/example_external_task_marker_dag.py
[2025-02-27T03:09:53.751+0000] {logging_mixin.py:190} INFO - [2025-02-27T03:09:53.751+0000] {dag.py:3239} INFO - Sync 2 DAGs
[2025-02-27T03:09:53.793+0000] {logging_mixin.py:190} INFO - [2025-02-27T03:09:53.793+0000] {dag.py:4180} INFO - Setting next_dagrun for example_external_task_marker_child to None, run_after=None
[2025-02-27T03:09:53.804+0000] {logging_mixin.py:190} INFO - [2025-02-27T03:09:53.803+0000] {dag.py:4180} INFO - Setting next_dagrun for example_external_task_marker_parent to None, run_after=None
[2025-02-27T03:09:53.868+0000] {processor.py:208} INFO - Processing /home/airflow/.local/lib/python3.12/site-packages/airflow/example_dags/example_external_task_marker_dag.py took 0.327 seconds
[2025-02-27T03:10:24.848+0000] {processor.py:186} INFO - Started process (PID=2043) to work on /home/airflow/.local/lib/python3.12/site-packages/airflow/example_dags/example_external_task_marker_dag.py
[2025-02-27T03:10:24.849+0000] {processor.py:914} INFO - Processing file /home/airflow/.local/lib/python3.12/site-packages/airflow/example_dags/example_external_task_marker_dag.py for tasks to queue
[2025-02-27T03:10:24.852+0000] {logging_mixin.py:190} INFO - [2025-02-27T03:10:24.852+0000] {dagbag.py:588} INFO - Filling up the DagBag from /home/airflow/.local/lib/python3.12/site-packages/airflow/example_dags/example_external_task_marker_dag.py
[2025-02-27T03:10:24.863+0000] {processor.py:925} INFO - DAG(s) 'example_external_task_marker_child', 'example_external_task_marker_parent' retrieved from /home/airflow/.local/lib/python3.12/site-packages/airflow/example_dags/example_external_task_marker_dag.py
[2025-02-27T03:10:24.994+0000] {logging_mixin.py:190} INFO - [2025-02-27T03:10:24.994+0000] {dag.py:3239} INFO - Sync 2 DAGs
[2025-02-27T03:10:25.028+0000] {logging_mixin.py:190} INFO - [2025-02-27T03:10:25.028+0000] {dag.py:4180} INFO - Setting next_dagrun for example_external_task_marker_child to None, run_after=None
[2025-02-27T03:10:25.039+0000] {logging_mixin.py:190} INFO - [2025-02-27T03:10:25.039+0000] {dag.py:4180} INFO - Setting next_dagrun for example_external_task_marker_parent to None, run_after=None
[2025-02-27T03:10:25.082+0000] {processor.py:208} INFO - Processing /home/airflow/.local/lib/python3.12/site-packages/airflow/example_dags/example_external_task_marker_dag.py took 0.242 seconds
[2025-02-27T03:10:56.684+0000] {processor.py:186} INFO - Started process (PID=2106) to work on /home/airflow/.local/lib/python3.12/site-packages/airflow/example_dags/example_external_task_marker_dag.py
[2025-02-27T03:10:56.686+0000] {processor.py:914} INFO - Processing file /home/airflow/.local/lib/python3.12/site-packages/airflow/example_dags/example_external_task_marker_dag.py for tasks to queue
[2025-02-27T03:10:56.690+0000] {logging_mixin.py:190} INFO - [2025-02-27T03:10:56.690+0000] {dagbag.py:588} INFO - Filling up the DagBag from /home/airflow/.local/lib/python3.12/site-packages/airflow/example_dags/example_external_task_marker_dag.py
[2025-02-27T03:10:56.710+0000] {processor.py:925} INFO - DAG(s) 'example_external_task_marker_child', 'example_external_task_marker_parent' retrieved from /home/airflow/.local/lib/python3.12/site-packages/airflow/example_dags/example_external_task_marker_dag.py
[2025-02-27T03:10:56.914+0000] {logging_mixin.py:190} INFO - [2025-02-27T03:10:56.913+0000] {dag.py:3239} INFO - Sync 2 DAGs
[2025-02-27T03:10:56.977+0000] {logging_mixin.py:190} INFO - [2025-02-27T03:10:56.976+0000] {dag.py:4180} INFO - Setting next_dagrun for example_external_task_marker_child to None, run_after=None
[2025-02-27T03:10:56.990+0000] {logging_mixin.py:190} INFO - [2025-02-27T03:10:56.990+0000] {dag.py:4180} INFO - Setting next_dagrun for example_external_task_marker_parent to None, run_after=None
[2025-02-27T03:10:57.063+0000] {processor.py:208} INFO - Processing /home/airflow/.local/lib/python3.12/site-packages/airflow/example_dags/example_external_task_marker_dag.py took 0.389 seconds
[2025-02-27T03:11:27.596+0000] {processor.py:186} INFO - Started process (PID=2168) to work on /home/airflow/.local/lib/python3.12/site-packages/airflow/example_dags/example_external_task_marker_dag.py
[2025-02-27T03:11:27.598+0000] {processor.py:914} INFO - Processing file /home/airflow/.local/lib/python3.12/site-packages/airflow/example_dags/example_external_task_marker_dag.py for tasks to queue
[2025-02-27T03:11:27.601+0000] {logging_mixin.py:190} INFO - [2025-02-27T03:11:27.601+0000] {dagbag.py:588} INFO - Filling up the DagBag from /home/airflow/.local/lib/python3.12/site-packages/airflow/example_dags/example_external_task_marker_dag.py
[2025-02-27T03:11:27.612+0000] {processor.py:925} INFO - DAG(s) 'example_external_task_marker_child', 'example_external_task_marker_parent' retrieved from /home/airflow/.local/lib/python3.12/site-packages/airflow/example_dags/example_external_task_marker_dag.py
[2025-02-27T03:11:27.772+0000] {logging_mixin.py:190} INFO - [2025-02-27T03:11:27.771+0000] {dag.py:3239} INFO - Sync 2 DAGs
[2025-02-27T03:11:27.809+0000] {logging_mixin.py:190} INFO - [2025-02-27T03:11:27.808+0000] {dag.py:4180} INFO - Setting next_dagrun for example_external_task_marker_child to None, run_after=None
[2025-02-27T03:11:27.818+0000] {logging_mixin.py:190} INFO - [2025-02-27T03:11:27.818+0000] {dag.py:4180} INFO - Setting next_dagrun for example_external_task_marker_parent to None, run_after=None
[2025-02-27T03:11:27.865+0000] {processor.py:208} INFO - Processing /home/airflow/.local/lib/python3.12/site-packages/airflow/example_dags/example_external_task_marker_dag.py took 0.276 seconds
[2025-02-27T03:11:58.684+0000] {processor.py:186} INFO - Started process (PID=2230) to work on /home/airflow/.local/lib/python3.12/site-packages/airflow/example_dags/example_external_task_marker_dag.py
[2025-02-27T03:11:58.686+0000] {processor.py:914} INFO - Processing file /home/airflow/.local/lib/python3.12/site-packages/airflow/example_dags/example_external_task_marker_dag.py for tasks to queue
[2025-02-27T03:11:58.690+0000] {logging_mixin.py:190} INFO - [2025-02-27T03:11:58.689+0000] {dagbag.py:588} INFO - Filling up the DagBag from /home/airflow/.local/lib/python3.12/site-packages/airflow/example_dags/example_external_task_marker_dag.py
[2025-02-27T03:11:58.703+0000] {processor.py:925} INFO - DAG(s) 'example_external_task_marker_child', 'example_external_task_marker_parent' retrieved from /home/airflow/.local/lib/python3.12/site-packages/airflow/example_dags/example_external_task_marker_dag.py
[2025-02-27T03:11:58.862+0000] {logging_mixin.py:190} INFO - [2025-02-27T03:11:58.861+0000] {dag.py:3239} INFO - Sync 2 DAGs
[2025-02-27T03:11:58.910+0000] {logging_mixin.py:190} INFO - [2025-02-27T03:11:58.909+0000] {dag.py:4180} INFO - Setting next_dagrun for example_external_task_marker_child to None, run_after=None
[2025-02-27T03:11:58.923+0000] {logging_mixin.py:190} INFO - [2025-02-27T03:11:58.922+0000] {dag.py:4180} INFO - Setting next_dagrun for example_external_task_marker_parent to None, run_after=None
[2025-02-27T03:11:58.990+0000] {processor.py:208} INFO - Processing /home/airflow/.local/lib/python3.12/site-packages/airflow/example_dags/example_external_task_marker_dag.py took 0.314 seconds
[2025-02-27T03:12:29.265+0000] {processor.py:186} INFO - Started process (PID=2293) to work on /home/airflow/.local/lib/python3.12/site-packages/airflow/example_dags/example_external_task_marker_dag.py
[2025-02-27T03:12:29.267+0000] {processor.py:914} INFO - Processing file /home/airflow/.local/lib/python3.12/site-packages/airflow/example_dags/example_external_task_marker_dag.py for tasks to queue
[2025-02-27T03:12:29.270+0000] {logging_mixin.py:190} INFO - [2025-02-27T03:12:29.269+0000] {dagbag.py:588} INFO - Filling up the DagBag from /home/airflow/.local/lib/python3.12/site-packages/airflow/example_dags/example_external_task_marker_dag.py
[2025-02-27T03:12:29.279+0000] {processor.py:925} INFO - DAG(s) 'example_external_task_marker_parent', 'example_external_task_marker_child' retrieved from /home/airflow/.local/lib/python3.12/site-packages/airflow/example_dags/example_external_task_marker_dag.py
[2025-02-27T03:12:29.424+0000] {logging_mixin.py:190} INFO - [2025-02-27T03:12:29.423+0000] {dag.py:3239} INFO - Sync 2 DAGs
[2025-02-27T03:12:29.459+0000] {logging_mixin.py:190} INFO - [2025-02-27T03:12:29.459+0000] {dag.py:4180} INFO - Setting next_dagrun for example_external_task_marker_child to None, run_after=None
[2025-02-27T03:12:29.470+0000] {logging_mixin.py:190} INFO - [2025-02-27T03:12:29.469+0000] {dag.py:4180} INFO - Setting next_dagrun for example_external_task_marker_parent to None, run_after=None
[2025-02-27T03:12:29.524+0000] {processor.py:208} INFO - Processing /home/airflow/.local/lib/python3.12/site-packages/airflow/example_dags/example_external_task_marker_dag.py took 0.264 seconds
[2025-02-27T03:12:59.955+0000] {processor.py:186} INFO - Started process (PID=2356) to work on /home/airflow/.local/lib/python3.12/site-packages/airflow/example_dags/example_external_task_marker_dag.py
[2025-02-27T03:12:59.957+0000] {processor.py:914} INFO - Processing file /home/airflow/.local/lib/python3.12/site-packages/airflow/example_dags/example_external_task_marker_dag.py for tasks to queue
[2025-02-27T03:12:59.961+0000] {logging_mixin.py:190} INFO - [2025-02-27T03:12:59.960+0000] {dagbag.py:588} INFO - Filling up the DagBag from /home/airflow/.local/lib/python3.12/site-packages/airflow/example_dags/example_external_task_marker_dag.py
[2025-02-27T03:12:59.975+0000] {processor.py:925} INFO - DAG(s) 'example_external_task_marker_parent', 'example_external_task_marker_child' retrieved from /home/airflow/.local/lib/python3.12/site-packages/airflow/example_dags/example_external_task_marker_dag.py
[2025-02-27T03:13:00.139+0000] {logging_mixin.py:190} INFO - [2025-02-27T03:13:00.139+0000] {dag.py:3239} INFO - Sync 2 DAGs
[2025-02-27T03:13:00.189+0000] {logging_mixin.py:190} INFO - [2025-02-27T03:13:00.188+0000] {dag.py:4180} INFO - Setting next_dagrun for example_external_task_marker_child to None, run_after=None
[2025-02-27T03:13:00.198+0000] {logging_mixin.py:190} INFO - [2025-02-27T03:13:00.198+0000] {dag.py:4180} INFO - Setting next_dagrun for example_external_task_marker_parent to None, run_after=None
[2025-02-27T03:13:00.260+0000] {processor.py:208} INFO - Processing /home/airflow/.local/lib/python3.12/site-packages/airflow/example_dags/example_external_task_marker_dag.py took 0.315 seconds
[2025-02-27T03:13:30.348+0000] {processor.py:186} INFO - Started process (PID=2419) to work on /home/airflow/.local/lib/python3.12/site-packages/airflow/example_dags/example_external_task_marker_dag.py
[2025-02-27T03:13:30.351+0000] {processor.py:914} INFO - Processing file /home/airflow/.local/lib/python3.12/site-packages/airflow/example_dags/example_external_task_marker_dag.py for tasks to queue
[2025-02-27T03:13:30.356+0000] {logging_mixin.py:190} INFO - [2025-02-27T03:13:30.355+0000] {dagbag.py:588} INFO - Filling up the DagBag from /home/airflow/.local/lib/python3.12/site-packages/airflow/example_dags/example_external_task_marker_dag.py
[2025-02-27T03:13:30.371+0000] {processor.py:925} INFO - DAG(s) 'example_external_task_marker_child', 'example_external_task_marker_parent' retrieved from /home/airflow/.local/lib/python3.12/site-packages/airflow/example_dags/example_external_task_marker_dag.py
[2025-02-27T03:13:30.516+0000] {logging_mixin.py:190} INFO - [2025-02-27T03:13:30.516+0000] {dag.py:3239} INFO - Sync 2 DAGs
[2025-02-27T03:13:30.557+0000] {logging_mixin.py:190} INFO - [2025-02-27T03:13:30.557+0000] {dag.py:4180} INFO - Setting next_dagrun for example_external_task_marker_child to None, run_after=None
[2025-02-27T03:13:30.567+0000] {logging_mixin.py:190} INFO - [2025-02-27T03:13:30.567+0000] {dag.py:4180} INFO - Setting next_dagrun for example_external_task_marker_parent to None, run_after=None
[2025-02-27T03:13:30.624+0000] {processor.py:208} INFO - Processing /home/airflow/.local/lib/python3.12/site-packages/airflow/example_dags/example_external_task_marker_dag.py took 0.289 seconds
[2025-02-27T03:14:01.405+0000] {processor.py:186} INFO - Started process (PID=2482) to work on /home/airflow/.local/lib/python3.12/site-packages/airflow/example_dags/example_external_task_marker_dag.py
[2025-02-27T03:14:01.409+0000] {processor.py:914} INFO - Processing file /home/airflow/.local/lib/python3.12/site-packages/airflow/example_dags/example_external_task_marker_dag.py for tasks to queue
[2025-02-27T03:14:01.414+0000] {logging_mixin.py:190} INFO - [2025-02-27T03:14:01.413+0000] {dagbag.py:588} INFO - Filling up the DagBag from /home/airflow/.local/lib/python3.12/site-packages/airflow/example_dags/example_external_task_marker_dag.py
[2025-02-27T03:14:01.434+0000] {processor.py:925} INFO - DAG(s) 'example_external_task_marker_child', 'example_external_task_marker_parent' retrieved from /home/airflow/.local/lib/python3.12/site-packages/airflow/example_dags/example_external_task_marker_dag.py
[2025-02-27T03:14:01.630+0000] {logging_mixin.py:190} INFO - [2025-02-27T03:14:01.629+0000] {dag.py:3239} INFO - Sync 2 DAGs
[2025-02-27T03:14:01.701+0000] {logging_mixin.py:190} INFO - [2025-02-27T03:14:01.700+0000] {dag.py:4180} INFO - Setting next_dagrun for example_external_task_marker_child to None, run_after=None
[2025-02-27T03:14:01.714+0000] {logging_mixin.py:190} INFO - [2025-02-27T03:14:01.714+0000] {dag.py:4180} INFO - Setting next_dagrun for example_external_task_marker_parent to None, run_after=None
[2025-02-27T03:14:01.793+0000] {processor.py:208} INFO - Processing /home/airflow/.local/lib/python3.12/site-packages/airflow/example_dags/example_external_task_marker_dag.py took 0.401 seconds
[2025-02-27T03:14:32.338+0000] {processor.py:186} INFO - Started process (PID=2545) to work on /home/airflow/.local/lib/python3.12/site-packages/airflow/example_dags/example_external_task_marker_dag.py
[2025-02-27T03:14:32.339+0000] {processor.py:914} INFO - Processing file /home/airflow/.local/lib/python3.12/site-packages/airflow/example_dags/example_external_task_marker_dag.py for tasks to queue
[2025-02-27T03:14:32.343+0000] {logging_mixin.py:190} INFO - [2025-02-27T03:14:32.342+0000] {dagbag.py:588} INFO - Filling up the DagBag from /home/airflow/.local/lib/python3.12/site-packages/airflow/example_dags/example_external_task_marker_dag.py
[2025-02-27T03:14:32.357+0000] {processor.py:925} INFO - DAG(s) 'example_external_task_marker_parent', 'example_external_task_marker_child' retrieved from /home/airflow/.local/lib/python3.12/site-packages/airflow/example_dags/example_external_task_marker_dag.py
[2025-02-27T03:14:32.534+0000] {logging_mixin.py:190} INFO - [2025-02-27T03:14:32.534+0000] {dag.py:3239} INFO - Sync 2 DAGs
[2025-02-27T03:14:32.580+0000] {logging_mixin.py:190} INFO - [2025-02-27T03:14:32.580+0000] {dag.py:4180} INFO - Setting next_dagrun for example_external_task_marker_child to None, run_after=None
[2025-02-27T03:14:32.590+0000] {logging_mixin.py:190} INFO - [2025-02-27T03:14:32.590+0000] {dag.py:4180} INFO - Setting next_dagrun for example_external_task_marker_parent to None, run_after=None
[2025-02-27T03:14:32.648+0000] {processor.py:208} INFO - Processing /home/airflow/.local/lib/python3.12/site-packages/airflow/example_dags/example_external_task_marker_dag.py took 0.319 seconds
[2025-02-27T03:15:03.069+0000] {processor.py:186} INFO - Started process (PID=2608) to work on /home/airflow/.local/lib/python3.12/site-packages/airflow/example_dags/example_external_task_marker_dag.py
[2025-02-27T03:15:03.071+0000] {processor.py:914} INFO - Processing file /home/airflow/.local/lib/python3.12/site-packages/airflow/example_dags/example_external_task_marker_dag.py for tasks to queue
[2025-02-27T03:15:03.074+0000] {logging_mixin.py:190} INFO - [2025-02-27T03:15:03.074+0000] {dagbag.py:588} INFO - Filling up the DagBag from /home/airflow/.local/lib/python3.12/site-packages/airflow/example_dags/example_external_task_marker_dag.py
[2025-02-27T03:15:03.087+0000] {processor.py:925} INFO - DAG(s) 'example_external_task_marker_child', 'example_external_task_marker_parent' retrieved from /home/airflow/.local/lib/python3.12/site-packages/airflow/example_dags/example_external_task_marker_dag.py
[2025-02-27T03:15:03.259+0000] {logging_mixin.py:190} INFO - [2025-02-27T03:15:03.259+0000] {dag.py:3239} INFO - Sync 2 DAGs
[2025-02-27T03:15:03.296+0000] {logging_mixin.py:190} INFO - [2025-02-27T03:15:03.296+0000] {dag.py:4180} INFO - Setting next_dagrun for example_external_task_marker_child to None, run_after=None
[2025-02-27T03:15:03.305+0000] {logging_mixin.py:190} INFO - [2025-02-27T03:15:03.305+0000] {dag.py:4180} INFO - Setting next_dagrun for example_external_task_marker_parent to None, run_after=None
[2025-02-27T03:15:03.361+0000] {processor.py:208} INFO - Processing /home/airflow/.local/lib/python3.12/site-packages/airflow/example_dags/example_external_task_marker_dag.py took 0.301 seconds
[2025-02-27T03:15:33.704+0000] {processor.py:186} INFO - Started process (PID=2671) to work on /home/airflow/.local/lib/python3.12/site-packages/airflow/example_dags/example_external_task_marker_dag.py
[2025-02-27T03:15:33.706+0000] {processor.py:914} INFO - Processing file /home/airflow/.local/lib/python3.12/site-packages/airflow/example_dags/example_external_task_marker_dag.py for tasks to queue
[2025-02-27T03:15:33.710+0000] {logging_mixin.py:190} INFO - [2025-02-27T03:15:33.709+0000] {dagbag.py:588} INFO - Filling up the DagBag from /home/airflow/.local/lib/python3.12/site-packages/airflow/example_dags/example_external_task_marker_dag.py
[2025-02-27T03:15:33.720+0000] {processor.py:925} INFO - DAG(s) 'example_external_task_marker_parent', 'example_external_task_marker_child' retrieved from /home/airflow/.local/lib/python3.12/site-packages/airflow/example_dags/example_external_task_marker_dag.py
[2025-02-27T03:15:33.877+0000] {logging_mixin.py:190} INFO - [2025-02-27T03:15:33.876+0000] {dag.py:3239} INFO - Sync 2 DAGs
[2025-02-27T03:15:33.917+0000] {logging_mixin.py:190} INFO - [2025-02-27T03:15:33.917+0000] {dag.py:4180} INFO - Setting next_dagrun for example_external_task_marker_child to None, run_after=None
[2025-02-27T03:15:33.927+0000] {logging_mixin.py:190} INFO - [2025-02-27T03:15:33.926+0000] {dag.py:4180} INFO - Setting next_dagrun for example_external_task_marker_parent to None, run_after=None
[2025-02-27T03:15:33.982+0000] {processor.py:208} INFO - Processing /home/airflow/.local/lib/python3.12/site-packages/airflow/example_dags/example_external_task_marker_dag.py took 0.285 seconds
[2025-02-27T03:16:04.118+0000] {processor.py:186} INFO - Started process (PID=2734) to work on /home/airflow/.local/lib/python3.12/site-packages/airflow/example_dags/example_external_task_marker_dag.py
[2025-02-27T03:16:04.119+0000] {processor.py:914} INFO - Processing file /home/airflow/.local/lib/python3.12/site-packages/airflow/example_dags/example_external_task_marker_dag.py for tasks to queue
[2025-02-27T03:16:04.125+0000] {logging_mixin.py:190} INFO - [2025-02-27T03:16:04.124+0000] {dagbag.py:588} INFO - Filling up the DagBag from /home/airflow/.local/lib/python3.12/site-packages/airflow/example_dags/example_external_task_marker_dag.py
[2025-02-27T03:16:04.141+0000] {processor.py:925} INFO - DAG(s) 'example_external_task_marker_child', 'example_external_task_marker_parent' retrieved from /home/airflow/.local/lib/python3.12/site-packages/airflow/example_dags/example_external_task_marker_dag.py
[2025-02-27T03:16:04.315+0000] {logging_mixin.py:190} INFO - [2025-02-27T03:16:04.315+0000] {dag.py:3239} INFO - Sync 2 DAGs
[2025-02-27T03:16:04.362+0000] {logging_mixin.py:190} INFO - [2025-02-27T03:16:04.361+0000] {dag.py:4180} INFO - Setting next_dagrun for example_external_task_marker_child to None, run_after=None
[2025-02-27T03:16:04.374+0000] {logging_mixin.py:190} INFO - [2025-02-27T03:16:04.373+0000] {dag.py:4180} INFO - Setting next_dagrun for example_external_task_marker_parent to None, run_after=None
[2025-02-27T03:16:04.442+0000] {processor.py:208} INFO - Processing /home/airflow/.local/lib/python3.12/site-packages/airflow/example_dags/example_external_task_marker_dag.py took 0.337 seconds
[2025-02-27T03:16:34.661+0000] {processor.py:186} INFO - Started process (PID=2796) to work on /home/airflow/.local/lib/python3.12/site-packages/airflow/example_dags/example_external_task_marker_dag.py
[2025-02-27T03:16:34.663+0000] {processor.py:914} INFO - Processing file /home/airflow/.local/lib/python3.12/site-packages/airflow/example_dags/example_external_task_marker_dag.py for tasks to queue
[2025-02-27T03:16:34.668+0000] {logging_mixin.py:190} INFO - [2025-02-27T03:16:34.667+0000] {dagbag.py:588} INFO - Filling up the DagBag from /home/airflow/.local/lib/python3.12/site-packages/airflow/example_dags/example_external_task_marker_dag.py
[2025-02-27T03:16:34.680+0000] {processor.py:925} INFO - DAG(s) 'example_external_task_marker_child', 'example_external_task_marker_parent' retrieved from /home/airflow/.local/lib/python3.12/site-packages/airflow/example_dags/example_external_task_marker_dag.py
[2025-02-27T03:16:34.822+0000] {logging_mixin.py:190} INFO - [2025-02-27T03:16:34.822+0000] {dag.py:3239} INFO - Sync 2 DAGs
[2025-02-27T03:16:34.862+0000] {logging_mixin.py:190} INFO - [2025-02-27T03:16:34.862+0000] {dag.py:4180} INFO - Setting next_dagrun for example_external_task_marker_child to None, run_after=None
[2025-02-27T03:16:34.872+0000] {logging_mixin.py:190} INFO - [2025-02-27T03:16:34.871+0000] {dag.py:4180} INFO - Setting next_dagrun for example_external_task_marker_parent to None, run_after=None
[2025-02-27T03:16:34.934+0000] {processor.py:208} INFO - Processing /home/airflow/.local/lib/python3.12/site-packages/airflow/example_dags/example_external_task_marker_dag.py took 0.279 seconds
[2025-02-27T03:17:05.335+0000] {processor.py:186} INFO - Started process (PID=2859) to work on /home/airflow/.local/lib/python3.12/site-packages/airflow/example_dags/example_external_task_marker_dag.py
[2025-02-27T03:17:05.337+0000] {processor.py:914} INFO - Processing file /home/airflow/.local/lib/python3.12/site-packages/airflow/example_dags/example_external_task_marker_dag.py for tasks to queue
[2025-02-27T03:17:05.343+0000] {logging_mixin.py:190} INFO - [2025-02-27T03:17:05.342+0000] {dagbag.py:588} INFO - Filling up the DagBag from /home/airflow/.local/lib/python3.12/site-packages/airflow/example_dags/example_external_task_marker_dag.py
[2025-02-27T03:17:05.363+0000] {processor.py:925} INFO - DAG(s) 'example_external_task_marker_parent', 'example_external_task_marker_child' retrieved from /home/airflow/.local/lib/python3.12/site-packages/airflow/example_dags/example_external_task_marker_dag.py
[2025-02-27T03:17:05.528+0000] {logging_mixin.py:190} INFO - [2025-02-27T03:17:05.528+0000] {dag.py:3239} INFO - Sync 2 DAGs
[2025-02-27T03:17:05.579+0000] {logging_mixin.py:190} INFO - [2025-02-27T03:17:05.579+0000] {dag.py:4180} INFO - Setting next_dagrun for example_external_task_marker_child to None, run_after=None
[2025-02-27T03:17:05.591+0000] {logging_mixin.py:190} INFO - [2025-02-27T03:17:05.590+0000] {dag.py:4180} INFO - Setting next_dagrun for example_external_task_marker_parent to None, run_after=None
[2025-02-27T03:17:05.653+0000] {processor.py:208} INFO - Processing /home/airflow/.local/lib/python3.12/site-packages/airflow/example_dags/example_external_task_marker_dag.py took 0.328 seconds
[2025-02-27T03:17:35.968+0000] {processor.py:186} INFO - Started process (PID=2922) to work on /home/airflow/.local/lib/python3.12/site-packages/airflow/example_dags/example_external_task_marker_dag.py
[2025-02-27T03:17:35.970+0000] {processor.py:914} INFO - Processing file /home/airflow/.local/lib/python3.12/site-packages/airflow/example_dags/example_external_task_marker_dag.py for tasks to queue
[2025-02-27T03:17:35.974+0000] {logging_mixin.py:190} INFO - [2025-02-27T03:17:35.974+0000] {dagbag.py:588} INFO - Filling up the DagBag from /home/airflow/.local/lib/python3.12/site-packages/airflow/example_dags/example_external_task_marker_dag.py
[2025-02-27T03:17:35.985+0000] {processor.py:925} INFO - DAG(s) 'example_external_task_marker_child', 'example_external_task_marker_parent' retrieved from /home/airflow/.local/lib/python3.12/site-packages/airflow/example_dags/example_external_task_marker_dag.py
[2025-02-27T03:17:36.126+0000] {logging_mixin.py:190} INFO - [2025-02-27T03:17:36.125+0000] {dag.py:3239} INFO - Sync 2 DAGs
[2025-02-27T03:17:36.166+0000] {logging_mixin.py:190} INFO - [2025-02-27T03:17:36.166+0000] {dag.py:4180} INFO - Setting next_dagrun for example_external_task_marker_child to None, run_after=None
[2025-02-27T03:17:36.177+0000] {logging_mixin.py:190} INFO - [2025-02-27T03:17:36.176+0000] {dag.py:4180} INFO - Setting next_dagrun for example_external_task_marker_parent to None, run_after=None
[2025-02-27T03:17:36.217+0000] {processor.py:208} INFO - Processing /home/airflow/.local/lib/python3.12/site-packages/airflow/example_dags/example_external_task_marker_dag.py took 0.257 seconds
[2025-02-27T03:18:06.495+0000] {processor.py:186} INFO - Started process (PID=2985) to work on /home/airflow/.local/lib/python3.12/site-packages/airflow/example_dags/example_external_task_marker_dag.py
[2025-02-27T03:18:06.498+0000] {processor.py:914} INFO - Processing file /home/airflow/.local/lib/python3.12/site-packages/airflow/example_dags/example_external_task_marker_dag.py for tasks to queue
[2025-02-27T03:18:06.505+0000] {logging_mixin.py:190} INFO - [2025-02-27T03:18:06.503+0000] {dagbag.py:588} INFO - Filling up the DagBag from /home/airflow/.local/lib/python3.12/site-packages/airflow/example_dags/example_external_task_marker_dag.py
[2025-02-27T03:18:06.525+0000] {processor.py:925} INFO - DAG(s) 'example_external_task_marker_parent', 'example_external_task_marker_child' retrieved from /home/airflow/.local/lib/python3.12/site-packages/airflow/example_dags/example_external_task_marker_dag.py
[2025-02-27T03:18:06.783+0000] {logging_mixin.py:190} INFO - [2025-02-27T03:18:06.782+0000] {dag.py:3239} INFO - Sync 2 DAGs
[2025-02-27T03:18:06.852+0000] {logging_mixin.py:190} INFO - [2025-02-27T03:18:06.851+0000] {dag.py:4180} INFO - Setting next_dagrun for example_external_task_marker_child to None, run_after=None
[2025-02-27T03:18:06.870+0000] {logging_mixin.py:190} INFO - [2025-02-27T03:18:06.869+0000] {dag.py:4180} INFO - Setting next_dagrun for example_external_task_marker_parent to None, run_after=None
[2025-02-27T03:18:06.949+0000] {processor.py:208} INFO - Processing /home/airflow/.local/lib/python3.12/site-packages/airflow/example_dags/example_external_task_marker_dag.py took 0.469 seconds
[2025-02-27T03:18:37.725+0000] {processor.py:186} INFO - Started process (PID=3047) to work on /home/airflow/.local/lib/python3.12/site-packages/airflow/example_dags/example_external_task_marker_dag.py
[2025-02-27T03:18:37.727+0000] {processor.py:914} INFO - Processing file /home/airflow/.local/lib/python3.12/site-packages/airflow/example_dags/example_external_task_marker_dag.py for tasks to queue
[2025-02-27T03:18:37.731+0000] {logging_mixin.py:190} INFO - [2025-02-27T03:18:37.730+0000] {dagbag.py:588} INFO - Filling up the DagBag from /home/airflow/.local/lib/python3.12/site-packages/airflow/example_dags/example_external_task_marker_dag.py
[2025-02-27T03:18:37.741+0000] {processor.py:925} INFO - DAG(s) 'example_external_task_marker_child', 'example_external_task_marker_parent' retrieved from /home/airflow/.local/lib/python3.12/site-packages/airflow/example_dags/example_external_task_marker_dag.py
[2025-02-27T03:18:37.882+0000] {logging_mixin.py:190} INFO - [2025-02-27T03:18:37.882+0000] {dag.py:3239} INFO - Sync 2 DAGs
[2025-02-27T03:18:37.922+0000] {logging_mixin.py:190} INFO - [2025-02-27T03:18:37.922+0000] {dag.py:4180} INFO - Setting next_dagrun for example_external_task_marker_child to None, run_after=None
[2025-02-27T03:18:37.932+0000] {logging_mixin.py:190} INFO - [2025-02-27T03:18:37.931+0000] {dag.py:4180} INFO - Setting next_dagrun for example_external_task_marker_parent to None, run_after=None
[2025-02-27T03:18:37.981+0000] {processor.py:208} INFO - Processing /home/airflow/.local/lib/python3.12/site-packages/airflow/example_dags/example_external_task_marker_dag.py took 0.263 seconds
[2025-02-27T03:19:08.119+0000] {processor.py:186} INFO - Started process (PID=3110) to work on /home/airflow/.local/lib/python3.12/site-packages/airflow/example_dags/example_external_task_marker_dag.py
[2025-02-27T03:19:08.122+0000] {processor.py:914} INFO - Processing file /home/airflow/.local/lib/python3.12/site-packages/airflow/example_dags/example_external_task_marker_dag.py for tasks to queue
[2025-02-27T03:19:08.127+0000] {logging_mixin.py:190} INFO - [2025-02-27T03:19:08.126+0000] {dagbag.py:588} INFO - Filling up the DagBag from /home/airflow/.local/lib/python3.12/site-packages/airflow/example_dags/example_external_task_marker_dag.py
[2025-02-27T03:19:08.142+0000] {processor.py:925} INFO - DAG(s) 'example_external_task_marker_child', 'example_external_task_marker_parent' retrieved from /home/airflow/.local/lib/python3.12/site-packages/airflow/example_dags/example_external_task_marker_dag.py
[2025-02-27T03:19:08.342+0000] {logging_mixin.py:190} INFO - [2025-02-27T03:19:08.341+0000] {dag.py:3239} INFO - Sync 2 DAGs
[2025-02-27T03:19:08.416+0000] {logging_mixin.py:190} INFO - [2025-02-27T03:19:08.416+0000] {dag.py:4180} INFO - Setting next_dagrun for example_external_task_marker_child to None, run_after=None
[2025-02-27T03:19:08.429+0000] {logging_mixin.py:190} INFO - [2025-02-27T03:19:08.429+0000] {dag.py:4180} INFO - Setting next_dagrun for example_external_task_marker_parent to None, run_after=None
[2025-02-27T03:19:08.491+0000] {processor.py:208} INFO - Processing /home/airflow/.local/lib/python3.12/site-packages/airflow/example_dags/example_external_task_marker_dag.py took 0.382 seconds
[2025-02-27T03:19:38.764+0000] {processor.py:186} INFO - Started process (PID=3174) to work on /home/airflow/.local/lib/python3.12/site-packages/airflow/example_dags/example_external_task_marker_dag.py
[2025-02-27T03:19:38.765+0000] {processor.py:914} INFO - Processing file /home/airflow/.local/lib/python3.12/site-packages/airflow/example_dags/example_external_task_marker_dag.py for tasks to queue
[2025-02-27T03:19:38.769+0000] {logging_mixin.py:190} INFO - [2025-02-27T03:19:38.768+0000] {dagbag.py:588} INFO - Filling up the DagBag from /home/airflow/.local/lib/python3.12/site-packages/airflow/example_dags/example_external_task_marker_dag.py
[2025-02-27T03:19:38.784+0000] {processor.py:925} INFO - DAG(s) 'example_external_task_marker_parent', 'example_external_task_marker_child' retrieved from /home/airflow/.local/lib/python3.12/site-packages/airflow/example_dags/example_external_task_marker_dag.py
[2025-02-27T03:19:38.955+0000] {logging_mixin.py:190} INFO - [2025-02-27T03:19:38.955+0000] {dag.py:3239} INFO - Sync 2 DAGs
[2025-02-27T03:19:39.000+0000] {logging_mixin.py:190} INFO - [2025-02-27T03:19:39.000+0000] {dag.py:4180} INFO - Setting next_dagrun for example_external_task_marker_child to None, run_after=None
[2025-02-27T03:19:39.010+0000] {logging_mixin.py:190} INFO - [2025-02-27T03:19:39.010+0000] {dag.py:4180} INFO - Setting next_dagrun for example_external_task_marker_parent to None, run_after=None
[2025-02-27T03:19:39.066+0000] {processor.py:208} INFO - Processing /home/airflow/.local/lib/python3.12/site-packages/airflow/example_dags/example_external_task_marker_dag.py took 0.311 seconds
[2025-02-27T03:20:09.596+0000] {processor.py:186} INFO - Started process (PID=3237) to work on /home/airflow/.local/lib/python3.12/site-packages/airflow/example_dags/example_external_task_marker_dag.py
[2025-02-27T03:20:09.598+0000] {processor.py:914} INFO - Processing file /home/airflow/.local/lib/python3.12/site-packages/airflow/example_dags/example_external_task_marker_dag.py for tasks to queue
[2025-02-27T03:20:09.602+0000] {logging_mixin.py:190} INFO - [2025-02-27T03:20:09.602+0000] {dagbag.py:588} INFO - Filling up the DagBag from /home/airflow/.local/lib/python3.12/site-packages/airflow/example_dags/example_external_task_marker_dag.py
[2025-02-27T03:20:09.620+0000] {processor.py:925} INFO - DAG(s) 'example_external_task_marker_parent', 'example_external_task_marker_child' retrieved from /home/airflow/.local/lib/python3.12/site-packages/airflow/example_dags/example_external_task_marker_dag.py
[2025-02-27T03:20:09.919+0000] {logging_mixin.py:190} INFO - [2025-02-27T03:20:09.919+0000] {dag.py:3239} INFO - Sync 2 DAGs
[2025-02-27T03:20:10.011+0000] {logging_mixin.py:190} INFO - [2025-02-27T03:20:10.011+0000] {dag.py:4180} INFO - Setting next_dagrun for example_external_task_marker_child to None, run_after=None
[2025-02-27T03:20:10.035+0000] {logging_mixin.py:190} INFO - [2025-02-27T03:20:10.034+0000] {dag.py:4180} INFO - Setting next_dagrun for example_external_task_marker_parent to None, run_after=None
[2025-02-27T03:20:10.113+0000] {processor.py:208} INFO - Processing /home/airflow/.local/lib/python3.12/site-packages/airflow/example_dags/example_external_task_marker_dag.py took 0.526 seconds
[2025-02-27T03:20:40.291+0000] {processor.py:186} INFO - Started process (PID=3299) to work on /home/airflow/.local/lib/python3.12/site-packages/airflow/example_dags/example_external_task_marker_dag.py
[2025-02-27T03:20:40.294+0000] {processor.py:914} INFO - Processing file /home/airflow/.local/lib/python3.12/site-packages/airflow/example_dags/example_external_task_marker_dag.py for tasks to queue
[2025-02-27T03:20:40.300+0000] {logging_mixin.py:190} INFO - [2025-02-27T03:20:40.299+0000] {dagbag.py:588} INFO - Filling up the DagBag from /home/airflow/.local/lib/python3.12/site-packages/airflow/example_dags/example_external_task_marker_dag.py
[2025-02-27T03:20:40.324+0000] {processor.py:925} INFO - DAG(s) 'example_external_task_marker_parent', 'example_external_task_marker_child' retrieved from /home/airflow/.local/lib/python3.12/site-packages/airflow/example_dags/example_external_task_marker_dag.py
[2025-02-27T03:20:40.532+0000] {logging_mixin.py:190} INFO - [2025-02-27T03:20:40.532+0000] {dag.py:3239} INFO - Sync 2 DAGs
[2025-02-27T03:20:40.583+0000] {logging_mixin.py:190} INFO - [2025-02-27T03:20:40.582+0000] {dag.py:4180} INFO - Setting next_dagrun for example_external_task_marker_child to None, run_after=None
[2025-02-27T03:20:40.603+0000] {logging_mixin.py:190} INFO - [2025-02-27T03:20:40.603+0000] {dag.py:4180} INFO - Setting next_dagrun for example_external_task_marker_parent to None, run_after=None
[2025-02-27T03:20:40.690+0000] {processor.py:208} INFO - Processing /home/airflow/.local/lib/python3.12/site-packages/airflow/example_dags/example_external_task_marker_dag.py took 0.414 seconds
