[2025-02-27T02:51:27.299+0000] {processor.py:186} INFO - Started process (PID=91) to work on /home/airflow/.local/lib/python3.12/site-packages/airflow/example_dags/example_params_trigger_ui.py
[2025-02-27T02:51:27.301+0000] {processor.py:914} INFO - Processing file /home/airflow/.local/lib/python3.12/site-packages/airflow/example_dags/example_params_trigger_ui.py for tasks to queue
[2025-02-27T02:51:27.306+0000] {logging_mixin.py:190} INFO - [2025-02-27T02:51:27.305+0000] {dagbag.py:588} INFO - Filling up the DagBag from /home/airflow/.local/lib/python3.12/site-packages/airflow/example_dags/example_params_trigger_ui.py
[2025-02-27T02:51:27.338+0000] {processor.py:925} INFO - DAG(s) 'example_params_trigger_ui' retrieved from /home/airflow/.local/lib/python3.12/site-packages/airflow/example_dags/example_params_trigger_ui.py
[2025-02-27T02:51:27.608+0000] {logging_mixin.py:190} INFO - [2025-02-27T02:51:27.606+0000] {override.py:1912} INFO - Created Permission View: can delete on DAG:example_params_trigger_ui
[2025-02-27T02:51:27.633+0000] {logging_mixin.py:190} INFO - [2025-02-27T02:51:27.632+0000] {override.py:1912} INFO - Created Permission View: can read on DAG:example_params_trigger_ui
[2025-02-27T02:51:27.655+0000] {logging_mixin.py:190} INFO - [2025-02-27T02:51:27.655+0000] {override.py:1912} INFO - Created Permission View: can edit on DAG:example_params_trigger_ui
[2025-02-27T02:51:27.690+0000] {logging_mixin.py:190} INFO - [2025-02-27T02:51:27.689+0000] {override.py:1912} INFO - Created Permission View: menu access on DAG Run:example_params_trigger_ui
[2025-02-27T02:51:27.710+0000] {logging_mixin.py:190} INFO - [2025-02-27T02:51:27.709+0000] {override.py:1912} INFO - Created Permission View: can delete on DAG Run:example_params_trigger_ui
[2025-02-27T02:51:27.728+0000] {logging_mixin.py:190} INFO - [2025-02-27T02:51:27.727+0000] {override.py:1912} INFO - Created Permission View: can read on DAG Run:example_params_trigger_ui
[2025-02-27T02:51:27.746+0000] {logging_mixin.py:190} INFO - [2025-02-27T02:51:27.745+0000] {override.py:1912} INFO - Created Permission View: can create on DAG Run:example_params_trigger_ui
[2025-02-27T02:51:27.748+0000] {logging_mixin.py:190} INFO - [2025-02-27T02:51:27.747+0000] {dag.py:3239} INFO - Sync 1 DAGs
[2025-02-27T02:51:27.777+0000] {logging_mixin.py:190} INFO - [2025-02-27T02:51:27.776+0000] {dag.py:3262} INFO - Creating ORM DAG for example_params_trigger_ui
[2025-02-27T02:51:27.779+0000] {logging_mixin.py:190} INFO - [2025-02-27T02:51:27.778+0000] {dag.py:4180} INFO - Setting next_dagrun for example_params_trigger_ui to None, run_after=None
[2025-02-27T02:51:27.819+0000] {processor.py:208} INFO - Processing /home/airflow/.local/lib/python3.12/site-packages/airflow/example_dags/example_params_trigger_ui.py took 0.529 seconds
[2025-02-27T02:54:08.905+0000] {processor.py:186} INFO - Started process (PID=87) to work on /home/airflow/.local/lib/python3.12/site-packages/airflow/example_dags/example_params_trigger_ui.py
[2025-02-27T02:54:08.907+0000] {processor.py:914} INFO - Processing file /home/airflow/.local/lib/python3.12/site-packages/airflow/example_dags/example_params_trigger_ui.py for tasks to queue
[2025-02-27T02:54:08.928+0000] {logging_mixin.py:190} INFO - [2025-02-27T02:54:08.925+0000] {dagbag.py:588} INFO - Filling up the DagBag from /home/airflow/.local/lib/python3.12/site-packages/airflow/example_dags/example_params_trigger_ui.py
[2025-02-27T02:54:08.958+0000] {processor.py:925} INFO - DAG(s) 'example_params_trigger_ui' retrieved from /home/airflow/.local/lib/python3.12/site-packages/airflow/example_dags/example_params_trigger_ui.py
[2025-02-27T02:54:09.454+0000] {logging_mixin.py:190} INFO - [2025-02-27T02:54:09.452+0000] {override.py:1912} INFO - Created Permission View: can read on DAG:example_params_trigger_ui
[2025-02-27T02:54:09.486+0000] {logging_mixin.py:190} INFO - [2025-02-27T02:54:09.485+0000] {override.py:1912} INFO - Created Permission View: can delete on DAG:example_params_trigger_ui
[2025-02-27T02:54:09.505+0000] {logging_mixin.py:190} INFO - [2025-02-27T02:54:09.504+0000] {override.py:1912} INFO - Created Permission View: can edit on DAG:example_params_trigger_ui
[2025-02-27T02:54:09.542+0000] {logging_mixin.py:190} INFO - [2025-02-27T02:54:09.541+0000] {override.py:1912} INFO - Created Permission View: can read on DAG Run:example_params_trigger_ui
[2025-02-27T02:54:09.564+0000] {logging_mixin.py:190} INFO - [2025-02-27T02:54:09.563+0000] {override.py:1912} INFO - Created Permission View: menu access on DAG Run:example_params_trigger_ui
[2025-02-27T02:54:09.584+0000] {logging_mixin.py:190} INFO - [2025-02-27T02:54:09.583+0000] {override.py:1912} INFO - Created Permission View: can delete on DAG Run:example_params_trigger_ui
[2025-02-27T02:54:09.603+0000] {logging_mixin.py:190} INFO - [2025-02-27T02:54:09.602+0000] {override.py:1912} INFO - Created Permission View: can create on DAG Run:example_params_trigger_ui
[2025-02-27T02:54:09.604+0000] {logging_mixin.py:190} INFO - [2025-02-27T02:54:09.603+0000] {dag.py:3239} INFO - Sync 1 DAGs
[2025-02-27T02:54:09.669+0000] {logging_mixin.py:190} INFO - [2025-02-27T02:54:09.668+0000] {dag.py:3262} INFO - Creating ORM DAG for example_params_trigger_ui
[2025-02-27T02:54:09.681+0000] {logging_mixin.py:190} INFO - [2025-02-27T02:54:09.680+0000] {dag.py:4180} INFO - Setting next_dagrun for example_params_trigger_ui to None, run_after=None
[2025-02-27T02:54:09.763+0000] {processor.py:208} INFO - Processing /home/airflow/.local/lib/python3.12/site-packages/airflow/example_dags/example_params_trigger_ui.py took 0.870 seconds
[2025-02-27T02:54:40.304+0000] {processor.py:186} INFO - Started process (PID=150) to work on /home/airflow/.local/lib/python3.12/site-packages/airflow/example_dags/example_params_trigger_ui.py
[2025-02-27T02:54:40.306+0000] {processor.py:914} INFO - Processing file /home/airflow/.local/lib/python3.12/site-packages/airflow/example_dags/example_params_trigger_ui.py for tasks to queue
[2025-02-27T02:54:40.309+0000] {logging_mixin.py:190} INFO - [2025-02-27T02:54:40.309+0000] {dagbag.py:588} INFO - Filling up the DagBag from /home/airflow/.local/lib/python3.12/site-packages/airflow/example_dags/example_params_trigger_ui.py
[2025-02-27T02:54:40.333+0000] {processor.py:925} INFO - DAG(s) 'example_params_trigger_ui' retrieved from /home/airflow/.local/lib/python3.12/site-packages/airflow/example_dags/example_params_trigger_ui.py
[2025-02-27T02:54:40.677+0000] {logging_mixin.py:190} INFO - [2025-02-27T02:54:40.676+0000] {dag.py:3239} INFO - Sync 1 DAGs
[2025-02-27T02:54:40.756+0000] {logging_mixin.py:190} INFO - [2025-02-27T02:54:40.755+0000] {dag.py:4180} INFO - Setting next_dagrun for example_params_trigger_ui to None, run_after=None
[2025-02-27T02:54:40.857+0000] {processor.py:208} INFO - Processing /home/airflow/.local/lib/python3.12/site-packages/airflow/example_dags/example_params_trigger_ui.py took 0.561 seconds
[2025-02-27T02:55:11.171+0000] {processor.py:186} INFO - Started process (PID=213) to work on /home/airflow/.local/lib/python3.12/site-packages/airflow/example_dags/example_params_trigger_ui.py
[2025-02-27T02:55:11.173+0000] {processor.py:914} INFO - Processing file /home/airflow/.local/lib/python3.12/site-packages/airflow/example_dags/example_params_trigger_ui.py for tasks to queue
[2025-02-27T02:55:11.178+0000] {logging_mixin.py:190} INFO - [2025-02-27T02:55:11.177+0000] {dagbag.py:588} INFO - Filling up the DagBag from /home/airflow/.local/lib/python3.12/site-packages/airflow/example_dags/example_params_trigger_ui.py
[2025-02-27T02:55:11.208+0000] {processor.py:925} INFO - DAG(s) 'example_params_trigger_ui' retrieved from /home/airflow/.local/lib/python3.12/site-packages/airflow/example_dags/example_params_trigger_ui.py
[2025-02-27T02:55:11.559+0000] {logging_mixin.py:190} INFO - [2025-02-27T02:55:11.559+0000] {dag.py:3239} INFO - Sync 1 DAGs
[2025-02-27T02:55:11.606+0000] {logging_mixin.py:190} INFO - [2025-02-27T02:55:11.606+0000] {dag.py:4180} INFO - Setting next_dagrun for example_params_trigger_ui to None, run_after=None
[2025-02-27T02:55:11.680+0000] {processor.py:208} INFO - Processing /home/airflow/.local/lib/python3.12/site-packages/airflow/example_dags/example_params_trigger_ui.py took 0.523 seconds
[2025-02-27T02:55:43.292+0000] {processor.py:186} INFO - Started process (PID=275) to work on /home/airflow/.local/lib/python3.12/site-packages/airflow/example_dags/example_params_trigger_ui.py
[2025-02-27T02:55:43.293+0000] {processor.py:914} INFO - Processing file /home/airflow/.local/lib/python3.12/site-packages/airflow/example_dags/example_params_trigger_ui.py for tasks to queue
[2025-02-27T02:55:43.297+0000] {logging_mixin.py:190} INFO - [2025-02-27T02:55:43.296+0000] {dagbag.py:588} INFO - Filling up the DagBag from /home/airflow/.local/lib/python3.12/site-packages/airflow/example_dags/example_params_trigger_ui.py
[2025-02-27T02:55:43.317+0000] {processor.py:925} INFO - DAG(s) 'example_params_trigger_ui' retrieved from /home/airflow/.local/lib/python3.12/site-packages/airflow/example_dags/example_params_trigger_ui.py
[2025-02-27T02:55:43.513+0000] {logging_mixin.py:190} INFO - [2025-02-27T02:55:43.513+0000] {dag.py:3239} INFO - Sync 1 DAGs
[2025-02-27T02:55:43.555+0000] {logging_mixin.py:190} INFO - [2025-02-27T02:55:43.554+0000] {dag.py:4180} INFO - Setting next_dagrun for example_params_trigger_ui to None, run_after=None
[2025-02-27T02:55:43.624+0000] {processor.py:208} INFO - Processing /home/airflow/.local/lib/python3.12/site-packages/airflow/example_dags/example_params_trigger_ui.py took 0.342 seconds
[2025-02-27T02:56:16.262+0000] {processor.py:186} INFO - Started process (PID=338) to work on /home/airflow/.local/lib/python3.12/site-packages/airflow/example_dags/example_params_trigger_ui.py
[2025-02-27T02:56:16.268+0000] {processor.py:914} INFO - Processing file /home/airflow/.local/lib/python3.12/site-packages/airflow/example_dags/example_params_trigger_ui.py for tasks to queue
[2025-02-27T02:56:16.274+0000] {logging_mixin.py:190} INFO - [2025-02-27T02:56:16.273+0000] {dagbag.py:588} INFO - Filling up the DagBag from /home/airflow/.local/lib/python3.12/site-packages/airflow/example_dags/example_params_trigger_ui.py
[2025-02-27T02:56:16.303+0000] {processor.py:925} INFO - DAG(s) 'example_params_trigger_ui' retrieved from /home/airflow/.local/lib/python3.12/site-packages/airflow/example_dags/example_params_trigger_ui.py
[2025-02-27T02:56:16.733+0000] {logging_mixin.py:190} INFO - [2025-02-27T02:56:16.733+0000] {dag.py:3239} INFO - Sync 1 DAGs
[2025-02-27T02:56:16.815+0000] {logging_mixin.py:190} INFO - [2025-02-27T02:56:16.814+0000] {dag.py:4180} INFO - Setting next_dagrun for example_params_trigger_ui to None, run_after=None
[2025-02-27T02:56:16.913+0000] {processor.py:208} INFO - Processing /home/airflow/.local/lib/python3.12/site-packages/airflow/example_dags/example_params_trigger_ui.py took 0.673 seconds
[2025-02-27T02:56:47.313+0000] {processor.py:186} INFO - Started process (PID=407) to work on /home/airflow/.local/lib/python3.12/site-packages/airflow/example_dags/example_params_trigger_ui.py
[2025-02-27T02:56:47.315+0000] {processor.py:914} INFO - Processing file /home/airflow/.local/lib/python3.12/site-packages/airflow/example_dags/example_params_trigger_ui.py for tasks to queue
[2025-02-27T02:56:47.320+0000] {logging_mixin.py:190} INFO - [2025-02-27T02:56:47.319+0000] {dagbag.py:588} INFO - Filling up the DagBag from /home/airflow/.local/lib/python3.12/site-packages/airflow/example_dags/example_params_trigger_ui.py
[2025-02-27T02:56:47.349+0000] {processor.py:925} INFO - DAG(s) 'example_params_trigger_ui' retrieved from /home/airflow/.local/lib/python3.12/site-packages/airflow/example_dags/example_params_trigger_ui.py
[2025-02-27T02:56:47.604+0000] {logging_mixin.py:190} INFO - [2025-02-27T02:56:47.603+0000] {dag.py:3239} INFO - Sync 1 DAGs
[2025-02-27T02:56:47.682+0000] {logging_mixin.py:190} INFO - [2025-02-27T02:56:47.681+0000] {dag.py:4180} INFO - Setting next_dagrun for example_params_trigger_ui to None, run_after=None
[2025-02-27T02:56:47.819+0000] {processor.py:208} INFO - Processing /home/airflow/.local/lib/python3.12/site-packages/airflow/example_dags/example_params_trigger_ui.py took 0.514 seconds
[2025-02-27T02:57:18.775+0000] {processor.py:186} INFO - Started process (PID=470) to work on /home/airflow/.local/lib/python3.12/site-packages/airflow/example_dags/example_params_trigger_ui.py
[2025-02-27T02:57:18.777+0000] {processor.py:914} INFO - Processing file /home/airflow/.local/lib/python3.12/site-packages/airflow/example_dags/example_params_trigger_ui.py for tasks to queue
[2025-02-27T02:57:18.781+0000] {logging_mixin.py:190} INFO - [2025-02-27T02:57:18.781+0000] {dagbag.py:588} INFO - Filling up the DagBag from /home/airflow/.local/lib/python3.12/site-packages/airflow/example_dags/example_params_trigger_ui.py
[2025-02-27T02:57:18.818+0000] {processor.py:925} INFO - DAG(s) 'example_params_trigger_ui' retrieved from /home/airflow/.local/lib/python3.12/site-packages/airflow/example_dags/example_params_trigger_ui.py
[2025-02-27T02:57:19.022+0000] {logging_mixin.py:190} INFO - [2025-02-27T02:57:19.021+0000] {dag.py:3239} INFO - Sync 1 DAGs
[2025-02-27T02:57:19.062+0000] {logging_mixin.py:190} INFO - [2025-02-27T02:57:19.061+0000] {dag.py:4180} INFO - Setting next_dagrun for example_params_trigger_ui to None, run_after=None
[2025-02-27T02:57:19.133+0000] {processor.py:208} INFO - Processing /home/airflow/.local/lib/python3.12/site-packages/airflow/example_dags/example_params_trigger_ui.py took 0.367 seconds
[2025-02-27T02:57:50.172+0000] {processor.py:186} INFO - Started process (PID=533) to work on /home/airflow/.local/lib/python3.12/site-packages/airflow/example_dags/example_params_trigger_ui.py
[2025-02-27T02:57:50.174+0000] {processor.py:914} INFO - Processing file /home/airflow/.local/lib/python3.12/site-packages/airflow/example_dags/example_params_trigger_ui.py for tasks to queue
[2025-02-27T02:57:50.177+0000] {logging_mixin.py:190} INFO - [2025-02-27T02:57:50.177+0000] {dagbag.py:588} INFO - Filling up the DagBag from /home/airflow/.local/lib/python3.12/site-packages/airflow/example_dags/example_params_trigger_ui.py
[2025-02-27T02:57:50.198+0000] {processor.py:925} INFO - DAG(s) 'example_params_trigger_ui' retrieved from /home/airflow/.local/lib/python3.12/site-packages/airflow/example_dags/example_params_trigger_ui.py
[2025-02-27T02:57:50.391+0000] {logging_mixin.py:190} INFO - [2025-02-27T02:57:50.391+0000] {dag.py:3239} INFO - Sync 1 DAGs
[2025-02-27T02:57:50.434+0000] {logging_mixin.py:190} INFO - [2025-02-27T02:57:50.434+0000] {dag.py:4180} INFO - Setting next_dagrun for example_params_trigger_ui to None, run_after=None
[2025-02-27T02:57:50.506+0000] {processor.py:208} INFO - Processing /home/airflow/.local/lib/python3.12/site-packages/airflow/example_dags/example_params_trigger_ui.py took 0.344 seconds
[2025-02-27T02:58:23.170+0000] {processor.py:186} INFO - Started process (PID=595) to work on /home/airflow/.local/lib/python3.12/site-packages/airflow/example_dags/example_params_trigger_ui.py
[2025-02-27T02:58:23.171+0000] {processor.py:914} INFO - Processing file /home/airflow/.local/lib/python3.12/site-packages/airflow/example_dags/example_params_trigger_ui.py for tasks to queue
[2025-02-27T02:58:23.175+0000] {logging_mixin.py:190} INFO - [2025-02-27T02:58:23.174+0000] {dagbag.py:588} INFO - Filling up the DagBag from /home/airflow/.local/lib/python3.12/site-packages/airflow/example_dags/example_params_trigger_ui.py
[2025-02-27T02:58:23.196+0000] {processor.py:925} INFO - DAG(s) 'example_params_trigger_ui' retrieved from /home/airflow/.local/lib/python3.12/site-packages/airflow/example_dags/example_params_trigger_ui.py
[2025-02-27T02:58:23.393+0000] {logging_mixin.py:190} INFO - [2025-02-27T02:58:23.393+0000] {dag.py:3239} INFO - Sync 1 DAGs
[2025-02-27T02:58:23.430+0000] {logging_mixin.py:190} INFO - [2025-02-27T02:58:23.430+0000] {dag.py:4180} INFO - Setting next_dagrun for example_params_trigger_ui to None, run_after=None
[2025-02-27T02:58:23.496+0000] {processor.py:208} INFO - Processing /home/airflow/.local/lib/python3.12/site-packages/airflow/example_dags/example_params_trigger_ui.py took 0.338 seconds
[2025-02-27T02:58:54.754+0000] {processor.py:186} INFO - Started process (PID=658) to work on /home/airflow/.local/lib/python3.12/site-packages/airflow/example_dags/example_params_trigger_ui.py
[2025-02-27T02:58:54.757+0000] {processor.py:914} INFO - Processing file /home/airflow/.local/lib/python3.12/site-packages/airflow/example_dags/example_params_trigger_ui.py for tasks to queue
[2025-02-27T02:58:54.764+0000] {logging_mixin.py:190} INFO - [2025-02-27T02:58:54.763+0000] {dagbag.py:588} INFO - Filling up the DagBag from /home/airflow/.local/lib/python3.12/site-packages/airflow/example_dags/example_params_trigger_ui.py
[2025-02-27T02:58:54.784+0000] {processor.py:925} INFO - DAG(s) 'example_params_trigger_ui' retrieved from /home/airflow/.local/lib/python3.12/site-packages/airflow/example_dags/example_params_trigger_ui.py
[2025-02-27T02:58:54.968+0000] {logging_mixin.py:190} INFO - [2025-02-27T02:58:54.967+0000] {dag.py:3239} INFO - Sync 1 DAGs
[2025-02-27T02:58:55.011+0000] {logging_mixin.py:190} INFO - [2025-02-27T02:58:55.010+0000] {dag.py:4180} INFO - Setting next_dagrun for example_params_trigger_ui to None, run_after=None
[2025-02-27T02:58:55.071+0000] {processor.py:208} INFO - Processing /home/airflow/.local/lib/python3.12/site-packages/airflow/example_dags/example_params_trigger_ui.py took 0.328 seconds
[2025-02-27T02:59:27.917+0000] {processor.py:186} INFO - Started process (PID=721) to work on /home/airflow/.local/lib/python3.12/site-packages/airflow/example_dags/example_params_trigger_ui.py
[2025-02-27T02:59:27.919+0000] {processor.py:914} INFO - Processing file /home/airflow/.local/lib/python3.12/site-packages/airflow/example_dags/example_params_trigger_ui.py for tasks to queue
[2025-02-27T02:59:27.924+0000] {logging_mixin.py:190} INFO - [2025-02-27T02:59:27.923+0000] {dagbag.py:588} INFO - Filling up the DagBag from /home/airflow/.local/lib/python3.12/site-packages/airflow/example_dags/example_params_trigger_ui.py
[2025-02-27T02:59:27.956+0000] {processor.py:925} INFO - DAG(s) 'example_params_trigger_ui' retrieved from /home/airflow/.local/lib/python3.12/site-packages/airflow/example_dags/example_params_trigger_ui.py
[2025-02-27T02:59:28.297+0000] {logging_mixin.py:190} INFO - [2025-02-27T02:59:28.297+0000] {dag.py:3239} INFO - Sync 1 DAGs
[2025-02-27T02:59:28.389+0000] {logging_mixin.py:190} INFO - [2025-02-27T02:59:28.389+0000] {dag.py:4180} INFO - Setting next_dagrun for example_params_trigger_ui to None, run_after=None
[2025-02-27T02:59:28.468+0000] {processor.py:208} INFO - Processing /home/airflow/.local/lib/python3.12/site-packages/airflow/example_dags/example_params_trigger_ui.py took 0.568 seconds
[2025-02-27T02:59:59.056+0000] {processor.py:186} INFO - Started process (PID=784) to work on /home/airflow/.local/lib/python3.12/site-packages/airflow/example_dags/example_params_trigger_ui.py
[2025-02-27T02:59:59.058+0000] {processor.py:914} INFO - Processing file /home/airflow/.local/lib/python3.12/site-packages/airflow/example_dags/example_params_trigger_ui.py for tasks to queue
[2025-02-27T02:59:59.062+0000] {logging_mixin.py:190} INFO - [2025-02-27T02:59:59.062+0000] {dagbag.py:588} INFO - Filling up the DagBag from /home/airflow/.local/lib/python3.12/site-packages/airflow/example_dags/example_params_trigger_ui.py
[2025-02-27T02:59:59.083+0000] {processor.py:925} INFO - DAG(s) 'example_params_trigger_ui' retrieved from /home/airflow/.local/lib/python3.12/site-packages/airflow/example_dags/example_params_trigger_ui.py
[2025-02-27T02:59:59.317+0000] {logging_mixin.py:190} INFO - [2025-02-27T02:59:59.316+0000] {dag.py:3239} INFO - Sync 1 DAGs
[2025-02-27T02:59:59.373+0000] {logging_mixin.py:190} INFO - [2025-02-27T02:59:59.372+0000] {dag.py:4180} INFO - Setting next_dagrun for example_params_trigger_ui to None, run_after=None
[2025-02-27T02:59:59.460+0000] {processor.py:208} INFO - Processing /home/airflow/.local/lib/python3.12/site-packages/airflow/example_dags/example_params_trigger_ui.py took 0.418 seconds
[2025-02-27T03:00:31.001+0000] {processor.py:186} INFO - Started process (PID=847) to work on /home/airflow/.local/lib/python3.12/site-packages/airflow/example_dags/example_params_trigger_ui.py
[2025-02-27T03:00:31.010+0000] {processor.py:914} INFO - Processing file /home/airflow/.local/lib/python3.12/site-packages/airflow/example_dags/example_params_trigger_ui.py for tasks to queue
[2025-02-27T03:00:31.018+0000] {logging_mixin.py:190} INFO - [2025-02-27T03:00:31.017+0000] {dagbag.py:588} INFO - Filling up the DagBag from /home/airflow/.local/lib/python3.12/site-packages/airflow/example_dags/example_params_trigger_ui.py
[2025-02-27T03:00:31.057+0000] {processor.py:925} INFO - DAG(s) 'example_params_trigger_ui' retrieved from /home/airflow/.local/lib/python3.12/site-packages/airflow/example_dags/example_params_trigger_ui.py
[2025-02-27T03:00:31.403+0000] {logging_mixin.py:190} INFO - [2025-02-27T03:00:31.402+0000] {dag.py:3239} INFO - Sync 1 DAGs
[2025-02-27T03:00:31.476+0000] {logging_mixin.py:190} INFO - [2025-02-27T03:00:31.476+0000] {dag.py:4180} INFO - Setting next_dagrun for example_params_trigger_ui to None, run_after=None
[2025-02-27T03:00:31.574+0000] {processor.py:208} INFO - Processing /home/airflow/.local/lib/python3.12/site-packages/airflow/example_dags/example_params_trigger_ui.py took 0.589 seconds
[2025-02-27T03:01:02.612+0000] {processor.py:186} INFO - Started process (PID=910) to work on /home/airflow/.local/lib/python3.12/site-packages/airflow/example_dags/example_params_trigger_ui.py
[2025-02-27T03:01:02.614+0000] {processor.py:914} INFO - Processing file /home/airflow/.local/lib/python3.12/site-packages/airflow/example_dags/example_params_trigger_ui.py for tasks to queue
[2025-02-27T03:01:02.619+0000] {logging_mixin.py:190} INFO - [2025-02-27T03:01:02.618+0000] {dagbag.py:588} INFO - Filling up the DagBag from /home/airflow/.local/lib/python3.12/site-packages/airflow/example_dags/example_params_trigger_ui.py
[2025-02-27T03:01:02.636+0000] {processor.py:925} INFO - DAG(s) 'example_params_trigger_ui' retrieved from /home/airflow/.local/lib/python3.12/site-packages/airflow/example_dags/example_params_trigger_ui.py
[2025-02-27T03:01:02.821+0000] {logging_mixin.py:190} INFO - [2025-02-27T03:01:02.821+0000] {dag.py:3239} INFO - Sync 1 DAGs
[2025-02-27T03:01:02.862+0000] {logging_mixin.py:190} INFO - [2025-02-27T03:01:02.862+0000] {dag.py:4180} INFO - Setting next_dagrun for example_params_trigger_ui to None, run_after=None
[2025-02-27T03:01:02.923+0000] {processor.py:208} INFO - Processing /home/airflow/.local/lib/python3.12/site-packages/airflow/example_dags/example_params_trigger_ui.py took 0.319 seconds
[2025-02-27T03:01:34.703+0000] {processor.py:186} INFO - Started process (PID=973) to work on /home/airflow/.local/lib/python3.12/site-packages/airflow/example_dags/example_params_trigger_ui.py
[2025-02-27T03:01:34.705+0000] {processor.py:914} INFO - Processing file /home/airflow/.local/lib/python3.12/site-packages/airflow/example_dags/example_params_trigger_ui.py for tasks to queue
[2025-02-27T03:01:34.712+0000] {logging_mixin.py:190} INFO - [2025-02-27T03:01:34.711+0000] {dagbag.py:588} INFO - Filling up the DagBag from /home/airflow/.local/lib/python3.12/site-packages/airflow/example_dags/example_params_trigger_ui.py
[2025-02-27T03:01:34.739+0000] {processor.py:925} INFO - DAG(s) 'example_params_trigger_ui' retrieved from /home/airflow/.local/lib/python3.12/site-packages/airflow/example_dags/example_params_trigger_ui.py
[2025-02-27T03:01:34.957+0000] {logging_mixin.py:190} INFO - [2025-02-27T03:01:34.956+0000] {dag.py:3239} INFO - Sync 1 DAGs
[2025-02-27T03:01:35.012+0000] {logging_mixin.py:190} INFO - [2025-02-27T03:01:35.012+0000] {dag.py:4180} INFO - Setting next_dagrun for example_params_trigger_ui to None, run_after=None
[2025-02-27T03:01:35.081+0000] {processor.py:208} INFO - Processing /home/airflow/.local/lib/python3.12/site-packages/airflow/example_dags/example_params_trigger_ui.py took 0.390 seconds
[2025-02-27T03:02:07.523+0000] {processor.py:186} INFO - Started process (PID=1036) to work on /home/airflow/.local/lib/python3.12/site-packages/airflow/example_dags/example_params_trigger_ui.py
[2025-02-27T03:02:07.525+0000] {processor.py:914} INFO - Processing file /home/airflow/.local/lib/python3.12/site-packages/airflow/example_dags/example_params_trigger_ui.py for tasks to queue
[2025-02-27T03:02:07.531+0000] {logging_mixin.py:190} INFO - [2025-02-27T03:02:07.530+0000] {dagbag.py:588} INFO - Filling up the DagBag from /home/airflow/.local/lib/python3.12/site-packages/airflow/example_dags/example_params_trigger_ui.py
[2025-02-27T03:02:07.558+0000] {processor.py:925} INFO - DAG(s) 'example_params_trigger_ui' retrieved from /home/airflow/.local/lib/python3.12/site-packages/airflow/example_dags/example_params_trigger_ui.py
[2025-02-27T03:02:07.781+0000] {logging_mixin.py:190} INFO - [2025-02-27T03:02:07.780+0000] {dag.py:3239} INFO - Sync 1 DAGs
[2025-02-27T03:02:07.824+0000] {logging_mixin.py:190} INFO - [2025-02-27T03:02:07.824+0000] {dag.py:4180} INFO - Setting next_dagrun for example_params_trigger_ui to None, run_after=None
[2025-02-27T03:02:07.888+0000] {processor.py:208} INFO - Processing /home/airflow/.local/lib/python3.12/site-packages/airflow/example_dags/example_params_trigger_ui.py took 0.385 seconds
[2025-02-27T03:02:39.868+0000] {processor.py:186} INFO - Started process (PID=1099) to work on /home/airflow/.local/lib/python3.12/site-packages/airflow/example_dags/example_params_trigger_ui.py
[2025-02-27T03:02:39.875+0000] {processor.py:914} INFO - Processing file /home/airflow/.local/lib/python3.12/site-packages/airflow/example_dags/example_params_trigger_ui.py for tasks to queue
[2025-02-27T03:02:39.880+0000] {logging_mixin.py:190} INFO - [2025-02-27T03:02:39.880+0000] {dagbag.py:588} INFO - Filling up the DagBag from /home/airflow/.local/lib/python3.12/site-packages/airflow/example_dags/example_params_trigger_ui.py
[2025-02-27T03:02:39.910+0000] {processor.py:925} INFO - DAG(s) 'example_params_trigger_ui' retrieved from /home/airflow/.local/lib/python3.12/site-packages/airflow/example_dags/example_params_trigger_ui.py
[2025-02-27T03:02:40.179+0000] {logging_mixin.py:190} INFO - [2025-02-27T03:02:40.178+0000] {dag.py:3239} INFO - Sync 1 DAGs
[2025-02-27T03:02:40.224+0000] {logging_mixin.py:190} INFO - [2025-02-27T03:02:40.224+0000] {dag.py:4180} INFO - Setting next_dagrun for example_params_trigger_ui to None, run_after=None
[2025-02-27T03:02:40.323+0000] {processor.py:208} INFO - Processing /home/airflow/.local/lib/python3.12/site-packages/airflow/example_dags/example_params_trigger_ui.py took 0.471 seconds
[2025-02-27T03:03:12.528+0000] {processor.py:186} INFO - Started process (PID=1162) to work on /home/airflow/.local/lib/python3.12/site-packages/airflow/example_dags/example_params_trigger_ui.py
[2025-02-27T03:03:12.530+0000] {processor.py:914} INFO - Processing file /home/airflow/.local/lib/python3.12/site-packages/airflow/example_dags/example_params_trigger_ui.py for tasks to queue
[2025-02-27T03:03:12.534+0000] {logging_mixin.py:190} INFO - [2025-02-27T03:03:12.534+0000] {dagbag.py:588} INFO - Filling up the DagBag from /home/airflow/.local/lib/python3.12/site-packages/airflow/example_dags/example_params_trigger_ui.py
[2025-02-27T03:03:12.559+0000] {processor.py:925} INFO - DAG(s) 'example_params_trigger_ui' retrieved from /home/airflow/.local/lib/python3.12/site-packages/airflow/example_dags/example_params_trigger_ui.py
[2025-02-27T03:03:12.786+0000] {logging_mixin.py:190} INFO - [2025-02-27T03:03:12.785+0000] {dag.py:3239} INFO - Sync 1 DAGs
[2025-02-27T03:03:12.848+0000] {logging_mixin.py:190} INFO - [2025-02-27T03:03:12.847+0000] {dag.py:4180} INFO - Setting next_dagrun for example_params_trigger_ui to None, run_after=None
[2025-02-27T03:03:12.947+0000] {processor.py:208} INFO - Processing /home/airflow/.local/lib/python3.12/site-packages/airflow/example_dags/example_params_trigger_ui.py took 0.429 seconds
[2025-02-27T03:03:45.129+0000] {processor.py:186} INFO - Started process (PID=1226) to work on /home/airflow/.local/lib/python3.12/site-packages/airflow/example_dags/example_params_trigger_ui.py
[2025-02-27T03:03:45.130+0000] {processor.py:914} INFO - Processing file /home/airflow/.local/lib/python3.12/site-packages/airflow/example_dags/example_params_trigger_ui.py for tasks to queue
[2025-02-27T03:03:45.134+0000] {logging_mixin.py:190} INFO - [2025-02-27T03:03:45.133+0000] {dagbag.py:588} INFO - Filling up the DagBag from /home/airflow/.local/lib/python3.12/site-packages/airflow/example_dags/example_params_trigger_ui.py
[2025-02-27T03:03:45.156+0000] {processor.py:925} INFO - DAG(s) 'example_params_trigger_ui' retrieved from /home/airflow/.local/lib/python3.12/site-packages/airflow/example_dags/example_params_trigger_ui.py
[2025-02-27T03:03:45.469+0000] {logging_mixin.py:190} INFO - [2025-02-27T03:03:45.469+0000] {dag.py:3239} INFO - Sync 1 DAGs
[2025-02-27T03:03:45.520+0000] {logging_mixin.py:190} INFO - [2025-02-27T03:03:45.519+0000] {dag.py:4180} INFO - Setting next_dagrun for example_params_trigger_ui to None, run_after=None
[2025-02-27T03:03:45.585+0000] {processor.py:208} INFO - Processing /home/airflow/.local/lib/python3.12/site-packages/airflow/example_dags/example_params_trigger_ui.py took 0.466 seconds
[2025-02-27T03:04:16.415+0000] {processor.py:186} INFO - Started process (PID=1289) to work on /home/airflow/.local/lib/python3.12/site-packages/airflow/example_dags/example_params_trigger_ui.py
[2025-02-27T03:04:16.417+0000] {processor.py:914} INFO - Processing file /home/airflow/.local/lib/python3.12/site-packages/airflow/example_dags/example_params_trigger_ui.py for tasks to queue
[2025-02-27T03:04:16.422+0000] {logging_mixin.py:190} INFO - [2025-02-27T03:04:16.421+0000] {dagbag.py:588} INFO - Filling up the DagBag from /home/airflow/.local/lib/python3.12/site-packages/airflow/example_dags/example_params_trigger_ui.py
[2025-02-27T03:04:16.452+0000] {processor.py:925} INFO - DAG(s) 'example_params_trigger_ui' retrieved from /home/airflow/.local/lib/python3.12/site-packages/airflow/example_dags/example_params_trigger_ui.py
[2025-02-27T03:04:16.752+0000] {logging_mixin.py:190} INFO - [2025-02-27T03:04:16.751+0000] {dag.py:3239} INFO - Sync 1 DAGs
[2025-02-27T03:04:16.827+0000] {logging_mixin.py:190} INFO - [2025-02-27T03:04:16.827+0000] {dag.py:4180} INFO - Setting next_dagrun for example_params_trigger_ui to None, run_after=None
[2025-02-27T03:04:16.906+0000] {processor.py:208} INFO - Processing /home/airflow/.local/lib/python3.12/site-packages/airflow/example_dags/example_params_trigger_ui.py took 0.502 seconds
[2025-02-27T03:04:48.598+0000] {processor.py:186} INFO - Started process (PID=1358) to work on /home/airflow/.local/lib/python3.12/site-packages/airflow/example_dags/example_params_trigger_ui.py
[2025-02-27T03:04:48.600+0000] {processor.py:914} INFO - Processing file /home/airflow/.local/lib/python3.12/site-packages/airflow/example_dags/example_params_trigger_ui.py for tasks to queue
[2025-02-27T03:04:48.603+0000] {logging_mixin.py:190} INFO - [2025-02-27T03:04:48.603+0000] {dagbag.py:588} INFO - Filling up the DagBag from /home/airflow/.local/lib/python3.12/site-packages/airflow/example_dags/example_params_trigger_ui.py
[2025-02-27T03:04:48.624+0000] {processor.py:925} INFO - DAG(s) 'example_params_trigger_ui' retrieved from /home/airflow/.local/lib/python3.12/site-packages/airflow/example_dags/example_params_trigger_ui.py
[2025-02-27T03:04:48.865+0000] {logging_mixin.py:190} INFO - [2025-02-27T03:04:48.864+0000] {dag.py:3239} INFO - Sync 1 DAGs
[2025-02-27T03:04:48.919+0000] {logging_mixin.py:190} INFO - [2025-02-27T03:04:48.919+0000] {dag.py:4180} INFO - Setting next_dagrun for example_params_trigger_ui to None, run_after=None
[2025-02-27T03:04:49.000+0000] {processor.py:208} INFO - Processing /home/airflow/.local/lib/python3.12/site-packages/airflow/example_dags/example_params_trigger_ui.py took 0.412 seconds
[2025-02-27T03:05:20.514+0000] {processor.py:186} INFO - Started process (PID=1422) to work on /home/airflow/.local/lib/python3.12/site-packages/airflow/example_dags/example_params_trigger_ui.py
[2025-02-27T03:05:20.516+0000] {processor.py:914} INFO - Processing file /home/airflow/.local/lib/python3.12/site-packages/airflow/example_dags/example_params_trigger_ui.py for tasks to queue
[2025-02-27T03:05:20.520+0000] {logging_mixin.py:190} INFO - [2025-02-27T03:05:20.520+0000] {dagbag.py:588} INFO - Filling up the DagBag from /home/airflow/.local/lib/python3.12/site-packages/airflow/example_dags/example_params_trigger_ui.py
[2025-02-27T03:05:20.536+0000] {processor.py:925} INFO - DAG(s) 'example_params_trigger_ui' retrieved from /home/airflow/.local/lib/python3.12/site-packages/airflow/example_dags/example_params_trigger_ui.py
[2025-02-27T03:05:20.730+0000] {logging_mixin.py:190} INFO - [2025-02-27T03:05:20.730+0000] {dag.py:3239} INFO - Sync 1 DAGs
[2025-02-27T03:05:20.772+0000] {logging_mixin.py:190} INFO - [2025-02-27T03:05:20.771+0000] {dag.py:4180} INFO - Setting next_dagrun for example_params_trigger_ui to None, run_after=None
[2025-02-27T03:05:20.856+0000] {processor.py:208} INFO - Processing /home/airflow/.local/lib/python3.12/site-packages/airflow/example_dags/example_params_trigger_ui.py took 0.349 seconds
[2025-02-27T03:05:52.436+0000] {processor.py:186} INFO - Started process (PID=1486) to work on /home/airflow/.local/lib/python3.12/site-packages/airflow/example_dags/example_params_trigger_ui.py
[2025-02-27T03:05:52.437+0000] {processor.py:914} INFO - Processing file /home/airflow/.local/lib/python3.12/site-packages/airflow/example_dags/example_params_trigger_ui.py for tasks to queue
[2025-02-27T03:05:52.443+0000] {logging_mixin.py:190} INFO - [2025-02-27T03:05:52.443+0000] {dagbag.py:588} INFO - Filling up the DagBag from /home/airflow/.local/lib/python3.12/site-packages/airflow/example_dags/example_params_trigger_ui.py
[2025-02-27T03:05:52.467+0000] {processor.py:925} INFO - DAG(s) 'example_params_trigger_ui' retrieved from /home/airflow/.local/lib/python3.12/site-packages/airflow/example_dags/example_params_trigger_ui.py
[2025-02-27T03:05:52.706+0000] {logging_mixin.py:190} INFO - [2025-02-27T03:05:52.705+0000] {dag.py:3239} INFO - Sync 1 DAGs
[2025-02-27T03:05:52.757+0000] {logging_mixin.py:190} INFO - [2025-02-27T03:05:52.756+0000] {dag.py:4180} INFO - Setting next_dagrun for example_params_trigger_ui to None, run_after=None
[2025-02-27T03:05:52.829+0000] {processor.py:208} INFO - Processing /home/airflow/.local/lib/python3.12/site-packages/airflow/example_dags/example_params_trigger_ui.py took 0.406 seconds
[2025-02-27T03:06:23.577+0000] {processor.py:186} INFO - Started process (PID=1549) to work on /home/airflow/.local/lib/python3.12/site-packages/airflow/example_dags/example_params_trigger_ui.py
[2025-02-27T03:06:23.578+0000] {processor.py:914} INFO - Processing file /home/airflow/.local/lib/python3.12/site-packages/airflow/example_dags/example_params_trigger_ui.py for tasks to queue
[2025-02-27T03:06:23.582+0000] {logging_mixin.py:190} INFO - [2025-02-27T03:06:23.581+0000] {dagbag.py:588} INFO - Filling up the DagBag from /home/airflow/.local/lib/python3.12/site-packages/airflow/example_dags/example_params_trigger_ui.py
[2025-02-27T03:06:23.597+0000] {processor.py:925} INFO - DAG(s) 'example_params_trigger_ui' retrieved from /home/airflow/.local/lib/python3.12/site-packages/airflow/example_dags/example_params_trigger_ui.py
[2025-02-27T03:06:23.786+0000] {logging_mixin.py:190} INFO - [2025-02-27T03:06:23.786+0000] {dag.py:3239} INFO - Sync 1 DAGs
[2025-02-27T03:06:23.834+0000] {logging_mixin.py:190} INFO - [2025-02-27T03:06:23.833+0000] {dag.py:4180} INFO - Setting next_dagrun for example_params_trigger_ui to None, run_after=None
[2025-02-27T03:06:23.891+0000] {processor.py:208} INFO - Processing /home/airflow/.local/lib/python3.12/site-packages/airflow/example_dags/example_params_trigger_ui.py took 0.321 seconds
[2025-02-27T03:06:54.085+0000] {processor.py:186} INFO - Started process (PID=1611) to work on /home/airflow/.local/lib/python3.12/site-packages/airflow/example_dags/example_params_trigger_ui.py
[2025-02-27T03:06:54.087+0000] {processor.py:914} INFO - Processing file /home/airflow/.local/lib/python3.12/site-packages/airflow/example_dags/example_params_trigger_ui.py for tasks to queue
[2025-02-27T03:06:54.094+0000] {logging_mixin.py:190} INFO - [2025-02-27T03:06:54.093+0000] {dagbag.py:588} INFO - Filling up the DagBag from /home/airflow/.local/lib/python3.12/site-packages/airflow/example_dags/example_params_trigger_ui.py
[2025-02-27T03:06:54.130+0000] {processor.py:925} INFO - DAG(s) 'example_params_trigger_ui' retrieved from /home/airflow/.local/lib/python3.12/site-packages/airflow/example_dags/example_params_trigger_ui.py
[2025-02-27T03:06:54.334+0000] {logging_mixin.py:190} INFO - [2025-02-27T03:06:54.333+0000] {dag.py:3239} INFO - Sync 1 DAGs
[2025-02-27T03:06:54.375+0000] {logging_mixin.py:190} INFO - [2025-02-27T03:06:54.374+0000] {dag.py:4180} INFO - Setting next_dagrun for example_params_trigger_ui to None, run_after=None
[2025-02-27T03:06:54.442+0000] {processor.py:208} INFO - Processing /home/airflow/.local/lib/python3.12/site-packages/airflow/example_dags/example_params_trigger_ui.py took 0.367 seconds
[2025-02-27T03:07:24.706+0000] {processor.py:186} INFO - Started process (PID=1674) to work on /home/airflow/.local/lib/python3.12/site-packages/airflow/example_dags/example_params_trigger_ui.py
[2025-02-27T03:07:24.708+0000] {processor.py:914} INFO - Processing file /home/airflow/.local/lib/python3.12/site-packages/airflow/example_dags/example_params_trigger_ui.py for tasks to queue
[2025-02-27T03:07:24.711+0000] {logging_mixin.py:190} INFO - [2025-02-27T03:07:24.711+0000] {dagbag.py:588} INFO - Filling up the DagBag from /home/airflow/.local/lib/python3.12/site-packages/airflow/example_dags/example_params_trigger_ui.py
[2025-02-27T03:07:24.729+0000] {processor.py:925} INFO - DAG(s) 'example_params_trigger_ui' retrieved from /home/airflow/.local/lib/python3.12/site-packages/airflow/example_dags/example_params_trigger_ui.py
[2025-02-27T03:07:24.941+0000] {logging_mixin.py:190} INFO - [2025-02-27T03:07:24.940+0000] {dag.py:3239} INFO - Sync 1 DAGs
[2025-02-27T03:07:24.990+0000] {logging_mixin.py:190} INFO - [2025-02-27T03:07:24.989+0000] {dag.py:4180} INFO - Setting next_dagrun for example_params_trigger_ui to None, run_after=None
[2025-02-27T03:07:25.058+0000] {processor.py:208} INFO - Processing /home/airflow/.local/lib/python3.12/site-packages/airflow/example_dags/example_params_trigger_ui.py took 0.360 seconds
[2025-02-27T03:07:55.230+0000] {processor.py:186} INFO - Started process (PID=1736) to work on /home/airflow/.local/lib/python3.12/site-packages/airflow/example_dags/example_params_trigger_ui.py
[2025-02-27T03:07:55.232+0000] {processor.py:914} INFO - Processing file /home/airflow/.local/lib/python3.12/site-packages/airflow/example_dags/example_params_trigger_ui.py for tasks to queue
[2025-02-27T03:07:55.238+0000] {logging_mixin.py:190} INFO - [2025-02-27T03:07:55.237+0000] {dagbag.py:588} INFO - Filling up the DagBag from /home/airflow/.local/lib/python3.12/site-packages/airflow/example_dags/example_params_trigger_ui.py
[2025-02-27T03:07:55.273+0000] {processor.py:925} INFO - DAG(s) 'example_params_trigger_ui' retrieved from /home/airflow/.local/lib/python3.12/site-packages/airflow/example_dags/example_params_trigger_ui.py
[2025-02-27T03:07:55.505+0000] {logging_mixin.py:190} INFO - [2025-02-27T03:07:55.504+0000] {dag.py:3239} INFO - Sync 1 DAGs
[2025-02-27T03:07:55.554+0000] {logging_mixin.py:190} INFO - [2025-02-27T03:07:55.554+0000] {dag.py:4180} INFO - Setting next_dagrun for example_params_trigger_ui to None, run_after=None
[2025-02-27T03:07:55.622+0000] {processor.py:208} INFO - Processing /home/airflow/.local/lib/python3.12/site-packages/airflow/example_dags/example_params_trigger_ui.py took 0.400 seconds
[2025-02-27T03:08:25.709+0000] {processor.py:186} INFO - Started process (PID=1799) to work on /home/airflow/.local/lib/python3.12/site-packages/airflow/example_dags/example_params_trigger_ui.py
[2025-02-27T03:08:25.711+0000] {processor.py:914} INFO - Processing file /home/airflow/.local/lib/python3.12/site-packages/airflow/example_dags/example_params_trigger_ui.py for tasks to queue
[2025-02-27T03:08:25.715+0000] {logging_mixin.py:190} INFO - [2025-02-27T03:08:25.714+0000] {dagbag.py:588} INFO - Filling up the DagBag from /home/airflow/.local/lib/python3.12/site-packages/airflow/example_dags/example_params_trigger_ui.py
[2025-02-27T03:08:25.733+0000] {processor.py:925} INFO - DAG(s) 'example_params_trigger_ui' retrieved from /home/airflow/.local/lib/python3.12/site-packages/airflow/example_dags/example_params_trigger_ui.py
[2025-02-27T03:08:25.918+0000] {logging_mixin.py:190} INFO - [2025-02-27T03:08:25.917+0000] {dag.py:3239} INFO - Sync 1 DAGs
[2025-02-27T03:08:25.976+0000] {logging_mixin.py:190} INFO - [2025-02-27T03:08:25.975+0000] {dag.py:4180} INFO - Setting next_dagrun for example_params_trigger_ui to None, run_after=None
[2025-02-27T03:08:26.053+0000] {processor.py:208} INFO - Processing /home/airflow/.local/lib/python3.12/site-packages/airflow/example_dags/example_params_trigger_ui.py took 0.352 seconds
[2025-02-27T03:08:56.667+0000] {processor.py:186} INFO - Started process (PID=1862) to work on /home/airflow/.local/lib/python3.12/site-packages/airflow/example_dags/example_params_trigger_ui.py
[2025-02-27T03:08:56.670+0000] {processor.py:914} INFO - Processing file /home/airflow/.local/lib/python3.12/site-packages/airflow/example_dags/example_params_trigger_ui.py for tasks to queue
[2025-02-27T03:08:56.678+0000] {logging_mixin.py:190} INFO - [2025-02-27T03:08:56.677+0000] {dagbag.py:588} INFO - Filling up the DagBag from /home/airflow/.local/lib/python3.12/site-packages/airflow/example_dags/example_params_trigger_ui.py
[2025-02-27T03:08:56.713+0000] {processor.py:925} INFO - DAG(s) 'example_params_trigger_ui' retrieved from /home/airflow/.local/lib/python3.12/site-packages/airflow/example_dags/example_params_trigger_ui.py
[2025-02-27T03:08:57.099+0000] {logging_mixin.py:190} INFO - [2025-02-27T03:08:57.097+0000] {dag.py:3239} INFO - Sync 1 DAGs
[2025-02-27T03:08:57.167+0000] {logging_mixin.py:190} INFO - [2025-02-27T03:08:57.167+0000] {dag.py:4180} INFO - Setting next_dagrun for example_params_trigger_ui to None, run_after=None
[2025-02-27T03:08:57.254+0000] {processor.py:208} INFO - Processing /home/airflow/.local/lib/python3.12/site-packages/airflow/example_dags/example_params_trigger_ui.py took 0.602 seconds
[2025-02-27T03:09:27.477+0000] {processor.py:186} INFO - Started process (PID=1925) to work on /home/airflow/.local/lib/python3.12/site-packages/airflow/example_dags/example_params_trigger_ui.py
[2025-02-27T03:09:27.479+0000] {processor.py:914} INFO - Processing file /home/airflow/.local/lib/python3.12/site-packages/airflow/example_dags/example_params_trigger_ui.py for tasks to queue
[2025-02-27T03:09:27.482+0000] {logging_mixin.py:190} INFO - [2025-02-27T03:09:27.482+0000] {dagbag.py:588} INFO - Filling up the DagBag from /home/airflow/.local/lib/python3.12/site-packages/airflow/example_dags/example_params_trigger_ui.py
[2025-02-27T03:09:27.507+0000] {processor.py:925} INFO - DAG(s) 'example_params_trigger_ui' retrieved from /home/airflow/.local/lib/python3.12/site-packages/airflow/example_dags/example_params_trigger_ui.py
[2025-02-27T03:09:27.719+0000] {logging_mixin.py:190} INFO - [2025-02-27T03:09:27.718+0000] {dag.py:3239} INFO - Sync 1 DAGs
[2025-02-27T03:09:27.759+0000] {logging_mixin.py:190} INFO - [2025-02-27T03:09:27.759+0000] {dag.py:4180} INFO - Setting next_dagrun for example_params_trigger_ui to None, run_after=None
[2025-02-27T03:09:27.824+0000] {processor.py:208} INFO - Processing /home/airflow/.local/lib/python3.12/site-packages/airflow/example_dags/example_params_trigger_ui.py took 0.355 seconds
[2025-02-27T03:09:58.536+0000] {processor.py:186} INFO - Started process (PID=1988) to work on /home/airflow/.local/lib/python3.12/site-packages/airflow/example_dags/example_params_trigger_ui.py
[2025-02-27T03:09:58.537+0000] {processor.py:914} INFO - Processing file /home/airflow/.local/lib/python3.12/site-packages/airflow/example_dags/example_params_trigger_ui.py for tasks to queue
[2025-02-27T03:09:58.540+0000] {logging_mixin.py:190} INFO - [2025-02-27T03:09:58.540+0000] {dagbag.py:588} INFO - Filling up the DagBag from /home/airflow/.local/lib/python3.12/site-packages/airflow/example_dags/example_params_trigger_ui.py
[2025-02-27T03:09:58.560+0000] {processor.py:925} INFO - DAG(s) 'example_params_trigger_ui' retrieved from /home/airflow/.local/lib/python3.12/site-packages/airflow/example_dags/example_params_trigger_ui.py
[2025-02-27T03:09:58.779+0000] {logging_mixin.py:190} INFO - [2025-02-27T03:09:58.778+0000] {dag.py:3239} INFO - Sync 1 DAGs
[2025-02-27T03:09:58.824+0000] {logging_mixin.py:190} INFO - [2025-02-27T03:09:58.823+0000] {dag.py:4180} INFO - Setting next_dagrun for example_params_trigger_ui to None, run_after=None
[2025-02-27T03:09:58.885+0000] {processor.py:208} INFO - Processing /home/airflow/.local/lib/python3.12/site-packages/airflow/example_dags/example_params_trigger_ui.py took 0.359 seconds
[2025-02-27T03:10:29.196+0000] {processor.py:186} INFO - Started process (PID=2051) to work on /home/airflow/.local/lib/python3.12/site-packages/airflow/example_dags/example_params_trigger_ui.py
[2025-02-27T03:10:29.197+0000] {processor.py:914} INFO - Processing file /home/airflow/.local/lib/python3.12/site-packages/airflow/example_dags/example_params_trigger_ui.py for tasks to queue
[2025-02-27T03:10:29.202+0000] {logging_mixin.py:190} INFO - [2025-02-27T03:10:29.201+0000] {dagbag.py:588} INFO - Filling up the DagBag from /home/airflow/.local/lib/python3.12/site-packages/airflow/example_dags/example_params_trigger_ui.py
[2025-02-27T03:10:29.224+0000] {processor.py:925} INFO - DAG(s) 'example_params_trigger_ui' retrieved from /home/airflow/.local/lib/python3.12/site-packages/airflow/example_dags/example_params_trigger_ui.py
[2025-02-27T03:10:29.434+0000] {logging_mixin.py:190} INFO - [2025-02-27T03:10:29.434+0000] {dag.py:3239} INFO - Sync 1 DAGs
[2025-02-27T03:10:29.469+0000] {logging_mixin.py:190} INFO - [2025-02-27T03:10:29.469+0000] {dag.py:4180} INFO - Setting next_dagrun for example_params_trigger_ui to None, run_after=None
[2025-02-27T03:10:29.527+0000] {processor.py:208} INFO - Processing /home/airflow/.local/lib/python3.12/site-packages/airflow/example_dags/example_params_trigger_ui.py took 0.341 seconds
[2025-02-27T03:10:59.694+0000] {processor.py:186} INFO - Started process (PID=2114) to work on /home/airflow/.local/lib/python3.12/site-packages/airflow/example_dags/example_params_trigger_ui.py
[2025-02-27T03:10:59.696+0000] {processor.py:914} INFO - Processing file /home/airflow/.local/lib/python3.12/site-packages/airflow/example_dags/example_params_trigger_ui.py for tasks to queue
[2025-02-27T03:10:59.701+0000] {logging_mixin.py:190} INFO - [2025-02-27T03:10:59.700+0000] {dagbag.py:588} INFO - Filling up the DagBag from /home/airflow/.local/lib/python3.12/site-packages/airflow/example_dags/example_params_trigger_ui.py
[2025-02-27T03:10:59.726+0000] {processor.py:925} INFO - DAG(s) 'example_params_trigger_ui' retrieved from /home/airflow/.local/lib/python3.12/site-packages/airflow/example_dags/example_params_trigger_ui.py
[2025-02-27T03:11:00.017+0000] {logging_mixin.py:190} INFO - [2025-02-27T03:11:00.016+0000] {dag.py:3239} INFO - Sync 1 DAGs
[2025-02-27T03:11:00.056+0000] {logging_mixin.py:190} INFO - [2025-02-27T03:11:00.056+0000] {dag.py:4180} INFO - Setting next_dagrun for example_params_trigger_ui to None, run_after=None
[2025-02-27T03:11:00.121+0000] {processor.py:208} INFO - Processing /home/airflow/.local/lib/python3.12/site-packages/airflow/example_dags/example_params_trigger_ui.py took 0.438 seconds
[2025-02-27T03:11:30.597+0000] {processor.py:186} INFO - Started process (PID=2177) to work on /home/airflow/.local/lib/python3.12/site-packages/airflow/example_dags/example_params_trigger_ui.py
[2025-02-27T03:11:30.599+0000] {processor.py:914} INFO - Processing file /home/airflow/.local/lib/python3.12/site-packages/airflow/example_dags/example_params_trigger_ui.py for tasks to queue
[2025-02-27T03:11:30.602+0000] {logging_mixin.py:190} INFO - [2025-02-27T03:11:30.602+0000] {dagbag.py:588} INFO - Filling up the DagBag from /home/airflow/.local/lib/python3.12/site-packages/airflow/example_dags/example_params_trigger_ui.py
[2025-02-27T03:11:30.620+0000] {processor.py:925} INFO - DAG(s) 'example_params_trigger_ui' retrieved from /home/airflow/.local/lib/python3.12/site-packages/airflow/example_dags/example_params_trigger_ui.py
[2025-02-27T03:11:30.817+0000] {logging_mixin.py:190} INFO - [2025-02-27T03:11:30.817+0000] {dag.py:3239} INFO - Sync 1 DAGs
[2025-02-27T03:11:30.851+0000] {logging_mixin.py:190} INFO - [2025-02-27T03:11:30.850+0000] {dag.py:4180} INFO - Setting next_dagrun for example_params_trigger_ui to None, run_after=None
[2025-02-27T03:11:30.909+0000] {processor.py:208} INFO - Processing /home/airflow/.local/lib/python3.12/site-packages/airflow/example_dags/example_params_trigger_ui.py took 0.323 seconds
[2025-02-27T03:12:03.296+0000] {processor.py:186} INFO - Started process (PID=2240) to work on /home/airflow/.local/lib/python3.12/site-packages/airflow/example_dags/example_params_trigger_ui.py
[2025-02-27T03:12:03.299+0000] {processor.py:914} INFO - Processing file /home/airflow/.local/lib/python3.12/site-packages/airflow/example_dags/example_params_trigger_ui.py for tasks to queue
[2025-02-27T03:12:03.303+0000] {logging_mixin.py:190} INFO - [2025-02-27T03:12:03.302+0000] {dagbag.py:588} INFO - Filling up the DagBag from /home/airflow/.local/lib/python3.12/site-packages/airflow/example_dags/example_params_trigger_ui.py
[2025-02-27T03:12:03.329+0000] {processor.py:925} INFO - DAG(s) 'example_params_trigger_ui' retrieved from /home/airflow/.local/lib/python3.12/site-packages/airflow/example_dags/example_params_trigger_ui.py
[2025-02-27T03:12:03.779+0000] {logging_mixin.py:190} INFO - [2025-02-27T03:12:03.778+0000] {dag.py:3239} INFO - Sync 1 DAGs
[2025-02-27T03:12:03.908+0000] {logging_mixin.py:190} INFO - [2025-02-27T03:12:03.908+0000] {dag.py:4180} INFO - Setting next_dagrun for example_params_trigger_ui to None, run_after=None
[2025-02-27T03:12:04.110+0000] {processor.py:208} INFO - Processing /home/airflow/.local/lib/python3.12/site-packages/airflow/example_dags/example_params_trigger_ui.py took 0.825 seconds
[2025-02-27T03:12:34.877+0000] {processor.py:186} INFO - Started process (PID=2302) to work on /home/airflow/.local/lib/python3.12/site-packages/airflow/example_dags/example_params_trigger_ui.py
[2025-02-27T03:12:34.878+0000] {processor.py:914} INFO - Processing file /home/airflow/.local/lib/python3.12/site-packages/airflow/example_dags/example_params_trigger_ui.py for tasks to queue
[2025-02-27T03:12:34.882+0000] {logging_mixin.py:190} INFO - [2025-02-27T03:12:34.881+0000] {dagbag.py:588} INFO - Filling up the DagBag from /home/airflow/.local/lib/python3.12/site-packages/airflow/example_dags/example_params_trigger_ui.py
[2025-02-27T03:12:34.900+0000] {processor.py:925} INFO - DAG(s) 'example_params_trigger_ui' retrieved from /home/airflow/.local/lib/python3.12/site-packages/airflow/example_dags/example_params_trigger_ui.py
[2025-02-27T03:12:35.036+0000] {logging_mixin.py:190} INFO - [2025-02-27T03:12:35.036+0000] {dag.py:3239} INFO - Sync 1 DAGs
[2025-02-27T03:12:35.072+0000] {logging_mixin.py:190} INFO - [2025-02-27T03:12:35.072+0000] {dag.py:4180} INFO - Setting next_dagrun for example_params_trigger_ui to None, run_after=None
[2025-02-27T03:12:35.128+0000] {processor.py:208} INFO - Processing /home/airflow/.local/lib/python3.12/site-packages/airflow/example_dags/example_params_trigger_ui.py took 0.258 seconds
[2025-02-27T03:13:05.613+0000] {processor.py:186} INFO - Started process (PID=2365) to work on /home/airflow/.local/lib/python3.12/site-packages/airflow/example_dags/example_params_trigger_ui.py
[2025-02-27T03:13:05.615+0000] {processor.py:914} INFO - Processing file /home/airflow/.local/lib/python3.12/site-packages/airflow/example_dags/example_params_trigger_ui.py for tasks to queue
[2025-02-27T03:13:05.619+0000] {logging_mixin.py:190} INFO - [2025-02-27T03:13:05.618+0000] {dagbag.py:588} INFO - Filling up the DagBag from /home/airflow/.local/lib/python3.12/site-packages/airflow/example_dags/example_params_trigger_ui.py
[2025-02-27T03:13:05.637+0000] {processor.py:925} INFO - DAG(s) 'example_params_trigger_ui' retrieved from /home/airflow/.local/lib/python3.12/site-packages/airflow/example_dags/example_params_trigger_ui.py
[2025-02-27T03:13:05.846+0000] {logging_mixin.py:190} INFO - [2025-02-27T03:13:05.845+0000] {dag.py:3239} INFO - Sync 1 DAGs
[2025-02-27T03:13:05.885+0000] {logging_mixin.py:190} INFO - [2025-02-27T03:13:05.885+0000] {dag.py:4180} INFO - Setting next_dagrun for example_params_trigger_ui to None, run_after=None
[2025-02-27T03:13:05.971+0000] {processor.py:208} INFO - Processing /home/airflow/.local/lib/python3.12/site-packages/airflow/example_dags/example_params_trigger_ui.py took 0.365 seconds
[2025-02-27T03:13:36.160+0000] {processor.py:186} INFO - Started process (PID=2428) to work on /home/airflow/.local/lib/python3.12/site-packages/airflow/example_dags/example_params_trigger_ui.py
[2025-02-27T03:13:36.161+0000] {processor.py:914} INFO - Processing file /home/airflow/.local/lib/python3.12/site-packages/airflow/example_dags/example_params_trigger_ui.py for tasks to queue
[2025-02-27T03:13:36.166+0000] {logging_mixin.py:190} INFO - [2025-02-27T03:13:36.165+0000] {dagbag.py:588} INFO - Filling up the DagBag from /home/airflow/.local/lib/python3.12/site-packages/airflow/example_dags/example_params_trigger_ui.py
[2025-02-27T03:13:36.191+0000] {processor.py:925} INFO - DAG(s) 'example_params_trigger_ui' retrieved from /home/airflow/.local/lib/python3.12/site-packages/airflow/example_dags/example_params_trigger_ui.py
[2025-02-27T03:13:36.446+0000] {logging_mixin.py:190} INFO - [2025-02-27T03:13:36.445+0000] {dag.py:3239} INFO - Sync 1 DAGs
[2025-02-27T03:13:36.496+0000] {logging_mixin.py:190} INFO - [2025-02-27T03:13:36.495+0000] {dag.py:4180} INFO - Setting next_dagrun for example_params_trigger_ui to None, run_after=None
[2025-02-27T03:13:36.579+0000] {processor.py:208} INFO - Processing /home/airflow/.local/lib/python3.12/site-packages/airflow/example_dags/example_params_trigger_ui.py took 0.427 seconds
[2025-02-27T03:14:06.698+0000] {processor.py:186} INFO - Started process (PID=2491) to work on /home/airflow/.local/lib/python3.12/site-packages/airflow/example_dags/example_params_trigger_ui.py
[2025-02-27T03:14:06.700+0000] {processor.py:914} INFO - Processing file /home/airflow/.local/lib/python3.12/site-packages/airflow/example_dags/example_params_trigger_ui.py for tasks to queue
[2025-02-27T03:14:06.704+0000] {logging_mixin.py:190} INFO - [2025-02-27T03:14:06.704+0000] {dagbag.py:588} INFO - Filling up the DagBag from /home/airflow/.local/lib/python3.12/site-packages/airflow/example_dags/example_params_trigger_ui.py
[2025-02-27T03:14:06.727+0000] {processor.py:925} INFO - DAG(s) 'example_params_trigger_ui' retrieved from /home/airflow/.local/lib/python3.12/site-packages/airflow/example_dags/example_params_trigger_ui.py
[2025-02-27T03:14:07.047+0000] {logging_mixin.py:190} INFO - [2025-02-27T03:14:07.046+0000] {dag.py:3239} INFO - Sync 1 DAGs
[2025-02-27T03:14:07.134+0000] {logging_mixin.py:190} INFO - [2025-02-27T03:14:07.133+0000] {dag.py:4180} INFO - Setting next_dagrun for example_params_trigger_ui to None, run_after=None
[2025-02-27T03:14:07.263+0000] {processor.py:208} INFO - Processing /home/airflow/.local/lib/python3.12/site-packages/airflow/example_dags/example_params_trigger_ui.py took 0.575 seconds
[2025-02-27T03:14:37.940+0000] {processor.py:186} INFO - Started process (PID=2553) to work on /home/airflow/.local/lib/python3.12/site-packages/airflow/example_dags/example_params_trigger_ui.py
[2025-02-27T03:14:37.942+0000] {processor.py:914} INFO - Processing file /home/airflow/.local/lib/python3.12/site-packages/airflow/example_dags/example_params_trigger_ui.py for tasks to queue
[2025-02-27T03:14:37.946+0000] {logging_mixin.py:190} INFO - [2025-02-27T03:14:37.945+0000] {dagbag.py:588} INFO - Filling up the DagBag from /home/airflow/.local/lib/python3.12/site-packages/airflow/example_dags/example_params_trigger_ui.py
[2025-02-27T03:14:37.967+0000] {processor.py:925} INFO - DAG(s) 'example_params_trigger_ui' retrieved from /home/airflow/.local/lib/python3.12/site-packages/airflow/example_dags/example_params_trigger_ui.py
[2025-02-27T03:14:38.150+0000] {logging_mixin.py:190} INFO - [2025-02-27T03:14:38.150+0000] {dag.py:3239} INFO - Sync 1 DAGs
[2025-02-27T03:14:38.191+0000] {logging_mixin.py:190} INFO - [2025-02-27T03:14:38.191+0000] {dag.py:4180} INFO - Setting next_dagrun for example_params_trigger_ui to None, run_after=None
[2025-02-27T03:14:38.257+0000] {processor.py:208} INFO - Processing /home/airflow/.local/lib/python3.12/site-packages/airflow/example_dags/example_params_trigger_ui.py took 0.325 seconds
[2025-02-27T03:15:08.911+0000] {processor.py:186} INFO - Started process (PID=2616) to work on /home/airflow/.local/lib/python3.12/site-packages/airflow/example_dags/example_params_trigger_ui.py
[2025-02-27T03:15:08.912+0000] {processor.py:914} INFO - Processing file /home/airflow/.local/lib/python3.12/site-packages/airflow/example_dags/example_params_trigger_ui.py for tasks to queue
[2025-02-27T03:15:08.917+0000] {logging_mixin.py:190} INFO - [2025-02-27T03:15:08.916+0000] {dagbag.py:588} INFO - Filling up the DagBag from /home/airflow/.local/lib/python3.12/site-packages/airflow/example_dags/example_params_trigger_ui.py
[2025-02-27T03:15:08.935+0000] {processor.py:925} INFO - DAG(s) 'example_params_trigger_ui' retrieved from /home/airflow/.local/lib/python3.12/site-packages/airflow/example_dags/example_params_trigger_ui.py
[2025-02-27T03:15:09.131+0000] {logging_mixin.py:190} INFO - [2025-02-27T03:15:09.130+0000] {dag.py:3239} INFO - Sync 1 DAGs
[2025-02-27T03:15:09.175+0000] {logging_mixin.py:190} INFO - [2025-02-27T03:15:09.174+0000] {dag.py:4180} INFO - Setting next_dagrun for example_params_trigger_ui to None, run_after=None
[2025-02-27T03:15:09.237+0000] {processor.py:208} INFO - Processing /home/airflow/.local/lib/python3.12/site-packages/airflow/example_dags/example_params_trigger_ui.py took 0.336 seconds
[2025-02-27T03:15:40.167+0000] {processor.py:186} INFO - Started process (PID=2679) to work on /home/airflow/.local/lib/python3.12/site-packages/airflow/example_dags/example_params_trigger_ui.py
[2025-02-27T03:15:40.169+0000] {processor.py:914} INFO - Processing file /home/airflow/.local/lib/python3.12/site-packages/airflow/example_dags/example_params_trigger_ui.py for tasks to queue
[2025-02-27T03:15:40.173+0000] {logging_mixin.py:190} INFO - [2025-02-27T03:15:40.172+0000] {dagbag.py:588} INFO - Filling up the DagBag from /home/airflow/.local/lib/python3.12/site-packages/airflow/example_dags/example_params_trigger_ui.py
[2025-02-27T03:15:40.193+0000] {processor.py:925} INFO - DAG(s) 'example_params_trigger_ui' retrieved from /home/airflow/.local/lib/python3.12/site-packages/airflow/example_dags/example_params_trigger_ui.py
[2025-02-27T03:15:40.378+0000] {logging_mixin.py:190} INFO - [2025-02-27T03:15:40.377+0000] {dag.py:3239} INFO - Sync 1 DAGs
[2025-02-27T03:15:40.414+0000] {logging_mixin.py:190} INFO - [2025-02-27T03:15:40.414+0000] {dag.py:4180} INFO - Setting next_dagrun for example_params_trigger_ui to None, run_after=None
[2025-02-27T03:15:40.477+0000] {processor.py:208} INFO - Processing /home/airflow/.local/lib/python3.12/site-packages/airflow/example_dags/example_params_trigger_ui.py took 0.320 seconds
[2025-02-27T03:16:10.835+0000] {processor.py:186} INFO - Started process (PID=2742) to work on /home/airflow/.local/lib/python3.12/site-packages/airflow/example_dags/example_params_trigger_ui.py
[2025-02-27T03:16:10.836+0000] {processor.py:914} INFO - Processing file /home/airflow/.local/lib/python3.12/site-packages/airflow/example_dags/example_params_trigger_ui.py for tasks to queue
[2025-02-27T03:16:10.840+0000] {logging_mixin.py:190} INFO - [2025-02-27T03:16:10.839+0000] {dagbag.py:588} INFO - Filling up the DagBag from /home/airflow/.local/lib/python3.12/site-packages/airflow/example_dags/example_params_trigger_ui.py
[2025-02-27T03:16:10.857+0000] {processor.py:925} INFO - DAG(s) 'example_params_trigger_ui' retrieved from /home/airflow/.local/lib/python3.12/site-packages/airflow/example_dags/example_params_trigger_ui.py
[2025-02-27T03:16:11.034+0000] {logging_mixin.py:190} INFO - [2025-02-27T03:16:11.033+0000] {dag.py:3239} INFO - Sync 1 DAGs
[2025-02-27T03:16:11.070+0000] {logging_mixin.py:190} INFO - [2025-02-27T03:16:11.069+0000] {dag.py:4180} INFO - Setting next_dagrun for example_params_trigger_ui to None, run_after=None
[2025-02-27T03:16:11.132+0000] {processor.py:208} INFO - Processing /home/airflow/.local/lib/python3.12/site-packages/airflow/example_dags/example_params_trigger_ui.py took 0.304 seconds
[2025-02-27T03:16:41.781+0000] {processor.py:186} INFO - Started process (PID=2805) to work on /home/airflow/.local/lib/python3.12/site-packages/airflow/example_dags/example_params_trigger_ui.py
[2025-02-27T03:16:41.784+0000] {processor.py:914} INFO - Processing file /home/airflow/.local/lib/python3.12/site-packages/airflow/example_dags/example_params_trigger_ui.py for tasks to queue
[2025-02-27T03:16:41.792+0000] {logging_mixin.py:190} INFO - [2025-02-27T03:16:41.791+0000] {dagbag.py:588} INFO - Filling up the DagBag from /home/airflow/.local/lib/python3.12/site-packages/airflow/example_dags/example_params_trigger_ui.py
[2025-02-27T03:16:41.823+0000] {processor.py:925} INFO - DAG(s) 'example_params_trigger_ui' retrieved from /home/airflow/.local/lib/python3.12/site-packages/airflow/example_dags/example_params_trigger_ui.py
[2025-02-27T03:16:42.115+0000] {logging_mixin.py:190} INFO - [2025-02-27T03:16:42.114+0000] {dag.py:3239} INFO - Sync 1 DAGs
[2025-02-27T03:16:42.177+0000] {logging_mixin.py:190} INFO - [2025-02-27T03:16:42.177+0000] {dag.py:4180} INFO - Setting next_dagrun for example_params_trigger_ui to None, run_after=None
[2025-02-27T03:16:42.248+0000] {processor.py:208} INFO - Processing /home/airflow/.local/lib/python3.12/site-packages/airflow/example_dags/example_params_trigger_ui.py took 0.479 seconds
[2025-02-27T03:17:13.048+0000] {processor.py:186} INFO - Started process (PID=2868) to work on /home/airflow/.local/lib/python3.12/site-packages/airflow/example_dags/example_params_trigger_ui.py
[2025-02-27T03:17:13.050+0000] {processor.py:914} INFO - Processing file /home/airflow/.local/lib/python3.12/site-packages/airflow/example_dags/example_params_trigger_ui.py for tasks to queue
[2025-02-27T03:17:13.052+0000] {logging_mixin.py:190} INFO - [2025-02-27T03:17:13.052+0000] {dagbag.py:588} INFO - Filling up the DagBag from /home/airflow/.local/lib/python3.12/site-packages/airflow/example_dags/example_params_trigger_ui.py
[2025-02-27T03:17:13.067+0000] {processor.py:925} INFO - DAG(s) 'example_params_trigger_ui' retrieved from /home/airflow/.local/lib/python3.12/site-packages/airflow/example_dags/example_params_trigger_ui.py
[2025-02-27T03:17:13.237+0000] {logging_mixin.py:190} INFO - [2025-02-27T03:17:13.237+0000] {dag.py:3239} INFO - Sync 1 DAGs
[2025-02-27T03:17:13.281+0000] {logging_mixin.py:190} INFO - [2025-02-27T03:17:13.281+0000] {dag.py:4180} INFO - Setting next_dagrun for example_params_trigger_ui to None, run_after=None
[2025-02-27T03:17:13.368+0000] {processor.py:208} INFO - Processing /home/airflow/.local/lib/python3.12/site-packages/airflow/example_dags/example_params_trigger_ui.py took 0.328 seconds
[2025-02-27T03:17:43.494+0000] {processor.py:186} INFO - Started process (PID=2931) to work on /home/airflow/.local/lib/python3.12/site-packages/airflow/example_dags/example_params_trigger_ui.py
[2025-02-27T03:17:43.495+0000] {processor.py:914} INFO - Processing file /home/airflow/.local/lib/python3.12/site-packages/airflow/example_dags/example_params_trigger_ui.py for tasks to queue
[2025-02-27T03:17:43.499+0000] {logging_mixin.py:190} INFO - [2025-02-27T03:17:43.499+0000] {dagbag.py:588} INFO - Filling up the DagBag from /home/airflow/.local/lib/python3.12/site-packages/airflow/example_dags/example_params_trigger_ui.py
[2025-02-27T03:17:43.514+0000] {processor.py:925} INFO - DAG(s) 'example_params_trigger_ui' retrieved from /home/airflow/.local/lib/python3.12/site-packages/airflow/example_dags/example_params_trigger_ui.py
[2025-02-27T03:17:43.710+0000] {logging_mixin.py:190} INFO - [2025-02-27T03:17:43.710+0000] {dag.py:3239} INFO - Sync 1 DAGs
[2025-02-27T03:17:43.742+0000] {logging_mixin.py:190} INFO - [2025-02-27T03:17:43.742+0000] {dag.py:4180} INFO - Setting next_dagrun for example_params_trigger_ui to None, run_after=None
[2025-02-27T03:17:43.802+0000] {processor.py:208} INFO - Processing /home/airflow/.local/lib/python3.12/site-packages/airflow/example_dags/example_params_trigger_ui.py took 0.315 seconds
[2025-02-27T03:18:14.080+0000] {processor.py:186} INFO - Started process (PID=2994) to work on /home/airflow/.local/lib/python3.12/site-packages/airflow/example_dags/example_params_trigger_ui.py
[2025-02-27T03:18:14.082+0000] {processor.py:914} INFO - Processing file /home/airflow/.local/lib/python3.12/site-packages/airflow/example_dags/example_params_trigger_ui.py for tasks to queue
[2025-02-27T03:18:14.086+0000] {logging_mixin.py:190} INFO - [2025-02-27T03:18:14.085+0000] {dagbag.py:588} INFO - Filling up the DagBag from /home/airflow/.local/lib/python3.12/site-packages/airflow/example_dags/example_params_trigger_ui.py
[2025-02-27T03:18:14.104+0000] {processor.py:925} INFO - DAG(s) 'example_params_trigger_ui' retrieved from /home/airflow/.local/lib/python3.12/site-packages/airflow/example_dags/example_params_trigger_ui.py
[2025-02-27T03:18:14.327+0000] {logging_mixin.py:190} INFO - [2025-02-27T03:18:14.326+0000] {dag.py:3239} INFO - Sync 1 DAGs
[2025-02-27T03:18:14.380+0000] {logging_mixin.py:190} INFO - [2025-02-27T03:18:14.380+0000] {dag.py:4180} INFO - Setting next_dagrun for example_params_trigger_ui to None, run_after=None
[2025-02-27T03:18:14.468+0000] {processor.py:208} INFO - Processing /home/airflow/.local/lib/python3.12/site-packages/airflow/example_dags/example_params_trigger_ui.py took 0.397 seconds
[2025-02-27T03:18:45.197+0000] {processor.py:186} INFO - Started process (PID=3057) to work on /home/airflow/.local/lib/python3.12/site-packages/airflow/example_dags/example_params_trigger_ui.py
[2025-02-27T03:18:45.199+0000] {processor.py:914} INFO - Processing file /home/airflow/.local/lib/python3.12/site-packages/airflow/example_dags/example_params_trigger_ui.py for tasks to queue
[2025-02-27T03:18:45.206+0000] {logging_mixin.py:190} INFO - [2025-02-27T03:18:45.205+0000] {dagbag.py:588} INFO - Filling up the DagBag from /home/airflow/.local/lib/python3.12/site-packages/airflow/example_dags/example_params_trigger_ui.py
[2025-02-27T03:18:45.229+0000] {processor.py:925} INFO - DAG(s) 'example_params_trigger_ui' retrieved from /home/airflow/.local/lib/python3.12/site-packages/airflow/example_dags/example_params_trigger_ui.py
[2025-02-27T03:18:45.430+0000] {logging_mixin.py:190} INFO - [2025-02-27T03:18:45.429+0000] {dag.py:3239} INFO - Sync 1 DAGs
[2025-02-27T03:18:45.462+0000] {logging_mixin.py:190} INFO - [2025-02-27T03:18:45.462+0000] {dag.py:4180} INFO - Setting next_dagrun for example_params_trigger_ui to None, run_after=None
[2025-02-27T03:18:45.524+0000] {processor.py:208} INFO - Processing /home/airflow/.local/lib/python3.12/site-packages/airflow/example_dags/example_params_trigger_ui.py took 0.340 seconds
[2025-02-27T03:19:15.937+0000] {processor.py:186} INFO - Started process (PID=3120) to work on /home/airflow/.local/lib/python3.12/site-packages/airflow/example_dags/example_params_trigger_ui.py
[2025-02-27T03:19:15.938+0000] {processor.py:914} INFO - Processing file /home/airflow/.local/lib/python3.12/site-packages/airflow/example_dags/example_params_trigger_ui.py for tasks to queue
[2025-02-27T03:19:15.943+0000] {logging_mixin.py:190} INFO - [2025-02-27T03:19:15.942+0000] {dagbag.py:588} INFO - Filling up the DagBag from /home/airflow/.local/lib/python3.12/site-packages/airflow/example_dags/example_params_trigger_ui.py
[2025-02-27T03:19:15.966+0000] {processor.py:925} INFO - DAG(s) 'example_params_trigger_ui' retrieved from /home/airflow/.local/lib/python3.12/site-packages/airflow/example_dags/example_params_trigger_ui.py
[2025-02-27T03:19:16.186+0000] {logging_mixin.py:190} INFO - [2025-02-27T03:19:16.186+0000] {dag.py:3239} INFO - Sync 1 DAGs
[2025-02-27T03:19:16.236+0000] {logging_mixin.py:190} INFO - [2025-02-27T03:19:16.235+0000] {dag.py:4180} INFO - Setting next_dagrun for example_params_trigger_ui to None, run_after=None
[2025-02-27T03:19:16.304+0000] {processor.py:208} INFO - Processing /home/airflow/.local/lib/python3.12/site-packages/airflow/example_dags/example_params_trigger_ui.py took 0.376 seconds
[2025-02-27T03:19:47.011+0000] {processor.py:186} INFO - Started process (PID=3184) to work on /home/airflow/.local/lib/python3.12/site-packages/airflow/example_dags/example_params_trigger_ui.py
[2025-02-27T03:19:47.013+0000] {processor.py:914} INFO - Processing file /home/airflow/.local/lib/python3.12/site-packages/airflow/example_dags/example_params_trigger_ui.py for tasks to queue
[2025-02-27T03:19:47.017+0000] {logging_mixin.py:190} INFO - [2025-02-27T03:19:47.017+0000] {dagbag.py:588} INFO - Filling up the DagBag from /home/airflow/.local/lib/python3.12/site-packages/airflow/example_dags/example_params_trigger_ui.py
[2025-02-27T03:19:47.040+0000] {processor.py:925} INFO - DAG(s) 'example_params_trigger_ui' retrieved from /home/airflow/.local/lib/python3.12/site-packages/airflow/example_dags/example_params_trigger_ui.py
[2025-02-27T03:19:47.300+0000] {logging_mixin.py:190} INFO - [2025-02-27T03:19:47.299+0000] {dag.py:3239} INFO - Sync 1 DAGs
[2025-02-27T03:19:47.379+0000] {logging_mixin.py:190} INFO - [2025-02-27T03:19:47.378+0000] {dag.py:4180} INFO - Setting next_dagrun for example_params_trigger_ui to None, run_after=None
[2025-02-27T03:19:47.456+0000] {processor.py:208} INFO - Processing /home/airflow/.local/lib/python3.12/site-packages/airflow/example_dags/example_params_trigger_ui.py took 0.453 seconds
[2025-02-27T03:20:17.569+0000] {processor.py:186} INFO - Started process (PID=3246) to work on /home/airflow/.local/lib/python3.12/site-packages/airflow/example_dags/example_params_trigger_ui.py
[2025-02-27T03:20:17.571+0000] {processor.py:914} INFO - Processing file /home/airflow/.local/lib/python3.12/site-packages/airflow/example_dags/example_params_trigger_ui.py for tasks to queue
[2025-02-27T03:20:17.576+0000] {logging_mixin.py:190} INFO - [2025-02-27T03:20:17.574+0000] {dagbag.py:588} INFO - Filling up the DagBag from /home/airflow/.local/lib/python3.12/site-packages/airflow/example_dags/example_params_trigger_ui.py
[2025-02-27T03:20:17.606+0000] {processor.py:925} INFO - DAG(s) 'example_params_trigger_ui' retrieved from /home/airflow/.local/lib/python3.12/site-packages/airflow/example_dags/example_params_trigger_ui.py
[2025-02-27T03:20:17.831+0000] {logging_mixin.py:190} INFO - [2025-02-27T03:20:17.831+0000] {dag.py:3239} INFO - Sync 1 DAGs
[2025-02-27T03:20:17.881+0000] {logging_mixin.py:190} INFO - [2025-02-27T03:20:17.880+0000] {dag.py:4180} INFO - Setting next_dagrun for example_params_trigger_ui to None, run_after=None
[2025-02-27T03:20:17.954+0000] {processor.py:208} INFO - Processing /home/airflow/.local/lib/python3.12/site-packages/airflow/example_dags/example_params_trigger_ui.py took 0.396 seconds
[2025-02-27T03:20:48.136+0000] {processor.py:186} INFO - Started process (PID=3309) to work on /home/airflow/.local/lib/python3.12/site-packages/airflow/example_dags/example_params_trigger_ui.py
[2025-02-27T03:20:48.138+0000] {processor.py:914} INFO - Processing file /home/airflow/.local/lib/python3.12/site-packages/airflow/example_dags/example_params_trigger_ui.py for tasks to queue
[2025-02-27T03:20:48.142+0000] {logging_mixin.py:190} INFO - [2025-02-27T03:20:48.141+0000] {dagbag.py:588} INFO - Filling up the DagBag from /home/airflow/.local/lib/python3.12/site-packages/airflow/example_dags/example_params_trigger_ui.py
[2025-02-27T03:20:48.171+0000] {processor.py:925} INFO - DAG(s) 'example_params_trigger_ui' retrieved from /home/airflow/.local/lib/python3.12/site-packages/airflow/example_dags/example_params_trigger_ui.py
[2025-02-27T03:20:48.367+0000] {logging_mixin.py:190} INFO - [2025-02-27T03:20:48.366+0000] {dag.py:3239} INFO - Sync 1 DAGs
[2025-02-27T03:20:48.415+0000] {logging_mixin.py:190} INFO - [2025-02-27T03:20:48.415+0000] {dag.py:4180} INFO - Setting next_dagrun for example_params_trigger_ui to None, run_after=None
[2025-02-27T03:20:48.497+0000] {processor.py:208} INFO - Processing /home/airflow/.local/lib/python3.12/site-packages/airflow/example_dags/example_params_trigger_ui.py took 0.372 seconds
