[2025-02-27T02:51:15.044+0000] {processor.py:186} INFO - Started process (PID=80) to work on /home/airflow/.local/lib/python3.12/site-packages/airflow/example_dags/example_inlet_event_extra.py
[2025-02-27T02:51:15.058+0000] {processor.py:914} INFO - Processing file /home/airflow/.local/lib/python3.12/site-packages/airflow/example_dags/example_inlet_event_extra.py for tasks to queue
[2025-02-27T02:51:15.064+0000] {logging_mixin.py:190} INFO - [2025-02-27T02:51:15.063+0000] {dagbag.py:588} INFO - Filling up the DagBag from /home/airflow/.local/lib/python3.12/site-packages/airflow/example_dags/example_inlet_event_extra.py
[2025-02-27T02:51:19.772+0000] {processor.py:925} INFO - DAG(s) 'read_dataset_event_from_classic', 'read_dataset_event' retrieved from /home/airflow/.local/lib/python3.12/site-packages/airflow/example_dags/example_inlet_event_extra.py
[2025-02-27T02:51:20.143+0000] {logging_mixin.py:190} INFO - [2025-02-27T02:51:20.141+0000] {override.py:1912} INFO - Created Permission View: can delete on DAG:read_dataset_event_from_classic
[2025-02-27T02:51:20.201+0000] {logging_mixin.py:190} INFO - [2025-02-27T02:51:20.200+0000] {override.py:1912} INFO - Created Permission View: can read on DAG:read_dataset_event_from_classic
[2025-02-27T02:51:20.240+0000] {logging_mixin.py:190} INFO - [2025-02-27T02:51:20.239+0000] {override.py:1912} INFO - Created Permission View: can edit on DAG:read_dataset_event_from_classic
[2025-02-27T02:51:20.295+0000] {logging_mixin.py:190} INFO - [2025-02-27T02:51:20.294+0000] {override.py:1912} INFO - Created Permission View: menu access on DAG Run:read_dataset_event_from_classic
[2025-02-27T02:51:20.335+0000] {logging_mixin.py:190} INFO - [2025-02-27T02:51:20.334+0000] {override.py:1912} INFO - Created Permission View: can delete on DAG Run:read_dataset_event_from_classic
[2025-02-27T02:51:20.382+0000] {logging_mixin.py:190} INFO - [2025-02-27T02:51:20.381+0000] {override.py:1912} INFO - Created Permission View: can read on DAG Run:read_dataset_event_from_classic
[2025-02-27T02:51:20.419+0000] {logging_mixin.py:190} INFO - [2025-02-27T02:51:20.418+0000] {override.py:1912} INFO - Created Permission View: can create on DAG Run:read_dataset_event_from_classic
[2025-02-27T02:51:20.499+0000] {logging_mixin.py:190} INFO - [2025-02-27T02:51:20.498+0000] {override.py:1912} INFO - Created Permission View: can delete on DAG:read_dataset_event
[2025-02-27T02:51:20.528+0000] {logging_mixin.py:190} INFO - [2025-02-27T02:51:20.527+0000] {override.py:1912} INFO - Created Permission View: can read on DAG:read_dataset_event
[2025-02-27T02:51:20.562+0000] {logging_mixin.py:190} INFO - [2025-02-27T02:51:20.561+0000] {override.py:1912} INFO - Created Permission View: can edit on DAG:read_dataset_event
[2025-02-27T02:51:20.606+0000] {logging_mixin.py:190} INFO - [2025-02-27T02:51:20.605+0000] {override.py:1912} INFO - Created Permission View: menu access on DAG Run:read_dataset_event
[2025-02-27T02:51:20.642+0000] {logging_mixin.py:190} INFO - [2025-02-27T02:51:20.641+0000] {override.py:1912} INFO - Created Permission View: can delete on DAG Run:read_dataset_event
[2025-02-27T02:51:20.668+0000] {logging_mixin.py:190} INFO - [2025-02-27T02:51:20.668+0000] {override.py:1912} INFO - Created Permission View: can read on DAG Run:read_dataset_event
[2025-02-27T02:51:20.732+0000] {logging_mixin.py:190} INFO - [2025-02-27T02:51:20.732+0000] {override.py:1912} INFO - Created Permission View: can create on DAG Run:read_dataset_event
[2025-02-27T02:51:20.737+0000] {logging_mixin.py:190} INFO - [2025-02-27T02:51:20.736+0000] {dag.py:3239} INFO - Sync 2 DAGs
[2025-02-27T02:51:20.793+0000] {logging_mixin.py:190} INFO - [2025-02-27T02:51:20.792+0000] {dag.py:3262} INFO - Creating ORM DAG for read_dataset_event_from_classic
[2025-02-27T02:51:20.806+0000] {logging_mixin.py:190} INFO - [2025-02-27T02:51:20.796+0000] {dag.py:3262} INFO - Creating ORM DAG for read_dataset_event
[2025-02-27T02:51:20.854+0000] {logging_mixin.py:190} INFO - [2025-02-27T02:51:20.854+0000] {dag.py:4180} INFO - Setting next_dagrun for read_dataset_event to 2025-02-26 00:00:00+00:00, run_after=2025-02-27 00:00:00+00:00
[2025-02-27T02:51:20.871+0000] {logging_mixin.py:190} INFO - [2025-02-27T02:51:20.870+0000] {dag.py:4180} INFO - Setting next_dagrun for read_dataset_event_from_classic to 2025-02-26 00:00:00+00:00, run_after=2025-02-27 00:00:00+00:00
[2025-02-27T02:51:20.960+0000] {processor.py:208} INFO - Processing /home/airflow/.local/lib/python3.12/site-packages/airflow/example_dags/example_inlet_event_extra.py took 5.938 seconds
[2025-02-27T02:51:52.048+0000] {processor.py:186} INFO - Started process (PID=143) to work on /home/airflow/.local/lib/python3.12/site-packages/airflow/example_dags/example_inlet_event_extra.py
[2025-02-27T02:51:52.049+0000] {processor.py:914} INFO - Processing file /home/airflow/.local/lib/python3.12/site-packages/airflow/example_dags/example_inlet_event_extra.py for tasks to queue
[2025-02-27T02:51:52.053+0000] {logging_mixin.py:190} INFO - [2025-02-27T02:51:52.052+0000] {dagbag.py:588} INFO - Filling up the DagBag from /home/airflow/.local/lib/python3.12/site-packages/airflow/example_dags/example_inlet_event_extra.py
[2025-02-27T02:51:53.522+0000] {processor.py:925} INFO - DAG(s) 'read_dataset_event_from_classic', 'read_dataset_event' retrieved from /home/airflow/.local/lib/python3.12/site-packages/airflow/example_dags/example_inlet_event_extra.py
[2025-02-27T02:51:53.585+0000] {logging_mixin.py:190} INFO - [2025-02-27T02:51:53.584+0000] {dag.py:3239} INFO - Sync 2 DAGs
[2025-02-27T02:51:53.665+0000] {logging_mixin.py:190} INFO - [2025-02-27T02:51:53.664+0000] {dag.py:4180} INFO - Setting next_dagrun for read_dataset_event to 2025-02-26 00:00:00+00:00, run_after=2025-02-27 00:00:00+00:00
[2025-02-27T02:51:53.680+0000] {logging_mixin.py:190} INFO - [2025-02-27T02:51:53.679+0000] {dag.py:4180} INFO - Setting next_dagrun for read_dataset_event_from_classic to 2025-02-26 00:00:00+00:00, run_after=2025-02-27 00:00:00+00:00
[2025-02-27T02:51:53.774+0000] {processor.py:208} INFO - Processing /home/airflow/.local/lib/python3.12/site-packages/airflow/example_dags/example_inlet_event_extra.py took 1.734 seconds
[2025-02-27T02:53:58.617+0000] {processor.py:186} INFO - Started process (PID=76) to work on /home/airflow/.local/lib/python3.12/site-packages/airflow/example_dags/example_inlet_event_extra.py
[2025-02-27T02:53:58.619+0000] {processor.py:914} INFO - Processing file /home/airflow/.local/lib/python3.12/site-packages/airflow/example_dags/example_inlet_event_extra.py for tasks to queue
[2025-02-27T02:53:58.623+0000] {logging_mixin.py:190} INFO - [2025-02-27T02:53:58.622+0000] {dagbag.py:588} INFO - Filling up the DagBag from /home/airflow/.local/lib/python3.12/site-packages/airflow/example_dags/example_inlet_event_extra.py
[2025-02-27T02:54:00.257+0000] {processor.py:925} INFO - DAG(s) 'read_dataset_event', 'read_dataset_event_from_classic' retrieved from /home/airflow/.local/lib/python3.12/site-packages/airflow/example_dags/example_inlet_event_extra.py
[2025-02-27T02:54:00.917+0000] {logging_mixin.py:190} INFO - [2025-02-27T02:54:00.916+0000] {override.py:1912} INFO - Created Permission View: can read on DAG:read_dataset_event
[2025-02-27T02:54:00.955+0000] {logging_mixin.py:190} INFO - [2025-02-27T02:54:00.954+0000] {override.py:1912} INFO - Created Permission View: can delete on DAG:read_dataset_event
[2025-02-27T02:54:00.979+0000] {logging_mixin.py:190} INFO - [2025-02-27T02:54:00.978+0000] {override.py:1912} INFO - Created Permission View: can edit on DAG:read_dataset_event
[2025-02-27T02:54:01.007+0000] {logging_mixin.py:190} INFO - [2025-02-27T02:54:01.006+0000] {override.py:1912} INFO - Created Permission View: can read on DAG Run:read_dataset_event
[2025-02-27T02:54:01.032+0000] {logging_mixin.py:190} INFO - [2025-02-27T02:54:01.031+0000] {override.py:1912} INFO - Created Permission View: menu access on DAG Run:read_dataset_event
[2025-02-27T02:54:01.057+0000] {logging_mixin.py:190} INFO - [2025-02-27T02:54:01.056+0000] {override.py:1912} INFO - Created Permission View: can delete on DAG Run:read_dataset_event
[2025-02-27T02:54:01.080+0000] {logging_mixin.py:190} INFO - [2025-02-27T02:54:01.079+0000] {override.py:1912} INFO - Created Permission View: can create on DAG Run:read_dataset_event
[2025-02-27T02:54:01.134+0000] {logging_mixin.py:190} INFO - [2025-02-27T02:54:01.133+0000] {override.py:1912} INFO - Created Permission View: can read on DAG:read_dataset_event_from_classic
[2025-02-27T02:54:01.157+0000] {logging_mixin.py:190} INFO - [2025-02-27T02:54:01.156+0000] {override.py:1912} INFO - Created Permission View: can delete on DAG:read_dataset_event_from_classic
[2025-02-27T02:54:01.181+0000] {logging_mixin.py:190} INFO - [2025-02-27T02:54:01.180+0000] {override.py:1912} INFO - Created Permission View: can edit on DAG:read_dataset_event_from_classic
[2025-02-27T02:54:01.207+0000] {logging_mixin.py:190} INFO - [2025-02-27T02:54:01.206+0000] {override.py:1912} INFO - Created Permission View: can read on DAG Run:read_dataset_event_from_classic
[2025-02-27T02:54:01.236+0000] {logging_mixin.py:190} INFO - [2025-02-27T02:54:01.235+0000] {override.py:1912} INFO - Created Permission View: menu access on DAG Run:read_dataset_event_from_classic
[2025-02-27T02:54:01.260+0000] {logging_mixin.py:190} INFO - [2025-02-27T02:54:01.258+0000] {override.py:1912} INFO - Created Permission View: can delete on DAG Run:read_dataset_event_from_classic
[2025-02-27T02:54:01.286+0000] {logging_mixin.py:190} INFO - [2025-02-27T02:54:01.285+0000] {override.py:1912} INFO - Created Permission View: can create on DAG Run:read_dataset_event_from_classic
[2025-02-27T02:54:01.288+0000] {logging_mixin.py:190} INFO - [2025-02-27T02:54:01.287+0000] {dag.py:3239} INFO - Sync 2 DAGs
[2025-02-27T02:54:01.355+0000] {logging_mixin.py:190} INFO - [2025-02-27T02:54:01.354+0000] {dag.py:3262} INFO - Creating ORM DAG for read_dataset_event
[2025-02-27T02:54:01.358+0000] {logging_mixin.py:190} INFO - [2025-02-27T02:54:01.357+0000] {dag.py:3262} INFO - Creating ORM DAG for read_dataset_event_from_classic
[2025-02-27T02:54:01.400+0000] {logging_mixin.py:190} INFO - [2025-02-27T02:54:01.399+0000] {dag.py:4180} INFO - Setting next_dagrun for read_dataset_event to 2025-02-26 00:00:00+00:00, run_after=2025-02-27 00:00:00+00:00
[2025-02-27T02:54:01.408+0000] {logging_mixin.py:190} INFO - [2025-02-27T02:54:01.407+0000] {dag.py:4180} INFO - Setting next_dagrun for read_dataset_event_from_classic to 2025-02-26 00:00:00+00:00, run_after=2025-02-27 00:00:00+00:00
[2025-02-27T02:54:01.476+0000] {processor.py:208} INFO - Processing /home/airflow/.local/lib/python3.12/site-packages/airflow/example_dags/example_inlet_event_extra.py took 2.867 seconds
[2025-02-27T02:54:32.855+0000] {processor.py:186} INFO - Started process (PID=139) to work on /home/airflow/.local/lib/python3.12/site-packages/airflow/example_dags/example_inlet_event_extra.py
[2025-02-27T02:54:32.857+0000] {processor.py:914} INFO - Processing file /home/airflow/.local/lib/python3.12/site-packages/airflow/example_dags/example_inlet_event_extra.py for tasks to queue
[2025-02-27T02:54:32.865+0000] {logging_mixin.py:190} INFO - [2025-02-27T02:54:32.864+0000] {dagbag.py:588} INFO - Filling up the DagBag from /home/airflow/.local/lib/python3.12/site-packages/airflow/example_dags/example_inlet_event_extra.py
[2025-02-27T02:54:34.113+0000] {processor.py:925} INFO - DAG(s) 'read_dataset_event_from_classic', 'read_dataset_event' retrieved from /home/airflow/.local/lib/python3.12/site-packages/airflow/example_dags/example_inlet_event_extra.py
[2025-02-27T02:54:34.291+0000] {logging_mixin.py:190} INFO - [2025-02-27T02:54:34.290+0000] {dag.py:3239} INFO - Sync 2 DAGs
[2025-02-27T02:54:34.364+0000] {logging_mixin.py:190} INFO - [2025-02-27T02:54:34.364+0000] {dag.py:4180} INFO - Setting next_dagrun for read_dataset_event to 2025-02-26 00:00:00+00:00, run_after=2025-02-27 00:00:00+00:00
[2025-02-27T02:54:34.379+0000] {logging_mixin.py:190} INFO - [2025-02-27T02:54:34.378+0000] {dag.py:4180} INFO - Setting next_dagrun for read_dataset_event_from_classic to 2025-02-26 00:00:00+00:00, run_after=2025-02-27 00:00:00+00:00
[2025-02-27T02:54:34.457+0000] {processor.py:208} INFO - Processing /home/airflow/.local/lib/python3.12/site-packages/airflow/example_dags/example_inlet_event_extra.py took 1.618 seconds
[2025-02-27T02:55:04.686+0000] {processor.py:186} INFO - Started process (PID=202) to work on /home/airflow/.local/lib/python3.12/site-packages/airflow/example_dags/example_inlet_event_extra.py
[2025-02-27T02:55:04.688+0000] {processor.py:914} INFO - Processing file /home/airflow/.local/lib/python3.12/site-packages/airflow/example_dags/example_inlet_event_extra.py for tasks to queue
[2025-02-27T02:55:04.691+0000] {logging_mixin.py:190} INFO - [2025-02-27T02:55:04.691+0000] {dagbag.py:588} INFO - Filling up the DagBag from /home/airflow/.local/lib/python3.12/site-packages/airflow/example_dags/example_inlet_event_extra.py
[2025-02-27T02:55:06.273+0000] {processor.py:925} INFO - DAG(s) 'read_dataset_event_from_classic', 'read_dataset_event' retrieved from /home/airflow/.local/lib/python3.12/site-packages/airflow/example_dags/example_inlet_event_extra.py
[2025-02-27T02:55:06.547+0000] {logging_mixin.py:190} INFO - [2025-02-27T02:55:06.546+0000] {dag.py:3239} INFO - Sync 2 DAGs
[2025-02-27T02:55:06.668+0000] {logging_mixin.py:190} INFO - [2025-02-27T02:55:06.668+0000] {dag.py:4180} INFO - Setting next_dagrun for read_dataset_event to 2025-02-26 00:00:00+00:00, run_after=2025-02-27 00:00:00+00:00
[2025-02-27T02:55:06.696+0000] {logging_mixin.py:190} INFO - [2025-02-27T02:55:06.695+0000] {dag.py:4180} INFO - Setting next_dagrun for read_dataset_event_from_classic to 2025-02-26 00:00:00+00:00, run_after=2025-02-27 00:00:00+00:00
[2025-02-27T02:55:06.784+0000] {processor.py:208} INFO - Processing /home/airflow/.local/lib/python3.12/site-packages/airflow/example_dags/example_inlet_event_extra.py took 2.107 seconds
[2025-02-27T02:55:37.582+0000] {processor.py:186} INFO - Started process (PID=265) to work on /home/airflow/.local/lib/python3.12/site-packages/airflow/example_dags/example_inlet_event_extra.py
[2025-02-27T02:55:37.584+0000] {processor.py:914} INFO - Processing file /home/airflow/.local/lib/python3.12/site-packages/airflow/example_dags/example_inlet_event_extra.py for tasks to queue
[2025-02-27T02:55:37.589+0000] {logging_mixin.py:190} INFO - [2025-02-27T02:55:37.588+0000] {dagbag.py:588} INFO - Filling up the DagBag from /home/airflow/.local/lib/python3.12/site-packages/airflow/example_dags/example_inlet_event_extra.py
[2025-02-27T02:55:39.078+0000] {processor.py:925} INFO - DAG(s) 'read_dataset_event_from_classic', 'read_dataset_event' retrieved from /home/airflow/.local/lib/python3.12/site-packages/airflow/example_dags/example_inlet_event_extra.py
[2025-02-27T02:55:39.288+0000] {logging_mixin.py:190} INFO - [2025-02-27T02:55:39.288+0000] {dag.py:3239} INFO - Sync 2 DAGs
[2025-02-27T02:55:39.421+0000] {logging_mixin.py:190} INFO - [2025-02-27T02:55:39.420+0000] {dag.py:4180} INFO - Setting next_dagrun for read_dataset_event to 2025-02-26 00:00:00+00:00, run_after=2025-02-27 00:00:00+00:00
[2025-02-27T02:55:39.453+0000] {logging_mixin.py:190} INFO - [2025-02-27T02:55:39.452+0000] {dag.py:4180} INFO - Setting next_dagrun for read_dataset_event_from_classic to 2025-02-26 00:00:00+00:00, run_after=2025-02-27 00:00:00+00:00
[2025-02-27T02:55:39.543+0000] {processor.py:208} INFO - Processing /home/airflow/.local/lib/python3.12/site-packages/airflow/example_dags/example_inlet_event_extra.py took 1.972 seconds
[2025-02-27T02:56:10.130+0000] {processor.py:186} INFO - Started process (PID=328) to work on /home/airflow/.local/lib/python3.12/site-packages/airflow/example_dags/example_inlet_event_extra.py
[2025-02-27T02:56:10.132+0000] {processor.py:914} INFO - Processing file /home/airflow/.local/lib/python3.12/site-packages/airflow/example_dags/example_inlet_event_extra.py for tasks to queue
[2025-02-27T02:56:10.137+0000] {logging_mixin.py:190} INFO - [2025-02-27T02:56:10.136+0000] {dagbag.py:588} INFO - Filling up the DagBag from /home/airflow/.local/lib/python3.12/site-packages/airflow/example_dags/example_inlet_event_extra.py
[2025-02-27T02:56:11.706+0000] {processor.py:925} INFO - DAG(s) 'read_dataset_event_from_classic', 'read_dataset_event' retrieved from /home/airflow/.local/lib/python3.12/site-packages/airflow/example_dags/example_inlet_event_extra.py
[2025-02-27T02:56:11.916+0000] {logging_mixin.py:190} INFO - [2025-02-27T02:56:11.915+0000] {dag.py:3239} INFO - Sync 2 DAGs
[2025-02-27T02:56:12.050+0000] {logging_mixin.py:190} INFO - [2025-02-27T02:56:12.049+0000] {dag.py:4180} INFO - Setting next_dagrun for read_dataset_event to 2025-02-26 00:00:00+00:00, run_after=2025-02-27 00:00:00+00:00
[2025-02-27T02:56:12.071+0000] {logging_mixin.py:190} INFO - [2025-02-27T02:56:12.071+0000] {dag.py:4180} INFO - Setting next_dagrun for read_dataset_event_from_classic to 2025-02-26 00:00:00+00:00, run_after=2025-02-27 00:00:00+00:00
[2025-02-27T02:56:12.146+0000] {processor.py:208} INFO - Processing /home/airflow/.local/lib/python3.12/site-packages/airflow/example_dags/example_inlet_event_extra.py took 2.026 seconds
[2025-02-27T02:56:42.763+0000] {processor.py:186} INFO - Started process (PID=391) to work on /home/airflow/.local/lib/python3.12/site-packages/airflow/example_dags/example_inlet_event_extra.py
[2025-02-27T02:56:42.765+0000] {processor.py:914} INFO - Processing file /home/airflow/.local/lib/python3.12/site-packages/airflow/example_dags/example_inlet_event_extra.py for tasks to queue
[2025-02-27T02:56:42.769+0000] {logging_mixin.py:190} INFO - [2025-02-27T02:56:42.768+0000] {dagbag.py:588} INFO - Filling up the DagBag from /home/airflow/.local/lib/python3.12/site-packages/airflow/example_dags/example_inlet_event_extra.py
[2025-02-27T02:56:43.808+0000] {processor.py:925} INFO - DAG(s) 'read_dataset_event', 'read_dataset_event_from_classic' retrieved from /home/airflow/.local/lib/python3.12/site-packages/airflow/example_dags/example_inlet_event_extra.py
[2025-02-27T02:56:43.977+0000] {logging_mixin.py:190} INFO - [2025-02-27T02:56:43.976+0000] {dag.py:3239} INFO - Sync 2 DAGs
[2025-02-27T02:56:44.070+0000] {logging_mixin.py:190} INFO - [2025-02-27T02:56:44.069+0000] {dag.py:4180} INFO - Setting next_dagrun for read_dataset_event to 2025-02-26 00:00:00+00:00, run_after=2025-02-27 00:00:00+00:00
[2025-02-27T02:56:44.089+0000] {logging_mixin.py:190} INFO - [2025-02-27T02:56:44.089+0000] {dag.py:4180} INFO - Setting next_dagrun for read_dataset_event_from_classic to 2025-02-26 00:00:00+00:00, run_after=2025-02-27 00:00:00+00:00
[2025-02-27T02:56:44.166+0000] {processor.py:208} INFO - Processing /home/airflow/.local/lib/python3.12/site-packages/airflow/example_dags/example_inlet_event_extra.py took 1.410 seconds
[2025-02-27T02:57:14.543+0000] {processor.py:186} INFO - Started process (PID=454) to work on /home/airflow/.local/lib/python3.12/site-packages/airflow/example_dags/example_inlet_event_extra.py
[2025-02-27T02:57:14.546+0000] {processor.py:914} INFO - Processing file /home/airflow/.local/lib/python3.12/site-packages/airflow/example_dags/example_inlet_event_extra.py for tasks to queue
[2025-02-27T02:57:14.551+0000] {logging_mixin.py:190} INFO - [2025-02-27T02:57:14.550+0000] {dagbag.py:588} INFO - Filling up the DagBag from /home/airflow/.local/lib/python3.12/site-packages/airflow/example_dags/example_inlet_event_extra.py
[2025-02-27T02:57:15.920+0000] {processor.py:925} INFO - DAG(s) 'read_dataset_event', 'read_dataset_event_from_classic' retrieved from /home/airflow/.local/lib/python3.12/site-packages/airflow/example_dags/example_inlet_event_extra.py
[2025-02-27T02:57:16.154+0000] {logging_mixin.py:190} INFO - [2025-02-27T02:57:16.153+0000] {dag.py:3239} INFO - Sync 2 DAGs
[2025-02-27T02:57:16.303+0000] {logging_mixin.py:190} INFO - [2025-02-27T02:57:16.302+0000] {dag.py:4180} INFO - Setting next_dagrun for read_dataset_event to 2025-02-26 00:00:00+00:00, run_after=2025-02-27 00:00:00+00:00
[2025-02-27T02:57:16.334+0000] {logging_mixin.py:190} INFO - [2025-02-27T02:57:16.333+0000] {dag.py:4180} INFO - Setting next_dagrun for read_dataset_event_from_classic to 2025-02-26 00:00:00+00:00, run_after=2025-02-27 00:00:00+00:00
[2025-02-27T02:57:16.430+0000] {processor.py:208} INFO - Processing /home/airflow/.local/lib/python3.12/site-packages/airflow/example_dags/example_inlet_event_extra.py took 1.899 seconds
[2025-02-27T02:57:47.050+0000] {processor.py:186} INFO - Started process (PID=523) to work on /home/airflow/.local/lib/python3.12/site-packages/airflow/example_dags/example_inlet_event_extra.py
[2025-02-27T02:57:47.051+0000] {processor.py:914} INFO - Processing file /home/airflow/.local/lib/python3.12/site-packages/airflow/example_dags/example_inlet_event_extra.py for tasks to queue
[2025-02-27T02:57:47.055+0000] {logging_mixin.py:190} INFO - [2025-02-27T02:57:47.054+0000] {dagbag.py:588} INFO - Filling up the DagBag from /home/airflow/.local/lib/python3.12/site-packages/airflow/example_dags/example_inlet_event_extra.py
[2025-02-27T02:57:48.080+0000] {processor.py:925} INFO - DAG(s) 'read_dataset_event_from_classic', 'read_dataset_event' retrieved from /home/airflow/.local/lib/python3.12/site-packages/airflow/example_dags/example_inlet_event_extra.py
[2025-02-27T02:57:48.290+0000] {logging_mixin.py:190} INFO - [2025-02-27T02:57:48.289+0000] {dag.py:3239} INFO - Sync 2 DAGs
[2025-02-27T02:57:48.374+0000] {logging_mixin.py:190} INFO - [2025-02-27T02:57:48.374+0000] {dag.py:4180} INFO - Setting next_dagrun for read_dataset_event to 2025-02-26 00:00:00+00:00, run_after=2025-02-27 00:00:00+00:00
[2025-02-27T02:57:48.388+0000] {logging_mixin.py:190} INFO - [2025-02-27T02:57:48.388+0000] {dag.py:4180} INFO - Setting next_dagrun for read_dataset_event_from_classic to 2025-02-26 00:00:00+00:00, run_after=2025-02-27 00:00:00+00:00
[2025-02-27T02:57:48.455+0000] {processor.py:208} INFO - Processing /home/airflow/.local/lib/python3.12/site-packages/airflow/example_dags/example_inlet_event_extra.py took 1.413 seconds
[2025-02-27T02:58:19.023+0000] {processor.py:186} INFO - Started process (PID=586) to work on /home/airflow/.local/lib/python3.12/site-packages/airflow/example_dags/example_inlet_event_extra.py
[2025-02-27T02:58:19.025+0000] {processor.py:914} INFO - Processing file /home/airflow/.local/lib/python3.12/site-packages/airflow/example_dags/example_inlet_event_extra.py for tasks to queue
[2025-02-27T02:58:19.029+0000] {logging_mixin.py:190} INFO - [2025-02-27T02:58:19.028+0000] {dagbag.py:588} INFO - Filling up the DagBag from /home/airflow/.local/lib/python3.12/site-packages/airflow/example_dags/example_inlet_event_extra.py
[2025-02-27T02:58:20.125+0000] {processor.py:925} INFO - DAG(s) 'read_dataset_event_from_classic', 'read_dataset_event' retrieved from /home/airflow/.local/lib/python3.12/site-packages/airflow/example_dags/example_inlet_event_extra.py
[2025-02-27T02:58:20.335+0000] {logging_mixin.py:190} INFO - [2025-02-27T02:58:20.334+0000] {dag.py:3239} INFO - Sync 2 DAGs
[2025-02-27T02:58:20.522+0000] {logging_mixin.py:190} INFO - [2025-02-27T02:58:20.522+0000] {dag.py:4180} INFO - Setting next_dagrun for read_dataset_event to 2025-02-26 00:00:00+00:00, run_after=2025-02-27 00:00:00+00:00
[2025-02-27T02:58:20.540+0000] {logging_mixin.py:190} INFO - [2025-02-27T02:58:20.539+0000] {dag.py:4180} INFO - Setting next_dagrun for read_dataset_event_from_classic to 2025-02-26 00:00:00+00:00, run_after=2025-02-27 00:00:00+00:00
[2025-02-27T02:58:20.705+0000] {processor.py:208} INFO - Processing /home/airflow/.local/lib/python3.12/site-packages/airflow/example_dags/example_inlet_event_extra.py took 1.692 seconds
[2025-02-27T02:58:51.150+0000] {processor.py:186} INFO - Started process (PID=649) to work on /home/airflow/.local/lib/python3.12/site-packages/airflow/example_dags/example_inlet_event_extra.py
[2025-02-27T02:58:51.152+0000] {processor.py:914} INFO - Processing file /home/airflow/.local/lib/python3.12/site-packages/airflow/example_dags/example_inlet_event_extra.py for tasks to queue
[2025-02-27T02:58:51.158+0000] {logging_mixin.py:190} INFO - [2025-02-27T02:58:51.156+0000] {dagbag.py:588} INFO - Filling up the DagBag from /home/airflow/.local/lib/python3.12/site-packages/airflow/example_dags/example_inlet_event_extra.py
[2025-02-27T02:58:52.411+0000] {processor.py:925} INFO - DAG(s) 'read_dataset_event', 'read_dataset_event_from_classic' retrieved from /home/airflow/.local/lib/python3.12/site-packages/airflow/example_dags/example_inlet_event_extra.py
[2025-02-27T02:58:52.575+0000] {logging_mixin.py:190} INFO - [2025-02-27T02:58:52.574+0000] {dag.py:3239} INFO - Sync 2 DAGs
[2025-02-27T02:58:52.674+0000] {logging_mixin.py:190} INFO - [2025-02-27T02:58:52.673+0000] {dag.py:4180} INFO - Setting next_dagrun for read_dataset_event to 2025-02-26 00:00:00+00:00, run_after=2025-02-27 00:00:00+00:00
[2025-02-27T02:58:52.690+0000] {logging_mixin.py:190} INFO - [2025-02-27T02:58:52.690+0000] {dag.py:4180} INFO - Setting next_dagrun for read_dataset_event_from_classic to 2025-02-26 00:00:00+00:00, run_after=2025-02-27 00:00:00+00:00
[2025-02-27T02:58:52.749+0000] {processor.py:208} INFO - Processing /home/airflow/.local/lib/python3.12/site-packages/airflow/example_dags/example_inlet_event_extra.py took 1.611 seconds
[2025-02-27T02:59:23.130+0000] {processor.py:186} INFO - Started process (PID=712) to work on /home/airflow/.local/lib/python3.12/site-packages/airflow/example_dags/example_inlet_event_extra.py
[2025-02-27T02:59:23.131+0000] {processor.py:914} INFO - Processing file /home/airflow/.local/lib/python3.12/site-packages/airflow/example_dags/example_inlet_event_extra.py for tasks to queue
[2025-02-27T02:59:23.136+0000] {logging_mixin.py:190} INFO - [2025-02-27T02:59:23.136+0000] {dagbag.py:588} INFO - Filling up the DagBag from /home/airflow/.local/lib/python3.12/site-packages/airflow/example_dags/example_inlet_event_extra.py
[2025-02-27T02:59:24.452+0000] {processor.py:925} INFO - DAG(s) 'read_dataset_event', 'read_dataset_event_from_classic' retrieved from /home/airflow/.local/lib/python3.12/site-packages/airflow/example_dags/example_inlet_event_extra.py
[2025-02-27T02:59:24.646+0000] {logging_mixin.py:190} INFO - [2025-02-27T02:59:24.645+0000] {dag.py:3239} INFO - Sync 2 DAGs
[2025-02-27T02:59:24.795+0000] {logging_mixin.py:190} INFO - [2025-02-27T02:59:24.794+0000] {dag.py:4180} INFO - Setting next_dagrun for read_dataset_event to 2025-02-26 00:00:00+00:00, run_after=2025-02-27 00:00:00+00:00
[2025-02-27T02:59:24.811+0000] {logging_mixin.py:190} INFO - [2025-02-27T02:59:24.810+0000] {dag.py:4180} INFO - Setting next_dagrun for read_dataset_event_from_classic to 2025-02-26 00:00:00+00:00, run_after=2025-02-27 00:00:00+00:00
[2025-02-27T02:59:24.892+0000] {processor.py:208} INFO - Processing /home/airflow/.local/lib/python3.12/site-packages/airflow/example_dags/example_inlet_event_extra.py took 1.770 seconds
[2025-02-27T02:59:55.799+0000] {processor.py:186} INFO - Started process (PID=775) to work on /home/airflow/.local/lib/python3.12/site-packages/airflow/example_dags/example_inlet_event_extra.py
[2025-02-27T02:59:55.801+0000] {processor.py:914} INFO - Processing file /home/airflow/.local/lib/python3.12/site-packages/airflow/example_dags/example_inlet_event_extra.py for tasks to queue
[2025-02-27T02:59:55.806+0000] {logging_mixin.py:190} INFO - [2025-02-27T02:59:55.805+0000] {dagbag.py:588} INFO - Filling up the DagBag from /home/airflow/.local/lib/python3.12/site-packages/airflow/example_dags/example_inlet_event_extra.py
[2025-02-27T02:59:57.077+0000] {processor.py:925} INFO - DAG(s) 'read_dataset_event_from_classic', 'read_dataset_event' retrieved from /home/airflow/.local/lib/python3.12/site-packages/airflow/example_dags/example_inlet_event_extra.py
[2025-02-27T02:59:57.229+0000] {logging_mixin.py:190} INFO - [2025-02-27T02:59:57.228+0000] {dag.py:3239} INFO - Sync 2 DAGs
[2025-02-27T02:59:57.299+0000] {logging_mixin.py:190} INFO - [2025-02-27T02:59:57.299+0000] {dag.py:4180} INFO - Setting next_dagrun for read_dataset_event to 2025-02-26 00:00:00+00:00, run_after=2025-02-27 00:00:00+00:00
[2025-02-27T02:59:57.313+0000] {logging_mixin.py:190} INFO - [2025-02-27T02:59:57.313+0000] {dag.py:4180} INFO - Setting next_dagrun for read_dataset_event_from_classic to 2025-02-26 00:00:00+00:00, run_after=2025-02-27 00:00:00+00:00
[2025-02-27T02:59:57.374+0000] {processor.py:208} INFO - Processing /home/airflow/.local/lib/python3.12/site-packages/airflow/example_dags/example_inlet_event_extra.py took 1.586 seconds
[2025-02-27T03:00:27.706+0000] {processor.py:186} INFO - Started process (PID=838) to work on /home/airflow/.local/lib/python3.12/site-packages/airflow/example_dags/example_inlet_event_extra.py
[2025-02-27T03:00:27.708+0000] {processor.py:914} INFO - Processing file /home/airflow/.local/lib/python3.12/site-packages/airflow/example_dags/example_inlet_event_extra.py for tasks to queue
[2025-02-27T03:00:27.713+0000] {logging_mixin.py:190} INFO - [2025-02-27T03:00:27.712+0000] {dagbag.py:588} INFO - Filling up the DagBag from /home/airflow/.local/lib/python3.12/site-packages/airflow/example_dags/example_inlet_event_extra.py
[2025-02-27T03:00:28.717+0000] {processor.py:925} INFO - DAG(s) 'read_dataset_event_from_classic', 'read_dataset_event' retrieved from /home/airflow/.local/lib/python3.12/site-packages/airflow/example_dags/example_inlet_event_extra.py
[2025-02-27T03:00:28.882+0000] {logging_mixin.py:190} INFO - [2025-02-27T03:00:28.882+0000] {dag.py:3239} INFO - Sync 2 DAGs
[2025-02-27T03:00:28.953+0000] {logging_mixin.py:190} INFO - [2025-02-27T03:00:28.952+0000] {dag.py:4180} INFO - Setting next_dagrun for read_dataset_event to 2025-02-26 00:00:00+00:00, run_after=2025-02-27 00:00:00+00:00
[2025-02-27T03:00:28.970+0000] {logging_mixin.py:190} INFO - [2025-02-27T03:00:28.970+0000] {dag.py:4180} INFO - Setting next_dagrun for read_dataset_event_from_classic to 2025-02-26 00:00:00+00:00, run_after=2025-02-27 00:00:00+00:00
[2025-02-27T03:00:29.031+0000] {processor.py:208} INFO - Processing /home/airflow/.local/lib/python3.12/site-packages/airflow/example_dags/example_inlet_event_extra.py took 1.338 seconds
[2025-02-27T03:00:59.352+0000] {processor.py:186} INFO - Started process (PID=901) to work on /home/airflow/.local/lib/python3.12/site-packages/airflow/example_dags/example_inlet_event_extra.py
[2025-02-27T03:00:59.354+0000] {processor.py:914} INFO - Processing file /home/airflow/.local/lib/python3.12/site-packages/airflow/example_dags/example_inlet_event_extra.py for tasks to queue
[2025-02-27T03:00:59.358+0000] {logging_mixin.py:190} INFO - [2025-02-27T03:00:59.358+0000] {dagbag.py:588} INFO - Filling up the DagBag from /home/airflow/.local/lib/python3.12/site-packages/airflow/example_dags/example_inlet_event_extra.py
[2025-02-27T03:01:00.322+0000] {processor.py:925} INFO - DAG(s) 'read_dataset_event_from_classic', 'read_dataset_event' retrieved from /home/airflow/.local/lib/python3.12/site-packages/airflow/example_dags/example_inlet_event_extra.py
[2025-02-27T03:01:00.469+0000] {logging_mixin.py:190} INFO - [2025-02-27T03:01:00.468+0000] {dag.py:3239} INFO - Sync 2 DAGs
[2025-02-27T03:01:00.533+0000] {logging_mixin.py:190} INFO - [2025-02-27T03:01:00.532+0000] {dag.py:4180} INFO - Setting next_dagrun for read_dataset_event to 2025-02-26 00:00:00+00:00, run_after=2025-02-27 00:00:00+00:00
[2025-02-27T03:01:00.546+0000] {logging_mixin.py:190} INFO - [2025-02-27T03:01:00.546+0000] {dag.py:4180} INFO - Setting next_dagrun for read_dataset_event_from_classic to 2025-02-26 00:00:00+00:00, run_after=2025-02-27 00:00:00+00:00
[2025-02-27T03:01:00.606+0000] {processor.py:208} INFO - Processing /home/airflow/.local/lib/python3.12/site-packages/airflow/example_dags/example_inlet_event_extra.py took 1.262 seconds
[2025-02-27T03:01:30.941+0000] {processor.py:186} INFO - Started process (PID=964) to work on /home/airflow/.local/lib/python3.12/site-packages/airflow/example_dags/example_inlet_event_extra.py
[2025-02-27T03:01:30.944+0000] {processor.py:914} INFO - Processing file /home/airflow/.local/lib/python3.12/site-packages/airflow/example_dags/example_inlet_event_extra.py for tasks to queue
[2025-02-27T03:01:30.951+0000] {logging_mixin.py:190} INFO - [2025-02-27T03:01:30.950+0000] {dagbag.py:588} INFO - Filling up the DagBag from /home/airflow/.local/lib/python3.12/site-packages/airflow/example_dags/example_inlet_event_extra.py
[2025-02-27T03:01:32.506+0000] {processor.py:925} INFO - DAG(s) 'read_dataset_event_from_classic', 'read_dataset_event' retrieved from /home/airflow/.local/lib/python3.12/site-packages/airflow/example_dags/example_inlet_event_extra.py
[2025-02-27T03:01:32.677+0000] {logging_mixin.py:190} INFO - [2025-02-27T03:01:32.676+0000] {dag.py:3239} INFO - Sync 2 DAGs
[2025-02-27T03:01:32.755+0000] {logging_mixin.py:190} INFO - [2025-02-27T03:01:32.755+0000] {dag.py:4180} INFO - Setting next_dagrun for read_dataset_event to 2025-02-26 00:00:00+00:00, run_after=2025-02-27 00:00:00+00:00
[2025-02-27T03:01:32.773+0000] {logging_mixin.py:190} INFO - [2025-02-27T03:01:32.773+0000] {dag.py:4180} INFO - Setting next_dagrun for read_dataset_event_from_classic to 2025-02-26 00:00:00+00:00, run_after=2025-02-27 00:00:00+00:00
[2025-02-27T03:01:32.855+0000] {processor.py:208} INFO - Processing /home/airflow/.local/lib/python3.12/site-packages/airflow/example_dags/example_inlet_event_extra.py took 1.929 seconds
[2025-02-27T03:02:03.531+0000] {processor.py:186} INFO - Started process (PID=1027) to work on /home/airflow/.local/lib/python3.12/site-packages/airflow/example_dags/example_inlet_event_extra.py
[2025-02-27T03:02:03.534+0000] {processor.py:914} INFO - Processing file /home/airflow/.local/lib/python3.12/site-packages/airflow/example_dags/example_inlet_event_extra.py for tasks to queue
[2025-02-27T03:02:03.539+0000] {logging_mixin.py:190} INFO - [2025-02-27T03:02:03.538+0000] {dagbag.py:588} INFO - Filling up the DagBag from /home/airflow/.local/lib/python3.12/site-packages/airflow/example_dags/example_inlet_event_extra.py
[2025-02-27T03:02:04.943+0000] {processor.py:925} INFO - DAG(s) 'read_dataset_event_from_classic', 'read_dataset_event' retrieved from /home/airflow/.local/lib/python3.12/site-packages/airflow/example_dags/example_inlet_event_extra.py
[2025-02-27T03:02:05.150+0000] {logging_mixin.py:190} INFO - [2025-02-27T03:02:05.149+0000] {dag.py:3239} INFO - Sync 2 DAGs
[2025-02-27T03:02:05.245+0000] {logging_mixin.py:190} INFO - [2025-02-27T03:02:05.242+0000] {dag.py:4180} INFO - Setting next_dagrun for read_dataset_event to 2025-02-26 00:00:00+00:00, run_after=2025-02-27 00:00:00+00:00
[2025-02-27T03:02:05.272+0000] {logging_mixin.py:190} INFO - [2025-02-27T03:02:05.271+0000] {dag.py:4180} INFO - Setting next_dagrun for read_dataset_event_from_classic to 2025-02-26 00:00:00+00:00, run_after=2025-02-27 00:00:00+00:00
[2025-02-27T03:02:05.348+0000] {processor.py:208} INFO - Processing /home/airflow/.local/lib/python3.12/site-packages/airflow/example_dags/example_inlet_event_extra.py took 1.825 seconds
[2025-02-27T03:02:36.174+0000] {processor.py:186} INFO - Started process (PID=1090) to work on /home/airflow/.local/lib/python3.12/site-packages/airflow/example_dags/example_inlet_event_extra.py
[2025-02-27T03:02:36.176+0000] {processor.py:914} INFO - Processing file /home/airflow/.local/lib/python3.12/site-packages/airflow/example_dags/example_inlet_event_extra.py for tasks to queue
[2025-02-27T03:02:36.181+0000] {logging_mixin.py:190} INFO - [2025-02-27T03:02:36.180+0000] {dagbag.py:588} INFO - Filling up the DagBag from /home/airflow/.local/lib/python3.12/site-packages/airflow/example_dags/example_inlet_event_extra.py
[2025-02-27T03:02:37.547+0000] {processor.py:925} INFO - DAG(s) 'read_dataset_event', 'read_dataset_event_from_classic' retrieved from /home/airflow/.local/lib/python3.12/site-packages/airflow/example_dags/example_inlet_event_extra.py
[2025-02-27T03:02:37.713+0000] {logging_mixin.py:190} INFO - [2025-02-27T03:02:37.713+0000] {dag.py:3239} INFO - Sync 2 DAGs
[2025-02-27T03:02:37.785+0000] {logging_mixin.py:190} INFO - [2025-02-27T03:02:37.785+0000] {dag.py:4180} INFO - Setting next_dagrun for read_dataset_event to 2025-02-26 00:00:00+00:00, run_after=2025-02-27 00:00:00+00:00
[2025-02-27T03:02:37.808+0000] {logging_mixin.py:190} INFO - [2025-02-27T03:02:37.808+0000] {dag.py:4180} INFO - Setting next_dagrun for read_dataset_event_from_classic to 2025-02-26 00:00:00+00:00, run_after=2025-02-27 00:00:00+00:00
[2025-02-27T03:02:37.884+0000] {processor.py:208} INFO - Processing /home/airflow/.local/lib/python3.12/site-packages/airflow/example_dags/example_inlet_event_extra.py took 1.721 seconds
[2025-02-27T03:03:08.492+0000] {processor.py:186} INFO - Started process (PID=1153) to work on /home/airflow/.local/lib/python3.12/site-packages/airflow/example_dags/example_inlet_event_extra.py
[2025-02-27T03:03:08.494+0000] {processor.py:914} INFO - Processing file /home/airflow/.local/lib/python3.12/site-packages/airflow/example_dags/example_inlet_event_extra.py for tasks to queue
[2025-02-27T03:03:08.499+0000] {logging_mixin.py:190} INFO - [2025-02-27T03:03:08.498+0000] {dagbag.py:588} INFO - Filling up the DagBag from /home/airflow/.local/lib/python3.12/site-packages/airflow/example_dags/example_inlet_event_extra.py
[2025-02-27T03:03:09.848+0000] {processor.py:925} INFO - DAG(s) 'read_dataset_event_from_classic', 'read_dataset_event' retrieved from /home/airflow/.local/lib/python3.12/site-packages/airflow/example_dags/example_inlet_event_extra.py
[2025-02-27T03:03:10.016+0000] {logging_mixin.py:190} INFO - [2025-02-27T03:03:10.015+0000] {dag.py:3239} INFO - Sync 2 DAGs
[2025-02-27T03:03:10.082+0000] {logging_mixin.py:190} INFO - [2025-02-27T03:03:10.082+0000] {dag.py:4180} INFO - Setting next_dagrun for read_dataset_event to 2025-02-26 00:00:00+00:00, run_after=2025-02-27 00:00:00+00:00
[2025-02-27T03:03:10.095+0000] {logging_mixin.py:190} INFO - [2025-02-27T03:03:10.094+0000] {dag.py:4180} INFO - Setting next_dagrun for read_dataset_event_from_classic to 2025-02-26 00:00:00+00:00, run_after=2025-02-27 00:00:00+00:00
[2025-02-27T03:03:10.155+0000] {processor.py:208} INFO - Processing /home/airflow/.local/lib/python3.12/site-packages/airflow/example_dags/example_inlet_event_extra.py took 1.671 seconds
[2025-02-27T03:03:41.088+0000] {processor.py:186} INFO - Started process (PID=1217) to work on /home/airflow/.local/lib/python3.12/site-packages/airflow/example_dags/example_inlet_event_extra.py
[2025-02-27T03:03:41.090+0000] {processor.py:914} INFO - Processing file /home/airflow/.local/lib/python3.12/site-packages/airflow/example_dags/example_inlet_event_extra.py for tasks to queue
[2025-02-27T03:03:41.094+0000] {logging_mixin.py:190} INFO - [2025-02-27T03:03:41.094+0000] {dagbag.py:588} INFO - Filling up the DagBag from /home/airflow/.local/lib/python3.12/site-packages/airflow/example_dags/example_inlet_event_extra.py
[2025-02-27T03:03:42.503+0000] {processor.py:925} INFO - DAG(s) 'read_dataset_event', 'read_dataset_event_from_classic' retrieved from /home/airflow/.local/lib/python3.12/site-packages/airflow/example_dags/example_inlet_event_extra.py
[2025-02-27T03:03:42.669+0000] {logging_mixin.py:190} INFO - [2025-02-27T03:03:42.668+0000] {dag.py:3239} INFO - Sync 2 DAGs
[2025-02-27T03:03:42.756+0000] {logging_mixin.py:190} INFO - [2025-02-27T03:03:42.756+0000] {dag.py:4180} INFO - Setting next_dagrun for read_dataset_event to 2025-02-26 00:00:00+00:00, run_after=2025-02-27 00:00:00+00:00
[2025-02-27T03:03:42.771+0000] {logging_mixin.py:190} INFO - [2025-02-27T03:03:42.771+0000] {dag.py:4180} INFO - Setting next_dagrun for read_dataset_event_from_classic to 2025-02-26 00:00:00+00:00, run_after=2025-02-27 00:00:00+00:00
[2025-02-27T03:03:42.832+0000] {processor.py:208} INFO - Processing /home/airflow/.local/lib/python3.12/site-packages/airflow/example_dags/example_inlet_event_extra.py took 1.756 seconds
[2025-02-27T03:04:12.952+0000] {processor.py:186} INFO - Started process (PID=1279) to work on /home/airflow/.local/lib/python3.12/site-packages/airflow/example_dags/example_inlet_event_extra.py
[2025-02-27T03:04:12.955+0000] {processor.py:914} INFO - Processing file /home/airflow/.local/lib/python3.12/site-packages/airflow/example_dags/example_inlet_event_extra.py for tasks to queue
[2025-02-27T03:04:12.959+0000] {logging_mixin.py:190} INFO - [2025-02-27T03:04:12.959+0000] {dagbag.py:588} INFO - Filling up the DagBag from /home/airflow/.local/lib/python3.12/site-packages/airflow/example_dags/example_inlet_event_extra.py
[2025-02-27T03:04:14.046+0000] {processor.py:925} INFO - DAG(s) 'read_dataset_event', 'read_dataset_event_from_classic' retrieved from /home/airflow/.local/lib/python3.12/site-packages/airflow/example_dags/example_inlet_event_extra.py
[2025-02-27T03:04:14.218+0000] {logging_mixin.py:190} INFO - [2025-02-27T03:04:14.217+0000] {dag.py:3239} INFO - Sync 2 DAGs
[2025-02-27T03:04:14.299+0000] {logging_mixin.py:190} INFO - [2025-02-27T03:04:14.299+0000] {dag.py:4180} INFO - Setting next_dagrun for read_dataset_event to 2025-02-26 00:00:00+00:00, run_after=2025-02-27 00:00:00+00:00
[2025-02-27T03:04:14.319+0000] {logging_mixin.py:190} INFO - [2025-02-27T03:04:14.318+0000] {dag.py:4180} INFO - Setting next_dagrun for read_dataset_event_from_classic to 2025-02-26 00:00:00+00:00, run_after=2025-02-27 00:00:00+00:00
[2025-02-27T03:04:14.381+0000] {processor.py:208} INFO - Processing /home/airflow/.local/lib/python3.12/site-packages/airflow/example_dags/example_inlet_event_extra.py took 1.438 seconds
[2025-02-27T03:04:44.566+0000] {processor.py:186} INFO - Started process (PID=1342) to work on /home/airflow/.local/lib/python3.12/site-packages/airflow/example_dags/example_inlet_event_extra.py
[2025-02-27T03:04:44.568+0000] {processor.py:914} INFO - Processing file /home/airflow/.local/lib/python3.12/site-packages/airflow/example_dags/example_inlet_event_extra.py for tasks to queue
[2025-02-27T03:04:44.572+0000] {logging_mixin.py:190} INFO - [2025-02-27T03:04:44.571+0000] {dagbag.py:588} INFO - Filling up the DagBag from /home/airflow/.local/lib/python3.12/site-packages/airflow/example_dags/example_inlet_event_extra.py
[2025-02-27T03:04:45.528+0000] {processor.py:925} INFO - DAG(s) 'read_dataset_event', 'read_dataset_event_from_classic' retrieved from /home/airflow/.local/lib/python3.12/site-packages/airflow/example_dags/example_inlet_event_extra.py
[2025-02-27T03:04:45.723+0000] {logging_mixin.py:190} INFO - [2025-02-27T03:04:45.722+0000] {dag.py:3239} INFO - Sync 2 DAGs
[2025-02-27T03:04:45.826+0000] {logging_mixin.py:190} INFO - [2025-02-27T03:04:45.825+0000] {dag.py:4180} INFO - Setting next_dagrun for read_dataset_event to 2025-02-26 00:00:00+00:00, run_after=2025-02-27 00:00:00+00:00
[2025-02-27T03:04:45.856+0000] {logging_mixin.py:190} INFO - [2025-02-27T03:04:45.856+0000] {dag.py:4180} INFO - Setting next_dagrun for read_dataset_event_from_classic to 2025-02-26 00:00:00+00:00, run_after=2025-02-27 00:00:00+00:00
[2025-02-27T03:04:45.934+0000] {processor.py:208} INFO - Processing /home/airflow/.local/lib/python3.12/site-packages/airflow/example_dags/example_inlet_event_extra.py took 1.377 seconds
[2025-02-27T03:05:16.835+0000] {processor.py:186} INFO - Started process (PID=1405) to work on /home/airflow/.local/lib/python3.12/site-packages/airflow/example_dags/example_inlet_event_extra.py
[2025-02-27T03:05:16.837+0000] {processor.py:914} INFO - Processing file /home/airflow/.local/lib/python3.12/site-packages/airflow/example_dags/example_inlet_event_extra.py for tasks to queue
[2025-02-27T03:05:16.841+0000] {logging_mixin.py:190} INFO - [2025-02-27T03:05:16.840+0000] {dagbag.py:588} INFO - Filling up the DagBag from /home/airflow/.local/lib/python3.12/site-packages/airflow/example_dags/example_inlet_event_extra.py
[2025-02-27T03:05:17.804+0000] {processor.py:925} INFO - DAG(s) 'read_dataset_event', 'read_dataset_event_from_classic' retrieved from /home/airflow/.local/lib/python3.12/site-packages/airflow/example_dags/example_inlet_event_extra.py
[2025-02-27T03:05:17.934+0000] {logging_mixin.py:190} INFO - [2025-02-27T03:05:17.933+0000] {dag.py:3239} INFO - Sync 2 DAGs
[2025-02-27T03:05:17.997+0000] {logging_mixin.py:190} INFO - [2025-02-27T03:05:17.996+0000] {dag.py:4180} INFO - Setting next_dagrun for read_dataset_event to 2025-02-26 00:00:00+00:00, run_after=2025-02-27 00:00:00+00:00
[2025-02-27T03:05:18.009+0000] {logging_mixin.py:190} INFO - [2025-02-27T03:05:18.009+0000] {dag.py:4180} INFO - Setting next_dagrun for read_dataset_event_from_classic to 2025-02-26 00:00:00+00:00, run_after=2025-02-27 00:00:00+00:00
[2025-02-27T03:05:18.068+0000] {processor.py:208} INFO - Processing /home/airflow/.local/lib/python3.12/site-packages/airflow/example_dags/example_inlet_event_extra.py took 1.244 seconds
[2025-02-27T03:05:48.199+0000] {processor.py:186} INFO - Started process (PID=1470) to work on /home/airflow/.local/lib/python3.12/site-packages/airflow/example_dags/example_inlet_event_extra.py
[2025-02-27T03:05:48.201+0000] {processor.py:914} INFO - Processing file /home/airflow/.local/lib/python3.12/site-packages/airflow/example_dags/example_inlet_event_extra.py for tasks to queue
[2025-02-27T03:05:48.205+0000] {logging_mixin.py:190} INFO - [2025-02-27T03:05:48.205+0000] {dagbag.py:588} INFO - Filling up the DagBag from /home/airflow/.local/lib/python3.12/site-packages/airflow/example_dags/example_inlet_event_extra.py
[2025-02-27T03:05:49.475+0000] {processor.py:925} INFO - DAG(s) 'read_dataset_event_from_classic', 'read_dataset_event' retrieved from /home/airflow/.local/lib/python3.12/site-packages/airflow/example_dags/example_inlet_event_extra.py
[2025-02-27T03:05:49.779+0000] {logging_mixin.py:190} INFO - [2025-02-27T03:05:49.778+0000] {dag.py:3239} INFO - Sync 2 DAGs
[2025-02-27T03:05:49.906+0000] {logging_mixin.py:190} INFO - [2025-02-27T03:05:49.906+0000] {dag.py:4180} INFO - Setting next_dagrun for read_dataset_event to 2025-02-26 00:00:00+00:00, run_after=2025-02-27 00:00:00+00:00
[2025-02-27T03:05:49.936+0000] {logging_mixin.py:190} INFO - [2025-02-27T03:05:49.935+0000] {dag.py:4180} INFO - Setting next_dagrun for read_dataset_event_from_classic to 2025-02-26 00:00:00+00:00, run_after=2025-02-27 00:00:00+00:00
[2025-02-27T03:05:49.999+0000] {processor.py:208} INFO - Processing /home/airflow/.local/lib/python3.12/site-packages/airflow/example_dags/example_inlet_event_extra.py took 1.813 seconds
[2025-02-27T03:06:20.320+0000] {processor.py:186} INFO - Started process (PID=1542) to work on /home/airflow/.local/lib/python3.12/site-packages/airflow/example_dags/example_inlet_event_extra.py
[2025-02-27T03:06:20.322+0000] {processor.py:914} INFO - Processing file /home/airflow/.local/lib/python3.12/site-packages/airflow/example_dags/example_inlet_event_extra.py for tasks to queue
[2025-02-27T03:06:20.328+0000] {logging_mixin.py:190} INFO - [2025-02-27T03:06:20.327+0000] {dagbag.py:588} INFO - Filling up the DagBag from /home/airflow/.local/lib/python3.12/site-packages/airflow/example_dags/example_inlet_event_extra.py
[2025-02-27T03:06:21.689+0000] {processor.py:925} INFO - DAG(s) 'read_dataset_event', 'read_dataset_event_from_classic' retrieved from /home/airflow/.local/lib/python3.12/site-packages/airflow/example_dags/example_inlet_event_extra.py
[2025-02-27T03:06:21.922+0000] {logging_mixin.py:190} INFO - [2025-02-27T03:06:21.922+0000] {dag.py:3239} INFO - Sync 2 DAGs
[2025-02-27T03:06:22.040+0000] {logging_mixin.py:190} INFO - [2025-02-27T03:06:22.040+0000] {dag.py:4180} INFO - Setting next_dagrun for read_dataset_event to 2025-02-26 00:00:00+00:00, run_after=2025-02-27 00:00:00+00:00
[2025-02-27T03:06:22.063+0000] {logging_mixin.py:190} INFO - [2025-02-27T03:06:22.062+0000] {dag.py:4180} INFO - Setting next_dagrun for read_dataset_event_from_classic to 2025-02-26 00:00:00+00:00, run_after=2025-02-27 00:00:00+00:00
[2025-02-27T03:06:22.115+0000] {processor.py:208} INFO - Processing /home/airflow/.local/lib/python3.12/site-packages/airflow/example_dags/example_inlet_event_extra.py took 1.809 seconds
[2025-02-27T03:06:52.650+0000] {processor.py:186} INFO - Started process (PID=1608) to work on /home/airflow/.local/lib/python3.12/site-packages/airflow/example_dags/example_inlet_event_extra.py
[2025-02-27T03:06:52.651+0000] {processor.py:914} INFO - Processing file /home/airflow/.local/lib/python3.12/site-packages/airflow/example_dags/example_inlet_event_extra.py for tasks to queue
[2025-02-27T03:06:52.655+0000] {logging_mixin.py:190} INFO - [2025-02-27T03:06:52.654+0000] {dagbag.py:588} INFO - Filling up the DagBag from /home/airflow/.local/lib/python3.12/site-packages/airflow/example_dags/example_inlet_event_extra.py
[2025-02-27T03:06:53.742+0000] {processor.py:925} INFO - DAG(s) 'read_dataset_event', 'read_dataset_event_from_classic' retrieved from /home/airflow/.local/lib/python3.12/site-packages/airflow/example_dags/example_inlet_event_extra.py
[2025-02-27T03:06:53.911+0000] {logging_mixin.py:190} INFO - [2025-02-27T03:06:53.911+0000] {dag.py:3239} INFO - Sync 2 DAGs
[2025-02-27T03:06:53.998+0000] {logging_mixin.py:190} INFO - [2025-02-27T03:06:53.997+0000] {dag.py:4180} INFO - Setting next_dagrun for read_dataset_event to 2025-02-26 00:00:00+00:00, run_after=2025-02-27 00:00:00+00:00
[2025-02-27T03:06:54.014+0000] {logging_mixin.py:190} INFO - [2025-02-27T03:06:54.013+0000] {dag.py:4180} INFO - Setting next_dagrun for read_dataset_event_from_classic to 2025-02-26 00:00:00+00:00, run_after=2025-02-27 00:00:00+00:00
[2025-02-27T03:06:54.085+0000] {processor.py:208} INFO - Processing /home/airflow/.local/lib/python3.12/site-packages/airflow/example_dags/example_inlet_event_extra.py took 1.443 seconds
[2025-02-27T03:07:24.325+0000] {processor.py:186} INFO - Started process (PID=1673) to work on /home/airflow/.local/lib/python3.12/site-packages/airflow/example_dags/example_inlet_event_extra.py
[2025-02-27T03:07:24.327+0000] {processor.py:914} INFO - Processing file /home/airflow/.local/lib/python3.12/site-packages/airflow/example_dags/example_inlet_event_extra.py for tasks to queue
[2025-02-27T03:07:24.332+0000] {logging_mixin.py:190} INFO - [2025-02-27T03:07:24.331+0000] {dagbag.py:588} INFO - Filling up the DagBag from /home/airflow/.local/lib/python3.12/site-packages/airflow/example_dags/example_inlet_event_extra.py
[2025-02-27T03:07:25.483+0000] {processor.py:925} INFO - DAG(s) 'read_dataset_event', 'read_dataset_event_from_classic' retrieved from /home/airflow/.local/lib/python3.12/site-packages/airflow/example_dags/example_inlet_event_extra.py
[2025-02-27T03:07:25.669+0000] {logging_mixin.py:190} INFO - [2025-02-27T03:07:25.669+0000] {dag.py:3239} INFO - Sync 2 DAGs
[2025-02-27T03:07:25.763+0000] {logging_mixin.py:190} INFO - [2025-02-27T03:07:25.760+0000] {dag.py:4180} INFO - Setting next_dagrun for read_dataset_event to 2025-02-26 00:00:00+00:00, run_after=2025-02-27 00:00:00+00:00
[2025-02-27T03:07:25.780+0000] {logging_mixin.py:190} INFO - [2025-02-27T03:07:25.780+0000] {dag.py:4180} INFO - Setting next_dagrun for read_dataset_event_from_classic to 2025-02-26 00:00:00+00:00, run_after=2025-02-27 00:00:00+00:00
[2025-02-27T03:07:25.866+0000] {processor.py:208} INFO - Processing /home/airflow/.local/lib/python3.12/site-packages/airflow/example_dags/example_inlet_event_extra.py took 1.551 seconds
[2025-02-27T03:07:56.296+0000] {processor.py:186} INFO - Started process (PID=1738) to work on /home/airflow/.local/lib/python3.12/site-packages/airflow/example_dags/example_inlet_event_extra.py
[2025-02-27T03:07:56.298+0000] {processor.py:914} INFO - Processing file /home/airflow/.local/lib/python3.12/site-packages/airflow/example_dags/example_inlet_event_extra.py for tasks to queue
[2025-02-27T03:07:56.303+0000] {logging_mixin.py:190} INFO - [2025-02-27T03:07:56.302+0000] {dagbag.py:588} INFO - Filling up the DagBag from /home/airflow/.local/lib/python3.12/site-packages/airflow/example_dags/example_inlet_event_extra.py
[2025-02-27T03:07:57.766+0000] {processor.py:925} INFO - DAG(s) 'read_dataset_event_from_classic', 'read_dataset_event' retrieved from /home/airflow/.local/lib/python3.12/site-packages/airflow/example_dags/example_inlet_event_extra.py
[2025-02-27T03:07:57.948+0000] {logging_mixin.py:190} INFO - [2025-02-27T03:07:57.947+0000] {dag.py:3239} INFO - Sync 2 DAGs
[2025-02-27T03:07:58.017+0000] {logging_mixin.py:190} INFO - [2025-02-27T03:07:58.016+0000] {dag.py:4180} INFO - Setting next_dagrun for read_dataset_event to 2025-02-26 00:00:00+00:00, run_after=2025-02-27 00:00:00+00:00
[2025-02-27T03:07:58.035+0000] {logging_mixin.py:190} INFO - [2025-02-27T03:07:58.034+0000] {dag.py:4180} INFO - Setting next_dagrun for read_dataset_event_from_classic to 2025-02-26 00:00:00+00:00, run_after=2025-02-27 00:00:00+00:00
[2025-02-27T03:07:58.085+0000] {processor.py:208} INFO - Processing /home/airflow/.local/lib/python3.12/site-packages/airflow/example_dags/example_inlet_event_extra.py took 1.808 seconds
[2025-02-27T03:08:28.194+0000] {processor.py:186} INFO - Started process (PID=1804) to work on /home/airflow/.local/lib/python3.12/site-packages/airflow/example_dags/example_inlet_event_extra.py
[2025-02-27T03:08:28.197+0000] {processor.py:914} INFO - Processing file /home/airflow/.local/lib/python3.12/site-packages/airflow/example_dags/example_inlet_event_extra.py for tasks to queue
[2025-02-27T03:08:28.201+0000] {logging_mixin.py:190} INFO - [2025-02-27T03:08:28.200+0000] {dagbag.py:588} INFO - Filling up the DagBag from /home/airflow/.local/lib/python3.12/site-packages/airflow/example_dags/example_inlet_event_extra.py
[2025-02-27T03:08:29.249+0000] {processor.py:925} INFO - DAG(s) 'read_dataset_event', 'read_dataset_event_from_classic' retrieved from /home/airflow/.local/lib/python3.12/site-packages/airflow/example_dags/example_inlet_event_extra.py
[2025-02-27T03:08:29.411+0000] {logging_mixin.py:190} INFO - [2025-02-27T03:08:29.411+0000] {dag.py:3239} INFO - Sync 2 DAGs
[2025-02-27T03:08:29.487+0000] {logging_mixin.py:190} INFO - [2025-02-27T03:08:29.487+0000] {dag.py:4180} INFO - Setting next_dagrun for read_dataset_event to 2025-02-26 00:00:00+00:00, run_after=2025-02-27 00:00:00+00:00
[2025-02-27T03:08:29.505+0000] {logging_mixin.py:190} INFO - [2025-02-27T03:08:29.504+0000] {dag.py:4180} INFO - Setting next_dagrun for read_dataset_event_from_classic to 2025-02-26 00:00:00+00:00, run_after=2025-02-27 00:00:00+00:00
[2025-02-27T03:08:29.575+0000] {processor.py:208} INFO - Processing /home/airflow/.local/lib/python3.12/site-packages/airflow/example_dags/example_inlet_event_extra.py took 1.390 seconds
[2025-02-27T03:08:59.853+0000] {processor.py:186} INFO - Started process (PID=1868) to work on /home/airflow/.local/lib/python3.12/site-packages/airflow/example_dags/example_inlet_event_extra.py
[2025-02-27T03:08:59.855+0000] {processor.py:914} INFO - Processing file /home/airflow/.local/lib/python3.12/site-packages/airflow/example_dags/example_inlet_event_extra.py for tasks to queue
[2025-02-27T03:08:59.859+0000] {logging_mixin.py:190} INFO - [2025-02-27T03:08:59.859+0000] {dagbag.py:588} INFO - Filling up the DagBag from /home/airflow/.local/lib/python3.12/site-packages/airflow/example_dags/example_inlet_event_extra.py
[2025-02-27T03:09:01.155+0000] {processor.py:925} INFO - DAG(s) 'read_dataset_event_from_classic', 'read_dataset_event' retrieved from /home/airflow/.local/lib/python3.12/site-packages/airflow/example_dags/example_inlet_event_extra.py
[2025-02-27T03:09:01.399+0000] {logging_mixin.py:190} INFO - [2025-02-27T03:09:01.398+0000] {dag.py:3239} INFO - Sync 2 DAGs
[2025-02-27T03:09:01.505+0000] {logging_mixin.py:190} INFO - [2025-02-27T03:09:01.505+0000] {dag.py:4180} INFO - Setting next_dagrun for read_dataset_event to 2025-02-26 00:00:00+00:00, run_after=2025-02-27 00:00:00+00:00
[2025-02-27T03:09:01.524+0000] {logging_mixin.py:190} INFO - [2025-02-27T03:09:01.524+0000] {dag.py:4180} INFO - Setting next_dagrun for read_dataset_event_from_classic to 2025-02-26 00:00:00+00:00, run_after=2025-02-27 00:00:00+00:00
[2025-02-27T03:09:01.582+0000] {processor.py:208} INFO - Processing /home/airflow/.local/lib/python3.12/site-packages/airflow/example_dags/example_inlet_event_extra.py took 1.739 seconds
[2025-02-27T03:09:31.709+0000] {processor.py:186} INFO - Started process (PID=1933) to work on /home/airflow/.local/lib/python3.12/site-packages/airflow/example_dags/example_inlet_event_extra.py
[2025-02-27T03:09:31.711+0000] {processor.py:914} INFO - Processing file /home/airflow/.local/lib/python3.12/site-packages/airflow/example_dags/example_inlet_event_extra.py for tasks to queue
[2025-02-27T03:09:31.717+0000] {logging_mixin.py:190} INFO - [2025-02-27T03:09:31.716+0000] {dagbag.py:588} INFO - Filling up the DagBag from /home/airflow/.local/lib/python3.12/site-packages/airflow/example_dags/example_inlet_event_extra.py
[2025-02-27T03:09:33.198+0000] {processor.py:925} INFO - DAG(s) 'read_dataset_event', 'read_dataset_event_from_classic' retrieved from /home/airflow/.local/lib/python3.12/site-packages/airflow/example_dags/example_inlet_event_extra.py
[2025-02-27T03:09:33.375+0000] {logging_mixin.py:190} INFO - [2025-02-27T03:09:33.374+0000] {dag.py:3239} INFO - Sync 2 DAGs
[2025-02-27T03:09:33.457+0000] {logging_mixin.py:190} INFO - [2025-02-27T03:09:33.457+0000] {dag.py:4180} INFO - Setting next_dagrun for read_dataset_event to 2025-02-26 00:00:00+00:00, run_after=2025-02-27 00:00:00+00:00
[2025-02-27T03:09:33.476+0000] {logging_mixin.py:190} INFO - [2025-02-27T03:09:33.475+0000] {dag.py:4180} INFO - Setting next_dagrun for read_dataset_event_from_classic to 2025-02-26 00:00:00+00:00, run_after=2025-02-27 00:00:00+00:00
[2025-02-27T03:09:33.552+0000] {processor.py:208} INFO - Processing /home/airflow/.local/lib/python3.12/site-packages/airflow/example_dags/example_inlet_event_extra.py took 1.859 seconds
[2025-02-27T03:10:04.581+0000] {processor.py:186} INFO - Started process (PID=1999) to work on /home/airflow/.local/lib/python3.12/site-packages/airflow/example_dags/example_inlet_event_extra.py
[2025-02-27T03:10:04.583+0000] {processor.py:914} INFO - Processing file /home/airflow/.local/lib/python3.12/site-packages/airflow/example_dags/example_inlet_event_extra.py for tasks to queue
[2025-02-27T03:10:04.587+0000] {logging_mixin.py:190} INFO - [2025-02-27T03:10:04.586+0000] {dagbag.py:588} INFO - Filling up the DagBag from /home/airflow/.local/lib/python3.12/site-packages/airflow/example_dags/example_inlet_event_extra.py
[2025-02-27T03:10:05.655+0000] {processor.py:925} INFO - DAG(s) 'read_dataset_event', 'read_dataset_event_from_classic' retrieved from /home/airflow/.local/lib/python3.12/site-packages/airflow/example_dags/example_inlet_event_extra.py
[2025-02-27T03:10:05.814+0000] {logging_mixin.py:190} INFO - [2025-02-27T03:10:05.814+0000] {dag.py:3239} INFO - Sync 2 DAGs
[2025-02-27T03:10:05.885+0000] {logging_mixin.py:190} INFO - [2025-02-27T03:10:05.884+0000] {dag.py:4180} INFO - Setting next_dagrun for read_dataset_event to 2025-02-26 00:00:00+00:00, run_after=2025-02-27 00:00:00+00:00
[2025-02-27T03:10:05.899+0000] {logging_mixin.py:190} INFO - [2025-02-27T03:10:05.899+0000] {dag.py:4180} INFO - Setting next_dagrun for read_dataset_event_from_classic to 2025-02-26 00:00:00+00:00, run_after=2025-02-27 00:00:00+00:00
[2025-02-27T03:10:05.957+0000] {processor.py:208} INFO - Processing /home/airflow/.local/lib/python3.12/site-packages/airflow/example_dags/example_inlet_event_extra.py took 1.383 seconds
[2025-02-27T03:10:36.704+0000] {processor.py:186} INFO - Started process (PID=2064) to work on /home/airflow/.local/lib/python3.12/site-packages/airflow/example_dags/example_inlet_event_extra.py
[2025-02-27T03:10:36.707+0000] {processor.py:914} INFO - Processing file /home/airflow/.local/lib/python3.12/site-packages/airflow/example_dags/example_inlet_event_extra.py for tasks to queue
[2025-02-27T03:10:36.711+0000] {logging_mixin.py:190} INFO - [2025-02-27T03:10:36.711+0000] {dagbag.py:588} INFO - Filling up the DagBag from /home/airflow/.local/lib/python3.12/site-packages/airflow/example_dags/example_inlet_event_extra.py
[2025-02-27T03:10:37.768+0000] {processor.py:925} INFO - DAG(s) 'read_dataset_event_from_classic', 'read_dataset_event' retrieved from /home/airflow/.local/lib/python3.12/site-packages/airflow/example_dags/example_inlet_event_extra.py
[2025-02-27T03:10:37.932+0000] {logging_mixin.py:190} INFO - [2025-02-27T03:10:37.931+0000] {dag.py:3239} INFO - Sync 2 DAGs
[2025-02-27T03:10:38.010+0000] {logging_mixin.py:190} INFO - [2025-02-27T03:10:38.010+0000] {dag.py:4180} INFO - Setting next_dagrun for read_dataset_event to 2025-02-26 00:00:00+00:00, run_after=2025-02-27 00:00:00+00:00
[2025-02-27T03:10:38.021+0000] {logging_mixin.py:190} INFO - [2025-02-27T03:10:38.021+0000] {dag.py:4180} INFO - Setting next_dagrun for read_dataset_event_from_classic to 2025-02-26 00:00:00+00:00, run_after=2025-02-27 00:00:00+00:00
[2025-02-27T03:10:38.058+0000] {processor.py:208} INFO - Processing /home/airflow/.local/lib/python3.12/site-packages/airflow/example_dags/example_inlet_event_extra.py took 1.366 seconds
[2025-02-27T03:11:08.764+0000] {processor.py:186} INFO - Started process (PID=2130) to work on /home/airflow/.local/lib/python3.12/site-packages/airflow/example_dags/example_inlet_event_extra.py
[2025-02-27T03:11:08.766+0000] {processor.py:914} INFO - Processing file /home/airflow/.local/lib/python3.12/site-packages/airflow/example_dags/example_inlet_event_extra.py for tasks to queue
[2025-02-27T03:11:08.769+0000] {logging_mixin.py:190} INFO - [2025-02-27T03:11:08.769+0000] {dagbag.py:588} INFO - Filling up the DagBag from /home/airflow/.local/lib/python3.12/site-packages/airflow/example_dags/example_inlet_event_extra.py
[2025-02-27T03:11:09.863+0000] {processor.py:925} INFO - DAG(s) 'read_dataset_event_from_classic', 'read_dataset_event' retrieved from /home/airflow/.local/lib/python3.12/site-packages/airflow/example_dags/example_inlet_event_extra.py
[2025-02-27T03:11:10.018+0000] {logging_mixin.py:190} INFO - [2025-02-27T03:11:10.017+0000] {dag.py:3239} INFO - Sync 2 DAGs
[2025-02-27T03:11:10.089+0000] {logging_mixin.py:190} INFO - [2025-02-27T03:11:10.088+0000] {dag.py:4180} INFO - Setting next_dagrun for read_dataset_event to 2025-02-26 00:00:00+00:00, run_after=2025-02-27 00:00:00+00:00
[2025-02-27T03:11:10.121+0000] {logging_mixin.py:190} INFO - [2025-02-27T03:11:10.121+0000] {dag.py:4180} INFO - Setting next_dagrun for read_dataset_event_from_classic to 2025-02-26 00:00:00+00:00, run_after=2025-02-27 00:00:00+00:00
[2025-02-27T03:11:10.186+0000] {processor.py:208} INFO - Processing /home/airflow/.local/lib/python3.12/site-packages/airflow/example_dags/example_inlet_event_extra.py took 1.429 seconds
[2025-02-27T03:11:40.367+0000] {processor.py:186} INFO - Started process (PID=2196) to work on /home/airflow/.local/lib/python3.12/site-packages/airflow/example_dags/example_inlet_event_extra.py
[2025-02-27T03:11:40.369+0000] {processor.py:914} INFO - Processing file /home/airflow/.local/lib/python3.12/site-packages/airflow/example_dags/example_inlet_event_extra.py for tasks to queue
[2025-02-27T03:11:40.372+0000] {logging_mixin.py:190} INFO - [2025-02-27T03:11:40.372+0000] {dagbag.py:588} INFO - Filling up the DagBag from /home/airflow/.local/lib/python3.12/site-packages/airflow/example_dags/example_inlet_event_extra.py
[2025-02-27T03:11:41.685+0000] {processor.py:925} INFO - DAG(s) 'read_dataset_event_from_classic', 'read_dataset_event' retrieved from /home/airflow/.local/lib/python3.12/site-packages/airflow/example_dags/example_inlet_event_extra.py
[2025-02-27T03:11:41.889+0000] {logging_mixin.py:190} INFO - [2025-02-27T03:11:41.889+0000] {dag.py:3239} INFO - Sync 2 DAGs
[2025-02-27T03:11:41.983+0000] {logging_mixin.py:190} INFO - [2025-02-27T03:11:41.983+0000] {dag.py:4180} INFO - Setting next_dagrun for read_dataset_event to 2025-02-26 00:00:00+00:00, run_after=2025-02-27 00:00:00+00:00
[2025-02-27T03:11:42.003+0000] {logging_mixin.py:190} INFO - [2025-02-27T03:11:42.002+0000] {dag.py:4180} INFO - Setting next_dagrun for read_dataset_event_from_classic to 2025-02-26 00:00:00+00:00, run_after=2025-02-27 00:00:00+00:00
[2025-02-27T03:11:42.074+0000] {processor.py:208} INFO - Processing /home/airflow/.local/lib/python3.12/site-packages/airflow/example_dags/example_inlet_event_extra.py took 1.716 seconds
[2025-02-27T03:12:12.670+0000] {processor.py:186} INFO - Started process (PID=2262) to work on /home/airflow/.local/lib/python3.12/site-packages/airflow/example_dags/example_inlet_event_extra.py
[2025-02-27T03:12:12.675+0000] {processor.py:914} INFO - Processing file /home/airflow/.local/lib/python3.12/site-packages/airflow/example_dags/example_inlet_event_extra.py for tasks to queue
[2025-02-27T03:12:12.685+0000] {logging_mixin.py:190} INFO - [2025-02-27T03:12:12.684+0000] {dagbag.py:588} INFO - Filling up the DagBag from /home/airflow/.local/lib/python3.12/site-packages/airflow/example_dags/example_inlet_event_extra.py
[2025-02-27T03:12:14.331+0000] {processor.py:925} INFO - DAG(s) 'read_dataset_event', 'read_dataset_event_from_classic' retrieved from /home/airflow/.local/lib/python3.12/site-packages/airflow/example_dags/example_inlet_event_extra.py
[2025-02-27T03:12:14.490+0000] {logging_mixin.py:190} INFO - [2025-02-27T03:12:14.489+0000] {dag.py:3239} INFO - Sync 2 DAGs
[2025-02-27T03:12:14.552+0000] {logging_mixin.py:190} INFO - [2025-02-27T03:12:14.551+0000] {dag.py:4180} INFO - Setting next_dagrun for read_dataset_event to 2025-02-26 00:00:00+00:00, run_after=2025-02-27 00:00:00+00:00
[2025-02-27T03:12:14.564+0000] {logging_mixin.py:190} INFO - [2025-02-27T03:12:14.563+0000] {dag.py:4180} INFO - Setting next_dagrun for read_dataset_event_from_classic to 2025-02-26 00:00:00+00:00, run_after=2025-02-27 00:00:00+00:00
[2025-02-27T03:12:14.619+0000] {processor.py:208} INFO - Processing /home/airflow/.local/lib/python3.12/site-packages/airflow/example_dags/example_inlet_event_extra.py took 1.988 seconds
[2025-02-27T03:12:44.813+0000] {processor.py:186} INFO - Started process (PID=2328) to work on /home/airflow/.local/lib/python3.12/site-packages/airflow/example_dags/example_inlet_event_extra.py
[2025-02-27T03:12:44.815+0000] {processor.py:914} INFO - Processing file /home/airflow/.local/lib/python3.12/site-packages/airflow/example_dags/example_inlet_event_extra.py for tasks to queue
[2025-02-27T03:12:44.819+0000] {logging_mixin.py:190} INFO - [2025-02-27T03:12:44.818+0000] {dagbag.py:588} INFO - Filling up the DagBag from /home/airflow/.local/lib/python3.12/site-packages/airflow/example_dags/example_inlet_event_extra.py
[2025-02-27T03:12:45.792+0000] {processor.py:925} INFO - DAG(s) 'read_dataset_event_from_classic', 'read_dataset_event' retrieved from /home/airflow/.local/lib/python3.12/site-packages/airflow/example_dags/example_inlet_event_extra.py
[2025-02-27T03:12:45.936+0000] {logging_mixin.py:190} INFO - [2025-02-27T03:12:45.936+0000] {dag.py:3239} INFO - Sync 2 DAGs
[2025-02-27T03:12:46.017+0000] {logging_mixin.py:190} INFO - [2025-02-27T03:12:46.016+0000] {dag.py:4180} INFO - Setting next_dagrun for read_dataset_event to 2025-02-26 00:00:00+00:00, run_after=2025-02-27 00:00:00+00:00
[2025-02-27T03:12:46.035+0000] {logging_mixin.py:190} INFO - [2025-02-27T03:12:46.034+0000] {dag.py:4180} INFO - Setting next_dagrun for read_dataset_event_from_classic to 2025-02-26 00:00:00+00:00, run_after=2025-02-27 00:00:00+00:00
[2025-02-27T03:12:46.122+0000] {processor.py:208} INFO - Processing /home/airflow/.local/lib/python3.12/site-packages/airflow/example_dags/example_inlet_event_extra.py took 1.318 seconds
[2025-02-27T03:13:16.252+0000] {processor.py:186} INFO - Started process (PID=2391) to work on /home/airflow/.local/lib/python3.12/site-packages/airflow/example_dags/example_inlet_event_extra.py
[2025-02-27T03:13:16.255+0000] {processor.py:914} INFO - Processing file /home/airflow/.local/lib/python3.12/site-packages/airflow/example_dags/example_inlet_event_extra.py for tasks to queue
[2025-02-27T03:13:16.260+0000] {logging_mixin.py:190} INFO - [2025-02-27T03:13:16.260+0000] {dagbag.py:588} INFO - Filling up the DagBag from /home/airflow/.local/lib/python3.12/site-packages/airflow/example_dags/example_inlet_event_extra.py
[2025-02-27T03:13:17.472+0000] {processor.py:925} INFO - DAG(s) 'read_dataset_event', 'read_dataset_event_from_classic' retrieved from /home/airflow/.local/lib/python3.12/site-packages/airflow/example_dags/example_inlet_event_extra.py
[2025-02-27T03:13:17.621+0000] {logging_mixin.py:190} INFO - [2025-02-27T03:13:17.621+0000] {dag.py:3239} INFO - Sync 2 DAGs
[2025-02-27T03:13:17.678+0000] {logging_mixin.py:190} INFO - [2025-02-27T03:13:17.678+0000] {dag.py:4180} INFO - Setting next_dagrun for read_dataset_event to 2025-02-26 00:00:00+00:00, run_after=2025-02-27 00:00:00+00:00
[2025-02-27T03:13:17.689+0000] {logging_mixin.py:190} INFO - [2025-02-27T03:13:17.689+0000] {dag.py:4180} INFO - Setting next_dagrun for read_dataset_event_from_classic to 2025-02-26 00:00:00+00:00, run_after=2025-02-27 00:00:00+00:00
[2025-02-27T03:13:17.736+0000] {processor.py:208} INFO - Processing /home/airflow/.local/lib/python3.12/site-packages/airflow/example_dags/example_inlet_event_extra.py took 1.494 seconds
[2025-02-27T03:13:47.893+0000] {processor.py:186} INFO - Started process (PID=2454) to work on /home/airflow/.local/lib/python3.12/site-packages/airflow/example_dags/example_inlet_event_extra.py
[2025-02-27T03:13:47.894+0000] {processor.py:914} INFO - Processing file /home/airflow/.local/lib/python3.12/site-packages/airflow/example_dags/example_inlet_event_extra.py for tasks to queue
[2025-02-27T03:13:47.898+0000] {logging_mixin.py:190} INFO - [2025-02-27T03:13:47.898+0000] {dagbag.py:588} INFO - Filling up the DagBag from /home/airflow/.local/lib/python3.12/site-packages/airflow/example_dags/example_inlet_event_extra.py
[2025-02-27T03:13:48.767+0000] {processor.py:925} INFO - DAG(s) 'read_dataset_event', 'read_dataset_event_from_classic' retrieved from /home/airflow/.local/lib/python3.12/site-packages/airflow/example_dags/example_inlet_event_extra.py
[2025-02-27T03:13:48.899+0000] {logging_mixin.py:190} INFO - [2025-02-27T03:13:48.898+0000] {dag.py:3239} INFO - Sync 2 DAGs
[2025-02-27T03:13:48.965+0000] {logging_mixin.py:190} INFO - [2025-02-27T03:13:48.964+0000] {dag.py:4180} INFO - Setting next_dagrun for read_dataset_event to 2025-02-26 00:00:00+00:00, run_after=2025-02-27 00:00:00+00:00
[2025-02-27T03:13:48.978+0000] {logging_mixin.py:190} INFO - [2025-02-27T03:13:48.977+0000] {dag.py:4180} INFO - Setting next_dagrun for read_dataset_event_from_classic to 2025-02-26 00:00:00+00:00, run_after=2025-02-27 00:00:00+00:00
[2025-02-27T03:13:49.034+0000] {processor.py:208} INFO - Processing /home/airflow/.local/lib/python3.12/site-packages/airflow/example_dags/example_inlet_event_extra.py took 1.149 seconds
[2025-02-27T03:14:19.577+0000] {processor.py:186} INFO - Started process (PID=2523) to work on /home/airflow/.local/lib/python3.12/site-packages/airflow/example_dags/example_inlet_event_extra.py
[2025-02-27T03:14:19.579+0000] {processor.py:914} INFO - Processing file /home/airflow/.local/lib/python3.12/site-packages/airflow/example_dags/example_inlet_event_extra.py for tasks to queue
[2025-02-27T03:14:19.582+0000] {logging_mixin.py:190} INFO - [2025-02-27T03:14:19.582+0000] {dagbag.py:588} INFO - Filling up the DagBag from /home/airflow/.local/lib/python3.12/site-packages/airflow/example_dags/example_inlet_event_extra.py
[2025-02-27T03:14:20.567+0000] {processor.py:925} INFO - DAG(s) 'read_dataset_event', 'read_dataset_event_from_classic' retrieved from /home/airflow/.local/lib/python3.12/site-packages/airflow/example_dags/example_inlet_event_extra.py
[2025-02-27T03:14:20.707+0000] {logging_mixin.py:190} INFO - [2025-02-27T03:14:20.707+0000] {dag.py:3239} INFO - Sync 2 DAGs
[2025-02-27T03:14:20.769+0000] {logging_mixin.py:190} INFO - [2025-02-27T03:14:20.768+0000] {dag.py:4180} INFO - Setting next_dagrun for read_dataset_event to 2025-02-26 00:00:00+00:00, run_after=2025-02-27 00:00:00+00:00
[2025-02-27T03:14:20.781+0000] {logging_mixin.py:190} INFO - [2025-02-27T03:14:20.781+0000] {dag.py:4180} INFO - Setting next_dagrun for read_dataset_event_from_classic to 2025-02-26 00:00:00+00:00, run_after=2025-02-27 00:00:00+00:00
[2025-02-27T03:14:20.833+0000] {processor.py:208} INFO - Processing /home/airflow/.local/lib/python3.12/site-packages/airflow/example_dags/example_inlet_event_extra.py took 1.266 seconds
[2025-02-27T03:14:51.136+0000] {processor.py:186} INFO - Started process (PID=2588) to work on /home/airflow/.local/lib/python3.12/site-packages/airflow/example_dags/example_inlet_event_extra.py
[2025-02-27T03:14:51.137+0000] {processor.py:914} INFO - Processing file /home/airflow/.local/lib/python3.12/site-packages/airflow/example_dags/example_inlet_event_extra.py for tasks to queue
[2025-02-27T03:14:51.142+0000] {logging_mixin.py:190} INFO - [2025-02-27T03:14:51.141+0000] {dagbag.py:588} INFO - Filling up the DagBag from /home/airflow/.local/lib/python3.12/site-packages/airflow/example_dags/example_inlet_event_extra.py
[2025-02-27T03:14:52.553+0000] {processor.py:925} INFO - DAG(s) 'read_dataset_event_from_classic', 'read_dataset_event' retrieved from /home/airflow/.local/lib/python3.12/site-packages/airflow/example_dags/example_inlet_event_extra.py
[2025-02-27T03:14:52.690+0000] {logging_mixin.py:190} INFO - [2025-02-27T03:14:52.690+0000] {dag.py:3239} INFO - Sync 2 DAGs
[2025-02-27T03:14:52.757+0000] {logging_mixin.py:190} INFO - [2025-02-27T03:14:52.757+0000] {dag.py:4180} INFO - Setting next_dagrun for read_dataset_event to 2025-02-26 00:00:00+00:00, run_after=2025-02-27 00:00:00+00:00
[2025-02-27T03:14:52.769+0000] {logging_mixin.py:190} INFO - [2025-02-27T03:14:52.769+0000] {dag.py:4180} INFO - Setting next_dagrun for read_dataset_event_from_classic to 2025-02-26 00:00:00+00:00, run_after=2025-02-27 00:00:00+00:00
[2025-02-27T03:14:52.822+0000] {processor.py:208} INFO - Processing /home/airflow/.local/lib/python3.12/site-packages/airflow/example_dags/example_inlet_event_extra.py took 1.696 seconds
[2025-02-27T03:15:23.782+0000] {processor.py:186} INFO - Started process (PID=2651) to work on /home/airflow/.local/lib/python3.12/site-packages/airflow/example_dags/example_inlet_event_extra.py
[2025-02-27T03:15:23.783+0000] {processor.py:914} INFO - Processing file /home/airflow/.local/lib/python3.12/site-packages/airflow/example_dags/example_inlet_event_extra.py for tasks to queue
[2025-02-27T03:15:23.787+0000] {logging_mixin.py:190} INFO - [2025-02-27T03:15:23.786+0000] {dagbag.py:588} INFO - Filling up the DagBag from /home/airflow/.local/lib/python3.12/site-packages/airflow/example_dags/example_inlet_event_extra.py
[2025-02-27T03:15:24.721+0000] {processor.py:925} INFO - DAG(s) 'read_dataset_event_from_classic', 'read_dataset_event' retrieved from /home/airflow/.local/lib/python3.12/site-packages/airflow/example_dags/example_inlet_event_extra.py
[2025-02-27T03:15:24.865+0000] {logging_mixin.py:190} INFO - [2025-02-27T03:15:24.864+0000] {dag.py:3239} INFO - Sync 2 DAGs
[2025-02-27T03:15:24.933+0000] {logging_mixin.py:190} INFO - [2025-02-27T03:15:24.933+0000] {dag.py:4180} INFO - Setting next_dagrun for read_dataset_event to 2025-02-26 00:00:00+00:00, run_after=2025-02-27 00:00:00+00:00
[2025-02-27T03:15:24.944+0000] {logging_mixin.py:190} INFO - [2025-02-27T03:15:24.943+0000] {dag.py:4180} INFO - Setting next_dagrun for read_dataset_event_from_classic to 2025-02-26 00:00:00+00:00, run_after=2025-02-27 00:00:00+00:00
[2025-02-27T03:15:24.981+0000] {processor.py:208} INFO - Processing /home/airflow/.local/lib/python3.12/site-packages/airflow/example_dags/example_inlet_event_extra.py took 1.207 seconds
[2025-02-27T03:15:55.246+0000] {processor.py:186} INFO - Started process (PID=2716) to work on /home/airflow/.local/lib/python3.12/site-packages/airflow/example_dags/example_inlet_event_extra.py
[2025-02-27T03:15:55.248+0000] {processor.py:914} INFO - Processing file /home/airflow/.local/lib/python3.12/site-packages/airflow/example_dags/example_inlet_event_extra.py for tasks to queue
[2025-02-27T03:15:55.253+0000] {logging_mixin.py:190} INFO - [2025-02-27T03:15:55.252+0000] {dagbag.py:588} INFO - Filling up the DagBag from /home/airflow/.local/lib/python3.12/site-packages/airflow/example_dags/example_inlet_event_extra.py
[2025-02-27T03:15:56.394+0000] {processor.py:925} INFO - DAG(s) 'read_dataset_event_from_classic', 'read_dataset_event' retrieved from /home/airflow/.local/lib/python3.12/site-packages/airflow/example_dags/example_inlet_event_extra.py
[2025-02-27T03:15:56.626+0000] {logging_mixin.py:190} INFO - [2025-02-27T03:15:56.625+0000] {dag.py:3239} INFO - Sync 2 DAGs
[2025-02-27T03:15:56.740+0000] {logging_mixin.py:190} INFO - [2025-02-27T03:15:56.738+0000] {dag.py:4180} INFO - Setting next_dagrun for read_dataset_event to 2025-02-26 00:00:00+00:00, run_after=2025-02-27 00:00:00+00:00
[2025-02-27T03:15:56.765+0000] {logging_mixin.py:190} INFO - [2025-02-27T03:15:56.765+0000] {dag.py:4180} INFO - Setting next_dagrun for read_dataset_event_from_classic to 2025-02-26 00:00:00+00:00, run_after=2025-02-27 00:00:00+00:00
[2025-02-27T03:15:56.847+0000] {processor.py:208} INFO - Processing /home/airflow/.local/lib/python3.12/site-packages/airflow/example_dags/example_inlet_event_extra.py took 1.613 seconds
[2025-02-27T03:16:27.025+0000] {processor.py:186} INFO - Started process (PID=2781) to work on /home/airflow/.local/lib/python3.12/site-packages/airflow/example_dags/example_inlet_event_extra.py
[2025-02-27T03:16:27.027+0000] {processor.py:914} INFO - Processing file /home/airflow/.local/lib/python3.12/site-packages/airflow/example_dags/example_inlet_event_extra.py for tasks to queue
[2025-02-27T03:16:27.031+0000] {logging_mixin.py:190} INFO - [2025-02-27T03:16:27.030+0000] {dagbag.py:588} INFO - Filling up the DagBag from /home/airflow/.local/lib/python3.12/site-packages/airflow/example_dags/example_inlet_event_extra.py
[2025-02-27T03:16:28.124+0000] {processor.py:925} INFO - DAG(s) 'read_dataset_event_from_classic', 'read_dataset_event' retrieved from /home/airflow/.local/lib/python3.12/site-packages/airflow/example_dags/example_inlet_event_extra.py
[2025-02-27T03:16:28.256+0000] {logging_mixin.py:190} INFO - [2025-02-27T03:16:28.255+0000] {dag.py:3239} INFO - Sync 2 DAGs
[2025-02-27T03:16:28.341+0000] {logging_mixin.py:190} INFO - [2025-02-27T03:16:28.340+0000] {dag.py:4180} INFO - Setting next_dagrun for read_dataset_event to 2025-02-26 00:00:00+00:00, run_after=2025-02-27 00:00:00+00:00
[2025-02-27T03:16:28.354+0000] {logging_mixin.py:190} INFO - [2025-02-27T03:16:28.354+0000] {dag.py:4180} INFO - Setting next_dagrun for read_dataset_event_from_classic to 2025-02-26 00:00:00+00:00, run_after=2025-02-27 00:00:00+00:00
[2025-02-27T03:16:28.412+0000] {processor.py:208} INFO - Processing /home/airflow/.local/lib/python3.12/site-packages/airflow/example_dags/example_inlet_event_extra.py took 1.401 seconds
[2025-02-27T03:16:58.519+0000] {processor.py:186} INFO - Started process (PID=2845) to work on /home/airflow/.local/lib/python3.12/site-packages/airflow/example_dags/example_inlet_event_extra.py
[2025-02-27T03:16:58.521+0000] {processor.py:914} INFO - Processing file /home/airflow/.local/lib/python3.12/site-packages/airflow/example_dags/example_inlet_event_extra.py for tasks to queue
[2025-02-27T03:16:58.525+0000] {logging_mixin.py:190} INFO - [2025-02-27T03:16:58.524+0000] {dagbag.py:588} INFO - Filling up the DagBag from /home/airflow/.local/lib/python3.12/site-packages/airflow/example_dags/example_inlet_event_extra.py
[2025-02-27T03:16:59.609+0000] {processor.py:925} INFO - DAG(s) 'read_dataset_event', 'read_dataset_event_from_classic' retrieved from /home/airflow/.local/lib/python3.12/site-packages/airflow/example_dags/example_inlet_event_extra.py
[2025-02-27T03:16:59.756+0000] {logging_mixin.py:190} INFO - [2025-02-27T03:16:59.755+0000] {dag.py:3239} INFO - Sync 2 DAGs
[2025-02-27T03:16:59.828+0000] {logging_mixin.py:190} INFO - [2025-02-27T03:16:59.828+0000] {dag.py:4180} INFO - Setting next_dagrun for read_dataset_event to 2025-02-26 00:00:00+00:00, run_after=2025-02-27 00:00:00+00:00
[2025-02-27T03:16:59.847+0000] {logging_mixin.py:190} INFO - [2025-02-27T03:16:59.846+0000] {dag.py:4180} INFO - Setting next_dagrun for read_dataset_event_from_classic to 2025-02-26 00:00:00+00:00, run_after=2025-02-27 00:00:00+00:00
[2025-02-27T03:16:59.899+0000] {processor.py:208} INFO - Processing /home/airflow/.local/lib/python3.12/site-packages/airflow/example_dags/example_inlet_event_extra.py took 1.389 seconds
[2025-02-27T03:17:30.041+0000] {processor.py:186} INFO - Started process (PID=2911) to work on /home/airflow/.local/lib/python3.12/site-packages/airflow/example_dags/example_inlet_event_extra.py
[2025-02-27T03:17:30.053+0000] {processor.py:914} INFO - Processing file /home/airflow/.local/lib/python3.12/site-packages/airflow/example_dags/example_inlet_event_extra.py for tasks to queue
[2025-02-27T03:17:30.057+0000] {logging_mixin.py:190} INFO - [2025-02-27T03:17:30.056+0000] {dagbag.py:588} INFO - Filling up the DagBag from /home/airflow/.local/lib/python3.12/site-packages/airflow/example_dags/example_inlet_event_extra.py
[2025-02-27T03:17:31.027+0000] {processor.py:925} INFO - DAG(s) 'read_dataset_event', 'read_dataset_event_from_classic' retrieved from /home/airflow/.local/lib/python3.12/site-packages/airflow/example_dags/example_inlet_event_extra.py
[2025-02-27T03:17:31.177+0000] {logging_mixin.py:190} INFO - [2025-02-27T03:17:31.176+0000] {dag.py:3239} INFO - Sync 2 DAGs
[2025-02-27T03:17:31.241+0000] {logging_mixin.py:190} INFO - [2025-02-27T03:17:31.241+0000] {dag.py:4180} INFO - Setting next_dagrun for read_dataset_event to 2025-02-26 00:00:00+00:00, run_after=2025-02-27 00:00:00+00:00
[2025-02-27T03:17:31.259+0000] {logging_mixin.py:190} INFO - [2025-02-27T03:17:31.258+0000] {dag.py:4180} INFO - Setting next_dagrun for read_dataset_event_from_classic to 2025-02-26 00:00:00+00:00, run_after=2025-02-27 00:00:00+00:00
[2025-02-27T03:17:31.319+0000] {processor.py:208} INFO - Processing /home/airflow/.local/lib/python3.12/site-packages/airflow/example_dags/example_inlet_event_extra.py took 1.288 seconds
[2025-02-27T03:18:01.780+0000] {processor.py:186} INFO - Started process (PID=2977) to work on /home/airflow/.local/lib/python3.12/site-packages/airflow/example_dags/example_inlet_event_extra.py
[2025-02-27T03:18:01.783+0000] {processor.py:914} INFO - Processing file /home/airflow/.local/lib/python3.12/site-packages/airflow/example_dags/example_inlet_event_extra.py for tasks to queue
[2025-02-27T03:18:01.787+0000] {logging_mixin.py:190} INFO - [2025-02-27T03:18:01.786+0000] {dagbag.py:588} INFO - Filling up the DagBag from /home/airflow/.local/lib/python3.12/site-packages/airflow/example_dags/example_inlet_event_extra.py
[2025-02-27T03:18:03.052+0000] {processor.py:925} INFO - DAG(s) 'read_dataset_event', 'read_dataset_event_from_classic' retrieved from /home/airflow/.local/lib/python3.12/site-packages/airflow/example_dags/example_inlet_event_extra.py
[2025-02-27T03:18:03.193+0000] {logging_mixin.py:190} INFO - [2025-02-27T03:18:03.192+0000] {dag.py:3239} INFO - Sync 2 DAGs
[2025-02-27T03:18:03.272+0000] {logging_mixin.py:190} INFO - [2025-02-27T03:18:03.272+0000] {dag.py:4180} INFO - Setting next_dagrun for read_dataset_event to 2025-02-26 00:00:00+00:00, run_after=2025-02-27 00:00:00+00:00
[2025-02-27T03:18:03.287+0000] {logging_mixin.py:190} INFO - [2025-02-27T03:18:03.287+0000] {dag.py:4180} INFO - Setting next_dagrun for read_dataset_event_from_classic to 2025-02-26 00:00:00+00:00, run_after=2025-02-27 00:00:00+00:00
[2025-02-27T03:18:03.344+0000] {processor.py:208} INFO - Processing /home/airflow/.local/lib/python3.12/site-packages/airflow/example_dags/example_inlet_event_extra.py took 1.578 seconds
[2025-02-27T03:18:33.504+0000] {processor.py:186} INFO - Started process (PID=3045) to work on /home/airflow/.local/lib/python3.12/site-packages/airflow/example_dags/example_inlet_event_extra.py
[2025-02-27T03:18:33.506+0000] {processor.py:914} INFO - Processing file /home/airflow/.local/lib/python3.12/site-packages/airflow/example_dags/example_inlet_event_extra.py for tasks to queue
[2025-02-27T03:18:33.508+0000] {logging_mixin.py:190} INFO - [2025-02-27T03:18:33.508+0000] {dagbag.py:588} INFO - Filling up the DagBag from /home/airflow/.local/lib/python3.12/site-packages/airflow/example_dags/example_inlet_event_extra.py
[2025-02-27T03:18:34.313+0000] {processor.py:925} INFO - DAG(s) 'read_dataset_event_from_classic', 'read_dataset_event' retrieved from /home/airflow/.local/lib/python3.12/site-packages/airflow/example_dags/example_inlet_event_extra.py
[2025-02-27T03:18:34.474+0000] {logging_mixin.py:190} INFO - [2025-02-27T03:18:34.473+0000] {dag.py:3239} INFO - Sync 2 DAGs
[2025-02-27T03:18:34.537+0000] {logging_mixin.py:190} INFO - [2025-02-27T03:18:34.537+0000] {dag.py:4180} INFO - Setting next_dagrun for read_dataset_event to 2025-02-26 00:00:00+00:00, run_after=2025-02-27 00:00:00+00:00
[2025-02-27T03:18:34.551+0000] {logging_mixin.py:190} INFO - [2025-02-27T03:18:34.550+0000] {dag.py:4180} INFO - Setting next_dagrun for read_dataset_event_from_classic to 2025-02-26 00:00:00+00:00, run_after=2025-02-27 00:00:00+00:00
[2025-02-27T03:18:34.604+0000] {processor.py:208} INFO - Processing /home/airflow/.local/lib/python3.12/site-packages/airflow/example_dags/example_inlet_event_extra.py took 1.106 seconds
[2025-02-27T03:19:05.201+0000] {processor.py:186} INFO - Started process (PID=3108) to work on /home/airflow/.local/lib/python3.12/site-packages/airflow/example_dags/example_inlet_event_extra.py
[2025-02-27T03:19:05.203+0000] {processor.py:914} INFO - Processing file /home/airflow/.local/lib/python3.12/site-packages/airflow/example_dags/example_inlet_event_extra.py for tasks to queue
[2025-02-27T03:19:05.208+0000] {logging_mixin.py:190} INFO - [2025-02-27T03:19:05.207+0000] {dagbag.py:588} INFO - Filling up the DagBag from /home/airflow/.local/lib/python3.12/site-packages/airflow/example_dags/example_inlet_event_extra.py
[2025-02-27T03:19:06.374+0000] {processor.py:925} INFO - DAG(s) 'read_dataset_event_from_classic', 'read_dataset_event' retrieved from /home/airflow/.local/lib/python3.12/site-packages/airflow/example_dags/example_inlet_event_extra.py
[2025-02-27T03:19:06.607+0000] {logging_mixin.py:190} INFO - [2025-02-27T03:19:06.607+0000] {dag.py:3239} INFO - Sync 2 DAGs
[2025-02-27T03:19:06.754+0000] {logging_mixin.py:190} INFO - [2025-02-27T03:19:06.753+0000] {dag.py:4180} INFO - Setting next_dagrun for read_dataset_event to 2025-02-26 00:00:00+00:00, run_after=2025-02-27 00:00:00+00:00
[2025-02-27T03:19:06.796+0000] {logging_mixin.py:190} INFO - [2025-02-27T03:19:06.796+0000] {dag.py:4180} INFO - Setting next_dagrun for read_dataset_event_from_classic to 2025-02-26 00:00:00+00:00, run_after=2025-02-27 00:00:00+00:00
[2025-02-27T03:19:07.000+0000] {processor.py:208} INFO - Processing /home/airflow/.local/lib/python3.12/site-packages/airflow/example_dags/example_inlet_event_extra.py took 1.808 seconds
[2025-02-27T03:19:37.344+0000] {processor.py:186} INFO - Started process (PID=3173) to work on /home/airflow/.local/lib/python3.12/site-packages/airflow/example_dags/example_inlet_event_extra.py
[2025-02-27T03:19:37.348+0000] {processor.py:914} INFO - Processing file /home/airflow/.local/lib/python3.12/site-packages/airflow/example_dags/example_inlet_event_extra.py for tasks to queue
[2025-02-27T03:19:37.353+0000] {logging_mixin.py:190} INFO - [2025-02-27T03:19:37.352+0000] {dagbag.py:588} INFO - Filling up the DagBag from /home/airflow/.local/lib/python3.12/site-packages/airflow/example_dags/example_inlet_event_extra.py
[2025-02-27T03:19:38.397+0000] {processor.py:925} INFO - DAG(s) 'read_dataset_event', 'read_dataset_event_from_classic' retrieved from /home/airflow/.local/lib/python3.12/site-packages/airflow/example_dags/example_inlet_event_extra.py
[2025-02-27T03:19:38.538+0000] {logging_mixin.py:190} INFO - [2025-02-27T03:19:38.538+0000] {dag.py:3239} INFO - Sync 2 DAGs
[2025-02-27T03:19:38.608+0000] {logging_mixin.py:190} INFO - [2025-02-27T03:19:38.608+0000] {dag.py:4180} INFO - Setting next_dagrun for read_dataset_event to 2025-02-26 00:00:00+00:00, run_after=2025-02-27 00:00:00+00:00
[2025-02-27T03:19:38.620+0000] {logging_mixin.py:190} INFO - [2025-02-27T03:19:38.620+0000] {dag.py:4180} INFO - Setting next_dagrun for read_dataset_event_from_classic to 2025-02-26 00:00:00+00:00, run_after=2025-02-27 00:00:00+00:00
[2025-02-27T03:19:38.678+0000] {processor.py:208} INFO - Processing /home/airflow/.local/lib/python3.12/site-packages/airflow/example_dags/example_inlet_event_extra.py took 1.345 seconds
[2025-02-27T03:20:09.198+0000] {processor.py:186} INFO - Started process (PID=3235) to work on /home/airflow/.local/lib/python3.12/site-packages/airflow/example_dags/example_inlet_event_extra.py
[2025-02-27T03:20:09.200+0000] {processor.py:914} INFO - Processing file /home/airflow/.local/lib/python3.12/site-packages/airflow/example_dags/example_inlet_event_extra.py for tasks to queue
[2025-02-27T03:20:09.205+0000] {logging_mixin.py:190} INFO - [2025-02-27T03:20:09.204+0000] {dagbag.py:588} INFO - Filling up the DagBag from /home/airflow/.local/lib/python3.12/site-packages/airflow/example_dags/example_inlet_event_extra.py
[2025-02-27T03:20:10.860+0000] {processor.py:925} INFO - DAG(s) 'read_dataset_event', 'read_dataset_event_from_classic' retrieved from /home/airflow/.local/lib/python3.12/site-packages/airflow/example_dags/example_inlet_event_extra.py
[2025-02-27T03:20:11.067+0000] {logging_mixin.py:190} INFO - [2025-02-27T03:20:11.067+0000] {dag.py:3239} INFO - Sync 2 DAGs
[2025-02-27T03:20:11.151+0000] {logging_mixin.py:190} INFO - [2025-02-27T03:20:11.151+0000] {dag.py:4180} INFO - Setting next_dagrun for read_dataset_event to 2025-02-26 00:00:00+00:00, run_after=2025-02-27 00:00:00+00:00
[2025-02-27T03:20:11.167+0000] {logging_mixin.py:190} INFO - [2025-02-27T03:20:11.167+0000] {dag.py:4180} INFO - Setting next_dagrun for read_dataset_event_from_classic to 2025-02-26 00:00:00+00:00, run_after=2025-02-27 00:00:00+00:00
[2025-02-27T03:20:11.262+0000] {processor.py:208} INFO - Processing /home/airflow/.local/lib/python3.12/site-packages/airflow/example_dags/example_inlet_event_extra.py took 2.077 seconds
[2025-02-27T03:20:41.828+0000] {processor.py:186} INFO - Started process (PID=3300) to work on /home/airflow/.local/lib/python3.12/site-packages/airflow/example_dags/example_inlet_event_extra.py
[2025-02-27T03:20:41.831+0000] {processor.py:914} INFO - Processing file /home/airflow/.local/lib/python3.12/site-packages/airflow/example_dags/example_inlet_event_extra.py for tasks to queue
[2025-02-27T03:20:41.837+0000] {logging_mixin.py:190} INFO - [2025-02-27T03:20:41.836+0000] {dagbag.py:588} INFO - Filling up the DagBag from /home/airflow/.local/lib/python3.12/site-packages/airflow/example_dags/example_inlet_event_extra.py
[2025-02-27T03:20:43.128+0000] {processor.py:925} INFO - DAG(s) 'read_dataset_event', 'read_dataset_event_from_classic' retrieved from /home/airflow/.local/lib/python3.12/site-packages/airflow/example_dags/example_inlet_event_extra.py
[2025-02-27T03:20:43.292+0000] {logging_mixin.py:190} INFO - [2025-02-27T03:20:43.291+0000] {dag.py:3239} INFO - Sync 2 DAGs
[2025-02-27T03:20:43.384+0000] {logging_mixin.py:190} INFO - [2025-02-27T03:20:43.383+0000] {dag.py:4180} INFO - Setting next_dagrun for read_dataset_event to 2025-02-26 00:00:00+00:00, run_after=2025-02-27 00:00:00+00:00
[2025-02-27T03:20:43.400+0000] {logging_mixin.py:190} INFO - [2025-02-27T03:20:43.399+0000] {dag.py:4180} INFO - Setting next_dagrun for read_dataset_event_from_classic to 2025-02-26 00:00:00+00:00, run_after=2025-02-27 00:00:00+00:00
[2025-02-27T03:20:43.447+0000] {processor.py:208} INFO - Processing /home/airflow/.local/lib/python3.12/site-packages/airflow/example_dags/example_inlet_event_extra.py took 1.639 seconds
