[2025-02-27T02:51:39.471+0000] {processor.py:186} INFO - Started process (PID=124) to work on /home/airflow/.local/lib/python3.12/site-packages/airflow/example_dags/example_nested_branch_dag.py
[2025-02-27T02:51:39.473+0000] {processor.py:914} INFO - Processing file /home/airflow/.local/lib/python3.12/site-packages/airflow/example_dags/example_nested_branch_dag.py for tasks to queue
[2025-02-27T02:51:39.479+0000] {logging_mixin.py:190} INFO - [2025-02-27T02:51:39.478+0000] {dagbag.py:588} INFO - Filling up the DagBag from /home/airflow/.local/lib/python3.12/site-packages/airflow/example_dags/example_nested_branch_dag.py
[2025-02-27T02:51:39.500+0000] {processor.py:925} INFO - DAG(s) 'example_nested_branch_dag' retrieved from /home/airflow/.local/lib/python3.12/site-packages/airflow/example_dags/example_nested_branch_dag.py
[2025-02-27T02:51:39.727+0000] {logging_mixin.py:190} INFO - [2025-02-27T02:51:39.726+0000] {override.py:1912} INFO - Created Permission View: can delete on DAG:example_nested_branch_dag
[2025-02-27T02:51:39.760+0000] {logging_mixin.py:190} INFO - [2025-02-27T02:51:39.759+0000] {override.py:1912} INFO - Created Permission View: can read on DAG:example_nested_branch_dag
[2025-02-27T02:51:39.779+0000] {logging_mixin.py:190} INFO - [2025-02-27T02:51:39.778+0000] {override.py:1912} INFO - Created Permission View: can edit on DAG:example_nested_branch_dag
[2025-02-27T02:51:39.802+0000] {logging_mixin.py:190} INFO - [2025-02-27T02:51:39.801+0000] {override.py:1912} INFO - Created Permission View: menu access on DAG Run:example_nested_branch_dag
[2025-02-27T02:51:39.820+0000] {logging_mixin.py:190} INFO - [2025-02-27T02:51:39.819+0000] {override.py:1912} INFO - Created Permission View: can delete on DAG Run:example_nested_branch_dag
[2025-02-27T02:51:39.842+0000] {logging_mixin.py:190} INFO - [2025-02-27T02:51:39.842+0000] {override.py:1912} INFO - Created Permission View: can read on DAG Run:example_nested_branch_dag
[2025-02-27T02:51:39.860+0000] {logging_mixin.py:190} INFO - [2025-02-27T02:51:39.860+0000] {override.py:1912} INFO - Created Permission View: can create on DAG Run:example_nested_branch_dag
[2025-02-27T02:51:39.862+0000] {logging_mixin.py:190} INFO - [2025-02-27T02:51:39.861+0000] {dag.py:3239} INFO - Sync 1 DAGs
[2025-02-27T02:51:39.894+0000] {logging_mixin.py:190} INFO - [2025-02-27T02:51:39.893+0000] {dag.py:3262} INFO - Creating ORM DAG for example_nested_branch_dag
[2025-02-27T02:51:39.921+0000] {logging_mixin.py:190} INFO - [2025-02-27T02:51:39.920+0000] {dag.py:4180} INFO - Setting next_dagrun for example_nested_branch_dag to 2025-02-26 00:00:00+00:00, run_after=2025-02-27 00:00:00+00:00
[2025-02-27T02:51:39.963+0000] {processor.py:208} INFO - Processing /home/airflow/.local/lib/python3.12/site-packages/airflow/example_dags/example_nested_branch_dag.py took 0.500 seconds
[2025-02-27T02:54:28.830+0000] {processor.py:186} INFO - Started process (PID=126) to work on /home/airflow/.local/lib/python3.12/site-packages/airflow/example_dags/example_nested_branch_dag.py
[2025-02-27T02:54:28.831+0000] {processor.py:914} INFO - Processing file /home/airflow/.local/lib/python3.12/site-packages/airflow/example_dags/example_nested_branch_dag.py for tasks to queue
[2025-02-27T02:54:28.835+0000] {logging_mixin.py:190} INFO - [2025-02-27T02:54:28.834+0000] {dagbag.py:588} INFO - Filling up the DagBag from /home/airflow/.local/lib/python3.12/site-packages/airflow/example_dags/example_nested_branch_dag.py
[2025-02-27T02:54:28.859+0000] {processor.py:925} INFO - DAG(s) 'example_nested_branch_dag' retrieved from /home/airflow/.local/lib/python3.12/site-packages/airflow/example_dags/example_nested_branch_dag.py
[2025-02-27T02:54:29.204+0000] {logging_mixin.py:190} INFO - [2025-02-27T02:54:29.203+0000] {override.py:1912} INFO - Created Permission View: can read on DAG:example_nested_branch_dag
[2025-02-27T02:54:29.235+0000] {logging_mixin.py:190} INFO - [2025-02-27T02:54:29.235+0000] {override.py:1912} INFO - Created Permission View: can delete on DAG:example_nested_branch_dag
[2025-02-27T02:54:29.258+0000] {logging_mixin.py:190} INFO - [2025-02-27T02:54:29.257+0000] {override.py:1912} INFO - Created Permission View: can edit on DAG:example_nested_branch_dag
[2025-02-27T02:54:29.291+0000] {logging_mixin.py:190} INFO - [2025-02-27T02:54:29.291+0000] {override.py:1912} INFO - Created Permission View: can read on DAG Run:example_nested_branch_dag
[2025-02-27T02:54:29.310+0000] {logging_mixin.py:190} INFO - [2025-02-27T02:54:29.309+0000] {override.py:1912} INFO - Created Permission View: menu access on DAG Run:example_nested_branch_dag
[2025-02-27T02:54:29.329+0000] {logging_mixin.py:190} INFO - [2025-02-27T02:54:29.328+0000] {override.py:1912} INFO - Created Permission View: can delete on DAG Run:example_nested_branch_dag
[2025-02-27T02:54:29.355+0000] {logging_mixin.py:190} INFO - [2025-02-27T02:54:29.355+0000] {override.py:1912} INFO - Created Permission View: can create on DAG Run:example_nested_branch_dag
[2025-02-27T02:54:29.357+0000] {logging_mixin.py:190} INFO - [2025-02-27T02:54:29.356+0000] {dag.py:3239} INFO - Sync 1 DAGs
[2025-02-27T02:54:29.408+0000] {logging_mixin.py:190} INFO - [2025-02-27T02:54:29.407+0000] {dag.py:3262} INFO - Creating ORM DAG for example_nested_branch_dag
[2025-02-27T02:54:29.438+0000] {logging_mixin.py:190} INFO - [2025-02-27T02:54:29.437+0000] {dag.py:4180} INFO - Setting next_dagrun for example_nested_branch_dag to 2025-02-26 00:00:00+00:00, run_after=2025-02-27 00:00:00+00:00
[2025-02-27T02:54:29.502+0000] {processor.py:208} INFO - Processing /home/airflow/.local/lib/python3.12/site-packages/airflow/example_dags/example_nested_branch_dag.py took 0.683 seconds
[2025-02-27T02:54:59.627+0000] {processor.py:186} INFO - Started process (PID=189) to work on /home/airflow/.local/lib/python3.12/site-packages/airflow/example_dags/example_nested_branch_dag.py
[2025-02-27T02:54:59.629+0000] {processor.py:914} INFO - Processing file /home/airflow/.local/lib/python3.12/site-packages/airflow/example_dags/example_nested_branch_dag.py for tasks to queue
[2025-02-27T02:54:59.632+0000] {logging_mixin.py:190} INFO - [2025-02-27T02:54:59.632+0000] {dagbag.py:588} INFO - Filling up the DagBag from /home/airflow/.local/lib/python3.12/site-packages/airflow/example_dags/example_nested_branch_dag.py
[2025-02-27T02:54:59.653+0000] {processor.py:925} INFO - DAG(s) 'example_nested_branch_dag' retrieved from /home/airflow/.local/lib/python3.12/site-packages/airflow/example_dags/example_nested_branch_dag.py
[2025-02-27T02:54:59.855+0000] {logging_mixin.py:190} INFO - [2025-02-27T02:54:59.854+0000] {dag.py:3239} INFO - Sync 1 DAGs
[2025-02-27T02:54:59.926+0000] {logging_mixin.py:190} INFO - [2025-02-27T02:54:59.925+0000] {dag.py:4180} INFO - Setting next_dagrun for example_nested_branch_dag to 2025-02-26 00:00:00+00:00, run_after=2025-02-27 00:00:00+00:00
[2025-02-27T02:54:59.994+0000] {processor.py:208} INFO - Processing /home/airflow/.local/lib/python3.12/site-packages/airflow/example_dags/example_nested_branch_dag.py took 0.380 seconds
[2025-02-27T02:55:30.210+0000] {processor.py:186} INFO - Started process (PID=252) to work on /home/airflow/.local/lib/python3.12/site-packages/airflow/example_dags/example_nested_branch_dag.py
[2025-02-27T02:55:30.212+0000] {processor.py:914} INFO - Processing file /home/airflow/.local/lib/python3.12/site-packages/airflow/example_dags/example_nested_branch_dag.py for tasks to queue
[2025-02-27T02:55:30.217+0000] {logging_mixin.py:190} INFO - [2025-02-27T02:55:30.216+0000] {dagbag.py:588} INFO - Filling up the DagBag from /home/airflow/.local/lib/python3.12/site-packages/airflow/example_dags/example_nested_branch_dag.py
[2025-02-27T02:55:30.239+0000] {processor.py:925} INFO - DAG(s) 'example_nested_branch_dag' retrieved from /home/airflow/.local/lib/python3.12/site-packages/airflow/example_dags/example_nested_branch_dag.py
[2025-02-27T02:55:30.393+0000] {logging_mixin.py:190} INFO - [2025-02-27T02:55:30.393+0000] {dag.py:3239} INFO - Sync 1 DAGs
[2025-02-27T02:55:30.503+0000] {logging_mixin.py:190} INFO - [2025-02-27T02:55:30.503+0000] {dag.py:4180} INFO - Setting next_dagrun for example_nested_branch_dag to 2025-02-26 00:00:00+00:00, run_after=2025-02-27 00:00:00+00:00
[2025-02-27T02:55:30.578+0000] {processor.py:208} INFO - Processing /home/airflow/.local/lib/python3.12/site-packages/airflow/example_dags/example_nested_branch_dag.py took 0.383 seconds
[2025-02-27T02:56:01.094+0000] {processor.py:186} INFO - Started process (PID=315) to work on /home/airflow/.local/lib/python3.12/site-packages/airflow/example_dags/example_nested_branch_dag.py
[2025-02-27T02:56:01.096+0000] {processor.py:914} INFO - Processing file /home/airflow/.local/lib/python3.12/site-packages/airflow/example_dags/example_nested_branch_dag.py for tasks to queue
[2025-02-27T02:56:01.104+0000] {logging_mixin.py:190} INFO - [2025-02-27T02:56:01.102+0000] {dagbag.py:588} INFO - Filling up the DagBag from /home/airflow/.local/lib/python3.12/site-packages/airflow/example_dags/example_nested_branch_dag.py
[2025-02-27T02:56:01.139+0000] {processor.py:925} INFO - DAG(s) 'example_nested_branch_dag' retrieved from /home/airflow/.local/lib/python3.12/site-packages/airflow/example_dags/example_nested_branch_dag.py
[2025-02-27T02:56:01.350+0000] {logging_mixin.py:190} INFO - [2025-02-27T02:56:01.349+0000] {dag.py:3239} INFO - Sync 1 DAGs
[2025-02-27T02:56:01.451+0000] {logging_mixin.py:190} INFO - [2025-02-27T02:56:01.450+0000] {dag.py:4180} INFO - Setting next_dagrun for example_nested_branch_dag to 2025-02-26 00:00:00+00:00, run_after=2025-02-27 00:00:00+00:00
[2025-02-27T02:56:01.543+0000] {processor.py:208} INFO - Processing /home/airflow/.local/lib/python3.12/site-packages/airflow/example_dags/example_nested_branch_dag.py took 0.462 seconds
[2025-02-27T02:56:31.952+0000] {processor.py:186} INFO - Started process (PID=378) to work on /home/airflow/.local/lib/python3.12/site-packages/airflow/example_dags/example_nested_branch_dag.py
[2025-02-27T02:56:31.955+0000] {processor.py:914} INFO - Processing file /home/airflow/.local/lib/python3.12/site-packages/airflow/example_dags/example_nested_branch_dag.py for tasks to queue
[2025-02-27T02:56:31.959+0000] {logging_mixin.py:190} INFO - [2025-02-27T02:56:31.958+0000] {dagbag.py:588} INFO - Filling up the DagBag from /home/airflow/.local/lib/python3.12/site-packages/airflow/example_dags/example_nested_branch_dag.py
[2025-02-27T02:56:31.977+0000] {processor.py:925} INFO - DAG(s) 'example_nested_branch_dag' retrieved from /home/airflow/.local/lib/python3.12/site-packages/airflow/example_dags/example_nested_branch_dag.py
[2025-02-27T02:56:32.131+0000] {logging_mixin.py:190} INFO - [2025-02-27T02:56:32.130+0000] {dag.py:3239} INFO - Sync 1 DAGs
[2025-02-27T02:56:32.211+0000] {logging_mixin.py:190} INFO - [2025-02-27T02:56:32.211+0000] {dag.py:4180} INFO - Setting next_dagrun for example_nested_branch_dag to 2025-02-26 00:00:00+00:00, run_after=2025-02-27 00:00:00+00:00
[2025-02-27T02:56:32.310+0000] {processor.py:208} INFO - Processing /home/airflow/.local/lib/python3.12/site-packages/airflow/example_dags/example_nested_branch_dag.py took 0.365 seconds
[2025-02-27T02:57:02.425+0000] {processor.py:186} INFO - Started process (PID=441) to work on /home/airflow/.local/lib/python3.12/site-packages/airflow/example_dags/example_nested_branch_dag.py
[2025-02-27T02:57:02.426+0000] {processor.py:914} INFO - Processing file /home/airflow/.local/lib/python3.12/site-packages/airflow/example_dags/example_nested_branch_dag.py for tasks to queue
[2025-02-27T02:57:02.430+0000] {logging_mixin.py:190} INFO - [2025-02-27T02:57:02.430+0000] {dagbag.py:588} INFO - Filling up the DagBag from /home/airflow/.local/lib/python3.12/site-packages/airflow/example_dags/example_nested_branch_dag.py
[2025-02-27T02:57:02.445+0000] {processor.py:925} INFO - DAG(s) 'example_nested_branch_dag' retrieved from /home/airflow/.local/lib/python3.12/site-packages/airflow/example_dags/example_nested_branch_dag.py
[2025-02-27T02:57:02.608+0000] {logging_mixin.py:190} INFO - [2025-02-27T02:57:02.608+0000] {dag.py:3239} INFO - Sync 1 DAGs
[2025-02-27T02:57:02.668+0000] {logging_mixin.py:190} INFO - [2025-02-27T02:57:02.667+0000] {dag.py:4180} INFO - Setting next_dagrun for example_nested_branch_dag to 2025-02-26 00:00:00+00:00, run_after=2025-02-27 00:00:00+00:00
[2025-02-27T02:57:02.730+0000] {processor.py:208} INFO - Processing /home/airflow/.local/lib/python3.12/site-packages/airflow/example_dags/example_nested_branch_dag.py took 0.312 seconds
[2025-02-27T02:57:33.247+0000] {processor.py:186} INFO - Started process (PID=504) to work on /home/airflow/.local/lib/python3.12/site-packages/airflow/example_dags/example_nested_branch_dag.py
[2025-02-27T02:57:33.250+0000] {processor.py:914} INFO - Processing file /home/airflow/.local/lib/python3.12/site-packages/airflow/example_dags/example_nested_branch_dag.py for tasks to queue
[2025-02-27T02:57:33.265+0000] {logging_mixin.py:190} INFO - [2025-02-27T02:57:33.264+0000] {dagbag.py:588} INFO - Filling up the DagBag from /home/airflow/.local/lib/python3.12/site-packages/airflow/example_dags/example_nested_branch_dag.py
[2025-02-27T02:57:33.303+0000] {processor.py:925} INFO - DAG(s) 'example_nested_branch_dag' retrieved from /home/airflow/.local/lib/python3.12/site-packages/airflow/example_dags/example_nested_branch_dag.py
[2025-02-27T02:57:33.499+0000] {logging_mixin.py:190} INFO - [2025-02-27T02:57:33.498+0000] {dag.py:3239} INFO - Sync 1 DAGs
[2025-02-27T02:57:33.588+0000] {logging_mixin.py:190} INFO - [2025-02-27T02:57:33.588+0000] {dag.py:4180} INFO - Setting next_dagrun for example_nested_branch_dag to 2025-02-26 00:00:00+00:00, run_after=2025-02-27 00:00:00+00:00
[2025-02-27T02:57:33.651+0000] {processor.py:208} INFO - Processing /home/airflow/.local/lib/python3.12/site-packages/airflow/example_dags/example_nested_branch_dag.py took 0.423 seconds
[2025-02-27T02:58:04.171+0000] {processor.py:186} INFO - Started process (PID=567) to work on /home/airflow/.local/lib/python3.12/site-packages/airflow/example_dags/example_nested_branch_dag.py
[2025-02-27T02:58:04.173+0000] {processor.py:914} INFO - Processing file /home/airflow/.local/lib/python3.12/site-packages/airflow/example_dags/example_nested_branch_dag.py for tasks to queue
[2025-02-27T02:58:04.179+0000] {logging_mixin.py:190} INFO - [2025-02-27T02:58:04.179+0000] {dagbag.py:588} INFO - Filling up the DagBag from /home/airflow/.local/lib/python3.12/site-packages/airflow/example_dags/example_nested_branch_dag.py
[2025-02-27T02:58:04.204+0000] {processor.py:925} INFO - DAG(s) 'example_nested_branch_dag' retrieved from /home/airflow/.local/lib/python3.12/site-packages/airflow/example_dags/example_nested_branch_dag.py
[2025-02-27T02:58:04.361+0000] {logging_mixin.py:190} INFO - [2025-02-27T02:58:04.361+0000] {dag.py:3239} INFO - Sync 1 DAGs
[2025-02-27T02:58:04.429+0000] {logging_mixin.py:190} INFO - [2025-02-27T02:58:04.428+0000] {dag.py:4180} INFO - Setting next_dagrun for example_nested_branch_dag to 2025-02-26 00:00:00+00:00, run_after=2025-02-27 00:00:00+00:00
[2025-02-27T02:58:04.480+0000] {processor.py:208} INFO - Processing /home/airflow/.local/lib/python3.12/site-packages/airflow/example_dags/example_nested_branch_dag.py took 0.324 seconds
[2025-02-27T02:58:34.712+0000] {processor.py:186} INFO - Started process (PID=630) to work on /home/airflow/.local/lib/python3.12/site-packages/airflow/example_dags/example_nested_branch_dag.py
[2025-02-27T02:58:34.713+0000] {processor.py:914} INFO - Processing file /home/airflow/.local/lib/python3.12/site-packages/airflow/example_dags/example_nested_branch_dag.py for tasks to queue
[2025-02-27T02:58:34.717+0000] {logging_mixin.py:190} INFO - [2025-02-27T02:58:34.717+0000] {dagbag.py:588} INFO - Filling up the DagBag from /home/airflow/.local/lib/python3.12/site-packages/airflow/example_dags/example_nested_branch_dag.py
[2025-02-27T02:58:34.736+0000] {processor.py:925} INFO - DAG(s) 'example_nested_branch_dag' retrieved from /home/airflow/.local/lib/python3.12/site-packages/airflow/example_dags/example_nested_branch_dag.py
[2025-02-27T02:58:34.895+0000] {logging_mixin.py:190} INFO - [2025-02-27T02:58:34.895+0000] {dag.py:3239} INFO - Sync 1 DAGs
[2025-02-27T02:58:34.973+0000] {logging_mixin.py:190} INFO - [2025-02-27T02:58:34.973+0000] {dag.py:4180} INFO - Setting next_dagrun for example_nested_branch_dag to 2025-02-26 00:00:00+00:00, run_after=2025-02-27 00:00:00+00:00
[2025-02-27T02:58:35.041+0000] {processor.py:208} INFO - Processing /home/airflow/.local/lib/python3.12/site-packages/airflow/example_dags/example_nested_branch_dag.py took 0.340 seconds
[2025-02-27T02:59:06.537+0000] {processor.py:186} INFO - Started process (PID=693) to work on /home/airflow/.local/lib/python3.12/site-packages/airflow/example_dags/example_nested_branch_dag.py
[2025-02-27T02:59:06.541+0000] {processor.py:914} INFO - Processing file /home/airflow/.local/lib/python3.12/site-packages/airflow/example_dags/example_nested_branch_dag.py for tasks to queue
[2025-02-27T02:59:06.546+0000] {logging_mixin.py:190} INFO - [2025-02-27T02:59:06.545+0000] {dagbag.py:588} INFO - Filling up the DagBag from /home/airflow/.local/lib/python3.12/site-packages/airflow/example_dags/example_nested_branch_dag.py
[2025-02-27T02:59:06.580+0000] {processor.py:925} INFO - DAG(s) 'example_nested_branch_dag' retrieved from /home/airflow/.local/lib/python3.12/site-packages/airflow/example_dags/example_nested_branch_dag.py
[2025-02-27T02:59:06.809+0000] {logging_mixin.py:190} INFO - [2025-02-27T02:59:06.809+0000] {dag.py:3239} INFO - Sync 1 DAGs
[2025-02-27T02:59:06.950+0000] {logging_mixin.py:190} INFO - [2025-02-27T02:59:06.949+0000] {dag.py:4180} INFO - Setting next_dagrun for example_nested_branch_dag to 2025-02-26 00:00:00+00:00, run_after=2025-02-27 00:00:00+00:00
[2025-02-27T02:59:07.025+0000] {processor.py:208} INFO - Processing /home/airflow/.local/lib/python3.12/site-packages/airflow/example_dags/example_nested_branch_dag.py took 0.504 seconds
[2025-02-27T02:59:41.080+0000] {processor.py:186} INFO - Started process (PID=758) to work on /home/airflow/.local/lib/python3.12/site-packages/airflow/example_dags/example_nested_branch_dag.py
[2025-02-27T02:59:41.084+0000] {processor.py:914} INFO - Processing file /home/airflow/.local/lib/python3.12/site-packages/airflow/example_dags/example_nested_branch_dag.py for tasks to queue
[2025-02-27T02:59:41.092+0000] {logging_mixin.py:190} INFO - [2025-02-27T02:59:41.090+0000] {dagbag.py:588} INFO - Filling up the DagBag from /home/airflow/.local/lib/python3.12/site-packages/airflow/example_dags/example_nested_branch_dag.py
[2025-02-27T02:59:41.138+0000] {processor.py:925} INFO - DAG(s) 'example_nested_branch_dag' retrieved from /home/airflow/.local/lib/python3.12/site-packages/airflow/example_dags/example_nested_branch_dag.py
[2025-02-27T02:59:41.495+0000] {logging_mixin.py:190} INFO - [2025-02-27T02:59:41.495+0000] {dag.py:3239} INFO - Sync 1 DAGs
[2025-02-27T02:59:41.651+0000] {logging_mixin.py:190} INFO - [2025-02-27T02:59:41.651+0000] {dag.py:4180} INFO - Setting next_dagrun for example_nested_branch_dag to 2025-02-26 00:00:00+00:00, run_after=2025-02-27 00:00:00+00:00
[2025-02-27T02:59:41.759+0000] {processor.py:208} INFO - Processing /home/airflow/.local/lib/python3.12/site-packages/airflow/example_dags/example_nested_branch_dag.py took 0.697 seconds
[2025-02-27T03:00:12.662+0000] {processor.py:186} INFO - Started process (PID=821) to work on /home/airflow/.local/lib/python3.12/site-packages/airflow/example_dags/example_nested_branch_dag.py
[2025-02-27T03:00:12.664+0000] {processor.py:914} INFO - Processing file /home/airflow/.local/lib/python3.12/site-packages/airflow/example_dags/example_nested_branch_dag.py for tasks to queue
[2025-02-27T03:00:12.671+0000] {logging_mixin.py:190} INFO - [2025-02-27T03:00:12.670+0000] {dagbag.py:588} INFO - Filling up the DagBag from /home/airflow/.local/lib/python3.12/site-packages/airflow/example_dags/example_nested_branch_dag.py
[2025-02-27T03:00:12.702+0000] {processor.py:925} INFO - DAG(s) 'example_nested_branch_dag' retrieved from /home/airflow/.local/lib/python3.12/site-packages/airflow/example_dags/example_nested_branch_dag.py
[2025-02-27T03:00:12.868+0000] {logging_mixin.py:190} INFO - [2025-02-27T03:00:12.868+0000] {dag.py:3239} INFO - Sync 1 DAGs
[2025-02-27T03:00:12.939+0000] {logging_mixin.py:190} INFO - [2025-02-27T03:00:12.938+0000] {dag.py:4180} INFO - Setting next_dagrun for example_nested_branch_dag to 2025-02-26 00:00:00+00:00, run_after=2025-02-27 00:00:00+00:00
[2025-02-27T03:00:13.002+0000] {processor.py:208} INFO - Processing /home/airflow/.local/lib/python3.12/site-packages/airflow/example_dags/example_nested_branch_dag.py took 0.351 seconds
[2025-02-27T03:00:44.164+0000] {processor.py:186} INFO - Started process (PID=884) to work on /home/airflow/.local/lib/python3.12/site-packages/airflow/example_dags/example_nested_branch_dag.py
[2025-02-27T03:00:44.166+0000] {processor.py:914} INFO - Processing file /home/airflow/.local/lib/python3.12/site-packages/airflow/example_dags/example_nested_branch_dag.py for tasks to queue
[2025-02-27T03:00:44.170+0000] {logging_mixin.py:190} INFO - [2025-02-27T03:00:44.169+0000] {dagbag.py:588} INFO - Filling up the DagBag from /home/airflow/.local/lib/python3.12/site-packages/airflow/example_dags/example_nested_branch_dag.py
[2025-02-27T03:00:44.195+0000] {processor.py:925} INFO - DAG(s) 'example_nested_branch_dag' retrieved from /home/airflow/.local/lib/python3.12/site-packages/airflow/example_dags/example_nested_branch_dag.py
[2025-02-27T03:00:44.433+0000] {logging_mixin.py:190} INFO - [2025-02-27T03:00:44.433+0000] {dag.py:3239} INFO - Sync 1 DAGs
[2025-02-27T03:00:44.525+0000] {logging_mixin.py:190} INFO - [2025-02-27T03:00:44.524+0000] {dag.py:4180} INFO - Setting next_dagrun for example_nested_branch_dag to 2025-02-26 00:00:00+00:00, run_after=2025-02-27 00:00:00+00:00
[2025-02-27T03:00:44.584+0000] {processor.py:208} INFO - Processing /home/airflow/.local/lib/python3.12/site-packages/airflow/example_dags/example_nested_branch_dag.py took 0.431 seconds
[2025-02-27T03:01:15.525+0000] {processor.py:186} INFO - Started process (PID=947) to work on /home/airflow/.local/lib/python3.12/site-packages/airflow/example_dags/example_nested_branch_dag.py
[2025-02-27T03:01:15.527+0000] {processor.py:914} INFO - Processing file /home/airflow/.local/lib/python3.12/site-packages/airflow/example_dags/example_nested_branch_dag.py for tasks to queue
[2025-02-27T03:01:15.531+0000] {logging_mixin.py:190} INFO - [2025-02-27T03:01:15.530+0000] {dagbag.py:588} INFO - Filling up the DagBag from /home/airflow/.local/lib/python3.12/site-packages/airflow/example_dags/example_nested_branch_dag.py
[2025-02-27T03:01:15.559+0000] {processor.py:925} INFO - DAG(s) 'example_nested_branch_dag' retrieved from /home/airflow/.local/lib/python3.12/site-packages/airflow/example_dags/example_nested_branch_dag.py
[2025-02-27T03:01:15.765+0000] {logging_mixin.py:190} INFO - [2025-02-27T03:01:15.764+0000] {dag.py:3239} INFO - Sync 1 DAGs
[2025-02-27T03:01:15.868+0000] {logging_mixin.py:190} INFO - [2025-02-27T03:01:15.867+0000] {dag.py:4180} INFO - Setting next_dagrun for example_nested_branch_dag to 2025-02-26 00:00:00+00:00, run_after=2025-02-27 00:00:00+00:00
[2025-02-27T03:01:15.933+0000] {processor.py:208} INFO - Processing /home/airflow/.local/lib/python3.12/site-packages/airflow/example_dags/example_nested_branch_dag.py took 0.416 seconds
[2025-02-27T03:01:47.595+0000] {processor.py:186} INFO - Started process (PID=1011) to work on /home/airflow/.local/lib/python3.12/site-packages/airflow/example_dags/example_nested_branch_dag.py
[2025-02-27T03:01:47.597+0000] {processor.py:914} INFO - Processing file /home/airflow/.local/lib/python3.12/site-packages/airflow/example_dags/example_nested_branch_dag.py for tasks to queue
[2025-02-27T03:01:47.602+0000] {logging_mixin.py:190} INFO - [2025-02-27T03:01:47.601+0000] {dagbag.py:588} INFO - Filling up the DagBag from /home/airflow/.local/lib/python3.12/site-packages/airflow/example_dags/example_nested_branch_dag.py
[2025-02-27T03:01:47.626+0000] {processor.py:925} INFO - DAG(s) 'example_nested_branch_dag' retrieved from /home/airflow/.local/lib/python3.12/site-packages/airflow/example_dags/example_nested_branch_dag.py
[2025-02-27T03:01:47.783+0000] {logging_mixin.py:190} INFO - [2025-02-27T03:01:47.783+0000] {dag.py:3239} INFO - Sync 1 DAGs
[2025-02-27T03:01:47.858+0000] {logging_mixin.py:190} INFO - [2025-02-27T03:01:47.858+0000] {dag.py:4180} INFO - Setting next_dagrun for example_nested_branch_dag to 2025-02-26 00:00:00+00:00, run_after=2025-02-27 00:00:00+00:00
[2025-02-27T03:01:47.922+0000] {processor.py:208} INFO - Processing /home/airflow/.local/lib/python3.12/site-packages/airflow/example_dags/example_nested_branch_dag.py took 0.347 seconds
[2025-02-27T03:02:18.476+0000] {processor.py:186} INFO - Started process (PID=1078) to work on /home/airflow/.local/lib/python3.12/site-packages/airflow/example_dags/example_nested_branch_dag.py
[2025-02-27T03:02:18.478+0000] {processor.py:914} INFO - Processing file /home/airflow/.local/lib/python3.12/site-packages/airflow/example_dags/example_nested_branch_dag.py for tasks to queue
[2025-02-27T03:02:18.483+0000] {logging_mixin.py:190} INFO - [2025-02-27T03:02:18.483+0000] {dagbag.py:588} INFO - Filling up the DagBag from /home/airflow/.local/lib/python3.12/site-packages/airflow/example_dags/example_nested_branch_dag.py
[2025-02-27T03:02:18.509+0000] {processor.py:925} INFO - DAG(s) 'example_nested_branch_dag' retrieved from /home/airflow/.local/lib/python3.12/site-packages/airflow/example_dags/example_nested_branch_dag.py
[2025-02-27T03:02:18.677+0000] {logging_mixin.py:190} INFO - [2025-02-27T03:02:18.676+0000] {dag.py:3239} INFO - Sync 1 DAGs
[2025-02-27T03:02:18.762+0000] {logging_mixin.py:190} INFO - [2025-02-27T03:02:18.761+0000] {dag.py:4180} INFO - Setting next_dagrun for example_nested_branch_dag to 2025-02-26 00:00:00+00:00, run_after=2025-02-27 00:00:00+00:00
[2025-02-27T03:02:18.819+0000] {processor.py:208} INFO - Processing /home/airflow/.local/lib/python3.12/site-packages/airflow/example_dags/example_nested_branch_dag.py took 0.351 seconds
[2025-02-27T03:02:52.112+0000] {processor.py:186} INFO - Started process (PID=1141) to work on /home/airflow/.local/lib/python3.12/site-packages/airflow/example_dags/example_nested_branch_dag.py
[2025-02-27T03:02:52.114+0000] {processor.py:914} INFO - Processing file /home/airflow/.local/lib/python3.12/site-packages/airflow/example_dags/example_nested_branch_dag.py for tasks to queue
[2025-02-27T03:02:52.120+0000] {logging_mixin.py:190} INFO - [2025-02-27T03:02:52.118+0000] {dagbag.py:588} INFO - Filling up the DagBag from /home/airflow/.local/lib/python3.12/site-packages/airflow/example_dags/example_nested_branch_dag.py
[2025-02-27T03:02:52.143+0000] {processor.py:925} INFO - DAG(s) 'example_nested_branch_dag' retrieved from /home/airflow/.local/lib/python3.12/site-packages/airflow/example_dags/example_nested_branch_dag.py
[2025-02-27T03:02:52.303+0000] {logging_mixin.py:190} INFO - [2025-02-27T03:02:52.302+0000] {dag.py:3239} INFO - Sync 1 DAGs
[2025-02-27T03:02:52.381+0000] {logging_mixin.py:190} INFO - [2025-02-27T03:02:52.381+0000] {dag.py:4180} INFO - Setting next_dagrun for example_nested_branch_dag to 2025-02-26 00:00:00+00:00, run_after=2025-02-27 00:00:00+00:00
[2025-02-27T03:02:52.443+0000] {processor.py:208} INFO - Processing /home/airflow/.local/lib/python3.12/site-packages/airflow/example_dags/example_nested_branch_dag.py took 0.352 seconds
[2025-02-27T03:03:23.349+0000] {processor.py:186} INFO - Started process (PID=1205) to work on /home/airflow/.local/lib/python3.12/site-packages/airflow/example_dags/example_nested_branch_dag.py
[2025-02-27T03:03:23.351+0000] {processor.py:914} INFO - Processing file /home/airflow/.local/lib/python3.12/site-packages/airflow/example_dags/example_nested_branch_dag.py for tasks to queue
[2025-02-27T03:03:23.357+0000] {logging_mixin.py:190} INFO - [2025-02-27T03:03:23.356+0000] {dagbag.py:588} INFO - Filling up the DagBag from /home/airflow/.local/lib/python3.12/site-packages/airflow/example_dags/example_nested_branch_dag.py
[2025-02-27T03:03:23.382+0000] {processor.py:925} INFO - DAG(s) 'example_nested_branch_dag' retrieved from /home/airflow/.local/lib/python3.12/site-packages/airflow/example_dags/example_nested_branch_dag.py
[2025-02-27T03:03:23.560+0000] {logging_mixin.py:190} INFO - [2025-02-27T03:03:23.560+0000] {dag.py:3239} INFO - Sync 1 DAGs
[2025-02-27T03:03:23.632+0000] {logging_mixin.py:190} INFO - [2025-02-27T03:03:23.631+0000] {dag.py:4180} INFO - Setting next_dagrun for example_nested_branch_dag to 2025-02-26 00:00:00+00:00, run_after=2025-02-27 00:00:00+00:00
[2025-02-27T03:03:23.686+0000] {processor.py:208} INFO - Processing /home/airflow/.local/lib/python3.12/site-packages/airflow/example_dags/example_nested_branch_dag.py took 0.349 seconds
[2025-02-27T03:03:55.703+0000] {processor.py:186} INFO - Started process (PID=1268) to work on /home/airflow/.local/lib/python3.12/site-packages/airflow/example_dags/example_nested_branch_dag.py
[2025-02-27T03:03:55.705+0000] {processor.py:914} INFO - Processing file /home/airflow/.local/lib/python3.12/site-packages/airflow/example_dags/example_nested_branch_dag.py for tasks to queue
[2025-02-27T03:03:55.710+0000] {logging_mixin.py:190} INFO - [2025-02-27T03:03:55.709+0000] {dagbag.py:588} INFO - Filling up the DagBag from /home/airflow/.local/lib/python3.12/site-packages/airflow/example_dags/example_nested_branch_dag.py
[2025-02-27T03:03:55.739+0000] {processor.py:925} INFO - DAG(s) 'example_nested_branch_dag' retrieved from /home/airflow/.local/lib/python3.12/site-packages/airflow/example_dags/example_nested_branch_dag.py
[2025-02-27T03:03:55.968+0000] {logging_mixin.py:190} INFO - [2025-02-27T03:03:55.967+0000] {dag.py:3239} INFO - Sync 1 DAGs
[2025-02-27T03:03:56.068+0000] {logging_mixin.py:190} INFO - [2025-02-27T03:03:56.068+0000] {dag.py:4180} INFO - Setting next_dagrun for example_nested_branch_dag to 2025-02-26 00:00:00+00:00, run_after=2025-02-27 00:00:00+00:00
[2025-02-27T03:03:56.154+0000] {processor.py:208} INFO - Processing /home/airflow/.local/lib/python3.12/site-packages/airflow/example_dags/example_nested_branch_dag.py took 0.462 seconds
[2025-02-27T03:04:26.283+0000] {processor.py:186} INFO - Started process (PID=1331) to work on /home/airflow/.local/lib/python3.12/site-packages/airflow/example_dags/example_nested_branch_dag.py
[2025-02-27T03:04:26.285+0000] {processor.py:914} INFO - Processing file /home/airflow/.local/lib/python3.12/site-packages/airflow/example_dags/example_nested_branch_dag.py for tasks to queue
[2025-02-27T03:04:26.290+0000] {logging_mixin.py:190} INFO - [2025-02-27T03:04:26.289+0000] {dagbag.py:588} INFO - Filling up the DagBag from /home/airflow/.local/lib/python3.12/site-packages/airflow/example_dags/example_nested_branch_dag.py
[2025-02-27T03:04:26.315+0000] {processor.py:925} INFO - DAG(s) 'example_nested_branch_dag' retrieved from /home/airflow/.local/lib/python3.12/site-packages/airflow/example_dags/example_nested_branch_dag.py
[2025-02-27T03:04:26.653+0000] {logging_mixin.py:190} INFO - [2025-02-27T03:04:26.653+0000] {dag.py:3239} INFO - Sync 1 DAGs
[2025-02-27T03:04:26.754+0000] {logging_mixin.py:190} INFO - [2025-02-27T03:04:26.753+0000] {dag.py:4180} INFO - Setting next_dagrun for example_nested_branch_dag to 2025-02-26 00:00:00+00:00, run_after=2025-02-27 00:00:00+00:00
[2025-02-27T03:04:26.834+0000] {processor.py:208} INFO - Processing /home/airflow/.local/lib/python3.12/site-packages/airflow/example_dags/example_nested_branch_dag.py took 0.562 seconds
[2025-02-27T03:04:58.259+0000] {processor.py:186} INFO - Started process (PID=1394) to work on /home/airflow/.local/lib/python3.12/site-packages/airflow/example_dags/example_nested_branch_dag.py
[2025-02-27T03:04:58.263+0000] {processor.py:914} INFO - Processing file /home/airflow/.local/lib/python3.12/site-packages/airflow/example_dags/example_nested_branch_dag.py for tasks to queue
[2025-02-27T03:04:58.267+0000] {logging_mixin.py:190} INFO - [2025-02-27T03:04:58.267+0000] {dagbag.py:588} INFO - Filling up the DagBag from /home/airflow/.local/lib/python3.12/site-packages/airflow/example_dags/example_nested_branch_dag.py
[2025-02-27T03:04:58.294+0000] {processor.py:925} INFO - DAG(s) 'example_nested_branch_dag' retrieved from /home/airflow/.local/lib/python3.12/site-packages/airflow/example_dags/example_nested_branch_dag.py
[2025-02-27T03:04:58.462+0000] {logging_mixin.py:190} INFO - [2025-02-27T03:04:58.462+0000] {dag.py:3239} INFO - Sync 1 DAGs
[2025-02-27T03:04:58.535+0000] {logging_mixin.py:190} INFO - [2025-02-27T03:04:58.535+0000] {dag.py:4180} INFO - Setting next_dagrun for example_nested_branch_dag to 2025-02-26 00:00:00+00:00, run_after=2025-02-27 00:00:00+00:00
[2025-02-27T03:04:58.601+0000] {processor.py:208} INFO - Processing /home/airflow/.local/lib/python3.12/site-packages/airflow/example_dags/example_nested_branch_dag.py took 0.353 seconds
[2025-02-27T03:05:29.125+0000] {processor.py:186} INFO - Started process (PID=1456) to work on /home/airflow/.local/lib/python3.12/site-packages/airflow/example_dags/example_nested_branch_dag.py
[2025-02-27T03:05:29.126+0000] {processor.py:914} INFO - Processing file /home/airflow/.local/lib/python3.12/site-packages/airflow/example_dags/example_nested_branch_dag.py for tasks to queue
[2025-02-27T03:05:29.133+0000] {logging_mixin.py:190} INFO - [2025-02-27T03:05:29.131+0000] {dagbag.py:588} INFO - Filling up the DagBag from /home/airflow/.local/lib/python3.12/site-packages/airflow/example_dags/example_nested_branch_dag.py
[2025-02-27T03:05:29.158+0000] {processor.py:925} INFO - DAG(s) 'example_nested_branch_dag' retrieved from /home/airflow/.local/lib/python3.12/site-packages/airflow/example_dags/example_nested_branch_dag.py
[2025-02-27T03:05:29.309+0000] {logging_mixin.py:190} INFO - [2025-02-27T03:05:29.308+0000] {dag.py:3239} INFO - Sync 1 DAGs
[2025-02-27T03:05:29.375+0000] {logging_mixin.py:190} INFO - [2025-02-27T03:05:29.375+0000] {dag.py:4180} INFO - Setting next_dagrun for example_nested_branch_dag to 2025-02-26 00:00:00+00:00, run_after=2025-02-27 00:00:00+00:00
[2025-02-27T03:05:29.438+0000] {processor.py:208} INFO - Processing /home/airflow/.local/lib/python3.12/site-packages/airflow/example_dags/example_nested_branch_dag.py took 0.322 seconds
[2025-02-27T03:06:01.418+0000] {processor.py:186} INFO - Started process (PID=1520) to work on /home/airflow/.local/lib/python3.12/site-packages/airflow/example_dags/example_nested_branch_dag.py
[2025-02-27T03:06:01.420+0000] {processor.py:914} INFO - Processing file /home/airflow/.local/lib/python3.12/site-packages/airflow/example_dags/example_nested_branch_dag.py for tasks to queue
[2025-02-27T03:06:01.428+0000] {logging_mixin.py:190} INFO - [2025-02-27T03:06:01.427+0000] {dagbag.py:588} INFO - Filling up the DagBag from /home/airflow/.local/lib/python3.12/site-packages/airflow/example_dags/example_nested_branch_dag.py
[2025-02-27T03:06:01.470+0000] {processor.py:925} INFO - DAG(s) 'example_nested_branch_dag' retrieved from /home/airflow/.local/lib/python3.12/site-packages/airflow/example_dags/example_nested_branch_dag.py
[2025-02-27T03:06:01.686+0000] {logging_mixin.py:190} INFO - [2025-02-27T03:06:01.685+0000] {dag.py:3239} INFO - Sync 1 DAGs
[2025-02-27T03:06:01.781+0000] {logging_mixin.py:190} INFO - [2025-02-27T03:06:01.781+0000] {dag.py:4180} INFO - Setting next_dagrun for example_nested_branch_dag to 2025-02-26 00:00:00+00:00, run_after=2025-02-27 00:00:00+00:00
[2025-02-27T03:06:01.849+0000] {processor.py:208} INFO - Processing /home/airflow/.local/lib/python3.12/site-packages/airflow/example_dags/example_nested_branch_dag.py took 0.440 seconds
[2025-02-27T03:06:34.088+0000] {processor.py:186} INFO - Started process (PID=1583) to work on /home/airflow/.local/lib/python3.12/site-packages/airflow/example_dags/example_nested_branch_dag.py
[2025-02-27T03:06:34.090+0000] {processor.py:914} INFO - Processing file /home/airflow/.local/lib/python3.12/site-packages/airflow/example_dags/example_nested_branch_dag.py for tasks to queue
[2025-02-27T03:06:34.094+0000] {logging_mixin.py:190} INFO - [2025-02-27T03:06:34.094+0000] {dagbag.py:588} INFO - Filling up the DagBag from /home/airflow/.local/lib/python3.12/site-packages/airflow/example_dags/example_nested_branch_dag.py
[2025-02-27T03:06:34.118+0000] {processor.py:925} INFO - DAG(s) 'example_nested_branch_dag' retrieved from /home/airflow/.local/lib/python3.12/site-packages/airflow/example_dags/example_nested_branch_dag.py
[2025-02-27T03:06:34.285+0000] {logging_mixin.py:190} INFO - [2025-02-27T03:06:34.284+0000] {dag.py:3239} INFO - Sync 1 DAGs
[2025-02-27T03:06:34.350+0000] {logging_mixin.py:190} INFO - [2025-02-27T03:06:34.350+0000] {dag.py:4180} INFO - Setting next_dagrun for example_nested_branch_dag to 2025-02-26 00:00:00+00:00, run_after=2025-02-27 00:00:00+00:00
[2025-02-27T03:06:34.416+0000] {processor.py:208} INFO - Processing /home/airflow/.local/lib/python3.12/site-packages/airflow/example_dags/example_nested_branch_dag.py took 0.341 seconds
[2025-02-27T03:07:05.235+0000] {processor.py:186} INFO - Started process (PID=1646) to work on /home/airflow/.local/lib/python3.12/site-packages/airflow/example_dags/example_nested_branch_dag.py
[2025-02-27T03:07:05.237+0000] {processor.py:914} INFO - Processing file /home/airflow/.local/lib/python3.12/site-packages/airflow/example_dags/example_nested_branch_dag.py for tasks to queue
[2025-02-27T03:07:05.241+0000] {logging_mixin.py:190} INFO - [2025-02-27T03:07:05.240+0000] {dagbag.py:588} INFO - Filling up the DagBag from /home/airflow/.local/lib/python3.12/site-packages/airflow/example_dags/example_nested_branch_dag.py
[2025-02-27T03:07:05.264+0000] {processor.py:925} INFO - DAG(s) 'example_nested_branch_dag' retrieved from /home/airflow/.local/lib/python3.12/site-packages/airflow/example_dags/example_nested_branch_dag.py
[2025-02-27T03:07:05.445+0000] {logging_mixin.py:190} INFO - [2025-02-27T03:07:05.444+0000] {dag.py:3239} INFO - Sync 1 DAGs
[2025-02-27T03:07:05.543+0000] {logging_mixin.py:190} INFO - [2025-02-27T03:07:05.542+0000] {dag.py:4180} INFO - Setting next_dagrun for example_nested_branch_dag to 2025-02-26 00:00:00+00:00, run_after=2025-02-27 00:00:00+00:00
[2025-02-27T03:07:05.626+0000] {processor.py:208} INFO - Processing /home/airflow/.local/lib/python3.12/site-packages/airflow/example_dags/example_nested_branch_dag.py took 0.401 seconds
[2025-02-27T03:07:36.267+0000] {processor.py:186} INFO - Started process (PID=1709) to work on /home/airflow/.local/lib/python3.12/site-packages/airflow/example_dags/example_nested_branch_dag.py
[2025-02-27T03:07:36.269+0000] {processor.py:914} INFO - Processing file /home/airflow/.local/lib/python3.12/site-packages/airflow/example_dags/example_nested_branch_dag.py for tasks to queue
[2025-02-27T03:07:36.279+0000] {logging_mixin.py:190} INFO - [2025-02-27T03:07:36.275+0000] {dagbag.py:588} INFO - Filling up the DagBag from /home/airflow/.local/lib/python3.12/site-packages/airflow/example_dags/example_nested_branch_dag.py
[2025-02-27T03:07:36.315+0000] {processor.py:925} INFO - DAG(s) 'example_nested_branch_dag' retrieved from /home/airflow/.local/lib/python3.12/site-packages/airflow/example_dags/example_nested_branch_dag.py
[2025-02-27T03:07:36.542+0000] {logging_mixin.py:190} INFO - [2025-02-27T03:07:36.542+0000] {dag.py:3239} INFO - Sync 1 DAGs
[2025-02-27T03:07:36.644+0000] {logging_mixin.py:190} INFO - [2025-02-27T03:07:36.644+0000] {dag.py:4180} INFO - Setting next_dagrun for example_nested_branch_dag to 2025-02-26 00:00:00+00:00, run_after=2025-02-27 00:00:00+00:00
[2025-02-27T03:07:36.745+0000] {processor.py:208} INFO - Processing /home/airflow/.local/lib/python3.12/site-packages/airflow/example_dags/example_nested_branch_dag.py took 0.496 seconds
[2025-02-27T03:08:07.991+0000] {processor.py:186} INFO - Started process (PID=1772) to work on /home/airflow/.local/lib/python3.12/site-packages/airflow/example_dags/example_nested_branch_dag.py
[2025-02-27T03:08:07.993+0000] {processor.py:914} INFO - Processing file /home/airflow/.local/lib/python3.12/site-packages/airflow/example_dags/example_nested_branch_dag.py for tasks to queue
[2025-02-27T03:08:08.000+0000] {logging_mixin.py:190} INFO - [2025-02-27T03:08:07.997+0000] {dagbag.py:588} INFO - Filling up the DagBag from /home/airflow/.local/lib/python3.12/site-packages/airflow/example_dags/example_nested_branch_dag.py
[2025-02-27T03:08:08.020+0000] {processor.py:925} INFO - DAG(s) 'example_nested_branch_dag' retrieved from /home/airflow/.local/lib/python3.12/site-packages/airflow/example_dags/example_nested_branch_dag.py
[2025-02-27T03:08:08.172+0000] {logging_mixin.py:190} INFO - [2025-02-27T03:08:08.172+0000] {dag.py:3239} INFO - Sync 1 DAGs
[2025-02-27T03:08:08.266+0000] {logging_mixin.py:190} INFO - [2025-02-27T03:08:08.265+0000] {dag.py:4180} INFO - Setting next_dagrun for example_nested_branch_dag to 2025-02-26 00:00:00+00:00, run_after=2025-02-27 00:00:00+00:00
[2025-02-27T03:08:08.335+0000] {processor.py:208} INFO - Processing /home/airflow/.local/lib/python3.12/site-packages/airflow/example_dags/example_nested_branch_dag.py took 0.357 seconds
[2025-02-27T03:08:38.622+0000] {processor.py:186} INFO - Started process (PID=1835) to work on /home/airflow/.local/lib/python3.12/site-packages/airflow/example_dags/example_nested_branch_dag.py
[2025-02-27T03:08:38.624+0000] {processor.py:914} INFO - Processing file /home/airflow/.local/lib/python3.12/site-packages/airflow/example_dags/example_nested_branch_dag.py for tasks to queue
[2025-02-27T03:08:38.628+0000] {logging_mixin.py:190} INFO - [2025-02-27T03:08:38.628+0000] {dagbag.py:588} INFO - Filling up the DagBag from /home/airflow/.local/lib/python3.12/site-packages/airflow/example_dags/example_nested_branch_dag.py
[2025-02-27T03:08:38.649+0000] {processor.py:925} INFO - DAG(s) 'example_nested_branch_dag' retrieved from /home/airflow/.local/lib/python3.12/site-packages/airflow/example_dags/example_nested_branch_dag.py
[2025-02-27T03:08:38.778+0000] {logging_mixin.py:190} INFO - [2025-02-27T03:08:38.777+0000] {dag.py:3239} INFO - Sync 1 DAGs
[2025-02-27T03:08:38.848+0000] {logging_mixin.py:190} INFO - [2025-02-27T03:08:38.847+0000] {dag.py:4180} INFO - Setting next_dagrun for example_nested_branch_dag to 2025-02-26 00:00:00+00:00, run_after=2025-02-27 00:00:00+00:00
[2025-02-27T03:08:38.913+0000] {processor.py:208} INFO - Processing /home/airflow/.local/lib/python3.12/site-packages/airflow/example_dags/example_nested_branch_dag.py took 0.300 seconds
[2025-02-27T03:09:09.510+0000] {processor.py:186} INFO - Started process (PID=1897) to work on /home/airflow/.local/lib/python3.12/site-packages/airflow/example_dags/example_nested_branch_dag.py
[2025-02-27T03:09:09.512+0000] {processor.py:914} INFO - Processing file /home/airflow/.local/lib/python3.12/site-packages/airflow/example_dags/example_nested_branch_dag.py for tasks to queue
[2025-02-27T03:09:09.516+0000] {logging_mixin.py:190} INFO - [2025-02-27T03:09:09.516+0000] {dagbag.py:588} INFO - Filling up the DagBag from /home/airflow/.local/lib/python3.12/site-packages/airflow/example_dags/example_nested_branch_dag.py
[2025-02-27T03:09:09.539+0000] {processor.py:925} INFO - DAG(s) 'example_nested_branch_dag' retrieved from /home/airflow/.local/lib/python3.12/site-packages/airflow/example_dags/example_nested_branch_dag.py
[2025-02-27T03:09:09.691+0000] {logging_mixin.py:190} INFO - [2025-02-27T03:09:09.690+0000] {dag.py:3239} INFO - Sync 1 DAGs
[2025-02-27T03:09:09.763+0000] {logging_mixin.py:190} INFO - [2025-02-27T03:09:09.762+0000] {dag.py:4180} INFO - Setting next_dagrun for example_nested_branch_dag to 2025-02-26 00:00:00+00:00, run_after=2025-02-27 00:00:00+00:00
[2025-02-27T03:09:09.810+0000] {processor.py:208} INFO - Processing /home/airflow/.local/lib/python3.12/site-packages/airflow/example_dags/example_nested_branch_dag.py took 0.309 seconds
[2025-02-27T03:09:41.459+0000] {processor.py:186} INFO - Started process (PID=1960) to work on /home/airflow/.local/lib/python3.12/site-packages/airflow/example_dags/example_nested_branch_dag.py
[2025-02-27T03:09:41.461+0000] {processor.py:914} INFO - Processing file /home/airflow/.local/lib/python3.12/site-packages/airflow/example_dags/example_nested_branch_dag.py for tasks to queue
[2025-02-27T03:09:41.466+0000] {logging_mixin.py:190} INFO - [2025-02-27T03:09:41.465+0000] {dagbag.py:588} INFO - Filling up the DagBag from /home/airflow/.local/lib/python3.12/site-packages/airflow/example_dags/example_nested_branch_dag.py
[2025-02-27T03:09:41.506+0000] {processor.py:925} INFO - DAG(s) 'example_nested_branch_dag' retrieved from /home/airflow/.local/lib/python3.12/site-packages/airflow/example_dags/example_nested_branch_dag.py
[2025-02-27T03:09:41.774+0000] {logging_mixin.py:190} INFO - [2025-02-27T03:09:41.774+0000] {dag.py:3239} INFO - Sync 1 DAGs
[2025-02-27T03:09:41.880+0000] {logging_mixin.py:190} INFO - [2025-02-27T03:09:41.880+0000] {dag.py:4180} INFO - Setting next_dagrun for example_nested_branch_dag to 2025-02-26 00:00:00+00:00, run_after=2025-02-27 00:00:00+00:00
[2025-02-27T03:09:41.952+0000] {processor.py:208} INFO - Processing /home/airflow/.local/lib/python3.12/site-packages/airflow/example_dags/example_nested_branch_dag.py took 0.512 seconds
[2025-02-27T03:10:12.290+0000] {processor.py:186} INFO - Started process (PID=2023) to work on /home/airflow/.local/lib/python3.12/site-packages/airflow/example_dags/example_nested_branch_dag.py
[2025-02-27T03:10:12.292+0000] {processor.py:914} INFO - Processing file /home/airflow/.local/lib/python3.12/site-packages/airflow/example_dags/example_nested_branch_dag.py for tasks to queue
[2025-02-27T03:10:12.296+0000] {logging_mixin.py:190} INFO - [2025-02-27T03:10:12.296+0000] {dagbag.py:588} INFO - Filling up the DagBag from /home/airflow/.local/lib/python3.12/site-packages/airflow/example_dags/example_nested_branch_dag.py
[2025-02-27T03:10:12.319+0000] {processor.py:925} INFO - DAG(s) 'example_nested_branch_dag' retrieved from /home/airflow/.local/lib/python3.12/site-packages/airflow/example_dags/example_nested_branch_dag.py
[2025-02-27T03:10:12.468+0000] {logging_mixin.py:190} INFO - [2025-02-27T03:10:12.468+0000] {dag.py:3239} INFO - Sync 1 DAGs
[2025-02-27T03:10:12.534+0000] {logging_mixin.py:190} INFO - [2025-02-27T03:10:12.534+0000] {dag.py:4180} INFO - Setting next_dagrun for example_nested_branch_dag to 2025-02-26 00:00:00+00:00, run_after=2025-02-27 00:00:00+00:00
[2025-02-27T03:10:12.600+0000] {processor.py:208} INFO - Processing /home/airflow/.local/lib/python3.12/site-packages/airflow/example_dags/example_nested_branch_dag.py took 0.320 seconds
[2025-02-27T03:10:43.180+0000] {processor.py:186} INFO - Started process (PID=2086) to work on /home/airflow/.local/lib/python3.12/site-packages/airflow/example_dags/example_nested_branch_dag.py
[2025-02-27T03:10:43.181+0000] {processor.py:914} INFO - Processing file /home/airflow/.local/lib/python3.12/site-packages/airflow/example_dags/example_nested_branch_dag.py for tasks to queue
[2025-02-27T03:10:43.185+0000] {logging_mixin.py:190} INFO - [2025-02-27T03:10:43.184+0000] {dagbag.py:588} INFO - Filling up the DagBag from /home/airflow/.local/lib/python3.12/site-packages/airflow/example_dags/example_nested_branch_dag.py
[2025-02-27T03:10:43.203+0000] {processor.py:925} INFO - DAG(s) 'example_nested_branch_dag' retrieved from /home/airflow/.local/lib/python3.12/site-packages/airflow/example_dags/example_nested_branch_dag.py
[2025-02-27T03:10:43.364+0000] {logging_mixin.py:190} INFO - [2025-02-27T03:10:43.364+0000] {dag.py:3239} INFO - Sync 1 DAGs
[2025-02-27T03:10:43.441+0000] {logging_mixin.py:190} INFO - [2025-02-27T03:10:43.440+0000] {dag.py:4180} INFO - Setting next_dagrun for example_nested_branch_dag to 2025-02-26 00:00:00+00:00, run_after=2025-02-27 00:00:00+00:00
[2025-02-27T03:10:43.505+0000] {processor.py:208} INFO - Processing /home/airflow/.local/lib/python3.12/site-packages/airflow/example_dags/example_nested_branch_dag.py took 0.332 seconds
[2025-02-27T03:11:14.635+0000] {processor.py:186} INFO - Started process (PID=2149) to work on /home/airflow/.local/lib/python3.12/site-packages/airflow/example_dags/example_nested_branch_dag.py
[2025-02-27T03:11:14.636+0000] {processor.py:914} INFO - Processing file /home/airflow/.local/lib/python3.12/site-packages/airflow/example_dags/example_nested_branch_dag.py for tasks to queue
[2025-02-27T03:11:14.640+0000] {logging_mixin.py:190} INFO - [2025-02-27T03:11:14.639+0000] {dagbag.py:588} INFO - Filling up the DagBag from /home/airflow/.local/lib/python3.12/site-packages/airflow/example_dags/example_nested_branch_dag.py
[2025-02-27T03:11:14.660+0000] {processor.py:925} INFO - DAG(s) 'example_nested_branch_dag' retrieved from /home/airflow/.local/lib/python3.12/site-packages/airflow/example_dags/example_nested_branch_dag.py
[2025-02-27T03:11:14.805+0000] {logging_mixin.py:190} INFO - [2025-02-27T03:11:14.804+0000] {dag.py:3239} INFO - Sync 1 DAGs
[2025-02-27T03:11:14.864+0000] {logging_mixin.py:190} INFO - [2025-02-27T03:11:14.864+0000] {dag.py:4180} INFO - Setting next_dagrun for example_nested_branch_dag to 2025-02-26 00:00:00+00:00, run_after=2025-02-27 00:00:00+00:00
[2025-02-27T03:11:14.911+0000] {processor.py:208} INFO - Processing /home/airflow/.local/lib/python3.12/site-packages/airflow/example_dags/example_nested_branch_dag.py took 0.285 seconds
[2025-02-27T03:11:46.318+0000] {processor.py:186} INFO - Started process (PID=2212) to work on /home/airflow/.local/lib/python3.12/site-packages/airflow/example_dags/example_nested_branch_dag.py
[2025-02-27T03:11:46.321+0000] {processor.py:914} INFO - Processing file /home/airflow/.local/lib/python3.12/site-packages/airflow/example_dags/example_nested_branch_dag.py for tasks to queue
[2025-02-27T03:11:46.326+0000] {logging_mixin.py:190} INFO - [2025-02-27T03:11:46.325+0000] {dagbag.py:588} INFO - Filling up the DagBag from /home/airflow/.local/lib/python3.12/site-packages/airflow/example_dags/example_nested_branch_dag.py
[2025-02-27T03:11:46.353+0000] {processor.py:925} INFO - DAG(s) 'example_nested_branch_dag' retrieved from /home/airflow/.local/lib/python3.12/site-packages/airflow/example_dags/example_nested_branch_dag.py
[2025-02-27T03:11:46.554+0000] {logging_mixin.py:190} INFO - [2025-02-27T03:11:46.554+0000] {dag.py:3239} INFO - Sync 1 DAGs
[2025-02-27T03:11:46.650+0000] {logging_mixin.py:190} INFO - [2025-02-27T03:11:46.649+0000] {dag.py:4180} INFO - Setting next_dagrun for example_nested_branch_dag to 2025-02-26 00:00:00+00:00, run_after=2025-02-27 00:00:00+00:00
[2025-02-27T03:11:46.711+0000] {processor.py:208} INFO - Processing /home/airflow/.local/lib/python3.12/site-packages/airflow/example_dags/example_nested_branch_dag.py took 0.404 seconds
[2025-02-27T03:12:18.226+0000] {processor.py:186} INFO - Started process (PID=2275) to work on /home/airflow/.local/lib/python3.12/site-packages/airflow/example_dags/example_nested_branch_dag.py
[2025-02-27T03:12:18.228+0000] {processor.py:914} INFO - Processing file /home/airflow/.local/lib/python3.12/site-packages/airflow/example_dags/example_nested_branch_dag.py for tasks to queue
[2025-02-27T03:12:18.231+0000] {logging_mixin.py:190} INFO - [2025-02-27T03:12:18.231+0000] {dagbag.py:588} INFO - Filling up the DagBag from /home/airflow/.local/lib/python3.12/site-packages/airflow/example_dags/example_nested_branch_dag.py
[2025-02-27T03:12:18.261+0000] {processor.py:925} INFO - DAG(s) 'example_nested_branch_dag' retrieved from /home/airflow/.local/lib/python3.12/site-packages/airflow/example_dags/example_nested_branch_dag.py
[2025-02-27T03:12:18.418+0000] {logging_mixin.py:190} INFO - [2025-02-27T03:12:18.417+0000] {dag.py:3239} INFO - Sync 1 DAGs
[2025-02-27T03:12:18.494+0000] {logging_mixin.py:190} INFO - [2025-02-27T03:12:18.493+0000] {dag.py:4180} INFO - Setting next_dagrun for example_nested_branch_dag to 2025-02-26 00:00:00+00:00, run_after=2025-02-27 00:00:00+00:00
[2025-02-27T03:12:18.541+0000] {processor.py:208} INFO - Processing /home/airflow/.local/lib/python3.12/site-packages/airflow/example_dags/example_nested_branch_dag.py took 0.324 seconds
[2025-02-27T03:12:49.868+0000] {processor.py:186} INFO - Started process (PID=2344) to work on /home/airflow/.local/lib/python3.12/site-packages/airflow/example_dags/example_nested_branch_dag.py
[2025-02-27T03:12:49.869+0000] {processor.py:914} INFO - Processing file /home/airflow/.local/lib/python3.12/site-packages/airflow/example_dags/example_nested_branch_dag.py for tasks to queue
[2025-02-27T03:12:49.874+0000] {logging_mixin.py:190} INFO - [2025-02-27T03:12:49.873+0000] {dagbag.py:588} INFO - Filling up the DagBag from /home/airflow/.local/lib/python3.12/site-packages/airflow/example_dags/example_nested_branch_dag.py
[2025-02-27T03:12:49.900+0000] {processor.py:925} INFO - DAG(s) 'example_nested_branch_dag' retrieved from /home/airflow/.local/lib/python3.12/site-packages/airflow/example_dags/example_nested_branch_dag.py
[2025-02-27T03:12:50.072+0000] {logging_mixin.py:190} INFO - [2025-02-27T03:12:50.071+0000] {dag.py:3239} INFO - Sync 1 DAGs
[2025-02-27T03:12:50.161+0000] {logging_mixin.py:190} INFO - [2025-02-27T03:12:50.161+0000] {dag.py:4180} INFO - Setting next_dagrun for example_nested_branch_dag to 2025-02-26 00:00:00+00:00, run_after=2025-02-27 00:00:00+00:00
[2025-02-27T03:12:50.214+0000] {processor.py:208} INFO - Processing /home/airflow/.local/lib/python3.12/site-packages/airflow/example_dags/example_nested_branch_dag.py took 0.355 seconds
[2025-02-27T03:13:21.149+0000] {processor.py:186} INFO - Started process (PID=2407) to work on /home/airflow/.local/lib/python3.12/site-packages/airflow/example_dags/example_nested_branch_dag.py
[2025-02-27T03:13:21.151+0000] {processor.py:914} INFO - Processing file /home/airflow/.local/lib/python3.12/site-packages/airflow/example_dags/example_nested_branch_dag.py for tasks to queue
[2025-02-27T03:13:21.155+0000] {logging_mixin.py:190} INFO - [2025-02-27T03:13:21.154+0000] {dagbag.py:588} INFO - Filling up the DagBag from /home/airflow/.local/lib/python3.12/site-packages/airflow/example_dags/example_nested_branch_dag.py
[2025-02-27T03:13:21.184+0000] {processor.py:925} INFO - DAG(s) 'example_nested_branch_dag' retrieved from /home/airflow/.local/lib/python3.12/site-packages/airflow/example_dags/example_nested_branch_dag.py
[2025-02-27T03:13:21.501+0000] {logging_mixin.py:190} INFO - [2025-02-27T03:13:21.501+0000] {dag.py:3239} INFO - Sync 1 DAGs
[2025-02-27T03:13:21.590+0000] {logging_mixin.py:190} INFO - [2025-02-27T03:13:21.589+0000] {dag.py:4180} INFO - Setting next_dagrun for example_nested_branch_dag to 2025-02-26 00:00:00+00:00, run_after=2025-02-27 00:00:00+00:00
[2025-02-27T03:13:21.649+0000] {processor.py:208} INFO - Processing /home/airflow/.local/lib/python3.12/site-packages/airflow/example_dags/example_nested_branch_dag.py took 0.511 seconds
[2025-02-27T03:13:51.972+0000] {processor.py:186} INFO - Started process (PID=2470) to work on /home/airflow/.local/lib/python3.12/site-packages/airflow/example_dags/example_nested_branch_dag.py
[2025-02-27T03:13:51.974+0000] {processor.py:914} INFO - Processing file /home/airflow/.local/lib/python3.12/site-packages/airflow/example_dags/example_nested_branch_dag.py for tasks to queue
[2025-02-27T03:13:51.978+0000] {logging_mixin.py:190} INFO - [2025-02-27T03:13:51.978+0000] {dagbag.py:588} INFO - Filling up the DagBag from /home/airflow/.local/lib/python3.12/site-packages/airflow/example_dags/example_nested_branch_dag.py
[2025-02-27T03:13:52.003+0000] {processor.py:925} INFO - DAG(s) 'example_nested_branch_dag' retrieved from /home/airflow/.local/lib/python3.12/site-packages/airflow/example_dags/example_nested_branch_dag.py
[2025-02-27T03:13:52.196+0000] {logging_mixin.py:190} INFO - [2025-02-27T03:13:52.195+0000] {dag.py:3239} INFO - Sync 1 DAGs
[2025-02-27T03:13:52.307+0000] {logging_mixin.py:190} INFO - [2025-02-27T03:13:52.305+0000] {dag.py:4180} INFO - Setting next_dagrun for example_nested_branch_dag to 2025-02-26 00:00:00+00:00, run_after=2025-02-27 00:00:00+00:00
[2025-02-27T03:13:52.361+0000] {processor.py:208} INFO - Processing /home/airflow/.local/lib/python3.12/site-packages/airflow/example_dags/example_nested_branch_dag.py took 0.398 seconds
[2025-02-27T03:14:22.554+0000] {processor.py:186} INFO - Started process (PID=2532) to work on /home/airflow/.local/lib/python3.12/site-packages/airflow/example_dags/example_nested_branch_dag.py
[2025-02-27T03:14:22.556+0000] {processor.py:914} INFO - Processing file /home/airflow/.local/lib/python3.12/site-packages/airflow/example_dags/example_nested_branch_dag.py for tasks to queue
[2025-02-27T03:14:22.559+0000] {logging_mixin.py:190} INFO - [2025-02-27T03:14:22.559+0000] {dagbag.py:588} INFO - Filling up the DagBag from /home/airflow/.local/lib/python3.12/site-packages/airflow/example_dags/example_nested_branch_dag.py
[2025-02-27T03:14:22.576+0000] {processor.py:925} INFO - DAG(s) 'example_nested_branch_dag' retrieved from /home/airflow/.local/lib/python3.12/site-packages/airflow/example_dags/example_nested_branch_dag.py
[2025-02-27T03:14:22.714+0000] {logging_mixin.py:190} INFO - [2025-02-27T03:14:22.714+0000] {dag.py:3239} INFO - Sync 1 DAGs
[2025-02-27T03:14:22.765+0000] {logging_mixin.py:190} INFO - [2025-02-27T03:14:22.764+0000] {dag.py:4180} INFO - Setting next_dagrun for example_nested_branch_dag to 2025-02-26 00:00:00+00:00, run_after=2025-02-27 00:00:00+00:00
[2025-02-27T03:14:22.820+0000] {processor.py:208} INFO - Processing /home/airflow/.local/lib/python3.12/site-packages/airflow/example_dags/example_nested_branch_dag.py took 0.272 seconds
[2025-02-27T03:14:53.723+0000] {processor.py:186} INFO - Started process (PID=2595) to work on /home/airflow/.local/lib/python3.12/site-packages/airflow/example_dags/example_nested_branch_dag.py
[2025-02-27T03:14:53.725+0000] {processor.py:914} INFO - Processing file /home/airflow/.local/lib/python3.12/site-packages/airflow/example_dags/example_nested_branch_dag.py for tasks to queue
[2025-02-27T03:14:53.729+0000] {logging_mixin.py:190} INFO - [2025-02-27T03:14:53.728+0000] {dagbag.py:588} INFO - Filling up the DagBag from /home/airflow/.local/lib/python3.12/site-packages/airflow/example_dags/example_nested_branch_dag.py
[2025-02-27T03:14:53.749+0000] {processor.py:925} INFO - DAG(s) 'example_nested_branch_dag' retrieved from /home/airflow/.local/lib/python3.12/site-packages/airflow/example_dags/example_nested_branch_dag.py
[2025-02-27T03:14:53.909+0000] {logging_mixin.py:190} INFO - [2025-02-27T03:14:53.908+0000] {dag.py:3239} INFO - Sync 1 DAGs
[2025-02-27T03:14:53.974+0000] {logging_mixin.py:190} INFO - [2025-02-27T03:14:53.973+0000] {dag.py:4180} INFO - Setting next_dagrun for example_nested_branch_dag to 2025-02-26 00:00:00+00:00, run_after=2025-02-27 00:00:00+00:00
[2025-02-27T03:14:54.022+0000] {processor.py:208} INFO - Processing /home/airflow/.local/lib/python3.12/site-packages/airflow/example_dags/example_nested_branch_dag.py took 0.308 seconds
[2025-02-27T03:15:25.384+0000] {processor.py:186} INFO - Started process (PID=2658) to work on /home/airflow/.local/lib/python3.12/site-packages/airflow/example_dags/example_nested_branch_dag.py
[2025-02-27T03:15:25.385+0000] {processor.py:914} INFO - Processing file /home/airflow/.local/lib/python3.12/site-packages/airflow/example_dags/example_nested_branch_dag.py for tasks to queue
[2025-02-27T03:15:25.389+0000] {logging_mixin.py:190} INFO - [2025-02-27T03:15:25.388+0000] {dagbag.py:588} INFO - Filling up the DagBag from /home/airflow/.local/lib/python3.12/site-packages/airflow/example_dags/example_nested_branch_dag.py
[2025-02-27T03:15:25.432+0000] {processor.py:925} INFO - DAG(s) 'example_nested_branch_dag' retrieved from /home/airflow/.local/lib/python3.12/site-packages/airflow/example_dags/example_nested_branch_dag.py
[2025-02-27T03:15:25.611+0000] {logging_mixin.py:190} INFO - [2025-02-27T03:15:25.610+0000] {dag.py:3239} INFO - Sync 1 DAGs
[2025-02-27T03:15:25.677+0000] {logging_mixin.py:190} INFO - [2025-02-27T03:15:25.677+0000] {dag.py:4180} INFO - Setting next_dagrun for example_nested_branch_dag to 2025-02-26 00:00:00+00:00, run_after=2025-02-27 00:00:00+00:00
[2025-02-27T03:15:25.727+0000] {processor.py:208} INFO - Processing /home/airflow/.local/lib/python3.12/site-packages/airflow/example_dags/example_nested_branch_dag.py took 0.354 seconds
[2025-02-27T03:15:56.989+0000] {processor.py:186} INFO - Started process (PID=2721) to work on /home/airflow/.local/lib/python3.12/site-packages/airflow/example_dags/example_nested_branch_dag.py
[2025-02-27T03:15:56.991+0000] {processor.py:914} INFO - Processing file /home/airflow/.local/lib/python3.12/site-packages/airflow/example_dags/example_nested_branch_dag.py for tasks to queue
[2025-02-27T03:15:56.996+0000] {logging_mixin.py:190} INFO - [2025-02-27T03:15:56.995+0000] {dagbag.py:588} INFO - Filling up the DagBag from /home/airflow/.local/lib/python3.12/site-packages/airflow/example_dags/example_nested_branch_dag.py
[2025-02-27T03:15:57.028+0000] {processor.py:925} INFO - DAG(s) 'example_nested_branch_dag' retrieved from /home/airflow/.local/lib/python3.12/site-packages/airflow/example_dags/example_nested_branch_dag.py
[2025-02-27T03:15:57.266+0000] {logging_mixin.py:190} INFO - [2025-02-27T03:15:57.265+0000] {dag.py:3239} INFO - Sync 1 DAGs
[2025-02-27T03:15:57.374+0000] {logging_mixin.py:190} INFO - [2025-02-27T03:15:57.374+0000] {dag.py:4180} INFO - Setting next_dagrun for example_nested_branch_dag to 2025-02-26 00:00:00+00:00, run_after=2025-02-27 00:00:00+00:00
[2025-02-27T03:15:57.459+0000] {processor.py:208} INFO - Processing /home/airflow/.local/lib/python3.12/site-packages/airflow/example_dags/example_nested_branch_dag.py took 0.484 seconds
[2025-02-27T03:16:27.919+0000] {processor.py:186} INFO - Started process (PID=2784) to work on /home/airflow/.local/lib/python3.12/site-packages/airflow/example_dags/example_nested_branch_dag.py
[2025-02-27T03:16:27.920+0000] {processor.py:914} INFO - Processing file /home/airflow/.local/lib/python3.12/site-packages/airflow/example_dags/example_nested_branch_dag.py for tasks to queue
[2025-02-27T03:16:27.924+0000] {logging_mixin.py:190} INFO - [2025-02-27T03:16:27.924+0000] {dagbag.py:588} INFO - Filling up the DagBag from /home/airflow/.local/lib/python3.12/site-packages/airflow/example_dags/example_nested_branch_dag.py
[2025-02-27T03:16:27.942+0000] {processor.py:925} INFO - DAG(s) 'example_nested_branch_dag' retrieved from /home/airflow/.local/lib/python3.12/site-packages/airflow/example_dags/example_nested_branch_dag.py
[2025-02-27T03:16:28.076+0000] {logging_mixin.py:190} INFO - [2025-02-27T03:16:28.076+0000] {dag.py:3239} INFO - Sync 1 DAGs
[2025-02-27T03:16:28.131+0000] {logging_mixin.py:190} INFO - [2025-02-27T03:16:28.130+0000] {dag.py:4180} INFO - Setting next_dagrun for example_nested_branch_dag to 2025-02-26 00:00:00+00:00, run_after=2025-02-27 00:00:00+00:00
[2025-02-27T03:16:28.172+0000] {processor.py:208} INFO - Processing /home/airflow/.local/lib/python3.12/site-packages/airflow/example_dags/example_nested_branch_dag.py took 0.260 seconds
[2025-02-27T03:16:58.833+0000] {processor.py:186} INFO - Started process (PID=2847) to work on /home/airflow/.local/lib/python3.12/site-packages/airflow/example_dags/example_nested_branch_dag.py
[2025-02-27T03:16:58.835+0000] {processor.py:914} INFO - Processing file /home/airflow/.local/lib/python3.12/site-packages/airflow/example_dags/example_nested_branch_dag.py for tasks to queue
[2025-02-27T03:16:58.839+0000] {logging_mixin.py:190} INFO - [2025-02-27T03:16:58.838+0000] {dagbag.py:588} INFO - Filling up the DagBag from /home/airflow/.local/lib/python3.12/site-packages/airflow/example_dags/example_nested_branch_dag.py
[2025-02-27T03:16:58.855+0000] {processor.py:925} INFO - DAG(s) 'example_nested_branch_dag' retrieved from /home/airflow/.local/lib/python3.12/site-packages/airflow/example_dags/example_nested_branch_dag.py
[2025-02-27T03:16:59.001+0000] {logging_mixin.py:190} INFO - [2025-02-27T03:16:59.001+0000] {dag.py:3239} INFO - Sync 1 DAGs
[2025-02-27T03:16:59.062+0000] {logging_mixin.py:190} INFO - [2025-02-27T03:16:59.062+0000] {dag.py:4180} INFO - Setting next_dagrun for example_nested_branch_dag to 2025-02-26 00:00:00+00:00, run_after=2025-02-27 00:00:00+00:00
[2025-02-27T03:16:59.109+0000] {processor.py:208} INFO - Processing /home/airflow/.local/lib/python3.12/site-packages/airflow/example_dags/example_nested_branch_dag.py took 0.283 seconds
[2025-02-27T03:17:29.602+0000] {processor.py:186} INFO - Started process (PID=2909) to work on /home/airflow/.local/lib/python3.12/site-packages/airflow/example_dags/example_nested_branch_dag.py
[2025-02-27T03:17:29.603+0000] {processor.py:914} INFO - Processing file /home/airflow/.local/lib/python3.12/site-packages/airflow/example_dags/example_nested_branch_dag.py for tasks to queue
[2025-02-27T03:17:29.607+0000] {logging_mixin.py:190} INFO - [2025-02-27T03:17:29.606+0000] {dagbag.py:588} INFO - Filling up the DagBag from /home/airflow/.local/lib/python3.12/site-packages/airflow/example_dags/example_nested_branch_dag.py
[2025-02-27T03:17:29.630+0000] {processor.py:925} INFO - DAG(s) 'example_nested_branch_dag' retrieved from /home/airflow/.local/lib/python3.12/site-packages/airflow/example_dags/example_nested_branch_dag.py
[2025-02-27T03:17:29.805+0000] {logging_mixin.py:190} INFO - [2025-02-27T03:17:29.804+0000] {dag.py:3239} INFO - Sync 1 DAGs
[2025-02-27T03:17:29.923+0000] {logging_mixin.py:190} INFO - [2025-02-27T03:17:29.923+0000] {dag.py:4180} INFO - Setting next_dagrun for example_nested_branch_dag to 2025-02-26 00:00:00+00:00, run_after=2025-02-27 00:00:00+00:00
[2025-02-27T03:17:29.981+0000] {processor.py:208} INFO - Processing /home/airflow/.local/lib/python3.12/site-packages/airflow/example_dags/example_nested_branch_dag.py took 0.389 seconds
[2025-02-27T03:18:00.369+0000] {processor.py:186} INFO - Started process (PID=2972) to work on /home/airflow/.local/lib/python3.12/site-packages/airflow/example_dags/example_nested_branch_dag.py
[2025-02-27T03:18:00.370+0000] {processor.py:914} INFO - Processing file /home/airflow/.local/lib/python3.12/site-packages/airflow/example_dags/example_nested_branch_dag.py for tasks to queue
[2025-02-27T03:18:00.374+0000] {logging_mixin.py:190} INFO - [2025-02-27T03:18:00.373+0000] {dagbag.py:588} INFO - Filling up the DagBag from /home/airflow/.local/lib/python3.12/site-packages/airflow/example_dags/example_nested_branch_dag.py
[2025-02-27T03:18:00.395+0000] {processor.py:925} INFO - DAG(s) 'example_nested_branch_dag' retrieved from /home/airflow/.local/lib/python3.12/site-packages/airflow/example_dags/example_nested_branch_dag.py
[2025-02-27T03:18:00.551+0000] {logging_mixin.py:190} INFO - [2025-02-27T03:18:00.551+0000] {dag.py:3239} INFO - Sync 1 DAGs
[2025-02-27T03:18:00.619+0000] {logging_mixin.py:190} INFO - [2025-02-27T03:18:00.619+0000] {dag.py:4180} INFO - Setting next_dagrun for example_nested_branch_dag to 2025-02-26 00:00:00+00:00, run_after=2025-02-27 00:00:00+00:00
[2025-02-27T03:18:00.668+0000] {processor.py:208} INFO - Processing /home/airflow/.local/lib/python3.12/site-packages/airflow/example_dags/example_nested_branch_dag.py took 0.307 seconds
[2025-02-27T03:18:31.529+0000] {processor.py:186} INFO - Started process (PID=3035) to work on /home/airflow/.local/lib/python3.12/site-packages/airflow/example_dags/example_nested_branch_dag.py
[2025-02-27T03:18:31.531+0000] {processor.py:914} INFO - Processing file /home/airflow/.local/lib/python3.12/site-packages/airflow/example_dags/example_nested_branch_dag.py for tasks to queue
[2025-02-27T03:18:31.536+0000] {logging_mixin.py:190} INFO - [2025-02-27T03:18:31.535+0000] {dagbag.py:588} INFO - Filling up the DagBag from /home/airflow/.local/lib/python3.12/site-packages/airflow/example_dags/example_nested_branch_dag.py
[2025-02-27T03:18:31.563+0000] {processor.py:925} INFO - DAG(s) 'example_nested_branch_dag' retrieved from /home/airflow/.local/lib/python3.12/site-packages/airflow/example_dags/example_nested_branch_dag.py
[2025-02-27T03:18:31.764+0000] {logging_mixin.py:190} INFO - [2025-02-27T03:18:31.763+0000] {dag.py:3239} INFO - Sync 1 DAGs
[2025-02-27T03:18:31.851+0000] {logging_mixin.py:190} INFO - [2025-02-27T03:18:31.850+0000] {dag.py:4180} INFO - Setting next_dagrun for example_nested_branch_dag to 2025-02-26 00:00:00+00:00, run_after=2025-02-27 00:00:00+00:00
[2025-02-27T03:18:31.915+0000] {processor.py:208} INFO - Processing /home/airflow/.local/lib/python3.12/site-packages/airflow/example_dags/example_nested_branch_dag.py took 0.397 seconds
[2025-02-27T03:19:02.848+0000] {processor.py:186} INFO - Started process (PID=3098) to work on /home/airflow/.local/lib/python3.12/site-packages/airflow/example_dags/example_nested_branch_dag.py
[2025-02-27T03:19:02.849+0000] {processor.py:914} INFO - Processing file /home/airflow/.local/lib/python3.12/site-packages/airflow/example_dags/example_nested_branch_dag.py for tasks to queue
[2025-02-27T03:19:02.853+0000] {logging_mixin.py:190} INFO - [2025-02-27T03:19:02.852+0000] {dagbag.py:588} INFO - Filling up the DagBag from /home/airflow/.local/lib/python3.12/site-packages/airflow/example_dags/example_nested_branch_dag.py
[2025-02-27T03:19:02.877+0000] {processor.py:925} INFO - DAG(s) 'example_nested_branch_dag' retrieved from /home/airflow/.local/lib/python3.12/site-packages/airflow/example_dags/example_nested_branch_dag.py
[2025-02-27T03:19:03.082+0000] {logging_mixin.py:190} INFO - [2025-02-27T03:19:03.081+0000] {dag.py:3239} INFO - Sync 1 DAGs
[2025-02-27T03:19:03.161+0000] {logging_mixin.py:190} INFO - [2025-02-27T03:19:03.161+0000] {dag.py:4180} INFO - Setting next_dagrun for example_nested_branch_dag to 2025-02-26 00:00:00+00:00, run_after=2025-02-27 00:00:00+00:00
[2025-02-27T03:19:03.225+0000] {processor.py:208} INFO - Processing /home/airflow/.local/lib/python3.12/site-packages/airflow/example_dags/example_nested_branch_dag.py took 0.387 seconds
[2025-02-27T03:19:34.053+0000] {processor.py:186} INFO - Started process (PID=3162) to work on /home/airflow/.local/lib/python3.12/site-packages/airflow/example_dags/example_nested_branch_dag.py
[2025-02-27T03:19:34.055+0000] {processor.py:914} INFO - Processing file /home/airflow/.local/lib/python3.12/site-packages/airflow/example_dags/example_nested_branch_dag.py for tasks to queue
[2025-02-27T03:19:34.060+0000] {logging_mixin.py:190} INFO - [2025-02-27T03:19:34.059+0000] {dagbag.py:588} INFO - Filling up the DagBag from /home/airflow/.local/lib/python3.12/site-packages/airflow/example_dags/example_nested_branch_dag.py
[2025-02-27T03:19:34.089+0000] {processor.py:925} INFO - DAG(s) 'example_nested_branch_dag' retrieved from /home/airflow/.local/lib/python3.12/site-packages/airflow/example_dags/example_nested_branch_dag.py
[2025-02-27T03:19:34.325+0000] {logging_mixin.py:190} INFO - [2025-02-27T03:19:34.325+0000] {dag.py:3239} INFO - Sync 1 DAGs
[2025-02-27T03:19:34.425+0000] {logging_mixin.py:190} INFO - [2025-02-27T03:19:34.424+0000] {dag.py:4180} INFO - Setting next_dagrun for example_nested_branch_dag to 2025-02-26 00:00:00+00:00, run_after=2025-02-27 00:00:00+00:00
[2025-02-27T03:19:34.503+0000] {processor.py:208} INFO - Processing /home/airflow/.local/lib/python3.12/site-packages/airflow/example_dags/example_nested_branch_dag.py took 0.463 seconds
[2025-02-27T03:20:06.070+0000] {processor.py:186} INFO - Started process (PID=3225) to work on /home/airflow/.local/lib/python3.12/site-packages/airflow/example_dags/example_nested_branch_dag.py
[2025-02-27T03:20:06.072+0000] {processor.py:914} INFO - Processing file /home/airflow/.local/lib/python3.12/site-packages/airflow/example_dags/example_nested_branch_dag.py for tasks to queue
[2025-02-27T03:20:06.076+0000] {logging_mixin.py:190} INFO - [2025-02-27T03:20:06.076+0000] {dagbag.py:588} INFO - Filling up the DagBag from /home/airflow/.local/lib/python3.12/site-packages/airflow/example_dags/example_nested_branch_dag.py
[2025-02-27T03:20:06.103+0000] {processor.py:925} INFO - DAG(s) 'example_nested_branch_dag' retrieved from /home/airflow/.local/lib/python3.12/site-packages/airflow/example_dags/example_nested_branch_dag.py
[2025-02-27T03:20:06.362+0000] {logging_mixin.py:190} INFO - [2025-02-27T03:20:06.361+0000] {dag.py:3239} INFO - Sync 1 DAGs
[2025-02-27T03:20:06.470+0000] {logging_mixin.py:190} INFO - [2025-02-27T03:20:06.469+0000] {dag.py:4180} INFO - Setting next_dagrun for example_nested_branch_dag to 2025-02-26 00:00:00+00:00, run_after=2025-02-27 00:00:00+00:00
[2025-02-27T03:20:06.552+0000] {processor.py:208} INFO - Processing /home/airflow/.local/lib/python3.12/site-packages/airflow/example_dags/example_nested_branch_dag.py took 0.491 seconds
[2025-02-27T03:20:37.478+0000] {processor.py:186} INFO - Started process (PID=3288) to work on /home/airflow/.local/lib/python3.12/site-packages/airflow/example_dags/example_nested_branch_dag.py
[2025-02-27T03:20:37.479+0000] {processor.py:914} INFO - Processing file /home/airflow/.local/lib/python3.12/site-packages/airflow/example_dags/example_nested_branch_dag.py for tasks to queue
[2025-02-27T03:20:37.484+0000] {logging_mixin.py:190} INFO - [2025-02-27T03:20:37.483+0000] {dagbag.py:588} INFO - Filling up the DagBag from /home/airflow/.local/lib/python3.12/site-packages/airflow/example_dags/example_nested_branch_dag.py
[2025-02-27T03:20:37.511+0000] {processor.py:925} INFO - DAG(s) 'example_nested_branch_dag' retrieved from /home/airflow/.local/lib/python3.12/site-packages/airflow/example_dags/example_nested_branch_dag.py
[2025-02-27T03:20:37.688+0000] {logging_mixin.py:190} INFO - [2025-02-27T03:20:37.687+0000] {dag.py:3239} INFO - Sync 1 DAGs
[2025-02-27T03:20:37.758+0000] {logging_mixin.py:190} INFO - [2025-02-27T03:20:37.758+0000] {dag.py:4180} INFO - Setting next_dagrun for example_nested_branch_dag to 2025-02-26 00:00:00+00:00, run_after=2025-02-27 00:00:00+00:00
[2025-02-27T03:20:37.815+0000] {processor.py:208} INFO - Processing /home/airflow/.local/lib/python3.12/site-packages/airflow/example_dags/example_nested_branch_dag.py took 0.348 seconds
