[2025-02-27T02:51:33.275+0000] {processor.py:186} INFO - Started process (PID=104) to work on /home/airflow/.local/lib/python3.12/site-packages/airflow/example_dags/example_task_group_decorator.py
[2025-02-27T02:51:33.277+0000] {processor.py:914} INFO - Processing file /home/airflow/.local/lib/python3.12/site-packages/airflow/example_dags/example_task_group_decorator.py for tasks to queue
[2025-02-27T02:51:33.281+0000] {logging_mixin.py:190} INFO - [2025-02-27T02:51:33.281+0000] {dagbag.py:588} INFO - Filling up the DagBag from /home/airflow/.local/lib/python3.12/site-packages/airflow/example_dags/example_task_group_decorator.py
[2025-02-27T02:51:33.319+0000] {processor.py:925} INFO - DAG(s) 'example_task_group_decorator' retrieved from /home/airflow/.local/lib/python3.12/site-packages/airflow/example_dags/example_task_group_decorator.py
[2025-02-27T02:51:33.555+0000] {logging_mixin.py:190} INFO - [2025-02-27T02:51:33.554+0000] {override.py:1912} INFO - Created Permission View: can delete on DAG:example_task_group_decorator
[2025-02-27T02:51:33.580+0000] {logging_mixin.py:190} INFO - [2025-02-27T02:51:33.579+0000] {override.py:1912} INFO - Created Permission View: can read on DAG:example_task_group_decorator
[2025-02-27T02:51:33.604+0000] {logging_mixin.py:190} INFO - [2025-02-27T02:51:33.604+0000] {override.py:1912} INFO - Created Permission View: can edit on DAG:example_task_group_decorator
[2025-02-27T02:51:33.628+0000] {logging_mixin.py:190} INFO - [2025-02-27T02:51:33.627+0000] {override.py:1912} INFO - Created Permission View: menu access on DAG Run:example_task_group_decorator
[2025-02-27T02:51:33.645+0000] {logging_mixin.py:190} INFO - [2025-02-27T02:51:33.644+0000] {override.py:1912} INFO - Created Permission View: can delete on DAG Run:example_task_group_decorator
[2025-02-27T02:51:33.665+0000] {logging_mixin.py:190} INFO - [2025-02-27T02:51:33.664+0000] {override.py:1912} INFO - Created Permission View: can read on DAG Run:example_task_group_decorator
[2025-02-27T02:51:33.686+0000] {logging_mixin.py:190} INFO - [2025-02-27T02:51:33.685+0000] {override.py:1912} INFO - Created Permission View: can create on DAG Run:example_task_group_decorator
[2025-02-27T02:51:33.689+0000] {logging_mixin.py:190} INFO - [2025-02-27T02:51:33.688+0000] {dag.py:3239} INFO - Sync 1 DAGs
[2025-02-27T02:51:33.738+0000] {logging_mixin.py:190} INFO - [2025-02-27T02:51:33.738+0000] {dag.py:3262} INFO - Creating ORM DAG for example_task_group_decorator
[2025-02-27T02:51:33.740+0000] {logging_mixin.py:190} INFO - [2025-02-27T02:51:33.740+0000] {dag.py:4180} INFO - Setting next_dagrun for example_task_group_decorator to None, run_after=None
[2025-02-27T02:51:33.779+0000] {processor.py:208} INFO - Processing /home/airflow/.local/lib/python3.12/site-packages/airflow/example_dags/example_task_group_decorator.py took 0.515 seconds
[2025-02-27T02:54:17.626+0000] {processor.py:186} INFO - Started process (PID=106) to work on /home/airflow/.local/lib/python3.12/site-packages/airflow/example_dags/example_task_group_decorator.py
[2025-02-27T02:54:17.628+0000] {processor.py:914} INFO - Processing file /home/airflow/.local/lib/python3.12/site-packages/airflow/example_dags/example_task_group_decorator.py for tasks to queue
[2025-02-27T02:54:17.633+0000] {logging_mixin.py:190} INFO - [2025-02-27T02:54:17.632+0000] {dagbag.py:588} INFO - Filling up the DagBag from /home/airflow/.local/lib/python3.12/site-packages/airflow/example_dags/example_task_group_decorator.py
[2025-02-27T02:54:17.680+0000] {processor.py:925} INFO - DAG(s) 'example_task_group_decorator' retrieved from /home/airflow/.local/lib/python3.12/site-packages/airflow/example_dags/example_task_group_decorator.py
[2025-02-27T02:54:18.599+0000] {logging_mixin.py:190} INFO - [2025-02-27T02:54:18.597+0000] {override.py:1912} INFO - Created Permission View: can read on DAG:example_task_group_decorator
[2025-02-27T02:54:18.630+0000] {logging_mixin.py:190} INFO - [2025-02-27T02:54:18.629+0000] {override.py:1912} INFO - Created Permission View: can delete on DAG:example_task_group_decorator
[2025-02-27T02:54:18.649+0000] {logging_mixin.py:190} INFO - [2025-02-27T02:54:18.648+0000] {override.py:1912} INFO - Created Permission View: can edit on DAG:example_task_group_decorator
[2025-02-27T02:54:18.672+0000] {logging_mixin.py:190} INFO - [2025-02-27T02:54:18.671+0000] {override.py:1912} INFO - Created Permission View: can read on DAG Run:example_task_group_decorator
[2025-02-27T02:54:18.693+0000] {logging_mixin.py:190} INFO - [2025-02-27T02:54:18.692+0000] {override.py:1912} INFO - Created Permission View: menu access on DAG Run:example_task_group_decorator
[2025-02-27T02:54:18.714+0000] {logging_mixin.py:190} INFO - [2025-02-27T02:54:18.713+0000] {override.py:1912} INFO - Created Permission View: can delete on DAG Run:example_task_group_decorator
[2025-02-27T02:54:18.737+0000] {logging_mixin.py:190} INFO - [2025-02-27T02:54:18.736+0000] {override.py:1912} INFO - Created Permission View: can create on DAG Run:example_task_group_decorator
[2025-02-27T02:54:18.738+0000] {logging_mixin.py:190} INFO - [2025-02-27T02:54:18.738+0000] {dag.py:3239} INFO - Sync 1 DAGs
[2025-02-27T02:54:18.797+0000] {logging_mixin.py:190} INFO - [2025-02-27T02:54:18.796+0000] {dag.py:3262} INFO - Creating ORM DAG for example_task_group_decorator
[2025-02-27T02:54:18.800+0000] {logging_mixin.py:190} INFO - [2025-02-27T02:54:18.800+0000] {dag.py:4180} INFO - Setting next_dagrun for example_task_group_decorator to None, run_after=None
[2025-02-27T02:54:18.857+0000] {processor.py:208} INFO - Processing /home/airflow/.local/lib/python3.12/site-packages/airflow/example_dags/example_task_group_decorator.py took 1.244 seconds
[2025-02-27T02:54:49.091+0000] {processor.py:186} INFO - Started process (PID=169) to work on /home/airflow/.local/lib/python3.12/site-packages/airflow/example_dags/example_task_group_decorator.py
[2025-02-27T02:54:49.093+0000] {processor.py:914} INFO - Processing file /home/airflow/.local/lib/python3.12/site-packages/airflow/example_dags/example_task_group_decorator.py for tasks to queue
[2025-02-27T02:54:49.097+0000] {logging_mixin.py:190} INFO - [2025-02-27T02:54:49.097+0000] {dagbag.py:588} INFO - Filling up the DagBag from /home/airflow/.local/lib/python3.12/site-packages/airflow/example_dags/example_task_group_decorator.py
[2025-02-27T02:54:49.124+0000] {processor.py:925} INFO - DAG(s) 'example_task_group_decorator' retrieved from /home/airflow/.local/lib/python3.12/site-packages/airflow/example_dags/example_task_group_decorator.py
[2025-02-27T02:54:49.275+0000] {logging_mixin.py:190} INFO - [2025-02-27T02:54:49.275+0000] {dag.py:3239} INFO - Sync 1 DAGs
[2025-02-27T02:54:49.325+0000] {logging_mixin.py:190} INFO - [2025-02-27T02:54:49.325+0000] {dag.py:4180} INFO - Setting next_dagrun for example_task_group_decorator to None, run_after=None
[2025-02-27T02:54:49.395+0000] {processor.py:208} INFO - Processing /home/airflow/.local/lib/python3.12/site-packages/airflow/example_dags/example_task_group_decorator.py took 0.315 seconds
[2025-02-27T02:55:19.557+0000] {processor.py:186} INFO - Started process (PID=232) to work on /home/airflow/.local/lib/python3.12/site-packages/airflow/example_dags/example_task_group_decorator.py
[2025-02-27T02:55:19.559+0000] {processor.py:914} INFO - Processing file /home/airflow/.local/lib/python3.12/site-packages/airflow/example_dags/example_task_group_decorator.py for tasks to queue
[2025-02-27T02:55:19.564+0000] {logging_mixin.py:190} INFO - [2025-02-27T02:55:19.563+0000] {dagbag.py:588} INFO - Filling up the DagBag from /home/airflow/.local/lib/python3.12/site-packages/airflow/example_dags/example_task_group_decorator.py
[2025-02-27T02:55:19.601+0000] {processor.py:925} INFO - DAG(s) 'example_task_group_decorator' retrieved from /home/airflow/.local/lib/python3.12/site-packages/airflow/example_dags/example_task_group_decorator.py
[2025-02-27T02:55:19.766+0000] {logging_mixin.py:190} INFO - [2025-02-27T02:55:19.765+0000] {dag.py:3239} INFO - Sync 1 DAGs
[2025-02-27T02:55:19.803+0000] {logging_mixin.py:190} INFO - [2025-02-27T02:55:19.802+0000] {dag.py:4180} INFO - Setting next_dagrun for example_task_group_decorator to None, run_after=None
[2025-02-27T02:55:19.879+0000] {processor.py:208} INFO - Processing /home/airflow/.local/lib/python3.12/site-packages/airflow/example_dags/example_task_group_decorator.py took 0.333 seconds
[2025-02-27T02:55:51.443+0000] {processor.py:186} INFO - Started process (PID=295) to work on /home/airflow/.local/lib/python3.12/site-packages/airflow/example_dags/example_task_group_decorator.py
[2025-02-27T02:55:51.445+0000] {processor.py:914} INFO - Processing file /home/airflow/.local/lib/python3.12/site-packages/airflow/example_dags/example_task_group_decorator.py for tasks to queue
[2025-02-27T02:55:51.450+0000] {logging_mixin.py:190} INFO - [2025-02-27T02:55:51.449+0000] {dagbag.py:588} INFO - Filling up the DagBag from /home/airflow/.local/lib/python3.12/site-packages/airflow/example_dags/example_task_group_decorator.py
[2025-02-27T02:55:51.505+0000] {processor.py:925} INFO - DAG(s) 'example_task_group_decorator' retrieved from /home/airflow/.local/lib/python3.12/site-packages/airflow/example_dags/example_task_group_decorator.py
[2025-02-27T02:55:51.737+0000] {logging_mixin.py:190} INFO - [2025-02-27T02:55:51.737+0000] {dag.py:3239} INFO - Sync 1 DAGs
[2025-02-27T02:55:51.777+0000] {logging_mixin.py:190} INFO - [2025-02-27T02:55:51.777+0000] {dag.py:4180} INFO - Setting next_dagrun for example_task_group_decorator to None, run_after=None
[2025-02-27T02:55:51.845+0000] {processor.py:208} INFO - Processing /home/airflow/.local/lib/python3.12/site-packages/airflow/example_dags/example_task_group_decorator.py took 0.412 seconds
[2025-02-27T02:56:21.997+0000] {processor.py:186} INFO - Started process (PID=357) to work on /home/airflow/.local/lib/python3.12/site-packages/airflow/example_dags/example_task_group_decorator.py
[2025-02-27T02:56:21.999+0000] {processor.py:914} INFO - Processing file /home/airflow/.local/lib/python3.12/site-packages/airflow/example_dags/example_task_group_decorator.py for tasks to queue
[2025-02-27T02:56:22.002+0000] {logging_mixin.py:190} INFO - [2025-02-27T02:56:22.002+0000] {dagbag.py:588} INFO - Filling up the DagBag from /home/airflow/.local/lib/python3.12/site-packages/airflow/example_dags/example_task_group_decorator.py
[2025-02-27T02:56:22.033+0000] {processor.py:925} INFO - DAG(s) 'example_task_group_decorator' retrieved from /home/airflow/.local/lib/python3.12/site-packages/airflow/example_dags/example_task_group_decorator.py
[2025-02-27T02:56:22.204+0000] {logging_mixin.py:190} INFO - [2025-02-27T02:56:22.203+0000] {dag.py:3239} INFO - Sync 1 DAGs
[2025-02-27T02:56:22.249+0000] {logging_mixin.py:190} INFO - [2025-02-27T02:56:22.249+0000] {dag.py:4180} INFO - Setting next_dagrun for example_task_group_decorator to None, run_after=None
[2025-02-27T02:56:22.314+0000] {processor.py:208} INFO - Processing /home/airflow/.local/lib/python3.12/site-packages/airflow/example_dags/example_task_group_decorator.py took 0.326 seconds
[2025-02-27T02:56:53.093+0000] {processor.py:186} INFO - Started process (PID=420) to work on /home/airflow/.local/lib/python3.12/site-packages/airflow/example_dags/example_task_group_decorator.py
[2025-02-27T02:56:53.094+0000] {processor.py:914} INFO - Processing file /home/airflow/.local/lib/python3.12/site-packages/airflow/example_dags/example_task_group_decorator.py for tasks to queue
[2025-02-27T02:56:53.099+0000] {logging_mixin.py:190} INFO - [2025-02-27T02:56:53.098+0000] {dagbag.py:588} INFO - Filling up the DagBag from /home/airflow/.local/lib/python3.12/site-packages/airflow/example_dags/example_task_group_decorator.py
[2025-02-27T02:56:53.134+0000] {processor.py:925} INFO - DAG(s) 'example_task_group_decorator' retrieved from /home/airflow/.local/lib/python3.12/site-packages/airflow/example_dags/example_task_group_decorator.py
[2025-02-27T02:56:53.303+0000] {logging_mixin.py:190} INFO - [2025-02-27T02:56:53.303+0000] {dag.py:3239} INFO - Sync 1 DAGs
[2025-02-27T02:56:53.346+0000] {logging_mixin.py:190} INFO - [2025-02-27T02:56:53.346+0000] {dag.py:4180} INFO - Setting next_dagrun for example_task_group_decorator to None, run_after=None
[2025-02-27T02:56:53.398+0000] {processor.py:208} INFO - Processing /home/airflow/.local/lib/python3.12/site-packages/airflow/example_dags/example_task_group_decorator.py took 0.315 seconds
[2025-02-27T02:57:23.535+0000] {processor.py:186} INFO - Started process (PID=483) to work on /home/airflow/.local/lib/python3.12/site-packages/airflow/example_dags/example_task_group_decorator.py
[2025-02-27T02:57:23.539+0000] {processor.py:914} INFO - Processing file /home/airflow/.local/lib/python3.12/site-packages/airflow/example_dags/example_task_group_decorator.py for tasks to queue
[2025-02-27T02:57:23.542+0000] {logging_mixin.py:190} INFO - [2025-02-27T02:57:23.542+0000] {dagbag.py:588} INFO - Filling up the DagBag from /home/airflow/.local/lib/python3.12/site-packages/airflow/example_dags/example_task_group_decorator.py
[2025-02-27T02:57:23.572+0000] {processor.py:925} INFO - DAG(s) 'example_task_group_decorator' retrieved from /home/airflow/.local/lib/python3.12/site-packages/airflow/example_dags/example_task_group_decorator.py
[2025-02-27T02:57:23.739+0000] {logging_mixin.py:190} INFO - [2025-02-27T02:57:23.739+0000] {dag.py:3239} INFO - Sync 1 DAGs
[2025-02-27T02:57:23.776+0000] {logging_mixin.py:190} INFO - [2025-02-27T02:57:23.776+0000] {dag.py:4180} INFO - Setting next_dagrun for example_task_group_decorator to None, run_after=None
[2025-02-27T02:57:23.845+0000] {processor.py:208} INFO - Processing /home/airflow/.local/lib/python3.12/site-packages/airflow/example_dags/example_task_group_decorator.py took 0.317 seconds
[2025-02-27T02:57:54.313+0000] {processor.py:186} INFO - Started process (PID=545) to work on /home/airflow/.local/lib/python3.12/site-packages/airflow/example_dags/example_task_group_decorator.py
[2025-02-27T02:57:54.314+0000] {processor.py:914} INFO - Processing file /home/airflow/.local/lib/python3.12/site-packages/airflow/example_dags/example_task_group_decorator.py for tasks to queue
[2025-02-27T02:57:54.318+0000] {logging_mixin.py:190} INFO - [2025-02-27T02:57:54.317+0000] {dagbag.py:588} INFO - Filling up the DagBag from /home/airflow/.local/lib/python3.12/site-packages/airflow/example_dags/example_task_group_decorator.py
[2025-02-27T02:57:54.351+0000] {processor.py:925} INFO - DAG(s) 'example_task_group_decorator' retrieved from /home/airflow/.local/lib/python3.12/site-packages/airflow/example_dags/example_task_group_decorator.py
[2025-02-27T02:57:54.512+0000] {logging_mixin.py:190} INFO - [2025-02-27T02:57:54.511+0000] {dag.py:3239} INFO - Sync 1 DAGs
[2025-02-27T02:57:54.553+0000] {logging_mixin.py:190} INFO - [2025-02-27T02:57:54.553+0000] {dag.py:4180} INFO - Setting next_dagrun for example_task_group_decorator to None, run_after=None
[2025-02-27T02:57:54.618+0000] {processor.py:208} INFO - Processing /home/airflow/.local/lib/python3.12/site-packages/airflow/example_dags/example_task_group_decorator.py took 0.315 seconds
[2025-02-27T02:58:27.693+0000] {processor.py:186} INFO - Started process (PID=609) to work on /home/airflow/.local/lib/python3.12/site-packages/airflow/example_dags/example_task_group_decorator.py
[2025-02-27T02:58:27.694+0000] {processor.py:914} INFO - Processing file /home/airflow/.local/lib/python3.12/site-packages/airflow/example_dags/example_task_group_decorator.py for tasks to queue
[2025-02-27T02:58:27.698+0000] {logging_mixin.py:190} INFO - [2025-02-27T02:58:27.698+0000] {dagbag.py:588} INFO - Filling up the DagBag from /home/airflow/.local/lib/python3.12/site-packages/airflow/example_dags/example_task_group_decorator.py
[2025-02-27T02:58:27.737+0000] {processor.py:925} INFO - DAG(s) 'example_task_group_decorator' retrieved from /home/airflow/.local/lib/python3.12/site-packages/airflow/example_dags/example_task_group_decorator.py
[2025-02-27T02:58:27.988+0000] {logging_mixin.py:190} INFO - [2025-02-27T02:58:27.987+0000] {dag.py:3239} INFO - Sync 1 DAGs
[2025-02-27T02:58:28.230+0000] {logging_mixin.py:190} INFO - [2025-02-27T02:58:28.230+0000] {dag.py:4180} INFO - Setting next_dagrun for example_task_group_decorator to None, run_after=None
[2025-02-27T02:58:28.428+0000] {processor.py:208} INFO - Processing /home/airflow/.local/lib/python3.12/site-packages/airflow/example_dags/example_task_group_decorator.py took 0.752 seconds
[2025-02-27T02:58:58.627+0000] {processor.py:186} INFO - Started process (PID=671) to work on /home/airflow/.local/lib/python3.12/site-packages/airflow/example_dags/example_task_group_decorator.py
[2025-02-27T02:58:58.629+0000] {processor.py:914} INFO - Processing file /home/airflow/.local/lib/python3.12/site-packages/airflow/example_dags/example_task_group_decorator.py for tasks to queue
[2025-02-27T02:58:58.633+0000] {logging_mixin.py:190} INFO - [2025-02-27T02:58:58.632+0000] {dagbag.py:588} INFO - Filling up the DagBag from /home/airflow/.local/lib/python3.12/site-packages/airflow/example_dags/example_task_group_decorator.py
[2025-02-27T02:58:58.662+0000] {processor.py:925} INFO - DAG(s) 'example_task_group_decorator' retrieved from /home/airflow/.local/lib/python3.12/site-packages/airflow/example_dags/example_task_group_decorator.py
[2025-02-27T02:58:58.814+0000] {logging_mixin.py:190} INFO - [2025-02-27T02:58:58.814+0000] {dag.py:3239} INFO - Sync 1 DAGs
[2025-02-27T02:58:58.851+0000] {logging_mixin.py:190} INFO - [2025-02-27T02:58:58.851+0000] {dag.py:4180} INFO - Setting next_dagrun for example_task_group_decorator to None, run_after=None
[2025-02-27T02:58:58.895+0000] {processor.py:208} INFO - Processing /home/airflow/.local/lib/python3.12/site-packages/airflow/example_dags/example_task_group_decorator.py took 0.277 seconds
[2025-02-27T02:59:33.097+0000] {processor.py:186} INFO - Started process (PID=734) to work on /home/airflow/.local/lib/python3.12/site-packages/airflow/example_dags/example_task_group_decorator.py
[2025-02-27T02:59:33.099+0000] {processor.py:914} INFO - Processing file /home/airflow/.local/lib/python3.12/site-packages/airflow/example_dags/example_task_group_decorator.py for tasks to queue
[2025-02-27T02:59:33.103+0000] {logging_mixin.py:190} INFO - [2025-02-27T02:59:33.103+0000] {dagbag.py:588} INFO - Filling up the DagBag from /home/airflow/.local/lib/python3.12/site-packages/airflow/example_dags/example_task_group_decorator.py
[2025-02-27T02:59:33.144+0000] {processor.py:925} INFO - DAG(s) 'example_task_group_decorator' retrieved from /home/airflow/.local/lib/python3.12/site-packages/airflow/example_dags/example_task_group_decorator.py
[2025-02-27T02:59:33.450+0000] {logging_mixin.py:190} INFO - [2025-02-27T02:59:33.450+0000] {dag.py:3239} INFO - Sync 1 DAGs
[2025-02-27T02:59:33.513+0000] {logging_mixin.py:190} INFO - [2025-02-27T02:59:33.512+0000] {dag.py:4180} INFO - Setting next_dagrun for example_task_group_decorator to None, run_after=None
[2025-02-27T02:59:33.577+0000] {processor.py:208} INFO - Processing /home/airflow/.local/lib/python3.12/site-packages/airflow/example_dags/example_task_group_decorator.py took 0.494 seconds
[2025-02-27T03:00:03.857+0000] {processor.py:186} INFO - Started process (PID=797) to work on /home/airflow/.local/lib/python3.12/site-packages/airflow/example_dags/example_task_group_decorator.py
[2025-02-27T03:00:03.860+0000] {processor.py:914} INFO - Processing file /home/airflow/.local/lib/python3.12/site-packages/airflow/example_dags/example_task_group_decorator.py for tasks to queue
[2025-02-27T03:00:03.866+0000] {logging_mixin.py:190} INFO - [2025-02-27T03:00:03.866+0000] {dagbag.py:588} INFO - Filling up the DagBag from /home/airflow/.local/lib/python3.12/site-packages/airflow/example_dags/example_task_group_decorator.py
[2025-02-27T03:00:03.919+0000] {processor.py:925} INFO - DAG(s) 'example_task_group_decorator' retrieved from /home/airflow/.local/lib/python3.12/site-packages/airflow/example_dags/example_task_group_decorator.py
[2025-02-27T03:00:04.287+0000] {logging_mixin.py:190} INFO - [2025-02-27T03:00:04.287+0000] {dag.py:3239} INFO - Sync 1 DAGs
[2025-02-27T03:00:04.357+0000] {logging_mixin.py:190} INFO - [2025-02-27T03:00:04.357+0000] {dag.py:4180} INFO - Setting next_dagrun for example_task_group_decorator to None, run_after=None
[2025-02-27T03:00:04.448+0000] {processor.py:208} INFO - Processing /home/airflow/.local/lib/python3.12/site-packages/airflow/example_dags/example_task_group_decorator.py took 0.604 seconds
[2025-02-27T03:00:35.424+0000] {processor.py:186} INFO - Started process (PID=860) to work on /home/airflow/.local/lib/python3.12/site-packages/airflow/example_dags/example_task_group_decorator.py
[2025-02-27T03:00:35.426+0000] {processor.py:914} INFO - Processing file /home/airflow/.local/lib/python3.12/site-packages/airflow/example_dags/example_task_group_decorator.py for tasks to queue
[2025-02-27T03:00:35.431+0000] {logging_mixin.py:190} INFO - [2025-02-27T03:00:35.430+0000] {dagbag.py:588} INFO - Filling up the DagBag from /home/airflow/.local/lib/python3.12/site-packages/airflow/example_dags/example_task_group_decorator.py
[2025-02-27T03:00:35.466+0000] {processor.py:925} INFO - DAG(s) 'example_task_group_decorator' retrieved from /home/airflow/.local/lib/python3.12/site-packages/airflow/example_dags/example_task_group_decorator.py
[2025-02-27T03:00:35.712+0000] {logging_mixin.py:190} INFO - [2025-02-27T03:00:35.711+0000] {dag.py:3239} INFO - Sync 1 DAGs
[2025-02-27T03:00:35.787+0000] {logging_mixin.py:190} INFO - [2025-02-27T03:00:35.787+0000] {dag.py:4180} INFO - Setting next_dagrun for example_task_group_decorator to None, run_after=None
[2025-02-27T03:00:35.873+0000] {processor.py:208} INFO - Processing /home/airflow/.local/lib/python3.12/site-packages/airflow/example_dags/example_task_group_decorator.py took 0.465 seconds
[2025-02-27T03:01:07.288+0000] {processor.py:186} INFO - Started process (PID=923) to work on /home/airflow/.local/lib/python3.12/site-packages/airflow/example_dags/example_task_group_decorator.py
[2025-02-27T03:01:07.290+0000] {processor.py:914} INFO - Processing file /home/airflow/.local/lib/python3.12/site-packages/airflow/example_dags/example_task_group_decorator.py for tasks to queue
[2025-02-27T03:01:07.297+0000] {logging_mixin.py:190} INFO - [2025-02-27T03:01:07.296+0000] {dagbag.py:588} INFO - Filling up the DagBag from /home/airflow/.local/lib/python3.12/site-packages/airflow/example_dags/example_task_group_decorator.py
[2025-02-27T03:01:07.336+0000] {processor.py:925} INFO - DAG(s) 'example_task_group_decorator' retrieved from /home/airflow/.local/lib/python3.12/site-packages/airflow/example_dags/example_task_group_decorator.py
[2025-02-27T03:01:07.563+0000] {logging_mixin.py:190} INFO - [2025-02-27T03:01:07.562+0000] {dag.py:3239} INFO - Sync 1 DAGs
[2025-02-27T03:01:07.639+0000] {logging_mixin.py:190} INFO - [2025-02-27T03:01:07.639+0000] {dag.py:4180} INFO - Setting next_dagrun for example_task_group_decorator to None, run_after=None
[2025-02-27T03:01:07.705+0000] {processor.py:208} INFO - Processing /home/airflow/.local/lib/python3.12/site-packages/airflow/example_dags/example_task_group_decorator.py took 0.433 seconds
[2025-02-27T03:01:38.581+0000] {processor.py:186} INFO - Started process (PID=986) to work on /home/airflow/.local/lib/python3.12/site-packages/airflow/example_dags/example_task_group_decorator.py
[2025-02-27T03:01:38.583+0000] {processor.py:914} INFO - Processing file /home/airflow/.local/lib/python3.12/site-packages/airflow/example_dags/example_task_group_decorator.py for tasks to queue
[2025-02-27T03:01:38.588+0000] {logging_mixin.py:190} INFO - [2025-02-27T03:01:38.587+0000] {dagbag.py:588} INFO - Filling up the DagBag from /home/airflow/.local/lib/python3.12/site-packages/airflow/example_dags/example_task_group_decorator.py
[2025-02-27T03:01:38.615+0000] {processor.py:925} INFO - DAG(s) 'example_task_group_decorator' retrieved from /home/airflow/.local/lib/python3.12/site-packages/airflow/example_dags/example_task_group_decorator.py
[2025-02-27T03:01:38.842+0000] {logging_mixin.py:190} INFO - [2025-02-27T03:01:38.841+0000] {dag.py:3239} INFO - Sync 1 DAGs
[2025-02-27T03:01:38.894+0000] {logging_mixin.py:190} INFO - [2025-02-27T03:01:38.894+0000] {dag.py:4180} INFO - Setting next_dagrun for example_task_group_decorator to None, run_after=None
[2025-02-27T03:01:38.992+0000] {processor.py:208} INFO - Processing /home/airflow/.local/lib/python3.12/site-packages/airflow/example_dags/example_task_group_decorator.py took 0.421 seconds
[2025-02-27T03:02:10.333+0000] {processor.py:186} INFO - Started process (PID=1049) to work on /home/airflow/.local/lib/python3.12/site-packages/airflow/example_dags/example_task_group_decorator.py
[2025-02-27T03:02:10.335+0000] {processor.py:914} INFO - Processing file /home/airflow/.local/lib/python3.12/site-packages/airflow/example_dags/example_task_group_decorator.py for tasks to queue
[2025-02-27T03:02:10.339+0000] {logging_mixin.py:190} INFO - [2025-02-27T03:02:10.339+0000] {dagbag.py:588} INFO - Filling up the DagBag from /home/airflow/.local/lib/python3.12/site-packages/airflow/example_dags/example_task_group_decorator.py
[2025-02-27T03:02:10.383+0000] {processor.py:925} INFO - DAG(s) 'example_task_group_decorator' retrieved from /home/airflow/.local/lib/python3.12/site-packages/airflow/example_dags/example_task_group_decorator.py
[2025-02-27T03:02:10.540+0000] {logging_mixin.py:190} INFO - [2025-02-27T03:02:10.539+0000] {dag.py:3239} INFO - Sync 1 DAGs
[2025-02-27T03:02:10.581+0000] {logging_mixin.py:190} INFO - [2025-02-27T03:02:10.580+0000] {dag.py:4180} INFO - Setting next_dagrun for example_task_group_decorator to None, run_after=None
[2025-02-27T03:02:10.652+0000] {processor.py:208} INFO - Processing /home/airflow/.local/lib/python3.12/site-packages/airflow/example_dags/example_task_group_decorator.py took 0.341 seconds
[2025-02-27T03:02:43.547+0000] {processor.py:186} INFO - Started process (PID=1112) to work on /home/airflow/.local/lib/python3.12/site-packages/airflow/example_dags/example_task_group_decorator.py
[2025-02-27T03:02:43.549+0000] {processor.py:914} INFO - Processing file /home/airflow/.local/lib/python3.12/site-packages/airflow/example_dags/example_task_group_decorator.py for tasks to queue
[2025-02-27T03:02:43.554+0000] {logging_mixin.py:190} INFO - [2025-02-27T03:02:43.553+0000] {dagbag.py:588} INFO - Filling up the DagBag from /home/airflow/.local/lib/python3.12/site-packages/airflow/example_dags/example_task_group_decorator.py
[2025-02-27T03:02:43.596+0000] {processor.py:925} INFO - DAG(s) 'example_task_group_decorator' retrieved from /home/airflow/.local/lib/python3.12/site-packages/airflow/example_dags/example_task_group_decorator.py
[2025-02-27T03:02:43.825+0000] {logging_mixin.py:190} INFO - [2025-02-27T03:02:43.823+0000] {dag.py:3239} INFO - Sync 1 DAGs
[2025-02-27T03:02:43.873+0000] {logging_mixin.py:190} INFO - [2025-02-27T03:02:43.873+0000] {dag.py:4180} INFO - Setting next_dagrun for example_task_group_decorator to None, run_after=None
[2025-02-27T03:02:43.964+0000] {processor.py:208} INFO - Processing /home/airflow/.local/lib/python3.12/site-packages/airflow/example_dags/example_task_group_decorator.py took 0.429 seconds
[2025-02-27T03:03:15.431+0000] {processor.py:186} INFO - Started process (PID=1174) to work on /home/airflow/.local/lib/python3.12/site-packages/airflow/example_dags/example_task_group_decorator.py
[2025-02-27T03:03:15.432+0000] {processor.py:914} INFO - Processing file /home/airflow/.local/lib/python3.12/site-packages/airflow/example_dags/example_task_group_decorator.py for tasks to queue
[2025-02-27T03:03:15.437+0000] {logging_mixin.py:190} INFO - [2025-02-27T03:03:15.436+0000] {dagbag.py:588} INFO - Filling up the DagBag from /home/airflow/.local/lib/python3.12/site-packages/airflow/example_dags/example_task_group_decorator.py
[2025-02-27T03:03:15.476+0000] {processor.py:925} INFO - DAG(s) 'example_task_group_decorator' retrieved from /home/airflow/.local/lib/python3.12/site-packages/airflow/example_dags/example_task_group_decorator.py
[2025-02-27T03:03:15.674+0000] {logging_mixin.py:190} INFO - [2025-02-27T03:03:15.673+0000] {dag.py:3239} INFO - Sync 1 DAGs
[2025-02-27T03:03:15.740+0000] {logging_mixin.py:190} INFO - [2025-02-27T03:03:15.739+0000] {dag.py:4180} INFO - Setting next_dagrun for example_task_group_decorator to None, run_after=None
[2025-02-27T03:03:15.818+0000] {processor.py:208} INFO - Processing /home/airflow/.local/lib/python3.12/site-packages/airflow/example_dags/example_task_group_decorator.py took 0.400 seconds
[2025-02-27T03:03:48.439+0000] {processor.py:186} INFO - Started process (PID=1244) to work on /home/airflow/.local/lib/python3.12/site-packages/airflow/example_dags/example_task_group_decorator.py
[2025-02-27T03:03:48.440+0000] {processor.py:914} INFO - Processing file /home/airflow/.local/lib/python3.12/site-packages/airflow/example_dags/example_task_group_decorator.py for tasks to queue
[2025-02-27T03:03:48.445+0000] {logging_mixin.py:190} INFO - [2025-02-27T03:03:48.444+0000] {dagbag.py:588} INFO - Filling up the DagBag from /home/airflow/.local/lib/python3.12/site-packages/airflow/example_dags/example_task_group_decorator.py
[2025-02-27T03:03:48.479+0000] {processor.py:925} INFO - DAG(s) 'example_task_group_decorator' retrieved from /home/airflow/.local/lib/python3.12/site-packages/airflow/example_dags/example_task_group_decorator.py
[2025-02-27T03:03:48.646+0000] {logging_mixin.py:190} INFO - [2025-02-27T03:03:48.646+0000] {dag.py:3239} INFO - Sync 1 DAGs
[2025-02-27T03:03:48.704+0000] {logging_mixin.py:190} INFO - [2025-02-27T03:03:48.704+0000] {dag.py:4180} INFO - Setting next_dagrun for example_task_group_decorator to None, run_after=None
[2025-02-27T03:03:48.773+0000] {processor.py:208} INFO - Processing /home/airflow/.local/lib/python3.12/site-packages/airflow/example_dags/example_task_group_decorator.py took 0.345 seconds
[2025-02-27T03:04:19.249+0000] {processor.py:186} INFO - Started process (PID=1308) to work on /home/airflow/.local/lib/python3.12/site-packages/airflow/example_dags/example_task_group_decorator.py
[2025-02-27T03:04:19.251+0000] {processor.py:914} INFO - Processing file /home/airflow/.local/lib/python3.12/site-packages/airflow/example_dags/example_task_group_decorator.py for tasks to queue
[2025-02-27T03:04:19.257+0000] {logging_mixin.py:190} INFO - [2025-02-27T03:04:19.255+0000] {dagbag.py:588} INFO - Filling up the DagBag from /home/airflow/.local/lib/python3.12/site-packages/airflow/example_dags/example_task_group_decorator.py
[2025-02-27T03:04:19.298+0000] {processor.py:925} INFO - DAG(s) 'example_task_group_decorator' retrieved from /home/airflow/.local/lib/python3.12/site-packages/airflow/example_dags/example_task_group_decorator.py
[2025-02-27T03:04:19.484+0000] {logging_mixin.py:190} INFO - [2025-02-27T03:04:19.484+0000] {dag.py:3239} INFO - Sync 1 DAGs
[2025-02-27T03:04:19.557+0000] {logging_mixin.py:190} INFO - [2025-02-27T03:04:19.557+0000] {dag.py:4180} INFO - Setting next_dagrun for example_task_group_decorator to None, run_after=None
[2025-02-27T03:04:19.629+0000] {processor.py:208} INFO - Processing /home/airflow/.local/lib/python3.12/site-packages/airflow/example_dags/example_task_group_decorator.py took 0.392 seconds
[2025-02-27T03:04:51.930+0000] {processor.py:186} INFO - Started process (PID=1371) to work on /home/airflow/.local/lib/python3.12/site-packages/airflow/example_dags/example_task_group_decorator.py
[2025-02-27T03:04:51.933+0000] {processor.py:914} INFO - Processing file /home/airflow/.local/lib/python3.12/site-packages/airflow/example_dags/example_task_group_decorator.py for tasks to queue
[2025-02-27T03:04:51.938+0000] {logging_mixin.py:190} INFO - [2025-02-27T03:04:51.937+0000] {dagbag.py:588} INFO - Filling up the DagBag from /home/airflow/.local/lib/python3.12/site-packages/airflow/example_dags/example_task_group_decorator.py
[2025-02-27T03:04:51.995+0000] {processor.py:925} INFO - DAG(s) 'example_task_group_decorator' retrieved from /home/airflow/.local/lib/python3.12/site-packages/airflow/example_dags/example_task_group_decorator.py
[2025-02-27T03:04:52.247+0000] {logging_mixin.py:190} INFO - [2025-02-27T03:04:52.247+0000] {dag.py:3239} INFO - Sync 1 DAGs
[2025-02-27T03:04:52.303+0000] {logging_mixin.py:190} INFO - [2025-02-27T03:04:52.303+0000] {dag.py:4180} INFO - Setting next_dagrun for example_task_group_decorator to None, run_after=None
[2025-02-27T03:04:52.365+0000] {processor.py:208} INFO - Processing /home/airflow/.local/lib/python3.12/site-packages/airflow/example_dags/example_task_group_decorator.py took 0.453 seconds
[2025-02-27T03:05:23.426+0000] {processor.py:186} INFO - Started process (PID=1434) to work on /home/airflow/.local/lib/python3.12/site-packages/airflow/example_dags/example_task_group_decorator.py
[2025-02-27T03:05:23.427+0000] {processor.py:914} INFO - Processing file /home/airflow/.local/lib/python3.12/site-packages/airflow/example_dags/example_task_group_decorator.py for tasks to queue
[2025-02-27T03:05:23.431+0000] {logging_mixin.py:190} INFO - [2025-02-27T03:05:23.430+0000] {dagbag.py:588} INFO - Filling up the DagBag from /home/airflow/.local/lib/python3.12/site-packages/airflow/example_dags/example_task_group_decorator.py
[2025-02-27T03:05:23.461+0000] {processor.py:925} INFO - DAG(s) 'example_task_group_decorator' retrieved from /home/airflow/.local/lib/python3.12/site-packages/airflow/example_dags/example_task_group_decorator.py
[2025-02-27T03:05:23.622+0000] {logging_mixin.py:190} INFO - [2025-02-27T03:05:23.622+0000] {dag.py:3239} INFO - Sync 1 DAGs
[2025-02-27T03:05:23.666+0000] {logging_mixin.py:190} INFO - [2025-02-27T03:05:23.665+0000] {dag.py:4180} INFO - Setting next_dagrun for example_task_group_decorator to None, run_after=None
[2025-02-27T03:05:23.725+0000] {processor.py:208} INFO - Processing /home/airflow/.local/lib/python3.12/site-packages/airflow/example_dags/example_task_group_decorator.py took 0.309 seconds
[2025-02-27T03:05:55.629+0000] {processor.py:186} INFO - Started process (PID=1498) to work on /home/airflow/.local/lib/python3.12/site-packages/airflow/example_dags/example_task_group_decorator.py
[2025-02-27T03:05:55.631+0000] {processor.py:914} INFO - Processing file /home/airflow/.local/lib/python3.12/site-packages/airflow/example_dags/example_task_group_decorator.py for tasks to queue
[2025-02-27T03:05:55.636+0000] {logging_mixin.py:190} INFO - [2025-02-27T03:05:55.635+0000] {dagbag.py:588} INFO - Filling up the DagBag from /home/airflow/.local/lib/python3.12/site-packages/airflow/example_dags/example_task_group_decorator.py
[2025-02-27T03:05:55.668+0000] {processor.py:925} INFO - DAG(s) 'example_task_group_decorator' retrieved from /home/airflow/.local/lib/python3.12/site-packages/airflow/example_dags/example_task_group_decorator.py
[2025-02-27T03:05:55.861+0000] {logging_mixin.py:190} INFO - [2025-02-27T03:05:55.860+0000] {dag.py:3239} INFO - Sync 1 DAGs
[2025-02-27T03:05:55.924+0000] {logging_mixin.py:190} INFO - [2025-02-27T03:05:55.923+0000] {dag.py:4180} INFO - Setting next_dagrun for example_task_group_decorator to None, run_after=None
[2025-02-27T03:05:56.072+0000] {processor.py:208} INFO - Processing /home/airflow/.local/lib/python3.12/site-packages/airflow/example_dags/example_task_group_decorator.py took 0.453 seconds
[2025-02-27T03:06:26.842+0000] {processor.py:186} INFO - Started process (PID=1561) to work on /home/airflow/.local/lib/python3.12/site-packages/airflow/example_dags/example_task_group_decorator.py
[2025-02-27T03:06:26.844+0000] {processor.py:914} INFO - Processing file /home/airflow/.local/lib/python3.12/site-packages/airflow/example_dags/example_task_group_decorator.py for tasks to queue
[2025-02-27T03:06:26.851+0000] {logging_mixin.py:190} INFO - [2025-02-27T03:06:26.850+0000] {dagbag.py:588} INFO - Filling up the DagBag from /home/airflow/.local/lib/python3.12/site-packages/airflow/example_dags/example_task_group_decorator.py
[2025-02-27T03:06:26.893+0000] {processor.py:925} INFO - DAG(s) 'example_task_group_decorator' retrieved from /home/airflow/.local/lib/python3.12/site-packages/airflow/example_dags/example_task_group_decorator.py
[2025-02-27T03:06:27.110+0000] {logging_mixin.py:190} INFO - [2025-02-27T03:06:27.109+0000] {dag.py:3239} INFO - Sync 1 DAGs
[2025-02-27T03:06:27.155+0000] {logging_mixin.py:190} INFO - [2025-02-27T03:06:27.155+0000] {dag.py:4180} INFO - Setting next_dagrun for example_task_group_decorator to None, run_after=None
[2025-02-27T03:06:27.208+0000] {processor.py:208} INFO - Processing /home/airflow/.local/lib/python3.12/site-packages/airflow/example_dags/example_task_group_decorator.py took 0.383 seconds
[2025-02-27T03:06:58.399+0000] {processor.py:186} INFO - Started process (PID=1624) to work on /home/airflow/.local/lib/python3.12/site-packages/airflow/example_dags/example_task_group_decorator.py
[2025-02-27T03:06:58.401+0000] {processor.py:914} INFO - Processing file /home/airflow/.local/lib/python3.12/site-packages/airflow/example_dags/example_task_group_decorator.py for tasks to queue
[2025-02-27T03:06:58.406+0000] {logging_mixin.py:190} INFO - [2025-02-27T03:06:58.406+0000] {dagbag.py:588} INFO - Filling up the DagBag from /home/airflow/.local/lib/python3.12/site-packages/airflow/example_dags/example_task_group_decorator.py
[2025-02-27T03:06:58.461+0000] {processor.py:925} INFO - DAG(s) 'example_task_group_decorator' retrieved from /home/airflow/.local/lib/python3.12/site-packages/airflow/example_dags/example_task_group_decorator.py
[2025-02-27T03:06:58.651+0000] {logging_mixin.py:190} INFO - [2025-02-27T03:06:58.650+0000] {dag.py:3239} INFO - Sync 1 DAGs
[2025-02-27T03:06:58.697+0000] {logging_mixin.py:190} INFO - [2025-02-27T03:06:58.697+0000] {dag.py:4180} INFO - Setting next_dagrun for example_task_group_decorator to None, run_after=None
[2025-02-27T03:06:58.768+0000] {processor.py:208} INFO - Processing /home/airflow/.local/lib/python3.12/site-packages/airflow/example_dags/example_task_group_decorator.py took 0.380 seconds
[2025-02-27T03:07:30.110+0000] {processor.py:186} INFO - Started process (PID=1688) to work on /home/airflow/.local/lib/python3.12/site-packages/airflow/example_dags/example_task_group_decorator.py
[2025-02-27T03:07:30.112+0000] {processor.py:914} INFO - Processing file /home/airflow/.local/lib/python3.12/site-packages/airflow/example_dags/example_task_group_decorator.py for tasks to queue
[2025-02-27T03:07:30.116+0000] {logging_mixin.py:190} INFO - [2025-02-27T03:07:30.116+0000] {dagbag.py:588} INFO - Filling up the DagBag from /home/airflow/.local/lib/python3.12/site-packages/airflow/example_dags/example_task_group_decorator.py
[2025-02-27T03:07:30.167+0000] {processor.py:925} INFO - DAG(s) 'example_task_group_decorator' retrieved from /home/airflow/.local/lib/python3.12/site-packages/airflow/example_dags/example_task_group_decorator.py
[2025-02-27T03:07:30.396+0000] {logging_mixin.py:190} INFO - [2025-02-27T03:07:30.396+0000] {dag.py:3239} INFO - Sync 1 DAGs
[2025-02-27T03:07:30.446+0000] {logging_mixin.py:190} INFO - [2025-02-27T03:07:30.446+0000] {dag.py:4180} INFO - Setting next_dagrun for example_task_group_decorator to None, run_after=None
[2025-02-27T03:07:30.520+0000] {processor.py:208} INFO - Processing /home/airflow/.local/lib/python3.12/site-packages/airflow/example_dags/example_task_group_decorator.py took 0.418 seconds
[2025-02-27T03:08:01.507+0000] {processor.py:186} INFO - Started process (PID=1751) to work on /home/airflow/.local/lib/python3.12/site-packages/airflow/example_dags/example_task_group_decorator.py
[2025-02-27T03:08:01.509+0000] {processor.py:914} INFO - Processing file /home/airflow/.local/lib/python3.12/site-packages/airflow/example_dags/example_task_group_decorator.py for tasks to queue
[2025-02-27T03:08:01.513+0000] {logging_mixin.py:190} INFO - [2025-02-27T03:08:01.513+0000] {dagbag.py:588} INFO - Filling up the DagBag from /home/airflow/.local/lib/python3.12/site-packages/airflow/example_dags/example_task_group_decorator.py
[2025-02-27T03:08:01.556+0000] {processor.py:925} INFO - DAG(s) 'example_task_group_decorator' retrieved from /home/airflow/.local/lib/python3.12/site-packages/airflow/example_dags/example_task_group_decorator.py
[2025-02-27T03:08:01.782+0000] {logging_mixin.py:190} INFO - [2025-02-27T03:08:01.781+0000] {dag.py:3239} INFO - Sync 1 DAGs
[2025-02-27T03:08:01.848+0000] {logging_mixin.py:190} INFO - [2025-02-27T03:08:01.847+0000] {dag.py:4180} INFO - Setting next_dagrun for example_task_group_decorator to None, run_after=None
[2025-02-27T03:08:01.932+0000] {processor.py:208} INFO - Processing /home/airflow/.local/lib/python3.12/site-packages/airflow/example_dags/example_task_group_decorator.py took 0.441 seconds
[2025-02-27T03:08:33.115+0000] {processor.py:186} INFO - Started process (PID=1814) to work on /home/airflow/.local/lib/python3.12/site-packages/airflow/example_dags/example_task_group_decorator.py
[2025-02-27T03:08:33.116+0000] {processor.py:914} INFO - Processing file /home/airflow/.local/lib/python3.12/site-packages/airflow/example_dags/example_task_group_decorator.py for tasks to queue
[2025-02-27T03:08:33.119+0000] {logging_mixin.py:190} INFO - [2025-02-27T03:08:33.119+0000] {dagbag.py:588} INFO - Filling up the DagBag from /home/airflow/.local/lib/python3.12/site-packages/airflow/example_dags/example_task_group_decorator.py
[2025-02-27T03:08:33.152+0000] {processor.py:925} INFO - DAG(s) 'example_task_group_decorator' retrieved from /home/airflow/.local/lib/python3.12/site-packages/airflow/example_dags/example_task_group_decorator.py
[2025-02-27T03:08:33.326+0000] {logging_mixin.py:190} INFO - [2025-02-27T03:08:33.325+0000] {dag.py:3239} INFO - Sync 1 DAGs
[2025-02-27T03:08:33.368+0000] {logging_mixin.py:190} INFO - [2025-02-27T03:08:33.367+0000] {dag.py:4180} INFO - Setting next_dagrun for example_task_group_decorator to None, run_after=None
[2025-02-27T03:08:33.435+0000] {processor.py:208} INFO - Processing /home/airflow/.local/lib/python3.12/site-packages/airflow/example_dags/example_task_group_decorator.py took 0.329 seconds
[2025-02-27T03:09:03.870+0000] {processor.py:186} INFO - Started process (PID=1877) to work on /home/airflow/.local/lib/python3.12/site-packages/airflow/example_dags/example_task_group_decorator.py
[2025-02-27T03:09:03.873+0000] {processor.py:914} INFO - Processing file /home/airflow/.local/lib/python3.12/site-packages/airflow/example_dags/example_task_group_decorator.py for tasks to queue
[2025-02-27T03:09:03.878+0000] {logging_mixin.py:190} INFO - [2025-02-27T03:09:03.877+0000] {dagbag.py:588} INFO - Filling up the DagBag from /home/airflow/.local/lib/python3.12/site-packages/airflow/example_dags/example_task_group_decorator.py
[2025-02-27T03:09:04.005+0000] {processor.py:925} INFO - DAG(s) 'example_task_group_decorator' retrieved from /home/airflow/.local/lib/python3.12/site-packages/airflow/example_dags/example_task_group_decorator.py
[2025-02-27T03:09:04.343+0000] {logging_mixin.py:190} INFO - [2025-02-27T03:09:04.342+0000] {dag.py:3239} INFO - Sync 1 DAGs
[2025-02-27T03:09:04.392+0000] {logging_mixin.py:190} INFO - [2025-02-27T03:09:04.392+0000] {dag.py:4180} INFO - Setting next_dagrun for example_task_group_decorator to None, run_after=None
[2025-02-27T03:09:04.461+0000] {processor.py:208} INFO - Processing /home/airflow/.local/lib/python3.12/site-packages/airflow/example_dags/example_task_group_decorator.py took 0.602 seconds
[2025-02-27T03:09:35.110+0000] {processor.py:186} INFO - Started process (PID=1939) to work on /home/airflow/.local/lib/python3.12/site-packages/airflow/example_dags/example_task_group_decorator.py
[2025-02-27T03:09:35.112+0000] {processor.py:914} INFO - Processing file /home/airflow/.local/lib/python3.12/site-packages/airflow/example_dags/example_task_group_decorator.py for tasks to queue
[2025-02-27T03:09:35.116+0000] {logging_mixin.py:190} INFO - [2025-02-27T03:09:35.115+0000] {dagbag.py:588} INFO - Filling up the DagBag from /home/airflow/.local/lib/python3.12/site-packages/airflow/example_dags/example_task_group_decorator.py
[2025-02-27T03:09:35.143+0000] {processor.py:925} INFO - DAG(s) 'example_task_group_decorator' retrieved from /home/airflow/.local/lib/python3.12/site-packages/airflow/example_dags/example_task_group_decorator.py
[2025-02-27T03:09:35.324+0000] {logging_mixin.py:190} INFO - [2025-02-27T03:09:35.324+0000] {dag.py:3239} INFO - Sync 1 DAGs
[2025-02-27T03:09:35.364+0000] {logging_mixin.py:190} INFO - [2025-02-27T03:09:35.364+0000] {dag.py:4180} INFO - Setting next_dagrun for example_task_group_decorator to None, run_after=None
[2025-02-27T03:09:35.422+0000] {processor.py:208} INFO - Processing /home/airflow/.local/lib/python3.12/site-packages/airflow/example_dags/example_task_group_decorator.py took 0.322 seconds
[2025-02-27T03:10:06.058+0000] {processor.py:186} INFO - Started process (PID=2002) to work on /home/airflow/.local/lib/python3.12/site-packages/airflow/example_dags/example_task_group_decorator.py
[2025-02-27T03:10:06.061+0000] {processor.py:914} INFO - Processing file /home/airflow/.local/lib/python3.12/site-packages/airflow/example_dags/example_task_group_decorator.py for tasks to queue
[2025-02-27T03:10:06.067+0000] {logging_mixin.py:190} INFO - [2025-02-27T03:10:06.066+0000] {dagbag.py:588} INFO - Filling up the DagBag from /home/airflow/.local/lib/python3.12/site-packages/airflow/example_dags/example_task_group_decorator.py
[2025-02-27T03:10:06.130+0000] {processor.py:925} INFO - DAG(s) 'example_task_group_decorator' retrieved from /home/airflow/.local/lib/python3.12/site-packages/airflow/example_dags/example_task_group_decorator.py
[2025-02-27T03:10:06.391+0000] {logging_mixin.py:190} INFO - [2025-02-27T03:10:06.390+0000] {dag.py:3239} INFO - Sync 1 DAGs
[2025-02-27T03:10:06.458+0000] {logging_mixin.py:190} INFO - [2025-02-27T03:10:06.457+0000] {dag.py:4180} INFO - Setting next_dagrun for example_task_group_decorator to None, run_after=None
[2025-02-27T03:10:06.553+0000] {processor.py:208} INFO - Processing /home/airflow/.local/lib/python3.12/site-packages/airflow/example_dags/example_task_group_decorator.py took 0.509 seconds
[2025-02-27T03:10:36.708+0000] {processor.py:186} INFO - Started process (PID=2065) to work on /home/airflow/.local/lib/python3.12/site-packages/airflow/example_dags/example_task_group_decorator.py
[2025-02-27T03:10:36.710+0000] {processor.py:914} INFO - Processing file /home/airflow/.local/lib/python3.12/site-packages/airflow/example_dags/example_task_group_decorator.py for tasks to queue
[2025-02-27T03:10:36.715+0000] {logging_mixin.py:190} INFO - [2025-02-27T03:10:36.714+0000] {dagbag.py:588} INFO - Filling up the DagBag from /home/airflow/.local/lib/python3.12/site-packages/airflow/example_dags/example_task_group_decorator.py
[2025-02-27T03:10:36.760+0000] {processor.py:925} INFO - DAG(s) 'example_task_group_decorator' retrieved from /home/airflow/.local/lib/python3.12/site-packages/airflow/example_dags/example_task_group_decorator.py
[2025-02-27T03:10:36.987+0000] {logging_mixin.py:190} INFO - [2025-02-27T03:10:36.987+0000] {dag.py:3239} INFO - Sync 1 DAGs
[2025-02-27T03:10:37.035+0000] {logging_mixin.py:190} INFO - [2025-02-27T03:10:37.035+0000] {dag.py:4180} INFO - Setting next_dagrun for example_task_group_decorator to None, run_after=None
[2025-02-27T03:10:37.096+0000] {processor.py:208} INFO - Processing /home/airflow/.local/lib/python3.12/site-packages/airflow/example_dags/example_task_group_decorator.py took 0.401 seconds
[2025-02-27T03:11:08.015+0000] {processor.py:186} INFO - Started process (PID=2127) to work on /home/airflow/.local/lib/python3.12/site-packages/airflow/example_dags/example_task_group_decorator.py
[2025-02-27T03:11:08.017+0000] {processor.py:914} INFO - Processing file /home/airflow/.local/lib/python3.12/site-packages/airflow/example_dags/example_task_group_decorator.py for tasks to queue
[2025-02-27T03:11:08.021+0000] {logging_mixin.py:190} INFO - [2025-02-27T03:11:08.021+0000] {dagbag.py:588} INFO - Filling up the DagBag from /home/airflow/.local/lib/python3.12/site-packages/airflow/example_dags/example_task_group_decorator.py
[2025-02-27T03:11:08.055+0000] {processor.py:925} INFO - DAG(s) 'example_task_group_decorator' retrieved from /home/airflow/.local/lib/python3.12/site-packages/airflow/example_dags/example_task_group_decorator.py
[2025-02-27T03:11:08.235+0000] {logging_mixin.py:190} INFO - [2025-02-27T03:11:08.235+0000] {dag.py:3239} INFO - Sync 1 DAGs
[2025-02-27T03:11:08.279+0000] {logging_mixin.py:190} INFO - [2025-02-27T03:11:08.278+0000] {dag.py:4180} INFO - Setting next_dagrun for example_task_group_decorator to None, run_after=None
[2025-02-27T03:11:08.358+0000] {processor.py:208} INFO - Processing /home/airflow/.local/lib/python3.12/site-packages/airflow/example_dags/example_task_group_decorator.py took 0.355 seconds
[2025-02-27T03:11:38.505+0000] {processor.py:186} INFO - Started process (PID=2190) to work on /home/airflow/.local/lib/python3.12/site-packages/airflow/example_dags/example_task_group_decorator.py
[2025-02-27T03:11:38.507+0000] {processor.py:914} INFO - Processing file /home/airflow/.local/lib/python3.12/site-packages/airflow/example_dags/example_task_group_decorator.py for tasks to queue
[2025-02-27T03:11:38.511+0000] {logging_mixin.py:190} INFO - [2025-02-27T03:11:38.510+0000] {dagbag.py:588} INFO - Filling up the DagBag from /home/airflow/.local/lib/python3.12/site-packages/airflow/example_dags/example_task_group_decorator.py
[2025-02-27T03:11:38.538+0000] {processor.py:925} INFO - DAG(s) 'example_task_group_decorator' retrieved from /home/airflow/.local/lib/python3.12/site-packages/airflow/example_dags/example_task_group_decorator.py
[2025-02-27T03:11:38.712+0000] {logging_mixin.py:190} INFO - [2025-02-27T03:11:38.711+0000] {dag.py:3239} INFO - Sync 1 DAGs
[2025-02-27T03:11:38.753+0000] {logging_mixin.py:190} INFO - [2025-02-27T03:11:38.752+0000] {dag.py:4180} INFO - Setting next_dagrun for example_task_group_decorator to None, run_after=None
[2025-02-27T03:11:38.813+0000] {processor.py:208} INFO - Processing /home/airflow/.local/lib/python3.12/site-packages/airflow/example_dags/example_task_group_decorator.py took 0.316 seconds
[2025-02-27T03:12:09.485+0000] {processor.py:186} INFO - Started process (PID=2253) to work on /home/airflow/.local/lib/python3.12/site-packages/airflow/example_dags/example_task_group_decorator.py
[2025-02-27T03:12:09.487+0000] {processor.py:914} INFO - Processing file /home/airflow/.local/lib/python3.12/site-packages/airflow/example_dags/example_task_group_decorator.py for tasks to queue
[2025-02-27T03:12:09.493+0000] {logging_mixin.py:190} INFO - [2025-02-27T03:12:09.492+0000] {dagbag.py:588} INFO - Filling up the DagBag from /home/airflow/.local/lib/python3.12/site-packages/airflow/example_dags/example_task_group_decorator.py
[2025-02-27T03:12:09.539+0000] {processor.py:925} INFO - DAG(s) 'example_task_group_decorator' retrieved from /home/airflow/.local/lib/python3.12/site-packages/airflow/example_dags/example_task_group_decorator.py
[2025-02-27T03:12:09.766+0000] {logging_mixin.py:190} INFO - [2025-02-27T03:12:09.765+0000] {dag.py:3239} INFO - Sync 1 DAGs
[2025-02-27T03:12:09.826+0000] {logging_mixin.py:190} INFO - [2025-02-27T03:12:09.825+0000] {dag.py:4180} INFO - Setting next_dagrun for example_task_group_decorator to None, run_after=None
[2025-02-27T03:12:09.895+0000] {processor.py:208} INFO - Processing /home/airflow/.local/lib/python3.12/site-packages/airflow/example_dags/example_task_group_decorator.py took 0.422 seconds
[2025-02-27T03:12:40.353+0000] {processor.py:186} INFO - Started process (PID=2316) to work on /home/airflow/.local/lib/python3.12/site-packages/airflow/example_dags/example_task_group_decorator.py
[2025-02-27T03:12:40.355+0000] {processor.py:914} INFO - Processing file /home/airflow/.local/lib/python3.12/site-packages/airflow/example_dags/example_task_group_decorator.py for tasks to queue
[2025-02-27T03:12:40.360+0000] {logging_mixin.py:190} INFO - [2025-02-27T03:12:40.359+0000] {dagbag.py:588} INFO - Filling up the DagBag from /home/airflow/.local/lib/python3.12/site-packages/airflow/example_dags/example_task_group_decorator.py
[2025-02-27T03:12:40.397+0000] {processor.py:925} INFO - DAG(s) 'example_task_group_decorator' retrieved from /home/airflow/.local/lib/python3.12/site-packages/airflow/example_dags/example_task_group_decorator.py
[2025-02-27T03:12:40.540+0000] {logging_mixin.py:190} INFO - [2025-02-27T03:12:40.540+0000] {dag.py:3239} INFO - Sync 1 DAGs
[2025-02-27T03:12:40.578+0000] {logging_mixin.py:190} INFO - [2025-02-27T03:12:40.578+0000] {dag.py:4180} INFO - Setting next_dagrun for example_task_group_decorator to None, run_after=None
[2025-02-27T03:12:40.625+0000] {processor.py:208} INFO - Processing /home/airflow/.local/lib/python3.12/site-packages/airflow/example_dags/example_task_group_decorator.py took 0.283 seconds
[2025-02-27T03:13:10.782+0000] {processor.py:186} INFO - Started process (PID=2379) to work on /home/airflow/.local/lib/python3.12/site-packages/airflow/example_dags/example_task_group_decorator.py
[2025-02-27T03:13:10.783+0000] {processor.py:914} INFO - Processing file /home/airflow/.local/lib/python3.12/site-packages/airflow/example_dags/example_task_group_decorator.py for tasks to queue
[2025-02-27T03:13:10.787+0000] {logging_mixin.py:190} INFO - [2025-02-27T03:13:10.786+0000] {dagbag.py:588} INFO - Filling up the DagBag from /home/airflow/.local/lib/python3.12/site-packages/airflow/example_dags/example_task_group_decorator.py
[2025-02-27T03:13:10.817+0000] {processor.py:925} INFO - DAG(s) 'example_task_group_decorator' retrieved from /home/airflow/.local/lib/python3.12/site-packages/airflow/example_dags/example_task_group_decorator.py
[2025-02-27T03:13:10.968+0000] {logging_mixin.py:190} INFO - [2025-02-27T03:13:10.967+0000] {dag.py:3239} INFO - Sync 1 DAGs
[2025-02-27T03:13:11.005+0000] {logging_mixin.py:190} INFO - [2025-02-27T03:13:11.004+0000] {dag.py:4180} INFO - Setting next_dagrun for example_task_group_decorator to None, run_after=None
[2025-02-27T03:13:11.050+0000] {processor.py:208} INFO - Processing /home/airflow/.local/lib/python3.12/site-packages/airflow/example_dags/example_task_group_decorator.py took 0.278 seconds
[2025-02-27T03:13:41.542+0000] {processor.py:186} INFO - Started process (PID=2442) to work on /home/airflow/.local/lib/python3.12/site-packages/airflow/example_dags/example_task_group_decorator.py
[2025-02-27T03:13:41.544+0000] {processor.py:914} INFO - Processing file /home/airflow/.local/lib/python3.12/site-packages/airflow/example_dags/example_task_group_decorator.py for tasks to queue
[2025-02-27T03:13:41.548+0000] {logging_mixin.py:190} INFO - [2025-02-27T03:13:41.548+0000] {dagbag.py:588} INFO - Filling up the DagBag from /home/airflow/.local/lib/python3.12/site-packages/airflow/example_dags/example_task_group_decorator.py
[2025-02-27T03:13:41.587+0000] {processor.py:925} INFO - DAG(s) 'example_task_group_decorator' retrieved from /home/airflow/.local/lib/python3.12/site-packages/airflow/example_dags/example_task_group_decorator.py
[2025-02-27T03:13:41.802+0000] {logging_mixin.py:190} INFO - [2025-02-27T03:13:41.801+0000] {dag.py:3239} INFO - Sync 1 DAGs
[2025-02-27T03:13:41.868+0000] {logging_mixin.py:190} INFO - [2025-02-27T03:13:41.867+0000] {dag.py:4180} INFO - Setting next_dagrun for example_task_group_decorator to None, run_after=None
[2025-02-27T03:13:41.933+0000] {processor.py:208} INFO - Processing /home/airflow/.local/lib/python3.12/site-packages/airflow/example_dags/example_task_group_decorator.py took 0.401 seconds
[2025-02-27T03:14:13.547+0000] {processor.py:186} INFO - Started process (PID=2505) to work on /home/airflow/.local/lib/python3.12/site-packages/airflow/example_dags/example_task_group_decorator.py
[2025-02-27T03:14:13.549+0000] {processor.py:914} INFO - Processing file /home/airflow/.local/lib/python3.12/site-packages/airflow/example_dags/example_task_group_decorator.py for tasks to queue
[2025-02-27T03:14:13.553+0000] {logging_mixin.py:190} INFO - [2025-02-27T03:14:13.552+0000] {dagbag.py:588} INFO - Filling up the DagBag from /home/airflow/.local/lib/python3.12/site-packages/airflow/example_dags/example_task_group_decorator.py
[2025-02-27T03:14:13.587+0000] {processor.py:925} INFO - DAG(s) 'example_task_group_decorator' retrieved from /home/airflow/.local/lib/python3.12/site-packages/airflow/example_dags/example_task_group_decorator.py
[2025-02-27T03:14:13.769+0000] {logging_mixin.py:190} INFO - [2025-02-27T03:14:13.769+0000] {dag.py:3239} INFO - Sync 1 DAGs
[2025-02-27T03:14:13.819+0000] {logging_mixin.py:190} INFO - [2025-02-27T03:14:13.819+0000] {dag.py:4180} INFO - Setting next_dagrun for example_task_group_decorator to None, run_after=None
[2025-02-27T03:14:13.897+0000] {processor.py:208} INFO - Processing /home/airflow/.local/lib/python3.12/site-packages/airflow/example_dags/example_task_group_decorator.py took 0.360 seconds
[2025-02-27T03:14:45.687+0000] {processor.py:186} INFO - Started process (PID=2568) to work on /home/airflow/.local/lib/python3.12/site-packages/airflow/example_dags/example_task_group_decorator.py
[2025-02-27T03:14:45.689+0000] {processor.py:914} INFO - Processing file /home/airflow/.local/lib/python3.12/site-packages/airflow/example_dags/example_task_group_decorator.py for tasks to queue
[2025-02-27T03:14:45.693+0000] {logging_mixin.py:190} INFO - [2025-02-27T03:14:45.693+0000] {dagbag.py:588} INFO - Filling up the DagBag from /home/airflow/.local/lib/python3.12/site-packages/airflow/example_dags/example_task_group_decorator.py
[2025-02-27T03:14:45.724+0000] {processor.py:925} INFO - DAG(s) 'example_task_group_decorator' retrieved from /home/airflow/.local/lib/python3.12/site-packages/airflow/example_dags/example_task_group_decorator.py
[2025-02-27T03:14:45.914+0000] {logging_mixin.py:190} INFO - [2025-02-27T03:14:45.913+0000] {dag.py:3239} INFO - Sync 1 DAGs
[2025-02-27T03:14:45.967+0000] {logging_mixin.py:190} INFO - [2025-02-27T03:14:45.967+0000] {dag.py:4180} INFO - Setting next_dagrun for example_task_group_decorator to None, run_after=None
[2025-02-27T03:14:46.041+0000] {processor.py:208} INFO - Processing /home/airflow/.local/lib/python3.12/site-packages/airflow/example_dags/example_task_group_decorator.py took 0.365 seconds
[2025-02-27T03:15:16.775+0000] {processor.py:186} INFO - Started process (PID=2631) to work on /home/airflow/.local/lib/python3.12/site-packages/airflow/example_dags/example_task_group_decorator.py
[2025-02-27T03:15:16.776+0000] {processor.py:914} INFO - Processing file /home/airflow/.local/lib/python3.12/site-packages/airflow/example_dags/example_task_group_decorator.py for tasks to queue
[2025-02-27T03:15:16.781+0000] {logging_mixin.py:190} INFO - [2025-02-27T03:15:16.780+0000] {dagbag.py:588} INFO - Filling up the DagBag from /home/airflow/.local/lib/python3.12/site-packages/airflow/example_dags/example_task_group_decorator.py
[2025-02-27T03:15:16.819+0000] {processor.py:925} INFO - DAG(s) 'example_task_group_decorator' retrieved from /home/airflow/.local/lib/python3.12/site-packages/airflow/example_dags/example_task_group_decorator.py
[2025-02-27T03:15:17.005+0000] {logging_mixin.py:190} INFO - [2025-02-27T03:15:17.004+0000] {dag.py:3239} INFO - Sync 1 DAGs
[2025-02-27T03:15:17.057+0000] {logging_mixin.py:190} INFO - [2025-02-27T03:15:17.057+0000] {dag.py:4180} INFO - Setting next_dagrun for example_task_group_decorator to None, run_after=None
[2025-02-27T03:15:17.130+0000] {processor.py:208} INFO - Processing /home/airflow/.local/lib/python3.12/site-packages/airflow/example_dags/example_task_group_decorator.py took 0.365 seconds
[2025-02-27T03:15:47.391+0000] {processor.py:186} INFO - Started process (PID=2693) to work on /home/airflow/.local/lib/python3.12/site-packages/airflow/example_dags/example_task_group_decorator.py
[2025-02-27T03:15:47.395+0000] {processor.py:914} INFO - Processing file /home/airflow/.local/lib/python3.12/site-packages/airflow/example_dags/example_task_group_decorator.py for tasks to queue
[2025-02-27T03:15:47.402+0000] {logging_mixin.py:190} INFO - [2025-02-27T03:15:47.401+0000] {dagbag.py:588} INFO - Filling up the DagBag from /home/airflow/.local/lib/python3.12/site-packages/airflow/example_dags/example_task_group_decorator.py
[2025-02-27T03:15:47.461+0000] {processor.py:925} INFO - DAG(s) 'example_task_group_decorator' retrieved from /home/airflow/.local/lib/python3.12/site-packages/airflow/example_dags/example_task_group_decorator.py
[2025-02-27T03:15:47.635+0000] {logging_mixin.py:190} INFO - [2025-02-27T03:15:47.634+0000] {dag.py:3239} INFO - Sync 1 DAGs
[2025-02-27T03:15:47.673+0000] {logging_mixin.py:190} INFO - [2025-02-27T03:15:47.673+0000] {dag.py:4180} INFO - Setting next_dagrun for example_task_group_decorator to None, run_after=None
[2025-02-27T03:15:47.736+0000] {processor.py:208} INFO - Processing /home/airflow/.local/lib/python3.12/site-packages/airflow/example_dags/example_task_group_decorator.py took 0.362 seconds
[2025-02-27T03:16:18.401+0000] {processor.py:186} INFO - Started process (PID=2756) to work on /home/airflow/.local/lib/python3.12/site-packages/airflow/example_dags/example_task_group_decorator.py
[2025-02-27T03:16:18.403+0000] {processor.py:914} INFO - Processing file /home/airflow/.local/lib/python3.12/site-packages/airflow/example_dags/example_task_group_decorator.py for tasks to queue
[2025-02-27T03:16:18.406+0000] {logging_mixin.py:190} INFO - [2025-02-27T03:16:18.405+0000] {dagbag.py:588} INFO - Filling up the DagBag from /home/airflow/.local/lib/python3.12/site-packages/airflow/example_dags/example_task_group_decorator.py
[2025-02-27T03:16:18.424+0000] {processor.py:925} INFO - DAG(s) 'example_task_group_decorator' retrieved from /home/airflow/.local/lib/python3.12/site-packages/airflow/example_dags/example_task_group_decorator.py
[2025-02-27T03:16:18.572+0000] {logging_mixin.py:190} INFO - [2025-02-27T03:16:18.571+0000] {dag.py:3239} INFO - Sync 1 DAGs
[2025-02-27T03:16:18.609+0000] {logging_mixin.py:190} INFO - [2025-02-27T03:16:18.609+0000] {dag.py:4180} INFO - Setting next_dagrun for example_task_group_decorator to None, run_after=None
[2025-02-27T03:16:18.667+0000] {processor.py:208} INFO - Processing /home/airflow/.local/lib/python3.12/site-packages/airflow/example_dags/example_task_group_decorator.py took 0.272 seconds
[2025-02-27T03:16:49.035+0000] {processor.py:186} INFO - Started process (PID=2819) to work on /home/airflow/.local/lib/python3.12/site-packages/airflow/example_dags/example_task_group_decorator.py
[2025-02-27T03:16:49.036+0000] {processor.py:914} INFO - Processing file /home/airflow/.local/lib/python3.12/site-packages/airflow/example_dags/example_task_group_decorator.py for tasks to queue
[2025-02-27T03:16:49.040+0000] {logging_mixin.py:190} INFO - [2025-02-27T03:16:49.040+0000] {dagbag.py:588} INFO - Filling up the DagBag from /home/airflow/.local/lib/python3.12/site-packages/airflow/example_dags/example_task_group_decorator.py
[2025-02-27T03:16:49.074+0000] {processor.py:925} INFO - DAG(s) 'example_task_group_decorator' retrieved from /home/airflow/.local/lib/python3.12/site-packages/airflow/example_dags/example_task_group_decorator.py
[2025-02-27T03:16:49.240+0000] {logging_mixin.py:190} INFO - [2025-02-27T03:16:49.240+0000] {dag.py:3239} INFO - Sync 1 DAGs
[2025-02-27T03:16:49.281+0000] {logging_mixin.py:190} INFO - [2025-02-27T03:16:49.281+0000] {dag.py:4180} INFO - Setting next_dagrun for example_task_group_decorator to None, run_after=None
[2025-02-27T03:16:49.341+0000] {processor.py:208} INFO - Processing /home/airflow/.local/lib/python3.12/site-packages/airflow/example_dags/example_task_group_decorator.py took 0.314 seconds
[2025-02-27T03:17:19.429+0000] {processor.py:186} INFO - Started process (PID=2882) to work on /home/airflow/.local/lib/python3.12/site-packages/airflow/example_dags/example_task_group_decorator.py
[2025-02-27T03:17:19.430+0000] {processor.py:914} INFO - Processing file /home/airflow/.local/lib/python3.12/site-packages/airflow/example_dags/example_task_group_decorator.py for tasks to queue
[2025-02-27T03:17:19.433+0000] {logging_mixin.py:190} INFO - [2025-02-27T03:17:19.433+0000] {dagbag.py:588} INFO - Filling up the DagBag from /home/airflow/.local/lib/python3.12/site-packages/airflow/example_dags/example_task_group_decorator.py
[2025-02-27T03:17:19.456+0000] {processor.py:925} INFO - DAG(s) 'example_task_group_decorator' retrieved from /home/airflow/.local/lib/python3.12/site-packages/airflow/example_dags/example_task_group_decorator.py
[2025-02-27T03:17:19.590+0000] {logging_mixin.py:190} INFO - [2025-02-27T03:17:19.589+0000] {dag.py:3239} INFO - Sync 1 DAGs
[2025-02-27T03:17:19.624+0000] {logging_mixin.py:190} INFO - [2025-02-27T03:17:19.623+0000] {dag.py:4180} INFO - Setting next_dagrun for example_task_group_decorator to None, run_after=None
[2025-02-27T03:17:19.683+0000] {processor.py:208} INFO - Processing /home/airflow/.local/lib/python3.12/site-packages/airflow/example_dags/example_task_group_decorator.py took 0.261 seconds
[2025-02-27T03:17:49.820+0000] {processor.py:186} INFO - Started process (PID=2945) to work on /home/airflow/.local/lib/python3.12/site-packages/airflow/example_dags/example_task_group_decorator.py
[2025-02-27T03:17:49.821+0000] {processor.py:914} INFO - Processing file /home/airflow/.local/lib/python3.12/site-packages/airflow/example_dags/example_task_group_decorator.py for tasks to queue
[2025-02-27T03:17:49.825+0000] {logging_mixin.py:190} INFO - [2025-02-27T03:17:49.824+0000] {dagbag.py:588} INFO - Filling up the DagBag from /home/airflow/.local/lib/python3.12/site-packages/airflow/example_dags/example_task_group_decorator.py
[2025-02-27T03:17:49.858+0000] {processor.py:925} INFO - DAG(s) 'example_task_group_decorator' retrieved from /home/airflow/.local/lib/python3.12/site-packages/airflow/example_dags/example_task_group_decorator.py
[2025-02-27T03:17:50.012+0000] {logging_mixin.py:190} INFO - [2025-02-27T03:17:50.011+0000] {dag.py:3239} INFO - Sync 1 DAGs
[2025-02-27T03:17:50.050+0000] {logging_mixin.py:190} INFO - [2025-02-27T03:17:50.049+0000] {dag.py:4180} INFO - Setting next_dagrun for example_task_group_decorator to None, run_after=None
[2025-02-27T03:17:50.109+0000] {processor.py:208} INFO - Processing /home/airflow/.local/lib/python3.12/site-packages/airflow/example_dags/example_task_group_decorator.py took 0.298 seconds
[2025-02-27T03:18:20.368+0000] {processor.py:186} INFO - Started process (PID=3008) to work on /home/airflow/.local/lib/python3.12/site-packages/airflow/example_dags/example_task_group_decorator.py
[2025-02-27T03:18:20.370+0000] {processor.py:914} INFO - Processing file /home/airflow/.local/lib/python3.12/site-packages/airflow/example_dags/example_task_group_decorator.py for tasks to queue
[2025-02-27T03:18:20.375+0000] {logging_mixin.py:190} INFO - [2025-02-27T03:18:20.374+0000] {dagbag.py:588} INFO - Filling up the DagBag from /home/airflow/.local/lib/python3.12/site-packages/airflow/example_dags/example_task_group_decorator.py
[2025-02-27T03:18:20.405+0000] {processor.py:925} INFO - DAG(s) 'example_task_group_decorator' retrieved from /home/airflow/.local/lib/python3.12/site-packages/airflow/example_dags/example_task_group_decorator.py
[2025-02-27T03:18:20.546+0000] {logging_mixin.py:190} INFO - [2025-02-27T03:18:20.546+0000] {dag.py:3239} INFO - Sync 1 DAGs
[2025-02-27T03:18:20.588+0000] {logging_mixin.py:190} INFO - [2025-02-27T03:18:20.587+0000] {dag.py:4180} INFO - Setting next_dagrun for example_task_group_decorator to None, run_after=None
[2025-02-27T03:18:20.650+0000] {processor.py:208} INFO - Processing /home/airflow/.local/lib/python3.12/site-packages/airflow/example_dags/example_task_group_decorator.py took 0.295 seconds
[2025-02-27T03:18:50.825+0000] {processor.py:186} INFO - Started process (PID=3070) to work on /home/airflow/.local/lib/python3.12/site-packages/airflow/example_dags/example_task_group_decorator.py
[2025-02-27T03:18:50.826+0000] {processor.py:914} INFO - Processing file /home/airflow/.local/lib/python3.12/site-packages/airflow/example_dags/example_task_group_decorator.py for tasks to queue
[2025-02-27T03:18:50.830+0000] {logging_mixin.py:190} INFO - [2025-02-27T03:18:50.829+0000] {dagbag.py:588} INFO - Filling up the DagBag from /home/airflow/.local/lib/python3.12/site-packages/airflow/example_dags/example_task_group_decorator.py
[2025-02-27T03:18:50.863+0000] {processor.py:925} INFO - DAG(s) 'example_task_group_decorator' retrieved from /home/airflow/.local/lib/python3.12/site-packages/airflow/example_dags/example_task_group_decorator.py
[2025-02-27T03:18:50.975+0000] {logging_mixin.py:190} INFO - [2025-02-27T03:18:50.974+0000] {dag.py:3239} INFO - Sync 1 DAGs
[2025-02-27T03:18:51.008+0000] {logging_mixin.py:190} INFO - [2025-02-27T03:18:51.008+0000] {dag.py:4180} INFO - Setting next_dagrun for example_task_group_decorator to None, run_after=None
[2025-02-27T03:18:51.054+0000] {processor.py:208} INFO - Processing /home/airflow/.local/lib/python3.12/site-packages/airflow/example_dags/example_task_group_decorator.py took 0.238 seconds
[2025-02-27T03:19:21.326+0000] {processor.py:186} INFO - Started process (PID=3133) to work on /home/airflow/.local/lib/python3.12/site-packages/airflow/example_dags/example_task_group_decorator.py
[2025-02-27T03:19:21.327+0000] {processor.py:914} INFO - Processing file /home/airflow/.local/lib/python3.12/site-packages/airflow/example_dags/example_task_group_decorator.py for tasks to queue
[2025-02-27T03:19:21.332+0000] {logging_mixin.py:190} INFO - [2025-02-27T03:19:21.331+0000] {dagbag.py:588} INFO - Filling up the DagBag from /home/airflow/.local/lib/python3.12/site-packages/airflow/example_dags/example_task_group_decorator.py
[2025-02-27T03:19:21.357+0000] {processor.py:925} INFO - DAG(s) 'example_task_group_decorator' retrieved from /home/airflow/.local/lib/python3.12/site-packages/airflow/example_dags/example_task_group_decorator.py
[2025-02-27T03:19:21.540+0000] {logging_mixin.py:190} INFO - [2025-02-27T03:19:21.540+0000] {dag.py:3239} INFO - Sync 1 DAGs
[2025-02-27T03:19:21.592+0000] {logging_mixin.py:190} INFO - [2025-02-27T03:19:21.591+0000] {dag.py:4180} INFO - Setting next_dagrun for example_task_group_decorator to None, run_after=None
[2025-02-27T03:19:21.675+0000] {processor.py:208} INFO - Processing /home/airflow/.local/lib/python3.12/site-packages/airflow/example_dags/example_task_group_decorator.py took 0.358 seconds
[2025-02-27T03:19:52.630+0000] {processor.py:186} INFO - Started process (PID=3203) to work on /home/airflow/.local/lib/python3.12/site-packages/airflow/example_dags/example_task_group_decorator.py
[2025-02-27T03:19:52.631+0000] {processor.py:914} INFO - Processing file /home/airflow/.local/lib/python3.12/site-packages/airflow/example_dags/example_task_group_decorator.py for tasks to queue
[2025-02-27T03:19:52.636+0000] {logging_mixin.py:190} INFO - [2025-02-27T03:19:52.635+0000] {dagbag.py:588} INFO - Filling up the DagBag from /home/airflow/.local/lib/python3.12/site-packages/airflow/example_dags/example_task_group_decorator.py
[2025-02-27T03:19:52.703+0000] {processor.py:925} INFO - DAG(s) 'example_task_group_decorator' retrieved from /home/airflow/.local/lib/python3.12/site-packages/airflow/example_dags/example_task_group_decorator.py
[2025-02-27T03:19:52.885+0000] {logging_mixin.py:190} INFO - [2025-02-27T03:19:52.885+0000] {dag.py:3239} INFO - Sync 1 DAGs
[2025-02-27T03:19:52.922+0000] {logging_mixin.py:190} INFO - [2025-02-27T03:19:52.921+0000] {dag.py:4180} INFO - Setting next_dagrun for example_task_group_decorator to None, run_after=None
[2025-02-27T03:19:52.981+0000] {processor.py:208} INFO - Processing /home/airflow/.local/lib/python3.12/site-packages/airflow/example_dags/example_task_group_decorator.py took 0.364 seconds
[2025-02-27T03:20:23.070+0000] {processor.py:186} INFO - Started process (PID=3266) to work on /home/airflow/.local/lib/python3.12/site-packages/airflow/example_dags/example_task_group_decorator.py
[2025-02-27T03:20:23.072+0000] {processor.py:914} INFO - Processing file /home/airflow/.local/lib/python3.12/site-packages/airflow/example_dags/example_task_group_decorator.py for tasks to queue
[2025-02-27T03:20:23.075+0000] {logging_mixin.py:190} INFO - [2025-02-27T03:20:23.075+0000] {dagbag.py:588} INFO - Filling up the DagBag from /home/airflow/.local/lib/python3.12/site-packages/airflow/example_dags/example_task_group_decorator.py
[2025-02-27T03:20:23.102+0000] {processor.py:925} INFO - DAG(s) 'example_task_group_decorator' retrieved from /home/airflow/.local/lib/python3.12/site-packages/airflow/example_dags/example_task_group_decorator.py
[2025-02-27T03:20:23.236+0000] {logging_mixin.py:190} INFO - [2025-02-27T03:20:23.235+0000] {dag.py:3239} INFO - Sync 1 DAGs
[2025-02-27T03:20:23.277+0000] {logging_mixin.py:190} INFO - [2025-02-27T03:20:23.277+0000] {dag.py:4180} INFO - Setting next_dagrun for example_task_group_decorator to None, run_after=None
[2025-02-27T03:20:23.336+0000] {processor.py:208} INFO - Processing /home/airflow/.local/lib/python3.12/site-packages/airflow/example_dags/example_task_group_decorator.py took 0.275 seconds
[2025-02-27T03:20:53.714+0000] {processor.py:186} INFO - Started process (PID=3329) to work on /home/airflow/.local/lib/python3.12/site-packages/airflow/example_dags/example_task_group_decorator.py
[2025-02-27T03:20:53.716+0000] {processor.py:914} INFO - Processing file /home/airflow/.local/lib/python3.12/site-packages/airflow/example_dags/example_task_group_decorator.py for tasks to queue
[2025-02-27T03:20:53.720+0000] {logging_mixin.py:190} INFO - [2025-02-27T03:20:53.720+0000] {dagbag.py:588} INFO - Filling up the DagBag from /home/airflow/.local/lib/python3.12/site-packages/airflow/example_dags/example_task_group_decorator.py
[2025-02-27T03:20:53.752+0000] {processor.py:925} INFO - DAG(s) 'example_task_group_decorator' retrieved from /home/airflow/.local/lib/python3.12/site-packages/airflow/example_dags/example_task_group_decorator.py
[2025-02-27T03:20:53.935+0000] {logging_mixin.py:190} INFO - [2025-02-27T03:20:53.934+0000] {dag.py:3239} INFO - Sync 1 DAGs
[2025-02-27T03:20:53.978+0000] {logging_mixin.py:190} INFO - [2025-02-27T03:20:53.977+0000] {dag.py:4180} INFO - Setting next_dagrun for example_task_group_decorator to None, run_after=None
[2025-02-27T03:20:54.037+0000] {processor.py:208} INFO - Processing /home/airflow/.local/lib/python3.12/site-packages/airflow/example_dags/example_task_group_decorator.py took 0.332 seconds
