[2025-02-27T02:51:27.702+0000] {processor.py:186} INFO - Started process (PID=92) to work on /home/airflow/.local/lib/python3.12/site-packages/airflow/example_dags/example_kubernetes_executor.py
[2025-02-27T02:51:27.704+0000] {processor.py:914} INFO - Processing file /home/airflow/.local/lib/python3.12/site-packages/airflow/example_dags/example_kubernetes_executor.py for tasks to queue
[2025-02-27T02:51:27.709+0000] {logging_mixin.py:190} INFO - [2025-02-27T02:51:27.708+0000] {dagbag.py:588} INFO - Filling up the DagBag from /home/airflow/.local/lib/python3.12/site-packages/airflow/example_dags/example_kubernetes_executor.py
[2025-02-27T02:51:27.747+0000] {processor.py:925} INFO - DAG(s) 'example_kubernetes_executor' retrieved from /home/airflow/.local/lib/python3.12/site-packages/airflow/example_dags/example_kubernetes_executor.py
[2025-02-27T02:51:27.971+0000] {logging_mixin.py:190} INFO - [2025-02-27T02:51:27.970+0000] {override.py:1912} INFO - Created Permission View: can delete on DAG:example_kubernetes_executor
[2025-02-27T02:51:27.994+0000] {logging_mixin.py:190} INFO - [2025-02-27T02:51:27.994+0000] {override.py:1912} INFO - Created Permission View: can read on DAG:example_kubernetes_executor
[2025-02-27T02:51:28.013+0000] {logging_mixin.py:190} INFO - [2025-02-27T02:51:28.012+0000] {override.py:1912} INFO - Created Permission View: can edit on DAG:example_kubernetes_executor
[2025-02-27T02:51:28.034+0000] {logging_mixin.py:190} INFO - [2025-02-27T02:51:28.033+0000] {override.py:1912} INFO - Created Permission View: menu access on DAG Run:example_kubernetes_executor
[2025-02-27T02:51:28.051+0000] {logging_mixin.py:190} INFO - [2025-02-27T02:51:28.050+0000] {override.py:1912} INFO - Created Permission View: can delete on DAG Run:example_kubernetes_executor
[2025-02-27T02:51:28.068+0000] {logging_mixin.py:190} INFO - [2025-02-27T02:51:28.067+0000] {override.py:1912} INFO - Created Permission View: can read on DAG Run:example_kubernetes_executor
[2025-02-27T02:51:28.086+0000] {logging_mixin.py:190} INFO - [2025-02-27T02:51:28.085+0000] {override.py:1912} INFO - Created Permission View: can create on DAG Run:example_kubernetes_executor
[2025-02-27T02:51:28.089+0000] {logging_mixin.py:190} INFO - [2025-02-27T02:51:28.088+0000] {dag.py:3239} INFO - Sync 1 DAGs
[2025-02-27T02:51:28.142+0000] {logging_mixin.py:190} INFO - [2025-02-27T02:51:28.142+0000] {dag.py:3262} INFO - Creating ORM DAG for example_kubernetes_executor
[2025-02-27T02:51:28.145+0000] {logging_mixin.py:190} INFO - [2025-02-27T02:51:28.144+0000] {dag.py:4180} INFO - Setting next_dagrun for example_kubernetes_executor to None, run_after=None
[2025-02-27T02:51:28.190+0000] {processor.py:208} INFO - Processing /home/airflow/.local/lib/python3.12/site-packages/airflow/example_dags/example_kubernetes_executor.py took 0.500 seconds
[2025-02-27T02:54:09.081+0000] {processor.py:186} INFO - Started process (PID=88) to work on /home/airflow/.local/lib/python3.12/site-packages/airflow/example_dags/example_kubernetes_executor.py
[2025-02-27T02:54:09.085+0000] {processor.py:914} INFO - Processing file /home/airflow/.local/lib/python3.12/site-packages/airflow/example_dags/example_kubernetes_executor.py for tasks to queue
[2025-02-27T02:54:09.090+0000] {logging_mixin.py:190} INFO - [2025-02-27T02:54:09.089+0000] {dagbag.py:588} INFO - Filling up the DagBag from /home/airflow/.local/lib/python3.12/site-packages/airflow/example_dags/example_kubernetes_executor.py
[2025-02-27T02:54:09.125+0000] {processor.py:925} INFO - DAG(s) 'example_kubernetes_executor' retrieved from /home/airflow/.local/lib/python3.12/site-packages/airflow/example_dags/example_kubernetes_executor.py
[2025-02-27T02:54:09.546+0000] {logging_mixin.py:190} INFO - [2025-02-27T02:54:09.545+0000] {override.py:1912} INFO - Created Permission View: can read on DAG:example_kubernetes_executor
[2025-02-27T02:54:09.575+0000] {logging_mixin.py:190} INFO - [2025-02-27T02:54:09.574+0000] {override.py:1912} INFO - Created Permission View: can delete on DAG:example_kubernetes_executor
[2025-02-27T02:54:09.594+0000] {logging_mixin.py:190} INFO - [2025-02-27T02:54:09.593+0000] {override.py:1912} INFO - Created Permission View: can edit on DAG:example_kubernetes_executor
[2025-02-27T02:54:09.618+0000] {logging_mixin.py:190} INFO - [2025-02-27T02:54:09.618+0000] {override.py:1912} INFO - Created Permission View: can read on DAG Run:example_kubernetes_executor
[2025-02-27T02:54:09.638+0000] {logging_mixin.py:190} INFO - [2025-02-27T02:54:09.637+0000] {override.py:1912} INFO - Created Permission View: menu access on DAG Run:example_kubernetes_executor
[2025-02-27T02:54:09.673+0000] {logging_mixin.py:190} INFO - [2025-02-27T02:54:09.672+0000] {override.py:1912} INFO - Created Permission View: can delete on DAG Run:example_kubernetes_executor
[2025-02-27T02:54:09.706+0000] {logging_mixin.py:190} INFO - [2025-02-27T02:54:09.706+0000] {override.py:1912} INFO - Created Permission View: can create on DAG Run:example_kubernetes_executor
[2025-02-27T02:54:09.708+0000] {logging_mixin.py:190} INFO - [2025-02-27T02:54:09.707+0000] {dag.py:3239} INFO - Sync 1 DAGs
[2025-02-27T02:54:09.802+0000] {logging_mixin.py:190} INFO - [2025-02-27T02:54:09.801+0000] {dag.py:3262} INFO - Creating ORM DAG for example_kubernetes_executor
[2025-02-27T02:54:09.805+0000] {logging_mixin.py:190} INFO - [2025-02-27T02:54:09.804+0000] {dag.py:4180} INFO - Setting next_dagrun for example_kubernetes_executor to None, run_after=None
[2025-02-27T02:54:09.881+0000] {processor.py:208} INFO - Processing /home/airflow/.local/lib/python3.12/site-packages/airflow/example_dags/example_kubernetes_executor.py took 0.811 seconds
[2025-02-27T02:54:40.952+0000] {processor.py:186} INFO - Started process (PID=151) to work on /home/airflow/.local/lib/python3.12/site-packages/airflow/example_dags/example_kubernetes_executor.py
[2025-02-27T02:54:40.954+0000] {processor.py:914} INFO - Processing file /home/airflow/.local/lib/python3.12/site-packages/airflow/example_dags/example_kubernetes_executor.py for tasks to queue
[2025-02-27T02:54:40.961+0000] {logging_mixin.py:190} INFO - [2025-02-27T02:54:40.960+0000] {dagbag.py:588} INFO - Filling up the DagBag from /home/airflow/.local/lib/python3.12/site-packages/airflow/example_dags/example_kubernetes_executor.py
[2025-02-27T02:54:41.010+0000] {processor.py:925} INFO - DAG(s) 'example_kubernetes_executor' retrieved from /home/airflow/.local/lib/python3.12/site-packages/airflow/example_dags/example_kubernetes_executor.py
[2025-02-27T02:54:41.282+0000] {logging_mixin.py:190} INFO - [2025-02-27T02:54:41.281+0000] {dag.py:3239} INFO - Sync 1 DAGs
[2025-02-27T02:54:41.364+0000] {logging_mixin.py:190} INFO - [2025-02-27T02:54:41.364+0000] {dag.py:4180} INFO - Setting next_dagrun for example_kubernetes_executor to None, run_after=None
[2025-02-27T02:54:41.460+0000] {processor.py:208} INFO - Processing /home/airflow/.local/lib/python3.12/site-packages/airflow/example_dags/example_kubernetes_executor.py took 0.524 seconds
[2025-02-27T02:55:11.757+0000] {processor.py:186} INFO - Started process (PID=214) to work on /home/airflow/.local/lib/python3.12/site-packages/airflow/example_dags/example_kubernetes_executor.py
[2025-02-27T02:55:11.759+0000] {processor.py:914} INFO - Processing file /home/airflow/.local/lib/python3.12/site-packages/airflow/example_dags/example_kubernetes_executor.py for tasks to queue
[2025-02-27T02:55:11.767+0000] {logging_mixin.py:190} INFO - [2025-02-27T02:55:11.766+0000] {dagbag.py:588} INFO - Filling up the DagBag from /home/airflow/.local/lib/python3.12/site-packages/airflow/example_dags/example_kubernetes_executor.py
[2025-02-27T02:55:11.806+0000] {processor.py:925} INFO - DAG(s) 'example_kubernetes_executor' retrieved from /home/airflow/.local/lib/python3.12/site-packages/airflow/example_dags/example_kubernetes_executor.py
[2025-02-27T02:55:11.985+0000] {logging_mixin.py:190} INFO - [2025-02-27T02:55:11.985+0000] {dag.py:3239} INFO - Sync 1 DAGs
[2025-02-27T02:55:12.031+0000] {logging_mixin.py:190} INFO - [2025-02-27T02:55:12.030+0000] {dag.py:4180} INFO - Setting next_dagrun for example_kubernetes_executor to None, run_after=None
[2025-02-27T02:55:12.090+0000] {processor.py:208} INFO - Processing /home/airflow/.local/lib/python3.12/site-packages/airflow/example_dags/example_kubernetes_executor.py took 0.345 seconds
[2025-02-27T02:55:43.701+0000] {processor.py:186} INFO - Started process (PID=276) to work on /home/airflow/.local/lib/python3.12/site-packages/airflow/example_dags/example_kubernetes_executor.py
[2025-02-27T02:55:43.703+0000] {processor.py:914} INFO - Processing file /home/airflow/.local/lib/python3.12/site-packages/airflow/example_dags/example_kubernetes_executor.py for tasks to queue
[2025-02-27T02:55:43.707+0000] {logging_mixin.py:190} INFO - [2025-02-27T02:55:43.707+0000] {dagbag.py:588} INFO - Filling up the DagBag from /home/airflow/.local/lib/python3.12/site-packages/airflow/example_dags/example_kubernetes_executor.py
[2025-02-27T02:55:43.733+0000] {processor.py:925} INFO - DAG(s) 'example_kubernetes_executor' retrieved from /home/airflow/.local/lib/python3.12/site-packages/airflow/example_dags/example_kubernetes_executor.py
[2025-02-27T02:55:43.951+0000] {logging_mixin.py:190} INFO - [2025-02-27T02:55:43.950+0000] {dag.py:3239} INFO - Sync 1 DAGs
[2025-02-27T02:55:44.004+0000] {logging_mixin.py:190} INFO - [2025-02-27T02:55:44.004+0000] {dag.py:4180} INFO - Setting next_dagrun for example_kubernetes_executor to None, run_after=None
[2025-02-27T02:55:44.084+0000] {processor.py:208} INFO - Processing /home/airflow/.local/lib/python3.12/site-packages/airflow/example_dags/example_kubernetes_executor.py took 0.392 seconds
[2025-02-27T02:56:16.289+0000] {processor.py:186} INFO - Started process (PID=339) to work on /home/airflow/.local/lib/python3.12/site-packages/airflow/example_dags/example_kubernetes_executor.py
[2025-02-27T02:56:16.291+0000] {processor.py:914} INFO - Processing file /home/airflow/.local/lib/python3.12/site-packages/airflow/example_dags/example_kubernetes_executor.py for tasks to queue
[2025-02-27T02:56:16.298+0000] {logging_mixin.py:190} INFO - [2025-02-27T02:56:16.297+0000] {dagbag.py:588} INFO - Filling up the DagBag from /home/airflow/.local/lib/python3.12/site-packages/airflow/example_dags/example_kubernetes_executor.py
[2025-02-27T02:56:16.362+0000] {processor.py:925} INFO - DAG(s) 'example_kubernetes_executor' retrieved from /home/airflow/.local/lib/python3.12/site-packages/airflow/example_dags/example_kubernetes_executor.py
[2025-02-27T02:56:16.746+0000] {logging_mixin.py:190} INFO - [2025-02-27T02:56:16.746+0000] {dag.py:3239} INFO - Sync 1 DAGs
[2025-02-27T02:56:16.825+0000] {logging_mixin.py:190} INFO - [2025-02-27T02:56:16.822+0000] {dag.py:4180} INFO - Setting next_dagrun for example_kubernetes_executor to None, run_after=None
[2025-02-27T02:56:16.938+0000] {processor.py:208} INFO - Processing /home/airflow/.local/lib/python3.12/site-packages/airflow/example_dags/example_kubernetes_executor.py took 0.660 seconds
[2025-02-27T02:56:47.415+0000] {processor.py:186} INFO - Started process (PID=408) to work on /home/airflow/.local/lib/python3.12/site-packages/airflow/example_dags/example_kubernetes_executor.py
[2025-02-27T02:56:47.418+0000] {processor.py:914} INFO - Processing file /home/airflow/.local/lib/python3.12/site-packages/airflow/example_dags/example_kubernetes_executor.py for tasks to queue
[2025-02-27T02:56:47.423+0000] {logging_mixin.py:190} INFO - [2025-02-27T02:56:47.422+0000] {dagbag.py:588} INFO - Filling up the DagBag from /home/airflow/.local/lib/python3.12/site-packages/airflow/example_dags/example_kubernetes_executor.py
[2025-02-27T02:56:47.459+0000] {processor.py:925} INFO - DAG(s) 'example_kubernetes_executor' retrieved from /home/airflow/.local/lib/python3.12/site-packages/airflow/example_dags/example_kubernetes_executor.py
[2025-02-27T02:56:47.697+0000] {logging_mixin.py:190} INFO - [2025-02-27T02:56:47.696+0000] {dag.py:3239} INFO - Sync 1 DAGs
[2025-02-27T02:56:47.789+0000] {logging_mixin.py:190} INFO - [2025-02-27T02:56:47.789+0000] {dag.py:4180} INFO - Setting next_dagrun for example_kubernetes_executor to None, run_after=None
[2025-02-27T02:56:47.869+0000] {processor.py:208} INFO - Processing /home/airflow/.local/lib/python3.12/site-packages/airflow/example_dags/example_kubernetes_executor.py took 0.463 seconds
[2025-02-27T02:57:19.198+0000] {processor.py:186} INFO - Started process (PID=471) to work on /home/airflow/.local/lib/python3.12/site-packages/airflow/example_dags/example_kubernetes_executor.py
[2025-02-27T02:57:19.200+0000] {processor.py:914} INFO - Processing file /home/airflow/.local/lib/python3.12/site-packages/airflow/example_dags/example_kubernetes_executor.py for tasks to queue
[2025-02-27T02:57:19.204+0000] {logging_mixin.py:190} INFO - [2025-02-27T02:57:19.203+0000] {dagbag.py:588} INFO - Filling up the DagBag from /home/airflow/.local/lib/python3.12/site-packages/airflow/example_dags/example_kubernetes_executor.py
[2025-02-27T02:57:19.230+0000] {processor.py:925} INFO - DAG(s) 'example_kubernetes_executor' retrieved from /home/airflow/.local/lib/python3.12/site-packages/airflow/example_dags/example_kubernetes_executor.py
[2025-02-27T02:57:19.424+0000] {logging_mixin.py:190} INFO - [2025-02-27T02:57:19.424+0000] {dag.py:3239} INFO - Sync 1 DAGs
[2025-02-27T02:57:19.470+0000] {logging_mixin.py:190} INFO - [2025-02-27T02:57:19.469+0000] {dag.py:4180} INFO - Setting next_dagrun for example_kubernetes_executor to None, run_after=None
[2025-02-27T02:57:19.540+0000] {processor.py:208} INFO - Processing /home/airflow/.local/lib/python3.12/site-packages/airflow/example_dags/example_kubernetes_executor.py took 0.352 seconds
[2025-02-27T02:57:50.588+0000] {processor.py:186} INFO - Started process (PID=534) to work on /home/airflow/.local/lib/python3.12/site-packages/airflow/example_dags/example_kubernetes_executor.py
[2025-02-27T02:57:50.590+0000] {processor.py:914} INFO - Processing file /home/airflow/.local/lib/python3.12/site-packages/airflow/example_dags/example_kubernetes_executor.py for tasks to queue
[2025-02-27T02:57:50.595+0000] {logging_mixin.py:190} INFO - [2025-02-27T02:57:50.594+0000] {dagbag.py:588} INFO - Filling up the DagBag from /home/airflow/.local/lib/python3.12/site-packages/airflow/example_dags/example_kubernetes_executor.py
[2025-02-27T02:57:50.628+0000] {processor.py:925} INFO - DAG(s) 'example_kubernetes_executor' retrieved from /home/airflow/.local/lib/python3.12/site-packages/airflow/example_dags/example_kubernetes_executor.py
[2025-02-27T02:57:50.842+0000] {logging_mixin.py:190} INFO - [2025-02-27T02:57:50.841+0000] {dag.py:3239} INFO - Sync 1 DAGs
[2025-02-27T02:57:50.904+0000] {logging_mixin.py:190} INFO - [2025-02-27T02:57:50.904+0000] {dag.py:4180} INFO - Setting next_dagrun for example_kubernetes_executor to None, run_after=None
[2025-02-27T02:57:50.968+0000] {processor.py:208} INFO - Processing /home/airflow/.local/lib/python3.12/site-packages/airflow/example_dags/example_kubernetes_executor.py took 0.392 seconds
[2025-02-27T02:58:23.534+0000] {processor.py:186} INFO - Started process (PID=596) to work on /home/airflow/.local/lib/python3.12/site-packages/airflow/example_dags/example_kubernetes_executor.py
[2025-02-27T02:58:23.536+0000] {processor.py:914} INFO - Processing file /home/airflow/.local/lib/python3.12/site-packages/airflow/example_dags/example_kubernetes_executor.py for tasks to queue
[2025-02-27T02:58:23.540+0000] {logging_mixin.py:190} INFO - [2025-02-27T02:58:23.540+0000] {dagbag.py:588} INFO - Filling up the DagBag from /home/airflow/.local/lib/python3.12/site-packages/airflow/example_dags/example_kubernetes_executor.py
[2025-02-27T02:58:23.567+0000] {processor.py:925} INFO - DAG(s) 'example_kubernetes_executor' retrieved from /home/airflow/.local/lib/python3.12/site-packages/airflow/example_dags/example_kubernetes_executor.py
[2025-02-27T02:58:23.746+0000] {logging_mixin.py:190} INFO - [2025-02-27T02:58:23.745+0000] {dag.py:3239} INFO - Sync 1 DAGs
[2025-02-27T02:58:23.805+0000] {logging_mixin.py:190} INFO - [2025-02-27T02:58:23.805+0000] {dag.py:4180} INFO - Setting next_dagrun for example_kubernetes_executor to None, run_after=None
[2025-02-27T02:58:23.858+0000] {processor.py:208} INFO - Processing /home/airflow/.local/lib/python3.12/site-packages/airflow/example_dags/example_kubernetes_executor.py took 0.333 seconds
[2025-02-27T02:58:54.811+0000] {processor.py:186} INFO - Started process (PID=659) to work on /home/airflow/.local/lib/python3.12/site-packages/airflow/example_dags/example_kubernetes_executor.py
[2025-02-27T02:58:54.813+0000] {processor.py:914} INFO - Processing file /home/airflow/.local/lib/python3.12/site-packages/airflow/example_dags/example_kubernetes_executor.py for tasks to queue
[2025-02-27T02:58:54.817+0000] {logging_mixin.py:190} INFO - [2025-02-27T02:58:54.816+0000] {dagbag.py:588} INFO - Filling up the DagBag from /home/airflow/.local/lib/python3.12/site-packages/airflow/example_dags/example_kubernetes_executor.py
[2025-02-27T02:58:54.844+0000] {processor.py:925} INFO - DAG(s) 'example_kubernetes_executor' retrieved from /home/airflow/.local/lib/python3.12/site-packages/airflow/example_dags/example_kubernetes_executor.py
[2025-02-27T02:58:54.993+0000] {logging_mixin.py:190} INFO - [2025-02-27T02:58:54.992+0000] {dag.py:3239} INFO - Sync 1 DAGs
[2025-02-27T02:58:55.030+0000] {logging_mixin.py:190} INFO - [2025-02-27T02:58:55.030+0000] {dag.py:4180} INFO - Setting next_dagrun for example_kubernetes_executor to None, run_after=None
[2025-02-27T02:58:55.092+0000] {processor.py:208} INFO - Processing /home/airflow/.local/lib/python3.12/site-packages/airflow/example_dags/example_kubernetes_executor.py took 0.291 seconds
[2025-02-27T02:59:28.252+0000] {processor.py:186} INFO - Started process (PID=722) to work on /home/airflow/.local/lib/python3.12/site-packages/airflow/example_dags/example_kubernetes_executor.py
[2025-02-27T02:59:28.258+0000] {processor.py:914} INFO - Processing file /home/airflow/.local/lib/python3.12/site-packages/airflow/example_dags/example_kubernetes_executor.py for tasks to queue
[2025-02-27T02:59:28.263+0000] {logging_mixin.py:190} INFO - [2025-02-27T02:59:28.262+0000] {dagbag.py:588} INFO - Filling up the DagBag from /home/airflow/.local/lib/python3.12/site-packages/airflow/example_dags/example_kubernetes_executor.py
[2025-02-27T02:59:28.301+0000] {processor.py:925} INFO - DAG(s) 'example_kubernetes_executor' retrieved from /home/airflow/.local/lib/python3.12/site-packages/airflow/example_dags/example_kubernetes_executor.py
[2025-02-27T02:59:28.542+0000] {logging_mixin.py:190} INFO - [2025-02-27T02:59:28.541+0000] {dag.py:3239} INFO - Sync 1 DAGs
[2025-02-27T02:59:28.590+0000] {logging_mixin.py:190} INFO - [2025-02-27T02:59:28.589+0000] {dag.py:4180} INFO - Setting next_dagrun for example_kubernetes_executor to None, run_after=None
[2025-02-27T02:59:28.654+0000] {processor.py:208} INFO - Processing /home/airflow/.local/lib/python3.12/site-packages/airflow/example_dags/example_kubernetes_executor.py took 0.423 seconds
[2025-02-27T02:59:59.375+0000] {processor.py:186} INFO - Started process (PID=785) to work on /home/airflow/.local/lib/python3.12/site-packages/airflow/example_dags/example_kubernetes_executor.py
[2025-02-27T02:59:59.377+0000] {processor.py:914} INFO - Processing file /home/airflow/.local/lib/python3.12/site-packages/airflow/example_dags/example_kubernetes_executor.py for tasks to queue
[2025-02-27T02:59:59.382+0000] {logging_mixin.py:190} INFO - [2025-02-27T02:59:59.381+0000] {dagbag.py:588} INFO - Filling up the DagBag from /home/airflow/.local/lib/python3.12/site-packages/airflow/example_dags/example_kubernetes_executor.py
[2025-02-27T02:59:59.424+0000] {processor.py:925} INFO - DAG(s) 'example_kubernetes_executor' retrieved from /home/airflow/.local/lib/python3.12/site-packages/airflow/example_dags/example_kubernetes_executor.py
[2025-02-27T02:59:59.638+0000] {logging_mixin.py:190} INFO - [2025-02-27T02:59:59.636+0000] {dag.py:3239} INFO - Sync 1 DAGs
[2025-02-27T02:59:59.687+0000] {logging_mixin.py:190} INFO - [2025-02-27T02:59:59.686+0000] {dag.py:4180} INFO - Setting next_dagrun for example_kubernetes_executor to None, run_after=None
[2025-02-27T02:59:59.742+0000] {processor.py:208} INFO - Processing /home/airflow/.local/lib/python3.12/site-packages/airflow/example_dags/example_kubernetes_executor.py took 0.377 seconds
[2025-02-27T03:00:31.455+0000] {processor.py:186} INFO - Started process (PID=848) to work on /home/airflow/.local/lib/python3.12/site-packages/airflow/example_dags/example_kubernetes_executor.py
[2025-02-27T03:00:31.457+0000] {processor.py:914} INFO - Processing file /home/airflow/.local/lib/python3.12/site-packages/airflow/example_dags/example_kubernetes_executor.py for tasks to queue
[2025-02-27T03:00:31.463+0000] {logging_mixin.py:190} INFO - [2025-02-27T03:00:31.461+0000] {dagbag.py:588} INFO - Filling up the DagBag from /home/airflow/.local/lib/python3.12/site-packages/airflow/example_dags/example_kubernetes_executor.py
[2025-02-27T03:00:31.508+0000] {processor.py:925} INFO - DAG(s) 'example_kubernetes_executor' retrieved from /home/airflow/.local/lib/python3.12/site-packages/airflow/example_dags/example_kubernetes_executor.py
[2025-02-27T03:00:31.794+0000] {logging_mixin.py:190} INFO - [2025-02-27T03:00:31.793+0000] {dag.py:3239} INFO - Sync 1 DAGs
[2025-02-27T03:00:31.876+0000] {logging_mixin.py:190} INFO - [2025-02-27T03:00:31.875+0000] {dag.py:4180} INFO - Setting next_dagrun for example_kubernetes_executor to None, run_after=None
[2025-02-27T03:00:32.016+0000] {processor.py:208} INFO - Processing /home/airflow/.local/lib/python3.12/site-packages/airflow/example_dags/example_kubernetes_executor.py took 0.573 seconds
[2025-02-27T03:01:02.998+0000] {processor.py:186} INFO - Started process (PID=911) to work on /home/airflow/.local/lib/python3.12/site-packages/airflow/example_dags/example_kubernetes_executor.py
[2025-02-27T03:01:03.000+0000] {processor.py:914} INFO - Processing file /home/airflow/.local/lib/python3.12/site-packages/airflow/example_dags/example_kubernetes_executor.py for tasks to queue
[2025-02-27T03:01:03.006+0000] {logging_mixin.py:190} INFO - [2025-02-27T03:01:03.005+0000] {dagbag.py:588} INFO - Filling up the DagBag from /home/airflow/.local/lib/python3.12/site-packages/airflow/example_dags/example_kubernetes_executor.py
[2025-02-27T03:01:03.031+0000] {processor.py:925} INFO - DAG(s) 'example_kubernetes_executor' retrieved from /home/airflow/.local/lib/python3.12/site-packages/airflow/example_dags/example_kubernetes_executor.py
[2025-02-27T03:01:03.242+0000] {logging_mixin.py:190} INFO - [2025-02-27T03:01:03.242+0000] {dag.py:3239} INFO - Sync 1 DAGs
[2025-02-27T03:01:03.289+0000] {logging_mixin.py:190} INFO - [2025-02-27T03:01:03.288+0000] {dag.py:4180} INFO - Setting next_dagrun for example_kubernetes_executor to None, run_after=None
[2025-02-27T03:01:03.366+0000] {processor.py:208} INFO - Processing /home/airflow/.local/lib/python3.12/site-packages/airflow/example_dags/example_kubernetes_executor.py took 0.376 seconds
[2025-02-27T03:01:34.960+0000] {processor.py:186} INFO - Started process (PID=974) to work on /home/airflow/.local/lib/python3.12/site-packages/airflow/example_dags/example_kubernetes_executor.py
[2025-02-27T03:01:34.961+0000] {processor.py:914} INFO - Processing file /home/airflow/.local/lib/python3.12/site-packages/airflow/example_dags/example_kubernetes_executor.py for tasks to queue
[2025-02-27T03:01:34.966+0000] {logging_mixin.py:190} INFO - [2025-02-27T03:01:34.965+0000] {dagbag.py:588} INFO - Filling up the DagBag from /home/airflow/.local/lib/python3.12/site-packages/airflow/example_dags/example_kubernetes_executor.py
[2025-02-27T03:01:35.000+0000] {processor.py:925} INFO - DAG(s) 'example_kubernetes_executor' retrieved from /home/airflow/.local/lib/python3.12/site-packages/airflow/example_dags/example_kubernetes_executor.py
[2025-02-27T03:01:35.148+0000] {logging_mixin.py:190} INFO - [2025-02-27T03:01:35.148+0000] {dag.py:3239} INFO - Sync 1 DAGs
[2025-02-27T03:01:35.186+0000] {logging_mixin.py:190} INFO - [2025-02-27T03:01:35.186+0000] {dag.py:4180} INFO - Setting next_dagrun for example_kubernetes_executor to None, run_after=None
[2025-02-27T03:01:35.239+0000] {processor.py:208} INFO - Processing /home/airflow/.local/lib/python3.12/site-packages/airflow/example_dags/example_kubernetes_executor.py took 0.290 seconds
[2025-02-27T03:02:07.582+0000] {processor.py:186} INFO - Started process (PID=1037) to work on /home/airflow/.local/lib/python3.12/site-packages/airflow/example_dags/example_kubernetes_executor.py
[2025-02-27T03:02:07.584+0000] {processor.py:914} INFO - Processing file /home/airflow/.local/lib/python3.12/site-packages/airflow/example_dags/example_kubernetes_executor.py for tasks to queue
[2025-02-27T03:02:07.590+0000] {logging_mixin.py:190} INFO - [2025-02-27T03:02:07.589+0000] {dagbag.py:588} INFO - Filling up the DagBag from /home/airflow/.local/lib/python3.12/site-packages/airflow/example_dags/example_kubernetes_executor.py
[2025-02-27T03:02:07.626+0000] {processor.py:925} INFO - DAG(s) 'example_kubernetes_executor' retrieved from /home/airflow/.local/lib/python3.12/site-packages/airflow/example_dags/example_kubernetes_executor.py
[2025-02-27T03:02:07.793+0000] {logging_mixin.py:190} INFO - [2025-02-27T03:02:07.793+0000] {dag.py:3239} INFO - Sync 1 DAGs
[2025-02-27T03:02:07.833+0000] {logging_mixin.py:190} INFO - [2025-02-27T03:02:07.832+0000] {dag.py:4180} INFO - Setting next_dagrun for example_kubernetes_executor to None, run_after=None
[2025-02-27T03:02:07.918+0000] {processor.py:208} INFO - Processing /home/airflow/.local/lib/python3.12/site-packages/airflow/example_dags/example_kubernetes_executor.py took 0.349 seconds
[2025-02-27T03:02:39.917+0000] {processor.py:186} INFO - Started process (PID=1100) to work on /home/airflow/.local/lib/python3.12/site-packages/airflow/example_dags/example_kubernetes_executor.py
[2025-02-27T03:02:39.921+0000] {processor.py:914} INFO - Processing file /home/airflow/.local/lib/python3.12/site-packages/airflow/example_dags/example_kubernetes_executor.py for tasks to queue
[2025-02-27T03:02:39.925+0000] {logging_mixin.py:190} INFO - [2025-02-27T03:02:39.925+0000] {dagbag.py:588} INFO - Filling up the DagBag from /home/airflow/.local/lib/python3.12/site-packages/airflow/example_dags/example_kubernetes_executor.py
[2025-02-27T03:02:39.968+0000] {processor.py:925} INFO - DAG(s) 'example_kubernetes_executor' retrieved from /home/airflow/.local/lib/python3.12/site-packages/airflow/example_dags/example_kubernetes_executor.py
[2025-02-27T03:02:40.175+0000] {logging_mixin.py:190} INFO - [2025-02-27T03:02:40.175+0000] {dag.py:3239} INFO - Sync 1 DAGs
[2025-02-27T03:02:40.224+0000] {logging_mixin.py:190} INFO - [2025-02-27T03:02:40.223+0000] {dag.py:4180} INFO - Setting next_dagrun for example_kubernetes_executor to None, run_after=None
[2025-02-27T03:02:40.297+0000] {processor.py:208} INFO - Processing /home/airflow/.local/lib/python3.12/site-packages/airflow/example_dags/example_kubernetes_executor.py took 0.391 seconds
[2025-02-27T03:03:12.586+0000] {processor.py:186} INFO - Started process (PID=1163) to work on /home/airflow/.local/lib/python3.12/site-packages/airflow/example_dags/example_kubernetes_executor.py
[2025-02-27T03:03:12.588+0000] {processor.py:914} INFO - Processing file /home/airflow/.local/lib/python3.12/site-packages/airflow/example_dags/example_kubernetes_executor.py for tasks to queue
[2025-02-27T03:03:12.592+0000] {logging_mixin.py:190} INFO - [2025-02-27T03:03:12.591+0000] {dagbag.py:588} INFO - Filling up the DagBag from /home/airflow/.local/lib/python3.12/site-packages/airflow/example_dags/example_kubernetes_executor.py
[2025-02-27T03:03:12.619+0000] {processor.py:925} INFO - DAG(s) 'example_kubernetes_executor' retrieved from /home/airflow/.local/lib/python3.12/site-packages/airflow/example_dags/example_kubernetes_executor.py
[2025-02-27T03:03:12.797+0000] {logging_mixin.py:190} INFO - [2025-02-27T03:03:12.797+0000] {dag.py:3239} INFO - Sync 1 DAGs
[2025-02-27T03:03:12.850+0000] {logging_mixin.py:190} INFO - [2025-02-27T03:03:12.849+0000] {dag.py:4180} INFO - Setting next_dagrun for example_kubernetes_executor to None, run_after=None
[2025-02-27T03:03:12.913+0000] {processor.py:208} INFO - Processing /home/airflow/.local/lib/python3.12/site-packages/airflow/example_dags/example_kubernetes_executor.py took 0.335 seconds
[2025-02-27T03:03:45.331+0000] {processor.py:186} INFO - Started process (PID=1227) to work on /home/airflow/.local/lib/python3.12/site-packages/airflow/example_dags/example_kubernetes_executor.py
[2025-02-27T03:03:45.335+0000] {processor.py:914} INFO - Processing file /home/airflow/.local/lib/python3.12/site-packages/airflow/example_dags/example_kubernetes_executor.py for tasks to queue
[2025-02-27T03:03:45.340+0000] {logging_mixin.py:190} INFO - [2025-02-27T03:03:45.339+0000] {dagbag.py:588} INFO - Filling up the DagBag from /home/airflow/.local/lib/python3.12/site-packages/airflow/example_dags/example_kubernetes_executor.py
[2025-02-27T03:03:45.377+0000] {processor.py:925} INFO - DAG(s) 'example_kubernetes_executor' retrieved from /home/airflow/.local/lib/python3.12/site-packages/airflow/example_dags/example_kubernetes_executor.py
[2025-02-27T03:03:45.562+0000] {logging_mixin.py:190} INFO - [2025-02-27T03:03:45.561+0000] {dag.py:3239} INFO - Sync 1 DAGs
[2025-02-27T03:03:45.614+0000] {logging_mixin.py:190} INFO - [2025-02-27T03:03:45.614+0000] {dag.py:4180} INFO - Setting next_dagrun for example_kubernetes_executor to None, run_after=None
[2025-02-27T03:03:45.672+0000] {processor.py:208} INFO - Processing /home/airflow/.local/lib/python3.12/site-packages/airflow/example_dags/example_kubernetes_executor.py took 0.352 seconds
[2025-02-27T03:04:16.634+0000] {processor.py:186} INFO - Started process (PID=1290) to work on /home/airflow/.local/lib/python3.12/site-packages/airflow/example_dags/example_kubernetes_executor.py
[2025-02-27T03:04:16.644+0000] {processor.py:914} INFO - Processing file /home/airflow/.local/lib/python3.12/site-packages/airflow/example_dags/example_kubernetes_executor.py for tasks to queue
[2025-02-27T03:04:16.649+0000] {logging_mixin.py:190} INFO - [2025-02-27T03:04:16.648+0000] {dagbag.py:588} INFO - Filling up the DagBag from /home/airflow/.local/lib/python3.12/site-packages/airflow/example_dags/example_kubernetes_executor.py
[2025-02-27T03:04:16.685+0000] {processor.py:925} INFO - DAG(s) 'example_kubernetes_executor' retrieved from /home/airflow/.local/lib/python3.12/site-packages/airflow/example_dags/example_kubernetes_executor.py
[2025-02-27T03:04:16.921+0000] {logging_mixin.py:190} INFO - [2025-02-27T03:04:16.921+0000] {dag.py:3239} INFO - Sync 1 DAGs
[2025-02-27T03:04:16.996+0000] {logging_mixin.py:190} INFO - [2025-02-27T03:04:16.996+0000] {dag.py:4180} INFO - Setting next_dagrun for example_kubernetes_executor to None, run_after=None
[2025-02-27T03:04:17.055+0000] {processor.py:208} INFO - Processing /home/airflow/.local/lib/python3.12/site-packages/airflow/example_dags/example_kubernetes_executor.py took 0.433 seconds
[2025-02-27T03:04:48.744+0000] {processor.py:186} INFO - Started process (PID=1359) to work on /home/airflow/.local/lib/python3.12/site-packages/airflow/example_dags/example_kubernetes_executor.py
[2025-02-27T03:04:48.746+0000] {processor.py:914} INFO - Processing file /home/airflow/.local/lib/python3.12/site-packages/airflow/example_dags/example_kubernetes_executor.py for tasks to queue
[2025-02-27T03:04:48.751+0000] {logging_mixin.py:190} INFO - [2025-02-27T03:04:48.750+0000] {dagbag.py:588} INFO - Filling up the DagBag from /home/airflow/.local/lib/python3.12/site-packages/airflow/example_dags/example_kubernetes_executor.py
[2025-02-27T03:04:48.779+0000] {processor.py:925} INFO - DAG(s) 'example_kubernetes_executor' retrieved from /home/airflow/.local/lib/python3.12/site-packages/airflow/example_dags/example_kubernetes_executor.py
[2025-02-27T03:04:48.987+0000] {logging_mixin.py:190} INFO - [2025-02-27T03:04:48.986+0000] {dag.py:3239} INFO - Sync 1 DAGs
[2025-02-27T03:04:49.040+0000] {logging_mixin.py:190} INFO - [2025-02-27T03:04:49.040+0000] {dag.py:4180} INFO - Setting next_dagrun for example_kubernetes_executor to None, run_after=None
[2025-02-27T03:04:49.102+0000] {processor.py:208} INFO - Processing /home/airflow/.local/lib/python3.12/site-packages/airflow/example_dags/example_kubernetes_executor.py took 0.367 seconds
[2025-02-27T03:05:20.944+0000] {processor.py:186} INFO - Started process (PID=1423) to work on /home/airflow/.local/lib/python3.12/site-packages/airflow/example_dags/example_kubernetes_executor.py
[2025-02-27T03:05:20.947+0000] {processor.py:914} INFO - Processing file /home/airflow/.local/lib/python3.12/site-packages/airflow/example_dags/example_kubernetes_executor.py for tasks to queue
[2025-02-27T03:05:20.953+0000] {logging_mixin.py:190} INFO - [2025-02-27T03:05:20.953+0000] {dagbag.py:588} INFO - Filling up the DagBag from /home/airflow/.local/lib/python3.12/site-packages/airflow/example_dags/example_kubernetes_executor.py
[2025-02-27T03:05:20.988+0000] {processor.py:925} INFO - DAG(s) 'example_kubernetes_executor' retrieved from /home/airflow/.local/lib/python3.12/site-packages/airflow/example_dags/example_kubernetes_executor.py
[2025-02-27T03:05:21.176+0000] {logging_mixin.py:190} INFO - [2025-02-27T03:05:21.175+0000] {dag.py:3239} INFO - Sync 1 DAGs
[2025-02-27T03:05:21.231+0000] {logging_mixin.py:190} INFO - [2025-02-27T03:05:21.230+0000] {dag.py:4180} INFO - Setting next_dagrun for example_kubernetes_executor to None, run_after=None
[2025-02-27T03:05:21.317+0000] {processor.py:208} INFO - Processing /home/airflow/.local/lib/python3.12/site-packages/airflow/example_dags/example_kubernetes_executor.py took 0.387 seconds
[2025-02-27T03:05:52.478+0000] {processor.py:186} INFO - Started process (PID=1487) to work on /home/airflow/.local/lib/python3.12/site-packages/airflow/example_dags/example_kubernetes_executor.py
[2025-02-27T03:05:52.480+0000] {processor.py:914} INFO - Processing file /home/airflow/.local/lib/python3.12/site-packages/airflow/example_dags/example_kubernetes_executor.py for tasks to queue
[2025-02-27T03:05:52.484+0000] {logging_mixin.py:190} INFO - [2025-02-27T03:05:52.484+0000] {dagbag.py:588} INFO - Filling up the DagBag from /home/airflow/.local/lib/python3.12/site-packages/airflow/example_dags/example_kubernetes_executor.py
[2025-02-27T03:05:52.522+0000] {processor.py:925} INFO - DAG(s) 'example_kubernetes_executor' retrieved from /home/airflow/.local/lib/python3.12/site-packages/airflow/example_dags/example_kubernetes_executor.py
[2025-02-27T03:05:52.696+0000] {logging_mixin.py:190} INFO - [2025-02-27T03:05:52.696+0000] {dag.py:3239} INFO - Sync 1 DAGs
[2025-02-27T03:05:52.749+0000] {logging_mixin.py:190} INFO - [2025-02-27T03:05:52.749+0000] {dag.py:4180} INFO - Setting next_dagrun for example_kubernetes_executor to None, run_after=None
[2025-02-27T03:05:52.807+0000] {processor.py:208} INFO - Processing /home/airflow/.local/lib/python3.12/site-packages/airflow/example_dags/example_kubernetes_executor.py took 0.340 seconds
[2025-02-27T03:06:23.959+0000] {processor.py:186} INFO - Started process (PID=1550) to work on /home/airflow/.local/lib/python3.12/site-packages/airflow/example_dags/example_kubernetes_executor.py
[2025-02-27T03:06:23.960+0000] {processor.py:914} INFO - Processing file /home/airflow/.local/lib/python3.12/site-packages/airflow/example_dags/example_kubernetes_executor.py for tasks to queue
[2025-02-27T03:06:23.966+0000] {logging_mixin.py:190} INFO - [2025-02-27T03:06:23.965+0000] {dagbag.py:588} INFO - Filling up the DagBag from /home/airflow/.local/lib/python3.12/site-packages/airflow/example_dags/example_kubernetes_executor.py
[2025-02-27T03:06:23.988+0000] {processor.py:925} INFO - DAG(s) 'example_kubernetes_executor' retrieved from /home/airflow/.local/lib/python3.12/site-packages/airflow/example_dags/example_kubernetes_executor.py
[2025-02-27T03:06:24.137+0000] {logging_mixin.py:190} INFO - [2025-02-27T03:06:24.137+0000] {dag.py:3239} INFO - Sync 1 DAGs
[2025-02-27T03:06:24.179+0000] {logging_mixin.py:190} INFO - [2025-02-27T03:06:24.179+0000] {dag.py:4180} INFO - Setting next_dagrun for example_kubernetes_executor to None, run_after=None
[2025-02-27T03:06:24.232+0000] {processor.py:208} INFO - Processing /home/airflow/.local/lib/python3.12/site-packages/airflow/example_dags/example_kubernetes_executor.py took 0.281 seconds
[2025-02-27T03:06:54.517+0000] {processor.py:186} INFO - Started process (PID=1612) to work on /home/airflow/.local/lib/python3.12/site-packages/airflow/example_dags/example_kubernetes_executor.py
[2025-02-27T03:06:54.519+0000] {processor.py:914} INFO - Processing file /home/airflow/.local/lib/python3.12/site-packages/airflow/example_dags/example_kubernetes_executor.py for tasks to queue
[2025-02-27T03:06:54.524+0000] {logging_mixin.py:190} INFO - [2025-02-27T03:06:54.524+0000] {dagbag.py:588} INFO - Filling up the DagBag from /home/airflow/.local/lib/python3.12/site-packages/airflow/example_dags/example_kubernetes_executor.py
[2025-02-27T03:06:54.549+0000] {processor.py:925} INFO - DAG(s) 'example_kubernetes_executor' retrieved from /home/airflow/.local/lib/python3.12/site-packages/airflow/example_dags/example_kubernetes_executor.py
[2025-02-27T03:06:54.724+0000] {logging_mixin.py:190} INFO - [2025-02-27T03:06:54.724+0000] {dag.py:3239} INFO - Sync 1 DAGs
[2025-02-27T03:06:54.770+0000] {logging_mixin.py:190} INFO - [2025-02-27T03:06:54.770+0000] {dag.py:4180} INFO - Setting next_dagrun for example_kubernetes_executor to None, run_after=None
[2025-02-27T03:06:54.825+0000] {processor.py:208} INFO - Processing /home/airflow/.local/lib/python3.12/site-packages/airflow/example_dags/example_kubernetes_executor.py took 0.317 seconds
[2025-02-27T03:07:25.136+0000] {processor.py:186} INFO - Started process (PID=1675) to work on /home/airflow/.local/lib/python3.12/site-packages/airflow/example_dags/example_kubernetes_executor.py
[2025-02-27T03:07:25.138+0000] {processor.py:914} INFO - Processing file /home/airflow/.local/lib/python3.12/site-packages/airflow/example_dags/example_kubernetes_executor.py for tasks to queue
[2025-02-27T03:07:25.142+0000] {logging_mixin.py:190} INFO - [2025-02-27T03:07:25.141+0000] {dagbag.py:588} INFO - Filling up the DagBag from /home/airflow/.local/lib/python3.12/site-packages/airflow/example_dags/example_kubernetes_executor.py
[2025-02-27T03:07:25.172+0000] {processor.py:925} INFO - DAG(s) 'example_kubernetes_executor' retrieved from /home/airflow/.local/lib/python3.12/site-packages/airflow/example_dags/example_kubernetes_executor.py
[2025-02-27T03:07:25.317+0000] {logging_mixin.py:190} INFO - [2025-02-27T03:07:25.317+0000] {dag.py:3239} INFO - Sync 1 DAGs
[2025-02-27T03:07:25.362+0000] {logging_mixin.py:190} INFO - [2025-02-27T03:07:25.361+0000] {dag.py:4180} INFO - Setting next_dagrun for example_kubernetes_executor to None, run_after=None
[2025-02-27T03:07:25.416+0000] {processor.py:208} INFO - Processing /home/airflow/.local/lib/python3.12/site-packages/airflow/example_dags/example_kubernetes_executor.py took 0.290 seconds
[2025-02-27T03:07:55.708+0000] {processor.py:186} INFO - Started process (PID=1737) to work on /home/airflow/.local/lib/python3.12/site-packages/airflow/example_dags/example_kubernetes_executor.py
[2025-02-27T03:07:55.709+0000] {processor.py:914} INFO - Processing file /home/airflow/.local/lib/python3.12/site-packages/airflow/example_dags/example_kubernetes_executor.py for tasks to queue
[2025-02-27T03:07:55.713+0000] {logging_mixin.py:190} INFO - [2025-02-27T03:07:55.713+0000] {dagbag.py:588} INFO - Filling up the DagBag from /home/airflow/.local/lib/python3.12/site-packages/airflow/example_dags/example_kubernetes_executor.py
[2025-02-27T03:07:55.744+0000] {processor.py:925} INFO - DAG(s) 'example_kubernetes_executor' retrieved from /home/airflow/.local/lib/python3.12/site-packages/airflow/example_dags/example_kubernetes_executor.py
[2025-02-27T03:07:55.952+0000] {logging_mixin.py:190} INFO - [2025-02-27T03:07:55.951+0000] {dag.py:3239} INFO - Sync 1 DAGs
[2025-02-27T03:07:56.052+0000] {logging_mixin.py:190} INFO - [2025-02-27T03:07:56.052+0000] {dag.py:4180} INFO - Setting next_dagrun for example_kubernetes_executor to None, run_after=None
[2025-02-27T03:07:56.173+0000] {processor.py:208} INFO - Processing /home/airflow/.local/lib/python3.12/site-packages/airflow/example_dags/example_kubernetes_executor.py took 0.475 seconds
[2025-02-27T03:08:26.744+0000] {processor.py:186} INFO - Started process (PID=1800) to work on /home/airflow/.local/lib/python3.12/site-packages/airflow/example_dags/example_kubernetes_executor.py
[2025-02-27T03:08:26.745+0000] {processor.py:914} INFO - Processing file /home/airflow/.local/lib/python3.12/site-packages/airflow/example_dags/example_kubernetes_executor.py for tasks to queue
[2025-02-27T03:08:26.750+0000] {logging_mixin.py:190} INFO - [2025-02-27T03:08:26.749+0000] {dagbag.py:588} INFO - Filling up the DagBag from /home/airflow/.local/lib/python3.12/site-packages/airflow/example_dags/example_kubernetes_executor.py
[2025-02-27T03:08:26.784+0000] {processor.py:925} INFO - DAG(s) 'example_kubernetes_executor' retrieved from /home/airflow/.local/lib/python3.12/site-packages/airflow/example_dags/example_kubernetes_executor.py
[2025-02-27T03:08:26.966+0000] {logging_mixin.py:190} INFO - [2025-02-27T03:08:26.966+0000] {dag.py:3239} INFO - Sync 1 DAGs
[2025-02-27T03:08:27.005+0000] {logging_mixin.py:190} INFO - [2025-02-27T03:08:27.005+0000] {dag.py:4180} INFO - Setting next_dagrun for example_kubernetes_executor to None, run_after=None
[2025-02-27T03:08:27.065+0000] {processor.py:208} INFO - Processing /home/airflow/.local/lib/python3.12/site-packages/airflow/example_dags/example_kubernetes_executor.py took 0.333 seconds
[2025-02-27T03:08:57.387+0000] {processor.py:186} INFO - Started process (PID=1863) to work on /home/airflow/.local/lib/python3.12/site-packages/airflow/example_dags/example_kubernetes_executor.py
[2025-02-27T03:08:57.389+0000] {processor.py:914} INFO - Processing file /home/airflow/.local/lib/python3.12/site-packages/airflow/example_dags/example_kubernetes_executor.py for tasks to queue
[2025-02-27T03:08:57.395+0000] {logging_mixin.py:190} INFO - [2025-02-27T03:08:57.394+0000] {dagbag.py:588} INFO - Filling up the DagBag from /home/airflow/.local/lib/python3.12/site-packages/airflow/example_dags/example_kubernetes_executor.py
[2025-02-27T03:08:57.422+0000] {processor.py:925} INFO - DAG(s) 'example_kubernetes_executor' retrieved from /home/airflow/.local/lib/python3.12/site-packages/airflow/example_dags/example_kubernetes_executor.py
[2025-02-27T03:08:57.590+0000] {logging_mixin.py:190} INFO - [2025-02-27T03:08:57.590+0000] {dag.py:3239} INFO - Sync 1 DAGs
[2025-02-27T03:08:57.635+0000] {logging_mixin.py:190} INFO - [2025-02-27T03:08:57.635+0000] {dag.py:4180} INFO - Setting next_dagrun for example_kubernetes_executor to None, run_after=None
[2025-02-27T03:08:57.690+0000] {processor.py:208} INFO - Processing /home/airflow/.local/lib/python3.12/site-packages/airflow/example_dags/example_kubernetes_executor.py took 0.323 seconds
[2025-02-27T03:09:27.849+0000] {processor.py:186} INFO - Started process (PID=1926) to work on /home/airflow/.local/lib/python3.12/site-packages/airflow/example_dags/example_kubernetes_executor.py
[2025-02-27T03:09:27.851+0000] {processor.py:914} INFO - Processing file /home/airflow/.local/lib/python3.12/site-packages/airflow/example_dags/example_kubernetes_executor.py for tasks to queue
[2025-02-27T03:09:27.857+0000] {logging_mixin.py:190} INFO - [2025-02-27T03:09:27.856+0000] {dagbag.py:588} INFO - Filling up the DagBag from /home/airflow/.local/lib/python3.12/site-packages/airflow/example_dags/example_kubernetes_executor.py
[2025-02-27T03:09:27.878+0000] {processor.py:925} INFO - DAG(s) 'example_kubernetes_executor' retrieved from /home/airflow/.local/lib/python3.12/site-packages/airflow/example_dags/example_kubernetes_executor.py
[2025-02-27T03:09:28.025+0000] {logging_mixin.py:190} INFO - [2025-02-27T03:09:28.024+0000] {dag.py:3239} INFO - Sync 1 DAGs
[2025-02-27T03:09:28.063+0000] {logging_mixin.py:190} INFO - [2025-02-27T03:09:28.062+0000] {dag.py:4180} INFO - Setting next_dagrun for example_kubernetes_executor to None, run_after=None
[2025-02-27T03:09:28.137+0000] {processor.py:208} INFO - Processing /home/airflow/.local/lib/python3.12/site-packages/airflow/example_dags/example_kubernetes_executor.py took 0.296 seconds
[2025-02-27T03:09:58.913+0000] {processor.py:186} INFO - Started process (PID=1989) to work on /home/airflow/.local/lib/python3.12/site-packages/airflow/example_dags/example_kubernetes_executor.py
[2025-02-27T03:09:58.915+0000] {processor.py:914} INFO - Processing file /home/airflow/.local/lib/python3.12/site-packages/airflow/example_dags/example_kubernetes_executor.py for tasks to queue
[2025-02-27T03:09:58.918+0000] {logging_mixin.py:190} INFO - [2025-02-27T03:09:58.918+0000] {dagbag.py:588} INFO - Filling up the DagBag from /home/airflow/.local/lib/python3.12/site-packages/airflow/example_dags/example_kubernetes_executor.py
[2025-02-27T03:09:58.939+0000] {processor.py:925} INFO - DAG(s) 'example_kubernetes_executor' retrieved from /home/airflow/.local/lib/python3.12/site-packages/airflow/example_dags/example_kubernetes_executor.py
[2025-02-27T03:09:59.077+0000] {logging_mixin.py:190} INFO - [2025-02-27T03:09:59.076+0000] {dag.py:3239} INFO - Sync 1 DAGs
[2025-02-27T03:09:59.117+0000] {logging_mixin.py:190} INFO - [2025-02-27T03:09:59.116+0000] {dag.py:4180} INFO - Setting next_dagrun for example_kubernetes_executor to None, run_after=None
[2025-02-27T03:09:59.167+0000] {processor.py:208} INFO - Processing /home/airflow/.local/lib/python3.12/site-packages/airflow/example_dags/example_kubernetes_executor.py took 0.265 seconds
[2025-02-27T03:10:29.561+0000] {processor.py:186} INFO - Started process (PID=2052) to work on /home/airflow/.local/lib/python3.12/site-packages/airflow/example_dags/example_kubernetes_executor.py
[2025-02-27T03:10:29.562+0000] {processor.py:914} INFO - Processing file /home/airflow/.local/lib/python3.12/site-packages/airflow/example_dags/example_kubernetes_executor.py for tasks to queue
[2025-02-27T03:10:29.566+0000] {logging_mixin.py:190} INFO - [2025-02-27T03:10:29.566+0000] {dagbag.py:588} INFO - Filling up the DagBag from /home/airflow/.local/lib/python3.12/site-packages/airflow/example_dags/example_kubernetes_executor.py
[2025-02-27T03:10:29.590+0000] {processor.py:925} INFO - DAG(s) 'example_kubernetes_executor' retrieved from /home/airflow/.local/lib/python3.12/site-packages/airflow/example_dags/example_kubernetes_executor.py
[2025-02-27T03:10:29.733+0000] {logging_mixin.py:190} INFO - [2025-02-27T03:10:29.732+0000] {dag.py:3239} INFO - Sync 1 DAGs
[2025-02-27T03:10:29.781+0000] {logging_mixin.py:190} INFO - [2025-02-27T03:10:29.780+0000] {dag.py:4180} INFO - Setting next_dagrun for example_kubernetes_executor to None, run_after=None
[2025-02-27T03:10:29.861+0000] {processor.py:208} INFO - Processing /home/airflow/.local/lib/python3.12/site-packages/airflow/example_dags/example_kubernetes_executor.py took 0.312 seconds
[2025-02-27T03:11:00.172+0000] {processor.py:186} INFO - Started process (PID=2115) to work on /home/airflow/.local/lib/python3.12/site-packages/airflow/example_dags/example_kubernetes_executor.py
[2025-02-27T03:11:00.174+0000] {processor.py:914} INFO - Processing file /home/airflow/.local/lib/python3.12/site-packages/airflow/example_dags/example_kubernetes_executor.py for tasks to queue
[2025-02-27T03:11:00.178+0000] {logging_mixin.py:190} INFO - [2025-02-27T03:11:00.177+0000] {dagbag.py:588} INFO - Filling up the DagBag from /home/airflow/.local/lib/python3.12/site-packages/airflow/example_dags/example_kubernetes_executor.py
[2025-02-27T03:11:00.203+0000] {processor.py:925} INFO - DAG(s) 'example_kubernetes_executor' retrieved from /home/airflow/.local/lib/python3.12/site-packages/airflow/example_dags/example_kubernetes_executor.py
[2025-02-27T03:11:00.348+0000] {logging_mixin.py:190} INFO - [2025-02-27T03:11:00.348+0000] {dag.py:3239} INFO - Sync 1 DAGs
[2025-02-27T03:11:00.388+0000] {logging_mixin.py:190} INFO - [2025-02-27T03:11:00.387+0000] {dag.py:4180} INFO - Setting next_dagrun for example_kubernetes_executor to None, run_after=None
[2025-02-27T03:11:00.438+0000] {processor.py:208} INFO - Processing /home/airflow/.local/lib/python3.12/site-packages/airflow/example_dags/example_kubernetes_executor.py took 0.274 seconds
[2025-02-27T03:11:30.603+0000] {processor.py:186} INFO - Started process (PID=2178) to work on /home/airflow/.local/lib/python3.12/site-packages/airflow/example_dags/example_kubernetes_executor.py
[2025-02-27T03:11:30.604+0000] {processor.py:914} INFO - Processing file /home/airflow/.local/lib/python3.12/site-packages/airflow/example_dags/example_kubernetes_executor.py for tasks to queue
[2025-02-27T03:11:30.609+0000] {logging_mixin.py:190} INFO - [2025-02-27T03:11:30.608+0000] {dagbag.py:588} INFO - Filling up the DagBag from /home/airflow/.local/lib/python3.12/site-packages/airflow/example_dags/example_kubernetes_executor.py
[2025-02-27T03:11:30.646+0000] {processor.py:925} INFO - DAG(s) 'example_kubernetes_executor' retrieved from /home/airflow/.local/lib/python3.12/site-packages/airflow/example_dags/example_kubernetes_executor.py
[2025-02-27T03:11:30.805+0000] {logging_mixin.py:190} INFO - [2025-02-27T03:11:30.805+0000] {dag.py:3239} INFO - Sync 1 DAGs
[2025-02-27T03:11:30.845+0000] {logging_mixin.py:190} INFO - [2025-02-27T03:11:30.844+0000] {dag.py:4180} INFO - Setting next_dagrun for example_kubernetes_executor to None, run_after=None
[2025-02-27T03:11:30.891+0000] {processor.py:208} INFO - Processing /home/airflow/.local/lib/python3.12/site-packages/airflow/example_dags/example_kubernetes_executor.py took 0.301 seconds
[2025-02-27T03:12:04.350+0000] {processor.py:186} INFO - Started process (PID=2241) to work on /home/airflow/.local/lib/python3.12/site-packages/airflow/example_dags/example_kubernetes_executor.py
[2025-02-27T03:12:04.357+0000] {processor.py:914} INFO - Processing file /home/airflow/.local/lib/python3.12/site-packages/airflow/example_dags/example_kubernetes_executor.py for tasks to queue
[2025-02-27T03:12:04.365+0000] {logging_mixin.py:190} INFO - [2025-02-27T03:12:04.364+0000] {dagbag.py:588} INFO - Filling up the DagBag from /home/airflow/.local/lib/python3.12/site-packages/airflow/example_dags/example_kubernetes_executor.py
[2025-02-27T03:12:04.428+0000] {processor.py:925} INFO - DAG(s) 'example_kubernetes_executor' retrieved from /home/airflow/.local/lib/python3.12/site-packages/airflow/example_dags/example_kubernetes_executor.py
[2025-02-27T03:12:04.935+0000] {logging_mixin.py:190} INFO - [2025-02-27T03:12:04.934+0000] {dag.py:3239} INFO - Sync 1 DAGs
[2025-02-27T03:12:04.994+0000] {logging_mixin.py:190} INFO - [2025-02-27T03:12:04.994+0000] {dag.py:4180} INFO - Setting next_dagrun for example_kubernetes_executor to None, run_after=None
[2025-02-27T03:12:05.065+0000] {processor.py:208} INFO - Processing /home/airflow/.local/lib/python3.12/site-packages/airflow/example_dags/example_kubernetes_executor.py took 0.736 seconds
[2025-02-27T03:12:35.157+0000] {processor.py:186} INFO - Started process (PID=2303) to work on /home/airflow/.local/lib/python3.12/site-packages/airflow/example_dags/example_kubernetes_executor.py
[2025-02-27T03:12:35.159+0000] {processor.py:914} INFO - Processing file /home/airflow/.local/lib/python3.12/site-packages/airflow/example_dags/example_kubernetes_executor.py for tasks to queue
[2025-02-27T03:12:35.164+0000] {logging_mixin.py:190} INFO - [2025-02-27T03:12:35.163+0000] {dagbag.py:588} INFO - Filling up the DagBag from /home/airflow/.local/lib/python3.12/site-packages/airflow/example_dags/example_kubernetes_executor.py
[2025-02-27T03:12:35.190+0000] {processor.py:925} INFO - DAG(s) 'example_kubernetes_executor' retrieved from /home/airflow/.local/lib/python3.12/site-packages/airflow/example_dags/example_kubernetes_executor.py
[2025-02-27T03:12:35.349+0000] {logging_mixin.py:190} INFO - [2025-02-27T03:12:35.348+0000] {dag.py:3239} INFO - Sync 1 DAGs
[2025-02-27T03:12:35.393+0000] {logging_mixin.py:190} INFO - [2025-02-27T03:12:35.393+0000] {dag.py:4180} INFO - Setting next_dagrun for example_kubernetes_executor to None, run_after=None
[2025-02-27T03:12:35.443+0000] {processor.py:208} INFO - Processing /home/airflow/.local/lib/python3.12/site-packages/airflow/example_dags/example_kubernetes_executor.py took 0.294 seconds
[2025-02-27T03:13:05.618+0000] {processor.py:186} INFO - Started process (PID=2366) to work on /home/airflow/.local/lib/python3.12/site-packages/airflow/example_dags/example_kubernetes_executor.py
[2025-02-27T03:13:05.620+0000] {processor.py:914} INFO - Processing file /home/airflow/.local/lib/python3.12/site-packages/airflow/example_dags/example_kubernetes_executor.py for tasks to queue
[2025-02-27T03:13:05.623+0000] {logging_mixin.py:190} INFO - [2025-02-27T03:13:05.623+0000] {dagbag.py:588} INFO - Filling up the DagBag from /home/airflow/.local/lib/python3.12/site-packages/airflow/example_dags/example_kubernetes_executor.py
[2025-02-27T03:13:05.650+0000] {processor.py:925} INFO - DAG(s) 'example_kubernetes_executor' retrieved from /home/airflow/.local/lib/python3.12/site-packages/airflow/example_dags/example_kubernetes_executor.py
[2025-02-27T03:13:05.835+0000] {logging_mixin.py:190} INFO - [2025-02-27T03:13:05.834+0000] {dag.py:3239} INFO - Sync 1 DAGs
[2025-02-27T03:13:05.875+0000] {logging_mixin.py:190} INFO - [2025-02-27T03:13:05.875+0000] {dag.py:4180} INFO - Setting next_dagrun for example_kubernetes_executor to None, run_after=None
[2025-02-27T03:13:05.954+0000] {processor.py:208} INFO - Processing /home/airflow/.local/lib/python3.12/site-packages/airflow/example_dags/example_kubernetes_executor.py took 0.343 seconds
[2025-02-27T03:13:36.420+0000] {processor.py:186} INFO - Started process (PID=2429) to work on /home/airflow/.local/lib/python3.12/site-packages/airflow/example_dags/example_kubernetes_executor.py
[2025-02-27T03:13:36.422+0000] {processor.py:914} INFO - Processing file /home/airflow/.local/lib/python3.12/site-packages/airflow/example_dags/example_kubernetes_executor.py for tasks to queue
[2025-02-27T03:13:36.427+0000] {logging_mixin.py:190} INFO - [2025-02-27T03:13:36.426+0000] {dagbag.py:588} INFO - Filling up the DagBag from /home/airflow/.local/lib/python3.12/site-packages/airflow/example_dags/example_kubernetes_executor.py
[2025-02-27T03:13:36.459+0000] {processor.py:925} INFO - DAG(s) 'example_kubernetes_executor' retrieved from /home/airflow/.local/lib/python3.12/site-packages/airflow/example_dags/example_kubernetes_executor.py
[2025-02-27T03:13:36.660+0000] {logging_mixin.py:190} INFO - [2025-02-27T03:13:36.660+0000] {dag.py:3239} INFO - Sync 1 DAGs
[2025-02-27T03:13:36.715+0000] {logging_mixin.py:190} INFO - [2025-02-27T03:13:36.714+0000] {dag.py:4180} INFO - Setting next_dagrun for example_kubernetes_executor to None, run_after=None
[2025-02-27T03:13:36.774+0000] {processor.py:208} INFO - Processing /home/airflow/.local/lib/python3.12/site-packages/airflow/example_dags/example_kubernetes_executor.py took 0.363 seconds
[2025-02-27T03:14:07.391+0000] {processor.py:186} INFO - Started process (PID=2492) to work on /home/airflow/.local/lib/python3.12/site-packages/airflow/example_dags/example_kubernetes_executor.py
[2025-02-27T03:14:07.393+0000] {processor.py:914} INFO - Processing file /home/airflow/.local/lib/python3.12/site-packages/airflow/example_dags/example_kubernetes_executor.py for tasks to queue
[2025-02-27T03:14:07.402+0000] {logging_mixin.py:190} INFO - [2025-02-27T03:14:07.400+0000] {dagbag.py:588} INFO - Filling up the DagBag from /home/airflow/.local/lib/python3.12/site-packages/airflow/example_dags/example_kubernetes_executor.py
[2025-02-27T03:14:07.437+0000] {processor.py:925} INFO - DAG(s) 'example_kubernetes_executor' retrieved from /home/airflow/.local/lib/python3.12/site-packages/airflow/example_dags/example_kubernetes_executor.py
[2025-02-27T03:14:07.742+0000] {logging_mixin.py:190} INFO - [2025-02-27T03:14:07.742+0000] {dag.py:3239} INFO - Sync 1 DAGs
[2025-02-27T03:14:07.795+0000] {logging_mixin.py:190} INFO - [2025-02-27T03:14:07.795+0000] {dag.py:4180} INFO - Setting next_dagrun for example_kubernetes_executor to None, run_after=None
[2025-02-27T03:14:07.855+0000] {processor.py:208} INFO - Processing /home/airflow/.local/lib/python3.12/site-packages/airflow/example_dags/example_kubernetes_executor.py took 0.478 seconds
[2025-02-27T03:14:37.945+0000] {processor.py:186} INFO - Started process (PID=2554) to work on /home/airflow/.local/lib/python3.12/site-packages/airflow/example_dags/example_kubernetes_executor.py
[2025-02-27T03:14:37.946+0000] {processor.py:914} INFO - Processing file /home/airflow/.local/lib/python3.12/site-packages/airflow/example_dags/example_kubernetes_executor.py for tasks to queue
[2025-02-27T03:14:37.951+0000] {logging_mixin.py:190} INFO - [2025-02-27T03:14:37.950+0000] {dagbag.py:588} INFO - Filling up the DagBag from /home/airflow/.local/lib/python3.12/site-packages/airflow/example_dags/example_kubernetes_executor.py
[2025-02-27T03:14:37.978+0000] {processor.py:925} INFO - DAG(s) 'example_kubernetes_executor' retrieved from /home/airflow/.local/lib/python3.12/site-packages/airflow/example_dags/example_kubernetes_executor.py
[2025-02-27T03:14:38.124+0000] {logging_mixin.py:190} INFO - [2025-02-27T03:14:38.123+0000] {dag.py:3239} INFO - Sync 1 DAGs
[2025-02-27T03:14:38.170+0000] {logging_mixin.py:190} INFO - [2025-02-27T03:14:38.170+0000] {dag.py:4180} INFO - Setting next_dagrun for example_kubernetes_executor to None, run_after=None
[2025-02-27T03:14:38.237+0000] {processor.py:208} INFO - Processing /home/airflow/.local/lib/python3.12/site-packages/airflow/example_dags/example_kubernetes_executor.py took 0.301 seconds
[2025-02-27T03:15:08.911+0000] {processor.py:186} INFO - Started process (PID=2617) to work on /home/airflow/.local/lib/python3.12/site-packages/airflow/example_dags/example_kubernetes_executor.py
[2025-02-27T03:15:08.912+0000] {processor.py:914} INFO - Processing file /home/airflow/.local/lib/python3.12/site-packages/airflow/example_dags/example_kubernetes_executor.py for tasks to queue
[2025-02-27T03:15:08.916+0000] {logging_mixin.py:190} INFO - [2025-02-27T03:15:08.915+0000] {dagbag.py:588} INFO - Filling up the DagBag from /home/airflow/.local/lib/python3.12/site-packages/airflow/example_dags/example_kubernetes_executor.py
[2025-02-27T03:15:08.945+0000] {processor.py:925} INFO - DAG(s) 'example_kubernetes_executor' retrieved from /home/airflow/.local/lib/python3.12/site-packages/airflow/example_dags/example_kubernetes_executor.py
[2025-02-27T03:15:09.102+0000] {logging_mixin.py:190} INFO - [2025-02-27T03:15:09.102+0000] {dag.py:3239} INFO - Sync 1 DAGs
[2025-02-27T03:15:09.144+0000] {logging_mixin.py:190} INFO - [2025-02-27T03:15:09.143+0000] {dag.py:4180} INFO - Setting next_dagrun for example_kubernetes_executor to None, run_after=None
[2025-02-27T03:15:09.206+0000] {processor.py:208} INFO - Processing /home/airflow/.local/lib/python3.12/site-packages/airflow/example_dags/example_kubernetes_executor.py took 0.303 seconds
[2025-02-27T03:15:40.170+0000] {processor.py:186} INFO - Started process (PID=2680) to work on /home/airflow/.local/lib/python3.12/site-packages/airflow/example_dags/example_kubernetes_executor.py
[2025-02-27T03:15:40.171+0000] {processor.py:914} INFO - Processing file /home/airflow/.local/lib/python3.12/site-packages/airflow/example_dags/example_kubernetes_executor.py for tasks to queue
[2025-02-27T03:15:40.175+0000] {logging_mixin.py:190} INFO - [2025-02-27T03:15:40.174+0000] {dagbag.py:588} INFO - Filling up the DagBag from /home/airflow/.local/lib/python3.12/site-packages/airflow/example_dags/example_kubernetes_executor.py
[2025-02-27T03:15:40.197+0000] {processor.py:925} INFO - DAG(s) 'example_kubernetes_executor' retrieved from /home/airflow/.local/lib/python3.12/site-packages/airflow/example_dags/example_kubernetes_executor.py
[2025-02-27T03:15:40.337+0000] {logging_mixin.py:190} INFO - [2025-02-27T03:15:40.337+0000] {dag.py:3239} INFO - Sync 1 DAGs
[2025-02-27T03:15:40.381+0000] {logging_mixin.py:190} INFO - [2025-02-27T03:15:40.380+0000] {dag.py:4180} INFO - Setting next_dagrun for example_kubernetes_executor to None, run_after=None
[2025-02-27T03:15:40.441+0000] {processor.py:208} INFO - Processing /home/airflow/.local/lib/python3.12/site-packages/airflow/example_dags/example_kubernetes_executor.py took 0.280 seconds
[2025-02-27T03:16:10.837+0000] {processor.py:186} INFO - Started process (PID=2743) to work on /home/airflow/.local/lib/python3.12/site-packages/airflow/example_dags/example_kubernetes_executor.py
[2025-02-27T03:16:10.838+0000] {processor.py:914} INFO - Processing file /home/airflow/.local/lib/python3.12/site-packages/airflow/example_dags/example_kubernetes_executor.py for tasks to queue
[2025-02-27T03:16:10.842+0000] {logging_mixin.py:190} INFO - [2025-02-27T03:16:10.841+0000] {dagbag.py:588} INFO - Filling up the DagBag from /home/airflow/.local/lib/python3.12/site-packages/airflow/example_dags/example_kubernetes_executor.py
[2025-02-27T03:16:10.866+0000] {processor.py:925} INFO - DAG(s) 'example_kubernetes_executor' retrieved from /home/airflow/.local/lib/python3.12/site-packages/airflow/example_dags/example_kubernetes_executor.py
[2025-02-27T03:16:11.014+0000] {logging_mixin.py:190} INFO - [2025-02-27T03:16:11.014+0000] {dag.py:3239} INFO - Sync 1 DAGs
[2025-02-27T03:16:11.053+0000] {logging_mixin.py:190} INFO - [2025-02-27T03:16:11.053+0000] {dag.py:4180} INFO - Setting next_dagrun for example_kubernetes_executor to None, run_after=None
[2025-02-27T03:16:11.113+0000] {processor.py:208} INFO - Processing /home/airflow/.local/lib/python3.12/site-packages/airflow/example_dags/example_kubernetes_executor.py took 0.284 seconds
[2025-02-27T03:16:41.785+0000] {processor.py:186} INFO - Started process (PID=2806) to work on /home/airflow/.local/lib/python3.12/site-packages/airflow/example_dags/example_kubernetes_executor.py
[2025-02-27T03:16:41.787+0000] {processor.py:914} INFO - Processing file /home/airflow/.local/lib/python3.12/site-packages/airflow/example_dags/example_kubernetes_executor.py for tasks to queue
[2025-02-27T03:16:41.793+0000] {logging_mixin.py:190} INFO - [2025-02-27T03:16:41.792+0000] {dagbag.py:588} INFO - Filling up the DagBag from /home/airflow/.local/lib/python3.12/site-packages/airflow/example_dags/example_kubernetes_executor.py
[2025-02-27T03:16:41.840+0000] {processor.py:925} INFO - DAG(s) 'example_kubernetes_executor' retrieved from /home/airflow/.local/lib/python3.12/site-packages/airflow/example_dags/example_kubernetes_executor.py
[2025-02-27T03:16:42.056+0000] {logging_mixin.py:190} INFO - [2025-02-27T03:16:42.055+0000] {dag.py:3239} INFO - Sync 1 DAGs
[2025-02-27T03:16:42.118+0000] {logging_mixin.py:190} INFO - [2025-02-27T03:16:42.118+0000] {dag.py:4180} INFO - Setting next_dagrun for example_kubernetes_executor to None, run_after=None
[2025-02-27T03:16:42.202+0000] {processor.py:208} INFO - Processing /home/airflow/.local/lib/python3.12/site-packages/airflow/example_dags/example_kubernetes_executor.py took 0.431 seconds
[2025-02-27T03:17:13.049+0000] {processor.py:186} INFO - Started process (PID=2869) to work on /home/airflow/.local/lib/python3.12/site-packages/airflow/example_dags/example_kubernetes_executor.py
[2025-02-27T03:17:13.050+0000] {processor.py:914} INFO - Processing file /home/airflow/.local/lib/python3.12/site-packages/airflow/example_dags/example_kubernetes_executor.py for tasks to queue
[2025-02-27T03:17:13.053+0000] {logging_mixin.py:190} INFO - [2025-02-27T03:17:13.052+0000] {dagbag.py:588} INFO - Filling up the DagBag from /home/airflow/.local/lib/python3.12/site-packages/airflow/example_dags/example_kubernetes_executor.py
[2025-02-27T03:17:13.081+0000] {processor.py:925} INFO - DAG(s) 'example_kubernetes_executor' retrieved from /home/airflow/.local/lib/python3.12/site-packages/airflow/example_dags/example_kubernetes_executor.py
[2025-02-27T03:17:13.223+0000] {logging_mixin.py:190} INFO - [2025-02-27T03:17:13.223+0000] {dag.py:3239} INFO - Sync 1 DAGs
[2025-02-27T03:17:13.275+0000] {logging_mixin.py:190} INFO - [2025-02-27T03:17:13.274+0000] {dag.py:4180} INFO - Setting next_dagrun for example_kubernetes_executor to None, run_after=None
[2025-02-27T03:17:13.348+0000] {processor.py:208} INFO - Processing /home/airflow/.local/lib/python3.12/site-packages/airflow/example_dags/example_kubernetes_executor.py took 0.306 seconds
[2025-02-27T03:17:43.498+0000] {processor.py:186} INFO - Started process (PID=2932) to work on /home/airflow/.local/lib/python3.12/site-packages/airflow/example_dags/example_kubernetes_executor.py
[2025-02-27T03:17:43.499+0000] {processor.py:914} INFO - Processing file /home/airflow/.local/lib/python3.12/site-packages/airflow/example_dags/example_kubernetes_executor.py for tasks to queue
[2025-02-27T03:17:43.503+0000] {logging_mixin.py:190} INFO - [2025-02-27T03:17:43.503+0000] {dagbag.py:588} INFO - Filling up the DagBag from /home/airflow/.local/lib/python3.12/site-packages/airflow/example_dags/example_kubernetes_executor.py
[2025-02-27T03:17:43.526+0000] {processor.py:925} INFO - DAG(s) 'example_kubernetes_executor' retrieved from /home/airflow/.local/lib/python3.12/site-packages/airflow/example_dags/example_kubernetes_executor.py
[2025-02-27T03:17:43.679+0000] {logging_mixin.py:190} INFO - [2025-02-27T03:17:43.679+0000] {dag.py:3239} INFO - Sync 1 DAGs
[2025-02-27T03:17:43.717+0000] {logging_mixin.py:190} INFO - [2025-02-27T03:17:43.716+0000] {dag.py:4180} INFO - Setting next_dagrun for example_kubernetes_executor to None, run_after=None
[2025-02-27T03:17:43.776+0000] {processor.py:208} INFO - Processing /home/airflow/.local/lib/python3.12/site-packages/airflow/example_dags/example_kubernetes_executor.py took 0.287 seconds
[2025-02-27T03:18:14.080+0000] {processor.py:186} INFO - Started process (PID=2995) to work on /home/airflow/.local/lib/python3.12/site-packages/airflow/example_dags/example_kubernetes_executor.py
[2025-02-27T03:18:14.082+0000] {processor.py:914} INFO - Processing file /home/airflow/.local/lib/python3.12/site-packages/airflow/example_dags/example_kubernetes_executor.py for tasks to queue
[2025-02-27T03:18:14.085+0000] {logging_mixin.py:190} INFO - [2025-02-27T03:18:14.085+0000] {dagbag.py:588} INFO - Filling up the DagBag from /home/airflow/.local/lib/python3.12/site-packages/airflow/example_dags/example_kubernetes_executor.py
[2025-02-27T03:18:14.109+0000] {processor.py:925} INFO - DAG(s) 'example_kubernetes_executor' retrieved from /home/airflow/.local/lib/python3.12/site-packages/airflow/example_dags/example_kubernetes_executor.py
[2025-02-27T03:18:14.283+0000] {logging_mixin.py:190} INFO - [2025-02-27T03:18:14.282+0000] {dag.py:3239} INFO - Sync 1 DAGs
[2025-02-27T03:18:14.335+0000] {logging_mixin.py:190} INFO - [2025-02-27T03:18:14.334+0000] {dag.py:4180} INFO - Setting next_dagrun for example_kubernetes_executor to None, run_after=None
[2025-02-27T03:18:14.430+0000] {processor.py:208} INFO - Processing /home/airflow/.local/lib/python3.12/site-packages/airflow/example_dags/example_kubernetes_executor.py took 0.357 seconds
[2025-02-27T03:18:45.206+0000] {processor.py:186} INFO - Started process (PID=3058) to work on /home/airflow/.local/lib/python3.12/site-packages/airflow/example_dags/example_kubernetes_executor.py
[2025-02-27T03:18:45.208+0000] {processor.py:914} INFO - Processing file /home/airflow/.local/lib/python3.12/site-packages/airflow/example_dags/example_kubernetes_executor.py for tasks to queue
[2025-02-27T03:18:45.214+0000] {logging_mixin.py:190} INFO - [2025-02-27T03:18:45.213+0000] {dagbag.py:588} INFO - Filling up the DagBag from /home/airflow/.local/lib/python3.12/site-packages/airflow/example_dags/example_kubernetes_executor.py
[2025-02-27T03:18:45.245+0000] {processor.py:925} INFO - DAG(s) 'example_kubernetes_executor' retrieved from /home/airflow/.local/lib/python3.12/site-packages/airflow/example_dags/example_kubernetes_executor.py
[2025-02-27T03:18:45.408+0000] {logging_mixin.py:190} INFO - [2025-02-27T03:18:45.407+0000] {dag.py:3239} INFO - Sync 1 DAGs
[2025-02-27T03:18:45.446+0000] {logging_mixin.py:190} INFO - [2025-02-27T03:18:45.446+0000] {dag.py:4180} INFO - Setting next_dagrun for example_kubernetes_executor to None, run_after=None
[2025-02-27T03:18:45.491+0000] {processor.py:208} INFO - Processing /home/airflow/.local/lib/python3.12/site-packages/airflow/example_dags/example_kubernetes_executor.py took 0.303 seconds
[2025-02-27T03:19:16.379+0000] {processor.py:186} INFO - Started process (PID=3121) to work on /home/airflow/.local/lib/python3.12/site-packages/airflow/example_dags/example_kubernetes_executor.py
[2025-02-27T03:19:16.387+0000] {processor.py:914} INFO - Processing file /home/airflow/.local/lib/python3.12/site-packages/airflow/example_dags/example_kubernetes_executor.py for tasks to queue
[2025-02-27T03:19:16.392+0000] {logging_mixin.py:190} INFO - [2025-02-27T03:19:16.391+0000] {dagbag.py:588} INFO - Filling up the DagBag from /home/airflow/.local/lib/python3.12/site-packages/airflow/example_dags/example_kubernetes_executor.py
[2025-02-27T03:19:16.431+0000] {processor.py:925} INFO - DAG(s) 'example_kubernetes_executor' retrieved from /home/airflow/.local/lib/python3.12/site-packages/airflow/example_dags/example_kubernetes_executor.py
[2025-02-27T03:19:16.765+0000] {logging_mixin.py:190} INFO - [2025-02-27T03:19:16.765+0000] {dag.py:3239} INFO - Sync 1 DAGs
[2025-02-27T03:19:16.881+0000] {logging_mixin.py:190} INFO - [2025-02-27T03:19:16.880+0000] {dag.py:4180} INFO - Setting next_dagrun for example_kubernetes_executor to None, run_after=None
[2025-02-27T03:19:16.964+0000] {processor.py:208} INFO - Processing /home/airflow/.local/lib/python3.12/site-packages/airflow/example_dags/example_kubernetes_executor.py took 0.602 seconds
[2025-02-27T03:19:47.537+0000] {processor.py:186} INFO - Started process (PID=3185) to work on /home/airflow/.local/lib/python3.12/site-packages/airflow/example_dags/example_kubernetes_executor.py
[2025-02-27T03:19:47.538+0000] {processor.py:914} INFO - Processing file /home/airflow/.local/lib/python3.12/site-packages/airflow/example_dags/example_kubernetes_executor.py for tasks to queue
[2025-02-27T03:19:47.545+0000] {logging_mixin.py:190} INFO - [2025-02-27T03:19:47.544+0000] {dagbag.py:588} INFO - Filling up the DagBag from /home/airflow/.local/lib/python3.12/site-packages/airflow/example_dags/example_kubernetes_executor.py
[2025-02-27T03:19:47.575+0000] {processor.py:925} INFO - DAG(s) 'example_kubernetes_executor' retrieved from /home/airflow/.local/lib/python3.12/site-packages/airflow/example_dags/example_kubernetes_executor.py
[2025-02-27T03:19:47.742+0000] {logging_mixin.py:190} INFO - [2025-02-27T03:19:47.742+0000] {dag.py:3239} INFO - Sync 1 DAGs
[2025-02-27T03:19:47.789+0000] {logging_mixin.py:190} INFO - [2025-02-27T03:19:47.788+0000] {dag.py:4180} INFO - Setting next_dagrun for example_kubernetes_executor to None, run_after=None
[2025-02-27T03:19:47.859+0000] {processor.py:208} INFO - Processing /home/airflow/.local/lib/python3.12/site-packages/airflow/example_dags/example_kubernetes_executor.py took 0.334 seconds
[2025-02-27T03:20:18.036+0000] {processor.py:186} INFO - Started process (PID=3247) to work on /home/airflow/.local/lib/python3.12/site-packages/airflow/example_dags/example_kubernetes_executor.py
[2025-02-27T03:20:18.038+0000] {processor.py:914} INFO - Processing file /home/airflow/.local/lib/python3.12/site-packages/airflow/example_dags/example_kubernetes_executor.py for tasks to queue
[2025-02-27T03:20:18.042+0000] {logging_mixin.py:190} INFO - [2025-02-27T03:20:18.041+0000] {dagbag.py:588} INFO - Filling up the DagBag from /home/airflow/.local/lib/python3.12/site-packages/airflow/example_dags/example_kubernetes_executor.py
[2025-02-27T03:20:18.066+0000] {processor.py:925} INFO - DAG(s) 'example_kubernetes_executor' retrieved from /home/airflow/.local/lib/python3.12/site-packages/airflow/example_dags/example_kubernetes_executor.py
[2025-02-27T03:20:18.254+0000] {logging_mixin.py:190} INFO - [2025-02-27T03:20:18.254+0000] {dag.py:3239} INFO - Sync 1 DAGs
[2025-02-27T03:20:18.304+0000] {logging_mixin.py:190} INFO - [2025-02-27T03:20:18.304+0000] {dag.py:4180} INFO - Setting next_dagrun for example_kubernetes_executor to None, run_after=None
[2025-02-27T03:20:18.388+0000] {processor.py:208} INFO - Processing /home/airflow/.local/lib/python3.12/site-packages/airflow/example_dags/example_kubernetes_executor.py took 0.359 seconds
[2025-02-27T03:20:48.577+0000] {processor.py:186} INFO - Started process (PID=3310) to work on /home/airflow/.local/lib/python3.12/site-packages/airflow/example_dags/example_kubernetes_executor.py
[2025-02-27T03:20:48.579+0000] {processor.py:914} INFO - Processing file /home/airflow/.local/lib/python3.12/site-packages/airflow/example_dags/example_kubernetes_executor.py for tasks to queue
[2025-02-27T03:20:48.582+0000] {logging_mixin.py:190} INFO - [2025-02-27T03:20:48.582+0000] {dagbag.py:588} INFO - Filling up the DagBag from /home/airflow/.local/lib/python3.12/site-packages/airflow/example_dags/example_kubernetes_executor.py
[2025-02-27T03:20:48.605+0000] {processor.py:925} INFO - DAG(s) 'example_kubernetes_executor' retrieved from /home/airflow/.local/lib/python3.12/site-packages/airflow/example_dags/example_kubernetes_executor.py
[2025-02-27T03:20:48.781+0000] {logging_mixin.py:190} INFO - [2025-02-27T03:20:48.781+0000] {dag.py:3239} INFO - Sync 1 DAGs
[2025-02-27T03:20:48.829+0000] {logging_mixin.py:190} INFO - [2025-02-27T03:20:48.829+0000] {dag.py:4180} INFO - Setting next_dagrun for example_kubernetes_executor to None, run_after=None
[2025-02-27T03:20:48.904+0000] {processor.py:208} INFO - Processing /home/airflow/.local/lib/python3.12/site-packages/airflow/example_dags/example_kubernetes_executor.py took 0.336 seconds
