[2025-02-27T02:51:31.009+0000] {processor.py:186} INFO - Started process (PID=99) to work on /home/airflow/.local/lib/python3.12/site-packages/airflow/example_dags/example_xcom.py
[2025-02-27T02:51:31.031+0000] {processor.py:914} INFO - Processing file /home/airflow/.local/lib/python3.12/site-packages/airflow/example_dags/example_xcom.py for tasks to queue
[2025-02-27T02:51:31.042+0000] {logging_mixin.py:190} INFO - [2025-02-27T02:51:31.042+0000] {dagbag.py:588} INFO - Filling up the DagBag from /home/airflow/.local/lib/python3.12/site-packages/airflow/example_dags/example_xcom.py
[2025-02-27T02:51:31.123+0000] {processor.py:925} INFO - DAG(s) 'example_xcom' retrieved from /home/airflow/.local/lib/python3.12/site-packages/airflow/example_dags/example_xcom.py
[2025-02-27T02:51:31.472+0000] {logging_mixin.py:190} INFO - [2025-02-27T02:51:31.470+0000] {override.py:1912} INFO - Created Permission View: can delete on DAG:example_xcom
[2025-02-27T02:51:31.510+0000] {logging_mixin.py:190} INFO - [2025-02-27T02:51:31.510+0000] {override.py:1912} INFO - Created Permission View: can read on DAG:example_xcom
[2025-02-27T02:51:31.533+0000] {logging_mixin.py:190} INFO - [2025-02-27T02:51:31.532+0000] {override.py:1912} INFO - Created Permission View: can edit on DAG:example_xcom
[2025-02-27T02:51:31.561+0000] {logging_mixin.py:190} INFO - [2025-02-27T02:51:31.560+0000] {override.py:1912} INFO - Created Permission View: menu access on DAG Run:example_xcom
[2025-02-27T02:51:31.585+0000] {logging_mixin.py:190} INFO - [2025-02-27T02:51:31.583+0000] {override.py:1912} INFO - Created Permission View: can delete on DAG Run:example_xcom
[2025-02-27T02:51:31.617+0000] {logging_mixin.py:190} INFO - [2025-02-27T02:51:31.614+0000] {override.py:1912} INFO - Created Permission View: can read on DAG Run:example_xcom
[2025-02-27T02:51:31.646+0000] {logging_mixin.py:190} INFO - [2025-02-27T02:51:31.646+0000] {override.py:1912} INFO - Created Permission View: can create on DAG Run:example_xcom
[2025-02-27T02:51:31.648+0000] {logging_mixin.py:190} INFO - [2025-02-27T02:51:31.648+0000] {dag.py:3239} INFO - Sync 1 DAGs
[2025-02-27T02:51:31.700+0000] {logging_mixin.py:190} INFO - [2025-02-27T02:51:31.699+0000] {dag.py:3262} INFO - Creating ORM DAG for example_xcom
[2025-02-27T02:51:31.728+0000] {logging_mixin.py:190} INFO - [2025-02-27T02:51:31.728+0000] {dag.py:4180} INFO - Setting next_dagrun for example_xcom to 2021-01-01 00:00:00+00:00, run_after=2021-01-01 00:00:00+00:00
[2025-02-27T02:51:31.811+0000] {processor.py:208} INFO - Processing /home/airflow/.local/lib/python3.12/site-packages/airflow/example_dags/example_xcom.py took 0.826 seconds
[2025-02-27T02:54:14.621+0000] {processor.py:186} INFO - Started process (PID=95) to work on /home/airflow/.local/lib/python3.12/site-packages/airflow/example_dags/example_xcom.py
[2025-02-27T02:54:14.623+0000] {processor.py:914} INFO - Processing file /home/airflow/.local/lib/python3.12/site-packages/airflow/example_dags/example_xcom.py for tasks to queue
[2025-02-27T02:54:14.627+0000] {logging_mixin.py:190} INFO - [2025-02-27T02:54:14.626+0000] {dagbag.py:588} INFO - Filling up the DagBag from /home/airflow/.local/lib/python3.12/site-packages/airflow/example_dags/example_xcom.py
[2025-02-27T02:54:14.647+0000] {processor.py:925} INFO - DAG(s) 'example_xcom' retrieved from /home/airflow/.local/lib/python3.12/site-packages/airflow/example_dags/example_xcom.py
[2025-02-27T02:54:15.097+0000] {logging_mixin.py:190} INFO - [2025-02-27T02:54:15.095+0000] {override.py:1912} INFO - Created Permission View: can read on DAG:example_xcom
[2025-02-27T02:54:15.127+0000] {logging_mixin.py:190} INFO - [2025-02-27T02:54:15.126+0000] {override.py:1912} INFO - Created Permission View: can delete on DAG:example_xcom
[2025-02-27T02:54:15.159+0000] {logging_mixin.py:190} INFO - [2025-02-27T02:54:15.158+0000] {override.py:1912} INFO - Created Permission View: can edit on DAG:example_xcom
[2025-02-27T02:54:15.183+0000] {logging_mixin.py:190} INFO - [2025-02-27T02:54:15.183+0000] {override.py:1912} INFO - Created Permission View: can read on DAG Run:example_xcom
[2025-02-27T02:54:15.201+0000] {logging_mixin.py:190} INFO - [2025-02-27T02:54:15.200+0000] {override.py:1912} INFO - Created Permission View: menu access on DAG Run:example_xcom
[2025-02-27T02:54:15.222+0000] {logging_mixin.py:190} INFO - [2025-02-27T02:54:15.222+0000] {override.py:1912} INFO - Created Permission View: can delete on DAG Run:example_xcom
[2025-02-27T02:54:15.245+0000] {logging_mixin.py:190} INFO - [2025-02-27T02:54:15.244+0000] {override.py:1912} INFO - Created Permission View: can create on DAG Run:example_xcom
[2025-02-27T02:54:15.247+0000] {logging_mixin.py:190} INFO - [2025-02-27T02:54:15.247+0000] {dag.py:3239} INFO - Sync 1 DAGs
[2025-02-27T02:54:15.342+0000] {logging_mixin.py:190} INFO - [2025-02-27T02:54:15.342+0000] {dag.py:3262} INFO - Creating ORM DAG for example_xcom
[2025-02-27T02:54:15.388+0000] {logging_mixin.py:190} INFO - [2025-02-27T02:54:15.388+0000] {dag.py:4180} INFO - Setting next_dagrun for example_xcom to 2021-01-01 00:00:00+00:00, run_after=2021-01-01 00:00:00+00:00
[2025-02-27T02:54:15.466+0000] {processor.py:208} INFO - Processing /home/airflow/.local/lib/python3.12/site-packages/airflow/example_dags/example_xcom.py took 0.852 seconds
[2025-02-27T02:54:46.237+0000] {processor.py:186} INFO - Started process (PID=158) to work on /home/airflow/.local/lib/python3.12/site-packages/airflow/example_dags/example_xcom.py
[2025-02-27T02:54:46.240+0000] {processor.py:914} INFO - Processing file /home/airflow/.local/lib/python3.12/site-packages/airflow/example_dags/example_xcom.py for tasks to queue
[2025-02-27T02:54:46.250+0000] {logging_mixin.py:190} INFO - [2025-02-27T02:54:46.247+0000] {dagbag.py:588} INFO - Filling up the DagBag from /home/airflow/.local/lib/python3.12/site-packages/airflow/example_dags/example_xcom.py
[2025-02-27T02:54:46.287+0000] {processor.py:925} INFO - DAG(s) 'example_xcom' retrieved from /home/airflow/.local/lib/python3.12/site-packages/airflow/example_dags/example_xcom.py
[2025-02-27T02:54:46.650+0000] {logging_mixin.py:190} INFO - [2025-02-27T02:54:46.649+0000] {dag.py:3239} INFO - Sync 1 DAGs
[2025-02-27T02:54:46.769+0000] {logging_mixin.py:190} INFO - [2025-02-27T02:54:46.769+0000] {dag.py:4180} INFO - Setting next_dagrun for example_xcom to 2021-01-01 00:00:00+00:00, run_after=2021-01-01 00:00:00+00:00
[2025-02-27T02:54:46.898+0000] {processor.py:208} INFO - Processing /home/airflow/.local/lib/python3.12/site-packages/airflow/example_dags/example_xcom.py took 0.682 seconds
[2025-02-27T02:55:17.118+0000] {processor.py:186} INFO - Started process (PID=226) to work on /home/airflow/.local/lib/python3.12/site-packages/airflow/example_dags/example_xcom.py
[2025-02-27T02:55:17.120+0000] {processor.py:914} INFO - Processing file /home/airflow/.local/lib/python3.12/site-packages/airflow/example_dags/example_xcom.py for tasks to queue
[2025-02-27T02:55:17.124+0000] {logging_mixin.py:190} INFO - [2025-02-27T02:55:17.124+0000] {dagbag.py:588} INFO - Filling up the DagBag from /home/airflow/.local/lib/python3.12/site-packages/airflow/example_dags/example_xcom.py
[2025-02-27T02:55:17.139+0000] {processor.py:925} INFO - DAG(s) 'example_xcom' retrieved from /home/airflow/.local/lib/python3.12/site-packages/airflow/example_dags/example_xcom.py
[2025-02-27T02:55:17.302+0000] {logging_mixin.py:190} INFO - [2025-02-27T02:55:17.302+0000] {dag.py:3239} INFO - Sync 1 DAGs
[2025-02-27T02:55:17.370+0000] {logging_mixin.py:190} INFO - [2025-02-27T02:55:17.370+0000] {dag.py:4180} INFO - Setting next_dagrun for example_xcom to 2021-01-01 00:00:00+00:00, run_after=2021-01-01 00:00:00+00:00
[2025-02-27T02:55:17.439+0000] {processor.py:208} INFO - Processing /home/airflow/.local/lib/python3.12/site-packages/airflow/example_dags/example_xcom.py took 0.330 seconds
[2025-02-27T02:55:47.590+0000] {processor.py:186} INFO - Started process (PID=289) to work on /home/airflow/.local/lib/python3.12/site-packages/airflow/example_dags/example_xcom.py
[2025-02-27T02:55:47.591+0000] {processor.py:914} INFO - Processing file /home/airflow/.local/lib/python3.12/site-packages/airflow/example_dags/example_xcom.py for tasks to queue
[2025-02-27T02:55:47.595+0000] {logging_mixin.py:190} INFO - [2025-02-27T02:55:47.595+0000] {dagbag.py:588} INFO - Filling up the DagBag from /home/airflow/.local/lib/python3.12/site-packages/airflow/example_dags/example_xcom.py
[2025-02-27T02:55:47.616+0000] {processor.py:925} INFO - DAG(s) 'example_xcom' retrieved from /home/airflow/.local/lib/python3.12/site-packages/airflow/example_dags/example_xcom.py
[2025-02-27T02:55:47.783+0000] {logging_mixin.py:190} INFO - [2025-02-27T02:55:47.782+0000] {dag.py:3239} INFO - Sync 1 DAGs
[2025-02-27T02:55:47.852+0000] {logging_mixin.py:190} INFO - [2025-02-27T02:55:47.851+0000] {dag.py:4180} INFO - Setting next_dagrun for example_xcom to 2021-01-01 00:00:00+00:00, run_after=2021-01-01 00:00:00+00:00
[2025-02-27T02:55:47.916+0000] {processor.py:208} INFO - Processing /home/airflow/.local/lib/python3.12/site-packages/airflow/example_dags/example_xcom.py took 0.336 seconds
[2025-02-27T02:56:19.456+0000] {processor.py:186} INFO - Started process (PID=352) to work on /home/airflow/.local/lib/python3.12/site-packages/airflow/example_dags/example_xcom.py
[2025-02-27T02:56:19.458+0000] {processor.py:914} INFO - Processing file /home/airflow/.local/lib/python3.12/site-packages/airflow/example_dags/example_xcom.py for tasks to queue
[2025-02-27T02:56:19.463+0000] {logging_mixin.py:190} INFO - [2025-02-27T02:56:19.462+0000] {dagbag.py:588} INFO - Filling up the DagBag from /home/airflow/.local/lib/python3.12/site-packages/airflow/example_dags/example_xcom.py
[2025-02-27T02:56:19.483+0000] {processor.py:925} INFO - DAG(s) 'example_xcom' retrieved from /home/airflow/.local/lib/python3.12/site-packages/airflow/example_dags/example_xcom.py
[2025-02-27T02:56:19.654+0000] {logging_mixin.py:190} INFO - [2025-02-27T02:56:19.654+0000] {dag.py:3239} INFO - Sync 1 DAGs
[2025-02-27T02:56:19.743+0000] {logging_mixin.py:190} INFO - [2025-02-27T02:56:19.742+0000] {dag.py:4180} INFO - Setting next_dagrun for example_xcom to 2021-01-01 00:00:00+00:00, run_after=2021-01-01 00:00:00+00:00
[2025-02-27T02:56:19.806+0000] {processor.py:208} INFO - Processing /home/airflow/.local/lib/python3.12/site-packages/airflow/example_dags/example_xcom.py took 0.358 seconds
[2025-02-27T02:56:51.036+0000] {processor.py:186} INFO - Started process (PID=415) to work on /home/airflow/.local/lib/python3.12/site-packages/airflow/example_dags/example_xcom.py
[2025-02-27T02:56:51.038+0000] {processor.py:914} INFO - Processing file /home/airflow/.local/lib/python3.12/site-packages/airflow/example_dags/example_xcom.py for tasks to queue
[2025-02-27T02:56:51.044+0000] {logging_mixin.py:190} INFO - [2025-02-27T02:56:51.042+0000] {dagbag.py:588} INFO - Filling up the DagBag from /home/airflow/.local/lib/python3.12/site-packages/airflow/example_dags/example_xcom.py
[2025-02-27T02:56:51.064+0000] {processor.py:925} INFO - DAG(s) 'example_xcom' retrieved from /home/airflow/.local/lib/python3.12/site-packages/airflow/example_dags/example_xcom.py
[2025-02-27T02:56:51.272+0000] {logging_mixin.py:190} INFO - [2025-02-27T02:56:51.271+0000] {dag.py:3239} INFO - Sync 1 DAGs
[2025-02-27T02:56:51.377+0000] {logging_mixin.py:190} INFO - [2025-02-27T02:56:51.377+0000] {dag.py:4180} INFO - Setting next_dagrun for example_xcom to 2021-01-01 00:00:00+00:00, run_after=2021-01-01 00:00:00+00:00
[2025-02-27T02:56:51.471+0000] {processor.py:208} INFO - Processing /home/airflow/.local/lib/python3.12/site-packages/airflow/example_dags/example_xcom.py took 0.446 seconds
[2025-02-27T02:57:21.567+0000] {processor.py:186} INFO - Started process (PID=478) to work on /home/airflow/.local/lib/python3.12/site-packages/airflow/example_dags/example_xcom.py
[2025-02-27T02:57:21.569+0000] {processor.py:914} INFO - Processing file /home/airflow/.local/lib/python3.12/site-packages/airflow/example_dags/example_xcom.py for tasks to queue
[2025-02-27T02:57:21.576+0000] {logging_mixin.py:190} INFO - [2025-02-27T02:57:21.575+0000] {dagbag.py:588} INFO - Filling up the DagBag from /home/airflow/.local/lib/python3.12/site-packages/airflow/example_dags/example_xcom.py
[2025-02-27T02:57:21.601+0000] {processor.py:925} INFO - DAG(s) 'example_xcom' retrieved from /home/airflow/.local/lib/python3.12/site-packages/airflow/example_dags/example_xcom.py
[2025-02-27T02:57:21.829+0000] {logging_mixin.py:190} INFO - [2025-02-27T02:57:21.828+0000] {dag.py:3239} INFO - Sync 1 DAGs
[2025-02-27T02:57:21.902+0000] {logging_mixin.py:190} INFO - [2025-02-27T02:57:21.902+0000] {dag.py:4180} INFO - Setting next_dagrun for example_xcom to 2021-01-01 00:00:00+00:00, run_after=2021-01-01 00:00:00+00:00
[2025-02-27T02:57:21.975+0000] {processor.py:208} INFO - Processing /home/airflow/.local/lib/python3.12/site-packages/airflow/example_dags/example_xcom.py took 0.421 seconds
[2025-02-27T02:57:52.311+0000] {processor.py:186} INFO - Started process (PID=540) to work on /home/airflow/.local/lib/python3.12/site-packages/airflow/example_dags/example_xcom.py
[2025-02-27T02:57:52.313+0000] {processor.py:914} INFO - Processing file /home/airflow/.local/lib/python3.12/site-packages/airflow/example_dags/example_xcom.py for tasks to queue
[2025-02-27T02:57:52.316+0000] {logging_mixin.py:190} INFO - [2025-02-27T02:57:52.316+0000] {dagbag.py:588} INFO - Filling up the DagBag from /home/airflow/.local/lib/python3.12/site-packages/airflow/example_dags/example_xcom.py
[2025-02-27T02:57:52.332+0000] {processor.py:925} INFO - DAG(s) 'example_xcom' retrieved from /home/airflow/.local/lib/python3.12/site-packages/airflow/example_dags/example_xcom.py
[2025-02-27T02:57:52.466+0000] {logging_mixin.py:190} INFO - [2025-02-27T02:57:52.465+0000] {dag.py:3239} INFO - Sync 1 DAGs
[2025-02-27T02:57:52.526+0000] {logging_mixin.py:190} INFO - [2025-02-27T02:57:52.526+0000] {dag.py:4180} INFO - Setting next_dagrun for example_xcom to 2021-01-01 00:00:00+00:00, run_after=2021-01-01 00:00:00+00:00
[2025-02-27T02:57:52.576+0000] {processor.py:208} INFO - Processing /home/airflow/.local/lib/python3.12/site-packages/airflow/example_dags/example_xcom.py took 0.273 seconds
[2025-02-27T02:58:25.385+0000] {processor.py:186} INFO - Started process (PID=603) to work on /home/airflow/.local/lib/python3.12/site-packages/airflow/example_dags/example_xcom.py
[2025-02-27T02:58:25.388+0000] {processor.py:914} INFO - Processing file /home/airflow/.local/lib/python3.12/site-packages/airflow/example_dags/example_xcom.py for tasks to queue
[2025-02-27T02:58:25.393+0000] {logging_mixin.py:190} INFO - [2025-02-27T02:58:25.392+0000] {dagbag.py:588} INFO - Filling up the DagBag from /home/airflow/.local/lib/python3.12/site-packages/airflow/example_dags/example_xcom.py
[2025-02-27T02:58:25.420+0000] {processor.py:925} INFO - DAG(s) 'example_xcom' retrieved from /home/airflow/.local/lib/python3.12/site-packages/airflow/example_dags/example_xcom.py
[2025-02-27T02:58:25.615+0000] {logging_mixin.py:190} INFO - [2025-02-27T02:58:25.615+0000] {dag.py:3239} INFO - Sync 1 DAGs
[2025-02-27T02:58:25.713+0000] {logging_mixin.py:190} INFO - [2025-02-27T02:58:25.713+0000] {dag.py:4180} INFO - Setting next_dagrun for example_xcom to 2021-01-01 00:00:00+00:00, run_after=2021-01-01 00:00:00+00:00
[2025-02-27T02:58:25.799+0000] {processor.py:208} INFO - Processing /home/airflow/.local/lib/python3.12/site-packages/airflow/example_dags/example_xcom.py took 0.424 seconds
[2025-02-27T02:58:56.452+0000] {processor.py:186} INFO - Started process (PID=666) to work on /home/airflow/.local/lib/python3.12/site-packages/airflow/example_dags/example_xcom.py
[2025-02-27T02:58:56.454+0000] {processor.py:914} INFO - Processing file /home/airflow/.local/lib/python3.12/site-packages/airflow/example_dags/example_xcom.py for tasks to queue
[2025-02-27T02:58:56.462+0000] {logging_mixin.py:190} INFO - [2025-02-27T02:58:56.462+0000] {dagbag.py:588} INFO - Filling up the DagBag from /home/airflow/.local/lib/python3.12/site-packages/airflow/example_dags/example_xcom.py
[2025-02-27T02:58:56.486+0000] {processor.py:925} INFO - DAG(s) 'example_xcom' retrieved from /home/airflow/.local/lib/python3.12/site-packages/airflow/example_dags/example_xcom.py
[2025-02-27T02:58:56.686+0000] {logging_mixin.py:190} INFO - [2025-02-27T02:58:56.686+0000] {dag.py:3239} INFO - Sync 1 DAGs
[2025-02-27T02:58:56.782+0000] {logging_mixin.py:190} INFO - [2025-02-27T02:58:56.781+0000] {dag.py:4180} INFO - Setting next_dagrun for example_xcom to 2021-01-01 00:00:00+00:00, run_after=2021-01-01 00:00:00+00:00
[2025-02-27T02:58:56.881+0000] {processor.py:208} INFO - Processing /home/airflow/.local/lib/python3.12/site-packages/airflow/example_dags/example_xcom.py took 0.444 seconds
[2025-02-27T02:59:30.781+0000] {processor.py:186} INFO - Started process (PID=729) to work on /home/airflow/.local/lib/python3.12/site-packages/airflow/example_dags/example_xcom.py
[2025-02-27T02:59:30.784+0000] {processor.py:914} INFO - Processing file /home/airflow/.local/lib/python3.12/site-packages/airflow/example_dags/example_xcom.py for tasks to queue
[2025-02-27T02:59:30.788+0000] {logging_mixin.py:190} INFO - [2025-02-27T02:59:30.787+0000] {dagbag.py:588} INFO - Filling up the DagBag from /home/airflow/.local/lib/python3.12/site-packages/airflow/example_dags/example_xcom.py
[2025-02-27T02:59:30.817+0000] {processor.py:925} INFO - DAG(s) 'example_xcom' retrieved from /home/airflow/.local/lib/python3.12/site-packages/airflow/example_dags/example_xcom.py
[2025-02-27T02:59:31.116+0000] {logging_mixin.py:190} INFO - [2025-02-27T02:59:31.116+0000] {dag.py:3239} INFO - Sync 1 DAGs
[2025-02-27T02:59:31.225+0000] {logging_mixin.py:190} INFO - [2025-02-27T02:59:31.224+0000] {dag.py:4180} INFO - Setting next_dagrun for example_xcom to 2021-01-01 00:00:00+00:00, run_after=2021-01-01 00:00:00+00:00
[2025-02-27T02:59:31.340+0000] {processor.py:208} INFO - Processing /home/airflow/.local/lib/python3.12/site-packages/airflow/example_dags/example_xcom.py took 0.575 seconds
[2025-02-27T03:00:01.923+0000] {processor.py:186} INFO - Started process (PID=792) to work on /home/airflow/.local/lib/python3.12/site-packages/airflow/example_dags/example_xcom.py
[2025-02-27T03:00:01.925+0000] {processor.py:914} INFO - Processing file /home/airflow/.local/lib/python3.12/site-packages/airflow/example_dags/example_xcom.py for tasks to queue
[2025-02-27T03:00:01.929+0000] {logging_mixin.py:190} INFO - [2025-02-27T03:00:01.928+0000] {dagbag.py:588} INFO - Filling up the DagBag from /home/airflow/.local/lib/python3.12/site-packages/airflow/example_dags/example_xcom.py
[2025-02-27T03:00:01.951+0000] {processor.py:925} INFO - DAG(s) 'example_xcom' retrieved from /home/airflow/.local/lib/python3.12/site-packages/airflow/example_dags/example_xcom.py
[2025-02-27T03:00:02.123+0000] {logging_mixin.py:190} INFO - [2025-02-27T03:00:02.123+0000] {dag.py:3239} INFO - Sync 1 DAGs
[2025-02-27T03:00:02.189+0000] {logging_mixin.py:190} INFO - [2025-02-27T03:00:02.187+0000] {dag.py:4180} INFO - Setting next_dagrun for example_xcom to 2021-01-01 00:00:00+00:00, run_after=2021-01-01 00:00:00+00:00
[2025-02-27T03:00:02.239+0000] {processor.py:208} INFO - Processing /home/airflow/.local/lib/python3.12/site-packages/airflow/example_dags/example_xcom.py took 0.333 seconds
[2025-02-27T03:00:33.142+0000] {processor.py:186} INFO - Started process (PID=854) to work on /home/airflow/.local/lib/python3.12/site-packages/airflow/example_dags/example_xcom.py
[2025-02-27T03:00:33.145+0000] {processor.py:914} INFO - Processing file /home/airflow/.local/lib/python3.12/site-packages/airflow/example_dags/example_xcom.py for tasks to queue
[2025-02-27T03:00:33.149+0000] {logging_mixin.py:190} INFO - [2025-02-27T03:00:33.149+0000] {dagbag.py:588} INFO - Filling up the DagBag from /home/airflow/.local/lib/python3.12/site-packages/airflow/example_dags/example_xcom.py
[2025-02-27T03:00:33.168+0000] {processor.py:925} INFO - DAG(s) 'example_xcom' retrieved from /home/airflow/.local/lib/python3.12/site-packages/airflow/example_dags/example_xcom.py
[2025-02-27T03:00:33.367+0000] {logging_mixin.py:190} INFO - [2025-02-27T03:00:33.367+0000] {dag.py:3239} INFO - Sync 1 DAGs
[2025-02-27T03:00:33.439+0000] {logging_mixin.py:190} INFO - [2025-02-27T03:00:33.439+0000] {dag.py:4180} INFO - Setting next_dagrun for example_xcom to 2021-01-01 00:00:00+00:00, run_after=2021-01-01 00:00:00+00:00
[2025-02-27T03:00:33.493+0000] {processor.py:208} INFO - Processing /home/airflow/.local/lib/python3.12/site-packages/airflow/example_dags/example_xcom.py took 0.360 seconds
[2025-02-27T03:01:04.595+0000] {processor.py:186} INFO - Started process (PID=917) to work on /home/airflow/.local/lib/python3.12/site-packages/airflow/example_dags/example_xcom.py
[2025-02-27T03:01:04.597+0000] {processor.py:914} INFO - Processing file /home/airflow/.local/lib/python3.12/site-packages/airflow/example_dags/example_xcom.py for tasks to queue
[2025-02-27T03:01:04.603+0000] {logging_mixin.py:190} INFO - [2025-02-27T03:01:04.602+0000] {dagbag.py:588} INFO - Filling up the DagBag from /home/airflow/.local/lib/python3.12/site-packages/airflow/example_dags/example_xcom.py
[2025-02-27T03:01:04.621+0000] {processor.py:925} INFO - DAG(s) 'example_xcom' retrieved from /home/airflow/.local/lib/python3.12/site-packages/airflow/example_dags/example_xcom.py
[2025-02-27T03:01:04.763+0000] {logging_mixin.py:190} INFO - [2025-02-27T03:01:04.762+0000] {dag.py:3239} INFO - Sync 1 DAGs
[2025-02-27T03:01:04.834+0000] {logging_mixin.py:190} INFO - [2025-02-27T03:01:04.832+0000] {dag.py:4180} INFO - Setting next_dagrun for example_xcom to 2021-01-01 00:00:00+00:00, run_after=2021-01-01 00:00:00+00:00
[2025-02-27T03:01:04.883+0000] {processor.py:208} INFO - Processing /home/airflow/.local/lib/python3.12/site-packages/airflow/example_dags/example_xcom.py took 0.298 seconds
[2025-02-27T03:01:36.186+0000] {processor.py:186} INFO - Started process (PID=980) to work on /home/airflow/.local/lib/python3.12/site-packages/airflow/example_dags/example_xcom.py
[2025-02-27T03:01:36.188+0000] {processor.py:914} INFO - Processing file /home/airflow/.local/lib/python3.12/site-packages/airflow/example_dags/example_xcom.py for tasks to queue
[2025-02-27T03:01:36.193+0000] {logging_mixin.py:190} INFO - [2025-02-27T03:01:36.192+0000] {dagbag.py:588} INFO - Filling up the DagBag from /home/airflow/.local/lib/python3.12/site-packages/airflow/example_dags/example_xcom.py
[2025-02-27T03:01:36.217+0000] {processor.py:925} INFO - DAG(s) 'example_xcom' retrieved from /home/airflow/.local/lib/python3.12/site-packages/airflow/example_dags/example_xcom.py
[2025-02-27T03:01:36.498+0000] {logging_mixin.py:190} INFO - [2025-02-27T03:01:36.497+0000] {dag.py:3239} INFO - Sync 1 DAGs
[2025-02-27T03:01:36.619+0000] {logging_mixin.py:190} INFO - [2025-02-27T03:01:36.619+0000] {dag.py:4180} INFO - Setting next_dagrun for example_xcom to 2021-01-01 00:00:00+00:00, run_after=2021-01-01 00:00:00+00:00
[2025-02-27T03:01:36.691+0000] {processor.py:208} INFO - Processing /home/airflow/.local/lib/python3.12/site-packages/airflow/example_dags/example_xcom.py took 0.519 seconds
[2025-02-27T03:02:08.795+0000] {processor.py:186} INFO - Started process (PID=1043) to work on /home/airflow/.local/lib/python3.12/site-packages/airflow/example_dags/example_xcom.py
[2025-02-27T03:02:08.796+0000] {processor.py:914} INFO - Processing file /home/airflow/.local/lib/python3.12/site-packages/airflow/example_dags/example_xcom.py for tasks to queue
[2025-02-27T03:02:08.800+0000] {logging_mixin.py:190} INFO - [2025-02-27T03:02:08.800+0000] {dagbag.py:588} INFO - Filling up the DagBag from /home/airflow/.local/lib/python3.12/site-packages/airflow/example_dags/example_xcom.py
[2025-02-27T03:02:08.816+0000] {processor.py:925} INFO - DAG(s) 'example_xcom' retrieved from /home/airflow/.local/lib/python3.12/site-packages/airflow/example_dags/example_xcom.py
[2025-02-27T03:02:08.967+0000] {logging_mixin.py:190} INFO - [2025-02-27T03:02:08.967+0000] {dag.py:3239} INFO - Sync 1 DAGs
[2025-02-27T03:02:09.118+0000] {logging_mixin.py:190} INFO - [2025-02-27T03:02:09.117+0000] {dag.py:4180} INFO - Setting next_dagrun for example_xcom to 2021-01-01 00:00:00+00:00, run_after=2021-01-01 00:00:00+00:00
[2025-02-27T03:02:09.217+0000] {processor.py:208} INFO - Processing /home/airflow/.local/lib/python3.12/site-packages/airflow/example_dags/example_xcom.py took 0.433 seconds
[2025-02-27T03:02:42.023+0000] {processor.py:186} INFO - Started process (PID=1106) to work on /home/airflow/.local/lib/python3.12/site-packages/airflow/example_dags/example_xcom.py
[2025-02-27T03:02:42.025+0000] {processor.py:914} INFO - Processing file /home/airflow/.local/lib/python3.12/site-packages/airflow/example_dags/example_xcom.py for tasks to queue
[2025-02-27T03:02:42.029+0000] {logging_mixin.py:190} INFO - [2025-02-27T03:02:42.029+0000] {dagbag.py:588} INFO - Filling up the DagBag from /home/airflow/.local/lib/python3.12/site-packages/airflow/example_dags/example_xcom.py
[2025-02-27T03:02:42.050+0000] {processor.py:925} INFO - DAG(s) 'example_xcom' retrieved from /home/airflow/.local/lib/python3.12/site-packages/airflow/example_dags/example_xcom.py
[2025-02-27T03:02:42.275+0000] {logging_mixin.py:190} INFO - [2025-02-27T03:02:42.274+0000] {dag.py:3239} INFO - Sync 1 DAGs
[2025-02-27T03:02:42.356+0000] {logging_mixin.py:190} INFO - [2025-02-27T03:02:42.356+0000] {dag.py:4180} INFO - Setting next_dagrun for example_xcom to 2021-01-01 00:00:00+00:00, run_after=2021-01-01 00:00:00+00:00
[2025-02-27T03:02:42.435+0000] {processor.py:208} INFO - Processing /home/airflow/.local/lib/python3.12/site-packages/airflow/example_dags/example_xcom.py took 0.425 seconds
[2025-02-27T03:03:14.215+0000] {processor.py:186} INFO - Started process (PID=1169) to work on /home/airflow/.local/lib/python3.12/site-packages/airflow/example_dags/example_xcom.py
[2025-02-27T03:03:14.217+0000] {processor.py:914} INFO - Processing file /home/airflow/.local/lib/python3.12/site-packages/airflow/example_dags/example_xcom.py for tasks to queue
[2025-02-27T03:03:14.231+0000] {logging_mixin.py:190} INFO - [2025-02-27T03:03:14.230+0000] {dagbag.py:588} INFO - Filling up the DagBag from /home/airflow/.local/lib/python3.12/site-packages/airflow/example_dags/example_xcom.py
[2025-02-27T03:03:14.275+0000] {processor.py:925} INFO - DAG(s) 'example_xcom' retrieved from /home/airflow/.local/lib/python3.12/site-packages/airflow/example_dags/example_xcom.py
[2025-02-27T03:03:14.550+0000] {logging_mixin.py:190} INFO - [2025-02-27T03:03:14.550+0000] {dag.py:3239} INFO - Sync 1 DAGs
[2025-02-27T03:03:14.669+0000] {logging_mixin.py:190} INFO - [2025-02-27T03:03:14.668+0000] {dag.py:4180} INFO - Setting next_dagrun for example_xcom to 2021-01-01 00:00:00+00:00, run_after=2021-01-01 00:00:00+00:00
[2025-02-27T03:03:14.754+0000] {processor.py:208} INFO - Processing /home/airflow/.local/lib/python3.12/site-packages/airflow/example_dags/example_xcom.py took 0.558 seconds
[2025-02-27T03:03:46.847+0000] {processor.py:186} INFO - Started process (PID=1233) to work on /home/airflow/.local/lib/python3.12/site-packages/airflow/example_dags/example_xcom.py
[2025-02-27T03:03:46.852+0000] {processor.py:914} INFO - Processing file /home/airflow/.local/lib/python3.12/site-packages/airflow/example_dags/example_xcom.py for tasks to queue
[2025-02-27T03:03:46.860+0000] {logging_mixin.py:190} INFO - [2025-02-27T03:03:46.859+0000] {dagbag.py:588} INFO - Filling up the DagBag from /home/airflow/.local/lib/python3.12/site-packages/airflow/example_dags/example_xcom.py
[2025-02-27T03:03:46.890+0000] {processor.py:925} INFO - DAG(s) 'example_xcom' retrieved from /home/airflow/.local/lib/python3.12/site-packages/airflow/example_dags/example_xcom.py
[2025-02-27T03:03:47.140+0000] {logging_mixin.py:190} INFO - [2025-02-27T03:03:47.139+0000] {dag.py:3239} INFO - Sync 1 DAGs
[2025-02-27T03:03:47.281+0000] {logging_mixin.py:190} INFO - [2025-02-27T03:03:47.281+0000] {dag.py:4180} INFO - Setting next_dagrun for example_xcom to 2021-01-01 00:00:00+00:00, run_after=2021-01-01 00:00:00+00:00
[2025-02-27T03:03:47.456+0000] {processor.py:208} INFO - Processing /home/airflow/.local/lib/python3.12/site-packages/airflow/example_dags/example_xcom.py took 0.626 seconds
[2025-02-27T03:04:17.946+0000] {processor.py:186} INFO - Started process (PID=1296) to work on /home/airflow/.local/lib/python3.12/site-packages/airflow/example_dags/example_xcom.py
[2025-02-27T03:04:17.948+0000] {processor.py:914} INFO - Processing file /home/airflow/.local/lib/python3.12/site-packages/airflow/example_dags/example_xcom.py for tasks to queue
[2025-02-27T03:04:17.955+0000] {logging_mixin.py:190} INFO - [2025-02-27T03:04:17.954+0000] {dagbag.py:588} INFO - Filling up the DagBag from /home/airflow/.local/lib/python3.12/site-packages/airflow/example_dags/example_xcom.py
[2025-02-27T03:04:17.977+0000] {processor.py:925} INFO - DAG(s) 'example_xcom' retrieved from /home/airflow/.local/lib/python3.12/site-packages/airflow/example_dags/example_xcom.py
[2025-02-27T03:04:18.135+0000] {logging_mixin.py:190} INFO - [2025-02-27T03:04:18.134+0000] {dag.py:3239} INFO - Sync 1 DAGs
[2025-02-27T03:04:18.224+0000] {logging_mixin.py:190} INFO - [2025-02-27T03:04:18.224+0000] {dag.py:4180} INFO - Setting next_dagrun for example_xcom to 2021-01-01 00:00:00+00:00, run_after=2021-01-01 00:00:00+00:00
[2025-02-27T03:04:18.288+0000] {processor.py:208} INFO - Processing /home/airflow/.local/lib/python3.12/site-packages/airflow/example_dags/example_xcom.py took 0.355 seconds
[2025-02-27T03:04:50.353+0000] {processor.py:186} INFO - Started process (PID=1366) to work on /home/airflow/.local/lib/python3.12/site-packages/airflow/example_dags/example_xcom.py
[2025-02-27T03:04:50.354+0000] {processor.py:914} INFO - Processing file /home/airflow/.local/lib/python3.12/site-packages/airflow/example_dags/example_xcom.py for tasks to queue
[2025-02-27T03:04:50.357+0000] {logging_mixin.py:190} INFO - [2025-02-27T03:04:50.357+0000] {dagbag.py:588} INFO - Filling up the DagBag from /home/airflow/.local/lib/python3.12/site-packages/airflow/example_dags/example_xcom.py
[2025-02-27T03:04:50.372+0000] {processor.py:925} INFO - DAG(s) 'example_xcom' retrieved from /home/airflow/.local/lib/python3.12/site-packages/airflow/example_dags/example_xcom.py
[2025-02-27T03:04:50.514+0000] {logging_mixin.py:190} INFO - [2025-02-27T03:04:50.514+0000] {dag.py:3239} INFO - Sync 1 DAGs
[2025-02-27T03:04:50.577+0000] {logging_mixin.py:190} INFO - [2025-02-27T03:04:50.577+0000] {dag.py:4180} INFO - Setting next_dagrun for example_xcom to 2021-01-01 00:00:00+00:00, run_after=2021-01-01 00:00:00+00:00
[2025-02-27T03:04:50.631+0000] {processor.py:208} INFO - Processing /home/airflow/.local/lib/python3.12/site-packages/airflow/example_dags/example_xcom.py took 0.291 seconds
[2025-02-27T03:05:22.260+0000] {processor.py:186} INFO - Started process (PID=1429) to work on /home/airflow/.local/lib/python3.12/site-packages/airflow/example_dags/example_xcom.py
[2025-02-27T03:05:22.262+0000] {processor.py:914} INFO - Processing file /home/airflow/.local/lib/python3.12/site-packages/airflow/example_dags/example_xcom.py for tasks to queue
[2025-02-27T03:05:22.266+0000] {logging_mixin.py:190} INFO - [2025-02-27T03:05:22.266+0000] {dagbag.py:588} INFO - Filling up the DagBag from /home/airflow/.local/lib/python3.12/site-packages/airflow/example_dags/example_xcom.py
[2025-02-27T03:05:22.280+0000] {processor.py:925} INFO - DAG(s) 'example_xcom' retrieved from /home/airflow/.local/lib/python3.12/site-packages/airflow/example_dags/example_xcom.py
[2025-02-27T03:05:22.418+0000] {logging_mixin.py:190} INFO - [2025-02-27T03:05:22.417+0000] {dag.py:3239} INFO - Sync 1 DAGs
[2025-02-27T03:05:22.476+0000] {logging_mixin.py:190} INFO - [2025-02-27T03:05:22.475+0000] {dag.py:4180} INFO - Setting next_dagrun for example_xcom to 2021-01-01 00:00:00+00:00, run_after=2021-01-01 00:00:00+00:00
[2025-02-27T03:05:22.532+0000] {processor.py:208} INFO - Processing /home/airflow/.local/lib/python3.12/site-packages/airflow/example_dags/example_xcom.py took 0.284 seconds
[2025-02-27T03:05:54.282+0000] {processor.py:186} INFO - Started process (PID=1493) to work on /home/airflow/.local/lib/python3.12/site-packages/airflow/example_dags/example_xcom.py
[2025-02-27T03:05:54.284+0000] {processor.py:914} INFO - Processing file /home/airflow/.local/lib/python3.12/site-packages/airflow/example_dags/example_xcom.py for tasks to queue
[2025-02-27T03:05:54.292+0000] {logging_mixin.py:190} INFO - [2025-02-27T03:05:54.291+0000] {dagbag.py:588} INFO - Filling up the DagBag from /home/airflow/.local/lib/python3.12/site-packages/airflow/example_dags/example_xcom.py
[2025-02-27T03:05:54.322+0000] {processor.py:925} INFO - DAG(s) 'example_xcom' retrieved from /home/airflow/.local/lib/python3.12/site-packages/airflow/example_dags/example_xcom.py
[2025-02-27T03:05:54.476+0000] {logging_mixin.py:190} INFO - [2025-02-27T03:05:54.475+0000] {dag.py:3239} INFO - Sync 1 DAGs
[2025-02-27T03:05:54.551+0000] {logging_mixin.py:190} INFO - [2025-02-27T03:05:54.550+0000] {dag.py:4180} INFO - Setting next_dagrun for example_xcom to 2021-01-01 00:00:00+00:00, run_after=2021-01-01 00:00:00+00:00
[2025-02-27T03:05:54.838+0000] {processor.py:208} INFO - Processing /home/airflow/.local/lib/python3.12/site-packages/airflow/example_dags/example_xcom.py took 0.575 seconds
[2025-02-27T03:06:25.428+0000] {processor.py:186} INFO - Started process (PID=1556) to work on /home/airflow/.local/lib/python3.12/site-packages/airflow/example_dags/example_xcom.py
[2025-02-27T03:06:25.430+0000] {processor.py:914} INFO - Processing file /home/airflow/.local/lib/python3.12/site-packages/airflow/example_dags/example_xcom.py for tasks to queue
[2025-02-27T03:06:25.434+0000] {logging_mixin.py:190} INFO - [2025-02-27T03:06:25.434+0000] {dagbag.py:588} INFO - Filling up the DagBag from /home/airflow/.local/lib/python3.12/site-packages/airflow/example_dags/example_xcom.py
[2025-02-27T03:06:25.448+0000] {processor.py:925} INFO - DAG(s) 'example_xcom' retrieved from /home/airflow/.local/lib/python3.12/site-packages/airflow/example_dags/example_xcom.py
[2025-02-27T03:06:25.601+0000] {logging_mixin.py:190} INFO - [2025-02-27T03:06:25.601+0000] {dag.py:3239} INFO - Sync 1 DAGs
[2025-02-27T03:06:25.661+0000] {logging_mixin.py:190} INFO - [2025-02-27T03:06:25.661+0000] {dag.py:4180} INFO - Setting next_dagrun for example_xcom to 2021-01-01 00:00:00+00:00, run_after=2021-01-01 00:00:00+00:00
[2025-02-27T03:06:25.729+0000] {processor.py:208} INFO - Processing /home/airflow/.local/lib/python3.12/site-packages/airflow/example_dags/example_xcom.py took 0.309 seconds
[2025-02-27T03:06:57.261+0000] {processor.py:186} INFO - Started process (PID=1619) to work on /home/airflow/.local/lib/python3.12/site-packages/airflow/example_dags/example_xcom.py
[2025-02-27T03:06:57.268+0000] {processor.py:914} INFO - Processing file /home/airflow/.local/lib/python3.12/site-packages/airflow/example_dags/example_xcom.py for tasks to queue
[2025-02-27T03:06:57.275+0000] {logging_mixin.py:190} INFO - [2025-02-27T03:06:57.274+0000] {dagbag.py:588} INFO - Filling up the DagBag from /home/airflow/.local/lib/python3.12/site-packages/airflow/example_dags/example_xcom.py
[2025-02-27T03:06:57.299+0000] {processor.py:925} INFO - DAG(s) 'example_xcom' retrieved from /home/airflow/.local/lib/python3.12/site-packages/airflow/example_dags/example_xcom.py
[2025-02-27T03:06:57.477+0000] {logging_mixin.py:190} INFO - [2025-02-27T03:06:57.476+0000] {dag.py:3239} INFO - Sync 1 DAGs
[2025-02-27T03:06:57.564+0000] {logging_mixin.py:190} INFO - [2025-02-27T03:06:57.561+0000] {dag.py:4180} INFO - Setting next_dagrun for example_xcom to 2021-01-01 00:00:00+00:00, run_after=2021-01-01 00:00:00+00:00
[2025-02-27T03:06:57.638+0000] {processor.py:208} INFO - Processing /home/airflow/.local/lib/python3.12/site-packages/airflow/example_dags/example_xcom.py took 0.401 seconds
[2025-02-27T03:07:28.847+0000] {processor.py:186} INFO - Started process (PID=1682) to work on /home/airflow/.local/lib/python3.12/site-packages/airflow/example_dags/example_xcom.py
[2025-02-27T03:07:28.848+0000] {processor.py:914} INFO - Processing file /home/airflow/.local/lib/python3.12/site-packages/airflow/example_dags/example_xcom.py for tasks to queue
[2025-02-27T03:07:28.853+0000] {logging_mixin.py:190} INFO - [2025-02-27T03:07:28.852+0000] {dagbag.py:588} INFO - Filling up the DagBag from /home/airflow/.local/lib/python3.12/site-packages/airflow/example_dags/example_xcom.py
[2025-02-27T03:07:28.874+0000] {processor.py:925} INFO - DAG(s) 'example_xcom' retrieved from /home/airflow/.local/lib/python3.12/site-packages/airflow/example_dags/example_xcom.py
[2025-02-27T03:07:29.034+0000] {logging_mixin.py:190} INFO - [2025-02-27T03:07:29.033+0000] {dag.py:3239} INFO - Sync 1 DAGs
[2025-02-27T03:07:29.103+0000] {logging_mixin.py:190} INFO - [2025-02-27T03:07:29.102+0000] {dag.py:4180} INFO - Setting next_dagrun for example_xcom to 2021-01-01 00:00:00+00:00, run_after=2021-01-01 00:00:00+00:00
[2025-02-27T03:07:29.166+0000] {processor.py:208} INFO - Processing /home/airflow/.local/lib/python3.12/site-packages/airflow/example_dags/example_xcom.py took 0.333 seconds
[2025-02-27T03:07:59.474+0000] {processor.py:186} INFO - Started process (PID=1745) to work on /home/airflow/.local/lib/python3.12/site-packages/airflow/example_dags/example_xcom.py
[2025-02-27T03:07:59.475+0000] {processor.py:914} INFO - Processing file /home/airflow/.local/lib/python3.12/site-packages/airflow/example_dags/example_xcom.py for tasks to queue
[2025-02-27T03:07:59.479+0000] {logging_mixin.py:190} INFO - [2025-02-27T03:07:59.479+0000] {dagbag.py:588} INFO - Filling up the DagBag from /home/airflow/.local/lib/python3.12/site-packages/airflow/example_dags/example_xcom.py
[2025-02-27T03:07:59.497+0000] {processor.py:925} INFO - DAG(s) 'example_xcom' retrieved from /home/airflow/.local/lib/python3.12/site-packages/airflow/example_dags/example_xcom.py
[2025-02-27T03:07:59.633+0000] {logging_mixin.py:190} INFO - [2025-02-27T03:07:59.632+0000] {dag.py:3239} INFO - Sync 1 DAGs
[2025-02-27T03:07:59.701+0000] {logging_mixin.py:190} INFO - [2025-02-27T03:07:59.700+0000] {dag.py:4180} INFO - Setting next_dagrun for example_xcom to 2021-01-01 00:00:00+00:00, run_after=2021-01-01 00:00:00+00:00
[2025-02-27T03:07:59.759+0000] {processor.py:208} INFO - Processing /home/airflow/.local/lib/python3.12/site-packages/airflow/example_dags/example_xcom.py took 0.294 seconds
[2025-02-27T03:08:29.961+0000] {processor.py:186} INFO - Started process (PID=1807) to work on /home/airflow/.local/lib/python3.12/site-packages/airflow/example_dags/example_xcom.py
[2025-02-27T03:08:29.963+0000] {processor.py:914} INFO - Processing file /home/airflow/.local/lib/python3.12/site-packages/airflow/example_dags/example_xcom.py for tasks to queue
[2025-02-27T03:08:29.968+0000] {logging_mixin.py:190} INFO - [2025-02-27T03:08:29.967+0000] {dagbag.py:588} INFO - Filling up the DagBag from /home/airflow/.local/lib/python3.12/site-packages/airflow/example_dags/example_xcom.py
[2025-02-27T03:08:29.983+0000] {processor.py:925} INFO - DAG(s) 'example_xcom' retrieved from /home/airflow/.local/lib/python3.12/site-packages/airflow/example_dags/example_xcom.py
[2025-02-27T03:08:30.147+0000] {logging_mixin.py:190} INFO - [2025-02-27T03:08:30.146+0000] {dag.py:3239} INFO - Sync 1 DAGs
[2025-02-27T03:08:30.210+0000] {logging_mixin.py:190} INFO - [2025-02-27T03:08:30.209+0000] {dag.py:4180} INFO - Setting next_dagrun for example_xcom to 2021-01-01 00:00:00+00:00, run_after=2021-01-01 00:00:00+00:00
[2025-02-27T03:08:30.261+0000] {processor.py:208} INFO - Processing /home/airflow/.local/lib/python3.12/site-packages/airflow/example_dags/example_xcom.py took 0.309 seconds
[2025-02-27T03:09:00.635+0000] {processor.py:186} INFO - Started process (PID=1870) to work on /home/airflow/.local/lib/python3.12/site-packages/airflow/example_dags/example_xcom.py
[2025-02-27T03:09:00.636+0000] {processor.py:914} INFO - Processing file /home/airflow/.local/lib/python3.12/site-packages/airflow/example_dags/example_xcom.py for tasks to queue
[2025-02-27T03:09:00.640+0000] {logging_mixin.py:190} INFO - [2025-02-27T03:09:00.639+0000] {dagbag.py:588} INFO - Filling up the DagBag from /home/airflow/.local/lib/python3.12/site-packages/airflow/example_dags/example_xcom.py
[2025-02-27T03:09:00.656+0000] {processor.py:925} INFO - DAG(s) 'example_xcom' retrieved from /home/airflow/.local/lib/python3.12/site-packages/airflow/example_dags/example_xcom.py
[2025-02-27T03:09:00.817+0000] {logging_mixin.py:190} INFO - [2025-02-27T03:09:00.817+0000] {dag.py:3239} INFO - Sync 1 DAGs
[2025-02-27T03:09:00.884+0000] {logging_mixin.py:190} INFO - [2025-02-27T03:09:00.883+0000] {dag.py:4180} INFO - Setting next_dagrun for example_xcom to 2021-01-01 00:00:00+00:00, run_after=2021-01-01 00:00:00+00:00
[2025-02-27T03:09:00.956+0000] {processor.py:208} INFO - Processing /home/airflow/.local/lib/python3.12/site-packages/airflow/example_dags/example_xcom.py took 0.331 seconds
[2025-02-27T03:09:31.045+0000] {processor.py:186} INFO - Started process (PID=1932) to work on /home/airflow/.local/lib/python3.12/site-packages/airflow/example_dags/example_xcom.py
[2025-02-27T03:09:31.047+0000] {processor.py:914} INFO - Processing file /home/airflow/.local/lib/python3.12/site-packages/airflow/example_dags/example_xcom.py for tasks to queue
[2025-02-27T03:09:31.052+0000] {logging_mixin.py:190} INFO - [2025-02-27T03:09:31.051+0000] {dagbag.py:588} INFO - Filling up the DagBag from /home/airflow/.local/lib/python3.12/site-packages/airflow/example_dags/example_xcom.py
[2025-02-27T03:09:31.076+0000] {processor.py:925} INFO - DAG(s) 'example_xcom' retrieved from /home/airflow/.local/lib/python3.12/site-packages/airflow/example_dags/example_xcom.py
[2025-02-27T03:09:31.352+0000] {logging_mixin.py:190} INFO - [2025-02-27T03:09:31.351+0000] {dag.py:3239} INFO - Sync 1 DAGs
[2025-02-27T03:09:31.481+0000] {logging_mixin.py:190} INFO - [2025-02-27T03:09:31.481+0000] {dag.py:4180} INFO - Setting next_dagrun for example_xcom to 2021-01-01 00:00:00+00:00, run_after=2021-01-01 00:00:00+00:00
[2025-02-27T03:09:31.588+0000] {processor.py:208} INFO - Processing /home/airflow/.local/lib/python3.12/site-packages/airflow/example_dags/example_xcom.py took 0.559 seconds
[2025-02-27T03:10:01.802+0000] {processor.py:186} INFO - Started process (PID=1995) to work on /home/airflow/.local/lib/python3.12/site-packages/airflow/example_dags/example_xcom.py
[2025-02-27T03:10:01.803+0000] {processor.py:914} INFO - Processing file /home/airflow/.local/lib/python3.12/site-packages/airflow/example_dags/example_xcom.py for tasks to queue
[2025-02-27T03:10:01.808+0000] {logging_mixin.py:190} INFO - [2025-02-27T03:10:01.807+0000] {dagbag.py:588} INFO - Filling up the DagBag from /home/airflow/.local/lib/python3.12/site-packages/airflow/example_dags/example_xcom.py
[2025-02-27T03:10:01.828+0000] {processor.py:925} INFO - DAG(s) 'example_xcom' retrieved from /home/airflow/.local/lib/python3.12/site-packages/airflow/example_dags/example_xcom.py
[2025-02-27T03:10:02.016+0000] {logging_mixin.py:190} INFO - [2025-02-27T03:10:02.015+0000] {dag.py:3239} INFO - Sync 1 DAGs
[2025-02-27T03:10:02.076+0000] {logging_mixin.py:190} INFO - [2025-02-27T03:10:02.076+0000] {dag.py:4180} INFO - Setting next_dagrun for example_xcom to 2021-01-01 00:00:00+00:00, run_after=2021-01-01 00:00:00+00:00
[2025-02-27T03:10:02.139+0000] {processor.py:208} INFO - Processing /home/airflow/.local/lib/python3.12/site-packages/airflow/example_dags/example_xcom.py took 0.348 seconds
[2025-02-27T03:10:32.511+0000] {processor.py:186} INFO - Started process (PID=2058) to work on /home/airflow/.local/lib/python3.12/site-packages/airflow/example_dags/example_xcom.py
[2025-02-27T03:10:32.514+0000] {processor.py:914} INFO - Processing file /home/airflow/.local/lib/python3.12/site-packages/airflow/example_dags/example_xcom.py for tasks to queue
[2025-02-27T03:10:32.518+0000] {logging_mixin.py:190} INFO - [2025-02-27T03:10:32.517+0000] {dagbag.py:588} INFO - Filling up the DagBag from /home/airflow/.local/lib/python3.12/site-packages/airflow/example_dags/example_xcom.py
[2025-02-27T03:10:32.534+0000] {processor.py:925} INFO - DAG(s) 'example_xcom' retrieved from /home/airflow/.local/lib/python3.12/site-packages/airflow/example_dags/example_xcom.py
[2025-02-27T03:10:32.676+0000] {logging_mixin.py:190} INFO - [2025-02-27T03:10:32.675+0000] {dag.py:3239} INFO - Sync 1 DAGs
[2025-02-27T03:10:32.736+0000] {logging_mixin.py:190} INFO - [2025-02-27T03:10:32.736+0000] {dag.py:4180} INFO - Setting next_dagrun for example_xcom to 2021-01-01 00:00:00+00:00, run_after=2021-01-01 00:00:00+00:00
[2025-02-27T03:10:32.809+0000] {processor.py:208} INFO - Processing /home/airflow/.local/lib/python3.12/site-packages/airflow/example_dags/example_xcom.py took 0.311 seconds
[2025-02-27T03:11:03.176+0000] {processor.py:186} INFO - Started process (PID=2121) to work on /home/airflow/.local/lib/python3.12/site-packages/airflow/example_dags/example_xcom.py
[2025-02-27T03:11:03.178+0000] {processor.py:914} INFO - Processing file /home/airflow/.local/lib/python3.12/site-packages/airflow/example_dags/example_xcom.py for tasks to queue
[2025-02-27T03:11:03.181+0000] {logging_mixin.py:190} INFO - [2025-02-27T03:11:03.181+0000] {dagbag.py:588} INFO - Filling up the DagBag from /home/airflow/.local/lib/python3.12/site-packages/airflow/example_dags/example_xcom.py
[2025-02-27T03:11:03.197+0000] {processor.py:925} INFO - DAG(s) 'example_xcom' retrieved from /home/airflow/.local/lib/python3.12/site-packages/airflow/example_dags/example_xcom.py
[2025-02-27T03:11:03.360+0000] {logging_mixin.py:190} INFO - [2025-02-27T03:11:03.360+0000] {dag.py:3239} INFO - Sync 1 DAGs
[2025-02-27T03:11:03.415+0000] {logging_mixin.py:190} INFO - [2025-02-27T03:11:03.415+0000] {dag.py:4180} INFO - Setting next_dagrun for example_xcom to 2021-01-01 00:00:00+00:00, run_after=2021-01-01 00:00:00+00:00
[2025-02-27T03:11:03.480+0000] {processor.py:208} INFO - Processing /home/airflow/.local/lib/python3.12/site-packages/airflow/example_dags/example_xcom.py took 0.310 seconds
[2025-02-27T03:11:33.782+0000] {processor.py:186} INFO - Started process (PID=2184) to work on /home/airflow/.local/lib/python3.12/site-packages/airflow/example_dags/example_xcom.py
[2025-02-27T03:11:33.784+0000] {processor.py:914} INFO - Processing file /home/airflow/.local/lib/python3.12/site-packages/airflow/example_dags/example_xcom.py for tasks to queue
[2025-02-27T03:11:33.788+0000] {logging_mixin.py:190} INFO - [2025-02-27T03:11:33.787+0000] {dagbag.py:588} INFO - Filling up the DagBag from /home/airflow/.local/lib/python3.12/site-packages/airflow/example_dags/example_xcom.py
[2025-02-27T03:11:33.800+0000] {processor.py:925} INFO - DAG(s) 'example_xcom' retrieved from /home/airflow/.local/lib/python3.12/site-packages/airflow/example_dags/example_xcom.py
[2025-02-27T03:11:33.941+0000] {logging_mixin.py:190} INFO - [2025-02-27T03:11:33.941+0000] {dag.py:3239} INFO - Sync 1 DAGs
[2025-02-27T03:11:33.994+0000] {logging_mixin.py:190} INFO - [2025-02-27T03:11:33.994+0000] {dag.py:4180} INFO - Setting next_dagrun for example_xcom to 2021-01-01 00:00:00+00:00, run_after=2021-01-01 00:00:00+00:00
[2025-02-27T03:11:34.063+0000] {processor.py:208} INFO - Processing /home/airflow/.local/lib/python3.12/site-packages/airflow/example_dags/example_xcom.py took 0.292 seconds
[2025-02-27T03:12:06.671+0000] {processor.py:186} INFO - Started process (PID=2247) to work on /home/airflow/.local/lib/python3.12/site-packages/airflow/example_dags/example_xcom.py
[2025-02-27T03:12:06.674+0000] {processor.py:914} INFO - Processing file /home/airflow/.local/lib/python3.12/site-packages/airflow/example_dags/example_xcom.py for tasks to queue
[2025-02-27T03:12:06.679+0000] {logging_mixin.py:190} INFO - [2025-02-27T03:12:06.678+0000] {dagbag.py:588} INFO - Filling up the DagBag from /home/airflow/.local/lib/python3.12/site-packages/airflow/example_dags/example_xcom.py
[2025-02-27T03:12:06.715+0000] {processor.py:925} INFO - DAG(s) 'example_xcom' retrieved from /home/airflow/.local/lib/python3.12/site-packages/airflow/example_dags/example_xcom.py
[2025-02-27T03:12:07.087+0000] {logging_mixin.py:190} INFO - [2025-02-27T03:12:07.087+0000] {dag.py:3239} INFO - Sync 1 DAGs
[2025-02-27T03:12:07.241+0000] {logging_mixin.py:190} INFO - [2025-02-27T03:12:07.239+0000] {dag.py:4180} INFO - Setting next_dagrun for example_xcom to 2021-01-01 00:00:00+00:00, run_after=2021-01-01 00:00:00+00:00
[2025-02-27T03:12:07.381+0000] {processor.py:208} INFO - Processing /home/airflow/.local/lib/python3.12/site-packages/airflow/example_dags/example_xcom.py took 0.726 seconds
[2025-02-27T03:12:37.560+0000] {processor.py:186} INFO - Started process (PID=2310) to work on /home/airflow/.local/lib/python3.12/site-packages/airflow/example_dags/example_xcom.py
[2025-02-27T03:12:37.562+0000] {processor.py:914} INFO - Processing file /home/airflow/.local/lib/python3.12/site-packages/airflow/example_dags/example_xcom.py for tasks to queue
[2025-02-27T03:12:37.566+0000] {logging_mixin.py:190} INFO - [2025-02-27T03:12:37.565+0000] {dagbag.py:588} INFO - Filling up the DagBag from /home/airflow/.local/lib/python3.12/site-packages/airflow/example_dags/example_xcom.py
[2025-02-27T03:12:37.580+0000] {processor.py:925} INFO - DAG(s) 'example_xcom' retrieved from /home/airflow/.local/lib/python3.12/site-packages/airflow/example_dags/example_xcom.py
[2025-02-27T03:12:37.728+0000] {logging_mixin.py:190} INFO - [2025-02-27T03:12:37.728+0000] {dag.py:3239} INFO - Sync 1 DAGs
[2025-02-27T03:12:37.789+0000] {logging_mixin.py:190} INFO - [2025-02-27T03:12:37.789+0000] {dag.py:4180} INFO - Setting next_dagrun for example_xcom to 2021-01-01 00:00:00+00:00, run_after=2021-01-01 00:00:00+00:00
[2025-02-27T03:12:37.850+0000] {processor.py:208} INFO - Processing /home/airflow/.local/lib/python3.12/site-packages/airflow/example_dags/example_xcom.py took 0.298 seconds
[2025-02-27T03:13:08.743+0000] {processor.py:186} INFO - Started process (PID=2373) to work on /home/airflow/.local/lib/python3.12/site-packages/airflow/example_dags/example_xcom.py
[2025-02-27T03:13:08.746+0000] {processor.py:914} INFO - Processing file /home/airflow/.local/lib/python3.12/site-packages/airflow/example_dags/example_xcom.py for tasks to queue
[2025-02-27T03:13:08.750+0000] {logging_mixin.py:190} INFO - [2025-02-27T03:13:08.749+0000] {dagbag.py:588} INFO - Filling up the DagBag from /home/airflow/.local/lib/python3.12/site-packages/airflow/example_dags/example_xcom.py
[2025-02-27T03:13:08.768+0000] {processor.py:925} INFO - DAG(s) 'example_xcom' retrieved from /home/airflow/.local/lib/python3.12/site-packages/airflow/example_dags/example_xcom.py
[2025-02-27T03:13:08.902+0000] {logging_mixin.py:190} INFO - [2025-02-27T03:13:08.901+0000] {dag.py:3239} INFO - Sync 1 DAGs
[2025-02-27T03:13:08.960+0000] {logging_mixin.py:190} INFO - [2025-02-27T03:13:08.960+0000] {dag.py:4180} INFO - Setting next_dagrun for example_xcom to 2021-01-01 00:00:00+00:00, run_after=2021-01-01 00:00:00+00:00
[2025-02-27T03:13:09.017+0000] {processor.py:208} INFO - Processing /home/airflow/.local/lib/python3.12/site-packages/airflow/example_dags/example_xcom.py took 0.283 seconds
[2025-02-27T03:13:39.918+0000] {processor.py:186} INFO - Started process (PID=2436) to work on /home/airflow/.local/lib/python3.12/site-packages/airflow/example_dags/example_xcom.py
[2025-02-27T03:13:39.920+0000] {processor.py:914} INFO - Processing file /home/airflow/.local/lib/python3.12/site-packages/airflow/example_dags/example_xcom.py for tasks to queue
[2025-02-27T03:13:39.924+0000] {logging_mixin.py:190} INFO - [2025-02-27T03:13:39.923+0000] {dagbag.py:588} INFO - Filling up the DagBag from /home/airflow/.local/lib/python3.12/site-packages/airflow/example_dags/example_xcom.py
[2025-02-27T03:13:39.942+0000] {processor.py:925} INFO - DAG(s) 'example_xcom' retrieved from /home/airflow/.local/lib/python3.12/site-packages/airflow/example_dags/example_xcom.py
[2025-02-27T03:13:40.132+0000] {logging_mixin.py:190} INFO - [2025-02-27T03:13:40.132+0000] {dag.py:3239} INFO - Sync 1 DAGs
[2025-02-27T03:13:40.209+0000] {logging_mixin.py:190} INFO - [2025-02-27T03:13:40.209+0000] {dag.py:4180} INFO - Setting next_dagrun for example_xcom to 2021-01-01 00:00:00+00:00, run_after=2021-01-01 00:00:00+00:00
[2025-02-27T03:13:40.284+0000] {processor.py:208} INFO - Processing /home/airflow/.local/lib/python3.12/site-packages/airflow/example_dags/example_xcom.py took 0.375 seconds
[2025-02-27T03:14:11.529+0000] {processor.py:186} INFO - Started process (PID=2500) to work on /home/airflow/.local/lib/python3.12/site-packages/airflow/example_dags/example_xcom.py
[2025-02-27T03:14:11.532+0000] {processor.py:914} INFO - Processing file /home/airflow/.local/lib/python3.12/site-packages/airflow/example_dags/example_xcom.py for tasks to queue
[2025-02-27T03:14:11.537+0000] {logging_mixin.py:190} INFO - [2025-02-27T03:14:11.536+0000] {dagbag.py:588} INFO - Filling up the DagBag from /home/airflow/.local/lib/python3.12/site-packages/airflow/example_dags/example_xcom.py
[2025-02-27T03:14:11.568+0000] {processor.py:925} INFO - DAG(s) 'example_xcom' retrieved from /home/airflow/.local/lib/python3.12/site-packages/airflow/example_dags/example_xcom.py
[2025-02-27T03:14:12.049+0000] {logging_mixin.py:190} INFO - [2025-02-27T03:14:12.049+0000] {dag.py:3239} INFO - Sync 1 DAGs
[2025-02-27T03:14:12.147+0000] {logging_mixin.py:190} INFO - [2025-02-27T03:14:12.147+0000] {dag.py:4180} INFO - Setting next_dagrun for example_xcom to 2021-01-01 00:00:00+00:00, run_after=2021-01-01 00:00:00+00:00
[2025-02-27T03:14:12.229+0000] {processor.py:208} INFO - Processing /home/airflow/.local/lib/python3.12/site-packages/airflow/example_dags/example_xcom.py took 0.715 seconds
[2025-02-27T03:14:42.732+0000] {processor.py:186} INFO - Started process (PID=2562) to work on /home/airflow/.local/lib/python3.12/site-packages/airflow/example_dags/example_xcom.py
[2025-02-27T03:14:42.734+0000] {processor.py:914} INFO - Processing file /home/airflow/.local/lib/python3.12/site-packages/airflow/example_dags/example_xcom.py for tasks to queue
[2025-02-27T03:14:42.738+0000] {logging_mixin.py:190} INFO - [2025-02-27T03:14:42.738+0000] {dagbag.py:588} INFO - Filling up the DagBag from /home/airflow/.local/lib/python3.12/site-packages/airflow/example_dags/example_xcom.py
[2025-02-27T03:14:42.751+0000] {processor.py:925} INFO - DAG(s) 'example_xcom' retrieved from /home/airflow/.local/lib/python3.12/site-packages/airflow/example_dags/example_xcom.py
[2025-02-27T03:14:42.894+0000] {logging_mixin.py:190} INFO - [2025-02-27T03:14:42.893+0000] {dag.py:3239} INFO - Sync 1 DAGs
[2025-02-27T03:14:42.957+0000] {logging_mixin.py:190} INFO - [2025-02-27T03:14:42.957+0000] {dag.py:4180} INFO - Setting next_dagrun for example_xcom to 2021-01-01 00:00:00+00:00, run_after=2021-01-01 00:00:00+00:00
[2025-02-27T03:14:43.032+0000] {processor.py:208} INFO - Processing /home/airflow/.local/lib/python3.12/site-packages/airflow/example_dags/example_xcom.py took 0.307 seconds
[2025-02-27T03:15:13.485+0000] {processor.py:186} INFO - Started process (PID=2625) to work on /home/airflow/.local/lib/python3.12/site-packages/airflow/example_dags/example_xcom.py
[2025-02-27T03:15:13.488+0000] {processor.py:914} INFO - Processing file /home/airflow/.local/lib/python3.12/site-packages/airflow/example_dags/example_xcom.py for tasks to queue
[2025-02-27T03:15:13.500+0000] {logging_mixin.py:190} INFO - [2025-02-27T03:15:13.500+0000] {dagbag.py:588} INFO - Filling up the DagBag from /home/airflow/.local/lib/python3.12/site-packages/airflow/example_dags/example_xcom.py
[2025-02-27T03:15:13.519+0000] {processor.py:925} INFO - DAG(s) 'example_xcom' retrieved from /home/airflow/.local/lib/python3.12/site-packages/airflow/example_dags/example_xcom.py
[2025-02-27T03:15:13.695+0000] {logging_mixin.py:190} INFO - [2025-02-27T03:15:13.695+0000] {dag.py:3239} INFO - Sync 1 DAGs
[2025-02-27T03:15:13.761+0000] {logging_mixin.py:190} INFO - [2025-02-27T03:15:13.760+0000] {dag.py:4180} INFO - Setting next_dagrun for example_xcom to 2021-01-01 00:00:00+00:00, run_after=2021-01-01 00:00:00+00:00
[2025-02-27T03:15:13.841+0000] {processor.py:208} INFO - Processing /home/airflow/.local/lib/python3.12/site-packages/airflow/example_dags/example_xcom.py took 0.363 seconds
[2025-02-27T03:15:43.924+0000] {processor.py:186} INFO - Started process (PID=2688) to work on /home/airflow/.local/lib/python3.12/site-packages/airflow/example_dags/example_xcom.py
[2025-02-27T03:15:43.926+0000] {processor.py:914} INFO - Processing file /home/airflow/.local/lib/python3.12/site-packages/airflow/example_dags/example_xcom.py for tasks to queue
[2025-02-27T03:15:43.931+0000] {logging_mixin.py:190} INFO - [2025-02-27T03:15:43.930+0000] {dagbag.py:588} INFO - Filling up the DagBag from /home/airflow/.local/lib/python3.12/site-packages/airflow/example_dags/example_xcom.py
[2025-02-27T03:15:43.943+0000] {processor.py:925} INFO - DAG(s) 'example_xcom' retrieved from /home/airflow/.local/lib/python3.12/site-packages/airflow/example_dags/example_xcom.py
[2025-02-27T03:15:44.112+0000] {logging_mixin.py:190} INFO - [2025-02-27T03:15:44.112+0000] {dag.py:3239} INFO - Sync 1 DAGs
[2025-02-27T03:15:44.175+0000] {logging_mixin.py:190} INFO - [2025-02-27T03:15:44.174+0000] {dag.py:4180} INFO - Setting next_dagrun for example_xcom to 2021-01-01 00:00:00+00:00, run_after=2021-01-01 00:00:00+00:00
[2025-02-27T03:15:44.259+0000] {processor.py:208} INFO - Processing /home/airflow/.local/lib/python3.12/site-packages/airflow/example_dags/example_xcom.py took 0.342 seconds
[2025-02-27T03:16:15.240+0000] {processor.py:186} INFO - Started process (PID=2751) to work on /home/airflow/.local/lib/python3.12/site-packages/airflow/example_dags/example_xcom.py
[2025-02-27T03:16:15.242+0000] {processor.py:914} INFO - Processing file /home/airflow/.local/lib/python3.12/site-packages/airflow/example_dags/example_xcom.py for tasks to queue
[2025-02-27T03:16:15.247+0000] {logging_mixin.py:190} INFO - [2025-02-27T03:16:15.247+0000] {dagbag.py:588} INFO - Filling up the DagBag from /home/airflow/.local/lib/python3.12/site-packages/airflow/example_dags/example_xcom.py
[2025-02-27T03:16:15.267+0000] {processor.py:925} INFO - DAG(s) 'example_xcom' retrieved from /home/airflow/.local/lib/python3.12/site-packages/airflow/example_dags/example_xcom.py
[2025-02-27T03:16:15.407+0000] {logging_mixin.py:190} INFO - [2025-02-27T03:16:15.406+0000] {dag.py:3239} INFO - Sync 1 DAGs
[2025-02-27T03:16:15.468+0000] {logging_mixin.py:190} INFO - [2025-02-27T03:16:15.468+0000] {dag.py:4180} INFO - Setting next_dagrun for example_xcom to 2021-01-01 00:00:00+00:00, run_after=2021-01-01 00:00:00+00:00
[2025-02-27T03:16:15.527+0000] {processor.py:208} INFO - Processing /home/airflow/.local/lib/python3.12/site-packages/airflow/example_dags/example_xcom.py took 0.297 seconds
[2025-02-27T03:16:46.283+0000] {processor.py:186} INFO - Started process (PID=2814) to work on /home/airflow/.local/lib/python3.12/site-packages/airflow/example_dags/example_xcom.py
[2025-02-27T03:16:46.285+0000] {processor.py:914} INFO - Processing file /home/airflow/.local/lib/python3.12/site-packages/airflow/example_dags/example_xcom.py for tasks to queue
[2025-02-27T03:16:46.289+0000] {logging_mixin.py:190} INFO - [2025-02-27T03:16:46.289+0000] {dagbag.py:588} INFO - Filling up the DagBag from /home/airflow/.local/lib/python3.12/site-packages/airflow/example_dags/example_xcom.py
[2025-02-27T03:16:46.309+0000] {processor.py:925} INFO - DAG(s) 'example_xcom' retrieved from /home/airflow/.local/lib/python3.12/site-packages/airflow/example_dags/example_xcom.py
[2025-02-27T03:16:46.508+0000] {logging_mixin.py:190} INFO - [2025-02-27T03:16:46.508+0000] {dag.py:3239} INFO - Sync 1 DAGs
[2025-02-27T03:16:46.601+0000] {logging_mixin.py:190} INFO - [2025-02-27T03:16:46.600+0000] {dag.py:4180} INFO - Setting next_dagrun for example_xcom to 2021-01-01 00:00:00+00:00, run_after=2021-01-01 00:00:00+00:00
[2025-02-27T03:16:46.678+0000] {processor.py:208} INFO - Processing /home/airflow/.local/lib/python3.12/site-packages/airflow/example_dags/example_xcom.py took 0.404 seconds
[2025-02-27T03:17:16.893+0000] {processor.py:186} INFO - Started process (PID=2877) to work on /home/airflow/.local/lib/python3.12/site-packages/airflow/example_dags/example_xcom.py
[2025-02-27T03:17:16.895+0000] {processor.py:914} INFO - Processing file /home/airflow/.local/lib/python3.12/site-packages/airflow/example_dags/example_xcom.py for tasks to queue
[2025-02-27T03:17:16.903+0000] {logging_mixin.py:190} INFO - [2025-02-27T03:17:16.902+0000] {dagbag.py:588} INFO - Filling up the DagBag from /home/airflow/.local/lib/python3.12/site-packages/airflow/example_dags/example_xcom.py
[2025-02-27T03:17:16.922+0000] {processor.py:925} INFO - DAG(s) 'example_xcom' retrieved from /home/airflow/.local/lib/python3.12/site-packages/airflow/example_dags/example_xcom.py
[2025-02-27T03:17:17.095+0000] {logging_mixin.py:190} INFO - [2025-02-27T03:17:17.094+0000] {dag.py:3239} INFO - Sync 1 DAGs
[2025-02-27T03:17:17.186+0000] {logging_mixin.py:190} INFO - [2025-02-27T03:17:17.185+0000] {dag.py:4180} INFO - Setting next_dagrun for example_xcom to 2021-01-01 00:00:00+00:00, run_after=2021-01-01 00:00:00+00:00
[2025-02-27T03:17:17.247+0000] {processor.py:208} INFO - Processing /home/airflow/.local/lib/python3.12/site-packages/airflow/example_dags/example_xcom.py took 0.363 seconds
[2025-02-27T03:17:47.530+0000] {processor.py:186} INFO - Started process (PID=2939) to work on /home/airflow/.local/lib/python3.12/site-packages/airflow/example_dags/example_xcom.py
[2025-02-27T03:17:47.532+0000] {processor.py:914} INFO - Processing file /home/airflow/.local/lib/python3.12/site-packages/airflow/example_dags/example_xcom.py for tasks to queue
[2025-02-27T03:17:47.536+0000] {logging_mixin.py:190} INFO - [2025-02-27T03:17:47.536+0000] {dagbag.py:588} INFO - Filling up the DagBag from /home/airflow/.local/lib/python3.12/site-packages/airflow/example_dags/example_xcom.py
[2025-02-27T03:17:47.560+0000] {processor.py:925} INFO - DAG(s) 'example_xcom' retrieved from /home/airflow/.local/lib/python3.12/site-packages/airflow/example_dags/example_xcom.py
[2025-02-27T03:17:47.746+0000] {logging_mixin.py:190} INFO - [2025-02-27T03:17:47.745+0000] {dag.py:3239} INFO - Sync 1 DAGs
[2025-02-27T03:17:47.827+0000] {logging_mixin.py:190} INFO - [2025-02-27T03:17:47.827+0000] {dag.py:4180} INFO - Setting next_dagrun for example_xcom to 2021-01-01 00:00:00+00:00, run_after=2021-01-01 00:00:00+00:00
[2025-02-27T03:17:47.930+0000] {processor.py:208} INFO - Processing /home/airflow/.local/lib/python3.12/site-packages/airflow/example_dags/example_xcom.py took 0.431 seconds
[2025-02-27T03:18:18.220+0000] {processor.py:186} INFO - Started process (PID=3002) to work on /home/airflow/.local/lib/python3.12/site-packages/airflow/example_dags/example_xcom.py
[2025-02-27T03:18:18.222+0000] {processor.py:914} INFO - Processing file /home/airflow/.local/lib/python3.12/site-packages/airflow/example_dags/example_xcom.py for tasks to queue
[2025-02-27T03:18:18.225+0000] {logging_mixin.py:190} INFO - [2025-02-27T03:18:18.224+0000] {dagbag.py:588} INFO - Filling up the DagBag from /home/airflow/.local/lib/python3.12/site-packages/airflow/example_dags/example_xcom.py
[2025-02-27T03:18:18.236+0000] {processor.py:925} INFO - DAG(s) 'example_xcom' retrieved from /home/airflow/.local/lib/python3.12/site-packages/airflow/example_dags/example_xcom.py
[2025-02-27T03:18:18.372+0000] {logging_mixin.py:190} INFO - [2025-02-27T03:18:18.372+0000] {dag.py:3239} INFO - Sync 1 DAGs
[2025-02-27T03:18:18.442+0000] {logging_mixin.py:190} INFO - [2025-02-27T03:18:18.441+0000] {dag.py:4180} INFO - Setting next_dagrun for example_xcom to 2021-01-01 00:00:00+00:00, run_after=2021-01-01 00:00:00+00:00
[2025-02-27T03:18:18.504+0000] {processor.py:208} INFO - Processing /home/airflow/.local/lib/python3.12/site-packages/airflow/example_dags/example_xcom.py took 0.290 seconds
[2025-02-27T03:18:48.588+0000] {processor.py:186} INFO - Started process (PID=3065) to work on /home/airflow/.local/lib/python3.12/site-packages/airflow/example_dags/example_xcom.py
[2025-02-27T03:18:48.589+0000] {processor.py:914} INFO - Processing file /home/airflow/.local/lib/python3.12/site-packages/airflow/example_dags/example_xcom.py for tasks to queue
[2025-02-27T03:18:48.593+0000] {logging_mixin.py:190} INFO - [2025-02-27T03:18:48.592+0000] {dagbag.py:588} INFO - Filling up the DagBag from /home/airflow/.local/lib/python3.12/site-packages/airflow/example_dags/example_xcom.py
[2025-02-27T03:18:48.607+0000] {processor.py:925} INFO - DAG(s) 'example_xcom' retrieved from /home/airflow/.local/lib/python3.12/site-packages/airflow/example_dags/example_xcom.py
[2025-02-27T03:18:48.748+0000] {logging_mixin.py:190} INFO - [2025-02-27T03:18:48.747+0000] {dag.py:3239} INFO - Sync 1 DAGs
[2025-02-27T03:18:48.801+0000] {logging_mixin.py:190} INFO - [2025-02-27T03:18:48.800+0000] {dag.py:4180} INFO - Setting next_dagrun for example_xcom to 2021-01-01 00:00:00+00:00, run_after=2021-01-01 00:00:00+00:00
[2025-02-27T03:18:48.862+0000] {processor.py:208} INFO - Processing /home/airflow/.local/lib/python3.12/site-packages/airflow/example_dags/example_xcom.py took 0.283 seconds
[2025-02-27T03:19:19.118+0000] {processor.py:186} INFO - Started process (PID=3128) to work on /home/airflow/.local/lib/python3.12/site-packages/airflow/example_dags/example_xcom.py
[2025-02-27T03:19:19.119+0000] {processor.py:914} INFO - Processing file /home/airflow/.local/lib/python3.12/site-packages/airflow/example_dags/example_xcom.py for tasks to queue
[2025-02-27T03:19:19.122+0000] {logging_mixin.py:190} INFO - [2025-02-27T03:19:19.122+0000] {dagbag.py:588} INFO - Filling up the DagBag from /home/airflow/.local/lib/python3.12/site-packages/airflow/example_dags/example_xcom.py
[2025-02-27T03:19:19.135+0000] {processor.py:925} INFO - DAG(s) 'example_xcom' retrieved from /home/airflow/.local/lib/python3.12/site-packages/airflow/example_dags/example_xcom.py
[2025-02-27T03:19:19.294+0000] {logging_mixin.py:190} INFO - [2025-02-27T03:19:19.293+0000] {dag.py:3239} INFO - Sync 1 DAGs
[2025-02-27T03:19:19.361+0000] {logging_mixin.py:190} INFO - [2025-02-27T03:19:19.360+0000] {dag.py:4180} INFO - Setting next_dagrun for example_xcom to 2021-01-01 00:00:00+00:00, run_after=2021-01-01 00:00:00+00:00
[2025-02-27T03:19:19.422+0000] {processor.py:208} INFO - Processing /home/airflow/.local/lib/python3.12/site-packages/airflow/example_dags/example_xcom.py took 0.313 seconds
[2025-02-27T03:19:50.402+0000] {processor.py:186} INFO - Started process (PID=3192) to work on /home/airflow/.local/lib/python3.12/site-packages/airflow/example_dags/example_xcom.py
[2025-02-27T03:19:50.403+0000] {processor.py:914} INFO - Processing file /home/airflow/.local/lib/python3.12/site-packages/airflow/example_dags/example_xcom.py for tasks to queue
[2025-02-27T03:19:50.408+0000] {logging_mixin.py:190} INFO - [2025-02-27T03:19:50.407+0000] {dagbag.py:588} INFO - Filling up the DagBag from /home/airflow/.local/lib/python3.12/site-packages/airflow/example_dags/example_xcom.py
[2025-02-27T03:19:50.423+0000] {processor.py:925} INFO - DAG(s) 'example_xcom' retrieved from /home/airflow/.local/lib/python3.12/site-packages/airflow/example_dags/example_xcom.py
[2025-02-27T03:19:50.557+0000] {logging_mixin.py:190} INFO - [2025-02-27T03:19:50.556+0000] {dag.py:3239} INFO - Sync 1 DAGs
[2025-02-27T03:19:50.624+0000] {logging_mixin.py:190} INFO - [2025-02-27T03:19:50.624+0000] {dag.py:4180} INFO - Setting next_dagrun for example_xcom to 2021-01-01 00:00:00+00:00, run_after=2021-01-01 00:00:00+00:00
[2025-02-27T03:19:50.692+0000] {processor.py:208} INFO - Processing /home/airflow/.local/lib/python3.12/site-packages/airflow/example_dags/example_xcom.py took 0.300 seconds
[2025-02-27T03:20:21.219+0000] {processor.py:186} INFO - Started process (PID=3255) to work on /home/airflow/.local/lib/python3.12/site-packages/airflow/example_dags/example_xcom.py
[2025-02-27T03:20:21.221+0000] {processor.py:914} INFO - Processing file /home/airflow/.local/lib/python3.12/site-packages/airflow/example_dags/example_xcom.py for tasks to queue
[2025-02-27T03:20:21.224+0000] {logging_mixin.py:190} INFO - [2025-02-27T03:20:21.223+0000] {dagbag.py:588} INFO - Filling up the DagBag from /home/airflow/.local/lib/python3.12/site-packages/airflow/example_dags/example_xcom.py
[2025-02-27T03:20:21.236+0000] {processor.py:925} INFO - DAG(s) 'example_xcom' retrieved from /home/airflow/.local/lib/python3.12/site-packages/airflow/example_dags/example_xcom.py
[2025-02-27T03:20:21.409+0000] {logging_mixin.py:190} INFO - [2025-02-27T03:20:21.408+0000] {dag.py:3239} INFO - Sync 1 DAGs
[2025-02-27T03:20:21.512+0000] {logging_mixin.py:190} INFO - [2025-02-27T03:20:21.511+0000] {dag.py:4180} INFO - Setting next_dagrun for example_xcom to 2021-01-01 00:00:00+00:00, run_after=2021-01-01 00:00:00+00:00
[2025-02-27T03:20:21.619+0000] {processor.py:208} INFO - Processing /home/airflow/.local/lib/python3.12/site-packages/airflow/example_dags/example_xcom.py took 0.407 seconds
[2025-02-27T03:20:52.251+0000] {processor.py:186} INFO - Started process (PID=3319) to work on /home/airflow/.local/lib/python3.12/site-packages/airflow/example_dags/example_xcom.py
[2025-02-27T03:20:52.252+0000] {processor.py:914} INFO - Processing file /home/airflow/.local/lib/python3.12/site-packages/airflow/example_dags/example_xcom.py for tasks to queue
[2025-02-27T03:20:52.257+0000] {logging_mixin.py:190} INFO - [2025-02-27T03:20:52.256+0000] {dagbag.py:588} INFO - Filling up the DagBag from /home/airflow/.local/lib/python3.12/site-packages/airflow/example_dags/example_xcom.py
[2025-02-27T03:20:52.293+0000] {processor.py:925} INFO - DAG(s) 'example_xcom' retrieved from /home/airflow/.local/lib/python3.12/site-packages/airflow/example_dags/example_xcom.py
[2025-02-27T03:20:52.557+0000] {logging_mixin.py:190} INFO - [2025-02-27T03:20:52.557+0000] {dag.py:3239} INFO - Sync 1 DAGs
[2025-02-27T03:20:52.816+0000] {logging_mixin.py:190} INFO - [2025-02-27T03:20:52.815+0000] {dag.py:4180} INFO - Setting next_dagrun for example_xcom to 2021-01-01 00:00:00+00:00, run_after=2021-01-01 00:00:00+00:00
[2025-02-27T03:20:52.997+0000] {processor.py:208} INFO - Processing /home/airflow/.local/lib/python3.12/site-packages/airflow/example_dags/example_xcom.py took 0.759 seconds
