[2025-02-27T02:51:36.106+0000] {processor.py:186} INFO - Started process (PID=113) to work on /home/airflow/.local/lib/python3.12/site-packages/airflow/example_dags/example_dag_decorator.py
[2025-02-27T02:51:36.108+0000] {processor.py:914} INFO - Processing file /home/airflow/.local/lib/python3.12/site-packages/airflow/example_dags/example_dag_decorator.py for tasks to queue
[2025-02-27T02:51:36.112+0000] {logging_mixin.py:190} INFO - [2025-02-27T02:51:36.111+0000] {dagbag.py:588} INFO - Filling up the DagBag from /home/airflow/.local/lib/python3.12/site-packages/airflow/example_dags/example_dag_decorator.py
[2025-02-27T02:51:36.844+0000] {processor.py:925} INFO - DAG(s) 'example_dag_decorator' retrieved from /home/airflow/.local/lib/python3.12/site-packages/airflow/example_dags/example_dag_decorator.py
[2025-02-27T02:51:37.042+0000] {logging_mixin.py:190} INFO - [2025-02-27T02:51:37.040+0000] {override.py:1912} INFO - Created Permission View: can delete on DAG:example_dag_decorator
[2025-02-27T02:51:37.068+0000] {logging_mixin.py:190} INFO - [2025-02-27T02:51:37.068+0000] {override.py:1912} INFO - Created Permission View: can read on DAG:example_dag_decorator
[2025-02-27T02:51:37.086+0000] {logging_mixin.py:190} INFO - [2025-02-27T02:51:37.086+0000] {override.py:1912} INFO - Created Permission View: can edit on DAG:example_dag_decorator
[2025-02-27T02:51:37.107+0000] {logging_mixin.py:190} INFO - [2025-02-27T02:51:37.106+0000] {override.py:1912} INFO - Created Permission View: menu access on DAG Run:example_dag_decorator
[2025-02-27T02:51:37.126+0000] {logging_mixin.py:190} INFO - [2025-02-27T02:51:37.125+0000] {override.py:1912} INFO - Created Permission View: can delete on DAG Run:example_dag_decorator
[2025-02-27T02:51:37.147+0000] {logging_mixin.py:190} INFO - [2025-02-27T02:51:37.146+0000] {override.py:1912} INFO - Created Permission View: can read on DAG Run:example_dag_decorator
[2025-02-27T02:51:37.165+0000] {logging_mixin.py:190} INFO - [2025-02-27T02:51:37.164+0000] {override.py:1912} INFO - Created Permission View: can create on DAG Run:example_dag_decorator
[2025-02-27T02:51:37.167+0000] {logging_mixin.py:190} INFO - [2025-02-27T02:51:37.166+0000] {dag.py:3239} INFO - Sync 1 DAGs
[2025-02-27T02:51:37.191+0000] {logging_mixin.py:190} INFO - [2025-02-27T02:51:37.190+0000] {dag.py:3262} INFO - Creating ORM DAG for example_dag_decorator
[2025-02-27T02:51:37.193+0000] {logging_mixin.py:190} INFO - [2025-02-27T02:51:37.192+0000] {dag.py:4180} INFO - Setting next_dagrun for example_dag_decorator to None, run_after=None
[2025-02-27T02:51:37.230+0000] {processor.py:208} INFO - Processing /home/airflow/.local/lib/python3.12/site-packages/airflow/example_dags/example_dag_decorator.py took 1.133 seconds
[2025-02-27T02:54:22.961+0000] {processor.py:186} INFO - Started process (PID=115) to work on /home/airflow/.local/lib/python3.12/site-packages/airflow/example_dags/example_dag_decorator.py
[2025-02-27T02:54:22.964+0000] {processor.py:914} INFO - Processing file /home/airflow/.local/lib/python3.12/site-packages/airflow/example_dags/example_dag_decorator.py for tasks to queue
[2025-02-27T02:54:22.968+0000] {logging_mixin.py:190} INFO - [2025-02-27T02:54:22.967+0000] {dagbag.py:588} INFO - Filling up the DagBag from /home/airflow/.local/lib/python3.12/site-packages/airflow/example_dags/example_dag_decorator.py
[2025-02-27T02:54:23.220+0000] {processor.py:925} INFO - DAG(s) 'example_dag_decorator' retrieved from /home/airflow/.local/lib/python3.12/site-packages/airflow/example_dags/example_dag_decorator.py
[2025-02-27T02:54:23.681+0000] {logging_mixin.py:190} INFO - [2025-02-27T02:54:23.679+0000] {override.py:1912} INFO - Created Permission View: can read on DAG:example_dag_decorator
[2025-02-27T02:54:23.715+0000] {logging_mixin.py:190} INFO - [2025-02-27T02:54:23.714+0000] {override.py:1912} INFO - Created Permission View: can delete on DAG:example_dag_decorator
[2025-02-27T02:54:23.734+0000] {logging_mixin.py:190} INFO - [2025-02-27T02:54:23.734+0000] {override.py:1912} INFO - Created Permission View: can edit on DAG:example_dag_decorator
[2025-02-27T02:54:23.756+0000] {logging_mixin.py:190} INFO - [2025-02-27T02:54:23.755+0000] {override.py:1912} INFO - Created Permission View: can read on DAG Run:example_dag_decorator
[2025-02-27T02:54:23.787+0000] {logging_mixin.py:190} INFO - [2025-02-27T02:54:23.787+0000] {override.py:1912} INFO - Created Permission View: menu access on DAG Run:example_dag_decorator
[2025-02-27T02:54:23.806+0000] {logging_mixin.py:190} INFO - [2025-02-27T02:54:23.805+0000] {override.py:1912} INFO - Created Permission View: can delete on DAG Run:example_dag_decorator
[2025-02-27T02:54:23.824+0000] {logging_mixin.py:190} INFO - [2025-02-27T02:54:23.823+0000] {override.py:1912} INFO - Created Permission View: can create on DAG Run:example_dag_decorator
[2025-02-27T02:54:23.825+0000] {logging_mixin.py:190} INFO - [2025-02-27T02:54:23.824+0000] {dag.py:3239} INFO - Sync 1 DAGs
[2025-02-27T02:54:23.884+0000] {logging_mixin.py:190} INFO - [2025-02-27T02:54:23.884+0000] {dag.py:3262} INFO - Creating ORM DAG for example_dag_decorator
[2025-02-27T02:54:23.887+0000] {logging_mixin.py:190} INFO - [2025-02-27T02:54:23.886+0000] {dag.py:4180} INFO - Setting next_dagrun for example_dag_decorator to None, run_after=None
[2025-02-27T02:54:23.945+0000] {processor.py:208} INFO - Processing /home/airflow/.local/lib/python3.12/site-packages/airflow/example_dags/example_dag_decorator.py took 0.992 seconds
[2025-02-27T02:54:54.374+0000] {processor.py:186} INFO - Started process (PID=178) to work on /home/airflow/.local/lib/python3.12/site-packages/airflow/example_dags/example_dag_decorator.py
[2025-02-27T02:54:54.377+0000] {processor.py:914} INFO - Processing file /home/airflow/.local/lib/python3.12/site-packages/airflow/example_dags/example_dag_decorator.py for tasks to queue
[2025-02-27T02:54:54.380+0000] {logging_mixin.py:190} INFO - [2025-02-27T02:54:54.380+0000] {dagbag.py:588} INFO - Filling up the DagBag from /home/airflow/.local/lib/python3.12/site-packages/airflow/example_dags/example_dag_decorator.py
[2025-02-27T02:54:54.589+0000] {processor.py:925} INFO - DAG(s) 'example_dag_decorator' retrieved from /home/airflow/.local/lib/python3.12/site-packages/airflow/example_dags/example_dag_decorator.py
[2025-02-27T02:54:54.957+0000] {logging_mixin.py:190} INFO - [2025-02-27T02:54:54.957+0000] {dag.py:3239} INFO - Sync 1 DAGs
[2025-02-27T02:54:55.004+0000] {logging_mixin.py:190} INFO - [2025-02-27T02:54:55.003+0000] {dag.py:4180} INFO - Setting next_dagrun for example_dag_decorator to None, run_after=None
[2025-02-27T02:54:55.077+0000] {processor.py:208} INFO - Processing /home/airflow/.local/lib/python3.12/site-packages/airflow/example_dags/example_dag_decorator.py took 0.713 seconds
[2025-02-27T02:55:25.495+0000] {processor.py:186} INFO - Started process (PID=241) to work on /home/airflow/.local/lib/python3.12/site-packages/airflow/example_dags/example_dag_decorator.py
[2025-02-27T02:55:25.497+0000] {processor.py:914} INFO - Processing file /home/airflow/.local/lib/python3.12/site-packages/airflow/example_dags/example_dag_decorator.py for tasks to queue
[2025-02-27T02:55:25.502+0000] {logging_mixin.py:190} INFO - [2025-02-27T02:55:25.501+0000] {dagbag.py:588} INFO - Filling up the DagBag from /home/airflow/.local/lib/python3.12/site-packages/airflow/example_dags/example_dag_decorator.py
[2025-02-27T02:55:25.817+0000] {processor.py:925} INFO - DAG(s) 'example_dag_decorator' retrieved from /home/airflow/.local/lib/python3.12/site-packages/airflow/example_dags/example_dag_decorator.py
[2025-02-27T02:55:26.455+0000] {logging_mixin.py:190} INFO - [2025-02-27T02:55:26.455+0000] {dag.py:3239} INFO - Sync 1 DAGs
[2025-02-27T02:55:26.523+0000] {logging_mixin.py:190} INFO - [2025-02-27T02:55:26.523+0000] {dag.py:4180} INFO - Setting next_dagrun for example_dag_decorator to None, run_after=None
[2025-02-27T02:55:26.618+0000] {processor.py:208} INFO - Processing /home/airflow/.local/lib/python3.12/site-packages/airflow/example_dags/example_dag_decorator.py took 1.134 seconds
[2025-02-27T02:55:56.752+0000] {processor.py:186} INFO - Started process (PID=305) to work on /home/airflow/.local/lib/python3.12/site-packages/airflow/example_dags/example_dag_decorator.py
[2025-02-27T02:55:56.753+0000] {processor.py:914} INFO - Processing file /home/airflow/.local/lib/python3.12/site-packages/airflow/example_dags/example_dag_decorator.py for tasks to queue
[2025-02-27T02:55:56.756+0000] {logging_mixin.py:190} INFO - [2025-02-27T02:55:56.756+0000] {dagbag.py:588} INFO - Filling up the DagBag from /home/airflow/.local/lib/python3.12/site-packages/airflow/example_dags/example_dag_decorator.py
[2025-02-27T02:55:56.940+0000] {processor.py:925} INFO - DAG(s) 'example_dag_decorator' retrieved from /home/airflow/.local/lib/python3.12/site-packages/airflow/example_dags/example_dag_decorator.py
[2025-02-27T02:55:57.343+0000] {logging_mixin.py:190} INFO - [2025-02-27T02:55:57.343+0000] {dag.py:3239} INFO - Sync 1 DAGs
[2025-02-27T02:55:57.383+0000] {logging_mixin.py:190} INFO - [2025-02-27T02:55:57.382+0000] {dag.py:4180} INFO - Setting next_dagrun for example_dag_decorator to None, run_after=None
[2025-02-27T02:55:57.462+0000] {processor.py:208} INFO - Processing /home/airflow/.local/lib/python3.12/site-packages/airflow/example_dags/example_dag_decorator.py took 0.718 seconds
[2025-02-27T02:56:27.698+0000] {processor.py:186} INFO - Started process (PID=369) to work on /home/airflow/.local/lib/python3.12/site-packages/airflow/example_dags/example_dag_decorator.py
[2025-02-27T02:56:27.700+0000] {processor.py:914} INFO - Processing file /home/airflow/.local/lib/python3.12/site-packages/airflow/example_dags/example_dag_decorator.py for tasks to queue
[2025-02-27T02:56:27.704+0000] {logging_mixin.py:190} INFO - [2025-02-27T02:56:27.703+0000] {dagbag.py:588} INFO - Filling up the DagBag from /home/airflow/.local/lib/python3.12/site-packages/airflow/example_dags/example_dag_decorator.py
[2025-02-27T02:56:27.950+0000] {processor.py:925} INFO - DAG(s) 'example_dag_decorator' retrieved from /home/airflow/.local/lib/python3.12/site-packages/airflow/example_dags/example_dag_decorator.py
[2025-02-27T02:56:28.332+0000] {logging_mixin.py:190} INFO - [2025-02-27T02:56:28.332+0000] {dag.py:3239} INFO - Sync 1 DAGs
[2025-02-27T02:56:28.371+0000] {logging_mixin.py:190} INFO - [2025-02-27T02:56:28.370+0000] {dag.py:4180} INFO - Setting next_dagrun for example_dag_decorator to None, run_after=None
[2025-02-27T02:56:28.439+0000] {processor.py:208} INFO - Processing /home/airflow/.local/lib/python3.12/site-packages/airflow/example_dags/example_dag_decorator.py took 0.750 seconds
[2025-02-27T02:56:59.135+0000] {processor.py:186} INFO - Started process (PID=432) to work on /home/airflow/.local/lib/python3.12/site-packages/airflow/example_dags/example_dag_decorator.py
[2025-02-27T02:56:59.137+0000] {processor.py:914} INFO - Processing file /home/airflow/.local/lib/python3.12/site-packages/airflow/example_dags/example_dag_decorator.py for tasks to queue
[2025-02-27T02:56:59.142+0000] {logging_mixin.py:190} INFO - [2025-02-27T02:56:59.141+0000] {dagbag.py:588} INFO - Filling up the DagBag from /home/airflow/.local/lib/python3.12/site-packages/airflow/example_dags/example_dag_decorator.py
[2025-02-27T02:56:59.426+0000] {processor.py:925} INFO - DAG(s) 'example_dag_decorator' retrieved from /home/airflow/.local/lib/python3.12/site-packages/airflow/example_dags/example_dag_decorator.py
[2025-02-27T02:56:59.887+0000] {logging_mixin.py:190} INFO - [2025-02-27T02:56:59.886+0000] {dag.py:3239} INFO - Sync 1 DAGs
[2025-02-27T02:56:59.950+0000] {logging_mixin.py:190} INFO - [2025-02-27T02:56:59.950+0000] {dag.py:4180} INFO - Setting next_dagrun for example_dag_decorator to None, run_after=None
[2025-02-27T02:57:00.031+0000] {processor.py:208} INFO - Processing /home/airflow/.local/lib/python3.12/site-packages/airflow/example_dags/example_dag_decorator.py took 0.906 seconds
[2025-02-27T02:57:30.263+0000] {processor.py:186} INFO - Started process (PID=496) to work on /home/airflow/.local/lib/python3.12/site-packages/airflow/example_dags/example_dag_decorator.py
[2025-02-27T02:57:30.264+0000] {processor.py:914} INFO - Processing file /home/airflow/.local/lib/python3.12/site-packages/airflow/example_dags/example_dag_decorator.py for tasks to queue
[2025-02-27T02:57:30.269+0000] {logging_mixin.py:190} INFO - [2025-02-27T02:57:30.269+0000] {dagbag.py:588} INFO - Filling up the DagBag from /home/airflow/.local/lib/python3.12/site-packages/airflow/example_dags/example_dag_decorator.py
[2025-02-27T02:57:30.523+0000] {processor.py:925} INFO - DAG(s) 'example_dag_decorator' retrieved from /home/airflow/.local/lib/python3.12/site-packages/airflow/example_dags/example_dag_decorator.py
[2025-02-27T02:57:31.176+0000] {logging_mixin.py:190} INFO - [2025-02-27T02:57:31.176+0000] {dag.py:3239} INFO - Sync 1 DAGs
[2025-02-27T02:57:31.230+0000] {logging_mixin.py:190} INFO - [2025-02-27T02:57:31.230+0000] {dag.py:4180} INFO - Setting next_dagrun for example_dag_decorator to None, run_after=None
[2025-02-27T02:57:31.373+0000] {processor.py:208} INFO - Processing /home/airflow/.local/lib/python3.12/site-packages/airflow/example_dags/example_dag_decorator.py took 1.121 seconds
[2025-02-27T02:58:01.741+0000] {processor.py:186} INFO - Started process (PID=560) to work on /home/airflow/.local/lib/python3.12/site-packages/airflow/example_dags/example_dag_decorator.py
[2025-02-27T02:58:01.743+0000] {processor.py:914} INFO - Processing file /home/airflow/.local/lib/python3.12/site-packages/airflow/example_dags/example_dag_decorator.py for tasks to queue
[2025-02-27T02:58:01.748+0000] {logging_mixin.py:190} INFO - [2025-02-27T02:58:01.747+0000] {dagbag.py:588} INFO - Filling up the DagBag from /home/airflow/.local/lib/python3.12/site-packages/airflow/example_dags/example_dag_decorator.py
[2025-02-27T02:58:01.930+0000] {processor.py:925} INFO - DAG(s) 'example_dag_decorator' retrieved from /home/airflow/.local/lib/python3.12/site-packages/airflow/example_dags/example_dag_decorator.py
[2025-02-27T02:58:02.237+0000] {logging_mixin.py:190} INFO - [2025-02-27T02:58:02.237+0000] {dag.py:3239} INFO - Sync 1 DAGs
[2025-02-27T02:58:02.288+0000] {logging_mixin.py:190} INFO - [2025-02-27T02:58:02.288+0000] {dag.py:4180} INFO - Setting next_dagrun for example_dag_decorator to None, run_after=None
[2025-02-27T02:58:02.346+0000] {processor.py:208} INFO - Processing /home/airflow/.local/lib/python3.12/site-packages/airflow/example_dags/example_dag_decorator.py took 0.613 seconds
[2025-02-27T02:58:33.074+0000] {processor.py:186} INFO - Started process (PID=624) to work on /home/airflow/.local/lib/python3.12/site-packages/airflow/example_dags/example_dag_decorator.py
[2025-02-27T02:58:33.076+0000] {processor.py:914} INFO - Processing file /home/airflow/.local/lib/python3.12/site-packages/airflow/example_dags/example_dag_decorator.py for tasks to queue
[2025-02-27T02:58:33.080+0000] {logging_mixin.py:190} INFO - [2025-02-27T02:58:33.079+0000] {dagbag.py:588} INFO - Filling up the DagBag from /home/airflow/.local/lib/python3.12/site-packages/airflow/example_dags/example_dag_decorator.py
[2025-02-27T02:58:33.266+0000] {processor.py:925} INFO - DAG(s) 'example_dag_decorator' retrieved from /home/airflow/.local/lib/python3.12/site-packages/airflow/example_dags/example_dag_decorator.py
[2025-02-27T02:58:33.600+0000] {logging_mixin.py:190} INFO - [2025-02-27T02:58:33.600+0000] {dag.py:3239} INFO - Sync 1 DAGs
[2025-02-27T02:58:33.642+0000] {logging_mixin.py:190} INFO - [2025-02-27T02:58:33.641+0000] {dag.py:4180} INFO - Setting next_dagrun for example_dag_decorator to None, run_after=None
[2025-02-27T02:58:33.714+0000] {processor.py:208} INFO - Processing /home/airflow/.local/lib/python3.12/site-packages/airflow/example_dags/example_dag_decorator.py took 0.649 seconds
[2025-02-27T02:59:04.348+0000] {processor.py:186} INFO - Started process (PID=687) to work on /home/airflow/.local/lib/python3.12/site-packages/airflow/example_dags/example_dag_decorator.py
[2025-02-27T02:59:04.350+0000] {processor.py:914} INFO - Processing file /home/airflow/.local/lib/python3.12/site-packages/airflow/example_dags/example_dag_decorator.py for tasks to queue
[2025-02-27T02:59:04.355+0000] {logging_mixin.py:190} INFO - [2025-02-27T02:59:04.354+0000] {dagbag.py:588} INFO - Filling up the DagBag from /home/airflow/.local/lib/python3.12/site-packages/airflow/example_dags/example_dag_decorator.py
[2025-02-27T02:59:04.600+0000] {processor.py:925} INFO - DAG(s) 'example_dag_decorator' retrieved from /home/airflow/.local/lib/python3.12/site-packages/airflow/example_dags/example_dag_decorator.py
[2025-02-27T02:59:04.953+0000] {logging_mixin.py:190} INFO - [2025-02-27T02:59:04.953+0000] {dag.py:3239} INFO - Sync 1 DAGs
[2025-02-27T02:59:04.994+0000] {logging_mixin.py:190} INFO - [2025-02-27T02:59:04.993+0000] {dag.py:4180} INFO - Setting next_dagrun for example_dag_decorator to None, run_after=None
[2025-02-27T02:59:05.058+0000] {processor.py:208} INFO - Processing /home/airflow/.local/lib/python3.12/site-packages/airflow/example_dags/example_dag_decorator.py took 0.722 seconds
[2025-02-27T02:59:37.453+0000] {processor.py:186} INFO - Started process (PID=748) to work on /home/airflow/.local/lib/python3.12/site-packages/airflow/example_dags/example_dag_decorator.py
[2025-02-27T02:59:37.454+0000] {processor.py:914} INFO - Processing file /home/airflow/.local/lib/python3.12/site-packages/airflow/example_dags/example_dag_decorator.py for tasks to queue
[2025-02-27T02:59:37.458+0000] {logging_mixin.py:190} INFO - [2025-02-27T02:59:37.458+0000] {dagbag.py:588} INFO - Filling up the DagBag from /home/airflow/.local/lib/python3.12/site-packages/airflow/example_dags/example_dag_decorator.py
[2025-02-27T02:59:37.657+0000] {processor.py:925} INFO - DAG(s) 'example_dag_decorator' retrieved from /home/airflow/.local/lib/python3.12/site-packages/airflow/example_dags/example_dag_decorator.py
[2025-02-27T02:59:38.036+0000] {logging_mixin.py:190} INFO - [2025-02-27T02:59:38.035+0000] {dag.py:3239} INFO - Sync 1 DAGs
[2025-02-27T02:59:38.075+0000] {logging_mixin.py:190} INFO - [2025-02-27T02:59:38.075+0000] {dag.py:4180} INFO - Setting next_dagrun for example_dag_decorator to None, run_after=None
[2025-02-27T02:59:38.149+0000] {processor.py:208} INFO - Processing /home/airflow/.local/lib/python3.12/site-packages/airflow/example_dags/example_dag_decorator.py took 0.706 seconds
[2025-02-27T03:00:08.477+0000] {processor.py:186} INFO - Started process (PID=809) to work on /home/airflow/.local/lib/python3.12/site-packages/airflow/example_dags/example_dag_decorator.py
[2025-02-27T03:00:08.488+0000] {processor.py:914} INFO - Processing file /home/airflow/.local/lib/python3.12/site-packages/airflow/example_dags/example_dag_decorator.py for tasks to queue
[2025-02-27T03:00:08.499+0000] {logging_mixin.py:190} INFO - [2025-02-27T03:00:08.498+0000] {dagbag.py:588} INFO - Filling up the DagBag from /home/airflow/.local/lib/python3.12/site-packages/airflow/example_dags/example_dag_decorator.py
[2025-02-27T03:00:08.759+0000] {processor.py:925} INFO - DAG(s) 'example_dag_decorator' retrieved from /home/airflow/.local/lib/python3.12/site-packages/airflow/example_dags/example_dag_decorator.py
[2025-02-27T03:00:09.164+0000] {logging_mixin.py:190} INFO - [2025-02-27T03:00:09.163+0000] {dag.py:3239} INFO - Sync 1 DAGs
[2025-02-27T03:00:09.205+0000] {logging_mixin.py:190} INFO - [2025-02-27T03:00:09.205+0000] {dag.py:4180} INFO - Setting next_dagrun for example_dag_decorator to None, run_after=None
[2025-02-27T03:00:09.259+0000] {processor.py:208} INFO - Processing /home/airflow/.local/lib/python3.12/site-packages/airflow/example_dags/example_dag_decorator.py took 0.792 seconds
[2025-02-27T03:00:39.436+0000] {processor.py:186} INFO - Started process (PID=872) to work on /home/airflow/.local/lib/python3.12/site-packages/airflow/example_dags/example_dag_decorator.py
[2025-02-27T03:00:39.437+0000] {processor.py:914} INFO - Processing file /home/airflow/.local/lib/python3.12/site-packages/airflow/example_dags/example_dag_decorator.py for tasks to queue
[2025-02-27T03:00:39.441+0000] {logging_mixin.py:190} INFO - [2025-02-27T03:00:39.441+0000] {dagbag.py:588} INFO - Filling up the DagBag from /home/airflow/.local/lib/python3.12/site-packages/airflow/example_dags/example_dag_decorator.py
[2025-02-27T03:00:39.740+0000] {processor.py:925} INFO - DAG(s) 'example_dag_decorator' retrieved from /home/airflow/.local/lib/python3.12/site-packages/airflow/example_dags/example_dag_decorator.py
[2025-02-27T03:00:40.360+0000] {logging_mixin.py:190} INFO - [2025-02-27T03:00:40.360+0000] {dag.py:3239} INFO - Sync 1 DAGs
[2025-02-27T03:00:40.423+0000] {logging_mixin.py:190} INFO - [2025-02-27T03:00:40.422+0000] {dag.py:4180} INFO - Setting next_dagrun for example_dag_decorator to None, run_after=None
[2025-02-27T03:00:40.497+0000] {processor.py:208} INFO - Processing /home/airflow/.local/lib/python3.12/site-packages/airflow/example_dags/example_dag_decorator.py took 1.072 seconds
[2025-02-27T03:01:10.650+0000] {processor.py:186} INFO - Started process (PID=935) to work on /home/airflow/.local/lib/python3.12/site-packages/airflow/example_dags/example_dag_decorator.py
[2025-02-27T03:01:10.653+0000] {processor.py:914} INFO - Processing file /home/airflow/.local/lib/python3.12/site-packages/airflow/example_dags/example_dag_decorator.py for tasks to queue
[2025-02-27T03:01:10.656+0000] {logging_mixin.py:190} INFO - [2025-02-27T03:01:10.655+0000] {dagbag.py:588} INFO - Filling up the DagBag from /home/airflow/.local/lib/python3.12/site-packages/airflow/example_dags/example_dag_decorator.py
[2025-02-27T03:01:10.947+0000] {processor.py:925} INFO - DAG(s) 'example_dag_decorator' retrieved from /home/airflow/.local/lib/python3.12/site-packages/airflow/example_dags/example_dag_decorator.py
[2025-02-27T03:01:11.570+0000] {logging_mixin.py:190} INFO - [2025-02-27T03:01:11.570+0000] {dag.py:3239} INFO - Sync 1 DAGs
[2025-02-27T03:01:11.650+0000] {logging_mixin.py:190} INFO - [2025-02-27T03:01:11.650+0000] {dag.py:4180} INFO - Setting next_dagrun for example_dag_decorator to None, run_after=None
[2025-02-27T03:01:11.741+0000] {processor.py:208} INFO - Processing /home/airflow/.local/lib/python3.12/site-packages/airflow/example_dags/example_dag_decorator.py took 1.104 seconds
[2025-02-27T03:01:42.236+0000] {processor.py:186} INFO - Started process (PID=997) to work on /home/airflow/.local/lib/python3.12/site-packages/airflow/example_dags/example_dag_decorator.py
[2025-02-27T03:01:42.237+0000] {processor.py:914} INFO - Processing file /home/airflow/.local/lib/python3.12/site-packages/airflow/example_dags/example_dag_decorator.py for tasks to queue
[2025-02-27T03:01:42.242+0000] {logging_mixin.py:190} INFO - [2025-02-27T03:01:42.241+0000] {dagbag.py:588} INFO - Filling up the DagBag from /home/airflow/.local/lib/python3.12/site-packages/airflow/example_dags/example_dag_decorator.py
[2025-02-27T03:01:42.438+0000] {processor.py:925} INFO - DAG(s) 'example_dag_decorator' retrieved from /home/airflow/.local/lib/python3.12/site-packages/airflow/example_dags/example_dag_decorator.py
[2025-02-27T03:01:42.803+0000] {logging_mixin.py:190} INFO - [2025-02-27T03:01:42.802+0000] {dag.py:3239} INFO - Sync 1 DAGs
[2025-02-27T03:01:42.839+0000] {logging_mixin.py:190} INFO - [2025-02-27T03:01:42.838+0000] {dag.py:4180} INFO - Setting next_dagrun for example_dag_decorator to None, run_after=None
[2025-02-27T03:01:42.909+0000] {processor.py:208} INFO - Processing /home/airflow/.local/lib/python3.12/site-packages/airflow/example_dags/example_dag_decorator.py took 0.680 seconds
[2025-02-27T03:02:13.812+0000] {processor.py:186} INFO - Started process (PID=1060) to work on /home/airflow/.local/lib/python3.12/site-packages/airflow/example_dags/example_dag_decorator.py
[2025-02-27T03:02:13.815+0000] {processor.py:914} INFO - Processing file /home/airflow/.local/lib/python3.12/site-packages/airflow/example_dags/example_dag_decorator.py for tasks to queue
[2025-02-27T03:02:13.820+0000] {logging_mixin.py:190} INFO - [2025-02-27T03:02:13.819+0000] {dagbag.py:588} INFO - Filling up the DagBag from /home/airflow/.local/lib/python3.12/site-packages/airflow/example_dags/example_dag_decorator.py
[2025-02-27T03:02:14.094+0000] {processor.py:925} INFO - DAG(s) 'example_dag_decorator' retrieved from /home/airflow/.local/lib/python3.12/site-packages/airflow/example_dags/example_dag_decorator.py
[2025-02-27T03:02:14.664+0000] {logging_mixin.py:190} INFO - [2025-02-27T03:02:14.663+0000] {dag.py:3239} INFO - Sync 1 DAGs
[2025-02-27T03:02:14.714+0000] {logging_mixin.py:190} INFO - [2025-02-27T03:02:14.714+0000] {dag.py:4180} INFO - Setting next_dagrun for example_dag_decorator to None, run_after=None
[2025-02-27T03:02:14.794+0000] {processor.py:208} INFO - Processing /home/airflow/.local/lib/python3.12/site-packages/airflow/example_dags/example_dag_decorator.py took 1.001 seconds
[2025-02-27T03:02:47.723+0000] {processor.py:186} INFO - Started process (PID=1122) to work on /home/airflow/.local/lib/python3.12/site-packages/airflow/example_dags/example_dag_decorator.py
[2025-02-27T03:02:47.726+0000] {processor.py:914} INFO - Processing file /home/airflow/.local/lib/python3.12/site-packages/airflow/example_dags/example_dag_decorator.py for tasks to queue
[2025-02-27T03:02:47.732+0000] {logging_mixin.py:190} INFO - [2025-02-27T03:02:47.731+0000] {dagbag.py:588} INFO - Filling up the DagBag from /home/airflow/.local/lib/python3.12/site-packages/airflow/example_dags/example_dag_decorator.py
[2025-02-27T03:02:48.007+0000] {processor.py:925} INFO - DAG(s) 'example_dag_decorator' retrieved from /home/airflow/.local/lib/python3.12/site-packages/airflow/example_dags/example_dag_decorator.py
[2025-02-27T03:02:48.443+0000] {logging_mixin.py:190} INFO - [2025-02-27T03:02:48.443+0000] {dag.py:3239} INFO - Sync 1 DAGs
[2025-02-27T03:02:48.487+0000] {logging_mixin.py:190} INFO - [2025-02-27T03:02:48.487+0000] {dag.py:4180} INFO - Setting next_dagrun for example_dag_decorator to None, run_after=None
[2025-02-27T03:02:48.567+0000] {processor.py:208} INFO - Processing /home/airflow/.local/lib/python3.12/site-packages/airflow/example_dags/example_dag_decorator.py took 0.862 seconds
[2025-02-27T03:03:19.243+0000] {processor.py:186} INFO - Started process (PID=1192) to work on /home/airflow/.local/lib/python3.12/site-packages/airflow/example_dags/example_dag_decorator.py
[2025-02-27T03:03:19.246+0000] {processor.py:914} INFO - Processing file /home/airflow/.local/lib/python3.12/site-packages/airflow/example_dags/example_dag_decorator.py for tasks to queue
[2025-02-27T03:03:19.251+0000] {logging_mixin.py:190} INFO - [2025-02-27T03:03:19.251+0000] {dagbag.py:588} INFO - Filling up the DagBag from /home/airflow/.local/lib/python3.12/site-packages/airflow/example_dags/example_dag_decorator.py
[2025-02-27T03:03:19.475+0000] {processor.py:925} INFO - DAG(s) 'example_dag_decorator' retrieved from /home/airflow/.local/lib/python3.12/site-packages/airflow/example_dags/example_dag_decorator.py
[2025-02-27T03:03:19.888+0000] {logging_mixin.py:190} INFO - [2025-02-27T03:03:19.887+0000] {dag.py:3239} INFO - Sync 1 DAGs
[2025-02-27T03:03:19.939+0000] {logging_mixin.py:190} INFO - [2025-02-27T03:03:19.938+0000] {dag.py:4180} INFO - Setting next_dagrun for example_dag_decorator to None, run_after=None
[2025-02-27T03:03:20.001+0000] {processor.py:208} INFO - Processing /home/airflow/.local/lib/python3.12/site-packages/airflow/example_dags/example_dag_decorator.py took 0.769 seconds
[2025-02-27T03:03:51.418+0000] {processor.py:186} INFO - Started process (PID=1255) to work on /home/airflow/.local/lib/python3.12/site-packages/airflow/example_dags/example_dag_decorator.py
[2025-02-27T03:03:51.420+0000] {processor.py:914} INFO - Processing file /home/airflow/.local/lib/python3.12/site-packages/airflow/example_dags/example_dag_decorator.py for tasks to queue
[2025-02-27T03:03:51.425+0000] {logging_mixin.py:190} INFO - [2025-02-27T03:03:51.424+0000] {dagbag.py:588} INFO - Filling up the DagBag from /home/airflow/.local/lib/python3.12/site-packages/airflow/example_dags/example_dag_decorator.py
[2025-02-27T03:03:51.743+0000] {processor.py:925} INFO - DAG(s) 'example_dag_decorator' retrieved from /home/airflow/.local/lib/python3.12/site-packages/airflow/example_dags/example_dag_decorator.py
[2025-02-27T03:03:52.448+0000] {logging_mixin.py:190} INFO - [2025-02-27T03:03:52.447+0000] {dag.py:3239} INFO - Sync 1 DAGs
[2025-02-27T03:03:52.494+0000] {logging_mixin.py:190} INFO - [2025-02-27T03:03:52.493+0000] {dag.py:4180} INFO - Setting next_dagrun for example_dag_decorator to None, run_after=None
[2025-02-27T03:03:52.568+0000] {processor.py:208} INFO - Processing /home/airflow/.local/lib/python3.12/site-packages/airflow/example_dags/example_dag_decorator.py took 1.163 seconds
[2025-02-27T03:04:23.199+0000] {processor.py:186} INFO - Started process (PID=1319) to work on /home/airflow/.local/lib/python3.12/site-packages/airflow/example_dags/example_dag_decorator.py
[2025-02-27T03:04:23.201+0000] {processor.py:914} INFO - Processing file /home/airflow/.local/lib/python3.12/site-packages/airflow/example_dags/example_dag_decorator.py for tasks to queue
[2025-02-27T03:04:23.206+0000] {logging_mixin.py:190} INFO - [2025-02-27T03:04:23.205+0000] {dagbag.py:588} INFO - Filling up the DagBag from /home/airflow/.local/lib/python3.12/site-packages/airflow/example_dags/example_dag_decorator.py
[2025-02-27T03:04:23.434+0000] {processor.py:925} INFO - DAG(s) 'example_dag_decorator' retrieved from /home/airflow/.local/lib/python3.12/site-packages/airflow/example_dags/example_dag_decorator.py
[2025-02-27T03:04:23.810+0000] {logging_mixin.py:190} INFO - [2025-02-27T03:04:23.810+0000] {dag.py:3239} INFO - Sync 1 DAGs
[2025-02-27T03:04:23.852+0000] {logging_mixin.py:190} INFO - [2025-02-27T03:04:23.852+0000] {dag.py:4180} INFO - Setting next_dagrun for example_dag_decorator to None, run_after=None
[2025-02-27T03:04:23.905+0000] {processor.py:208} INFO - Processing /home/airflow/.local/lib/python3.12/site-packages/airflow/example_dags/example_dag_decorator.py took 0.721 seconds
[2025-02-27T03:04:55.066+0000] {processor.py:186} INFO - Started process (PID=1382) to work on /home/airflow/.local/lib/python3.12/site-packages/airflow/example_dags/example_dag_decorator.py
[2025-02-27T03:04:55.067+0000] {processor.py:914} INFO - Processing file /home/airflow/.local/lib/python3.12/site-packages/airflow/example_dags/example_dag_decorator.py for tasks to queue
[2025-02-27T03:04:55.071+0000] {logging_mixin.py:190} INFO - [2025-02-27T03:04:55.071+0000] {dagbag.py:588} INFO - Filling up the DagBag from /home/airflow/.local/lib/python3.12/site-packages/airflow/example_dags/example_dag_decorator.py
[2025-02-27T03:04:55.279+0000] {processor.py:925} INFO - DAG(s) 'example_dag_decorator' retrieved from /home/airflow/.local/lib/python3.12/site-packages/airflow/example_dags/example_dag_decorator.py
[2025-02-27T03:04:55.667+0000] {logging_mixin.py:190} INFO - [2025-02-27T03:04:55.667+0000] {dag.py:3239} INFO - Sync 1 DAGs
[2025-02-27T03:04:55.717+0000] {logging_mixin.py:190} INFO - [2025-02-27T03:04:55.716+0000] {dag.py:4180} INFO - Setting next_dagrun for example_dag_decorator to None, run_after=None
[2025-02-27T03:04:55.791+0000] {processor.py:208} INFO - Processing /home/airflow/.local/lib/python3.12/site-packages/airflow/example_dags/example_dag_decorator.py took 0.736 seconds
[2025-02-27T03:05:25.886+0000] {processor.py:186} INFO - Started process (PID=1445) to work on /home/airflow/.local/lib/python3.12/site-packages/airflow/example_dags/example_dag_decorator.py
[2025-02-27T03:05:25.888+0000] {processor.py:914} INFO - Processing file /home/airflow/.local/lib/python3.12/site-packages/airflow/example_dags/example_dag_decorator.py for tasks to queue
[2025-02-27T03:05:25.892+0000] {logging_mixin.py:190} INFO - [2025-02-27T03:05:25.891+0000] {dagbag.py:588} INFO - Filling up the DagBag from /home/airflow/.local/lib/python3.12/site-packages/airflow/example_dags/example_dag_decorator.py
[2025-02-27T03:05:26.139+0000] {processor.py:925} INFO - DAG(s) 'example_dag_decorator' retrieved from /home/airflow/.local/lib/python3.12/site-packages/airflow/example_dags/example_dag_decorator.py
[2025-02-27T03:05:26.688+0000] {logging_mixin.py:190} INFO - [2025-02-27T03:05:26.688+0000] {dag.py:3239} INFO - Sync 1 DAGs
[2025-02-27T03:05:26.737+0000] {logging_mixin.py:190} INFO - [2025-02-27T03:05:26.736+0000] {dag.py:4180} INFO - Setting next_dagrun for example_dag_decorator to None, run_after=None
[2025-02-27T03:05:26.801+0000] {processor.py:208} INFO - Processing /home/airflow/.local/lib/python3.12/site-packages/airflow/example_dags/example_dag_decorator.py took 0.928 seconds
[2025-02-27T03:05:58.476+0000] {processor.py:186} INFO - Started process (PID=1509) to work on /home/airflow/.local/lib/python3.12/site-packages/airflow/example_dags/example_dag_decorator.py
[2025-02-27T03:05:58.477+0000] {processor.py:914} INFO - Processing file /home/airflow/.local/lib/python3.12/site-packages/airflow/example_dags/example_dag_decorator.py for tasks to queue
[2025-02-27T03:05:58.481+0000] {logging_mixin.py:190} INFO - [2025-02-27T03:05:58.480+0000] {dagbag.py:588} INFO - Filling up the DagBag from /home/airflow/.local/lib/python3.12/site-packages/airflow/example_dags/example_dag_decorator.py
[2025-02-27T03:05:58.674+0000] {processor.py:925} INFO - DAG(s) 'example_dag_decorator' retrieved from /home/airflow/.local/lib/python3.12/site-packages/airflow/example_dags/example_dag_decorator.py
[2025-02-27T03:05:59.061+0000] {logging_mixin.py:190} INFO - [2025-02-27T03:05:59.061+0000] {dag.py:3239} INFO - Sync 1 DAGs
[2025-02-27T03:05:59.099+0000] {logging_mixin.py:190} INFO - [2025-02-27T03:05:59.098+0000] {dag.py:4180} INFO - Setting next_dagrun for example_dag_decorator to None, run_after=None
[2025-02-27T03:05:59.190+0000] {processor.py:208} INFO - Processing /home/airflow/.local/lib/python3.12/site-packages/airflow/example_dags/example_dag_decorator.py took 0.725 seconds
[2025-02-27T03:06:29.848+0000] {processor.py:186} INFO - Started process (PID=1572) to work on /home/airflow/.local/lib/python3.12/site-packages/airflow/example_dags/example_dag_decorator.py
[2025-02-27T03:06:29.850+0000] {processor.py:914} INFO - Processing file /home/airflow/.local/lib/python3.12/site-packages/airflow/example_dags/example_dag_decorator.py for tasks to queue
[2025-02-27T03:06:29.853+0000] {logging_mixin.py:190} INFO - [2025-02-27T03:06:29.853+0000] {dagbag.py:588} INFO - Filling up the DagBag from /home/airflow/.local/lib/python3.12/site-packages/airflow/example_dags/example_dag_decorator.py
[2025-02-27T03:06:30.118+0000] {processor.py:925} INFO - DAG(s) 'example_dag_decorator' retrieved from /home/airflow/.local/lib/python3.12/site-packages/airflow/example_dags/example_dag_decorator.py
[2025-02-27T03:06:30.294+0000] {logging_mixin.py:190} INFO - [2025-02-27T03:06:30.293+0000] {dag.py:3239} INFO - Sync 1 DAGs
[2025-02-27T03:06:30.345+0000] {logging_mixin.py:190} INFO - [2025-02-27T03:06:30.344+0000] {dag.py:4180} INFO - Setting next_dagrun for example_dag_decorator to None, run_after=None
[2025-02-27T03:06:30.422+0000] {processor.py:208} INFO - Processing /home/airflow/.local/lib/python3.12/site-packages/airflow/example_dags/example_dag_decorator.py took 0.584 seconds
[2025-02-27T03:07:01.406+0000] {processor.py:186} INFO - Started process (PID=1634) to work on /home/airflow/.local/lib/python3.12/site-packages/airflow/example_dags/example_dag_decorator.py
[2025-02-27T03:07:01.408+0000] {processor.py:914} INFO - Processing file /home/airflow/.local/lib/python3.12/site-packages/airflow/example_dags/example_dag_decorator.py for tasks to queue
[2025-02-27T03:07:01.412+0000] {logging_mixin.py:190} INFO - [2025-02-27T03:07:01.412+0000] {dagbag.py:588} INFO - Filling up the DagBag from /home/airflow/.local/lib/python3.12/site-packages/airflow/example_dags/example_dag_decorator.py
[2025-02-27T03:07:01.815+0000] {processor.py:925} INFO - DAG(s) 'example_dag_decorator' retrieved from /home/airflow/.local/lib/python3.12/site-packages/airflow/example_dags/example_dag_decorator.py
[2025-02-27T03:07:02.020+0000] {logging_mixin.py:190} INFO - [2025-02-27T03:07:02.020+0000] {dag.py:3239} INFO - Sync 1 DAGs
[2025-02-27T03:07:02.066+0000] {logging_mixin.py:190} INFO - [2025-02-27T03:07:02.065+0000] {dag.py:4180} INFO - Setting next_dagrun for example_dag_decorator to None, run_after=None
[2025-02-27T03:07:02.122+0000] {processor.py:208} INFO - Processing /home/airflow/.local/lib/python3.12/site-packages/airflow/example_dags/example_dag_decorator.py took 0.730 seconds
[2025-02-27T03:07:32.698+0000] {processor.py:186} INFO - Started process (PID=1697) to work on /home/airflow/.local/lib/python3.12/site-packages/airflow/example_dags/example_dag_decorator.py
[2025-02-27T03:07:32.700+0000] {processor.py:914} INFO - Processing file /home/airflow/.local/lib/python3.12/site-packages/airflow/example_dags/example_dag_decorator.py for tasks to queue
[2025-02-27T03:07:32.704+0000] {logging_mixin.py:190} INFO - [2025-02-27T03:07:32.703+0000] {dagbag.py:588} INFO - Filling up the DagBag from /home/airflow/.local/lib/python3.12/site-packages/airflow/example_dags/example_dag_decorator.py
[2025-02-27T03:07:32.947+0000] {processor.py:925} INFO - DAG(s) 'example_dag_decorator' retrieved from /home/airflow/.local/lib/python3.12/site-packages/airflow/example_dags/example_dag_decorator.py
[2025-02-27T03:07:33.427+0000] {logging_mixin.py:190} INFO - [2025-02-27T03:07:33.426+0000] {dag.py:3239} INFO - Sync 1 DAGs
[2025-02-27T03:07:33.488+0000] {logging_mixin.py:190} INFO - [2025-02-27T03:07:33.487+0000] {dag.py:4180} INFO - Setting next_dagrun for example_dag_decorator to None, run_after=None
[2025-02-27T03:07:33.559+0000] {processor.py:208} INFO - Processing /home/airflow/.local/lib/python3.12/site-packages/airflow/example_dags/example_dag_decorator.py took 0.872 seconds
[2025-02-27T03:08:03.682+0000] {processor.py:186} INFO - Started process (PID=1761) to work on /home/airflow/.local/lib/python3.12/site-packages/airflow/example_dags/example_dag_decorator.py
[2025-02-27T03:08:03.684+0000] {processor.py:914} INFO - Processing file /home/airflow/.local/lib/python3.12/site-packages/airflow/example_dags/example_dag_decorator.py for tasks to queue
[2025-02-27T03:08:03.688+0000] {logging_mixin.py:190} INFO - [2025-02-27T03:08:03.687+0000] {dagbag.py:588} INFO - Filling up the DagBag from /home/airflow/.local/lib/python3.12/site-packages/airflow/example_dags/example_dag_decorator.py
[2025-02-27T03:08:04.075+0000] {processor.py:925} INFO - DAG(s) 'example_dag_decorator' retrieved from /home/airflow/.local/lib/python3.12/site-packages/airflow/example_dags/example_dag_decorator.py
[2025-02-27T03:08:04.793+0000] {logging_mixin.py:190} INFO - [2025-02-27T03:08:04.792+0000] {dag.py:3239} INFO - Sync 1 DAGs
[2025-02-27T03:08:04.847+0000] {logging_mixin.py:190} INFO - [2025-02-27T03:08:04.846+0000] {dag.py:4180} INFO - Setting next_dagrun for example_dag_decorator to None, run_after=None
[2025-02-27T03:08:04.953+0000] {processor.py:208} INFO - Processing /home/airflow/.local/lib/python3.12/site-packages/airflow/example_dags/example_dag_decorator.py took 1.280 seconds
[2025-02-27T03:08:35.407+0000] {processor.py:186} INFO - Started process (PID=1825) to work on /home/airflow/.local/lib/python3.12/site-packages/airflow/example_dags/example_dag_decorator.py
[2025-02-27T03:08:35.409+0000] {processor.py:914} INFO - Processing file /home/airflow/.local/lib/python3.12/site-packages/airflow/example_dags/example_dag_decorator.py for tasks to queue
[2025-02-27T03:08:35.414+0000] {logging_mixin.py:190} INFO - [2025-02-27T03:08:35.413+0000] {dagbag.py:588} INFO - Filling up the DagBag from /home/airflow/.local/lib/python3.12/site-packages/airflow/example_dags/example_dag_decorator.py
[2025-02-27T03:08:35.619+0000] {processor.py:925} INFO - DAG(s) 'example_dag_decorator' retrieved from /home/airflow/.local/lib/python3.12/site-packages/airflow/example_dags/example_dag_decorator.py
[2025-02-27T03:08:36.074+0000] {logging_mixin.py:190} INFO - [2025-02-27T03:08:36.074+0000] {dag.py:3239} INFO - Sync 1 DAGs
[2025-02-27T03:08:36.145+0000] {logging_mixin.py:190} INFO - [2025-02-27T03:08:36.144+0000] {dag.py:4180} INFO - Setting next_dagrun for example_dag_decorator to None, run_after=None
[2025-02-27T03:08:36.255+0000] {processor.py:208} INFO - Processing /home/airflow/.local/lib/python3.12/site-packages/airflow/example_dags/example_dag_decorator.py took 0.859 seconds
[2025-02-27T03:09:07.325+0000] {processor.py:186} INFO - Started process (PID=1888) to work on /home/airflow/.local/lib/python3.12/site-packages/airflow/example_dags/example_dag_decorator.py
[2025-02-27T03:09:07.329+0000] {processor.py:914} INFO - Processing file /home/airflow/.local/lib/python3.12/site-packages/airflow/example_dags/example_dag_decorator.py for tasks to queue
[2025-02-27T03:09:07.334+0000] {logging_mixin.py:190} INFO - [2025-02-27T03:09:07.333+0000] {dagbag.py:588} INFO - Filling up the DagBag from /home/airflow/.local/lib/python3.12/site-packages/airflow/example_dags/example_dag_decorator.py
[2025-02-27T03:09:07.606+0000] {processor.py:925} INFO - DAG(s) 'example_dag_decorator' retrieved from /home/airflow/.local/lib/python3.12/site-packages/airflow/example_dags/example_dag_decorator.py
[2025-02-27T03:09:08.005+0000] {logging_mixin.py:190} INFO - [2025-02-27T03:09:08.004+0000] {dag.py:3239} INFO - Sync 1 DAGs
[2025-02-27T03:09:08.052+0000] {logging_mixin.py:190} INFO - [2025-02-27T03:09:08.051+0000] {dag.py:4180} INFO - Setting next_dagrun for example_dag_decorator to None, run_after=None
[2025-02-27T03:09:08.120+0000] {processor.py:208} INFO - Processing /home/airflow/.local/lib/python3.12/site-packages/airflow/example_dags/example_dag_decorator.py took 0.811 seconds
[2025-02-27T03:09:39.232+0000] {processor.py:186} INFO - Started process (PID=1952) to work on /home/airflow/.local/lib/python3.12/site-packages/airflow/example_dags/example_dag_decorator.py
[2025-02-27T03:09:39.233+0000] {processor.py:914} INFO - Processing file /home/airflow/.local/lib/python3.12/site-packages/airflow/example_dags/example_dag_decorator.py for tasks to queue
[2025-02-27T03:09:39.238+0000] {logging_mixin.py:190} INFO - [2025-02-27T03:09:39.238+0000] {dagbag.py:588} INFO - Filling up the DagBag from /home/airflow/.local/lib/python3.12/site-packages/airflow/example_dags/example_dag_decorator.py
[2025-02-27T03:09:39.472+0000] {processor.py:925} INFO - DAG(s) 'example_dag_decorator' retrieved from /home/airflow/.local/lib/python3.12/site-packages/airflow/example_dags/example_dag_decorator.py
[2025-02-27T03:09:39.861+0000] {logging_mixin.py:190} INFO - [2025-02-27T03:09:39.860+0000] {dag.py:3239} INFO - Sync 1 DAGs
[2025-02-27T03:09:39.912+0000] {logging_mixin.py:190} INFO - [2025-02-27T03:09:39.911+0000] {dag.py:4180} INFO - Setting next_dagrun for example_dag_decorator to None, run_after=None
[2025-02-27T03:09:39.991+0000] {processor.py:208} INFO - Processing /home/airflow/.local/lib/python3.12/site-packages/airflow/example_dags/example_dag_decorator.py took 0.767 seconds
[2025-02-27T03:10:10.386+0000] {processor.py:186} INFO - Started process (PID=2016) to work on /home/airflow/.local/lib/python3.12/site-packages/airflow/example_dags/example_dag_decorator.py
[2025-02-27T03:10:10.387+0000] {processor.py:914} INFO - Processing file /home/airflow/.local/lib/python3.12/site-packages/airflow/example_dags/example_dag_decorator.py for tasks to queue
[2025-02-27T03:10:10.393+0000] {logging_mixin.py:190} INFO - [2025-02-27T03:10:10.392+0000] {dagbag.py:588} INFO - Filling up the DagBag from /home/airflow/.local/lib/python3.12/site-packages/airflow/example_dags/example_dag_decorator.py
[2025-02-27T03:10:10.625+0000] {processor.py:925} INFO - DAG(s) 'example_dag_decorator' retrieved from /home/airflow/.local/lib/python3.12/site-packages/airflow/example_dags/example_dag_decorator.py
[2025-02-27T03:10:10.990+0000] {logging_mixin.py:190} INFO - [2025-02-27T03:10:10.989+0000] {dag.py:3239} INFO - Sync 1 DAGs
[2025-02-27T03:10:11.032+0000] {logging_mixin.py:190} INFO - [2025-02-27T03:10:11.031+0000] {dag.py:4180} INFO - Setting next_dagrun for example_dag_decorator to None, run_after=None
[2025-02-27T03:10:11.116+0000] {processor.py:208} INFO - Processing /home/airflow/.local/lib/python3.12/site-packages/airflow/example_dags/example_dag_decorator.py took 0.740 seconds
[2025-02-27T03:10:41.461+0000] {processor.py:186} INFO - Started process (PID=2079) to work on /home/airflow/.local/lib/python3.12/site-packages/airflow/example_dags/example_dag_decorator.py
[2025-02-27T03:10:41.463+0000] {processor.py:914} INFO - Processing file /home/airflow/.local/lib/python3.12/site-packages/airflow/example_dags/example_dag_decorator.py for tasks to queue
[2025-02-27T03:10:41.468+0000] {logging_mixin.py:190} INFO - [2025-02-27T03:10:41.467+0000] {dagbag.py:588} INFO - Filling up the DagBag from /home/airflow/.local/lib/python3.12/site-packages/airflow/example_dags/example_dag_decorator.py
[2025-02-27T03:10:41.740+0000] {processor.py:925} INFO - DAG(s) 'example_dag_decorator' retrieved from /home/airflow/.local/lib/python3.12/site-packages/airflow/example_dags/example_dag_decorator.py
[2025-02-27T03:10:42.317+0000] {logging_mixin.py:190} INFO - [2025-02-27T03:10:42.317+0000] {dag.py:3239} INFO - Sync 1 DAGs
[2025-02-27T03:10:42.365+0000] {logging_mixin.py:190} INFO - [2025-02-27T03:10:42.364+0000] {dag.py:4180} INFO - Setting next_dagrun for example_dag_decorator to None, run_after=None
[2025-02-27T03:10:42.417+0000] {processor.py:208} INFO - Processing /home/airflow/.local/lib/python3.12/site-packages/airflow/example_dags/example_dag_decorator.py took 0.967 seconds
[2025-02-27T03:11:12.831+0000] {processor.py:186} INFO - Started process (PID=2141) to work on /home/airflow/.local/lib/python3.12/site-packages/airflow/example_dags/example_dag_decorator.py
[2025-02-27T03:11:12.832+0000] {processor.py:914} INFO - Processing file /home/airflow/.local/lib/python3.12/site-packages/airflow/example_dags/example_dag_decorator.py for tasks to queue
[2025-02-27T03:11:12.836+0000] {logging_mixin.py:190} INFO - [2025-02-27T03:11:12.835+0000] {dagbag.py:588} INFO - Filling up the DagBag from /home/airflow/.local/lib/python3.12/site-packages/airflow/example_dags/example_dag_decorator.py
[2025-02-27T03:11:13.015+0000] {processor.py:925} INFO - DAG(s) 'example_dag_decorator' retrieved from /home/airflow/.local/lib/python3.12/site-packages/airflow/example_dags/example_dag_decorator.py
[2025-02-27T03:11:13.411+0000] {logging_mixin.py:190} INFO - [2025-02-27T03:11:13.410+0000] {dag.py:3239} INFO - Sync 1 DAGs
[2025-02-27T03:11:13.446+0000] {logging_mixin.py:190} INFO - [2025-02-27T03:11:13.446+0000] {dag.py:4180} INFO - Setting next_dagrun for example_dag_decorator to None, run_after=None
[2025-02-27T03:11:13.490+0000] {processor.py:208} INFO - Processing /home/airflow/.local/lib/python3.12/site-packages/airflow/example_dags/example_dag_decorator.py took 0.668 seconds
[2025-02-27T03:11:43.958+0000] {processor.py:186} INFO - Started process (PID=2204) to work on /home/airflow/.local/lib/python3.12/site-packages/airflow/example_dags/example_dag_decorator.py
[2025-02-27T03:11:43.960+0000] {processor.py:914} INFO - Processing file /home/airflow/.local/lib/python3.12/site-packages/airflow/example_dags/example_dag_decorator.py for tasks to queue
[2025-02-27T03:11:43.964+0000] {logging_mixin.py:190} INFO - [2025-02-27T03:11:43.963+0000] {dagbag.py:588} INFO - Filling up the DagBag from /home/airflow/.local/lib/python3.12/site-packages/airflow/example_dags/example_dag_decorator.py
[2025-02-27T03:11:44.159+0000] {processor.py:925} INFO - DAG(s) 'example_dag_decorator' retrieved from /home/airflow/.local/lib/python3.12/site-packages/airflow/example_dags/example_dag_decorator.py
[2025-02-27T03:11:44.590+0000] {logging_mixin.py:190} INFO - [2025-02-27T03:11:44.590+0000] {dag.py:3239} INFO - Sync 1 DAGs
[2025-02-27T03:11:44.653+0000] {logging_mixin.py:190} INFO - [2025-02-27T03:11:44.652+0000] {dag.py:4180} INFO - Setting next_dagrun for example_dag_decorator to None, run_after=None
[2025-02-27T03:11:44.750+0000] {processor.py:208} INFO - Processing /home/airflow/.local/lib/python3.12/site-packages/airflow/example_dags/example_dag_decorator.py took 0.802 seconds
[2025-02-27T03:12:15.390+0000] {processor.py:186} INFO - Started process (PID=2267) to work on /home/airflow/.local/lib/python3.12/site-packages/airflow/example_dags/example_dag_decorator.py
[2025-02-27T03:12:15.392+0000] {processor.py:914} INFO - Processing file /home/airflow/.local/lib/python3.12/site-packages/airflow/example_dags/example_dag_decorator.py for tasks to queue
[2025-02-27T03:12:15.397+0000] {logging_mixin.py:190} INFO - [2025-02-27T03:12:15.396+0000] {dagbag.py:588} INFO - Filling up the DagBag from /home/airflow/.local/lib/python3.12/site-packages/airflow/example_dags/example_dag_decorator.py
[2025-02-27T03:12:15.582+0000] {processor.py:925} INFO - DAG(s) 'example_dag_decorator' retrieved from /home/airflow/.local/lib/python3.12/site-packages/airflow/example_dags/example_dag_decorator.py
[2025-02-27T03:12:16.111+0000] {logging_mixin.py:190} INFO - [2025-02-27T03:12:16.110+0000] {dag.py:3239} INFO - Sync 1 DAGs
[2025-02-27T03:12:16.167+0000] {logging_mixin.py:190} INFO - [2025-02-27T03:12:16.166+0000] {dag.py:4180} INFO - Setting next_dagrun for example_dag_decorator to None, run_after=None
[2025-02-27T03:12:16.255+0000] {processor.py:208} INFO - Processing /home/airflow/.local/lib/python3.12/site-packages/airflow/example_dags/example_dag_decorator.py took 0.876 seconds
[2025-02-27T03:12:47.305+0000] {processor.py:186} INFO - Started process (PID=2329) to work on /home/airflow/.local/lib/python3.12/site-packages/airflow/example_dags/example_dag_decorator.py
[2025-02-27T03:12:47.307+0000] {processor.py:914} INFO - Processing file /home/airflow/.local/lib/python3.12/site-packages/airflow/example_dags/example_dag_decorator.py for tasks to queue
[2025-02-27T03:12:47.321+0000] {logging_mixin.py:190} INFO - [2025-02-27T03:12:47.319+0000] {dagbag.py:588} INFO - Filling up the DagBag from /home/airflow/.local/lib/python3.12/site-packages/airflow/example_dags/example_dag_decorator.py
[2025-02-27T03:12:47.636+0000] {processor.py:925} INFO - DAG(s) 'example_dag_decorator' retrieved from /home/airflow/.local/lib/python3.12/site-packages/airflow/example_dags/example_dag_decorator.py
[2025-02-27T03:12:47.798+0000] {logging_mixin.py:190} INFO - [2025-02-27T03:12:47.797+0000] {dag.py:3239} INFO - Sync 1 DAGs
[2025-02-27T03:12:47.850+0000] {logging_mixin.py:190} INFO - [2025-02-27T03:12:47.850+0000] {dag.py:4180} INFO - Setting next_dagrun for example_dag_decorator to None, run_after=None
[2025-02-27T03:12:47.931+0000] {processor.py:208} INFO - Processing /home/airflow/.local/lib/python3.12/site-packages/airflow/example_dags/example_dag_decorator.py took 0.655 seconds
[2025-02-27T03:13:18.611+0000] {processor.py:186} INFO - Started process (PID=2392) to work on /home/airflow/.local/lib/python3.12/site-packages/airflow/example_dags/example_dag_decorator.py
[2025-02-27T03:13:18.612+0000] {processor.py:914} INFO - Processing file /home/airflow/.local/lib/python3.12/site-packages/airflow/example_dags/example_dag_decorator.py for tasks to queue
[2025-02-27T03:13:18.617+0000] {logging_mixin.py:190} INFO - [2025-02-27T03:13:18.616+0000] {dagbag.py:588} INFO - Filling up the DagBag from /home/airflow/.local/lib/python3.12/site-packages/airflow/example_dags/example_dag_decorator.py
[2025-02-27T03:13:18.788+0000] {processor.py:925} INFO - DAG(s) 'example_dag_decorator' retrieved from /home/airflow/.local/lib/python3.12/site-packages/airflow/example_dags/example_dag_decorator.py
[2025-02-27T03:13:19.137+0000] {logging_mixin.py:190} INFO - [2025-02-27T03:13:19.137+0000] {dag.py:3239} INFO - Sync 1 DAGs
[2025-02-27T03:13:19.190+0000] {logging_mixin.py:190} INFO - [2025-02-27T03:13:19.190+0000] {dag.py:4180} INFO - Setting next_dagrun for example_dag_decorator to None, run_after=None
[2025-02-27T03:13:19.270+0000] {processor.py:208} INFO - Processing /home/airflow/.local/lib/python3.12/site-packages/airflow/example_dags/example_dag_decorator.py took 0.669 seconds
[2025-02-27T03:13:49.513+0000] {processor.py:186} INFO - Started process (PID=2462) to work on /home/airflow/.local/lib/python3.12/site-packages/airflow/example_dags/example_dag_decorator.py
[2025-02-27T03:13:49.515+0000] {processor.py:914} INFO - Processing file /home/airflow/.local/lib/python3.12/site-packages/airflow/example_dags/example_dag_decorator.py for tasks to queue
[2025-02-27T03:13:49.520+0000] {logging_mixin.py:190} INFO - [2025-02-27T03:13:49.520+0000] {dagbag.py:588} INFO - Filling up the DagBag from /home/airflow/.local/lib/python3.12/site-packages/airflow/example_dags/example_dag_decorator.py
[2025-02-27T03:13:49.749+0000] {processor.py:925} INFO - DAG(s) 'example_dag_decorator' retrieved from /home/airflow/.local/lib/python3.12/site-packages/airflow/example_dags/example_dag_decorator.py
[2025-02-27T03:13:50.163+0000] {logging_mixin.py:190} INFO - [2025-02-27T03:13:50.163+0000] {dag.py:3239} INFO - Sync 1 DAGs
[2025-02-27T03:13:50.204+0000] {logging_mixin.py:190} INFO - [2025-02-27T03:13:50.204+0000] {dag.py:4180} INFO - Setting next_dagrun for example_dag_decorator to None, run_after=None
[2025-02-27T03:13:50.274+0000] {processor.py:208} INFO - Processing /home/airflow/.local/lib/python3.12/site-packages/airflow/example_dags/example_dag_decorator.py took 0.768 seconds
[2025-02-27T03:14:20.979+0000] {processor.py:186} INFO - Started process (PID=2526) to work on /home/airflow/.local/lib/python3.12/site-packages/airflow/example_dags/example_dag_decorator.py
[2025-02-27T03:14:20.981+0000] {processor.py:914} INFO - Processing file /home/airflow/.local/lib/python3.12/site-packages/airflow/example_dags/example_dag_decorator.py for tasks to queue
[2025-02-27T03:14:20.984+0000] {logging_mixin.py:190} INFO - [2025-02-27T03:14:20.984+0000] {dagbag.py:588} INFO - Filling up the DagBag from /home/airflow/.local/lib/python3.12/site-packages/airflow/example_dags/example_dag_decorator.py
[2025-02-27T03:14:21.139+0000] {processor.py:925} INFO - DAG(s) 'example_dag_decorator' retrieved from /home/airflow/.local/lib/python3.12/site-packages/airflow/example_dags/example_dag_decorator.py
[2025-02-27T03:14:21.584+0000] {logging_mixin.py:190} INFO - [2025-02-27T03:14:21.584+0000] {dag.py:3239} INFO - Sync 1 DAGs
[2025-02-27T03:14:21.638+0000] {logging_mixin.py:190} INFO - [2025-02-27T03:14:21.637+0000] {dag.py:4180} INFO - Setting next_dagrun for example_dag_decorator to None, run_after=None
[2025-02-27T03:14:21.709+0000] {processor.py:208} INFO - Processing /home/airflow/.local/lib/python3.12/site-packages/airflow/example_dags/example_dag_decorator.py took 0.738 seconds
[2025-02-27T03:14:52.171+0000] {processor.py:186} INFO - Started process (PID=2589) to work on /home/airflow/.local/lib/python3.12/site-packages/airflow/example_dags/example_dag_decorator.py
[2025-02-27T03:14:52.172+0000] {processor.py:914} INFO - Processing file /home/airflow/.local/lib/python3.12/site-packages/airflow/example_dags/example_dag_decorator.py for tasks to queue
[2025-02-27T03:14:52.177+0000] {logging_mixin.py:190} INFO - [2025-02-27T03:14:52.177+0000] {dagbag.py:588} INFO - Filling up the DagBag from /home/airflow/.local/lib/python3.12/site-packages/airflow/example_dags/example_dag_decorator.py
[2025-02-27T03:14:52.444+0000] {processor.py:925} INFO - DAG(s) 'example_dag_decorator' retrieved from /home/airflow/.local/lib/python3.12/site-packages/airflow/example_dags/example_dag_decorator.py
[2025-02-27T03:14:52.770+0000] {logging_mixin.py:190} INFO - [2025-02-27T03:14:52.770+0000] {dag.py:3239} INFO - Sync 1 DAGs
[2025-02-27T03:14:52.800+0000] {logging_mixin.py:190} INFO - [2025-02-27T03:14:52.799+0000] {dag.py:4180} INFO - Setting next_dagrun for example_dag_decorator to None, run_after=None
[2025-02-27T03:14:52.864+0000] {processor.py:208} INFO - Processing /home/airflow/.local/lib/python3.12/site-packages/airflow/example_dags/example_dag_decorator.py took 0.707 seconds
[2025-02-27T03:15:23.784+0000] {processor.py:186} INFO - Started process (PID=2652) to work on /home/airflow/.local/lib/python3.12/site-packages/airflow/example_dags/example_dag_decorator.py
[2025-02-27T03:15:23.785+0000] {processor.py:914} INFO - Processing file /home/airflow/.local/lib/python3.12/site-packages/airflow/example_dags/example_dag_decorator.py for tasks to queue
[2025-02-27T03:15:23.789+0000] {logging_mixin.py:190} INFO - [2025-02-27T03:15:23.788+0000] {dagbag.py:588} INFO - Filling up the DagBag from /home/airflow/.local/lib/python3.12/site-packages/airflow/example_dags/example_dag_decorator.py
[2025-02-27T03:15:23.930+0000] {processor.py:925} INFO - DAG(s) 'example_dag_decorator' retrieved from /home/airflow/.local/lib/python3.12/site-packages/airflow/example_dags/example_dag_decorator.py
[2025-02-27T03:15:24.087+0000] {logging_mixin.py:190} INFO - [2025-02-27T03:15:24.086+0000] {dag.py:3239} INFO - Sync 1 DAGs
[2025-02-27T03:15:24.129+0000] {logging_mixin.py:190} INFO - [2025-02-27T03:15:24.129+0000] {dag.py:4180} INFO - Setting next_dagrun for example_dag_decorator to None, run_after=None
[2025-02-27T03:15:24.184+0000] {processor.py:208} INFO - Processing /home/airflow/.local/lib/python3.12/site-packages/airflow/example_dags/example_dag_decorator.py took 0.408 seconds
[2025-02-27T03:15:54.362+0000] {processor.py:186} INFO - Started process (PID=2714) to work on /home/airflow/.local/lib/python3.12/site-packages/airflow/example_dags/example_dag_decorator.py
[2025-02-27T03:15:54.364+0000] {processor.py:914} INFO - Processing file /home/airflow/.local/lib/python3.12/site-packages/airflow/example_dags/example_dag_decorator.py for tasks to queue
[2025-02-27T03:15:54.368+0000] {logging_mixin.py:190} INFO - [2025-02-27T03:15:54.368+0000] {dagbag.py:588} INFO - Filling up the DagBag from /home/airflow/.local/lib/python3.12/site-packages/airflow/example_dags/example_dag_decorator.py
[2025-02-27T03:15:54.540+0000] {processor.py:925} INFO - DAG(s) 'example_dag_decorator' retrieved from /home/airflow/.local/lib/python3.12/site-packages/airflow/example_dags/example_dag_decorator.py
[2025-02-27T03:15:54.699+0000] {logging_mixin.py:190} INFO - [2025-02-27T03:15:54.699+0000] {dag.py:3239} INFO - Sync 1 DAGs
[2025-02-27T03:15:54.735+0000] {logging_mixin.py:190} INFO - [2025-02-27T03:15:54.734+0000] {dag.py:4180} INFO - Setting next_dagrun for example_dag_decorator to None, run_after=None
[2025-02-27T03:15:54.798+0000] {processor.py:208} INFO - Processing /home/airflow/.local/lib/python3.12/site-packages/airflow/example_dags/example_dag_decorator.py took 0.446 seconds
[2025-02-27T03:16:25.117+0000] {processor.py:186} INFO - Started process (PID=2777) to work on /home/airflow/.local/lib/python3.12/site-packages/airflow/example_dags/example_dag_decorator.py
[2025-02-27T03:16:25.119+0000] {processor.py:914} INFO - Processing file /home/airflow/.local/lib/python3.12/site-packages/airflow/example_dags/example_dag_decorator.py for tasks to queue
[2025-02-27T03:16:25.124+0000] {logging_mixin.py:190} INFO - [2025-02-27T03:16:25.123+0000] {dagbag.py:588} INFO - Filling up the DagBag from /home/airflow/.local/lib/python3.12/site-packages/airflow/example_dags/example_dag_decorator.py
[2025-02-27T03:16:25.312+0000] {processor.py:925} INFO - DAG(s) 'example_dag_decorator' retrieved from /home/airflow/.local/lib/python3.12/site-packages/airflow/example_dags/example_dag_decorator.py
[2025-02-27T03:16:25.604+0000] {logging_mixin.py:190} INFO - [2025-02-27T03:16:25.604+0000] {dag.py:3239} INFO - Sync 1 DAGs
[2025-02-27T03:16:25.849+0000] {logging_mixin.py:190} INFO - [2025-02-27T03:16:25.849+0000] {dag.py:4180} INFO - Setting next_dagrun for example_dag_decorator to None, run_after=None
[2025-02-27T03:16:25.913+0000] {processor.py:208} INFO - Processing /home/airflow/.local/lib/python3.12/site-packages/airflow/example_dags/example_dag_decorator.py took 0.801 seconds
[2025-02-27T03:16:56.719+0000] {processor.py:186} INFO - Started process (PID=2840) to work on /home/airflow/.local/lib/python3.12/site-packages/airflow/example_dags/example_dag_decorator.py
[2025-02-27T03:16:56.721+0000] {processor.py:914} INFO - Processing file /home/airflow/.local/lib/python3.12/site-packages/airflow/example_dags/example_dag_decorator.py for tasks to queue
[2025-02-27T03:16:56.725+0000] {logging_mixin.py:190} INFO - [2025-02-27T03:16:56.725+0000] {dagbag.py:588} INFO - Filling up the DagBag from /home/airflow/.local/lib/python3.12/site-packages/airflow/example_dags/example_dag_decorator.py
[2025-02-27T03:16:56.997+0000] {processor.py:925} INFO - DAG(s) 'example_dag_decorator' retrieved from /home/airflow/.local/lib/python3.12/site-packages/airflow/example_dags/example_dag_decorator.py
[2025-02-27T03:16:57.493+0000] {logging_mixin.py:190} INFO - [2025-02-27T03:16:57.493+0000] {dag.py:3239} INFO - Sync 1 DAGs
[2025-02-27T03:16:57.530+0000] {logging_mixin.py:190} INFO - [2025-02-27T03:16:57.529+0000] {dag.py:4180} INFO - Setting next_dagrun for example_dag_decorator to None, run_after=None
[2025-02-27T03:16:57.594+0000] {processor.py:208} INFO - Processing /home/airflow/.local/lib/python3.12/site-packages/airflow/example_dags/example_dag_decorator.py took 0.886 seconds
[2025-02-27T03:17:28.320+0000] {processor.py:186} INFO - Started process (PID=2904) to work on /home/airflow/.local/lib/python3.12/site-packages/airflow/example_dags/example_dag_decorator.py
[2025-02-27T03:17:28.322+0000] {processor.py:914} INFO - Processing file /home/airflow/.local/lib/python3.12/site-packages/airflow/example_dags/example_dag_decorator.py for tasks to queue
[2025-02-27T03:17:28.328+0000] {logging_mixin.py:190} INFO - [2025-02-27T03:17:28.327+0000] {dagbag.py:588} INFO - Filling up the DagBag from /home/airflow/.local/lib/python3.12/site-packages/airflow/example_dags/example_dag_decorator.py
[2025-02-27T03:17:28.495+0000] {processor.py:925} INFO - DAG(s) 'example_dag_decorator' retrieved from /home/airflow/.local/lib/python3.12/site-packages/airflow/example_dags/example_dag_decorator.py
[2025-02-27T03:17:28.774+0000] {logging_mixin.py:190} INFO - [2025-02-27T03:17:28.773+0000] {dag.py:3239} INFO - Sync 1 DAGs
[2025-02-27T03:17:28.813+0000] {logging_mixin.py:190} INFO - [2025-02-27T03:17:28.813+0000] {dag.py:4180} INFO - Setting next_dagrun for example_dag_decorator to None, run_after=None
[2025-02-27T03:17:28.871+0000] {processor.py:208} INFO - Processing /home/airflow/.local/lib/python3.12/site-packages/airflow/example_dags/example_dag_decorator.py took 0.566 seconds
[2025-02-27T03:17:59.119+0000] {processor.py:186} INFO - Started process (PID=2967) to work on /home/airflow/.local/lib/python3.12/site-packages/airflow/example_dags/example_dag_decorator.py
[2025-02-27T03:17:59.121+0000] {processor.py:914} INFO - Processing file /home/airflow/.local/lib/python3.12/site-packages/airflow/example_dags/example_dag_decorator.py for tasks to queue
[2025-02-27T03:17:59.125+0000] {logging_mixin.py:190} INFO - [2025-02-27T03:17:59.124+0000] {dagbag.py:588} INFO - Filling up the DagBag from /home/airflow/.local/lib/python3.12/site-packages/airflow/example_dags/example_dag_decorator.py
[2025-02-27T03:17:59.322+0000] {processor.py:925} INFO - DAG(s) 'example_dag_decorator' retrieved from /home/airflow/.local/lib/python3.12/site-packages/airflow/example_dags/example_dag_decorator.py
[2025-02-27T03:17:59.960+0000] {logging_mixin.py:190} INFO - [2025-02-27T03:17:59.959+0000] {dag.py:3239} INFO - Sync 1 DAGs
[2025-02-27T03:18:00.003+0000] {logging_mixin.py:190} INFO - [2025-02-27T03:18:00.002+0000] {dag.py:4180} INFO - Setting next_dagrun for example_dag_decorator to None, run_after=None
[2025-02-27T03:18:00.085+0000] {processor.py:208} INFO - Processing /home/airflow/.local/lib/python3.12/site-packages/airflow/example_dags/example_dag_decorator.py took 0.974 seconds
[2025-02-27T03:18:30.235+0000] {processor.py:186} INFO - Started process (PID=3032) to work on /home/airflow/.local/lib/python3.12/site-packages/airflow/example_dags/example_dag_decorator.py
[2025-02-27T03:18:30.237+0000] {processor.py:914} INFO - Processing file /home/airflow/.local/lib/python3.12/site-packages/airflow/example_dags/example_dag_decorator.py for tasks to queue
[2025-02-27T03:18:30.240+0000] {logging_mixin.py:190} INFO - [2025-02-27T03:18:30.240+0000] {dagbag.py:588} INFO - Filling up the DagBag from /home/airflow/.local/lib/python3.12/site-packages/airflow/example_dags/example_dag_decorator.py
[2025-02-27T03:18:30.455+0000] {processor.py:925} INFO - DAG(s) 'example_dag_decorator' retrieved from /home/airflow/.local/lib/python3.12/site-packages/airflow/example_dags/example_dag_decorator.py
[2025-02-27T03:18:30.751+0000] {logging_mixin.py:190} INFO - [2025-02-27T03:18:30.750+0000] {dag.py:3239} INFO - Sync 1 DAGs
[2025-02-27T03:18:31.020+0000] {logging_mixin.py:190} INFO - [2025-02-27T03:18:31.019+0000] {dag.py:4180} INFO - Setting next_dagrun for example_dag_decorator to None, run_after=None
[2025-02-27T03:18:31.089+0000] {processor.py:208} INFO - Processing /home/airflow/.local/lib/python3.12/site-packages/airflow/example_dags/example_dag_decorator.py took 0.863 seconds
[2025-02-27T03:19:01.328+0000] {processor.py:186} INFO - Started process (PID=3095) to work on /home/airflow/.local/lib/python3.12/site-packages/airflow/example_dags/example_dag_decorator.py
[2025-02-27T03:19:01.330+0000] {processor.py:914} INFO - Processing file /home/airflow/.local/lib/python3.12/site-packages/airflow/example_dags/example_dag_decorator.py for tasks to queue
[2025-02-27T03:19:01.334+0000] {logging_mixin.py:190} INFO - [2025-02-27T03:19:01.333+0000] {dagbag.py:588} INFO - Filling up the DagBag from /home/airflow/.local/lib/python3.12/site-packages/airflow/example_dags/example_dag_decorator.py
[2025-02-27T03:19:01.619+0000] {processor.py:925} INFO - DAG(s) 'example_dag_decorator' retrieved from /home/airflow/.local/lib/python3.12/site-packages/airflow/example_dags/example_dag_decorator.py
[2025-02-27T03:19:02.220+0000] {logging_mixin.py:190} INFO - [2025-02-27T03:19:02.220+0000] {dag.py:3239} INFO - Sync 1 DAGs
[2025-02-27T03:19:02.650+0000] {logging_mixin.py:190} INFO - [2025-02-27T03:19:02.649+0000] {dag.py:4180} INFO - Setting next_dagrun for example_dag_decorator to None, run_after=None
[2025-02-27T03:19:02.733+0000] {processor.py:208} INFO - Processing /home/airflow/.local/lib/python3.12/site-packages/airflow/example_dags/example_dag_decorator.py took 1.421 seconds
[2025-02-27T03:19:33.125+0000] {processor.py:186} INFO - Started process (PID=3160) to work on /home/airflow/.local/lib/python3.12/site-packages/airflow/example_dags/example_dag_decorator.py
[2025-02-27T03:19:33.126+0000] {processor.py:914} INFO - Processing file /home/airflow/.local/lib/python3.12/site-packages/airflow/example_dags/example_dag_decorator.py for tasks to queue
[2025-02-27T03:19:33.131+0000] {logging_mixin.py:190} INFO - [2025-02-27T03:19:33.130+0000] {dagbag.py:588} INFO - Filling up the DagBag from /home/airflow/.local/lib/python3.12/site-packages/airflow/example_dags/example_dag_decorator.py
[2025-02-27T03:19:33.411+0000] {processor.py:925} INFO - DAG(s) 'example_dag_decorator' retrieved from /home/airflow/.local/lib/python3.12/site-packages/airflow/example_dags/example_dag_decorator.py
[2025-02-27T03:19:33.829+0000] {logging_mixin.py:190} INFO - [2025-02-27T03:19:33.829+0000] {dag.py:3239} INFO - Sync 1 DAGs
[2025-02-27T03:19:33.893+0000] {logging_mixin.py:190} INFO - [2025-02-27T03:19:33.892+0000] {dag.py:4180} INFO - Setting next_dagrun for example_dag_decorator to None, run_after=None
[2025-02-27T03:19:33.977+0000] {processor.py:208} INFO - Processing /home/airflow/.local/lib/python3.12/site-packages/airflow/example_dags/example_dag_decorator.py took 0.861 seconds
[2025-02-27T03:20:04.295+0000] {processor.py:186} INFO - Started process (PID=3223) to work on /home/airflow/.local/lib/python3.12/site-packages/airflow/example_dags/example_dag_decorator.py
[2025-02-27T03:20:04.297+0000] {processor.py:914} INFO - Processing file /home/airflow/.local/lib/python3.12/site-packages/airflow/example_dags/example_dag_decorator.py for tasks to queue
[2025-02-27T03:20:04.301+0000] {logging_mixin.py:190} INFO - [2025-02-27T03:20:04.300+0000] {dagbag.py:588} INFO - Filling up the DagBag from /home/airflow/.local/lib/python3.12/site-packages/airflow/example_dags/example_dag_decorator.py
[2025-02-27T03:20:04.590+0000] {processor.py:925} INFO - DAG(s) 'example_dag_decorator' retrieved from /home/airflow/.local/lib/python3.12/site-packages/airflow/example_dags/example_dag_decorator.py
[2025-02-27T03:20:05.521+0000] {logging_mixin.py:190} INFO - [2025-02-27T03:20:05.521+0000] {dag.py:3239} INFO - Sync 1 DAGs
[2025-02-27T03:20:05.557+0000] {logging_mixin.py:190} INFO - [2025-02-27T03:20:05.556+0000] {dag.py:4180} INFO - Setting next_dagrun for example_dag_decorator to None, run_after=None
[2025-02-27T03:20:05.620+0000] {processor.py:208} INFO - Processing /home/airflow/.local/lib/python3.12/site-packages/airflow/example_dags/example_dag_decorator.py took 1.335 seconds
[2025-02-27T03:20:36.242+0000] {processor.py:186} INFO - Started process (PID=3285) to work on /home/airflow/.local/lib/python3.12/site-packages/airflow/example_dags/example_dag_decorator.py
[2025-02-27T03:20:36.243+0000] {processor.py:914} INFO - Processing file /home/airflow/.local/lib/python3.12/site-packages/airflow/example_dags/example_dag_decorator.py for tasks to queue
[2025-02-27T03:20:36.248+0000] {logging_mixin.py:190} INFO - [2025-02-27T03:20:36.247+0000] {dagbag.py:588} INFO - Filling up the DagBag from /home/airflow/.local/lib/python3.12/site-packages/airflow/example_dags/example_dag_decorator.py
[2025-02-27T03:20:36.471+0000] {processor.py:925} INFO - DAG(s) 'example_dag_decorator' retrieved from /home/airflow/.local/lib/python3.12/site-packages/airflow/example_dags/example_dag_decorator.py
[2025-02-27T03:20:37.231+0000] {logging_mixin.py:190} INFO - [2025-02-27T03:20:37.230+0000] {dag.py:3239} INFO - Sync 1 DAGs
[2025-02-27T03:20:37.293+0000] {logging_mixin.py:190} INFO - [2025-02-27T03:20:37.292+0000] {dag.py:4180} INFO - Setting next_dagrun for example_dag_decorator to None, run_after=None
[2025-02-27T03:20:37.389+0000] {processor.py:208} INFO - Processing /home/airflow/.local/lib/python3.12/site-packages/airflow/example_dags/example_dag_decorator.py took 1.155 seconds
