[2025-02-27T02:51:37.321+0000] {processor.py:186} INFO - Started process (PID=117) to work on /home/airflow/.local/lib/python3.12/site-packages/airflow/example_dags/example_branch_python_dop_operator_3.py
[2025-02-27T02:51:37.323+0000] {processor.py:914} INFO - Processing file /home/airflow/.local/lib/python3.12/site-packages/airflow/example_dags/example_branch_python_dop_operator_3.py for tasks to queue
[2025-02-27T02:51:37.327+0000] {logging_mixin.py:190} INFO - [2025-02-27T02:51:37.327+0000] {dagbag.py:588} INFO - Filling up the DagBag from /home/airflow/.local/lib/python3.12/site-packages/airflow/example_dags/example_branch_python_dop_operator_3.py
[2025-02-27T02:51:37.352+0000] {processor.py:925} INFO - DAG(s) 'example_branch_dop_operator_v3' retrieved from /home/airflow/.local/lib/python3.12/site-packages/airflow/example_dags/example_branch_python_dop_operator_3.py
[2025-02-27T02:51:37.545+0000] {logging_mixin.py:190} INFO - [2025-02-27T02:51:37.543+0000] {override.py:1912} INFO - Created Permission View: can delete on DAG:example_branch_dop_operator_v3
[2025-02-27T02:51:37.572+0000] {logging_mixin.py:190} INFO - [2025-02-27T02:51:37.571+0000] {override.py:1912} INFO - Created Permission View: can read on DAG:example_branch_dop_operator_v3
[2025-02-27T02:51:37.592+0000] {logging_mixin.py:190} INFO - [2025-02-27T02:51:37.591+0000] {override.py:1912} INFO - Created Permission View: can edit on DAG:example_branch_dop_operator_v3
[2025-02-27T02:51:37.615+0000] {logging_mixin.py:190} INFO - [2025-02-27T02:51:37.614+0000] {override.py:1912} INFO - Created Permission View: menu access on DAG Run:example_branch_dop_operator_v3
[2025-02-27T02:51:37.636+0000] {logging_mixin.py:190} INFO - [2025-02-27T02:51:37.635+0000] {override.py:1912} INFO - Created Permission View: can delete on DAG Run:example_branch_dop_operator_v3
[2025-02-27T02:51:37.657+0000] {logging_mixin.py:190} INFO - [2025-02-27T02:51:37.657+0000] {override.py:1912} INFO - Created Permission View: can read on DAG Run:example_branch_dop_operator_v3
[2025-02-27T02:51:37.677+0000] {logging_mixin.py:190} INFO - [2025-02-27T02:51:37.676+0000] {override.py:1912} INFO - Created Permission View: can create on DAG Run:example_branch_dop_operator_v3
[2025-02-27T02:51:37.678+0000] {logging_mixin.py:190} INFO - [2025-02-27T02:51:37.678+0000] {dag.py:3239} INFO - Sync 1 DAGs
[2025-02-27T02:51:37.705+0000] {logging_mixin.py:190} INFO - [2025-02-27T02:51:37.705+0000] {dag.py:3262} INFO - Creating ORM DAG for example_branch_dop_operator_v3
[2025-02-27T02:51:37.731+0000] {logging_mixin.py:190} INFO - [2025-02-27T02:51:37.731+0000] {dag.py:4180} INFO - Setting next_dagrun for example_branch_dop_operator_v3 to 2025-02-27 02:50:00+00:00, run_after=2025-02-27 02:51:00+00:00
[2025-02-27T02:51:37.769+0000] {processor.py:208} INFO - Processing /home/airflow/.local/lib/python3.12/site-packages/airflow/example_dags/example_branch_python_dop_operator_3.py took 0.458 seconds
[2025-02-27T02:54:24.970+0000] {processor.py:186} INFO - Started process (PID=119) to work on /home/airflow/.local/lib/python3.12/site-packages/airflow/example_dags/example_branch_python_dop_operator_3.py
[2025-02-27T02:54:24.973+0000] {processor.py:914} INFO - Processing file /home/airflow/.local/lib/python3.12/site-packages/airflow/example_dags/example_branch_python_dop_operator_3.py for tasks to queue
[2025-02-27T02:54:24.978+0000] {logging_mixin.py:190} INFO - [2025-02-27T02:54:24.977+0000] {dagbag.py:588} INFO - Filling up the DagBag from /home/airflow/.local/lib/python3.12/site-packages/airflow/example_dags/example_branch_python_dop_operator_3.py
[2025-02-27T02:54:25.007+0000] {processor.py:925} INFO - DAG(s) 'example_branch_dop_operator_v3' retrieved from /home/airflow/.local/lib/python3.12/site-packages/airflow/example_dags/example_branch_python_dop_operator_3.py
[2025-02-27T02:54:25.610+0000] {logging_mixin.py:190} INFO - [2025-02-27T02:54:25.608+0000] {override.py:1912} INFO - Created Permission View: can read on DAG:example_branch_dop_operator_v3
[2025-02-27T02:54:25.652+0000] {logging_mixin.py:190} INFO - [2025-02-27T02:54:25.651+0000] {override.py:1912} INFO - Created Permission View: can delete on DAG:example_branch_dop_operator_v3
[2025-02-27T02:54:25.676+0000] {logging_mixin.py:190} INFO - [2025-02-27T02:54:25.675+0000] {override.py:1912} INFO - Created Permission View: can edit on DAG:example_branch_dop_operator_v3
[2025-02-27T02:54:25.705+0000] {logging_mixin.py:190} INFO - [2025-02-27T02:54:25.703+0000] {override.py:1912} INFO - Created Permission View: can read on DAG Run:example_branch_dop_operator_v3
[2025-02-27T02:54:25.746+0000] {logging_mixin.py:190} INFO - [2025-02-27T02:54:25.740+0000] {override.py:1912} INFO - Created Permission View: menu access on DAG Run:example_branch_dop_operator_v3
[2025-02-27T02:54:25.799+0000] {logging_mixin.py:190} INFO - [2025-02-27T02:54:25.799+0000] {override.py:1912} INFO - Created Permission View: can delete on DAG Run:example_branch_dop_operator_v3
[2025-02-27T02:54:25.834+0000] {logging_mixin.py:190} INFO - [2025-02-27T02:54:25.832+0000] {override.py:1912} INFO - Created Permission View: can create on DAG Run:example_branch_dop_operator_v3
[2025-02-27T02:54:25.837+0000] {logging_mixin.py:190} INFO - [2025-02-27T02:54:25.836+0000] {dag.py:3239} INFO - Sync 1 DAGs
[2025-02-27T02:54:25.936+0000] {logging_mixin.py:190} INFO - [2025-02-27T02:54:25.935+0000] {dag.py:3262} INFO - Creating ORM DAG for example_branch_dop_operator_v3
[2025-02-27T02:54:25.990+0000] {logging_mixin.py:190} INFO - [2025-02-27T02:54:25.989+0000] {dag.py:4180} INFO - Setting next_dagrun for example_branch_dop_operator_v3 to 2025-02-27 02:53:00+00:00, run_after=2025-02-27 02:54:00+00:00
[2025-02-27T02:54:26.058+0000] {processor.py:208} INFO - Processing /home/airflow/.local/lib/python3.12/site-packages/airflow/example_dags/example_branch_python_dop_operator_3.py took 1.103 seconds
[2025-02-27T02:54:56.645+0000] {processor.py:186} INFO - Started process (PID=182) to work on /home/airflow/.local/lib/python3.12/site-packages/airflow/example_dags/example_branch_python_dop_operator_3.py
[2025-02-27T02:54:56.647+0000] {processor.py:914} INFO - Processing file /home/airflow/.local/lib/python3.12/site-packages/airflow/example_dags/example_branch_python_dop_operator_3.py for tasks to queue
[2025-02-27T02:54:56.652+0000] {logging_mixin.py:190} INFO - [2025-02-27T02:54:56.652+0000] {dagbag.py:588} INFO - Filling up the DagBag from /home/airflow/.local/lib/python3.12/site-packages/airflow/example_dags/example_branch_python_dop_operator_3.py
[2025-02-27T02:54:56.668+0000] {processor.py:925} INFO - DAG(s) 'example_branch_dop_operator_v3' retrieved from /home/airflow/.local/lib/python3.12/site-packages/airflow/example_dags/example_branch_python_dop_operator_3.py
[2025-02-27T02:54:56.833+0000] {logging_mixin.py:190} INFO - [2025-02-27T02:54:56.832+0000] {dag.py:3239} INFO - Sync 1 DAGs
[2025-02-27T02:54:56.922+0000] {logging_mixin.py:190} INFO - [2025-02-27T02:54:56.921+0000] {dag.py:4180} INFO - Setting next_dagrun for example_branch_dop_operator_v3 to 2025-02-27 02:53:00+00:00, run_after=2025-02-27 02:54:00+00:00
[2025-02-27T02:54:56.994+0000] {processor.py:208} INFO - Processing /home/airflow/.local/lib/python3.12/site-packages/airflow/example_dags/example_branch_python_dop_operator_3.py took 0.358 seconds
[2025-02-27T02:55:27.409+0000] {processor.py:186} INFO - Started process (PID=246) to work on /home/airflow/.local/lib/python3.12/site-packages/airflow/example_dags/example_branch_python_dop_operator_3.py
[2025-02-27T02:55:27.411+0000] {processor.py:914} INFO - Processing file /home/airflow/.local/lib/python3.12/site-packages/airflow/example_dags/example_branch_python_dop_operator_3.py for tasks to queue
[2025-02-27T02:55:27.415+0000] {logging_mixin.py:190} INFO - [2025-02-27T02:55:27.414+0000] {dagbag.py:588} INFO - Filling up the DagBag from /home/airflow/.local/lib/python3.12/site-packages/airflow/example_dags/example_branch_python_dop_operator_3.py
[2025-02-27T02:55:27.429+0000] {processor.py:925} INFO - DAG(s) 'example_branch_dop_operator_v3' retrieved from /home/airflow/.local/lib/python3.12/site-packages/airflow/example_dags/example_branch_python_dop_operator_3.py
[2025-02-27T02:55:27.606+0000] {logging_mixin.py:190} INFO - [2025-02-27T02:55:27.605+0000] {dag.py:3239} INFO - Sync 1 DAGs
[2025-02-27T02:55:27.681+0000] {logging_mixin.py:190} INFO - [2025-02-27T02:55:27.681+0000] {dag.py:4180} INFO - Setting next_dagrun for example_branch_dop_operator_v3 to 2025-02-27 02:54:00+00:00, run_after=2025-02-27 02:55:00+00:00
[2025-02-27T02:55:27.746+0000] {processor.py:208} INFO - Processing /home/airflow/.local/lib/python3.12/site-packages/airflow/example_dags/example_branch_python_dop_operator_3.py took 0.345 seconds
[2025-02-27T02:55:57.881+0000] {processor.py:186} INFO - Started process (PID=309) to work on /home/airflow/.local/lib/python3.12/site-packages/airflow/example_dags/example_branch_python_dop_operator_3.py
[2025-02-27T02:55:57.883+0000] {processor.py:914} INFO - Processing file /home/airflow/.local/lib/python3.12/site-packages/airflow/example_dags/example_branch_python_dop_operator_3.py for tasks to queue
[2025-02-27T02:55:57.886+0000] {logging_mixin.py:190} INFO - [2025-02-27T02:55:57.885+0000] {dagbag.py:588} INFO - Filling up the DagBag from /home/airflow/.local/lib/python3.12/site-packages/airflow/example_dags/example_branch_python_dop_operator_3.py
[2025-02-27T02:55:57.903+0000] {processor.py:925} INFO - DAG(s) 'example_branch_dop_operator_v3' retrieved from /home/airflow/.local/lib/python3.12/site-packages/airflow/example_dags/example_branch_python_dop_operator_3.py
[2025-02-27T02:55:58.050+0000] {logging_mixin.py:190} INFO - [2025-02-27T02:55:58.049+0000] {dag.py:3239} INFO - Sync 1 DAGs
[2025-02-27T02:55:58.123+0000] {logging_mixin.py:190} INFO - [2025-02-27T02:55:58.123+0000] {dag.py:4180} INFO - Setting next_dagrun for example_branch_dop_operator_v3 to 2025-02-27 02:54:00+00:00, run_after=2025-02-27 02:55:00+00:00
[2025-02-27T02:55:58.180+0000] {processor.py:208} INFO - Processing /home/airflow/.local/lib/python3.12/site-packages/airflow/example_dags/example_branch_python_dop_operator_3.py took 0.307 seconds
[2025-02-27T02:56:28.525+0000] {processor.py:186} INFO - Started process (PID=372) to work on /home/airflow/.local/lib/python3.12/site-packages/airflow/example_dags/example_branch_python_dop_operator_3.py
[2025-02-27T02:56:28.526+0000] {processor.py:914} INFO - Processing file /home/airflow/.local/lib/python3.12/site-packages/airflow/example_dags/example_branch_python_dop_operator_3.py for tasks to queue
[2025-02-27T02:56:28.530+0000] {logging_mixin.py:190} INFO - [2025-02-27T02:56:28.529+0000] {dagbag.py:588} INFO - Filling up the DagBag from /home/airflow/.local/lib/python3.12/site-packages/airflow/example_dags/example_branch_python_dop_operator_3.py
[2025-02-27T02:56:28.548+0000] {processor.py:925} INFO - DAG(s) 'example_branch_dop_operator_v3' retrieved from /home/airflow/.local/lib/python3.12/site-packages/airflow/example_dags/example_branch_python_dop_operator_3.py
[2025-02-27T02:56:28.686+0000] {logging_mixin.py:190} INFO - [2025-02-27T02:56:28.686+0000] {dag.py:3239} INFO - Sync 1 DAGs
[2025-02-27T02:56:28.747+0000] {logging_mixin.py:190} INFO - [2025-02-27T02:56:28.746+0000] {dag.py:4180} INFO - Setting next_dagrun for example_branch_dop_operator_v3 to 2025-02-27 02:55:00+00:00, run_after=2025-02-27 02:56:00+00:00
[2025-02-27T02:56:28.831+0000] {processor.py:208} INFO - Processing /home/airflow/.local/lib/python3.12/site-packages/airflow/example_dags/example_branch_python_dop_operator_3.py took 0.315 seconds
[2025-02-27T02:56:59.651+0000] {processor.py:186} INFO - Started process (PID=434) to work on /home/airflow/.local/lib/python3.12/site-packages/airflow/example_dags/example_branch_python_dop_operator_3.py
[2025-02-27T02:56:59.653+0000] {processor.py:914} INFO - Processing file /home/airflow/.local/lib/python3.12/site-packages/airflow/example_dags/example_branch_python_dop_operator_3.py for tasks to queue
[2025-02-27T02:56:59.656+0000] {logging_mixin.py:190} INFO - [2025-02-27T02:56:59.656+0000] {dagbag.py:588} INFO - Filling up the DagBag from /home/airflow/.local/lib/python3.12/site-packages/airflow/example_dags/example_branch_python_dop_operator_3.py
[2025-02-27T02:56:59.673+0000] {processor.py:925} INFO - DAG(s) 'example_branch_dop_operator_v3' retrieved from /home/airflow/.local/lib/python3.12/site-packages/airflow/example_dags/example_branch_python_dop_operator_3.py
[2025-02-27T02:56:59.858+0000] {logging_mixin.py:190} INFO - [2025-02-27T02:56:59.858+0000] {dag.py:3239} INFO - Sync 1 DAGs
[2025-02-27T02:56:59.969+0000] {logging_mixin.py:190} INFO - [2025-02-27T02:56:59.969+0000] {dag.py:4180} INFO - Setting next_dagrun for example_branch_dop_operator_v3 to 2025-02-27 02:55:00+00:00, run_after=2025-02-27 02:56:00+00:00
[2025-02-27T02:57:00.047+0000] {processor.py:208} INFO - Processing /home/airflow/.local/lib/python3.12/site-packages/airflow/example_dags/example_branch_python_dop_operator_3.py took 0.405 seconds
[2025-02-27T02:57:30.266+0000] {processor.py:186} INFO - Started process (PID=497) to work on /home/airflow/.local/lib/python3.12/site-packages/airflow/example_dags/example_branch_python_dop_operator_3.py
[2025-02-27T02:57:30.270+0000] {processor.py:914} INFO - Processing file /home/airflow/.local/lib/python3.12/site-packages/airflow/example_dags/example_branch_python_dop_operator_3.py for tasks to queue
[2025-02-27T02:57:30.274+0000] {logging_mixin.py:190} INFO - [2025-02-27T02:57:30.274+0000] {dagbag.py:588} INFO - Filling up the DagBag from /home/airflow/.local/lib/python3.12/site-packages/airflow/example_dags/example_branch_python_dop_operator_3.py
[2025-02-27T02:57:30.292+0000] {processor.py:925} INFO - DAG(s) 'example_branch_dop_operator_v3' retrieved from /home/airflow/.local/lib/python3.12/site-packages/airflow/example_dags/example_branch_python_dop_operator_3.py
[2025-02-27T02:57:30.464+0000] {logging_mixin.py:190} INFO - [2025-02-27T02:57:30.463+0000] {dag.py:3239} INFO - Sync 1 DAGs
[2025-02-27T02:57:30.589+0000] {logging_mixin.py:190} INFO - [2025-02-27T02:57:30.589+0000] {dag.py:4180} INFO - Setting next_dagrun for example_branch_dop_operator_v3 to 2025-02-27 02:56:00+00:00, run_after=2025-02-27 02:57:00+00:00
[2025-02-27T02:57:30.674+0000] {processor.py:208} INFO - Processing /home/airflow/.local/lib/python3.12/site-packages/airflow/example_dags/example_branch_python_dop_operator_3.py took 0.418 seconds
[2025-02-27T02:58:01.164+0000] {processor.py:186} INFO - Started process (PID=559) to work on /home/airflow/.local/lib/python3.12/site-packages/airflow/example_dags/example_branch_python_dop_operator_3.py
[2025-02-27T02:58:01.166+0000] {processor.py:914} INFO - Processing file /home/airflow/.local/lib/python3.12/site-packages/airflow/example_dags/example_branch_python_dop_operator_3.py for tasks to queue
[2025-02-27T02:58:01.170+0000] {logging_mixin.py:190} INFO - [2025-02-27T02:58:01.170+0000] {dagbag.py:588} INFO - Filling up the DagBag from /home/airflow/.local/lib/python3.12/site-packages/airflow/example_dags/example_branch_python_dop_operator_3.py
[2025-02-27T02:58:01.196+0000] {processor.py:925} INFO - DAG(s) 'example_branch_dop_operator_v3' retrieved from /home/airflow/.local/lib/python3.12/site-packages/airflow/example_dags/example_branch_python_dop_operator_3.py
[2025-02-27T02:58:01.387+0000] {logging_mixin.py:190} INFO - [2025-02-27T02:58:01.387+0000] {dag.py:3239} INFO - Sync 1 DAGs
[2025-02-27T02:58:01.542+0000] {logging_mixin.py:190} INFO - [2025-02-27T02:58:01.541+0000] {dag.py:4180} INFO - Setting next_dagrun for example_branch_dop_operator_v3 to 2025-02-27 02:57:00+00:00, run_after=2025-02-27 02:58:00+00:00
[2025-02-27T02:58:01.638+0000] {processor.py:208} INFO - Processing /home/airflow/.local/lib/python3.12/site-packages/airflow/example_dags/example_branch_python_dop_operator_3.py took 0.486 seconds
[2025-02-27T02:58:32.216+0000] {processor.py:186} INFO - Started process (PID=622) to work on /home/airflow/.local/lib/python3.12/site-packages/airflow/example_dags/example_branch_python_dop_operator_3.py
[2025-02-27T02:58:32.220+0000] {processor.py:914} INFO - Processing file /home/airflow/.local/lib/python3.12/site-packages/airflow/example_dags/example_branch_python_dop_operator_3.py for tasks to queue
[2025-02-27T02:58:32.234+0000] {logging_mixin.py:190} INFO - [2025-02-27T02:58:32.233+0000] {dagbag.py:588} INFO - Filling up the DagBag from /home/airflow/.local/lib/python3.12/site-packages/airflow/example_dags/example_branch_python_dop_operator_3.py
[2025-02-27T02:58:32.253+0000] {processor.py:925} INFO - DAG(s) 'example_branch_dop_operator_v3' retrieved from /home/airflow/.local/lib/python3.12/site-packages/airflow/example_dags/example_branch_python_dop_operator_3.py
[2025-02-27T02:58:32.444+0000] {logging_mixin.py:190} INFO - [2025-02-27T02:58:32.443+0000] {dag.py:3239} INFO - Sync 1 DAGs
[2025-02-27T02:58:32.537+0000] {logging_mixin.py:190} INFO - [2025-02-27T02:58:32.536+0000] {dag.py:4180} INFO - Setting next_dagrun for example_branch_dop_operator_v3 to 2025-02-27 02:57:00+00:00, run_after=2025-02-27 02:58:00+00:00
[2025-02-27T02:58:32.609+0000] {processor.py:208} INFO - Processing /home/airflow/.local/lib/python3.12/site-packages/airflow/example_dags/example_branch_python_dop_operator_3.py took 0.403 seconds
[2025-02-27T02:59:03.344+0000] {processor.py:186} INFO - Started process (PID=685) to work on /home/airflow/.local/lib/python3.12/site-packages/airflow/example_dags/example_branch_python_dop_operator_3.py
[2025-02-27T02:59:03.346+0000] {processor.py:914} INFO - Processing file /home/airflow/.local/lib/python3.12/site-packages/airflow/example_dags/example_branch_python_dop_operator_3.py for tasks to queue
[2025-02-27T02:59:03.350+0000] {logging_mixin.py:190} INFO - [2025-02-27T02:59:03.349+0000] {dagbag.py:588} INFO - Filling up the DagBag from /home/airflow/.local/lib/python3.12/site-packages/airflow/example_dags/example_branch_python_dop_operator_3.py
[2025-02-27T02:59:03.366+0000] {processor.py:925} INFO - DAG(s) 'example_branch_dop_operator_v3' retrieved from /home/airflow/.local/lib/python3.12/site-packages/airflow/example_dags/example_branch_python_dop_operator_3.py
[2025-02-27T02:59:03.514+0000] {logging_mixin.py:190} INFO - [2025-02-27T02:59:03.514+0000] {dag.py:3239} INFO - Sync 1 DAGs
[2025-02-27T02:59:03.578+0000] {logging_mixin.py:190} INFO - [2025-02-27T02:59:03.577+0000] {dag.py:4180} INFO - Setting next_dagrun for example_branch_dop_operator_v3 to 2025-02-27 02:58:00+00:00, run_after=2025-02-27 02:59:00+00:00
[2025-02-27T02:59:03.645+0000] {processor.py:208} INFO - Processing /home/airflow/.local/lib/python3.12/site-packages/airflow/example_dags/example_branch_python_dop_operator_3.py took 0.310 seconds
[2025-02-27T02:59:38.220+0000] {processor.py:186} INFO - Started process (PID=749) to work on /home/airflow/.local/lib/python3.12/site-packages/airflow/example_dags/example_branch_python_dop_operator_3.py
[2025-02-27T02:59:38.221+0000] {processor.py:914} INFO - Processing file /home/airflow/.local/lib/python3.12/site-packages/airflow/example_dags/example_branch_python_dop_operator_3.py for tasks to queue
[2025-02-27T02:59:38.225+0000] {logging_mixin.py:190} INFO - [2025-02-27T02:59:38.225+0000] {dagbag.py:588} INFO - Filling up the DagBag from /home/airflow/.local/lib/python3.12/site-packages/airflow/example_dags/example_branch_python_dop_operator_3.py
[2025-02-27T02:59:38.242+0000] {processor.py:925} INFO - DAG(s) 'example_branch_dop_operator_v3' retrieved from /home/airflow/.local/lib/python3.12/site-packages/airflow/example_dags/example_branch_python_dop_operator_3.py
[2025-02-27T02:59:38.416+0000] {logging_mixin.py:190} INFO - [2025-02-27T02:59:38.415+0000] {dag.py:3239} INFO - Sync 1 DAGs
[2025-02-27T02:59:38.505+0000] {logging_mixin.py:190} INFO - [2025-02-27T02:59:38.504+0000] {dag.py:4180} INFO - Setting next_dagrun for example_branch_dop_operator_v3 to 2025-02-27 02:58:00+00:00, run_after=2025-02-27 02:59:00+00:00
[2025-02-27T02:59:38.571+0000] {processor.py:208} INFO - Processing /home/airflow/.local/lib/python3.12/site-packages/airflow/example_dags/example_branch_python_dop_operator_3.py took 0.361 seconds
[2025-02-27T03:00:09.355+0000] {processor.py:186} INFO - Started process (PID=812) to work on /home/airflow/.local/lib/python3.12/site-packages/airflow/example_dags/example_branch_python_dop_operator_3.py
[2025-02-27T03:00:09.357+0000] {processor.py:914} INFO - Processing file /home/airflow/.local/lib/python3.12/site-packages/airflow/example_dags/example_branch_python_dop_operator_3.py for tasks to queue
[2025-02-27T03:00:09.361+0000] {logging_mixin.py:190} INFO - [2025-02-27T03:00:09.360+0000] {dagbag.py:588} INFO - Filling up the DagBag from /home/airflow/.local/lib/python3.12/site-packages/airflow/example_dags/example_branch_python_dop_operator_3.py
[2025-02-27T03:00:09.379+0000] {processor.py:925} INFO - DAG(s) 'example_branch_dop_operator_v3' retrieved from /home/airflow/.local/lib/python3.12/site-packages/airflow/example_dags/example_branch_python_dop_operator_3.py
[2025-02-27T03:00:09.559+0000] {logging_mixin.py:190} INFO - [2025-02-27T03:00:09.559+0000] {dag.py:3239} INFO - Sync 1 DAGs
[2025-02-27T03:00:09.658+0000] {logging_mixin.py:190} INFO - [2025-02-27T03:00:09.657+0000] {dag.py:4180} INFO - Setting next_dagrun for example_branch_dop_operator_v3 to 2025-02-27 02:59:00+00:00, run_after=2025-02-27 03:00:00+00:00
[2025-02-27T03:00:09.762+0000] {processor.py:208} INFO - Processing /home/airflow/.local/lib/python3.12/site-packages/airflow/example_dags/example_branch_python_dop_operator_3.py took 0.418 seconds
[2025-02-27T03:00:40.569+0000] {processor.py:186} INFO - Started process (PID=874) to work on /home/airflow/.local/lib/python3.12/site-packages/airflow/example_dags/example_branch_python_dop_operator_3.py
[2025-02-27T03:00:40.571+0000] {processor.py:914} INFO - Processing file /home/airflow/.local/lib/python3.12/site-packages/airflow/example_dags/example_branch_python_dop_operator_3.py for tasks to queue
[2025-02-27T03:00:40.577+0000] {logging_mixin.py:190} INFO - [2025-02-27T03:00:40.576+0000] {dagbag.py:588} INFO - Filling up the DagBag from /home/airflow/.local/lib/python3.12/site-packages/airflow/example_dags/example_branch_python_dop_operator_3.py
[2025-02-27T03:00:40.599+0000] {processor.py:925} INFO - DAG(s) 'example_branch_dop_operator_v3' retrieved from /home/airflow/.local/lib/python3.12/site-packages/airflow/example_dags/example_branch_python_dop_operator_3.py
[2025-02-27T03:00:40.836+0000] {logging_mixin.py:190} INFO - [2025-02-27T03:00:40.835+0000] {dag.py:3239} INFO - Sync 1 DAGs
[2025-02-27T03:00:40.970+0000] {logging_mixin.py:190} INFO - [2025-02-27T03:00:40.969+0000] {dag.py:4180} INFO - Setting next_dagrun for example_branch_dop_operator_v3 to 2025-02-27 02:59:00+00:00, run_after=2025-02-27 03:00:00+00:00
[2025-02-27T03:00:41.105+0000] {processor.py:208} INFO - Processing /home/airflow/.local/lib/python3.12/site-packages/airflow/example_dags/example_branch_python_dop_operator_3.py took 0.547 seconds
[2025-02-27T03:01:12.363+0000] {processor.py:186} INFO - Started process (PID=937) to work on /home/airflow/.local/lib/python3.12/site-packages/airflow/example_dags/example_branch_python_dop_operator_3.py
[2025-02-27T03:01:12.365+0000] {processor.py:914} INFO - Processing file /home/airflow/.local/lib/python3.12/site-packages/airflow/example_dags/example_branch_python_dop_operator_3.py for tasks to queue
[2025-02-27T03:01:12.370+0000] {logging_mixin.py:190} INFO - [2025-02-27T03:01:12.370+0000] {dagbag.py:588} INFO - Filling up the DagBag from /home/airflow/.local/lib/python3.12/site-packages/airflow/example_dags/example_branch_python_dop_operator_3.py
[2025-02-27T03:01:12.392+0000] {processor.py:925} INFO - DAG(s) 'example_branch_dop_operator_v3' retrieved from /home/airflow/.local/lib/python3.12/site-packages/airflow/example_dags/example_branch_python_dop_operator_3.py
[2025-02-27T03:01:12.572+0000] {logging_mixin.py:190} INFO - [2025-02-27T03:01:12.572+0000] {dag.py:3239} INFO - Sync 1 DAGs
[2025-02-27T03:01:12.649+0000] {logging_mixin.py:190} INFO - [2025-02-27T03:01:12.648+0000] {dag.py:4180} INFO - Setting next_dagrun for example_branch_dop_operator_v3 to 2025-02-27 03:00:00+00:00, run_after=2025-02-27 03:01:00+00:00
[2025-02-27T03:01:12.719+0000] {processor.py:208} INFO - Processing /home/airflow/.local/lib/python3.12/site-packages/airflow/example_dags/example_branch_python_dop_operator_3.py took 0.364 seconds
[2025-02-27T03:01:42.978+0000] {processor.py:186} INFO - Started process (PID=1000) to work on /home/airflow/.local/lib/python3.12/site-packages/airflow/example_dags/example_branch_python_dop_operator_3.py
[2025-02-27T03:01:42.980+0000] {processor.py:914} INFO - Processing file /home/airflow/.local/lib/python3.12/site-packages/airflow/example_dags/example_branch_python_dop_operator_3.py for tasks to queue
[2025-02-27T03:01:42.984+0000] {logging_mixin.py:190} INFO - [2025-02-27T03:01:42.983+0000] {dagbag.py:588} INFO - Filling up the DagBag from /home/airflow/.local/lib/python3.12/site-packages/airflow/example_dags/example_branch_python_dop_operator_3.py
[2025-02-27T03:01:43.002+0000] {processor.py:925} INFO - DAG(s) 'example_branch_dop_operator_v3' retrieved from /home/airflow/.local/lib/python3.12/site-packages/airflow/example_dags/example_branch_python_dop_operator_3.py
[2025-02-27T03:01:43.286+0000] {logging_mixin.py:190} INFO - [2025-02-27T03:01:43.285+0000] {dag.py:3239} INFO - Sync 1 DAGs
[2025-02-27T03:01:43.420+0000] {logging_mixin.py:190} INFO - [2025-02-27T03:01:43.420+0000] {dag.py:4180} INFO - Setting next_dagrun for example_branch_dop_operator_v3 to 2025-02-27 03:00:00+00:00, run_after=2025-02-27 03:01:00+00:00
[2025-02-27T03:01:43.494+0000] {processor.py:208} INFO - Processing /home/airflow/.local/lib/python3.12/site-packages/airflow/example_dags/example_branch_python_dop_operator_3.py took 0.525 seconds
[2025-02-27T03:02:14.884+0000] {processor.py:186} INFO - Started process (PID=1062) to work on /home/airflow/.local/lib/python3.12/site-packages/airflow/example_dags/example_branch_python_dop_operator_3.py
[2025-02-27T03:02:14.886+0000] {processor.py:914} INFO - Processing file /home/airflow/.local/lib/python3.12/site-packages/airflow/example_dags/example_branch_python_dop_operator_3.py for tasks to queue
[2025-02-27T03:02:14.890+0000] {logging_mixin.py:190} INFO - [2025-02-27T03:02:14.889+0000] {dagbag.py:588} INFO - Filling up the DagBag from /home/airflow/.local/lib/python3.12/site-packages/airflow/example_dags/example_branch_python_dop_operator_3.py
[2025-02-27T03:02:14.913+0000] {processor.py:925} INFO - DAG(s) 'example_branch_dop_operator_v3' retrieved from /home/airflow/.local/lib/python3.12/site-packages/airflow/example_dags/example_branch_python_dop_operator_3.py
[2025-02-27T03:02:15.069+0000] {logging_mixin.py:190} INFO - [2025-02-27T03:02:15.069+0000] {dag.py:3239} INFO - Sync 1 DAGs
[2025-02-27T03:02:15.149+0000] {logging_mixin.py:190} INFO - [2025-02-27T03:02:15.149+0000] {dag.py:4180} INFO - Setting next_dagrun for example_branch_dop_operator_v3 to 2025-02-27 03:01:00+00:00, run_after=2025-02-27 03:02:00+00:00
[2025-02-27T03:02:15.217+0000] {processor.py:208} INFO - Processing /home/airflow/.local/lib/python3.12/site-packages/airflow/example_dags/example_branch_python_dop_operator_3.py took 0.348 seconds
[2025-02-27T03:02:48.650+0000] {processor.py:186} INFO - Started process (PID=1132) to work on /home/airflow/.local/lib/python3.12/site-packages/airflow/example_dags/example_branch_python_dop_operator_3.py
[2025-02-27T03:02:48.653+0000] {processor.py:914} INFO - Processing file /home/airflow/.local/lib/python3.12/site-packages/airflow/example_dags/example_branch_python_dop_operator_3.py for tasks to queue
[2025-02-27T03:02:48.657+0000] {logging_mixin.py:190} INFO - [2025-02-27T03:02:48.657+0000] {dagbag.py:588} INFO - Filling up the DagBag from /home/airflow/.local/lib/python3.12/site-packages/airflow/example_dags/example_branch_python_dop_operator_3.py
[2025-02-27T03:02:48.678+0000] {processor.py:925} INFO - DAG(s) 'example_branch_dop_operator_v3' retrieved from /home/airflow/.local/lib/python3.12/site-packages/airflow/example_dags/example_branch_python_dop_operator_3.py
[2025-02-27T03:02:48.840+0000] {logging_mixin.py:190} INFO - [2025-02-27T03:02:48.839+0000] {dag.py:3239} INFO - Sync 1 DAGs
[2025-02-27T03:02:48.994+0000] {logging_mixin.py:190} INFO - [2025-02-27T03:02:48.993+0000] {dag.py:4180} INFO - Setting next_dagrun for example_branch_dop_operator_v3 to 2025-02-27 03:01:00+00:00, run_after=2025-02-27 03:02:00+00:00
[2025-02-27T03:02:49.093+0000] {processor.py:208} INFO - Processing /home/airflow/.local/lib/python3.12/site-packages/airflow/example_dags/example_branch_python_dop_operator_3.py took 0.455 seconds
[2025-02-27T03:03:20.422+0000] {processor.py:186} INFO - Started process (PID=1196) to work on /home/airflow/.local/lib/python3.12/site-packages/airflow/example_dags/example_branch_python_dop_operator_3.py
[2025-02-27T03:03:20.424+0000] {processor.py:914} INFO - Processing file /home/airflow/.local/lib/python3.12/site-packages/airflow/example_dags/example_branch_python_dop_operator_3.py for tasks to queue
[2025-02-27T03:03:20.429+0000] {logging_mixin.py:190} INFO - [2025-02-27T03:03:20.428+0000] {dagbag.py:588} INFO - Filling up the DagBag from /home/airflow/.local/lib/python3.12/site-packages/airflow/example_dags/example_branch_python_dop_operator_3.py
[2025-02-27T03:03:20.446+0000] {processor.py:925} INFO - DAG(s) 'example_branch_dop_operator_v3' retrieved from /home/airflow/.local/lib/python3.12/site-packages/airflow/example_dags/example_branch_python_dop_operator_3.py
[2025-02-27T03:03:20.610+0000] {logging_mixin.py:190} INFO - [2025-02-27T03:03:20.610+0000] {dag.py:3239} INFO - Sync 1 DAGs
[2025-02-27T03:03:20.692+0000] {logging_mixin.py:190} INFO - [2025-02-27T03:03:20.692+0000] {dag.py:4180} INFO - Setting next_dagrun for example_branch_dop_operator_v3 to 2025-02-27 03:02:00+00:00, run_after=2025-02-27 03:03:00+00:00
[2025-02-27T03:03:20.763+0000] {processor.py:208} INFO - Processing /home/airflow/.local/lib/python3.12/site-packages/airflow/example_dags/example_branch_python_dop_operator_3.py took 0.353 seconds
[2025-02-27T03:03:53.030+0000] {processor.py:186} INFO - Started process (PID=1260) to work on /home/airflow/.local/lib/python3.12/site-packages/airflow/example_dags/example_branch_python_dop_operator_3.py
[2025-02-27T03:03:53.033+0000] {processor.py:914} INFO - Processing file /home/airflow/.local/lib/python3.12/site-packages/airflow/example_dags/example_branch_python_dop_operator_3.py for tasks to queue
[2025-02-27T03:03:53.041+0000] {logging_mixin.py:190} INFO - [2025-02-27T03:03:53.041+0000] {dagbag.py:588} INFO - Filling up the DagBag from /home/airflow/.local/lib/python3.12/site-packages/airflow/example_dags/example_branch_python_dop_operator_3.py
[2025-02-27T03:03:53.065+0000] {processor.py:925} INFO - DAG(s) 'example_branch_dop_operator_v3' retrieved from /home/airflow/.local/lib/python3.12/site-packages/airflow/example_dags/example_branch_python_dop_operator_3.py
[2025-02-27T03:03:53.226+0000] {logging_mixin.py:190} INFO - [2025-02-27T03:03:53.225+0000] {dag.py:3239} INFO - Sync 1 DAGs
[2025-02-27T03:03:53.306+0000] {logging_mixin.py:190} INFO - [2025-02-27T03:03:53.306+0000] {dag.py:4180} INFO - Setting next_dagrun for example_branch_dop_operator_v3 to 2025-02-27 03:02:00+00:00, run_after=2025-02-27 03:03:00+00:00
[2025-02-27T03:03:53.372+0000] {processor.py:208} INFO - Processing /home/airflow/.local/lib/python3.12/site-packages/airflow/example_dags/example_branch_python_dop_operator_3.py took 0.361 seconds
[2025-02-27T03:04:24.235+0000] {processor.py:186} INFO - Started process (PID=1323) to work on /home/airflow/.local/lib/python3.12/site-packages/airflow/example_dags/example_branch_python_dop_operator_3.py
[2025-02-27T03:04:24.237+0000] {processor.py:914} INFO - Processing file /home/airflow/.local/lib/python3.12/site-packages/airflow/example_dags/example_branch_python_dop_operator_3.py for tasks to queue
[2025-02-27T03:04:24.241+0000] {logging_mixin.py:190} INFO - [2025-02-27T03:04:24.241+0000] {dagbag.py:588} INFO - Filling up the DagBag from /home/airflow/.local/lib/python3.12/site-packages/airflow/example_dags/example_branch_python_dop_operator_3.py
[2025-02-27T03:04:24.260+0000] {processor.py:925} INFO - DAG(s) 'example_branch_dop_operator_v3' retrieved from /home/airflow/.local/lib/python3.12/site-packages/airflow/example_dags/example_branch_python_dop_operator_3.py
[2025-02-27T03:04:24.426+0000] {logging_mixin.py:190} INFO - [2025-02-27T03:04:24.425+0000] {dag.py:3239} INFO - Sync 1 DAGs
[2025-02-27T03:04:24.513+0000] {logging_mixin.py:190} INFO - [2025-02-27T03:04:24.512+0000] {dag.py:4180} INFO - Setting next_dagrun for example_branch_dop_operator_v3 to 2025-02-27 03:03:00+00:00, run_after=2025-02-27 03:04:00+00:00
[2025-02-27T03:04:24.566+0000] {processor.py:208} INFO - Processing /home/airflow/.local/lib/python3.12/site-packages/airflow/example_dags/example_branch_python_dop_operator_3.py took 0.339 seconds
[2025-02-27T03:04:56.220+0000] {processor.py:186} INFO - Started process (PID=1386) to work on /home/airflow/.local/lib/python3.12/site-packages/airflow/example_dags/example_branch_python_dop_operator_3.py
[2025-02-27T03:04:56.222+0000] {processor.py:914} INFO - Processing file /home/airflow/.local/lib/python3.12/site-packages/airflow/example_dags/example_branch_python_dop_operator_3.py for tasks to queue
[2025-02-27T03:04:56.230+0000] {logging_mixin.py:190} INFO - [2025-02-27T03:04:56.229+0000] {dagbag.py:588} INFO - Filling up the DagBag from /home/airflow/.local/lib/python3.12/site-packages/airflow/example_dags/example_branch_python_dop_operator_3.py
[2025-02-27T03:04:56.258+0000] {processor.py:925} INFO - DAG(s) 'example_branch_dop_operator_v3' retrieved from /home/airflow/.local/lib/python3.12/site-packages/airflow/example_dags/example_branch_python_dop_operator_3.py
[2025-02-27T03:04:56.547+0000] {logging_mixin.py:190} INFO - [2025-02-27T03:04:56.546+0000] {dag.py:3239} INFO - Sync 1 DAGs
[2025-02-27T03:04:56.690+0000] {logging_mixin.py:190} INFO - [2025-02-27T03:04:56.689+0000] {dag.py:4180} INFO - Setting next_dagrun for example_branch_dop_operator_v3 to 2025-02-27 03:03:00+00:00, run_after=2025-02-27 03:04:00+00:00
[2025-02-27T03:04:56.771+0000] {processor.py:208} INFO - Processing /home/airflow/.local/lib/python3.12/site-packages/airflow/example_dags/example_branch_python_dop_operator_3.py took 0.567 seconds
[2025-02-27T03:05:27.348+0000] {processor.py:186} INFO - Started process (PID=1449) to work on /home/airflow/.local/lib/python3.12/site-packages/airflow/example_dags/example_branch_python_dop_operator_3.py
[2025-02-27T03:05:27.350+0000] {processor.py:914} INFO - Processing file /home/airflow/.local/lib/python3.12/site-packages/airflow/example_dags/example_branch_python_dop_operator_3.py for tasks to queue
[2025-02-27T03:05:27.355+0000] {logging_mixin.py:190} INFO - [2025-02-27T03:05:27.354+0000] {dagbag.py:588} INFO - Filling up the DagBag from /home/airflow/.local/lib/python3.12/site-packages/airflow/example_dags/example_branch_python_dop_operator_3.py
[2025-02-27T03:05:27.373+0000] {processor.py:925} INFO - DAG(s) 'example_branch_dop_operator_v3' retrieved from /home/airflow/.local/lib/python3.12/site-packages/airflow/example_dags/example_branch_python_dop_operator_3.py
[2025-02-27T03:05:27.545+0000] {logging_mixin.py:190} INFO - [2025-02-27T03:05:27.545+0000] {dag.py:3239} INFO - Sync 1 DAGs
[2025-02-27T03:05:27.627+0000] {logging_mixin.py:190} INFO - [2025-02-27T03:05:27.627+0000] {dag.py:4180} INFO - Setting next_dagrun for example_branch_dop_operator_v3 to 2025-02-27 03:04:00+00:00, run_after=2025-02-27 03:05:00+00:00
[2025-02-27T03:05:27.703+0000] {processor.py:208} INFO - Processing /home/airflow/.local/lib/python3.12/site-packages/airflow/example_dags/example_branch_python_dop_operator_3.py took 0.363 seconds
[2025-02-27T03:05:59.613+0000] {processor.py:186} INFO - Started process (PID=1513) to work on /home/airflow/.local/lib/python3.12/site-packages/airflow/example_dags/example_branch_python_dop_operator_3.py
[2025-02-27T03:05:59.614+0000] {processor.py:914} INFO - Processing file /home/airflow/.local/lib/python3.12/site-packages/airflow/example_dags/example_branch_python_dop_operator_3.py for tasks to queue
[2025-02-27T03:05:59.618+0000] {logging_mixin.py:190} INFO - [2025-02-27T03:05:59.617+0000] {dagbag.py:588} INFO - Filling up the DagBag from /home/airflow/.local/lib/python3.12/site-packages/airflow/example_dags/example_branch_python_dop_operator_3.py
[2025-02-27T03:05:59.635+0000] {processor.py:925} INFO - DAG(s) 'example_branch_dop_operator_v3' retrieved from /home/airflow/.local/lib/python3.12/site-packages/airflow/example_dags/example_branch_python_dop_operator_3.py
[2025-02-27T03:05:59.798+0000] {logging_mixin.py:190} INFO - [2025-02-27T03:05:59.798+0000] {dag.py:3239} INFO - Sync 1 DAGs
[2025-02-27T03:05:59.918+0000] {logging_mixin.py:190} INFO - [2025-02-27T03:05:59.918+0000] {dag.py:4180} INFO - Setting next_dagrun for example_branch_dop_operator_v3 to 2025-02-27 03:04:00+00:00, run_after=2025-02-27 03:05:00+00:00
[2025-02-27T03:05:59.988+0000] {processor.py:208} INFO - Processing /home/airflow/.local/lib/python3.12/site-packages/airflow/example_dags/example_branch_python_dop_operator_3.py took 0.384 seconds
[2025-02-27T03:06:32.241+0000] {processor.py:186} INFO - Started process (PID=1576) to work on /home/airflow/.local/lib/python3.12/site-packages/airflow/example_dags/example_branch_python_dop_operator_3.py
[2025-02-27T03:06:32.243+0000] {processor.py:914} INFO - Processing file /home/airflow/.local/lib/python3.12/site-packages/airflow/example_dags/example_branch_python_dop_operator_3.py for tasks to queue
[2025-02-27T03:06:32.249+0000] {logging_mixin.py:190} INFO - [2025-02-27T03:06:32.248+0000] {dagbag.py:588} INFO - Filling up the DagBag from /home/airflow/.local/lib/python3.12/site-packages/airflow/example_dags/example_branch_python_dop_operator_3.py
[2025-02-27T03:06:32.284+0000] {processor.py:925} INFO - DAG(s) 'example_branch_dop_operator_v3' retrieved from /home/airflow/.local/lib/python3.12/site-packages/airflow/example_dags/example_branch_python_dop_operator_3.py
[2025-02-27T03:06:32.584+0000] {logging_mixin.py:190} INFO - [2025-02-27T03:06:32.583+0000] {dag.py:3239} INFO - Sync 1 DAGs
[2025-02-27T03:06:32.713+0000] {logging_mixin.py:190} INFO - [2025-02-27T03:06:32.713+0000] {dag.py:4180} INFO - Setting next_dagrun for example_branch_dop_operator_v3 to 2025-02-27 03:05:00+00:00, run_after=2025-02-27 03:06:00+00:00
[2025-02-27T03:06:32.781+0000] {processor.py:208} INFO - Processing /home/airflow/.local/lib/python3.12/site-packages/airflow/example_dags/example_branch_python_dop_operator_3.py took 0.559 seconds
[2025-02-27T03:07:03.380+0000] {processor.py:186} INFO - Started process (PID=1639) to work on /home/airflow/.local/lib/python3.12/site-packages/airflow/example_dags/example_branch_python_dop_operator_3.py
[2025-02-27T03:07:03.383+0000] {processor.py:914} INFO - Processing file /home/airflow/.local/lib/python3.12/site-packages/airflow/example_dags/example_branch_python_dop_operator_3.py for tasks to queue
[2025-02-27T03:07:03.388+0000] {logging_mixin.py:190} INFO - [2025-02-27T03:07:03.388+0000] {dagbag.py:588} INFO - Filling up the DagBag from /home/airflow/.local/lib/python3.12/site-packages/airflow/example_dags/example_branch_python_dop_operator_3.py
[2025-02-27T03:07:03.404+0000] {processor.py:925} INFO - DAG(s) 'example_branch_dop_operator_v3' retrieved from /home/airflow/.local/lib/python3.12/site-packages/airflow/example_dags/example_branch_python_dop_operator_3.py
[2025-02-27T03:07:03.575+0000] {logging_mixin.py:190} INFO - [2025-02-27T03:07:03.575+0000] {dag.py:3239} INFO - Sync 1 DAGs
[2025-02-27T03:07:03.653+0000] {logging_mixin.py:190} INFO - [2025-02-27T03:07:03.651+0000] {dag.py:4180} INFO - Setting next_dagrun for example_branch_dop_operator_v3 to 2025-02-27 03:06:00+00:00, run_after=2025-02-27 03:07:00+00:00
[2025-02-27T03:07:03.728+0000] {processor.py:208} INFO - Processing /home/airflow/.local/lib/python3.12/site-packages/airflow/example_dags/example_branch_python_dop_operator_3.py took 0.359 seconds
[2025-02-27T03:07:34.055+0000] {processor.py:186} INFO - Started process (PID=1702) to work on /home/airflow/.local/lib/python3.12/site-packages/airflow/example_dags/example_branch_python_dop_operator_3.py
[2025-02-27T03:07:34.057+0000] {processor.py:914} INFO - Processing file /home/airflow/.local/lib/python3.12/site-packages/airflow/example_dags/example_branch_python_dop_operator_3.py for tasks to queue
[2025-02-27T03:07:34.062+0000] {logging_mixin.py:190} INFO - [2025-02-27T03:07:34.061+0000] {dagbag.py:588} INFO - Filling up the DagBag from /home/airflow/.local/lib/python3.12/site-packages/airflow/example_dags/example_branch_python_dop_operator_3.py
[2025-02-27T03:07:34.076+0000] {processor.py:925} INFO - DAG(s) 'example_branch_dop_operator_v3' retrieved from /home/airflow/.local/lib/python3.12/site-packages/airflow/example_dags/example_branch_python_dop_operator_3.py
[2025-02-27T03:07:34.226+0000] {logging_mixin.py:190} INFO - [2025-02-27T03:07:34.225+0000] {dag.py:3239} INFO - Sync 1 DAGs
[2025-02-27T03:07:34.319+0000] {logging_mixin.py:190} INFO - [2025-02-27T03:07:34.318+0000] {dag.py:4180} INFO - Setting next_dagrun for example_branch_dop_operator_v3 to 2025-02-27 03:06:00+00:00, run_after=2025-02-27 03:07:00+00:00
[2025-02-27T03:07:34.389+0000] {processor.py:208} INFO - Processing /home/airflow/.local/lib/python3.12/site-packages/airflow/example_dags/example_branch_python_dop_operator_3.py took 0.341 seconds
[2025-02-27T03:08:05.060+0000] {processor.py:186} INFO - Started process (PID=1764) to work on /home/airflow/.local/lib/python3.12/site-packages/airflow/example_dags/example_branch_python_dop_operator_3.py
[2025-02-27T03:08:05.062+0000] {processor.py:914} INFO - Processing file /home/airflow/.local/lib/python3.12/site-packages/airflow/example_dags/example_branch_python_dop_operator_3.py for tasks to queue
[2025-02-27T03:08:05.067+0000] {logging_mixin.py:190} INFO - [2025-02-27T03:08:05.066+0000] {dagbag.py:588} INFO - Filling up the DagBag from /home/airflow/.local/lib/python3.12/site-packages/airflow/example_dags/example_branch_python_dop_operator_3.py
[2025-02-27T03:08:05.092+0000] {processor.py:925} INFO - DAG(s) 'example_branch_dop_operator_v3' retrieved from /home/airflow/.local/lib/python3.12/site-packages/airflow/example_dags/example_branch_python_dop_operator_3.py
[2025-02-27T03:08:05.275+0000] {logging_mixin.py:190} INFO - [2025-02-27T03:08:05.275+0000] {dag.py:3239} INFO - Sync 1 DAGs
[2025-02-27T03:08:05.370+0000] {logging_mixin.py:190} INFO - [2025-02-27T03:08:05.370+0000] {dag.py:4180} INFO - Setting next_dagrun for example_branch_dop_operator_v3 to 2025-02-27 03:07:00+00:00, run_after=2025-02-27 03:08:00+00:00
[2025-02-27T03:08:05.426+0000] {processor.py:208} INFO - Processing /home/airflow/.local/lib/python3.12/site-packages/airflow/example_dags/example_branch_python_dop_operator_3.py took 0.379 seconds
[2025-02-27T03:08:35.882+0000] {processor.py:186} INFO - Started process (PID=1827) to work on /home/airflow/.local/lib/python3.12/site-packages/airflow/example_dags/example_branch_python_dop_operator_3.py
[2025-02-27T03:08:35.884+0000] {processor.py:914} INFO - Processing file /home/airflow/.local/lib/python3.12/site-packages/airflow/example_dags/example_branch_python_dop_operator_3.py for tasks to queue
[2025-02-27T03:08:35.895+0000] {logging_mixin.py:190} INFO - [2025-02-27T03:08:35.894+0000] {dagbag.py:588} INFO - Filling up the DagBag from /home/airflow/.local/lib/python3.12/site-packages/airflow/example_dags/example_branch_python_dop_operator_3.py
[2025-02-27T03:08:35.919+0000] {processor.py:925} INFO - DAG(s) 'example_branch_dop_operator_v3' retrieved from /home/airflow/.local/lib/python3.12/site-packages/airflow/example_dags/example_branch_python_dop_operator_3.py
[2025-02-27T03:08:36.171+0000] {logging_mixin.py:190} INFO - [2025-02-27T03:08:36.171+0000] {dag.py:3239} INFO - Sync 1 DAGs
[2025-02-27T03:08:36.307+0000] {logging_mixin.py:190} INFO - [2025-02-27T03:08:36.304+0000] {dag.py:4180} INFO - Setting next_dagrun for example_branch_dop_operator_v3 to 2025-02-27 03:07:00+00:00, run_after=2025-02-27 03:08:00+00:00
[2025-02-27T03:08:36.397+0000] {processor.py:208} INFO - Processing /home/airflow/.local/lib/python3.12/site-packages/airflow/example_dags/example_branch_python_dop_operator_3.py took 0.526 seconds
[2025-02-27T03:09:07.836+0000] {processor.py:186} INFO - Started process (PID=1890) to work on /home/airflow/.local/lib/python3.12/site-packages/airflow/example_dags/example_branch_python_dop_operator_3.py
[2025-02-27T03:09:07.838+0000] {processor.py:914} INFO - Processing file /home/airflow/.local/lib/python3.12/site-packages/airflow/example_dags/example_branch_python_dop_operator_3.py for tasks to queue
[2025-02-27T03:09:07.842+0000] {logging_mixin.py:190} INFO - [2025-02-27T03:09:07.841+0000] {dagbag.py:588} INFO - Filling up the DagBag from /home/airflow/.local/lib/python3.12/site-packages/airflow/example_dags/example_branch_python_dop_operator_3.py
[2025-02-27T03:09:07.861+0000] {processor.py:925} INFO - DAG(s) 'example_branch_dop_operator_v3' retrieved from /home/airflow/.local/lib/python3.12/site-packages/airflow/example_dags/example_branch_python_dop_operator_3.py
[2025-02-27T03:09:08.024+0000] {logging_mixin.py:190} INFO - [2025-02-27T03:09:08.024+0000] {dag.py:3239} INFO - Sync 1 DAGs
[2025-02-27T03:09:08.111+0000] {logging_mixin.py:190} INFO - [2025-02-27T03:09:08.110+0000] {dag.py:4180} INFO - Setting next_dagrun for example_branch_dop_operator_v3 to 2025-02-27 03:08:00+00:00, run_after=2025-02-27 03:09:00+00:00
[2025-02-27T03:09:08.173+0000] {processor.py:208} INFO - Processing /home/airflow/.local/lib/python3.12/site-packages/airflow/example_dags/example_branch_python_dop_operator_3.py took 0.348 seconds
[2025-02-27T03:09:39.235+0000] {processor.py:186} INFO - Started process (PID=1953) to work on /home/airflow/.local/lib/python3.12/site-packages/airflow/example_dags/example_branch_python_dop_operator_3.py
[2025-02-27T03:09:39.237+0000] {processor.py:914} INFO - Processing file /home/airflow/.local/lib/python3.12/site-packages/airflow/example_dags/example_branch_python_dop_operator_3.py for tasks to queue
[2025-02-27T03:09:39.242+0000] {logging_mixin.py:190} INFO - [2025-02-27T03:09:39.240+0000] {dagbag.py:588} INFO - Filling up the DagBag from /home/airflow/.local/lib/python3.12/site-packages/airflow/example_dags/example_branch_python_dop_operator_3.py
[2025-02-27T03:09:39.261+0000] {processor.py:925} INFO - DAG(s) 'example_branch_dop_operator_v3' retrieved from /home/airflow/.local/lib/python3.12/site-packages/airflow/example_dags/example_branch_python_dop_operator_3.py
[2025-02-27T03:09:39.426+0000] {logging_mixin.py:190} INFO - [2025-02-27T03:09:39.426+0000] {dag.py:3239} INFO - Sync 1 DAGs
[2025-02-27T03:09:39.504+0000] {logging_mixin.py:190} INFO - [2025-02-27T03:09:39.504+0000] {dag.py:4180} INFO - Setting next_dagrun for example_branch_dop_operator_v3 to 2025-02-27 03:08:00+00:00, run_after=2025-02-27 03:09:00+00:00
[2025-02-27T03:09:39.579+0000] {processor.py:208} INFO - Processing /home/airflow/.local/lib/python3.12/site-packages/airflow/example_dags/example_branch_python_dop_operator_3.py took 0.353 seconds
[2025-02-27T03:10:09.917+0000] {processor.py:186} INFO - Started process (PID=2015) to work on /home/airflow/.local/lib/python3.12/site-packages/airflow/example_dags/example_branch_python_dop_operator_3.py
[2025-02-27T03:10:09.918+0000] {processor.py:914} INFO - Processing file /home/airflow/.local/lib/python3.12/site-packages/airflow/example_dags/example_branch_python_dop_operator_3.py for tasks to queue
[2025-02-27T03:10:09.923+0000] {logging_mixin.py:190} INFO - [2025-02-27T03:10:09.922+0000] {dagbag.py:588} INFO - Filling up the DagBag from /home/airflow/.local/lib/python3.12/site-packages/airflow/example_dags/example_branch_python_dop_operator_3.py
[2025-02-27T03:10:09.935+0000] {processor.py:925} INFO - DAG(s) 'example_branch_dop_operator_v3' retrieved from /home/airflow/.local/lib/python3.12/site-packages/airflow/example_dags/example_branch_python_dop_operator_3.py
[2025-02-27T03:10:10.077+0000] {logging_mixin.py:190} INFO - [2025-02-27T03:10:10.077+0000] {dag.py:3239} INFO - Sync 1 DAGs
[2025-02-27T03:10:10.213+0000] {logging_mixin.py:190} INFO - [2025-02-27T03:10:10.212+0000] {dag.py:4180} INFO - Setting next_dagrun for example_branch_dop_operator_v3 to 2025-02-27 03:09:00+00:00, run_after=2025-02-27 03:10:00+00:00
[2025-02-27T03:10:10.299+0000] {processor.py:208} INFO - Processing /home/airflow/.local/lib/python3.12/site-packages/airflow/example_dags/example_branch_python_dop_operator_3.py took 0.389 seconds
[2025-02-27T03:10:41.270+0000] {processor.py:186} INFO - Started process (PID=2078) to work on /home/airflow/.local/lib/python3.12/site-packages/airflow/example_dags/example_branch_python_dop_operator_3.py
[2025-02-27T03:10:41.273+0000] {processor.py:914} INFO - Processing file /home/airflow/.local/lib/python3.12/site-packages/airflow/example_dags/example_branch_python_dop_operator_3.py for tasks to queue
[2025-02-27T03:10:41.278+0000] {logging_mixin.py:190} INFO - [2025-02-27T03:10:41.277+0000] {dagbag.py:588} INFO - Filling up the DagBag from /home/airflow/.local/lib/python3.12/site-packages/airflow/example_dags/example_branch_python_dop_operator_3.py
[2025-02-27T03:10:41.306+0000] {processor.py:925} INFO - DAG(s) 'example_branch_dop_operator_v3' retrieved from /home/airflow/.local/lib/python3.12/site-packages/airflow/example_dags/example_branch_python_dop_operator_3.py
[2025-02-27T03:10:41.508+0000] {logging_mixin.py:190} INFO - [2025-02-27T03:10:41.507+0000] {dag.py:3239} INFO - Sync 1 DAGs
[2025-02-27T03:10:41.606+0000] {logging_mixin.py:190} INFO - [2025-02-27T03:10:41.605+0000] {dag.py:4180} INFO - Setting next_dagrun for example_branch_dop_operator_v3 to 2025-02-27 03:09:00+00:00, run_after=2025-02-27 03:10:00+00:00
[2025-02-27T03:10:41.675+0000] {processor.py:208} INFO - Processing /home/airflow/.local/lib/python3.12/site-packages/airflow/example_dags/example_branch_python_dop_operator_3.py took 0.418 seconds
[2025-02-27T03:11:13.278+0000] {processor.py:186} INFO - Started process (PID=2142) to work on /home/airflow/.local/lib/python3.12/site-packages/airflow/example_dags/example_branch_python_dop_operator_3.py
[2025-02-27T03:11:13.280+0000] {processor.py:914} INFO - Processing file /home/airflow/.local/lib/python3.12/site-packages/airflow/example_dags/example_branch_python_dop_operator_3.py for tasks to queue
[2025-02-27T03:11:13.284+0000] {logging_mixin.py:190} INFO - [2025-02-27T03:11:13.283+0000] {dagbag.py:588} INFO - Filling up the DagBag from /home/airflow/.local/lib/python3.12/site-packages/airflow/example_dags/example_branch_python_dop_operator_3.py
[2025-02-27T03:11:13.298+0000] {processor.py:925} INFO - DAG(s) 'example_branch_dop_operator_v3' retrieved from /home/airflow/.local/lib/python3.12/site-packages/airflow/example_dags/example_branch_python_dop_operator_3.py
[2025-02-27T03:11:13.429+0000] {logging_mixin.py:190} INFO - [2025-02-27T03:11:13.428+0000] {dag.py:3239} INFO - Sync 1 DAGs
[2025-02-27T03:11:13.484+0000] {logging_mixin.py:190} INFO - [2025-02-27T03:11:13.484+0000] {dag.py:4180} INFO - Setting next_dagrun for example_branch_dop_operator_v3 to 2025-02-27 03:10:00+00:00, run_after=2025-02-27 03:11:00+00:00
[2025-02-27T03:11:13.540+0000] {processor.py:208} INFO - Processing /home/airflow/.local/lib/python3.12/site-packages/airflow/example_dags/example_branch_python_dop_operator_3.py took 0.272 seconds
[2025-02-27T03:11:44.844+0000] {processor.py:186} INFO - Started process (PID=2205) to work on /home/airflow/.local/lib/python3.12/site-packages/airflow/example_dags/example_branch_python_dop_operator_3.py
[2025-02-27T03:11:44.846+0000] {processor.py:914} INFO - Processing file /home/airflow/.local/lib/python3.12/site-packages/airflow/example_dags/example_branch_python_dop_operator_3.py for tasks to queue
[2025-02-27T03:11:44.850+0000] {logging_mixin.py:190} INFO - [2025-02-27T03:11:44.850+0000] {dagbag.py:588} INFO - Filling up the DagBag from /home/airflow/.local/lib/python3.12/site-packages/airflow/example_dags/example_branch_python_dop_operator_3.py
[2025-02-27T03:11:44.874+0000] {processor.py:925} INFO - DAG(s) 'example_branch_dop_operator_v3' retrieved from /home/airflow/.local/lib/python3.12/site-packages/airflow/example_dags/example_branch_python_dop_operator_3.py
[2025-02-27T03:11:45.154+0000] {logging_mixin.py:190} INFO - [2025-02-27T03:11:45.154+0000] {dag.py:3239} INFO - Sync 1 DAGs
[2025-02-27T03:11:45.247+0000] {logging_mixin.py:190} INFO - [2025-02-27T03:11:45.247+0000] {dag.py:4180} INFO - Setting next_dagrun for example_branch_dop_operator_v3 to 2025-02-27 03:10:00+00:00, run_after=2025-02-27 03:11:00+00:00
[2025-02-27T03:11:45.318+0000] {processor.py:208} INFO - Processing /home/airflow/.local/lib/python3.12/site-packages/airflow/example_dags/example_branch_python_dop_operator_3.py took 0.489 seconds
[2025-02-27T03:12:16.346+0000] {processor.py:186} INFO - Started process (PID=2268) to work on /home/airflow/.local/lib/python3.12/site-packages/airflow/example_dags/example_branch_python_dop_operator_3.py
[2025-02-27T03:12:16.348+0000] {processor.py:914} INFO - Processing file /home/airflow/.local/lib/python3.12/site-packages/airflow/example_dags/example_branch_python_dop_operator_3.py for tasks to queue
[2025-02-27T03:12:16.354+0000] {logging_mixin.py:190} INFO - [2025-02-27T03:12:16.353+0000] {dagbag.py:588} INFO - Filling up the DagBag from /home/airflow/.local/lib/python3.12/site-packages/airflow/example_dags/example_branch_python_dop_operator_3.py
[2025-02-27T03:12:16.377+0000] {processor.py:925} INFO - DAG(s) 'example_branch_dop_operator_v3' retrieved from /home/airflow/.local/lib/python3.12/site-packages/airflow/example_dags/example_branch_python_dop_operator_3.py
[2025-02-27T03:12:16.577+0000] {logging_mixin.py:190} INFO - [2025-02-27T03:12:16.577+0000] {dag.py:3239} INFO - Sync 1 DAGs
[2025-02-27T03:12:16.676+0000] {logging_mixin.py:190} INFO - [2025-02-27T03:12:16.675+0000] {dag.py:4180} INFO - Setting next_dagrun for example_branch_dop_operator_v3 to 2025-02-27 03:11:00+00:00, run_after=2025-02-27 03:12:00+00:00
[2025-02-27T03:12:16.752+0000] {processor.py:208} INFO - Processing /home/airflow/.local/lib/python3.12/site-packages/airflow/example_dags/example_branch_python_dop_operator_3.py took 0.420 seconds
[2025-02-27T03:12:47.301+0000] {processor.py:186} INFO - Started process (PID=2330) to work on /home/airflow/.local/lib/python3.12/site-packages/airflow/example_dags/example_branch_python_dop_operator_3.py
[2025-02-27T03:12:47.303+0000] {processor.py:914} INFO - Processing file /home/airflow/.local/lib/python3.12/site-packages/airflow/example_dags/example_branch_python_dop_operator_3.py for tasks to queue
[2025-02-27T03:12:47.310+0000] {logging_mixin.py:190} INFO - [2025-02-27T03:12:47.310+0000] {dagbag.py:588} INFO - Filling up the DagBag from /home/airflow/.local/lib/python3.12/site-packages/airflow/example_dags/example_branch_python_dop_operator_3.py
[2025-02-27T03:12:47.344+0000] {processor.py:925} INFO - DAG(s) 'example_branch_dop_operator_v3' retrieved from /home/airflow/.local/lib/python3.12/site-packages/airflow/example_dags/example_branch_python_dop_operator_3.py
[2025-02-27T03:12:47.580+0000] {logging_mixin.py:190} INFO - [2025-02-27T03:12:47.579+0000] {dag.py:3239} INFO - Sync 1 DAGs
[2025-02-27T03:12:47.665+0000] {logging_mixin.py:190} INFO - [2025-02-27T03:12:47.664+0000] {dag.py:4180} INFO - Setting next_dagrun for example_branch_dop_operator_v3 to 2025-02-27 03:11:00+00:00, run_after=2025-02-27 03:12:00+00:00
[2025-02-27T03:12:47.744+0000] {processor.py:208} INFO - Processing /home/airflow/.local/lib/python3.12/site-packages/airflow/example_dags/example_branch_python_dop_operator_3.py took 0.466 seconds
[2025-02-27T03:13:18.607+0000] {processor.py:186} INFO - Started process (PID=2393) to work on /home/airflow/.local/lib/python3.12/site-packages/airflow/example_dags/example_branch_python_dop_operator_3.py
[2025-02-27T03:13:18.609+0000] {processor.py:914} INFO - Processing file /home/airflow/.local/lib/python3.12/site-packages/airflow/example_dags/example_branch_python_dop_operator_3.py for tasks to queue
[2025-02-27T03:13:18.613+0000] {logging_mixin.py:190} INFO - [2025-02-27T03:13:18.613+0000] {dagbag.py:588} INFO - Filling up the DagBag from /home/airflow/.local/lib/python3.12/site-packages/airflow/example_dags/example_branch_python_dop_operator_3.py
[2025-02-27T03:13:18.630+0000] {processor.py:925} INFO - DAG(s) 'example_branch_dop_operator_v3' retrieved from /home/airflow/.local/lib/python3.12/site-packages/airflow/example_dags/example_branch_python_dop_operator_3.py
[2025-02-27T03:13:18.782+0000] {logging_mixin.py:190} INFO - [2025-02-27T03:13:18.781+0000] {dag.py:3239} INFO - Sync 1 DAGs
[2025-02-27T03:13:18.844+0000] {logging_mixin.py:190} INFO - [2025-02-27T03:13:18.844+0000] {dag.py:4180} INFO - Setting next_dagrun for example_branch_dop_operator_v3 to 2025-02-27 03:12:00+00:00, run_after=2025-02-27 03:13:00+00:00
[2025-02-27T03:13:18.903+0000] {processor.py:208} INFO - Processing /home/airflow/.local/lib/python3.12/site-packages/airflow/example_dags/example_branch_python_dop_operator_3.py took 0.303 seconds
[2025-02-27T03:13:49.129+0000] {processor.py:186} INFO - Started process (PID=2455) to work on /home/airflow/.local/lib/python3.12/site-packages/airflow/example_dags/example_branch_python_dop_operator_3.py
[2025-02-27T03:13:49.133+0000] {processor.py:914} INFO - Processing file /home/airflow/.local/lib/python3.12/site-packages/airflow/example_dags/example_branch_python_dop_operator_3.py for tasks to queue
[2025-02-27T03:13:49.147+0000] {logging_mixin.py:190} INFO - [2025-02-27T03:13:49.146+0000] {dagbag.py:588} INFO - Filling up the DagBag from /home/airflow/.local/lib/python3.12/site-packages/airflow/example_dags/example_branch_python_dop_operator_3.py
[2025-02-27T03:13:49.167+0000] {processor.py:925} INFO - DAG(s) 'example_branch_dop_operator_v3' retrieved from /home/airflow/.local/lib/python3.12/site-packages/airflow/example_dags/example_branch_python_dop_operator_3.py
[2025-02-27T03:13:49.323+0000] {logging_mixin.py:190} INFO - [2025-02-27T03:13:49.323+0000] {dag.py:3239} INFO - Sync 1 DAGs
[2025-02-27T03:13:49.386+0000] {logging_mixin.py:190} INFO - [2025-02-27T03:13:49.385+0000] {dag.py:4180} INFO - Setting next_dagrun for example_branch_dop_operator_v3 to 2025-02-27 03:12:00+00:00, run_after=2025-02-27 03:13:00+00:00
[2025-02-27T03:13:49.449+0000] {processor.py:208} INFO - Processing /home/airflow/.local/lib/python3.12/site-packages/airflow/example_dags/example_branch_python_dop_operator_3.py took 0.339 seconds
[2025-02-27T03:14:19.577+0000] {processor.py:186} INFO - Started process (PID=2524) to work on /home/airflow/.local/lib/python3.12/site-packages/airflow/example_dags/example_branch_python_dop_operator_3.py
[2025-02-27T03:14:19.579+0000] {processor.py:914} INFO - Processing file /home/airflow/.local/lib/python3.12/site-packages/airflow/example_dags/example_branch_python_dop_operator_3.py for tasks to queue
[2025-02-27T03:14:19.582+0000] {logging_mixin.py:190} INFO - [2025-02-27T03:14:19.582+0000] {dagbag.py:588} INFO - Filling up the DagBag from /home/airflow/.local/lib/python3.12/site-packages/airflow/example_dags/example_branch_python_dop_operator_3.py
[2025-02-27T03:14:19.597+0000] {processor.py:925} INFO - DAG(s) 'example_branch_dop_operator_v3' retrieved from /home/airflow/.local/lib/python3.12/site-packages/airflow/example_dags/example_branch_python_dop_operator_3.py
[2025-02-27T03:14:19.718+0000] {logging_mixin.py:190} INFO - [2025-02-27T03:14:19.718+0000] {dag.py:3239} INFO - Sync 1 DAGs
[2025-02-27T03:14:19.780+0000] {logging_mixin.py:190} INFO - [2025-02-27T03:14:19.780+0000] {dag.py:4180} INFO - Setting next_dagrun for example_branch_dop_operator_v3 to 2025-02-27 03:13:00+00:00, run_after=2025-02-27 03:14:00+00:00
[2025-02-27T03:14:19.842+0000] {processor.py:208} INFO - Processing /home/airflow/.local/lib/python3.12/site-packages/airflow/example_dags/example_branch_python_dop_operator_3.py took 0.273 seconds
[2025-02-27T03:14:50.814+0000] {processor.py:186} INFO - Started process (PID=2586) to work on /home/airflow/.local/lib/python3.12/site-packages/airflow/example_dags/example_branch_python_dop_operator_3.py
[2025-02-27T03:14:50.815+0000] {processor.py:914} INFO - Processing file /home/airflow/.local/lib/python3.12/site-packages/airflow/example_dags/example_branch_python_dop_operator_3.py for tasks to queue
[2025-02-27T03:14:50.820+0000] {logging_mixin.py:190} INFO - [2025-02-27T03:14:50.820+0000] {dagbag.py:588} INFO - Filling up the DagBag from /home/airflow/.local/lib/python3.12/site-packages/airflow/example_dags/example_branch_python_dop_operator_3.py
[2025-02-27T03:14:50.836+0000] {processor.py:925} INFO - DAG(s) 'example_branch_dop_operator_v3' retrieved from /home/airflow/.local/lib/python3.12/site-packages/airflow/example_dags/example_branch_python_dop_operator_3.py
[2025-02-27T03:14:50.970+0000] {logging_mixin.py:190} INFO - [2025-02-27T03:14:50.969+0000] {dag.py:3239} INFO - Sync 1 DAGs
[2025-02-27T03:14:51.034+0000] {logging_mixin.py:190} INFO - [2025-02-27T03:14:51.033+0000] {dag.py:4180} INFO - Setting next_dagrun for example_branch_dop_operator_v3 to 2025-02-27 03:13:00+00:00, run_after=2025-02-27 03:14:00+00:00
[2025-02-27T03:14:51.098+0000] {processor.py:208} INFO - Processing /home/airflow/.local/lib/python3.12/site-packages/airflow/example_dags/example_branch_python_dop_operator_3.py took 0.292 seconds
[2025-02-27T03:15:21.350+0000] {processor.py:186} INFO - Started process (PID=2649) to work on /home/airflow/.local/lib/python3.12/site-packages/airflow/example_dags/example_branch_python_dop_operator_3.py
[2025-02-27T03:15:21.352+0000] {processor.py:914} INFO - Processing file /home/airflow/.local/lib/python3.12/site-packages/airflow/example_dags/example_branch_python_dop_operator_3.py for tasks to queue
[2025-02-27T03:15:21.358+0000] {logging_mixin.py:190} INFO - [2025-02-27T03:15:21.357+0000] {dagbag.py:588} INFO - Filling up the DagBag from /home/airflow/.local/lib/python3.12/site-packages/airflow/example_dags/example_branch_python_dop_operator_3.py
[2025-02-27T03:15:21.390+0000] {processor.py:925} INFO - DAG(s) 'example_branch_dop_operator_v3' retrieved from /home/airflow/.local/lib/python3.12/site-packages/airflow/example_dags/example_branch_python_dop_operator_3.py
[2025-02-27T03:15:21.577+0000] {logging_mixin.py:190} INFO - [2025-02-27T03:15:21.576+0000] {dag.py:3239} INFO - Sync 1 DAGs
[2025-02-27T03:15:21.674+0000] {logging_mixin.py:190} INFO - [2025-02-27T03:15:21.673+0000] {dag.py:4180} INFO - Setting next_dagrun for example_branch_dop_operator_v3 to 2025-02-27 03:14:00+00:00, run_after=2025-02-27 03:15:00+00:00
[2025-02-27T03:15:21.753+0000] {processor.py:208} INFO - Processing /home/airflow/.local/lib/python3.12/site-packages/airflow/example_dags/example_branch_python_dop_operator_3.py took 0.442 seconds
[2025-02-27T03:15:51.869+0000] {processor.py:186} INFO - Started process (PID=2712) to work on /home/airflow/.local/lib/python3.12/site-packages/airflow/example_dags/example_branch_python_dop_operator_3.py
[2025-02-27T03:15:51.871+0000] {processor.py:914} INFO - Processing file /home/airflow/.local/lib/python3.12/site-packages/airflow/example_dags/example_branch_python_dop_operator_3.py for tasks to queue
[2025-02-27T03:15:51.875+0000] {logging_mixin.py:190} INFO - [2025-02-27T03:15:51.875+0000] {dagbag.py:588} INFO - Filling up the DagBag from /home/airflow/.local/lib/python3.12/site-packages/airflow/example_dags/example_branch_python_dop_operator_3.py
[2025-02-27T03:15:51.898+0000] {processor.py:925} INFO - DAG(s) 'example_branch_dop_operator_v3' retrieved from /home/airflow/.local/lib/python3.12/site-packages/airflow/example_dags/example_branch_python_dop_operator_3.py
[2025-02-27T03:15:52.094+0000] {logging_mixin.py:190} INFO - [2025-02-27T03:15:52.094+0000] {dag.py:3239} INFO - Sync 1 DAGs
[2025-02-27T03:15:52.194+0000] {logging_mixin.py:190} INFO - [2025-02-27T03:15:52.194+0000] {dag.py:4180} INFO - Setting next_dagrun for example_branch_dop_operator_v3 to 2025-02-27 03:14:00+00:00, run_after=2025-02-27 03:15:00+00:00
[2025-02-27T03:15:52.303+0000] {processor.py:208} INFO - Processing /home/airflow/.local/lib/python3.12/site-packages/airflow/example_dags/example_branch_python_dop_operator_3.py took 0.446 seconds
[2025-02-27T03:16:22.697+0000] {processor.py:186} INFO - Started process (PID=2775) to work on /home/airflow/.local/lib/python3.12/site-packages/airflow/example_dags/example_branch_python_dop_operator_3.py
[2025-02-27T03:16:22.699+0000] {processor.py:914} INFO - Processing file /home/airflow/.local/lib/python3.12/site-packages/airflow/example_dags/example_branch_python_dop_operator_3.py for tasks to queue
[2025-02-27T03:16:22.704+0000] {logging_mixin.py:190} INFO - [2025-02-27T03:16:22.703+0000] {dagbag.py:588} INFO - Filling up the DagBag from /home/airflow/.local/lib/python3.12/site-packages/airflow/example_dags/example_branch_python_dop_operator_3.py
[2025-02-27T03:16:22.726+0000] {processor.py:925} INFO - DAG(s) 'example_branch_dop_operator_v3' retrieved from /home/airflow/.local/lib/python3.12/site-packages/airflow/example_dags/example_branch_python_dop_operator_3.py
[2025-02-27T03:16:22.933+0000] {logging_mixin.py:190} INFO - [2025-02-27T03:16:22.932+0000] {dag.py:3239} INFO - Sync 1 DAGs
[2025-02-27T03:16:23.004+0000] {logging_mixin.py:190} INFO - [2025-02-27T03:16:23.004+0000] {dag.py:4180} INFO - Setting next_dagrun for example_branch_dop_operator_v3 to 2025-02-27 03:15:00+00:00, run_after=2025-02-27 03:16:00+00:00
[2025-02-27T03:16:23.067+0000] {processor.py:208} INFO - Processing /home/airflow/.local/lib/python3.12/site-packages/airflow/example_dags/example_branch_python_dop_operator_3.py took 0.380 seconds
[2025-02-27T03:16:53.350+0000] {processor.py:186} INFO - Started process (PID=2838) to work on /home/airflow/.local/lib/python3.12/site-packages/airflow/example_dags/example_branch_python_dop_operator_3.py
[2025-02-27T03:16:53.351+0000] {processor.py:914} INFO - Processing file /home/airflow/.local/lib/python3.12/site-packages/airflow/example_dags/example_branch_python_dop_operator_3.py for tasks to queue
[2025-02-27T03:16:53.354+0000] {logging_mixin.py:190} INFO - [2025-02-27T03:16:53.354+0000] {dagbag.py:588} INFO - Filling up the DagBag from /home/airflow/.local/lib/python3.12/site-packages/airflow/example_dags/example_branch_python_dop_operator_3.py
[2025-02-27T03:16:53.371+0000] {processor.py:925} INFO - DAG(s) 'example_branch_dop_operator_v3' retrieved from /home/airflow/.local/lib/python3.12/site-packages/airflow/example_dags/example_branch_python_dop_operator_3.py
[2025-02-27T03:16:53.520+0000] {logging_mixin.py:190} INFO - [2025-02-27T03:16:53.519+0000] {dag.py:3239} INFO - Sync 1 DAGs
[2025-02-27T03:16:53.582+0000] {logging_mixin.py:190} INFO - [2025-02-27T03:16:53.581+0000] {dag.py:4180} INFO - Setting next_dagrun for example_branch_dop_operator_v3 to 2025-02-27 03:15:00+00:00, run_after=2025-02-27 03:16:00+00:00
[2025-02-27T03:16:53.642+0000] {processor.py:208} INFO - Processing /home/airflow/.local/lib/python3.12/site-packages/airflow/example_dags/example_branch_python_dop_operator_3.py took 0.301 seconds
[2025-02-27T03:17:23.945+0000] {processor.py:186} INFO - Started process (PID=2901) to work on /home/airflow/.local/lib/python3.12/site-packages/airflow/example_dags/example_branch_python_dop_operator_3.py
[2025-02-27T03:17:23.946+0000] {processor.py:914} INFO - Processing file /home/airflow/.local/lib/python3.12/site-packages/airflow/example_dags/example_branch_python_dop_operator_3.py for tasks to queue
[2025-02-27T03:17:23.950+0000] {logging_mixin.py:190} INFO - [2025-02-27T03:17:23.949+0000] {dagbag.py:588} INFO - Filling up the DagBag from /home/airflow/.local/lib/python3.12/site-packages/airflow/example_dags/example_branch_python_dop_operator_3.py
[2025-02-27T03:17:23.964+0000] {processor.py:925} INFO - DAG(s) 'example_branch_dop_operator_v3' retrieved from /home/airflow/.local/lib/python3.12/site-packages/airflow/example_dags/example_branch_python_dop_operator_3.py
[2025-02-27T03:17:24.086+0000] {logging_mixin.py:190} INFO - [2025-02-27T03:17:24.086+0000] {dag.py:3239} INFO - Sync 1 DAGs
[2025-02-27T03:17:24.153+0000] {logging_mixin.py:190} INFO - [2025-02-27T03:17:24.153+0000] {dag.py:4180} INFO - Setting next_dagrun for example_branch_dop_operator_v3 to 2025-02-27 03:16:00+00:00, run_after=2025-02-27 03:17:00+00:00
[2025-02-27T03:17:24.220+0000] {processor.py:208} INFO - Processing /home/airflow/.local/lib/python3.12/site-packages/airflow/example_dags/example_branch_python_dop_operator_3.py took 0.282 seconds
[2025-02-27T03:17:54.411+0000] {processor.py:186} INFO - Started process (PID=2963) to work on /home/airflow/.local/lib/python3.12/site-packages/airflow/example_dags/example_branch_python_dop_operator_3.py
[2025-02-27T03:17:54.412+0000] {processor.py:914} INFO - Processing file /home/airflow/.local/lib/python3.12/site-packages/airflow/example_dags/example_branch_python_dop_operator_3.py for tasks to queue
[2025-02-27T03:17:54.416+0000] {logging_mixin.py:190} INFO - [2025-02-27T03:17:54.415+0000] {dagbag.py:588} INFO - Filling up the DagBag from /home/airflow/.local/lib/python3.12/site-packages/airflow/example_dags/example_branch_python_dop_operator_3.py
[2025-02-27T03:17:54.432+0000] {processor.py:925} INFO - DAG(s) 'example_branch_dop_operator_v3' retrieved from /home/airflow/.local/lib/python3.12/site-packages/airflow/example_dags/example_branch_python_dop_operator_3.py
[2025-02-27T03:17:54.579+0000] {logging_mixin.py:190} INFO - [2025-02-27T03:17:54.579+0000] {dag.py:3239} INFO - Sync 1 DAGs
[2025-02-27T03:17:54.642+0000] {logging_mixin.py:190} INFO - [2025-02-27T03:17:54.641+0000] {dag.py:4180} INFO - Setting next_dagrun for example_branch_dop_operator_v3 to 2025-02-27 03:16:00+00:00, run_after=2025-02-27 03:17:00+00:00
[2025-02-27T03:17:54.707+0000] {processor.py:208} INFO - Processing /home/airflow/.local/lib/python3.12/site-packages/airflow/example_dags/example_branch_python_dop_operator_3.py took 0.304 seconds
[2025-02-27T03:18:24.881+0000] {processor.py:186} INFO - Started process (PID=3026) to work on /home/airflow/.local/lib/python3.12/site-packages/airflow/example_dags/example_branch_python_dop_operator_3.py
[2025-02-27T03:18:24.882+0000] {processor.py:914} INFO - Processing file /home/airflow/.local/lib/python3.12/site-packages/airflow/example_dags/example_branch_python_dop_operator_3.py for tasks to queue
[2025-02-27T03:18:24.886+0000] {logging_mixin.py:190} INFO - [2025-02-27T03:18:24.886+0000] {dagbag.py:588} INFO - Filling up the DagBag from /home/airflow/.local/lib/python3.12/site-packages/airflow/example_dags/example_branch_python_dop_operator_3.py
[2025-02-27T03:18:24.901+0000] {processor.py:925} INFO - DAG(s) 'example_branch_dop_operator_v3' retrieved from /home/airflow/.local/lib/python3.12/site-packages/airflow/example_dags/example_branch_python_dop_operator_3.py
[2025-02-27T03:18:25.048+0000] {logging_mixin.py:190} INFO - [2025-02-27T03:18:25.047+0000] {dag.py:3239} INFO - Sync 1 DAGs
[2025-02-27T03:18:25.116+0000] {logging_mixin.py:190} INFO - [2025-02-27T03:18:25.116+0000] {dag.py:4180} INFO - Setting next_dagrun for example_branch_dop_operator_v3 to 2025-02-27 03:17:00+00:00, run_after=2025-02-27 03:18:00+00:00
[2025-02-27T03:18:25.178+0000] {processor.py:208} INFO - Processing /home/airflow/.local/lib/python3.12/site-packages/airflow/example_dags/example_branch_python_dop_operator_3.py took 0.304 seconds
[2025-02-27T03:18:55.687+0000] {processor.py:186} INFO - Started process (PID=3089) to work on /home/airflow/.local/lib/python3.12/site-packages/airflow/example_dags/example_branch_python_dop_operator_3.py
[2025-02-27T03:18:55.689+0000] {processor.py:914} INFO - Processing file /home/airflow/.local/lib/python3.12/site-packages/airflow/example_dags/example_branch_python_dop_operator_3.py for tasks to queue
[2025-02-27T03:18:55.693+0000] {logging_mixin.py:190} INFO - [2025-02-27T03:18:55.693+0000] {dagbag.py:588} INFO - Filling up the DagBag from /home/airflow/.local/lib/python3.12/site-packages/airflow/example_dags/example_branch_python_dop_operator_3.py
[2025-02-27T03:18:55.711+0000] {processor.py:925} INFO - DAG(s) 'example_branch_dop_operator_v3' retrieved from /home/airflow/.local/lib/python3.12/site-packages/airflow/example_dags/example_branch_python_dop_operator_3.py
[2025-02-27T03:18:55.880+0000] {logging_mixin.py:190} INFO - [2025-02-27T03:18:55.879+0000] {dag.py:3239} INFO - Sync 1 DAGs
[2025-02-27T03:18:55.951+0000] {logging_mixin.py:190} INFO - [2025-02-27T03:18:55.950+0000] {dag.py:4180} INFO - Setting next_dagrun for example_branch_dop_operator_v3 to 2025-02-27 03:17:00+00:00, run_after=2025-02-27 03:18:00+00:00
[2025-02-27T03:18:56.019+0000] {processor.py:208} INFO - Processing /home/airflow/.local/lib/python3.12/site-packages/airflow/example_dags/example_branch_python_dop_operator_3.py took 0.340 seconds
[2025-02-27T03:19:26.491+0000] {processor.py:186} INFO - Started process (PID=3153) to work on /home/airflow/.local/lib/python3.12/site-packages/airflow/example_dags/example_branch_python_dop_operator_3.py
[2025-02-27T03:19:26.493+0000] {processor.py:914} INFO - Processing file /home/airflow/.local/lib/python3.12/site-packages/airflow/example_dags/example_branch_python_dop_operator_3.py for tasks to queue
[2025-02-27T03:19:26.502+0000] {logging_mixin.py:190} INFO - [2025-02-27T03:19:26.500+0000] {dagbag.py:588} INFO - Filling up the DagBag from /home/airflow/.local/lib/python3.12/site-packages/airflow/example_dags/example_branch_python_dop_operator_3.py
[2025-02-27T03:19:26.522+0000] {processor.py:925} INFO - DAG(s) 'example_branch_dop_operator_v3' retrieved from /home/airflow/.local/lib/python3.12/site-packages/airflow/example_dags/example_branch_python_dop_operator_3.py
[2025-02-27T03:19:26.707+0000] {logging_mixin.py:190} INFO - [2025-02-27T03:19:26.707+0000] {dag.py:3239} INFO - Sync 1 DAGs
[2025-02-27T03:19:26.799+0000] {logging_mixin.py:190} INFO - [2025-02-27T03:19:26.799+0000] {dag.py:4180} INFO - Setting next_dagrun for example_branch_dop_operator_v3 to 2025-02-27 03:18:00+00:00, run_after=2025-02-27 03:19:00+00:00
[2025-02-27T03:19:26.878+0000] {processor.py:208} INFO - Processing /home/airflow/.local/lib/python3.12/site-packages/airflow/example_dags/example_branch_python_dop_operator_3.py took 0.405 seconds
[2025-02-27T03:19:58.199+0000] {processor.py:186} INFO - Started process (PID=3216) to work on /home/airflow/.local/lib/python3.12/site-packages/airflow/example_dags/example_branch_python_dop_operator_3.py
[2025-02-27T03:19:58.201+0000] {processor.py:914} INFO - Processing file /home/airflow/.local/lib/python3.12/site-packages/airflow/example_dags/example_branch_python_dop_operator_3.py for tasks to queue
[2025-02-27T03:19:58.205+0000] {logging_mixin.py:190} INFO - [2025-02-27T03:19:58.204+0000] {dagbag.py:588} INFO - Filling up the DagBag from /home/airflow/.local/lib/python3.12/site-packages/airflow/example_dags/example_branch_python_dop_operator_3.py
[2025-02-27T03:19:58.224+0000] {processor.py:925} INFO - DAG(s) 'example_branch_dop_operator_v3' retrieved from /home/airflow/.local/lib/python3.12/site-packages/airflow/example_dags/example_branch_python_dop_operator_3.py
[2025-02-27T03:19:58.386+0000] {logging_mixin.py:190} INFO - [2025-02-27T03:19:58.385+0000] {dag.py:3239} INFO - Sync 1 DAGs
[2025-02-27T03:19:58.459+0000] {logging_mixin.py:190} INFO - [2025-02-27T03:19:58.459+0000] {dag.py:4180} INFO - Setting next_dagrun for example_branch_dop_operator_v3 to 2025-02-27 03:18:00+00:00, run_after=2025-02-27 03:19:00+00:00
[2025-02-27T03:19:58.525+0000] {processor.py:208} INFO - Processing /home/airflow/.local/lib/python3.12/site-packages/airflow/example_dags/example_branch_python_dop_operator_3.py took 0.334 seconds
[2025-02-27T03:20:28.985+0000] {processor.py:186} INFO - Started process (PID=3279) to work on /home/airflow/.local/lib/python3.12/site-packages/airflow/example_dags/example_branch_python_dop_operator_3.py
[2025-02-27T03:20:28.987+0000] {processor.py:914} INFO - Processing file /home/airflow/.local/lib/python3.12/site-packages/airflow/example_dags/example_branch_python_dop_operator_3.py for tasks to queue
[2025-02-27T03:20:28.991+0000] {logging_mixin.py:190} INFO - [2025-02-27T03:20:28.990+0000] {dagbag.py:588} INFO - Filling up the DagBag from /home/airflow/.local/lib/python3.12/site-packages/airflow/example_dags/example_branch_python_dop_operator_3.py
[2025-02-27T03:20:29.021+0000] {processor.py:925} INFO - DAG(s) 'example_branch_dop_operator_v3' retrieved from /home/airflow/.local/lib/python3.12/site-packages/airflow/example_dags/example_branch_python_dop_operator_3.py
[2025-02-27T03:20:29.200+0000] {logging_mixin.py:190} INFO - [2025-02-27T03:20:29.199+0000] {dag.py:3239} INFO - Sync 1 DAGs
[2025-02-27T03:20:29.274+0000] {logging_mixin.py:190} INFO - [2025-02-27T03:20:29.273+0000] {dag.py:4180} INFO - Setting next_dagrun for example_branch_dop_operator_v3 to 2025-02-27 03:19:00+00:00, run_after=2025-02-27 03:20:00+00:00
[2025-02-27T03:20:29.329+0000] {processor.py:208} INFO - Processing /home/airflow/.local/lib/python3.12/site-packages/airflow/example_dags/example_branch_python_dop_operator_3.py took 0.353 seconds
[2025-02-27T03:20:59.408+0000] {processor.py:186} INFO - Started process (PID=3341) to work on /home/airflow/.local/lib/python3.12/site-packages/airflow/example_dags/example_branch_python_dop_operator_3.py
[2025-02-27T03:20:59.410+0000] {processor.py:914} INFO - Processing file /home/airflow/.local/lib/python3.12/site-packages/airflow/example_dags/example_branch_python_dop_operator_3.py for tasks to queue
[2025-02-27T03:20:59.414+0000] {logging_mixin.py:190} INFO - [2025-02-27T03:20:59.414+0000] {dagbag.py:588} INFO - Filling up the DagBag from /home/airflow/.local/lib/python3.12/site-packages/airflow/example_dags/example_branch_python_dop_operator_3.py
[2025-02-27T03:20:59.431+0000] {processor.py:925} INFO - DAG(s) 'example_branch_dop_operator_v3' retrieved from /home/airflow/.local/lib/python3.12/site-packages/airflow/example_dags/example_branch_python_dop_operator_3.py
[2025-02-27T03:20:59.571+0000] {logging_mixin.py:190} INFO - [2025-02-27T03:20:59.571+0000] {dag.py:3239} INFO - Sync 1 DAGs
[2025-02-27T03:20:59.636+0000] {logging_mixin.py:190} INFO - [2025-02-27T03:20:59.635+0000] {dag.py:4180} INFO - Setting next_dagrun for example_branch_dop_operator_v3 to 2025-02-27 03:19:00+00:00, run_after=2025-02-27 03:20:00+00:00
[2025-02-27T03:20:59.688+0000] {processor.py:208} INFO - Processing /home/airflow/.local/lib/python3.12/site-packages/airflow/example_dags/example_branch_python_dop_operator_3.py took 0.289 seconds
