[2025-02-27T02:51:12.716+0000] {processor.py:186} INFO - Started process (PID=71) to work on /home/airflow/.local/lib/python3.12/site-packages/airflow/example_dags/tutorial.py
[2025-02-27T02:51:12.718+0000] {processor.py:914} INFO - Processing file /home/airflow/.local/lib/python3.12/site-packages/airflow/example_dags/tutorial.py for tasks to queue
[2025-02-27T02:51:12.726+0000] {logging_mixin.py:190} INFO - [2025-02-27T02:51:12.725+0000] {dagbag.py:588} INFO - Filling up the DagBag from /home/airflow/.local/lib/python3.12/site-packages/airflow/example_dags/tutorial.py
[2025-02-27T02:51:12.771+0000] {processor.py:925} INFO - DAG(s) 'tutorial' retrieved from /home/airflow/.local/lib/python3.12/site-packages/airflow/example_dags/tutorial.py
[2025-02-27T02:51:13.654+0000] {logging_mixin.py:190} INFO - [2025-02-27T02:51:13.652+0000] {override.py:1912} INFO - Created Permission View: can delete on DAG:tutorial
[2025-02-27T02:51:13.768+0000] {logging_mixin.py:190} INFO - [2025-02-27T02:51:13.767+0000] {override.py:1912} INFO - Created Permission View: can read on DAG:tutorial
[2025-02-27T02:51:13.859+0000] {logging_mixin.py:190} INFO - [2025-02-27T02:51:13.858+0000] {override.py:1912} INFO - Created Permission View: can edit on DAG:tutorial
[2025-02-27T02:51:13.920+0000] {logging_mixin.py:190} INFO - [2025-02-27T02:51:13.919+0000] {override.py:1912} INFO - Created Permission View: menu access on DAG Run:tutorial
[2025-02-27T02:51:13.983+0000] {logging_mixin.py:190} INFO - [2025-02-27T02:51:13.982+0000] {override.py:1912} INFO - Created Permission View: can delete on DAG Run:tutorial
[2025-02-27T02:51:14.018+0000] {logging_mixin.py:190} INFO - [2025-02-27T02:51:14.017+0000] {override.py:1912} INFO - Created Permission View: can read on DAG Run:tutorial
[2025-02-27T02:51:14.062+0000] {logging_mixin.py:190} INFO - [2025-02-27T02:51:14.061+0000] {override.py:1912} INFO - Created Permission View: can create on DAG Run:tutorial
[2025-02-27T02:51:14.065+0000] {logging_mixin.py:190} INFO - [2025-02-27T02:51:14.064+0000] {dag.py:3239} INFO - Sync 1 DAGs
[2025-02-27T02:51:14.144+0000] {logging_mixin.py:190} INFO - [2025-02-27T02:51:14.143+0000] {dag.py:3262} INFO - Creating ORM DAG for tutorial
[2025-02-27T02:51:14.213+0000] {logging_mixin.py:190} INFO - [2025-02-27T02:51:14.212+0000] {dag.py:4180} INFO - Setting next_dagrun for tutorial to 2025-02-26 00:00:00+00:00, run_after=2025-02-27 00:00:00+00:00
[2025-02-27T02:51:14.308+0000] {processor.py:208} INFO - Processing /home/airflow/.local/lib/python3.12/site-packages/airflow/example_dags/tutorial.py took 1.606 seconds
[2025-02-27T02:51:44.789+0000] {processor.py:186} INFO - Started process (PID=140) to work on /home/airflow/.local/lib/python3.12/site-packages/airflow/example_dags/tutorial.py
[2025-02-27T02:51:44.790+0000] {processor.py:914} INFO - Processing file /home/airflow/.local/lib/python3.12/site-packages/airflow/example_dags/tutorial.py for tasks to queue
[2025-02-27T02:51:44.794+0000] {logging_mixin.py:190} INFO - [2025-02-27T02:51:44.793+0000] {dagbag.py:588} INFO - Filling up the DagBag from /home/airflow/.local/lib/python3.12/site-packages/airflow/example_dags/tutorial.py
[2025-02-27T02:51:44.806+0000] {processor.py:925} INFO - DAG(s) 'tutorial' retrieved from /home/airflow/.local/lib/python3.12/site-packages/airflow/example_dags/tutorial.py
[2025-02-27T02:51:44.839+0000] {logging_mixin.py:190} INFO - [2025-02-27T02:51:44.838+0000] {dag.py:3239} INFO - Sync 1 DAGs
[2025-02-27T02:51:44.877+0000] {logging_mixin.py:190} INFO - [2025-02-27T02:51:44.877+0000] {dag.py:4180} INFO - Setting next_dagrun for tutorial to 2025-02-26 00:00:00+00:00, run_after=2025-02-27 00:00:00+00:00
[2025-02-27T02:51:44.913+0000] {processor.py:208} INFO - Processing /home/airflow/.local/lib/python3.12/site-packages/airflow/example_dags/tutorial.py took 0.131 seconds
[2025-02-27T02:53:57.695+0000] {processor.py:186} INFO - Started process (PID=73) to work on /home/airflow/.local/lib/python3.12/site-packages/airflow/example_dags/tutorial.py
[2025-02-27T02:53:57.696+0000] {processor.py:914} INFO - Processing file /home/airflow/.local/lib/python3.12/site-packages/airflow/example_dags/tutorial.py for tasks to queue
[2025-02-27T02:53:57.700+0000] {logging_mixin.py:190} INFO - [2025-02-27T02:53:57.699+0000] {dagbag.py:588} INFO - Filling up the DagBag from /home/airflow/.local/lib/python3.12/site-packages/airflow/example_dags/tutorial.py
[2025-02-27T02:53:57.716+0000] {processor.py:925} INFO - DAG(s) 'tutorial' retrieved from /home/airflow/.local/lib/python3.12/site-packages/airflow/example_dags/tutorial.py
[2025-02-27T02:53:58.167+0000] {logging_mixin.py:190} INFO - [2025-02-27T02:53:58.166+0000] {override.py:1912} INFO - Created Permission View: can read on DAG:tutorial
[2025-02-27T02:53:58.200+0000] {logging_mixin.py:190} INFO - [2025-02-27T02:53:58.199+0000] {override.py:1912} INFO - Created Permission View: can delete on DAG:tutorial
[2025-02-27T02:53:58.218+0000] {logging_mixin.py:190} INFO - [2025-02-27T02:53:58.217+0000] {override.py:1912} INFO - Created Permission View: can edit on DAG:tutorial
[2025-02-27T02:53:58.241+0000] {logging_mixin.py:190} INFO - [2025-02-27T02:53:58.240+0000] {override.py:1912} INFO - Created Permission View: can read on DAG Run:tutorial
[2025-02-27T02:53:58.261+0000] {logging_mixin.py:190} INFO - [2025-02-27T02:53:58.260+0000] {override.py:1912} INFO - Created Permission View: menu access on DAG Run:tutorial
[2025-02-27T02:53:58.281+0000] {logging_mixin.py:190} INFO - [2025-02-27T02:53:58.280+0000] {override.py:1912} INFO - Created Permission View: can delete on DAG Run:tutorial
[2025-02-27T02:53:58.300+0000] {logging_mixin.py:190} INFO - [2025-02-27T02:53:58.300+0000] {override.py:1912} INFO - Created Permission View: can create on DAG Run:tutorial
[2025-02-27T02:53:58.304+0000] {logging_mixin.py:190} INFO - [2025-02-27T02:53:58.301+0000] {dag.py:3239} INFO - Sync 1 DAGs
[2025-02-27T02:53:58.361+0000] {logging_mixin.py:190} INFO - [2025-02-27T02:53:58.361+0000] {dag.py:3262} INFO - Creating ORM DAG for tutorial
[2025-02-27T02:53:58.393+0000] {logging_mixin.py:190} INFO - [2025-02-27T02:53:58.393+0000] {dag.py:4180} INFO - Setting next_dagrun for tutorial to 2025-02-26 00:00:00+00:00, run_after=2025-02-27 00:00:00+00:00
[2025-02-27T02:53:58.508+0000] {processor.py:208} INFO - Processing /home/airflow/.local/lib/python3.12/site-packages/airflow/example_dags/tutorial.py took 0.823 seconds
[2025-02-27T02:54:32.223+0000] {processor.py:186} INFO - Started process (PID=136) to work on /home/airflow/.local/lib/python3.12/site-packages/airflow/example_dags/tutorial.py
[2025-02-27T02:54:32.225+0000] {processor.py:914} INFO - Processing file /home/airflow/.local/lib/python3.12/site-packages/airflow/example_dags/tutorial.py for tasks to queue
[2025-02-27T02:54:32.232+0000] {logging_mixin.py:190} INFO - [2025-02-27T02:54:32.231+0000] {dagbag.py:588} INFO - Filling up the DagBag from /home/airflow/.local/lib/python3.12/site-packages/airflow/example_dags/tutorial.py
[2025-02-27T02:54:32.261+0000] {processor.py:925} INFO - DAG(s) 'tutorial' retrieved from /home/airflow/.local/lib/python3.12/site-packages/airflow/example_dags/tutorial.py
[2025-02-27T02:54:32.457+0000] {logging_mixin.py:190} INFO - [2025-02-27T02:54:32.457+0000] {dag.py:3239} INFO - Sync 1 DAGs
[2025-02-27T02:54:32.545+0000] {logging_mixin.py:190} INFO - [2025-02-27T02:54:32.545+0000] {dag.py:4180} INFO - Setting next_dagrun for tutorial to 2025-02-26 00:00:00+00:00, run_after=2025-02-27 00:00:00+00:00
[2025-02-27T02:54:32.628+0000] {processor.py:208} INFO - Processing /home/airflow/.local/lib/python3.12/site-packages/airflow/example_dags/tutorial.py took 0.413 seconds
[2025-02-27T02:55:02.976+0000] {processor.py:186} INFO - Started process (PID=198) to work on /home/airflow/.local/lib/python3.12/site-packages/airflow/example_dags/tutorial.py
[2025-02-27T02:55:02.978+0000] {processor.py:914} INFO - Processing file /home/airflow/.local/lib/python3.12/site-packages/airflow/example_dags/tutorial.py for tasks to queue
[2025-02-27T02:55:02.983+0000] {logging_mixin.py:190} INFO - [2025-02-27T02:55:02.982+0000] {dagbag.py:588} INFO - Filling up the DagBag from /home/airflow/.local/lib/python3.12/site-packages/airflow/example_dags/tutorial.py
[2025-02-27T02:55:03.005+0000] {processor.py:925} INFO - DAG(s) 'tutorial' retrieved from /home/airflow/.local/lib/python3.12/site-packages/airflow/example_dags/tutorial.py
[2025-02-27T02:55:03.226+0000] {logging_mixin.py:190} INFO - [2025-02-27T02:55:03.226+0000] {dag.py:3239} INFO - Sync 1 DAGs
[2025-02-27T02:55:03.309+0000] {logging_mixin.py:190} INFO - [2025-02-27T02:55:03.309+0000] {dag.py:4180} INFO - Setting next_dagrun for tutorial to 2025-02-26 00:00:00+00:00, run_after=2025-02-27 00:00:00+00:00
[2025-02-27T02:55:03.377+0000] {processor.py:208} INFO - Processing /home/airflow/.local/lib/python3.12/site-packages/airflow/example_dags/tutorial.py took 0.419 seconds
[2025-02-27T02:55:33.986+0000] {processor.py:186} INFO - Started process (PID=261) to work on /home/airflow/.local/lib/python3.12/site-packages/airflow/example_dags/tutorial.py
[2025-02-27T02:55:33.988+0000] {processor.py:914} INFO - Processing file /home/airflow/.local/lib/python3.12/site-packages/airflow/example_dags/tutorial.py for tasks to queue
[2025-02-27T02:55:33.993+0000] {logging_mixin.py:190} INFO - [2025-02-27T02:55:33.992+0000] {dagbag.py:588} INFO - Filling up the DagBag from /home/airflow/.local/lib/python3.12/site-packages/airflow/example_dags/tutorial.py
[2025-02-27T02:55:34.008+0000] {processor.py:925} INFO - DAG(s) 'tutorial' retrieved from /home/airflow/.local/lib/python3.12/site-packages/airflow/example_dags/tutorial.py
[2025-02-27T02:55:34.267+0000] {logging_mixin.py:190} INFO - [2025-02-27T02:55:34.266+0000] {dag.py:3239} INFO - Sync 1 DAGs
[2025-02-27T02:55:34.382+0000] {logging_mixin.py:190} INFO - [2025-02-27T02:55:34.381+0000] {dag.py:4180} INFO - Setting next_dagrun for tutorial to 2025-02-26 00:00:00+00:00, run_after=2025-02-27 00:00:00+00:00
[2025-02-27T02:55:34.455+0000] {processor.py:208} INFO - Processing /home/airflow/.local/lib/python3.12/site-packages/airflow/example_dags/tutorial.py took 0.478 seconds
[2025-02-27T02:56:04.657+0000] {processor.py:186} INFO - Started process (PID=324) to work on /home/airflow/.local/lib/python3.12/site-packages/airflow/example_dags/tutorial.py
[2025-02-27T02:56:04.658+0000] {processor.py:914} INFO - Processing file /home/airflow/.local/lib/python3.12/site-packages/airflow/example_dags/tutorial.py for tasks to queue
[2025-02-27T02:56:04.662+0000] {logging_mixin.py:190} INFO - [2025-02-27T02:56:04.661+0000] {dagbag.py:588} INFO - Filling up the DagBag from /home/airflow/.local/lib/python3.12/site-packages/airflow/example_dags/tutorial.py
[2025-02-27T02:56:04.678+0000] {processor.py:925} INFO - DAG(s) 'tutorial' retrieved from /home/airflow/.local/lib/python3.12/site-packages/airflow/example_dags/tutorial.py
[2025-02-27T02:56:04.845+0000] {logging_mixin.py:190} INFO - [2025-02-27T02:56:04.844+0000] {dag.py:3239} INFO - Sync 1 DAGs
[2025-02-27T02:56:04.934+0000] {logging_mixin.py:190} INFO - [2025-02-27T02:56:04.933+0000] {dag.py:4180} INFO - Setting next_dagrun for tutorial to 2025-02-26 00:00:00+00:00, run_after=2025-02-27 00:00:00+00:00
[2025-02-27T02:56:05.005+0000] {processor.py:208} INFO - Processing /home/airflow/.local/lib/python3.12/site-packages/airflow/example_dags/tutorial.py took 0.356 seconds
[2025-02-27T02:56:35.408+0000] {processor.py:186} INFO - Started process (PID=388) to work on /home/airflow/.local/lib/python3.12/site-packages/airflow/example_dags/tutorial.py
[2025-02-27T02:56:35.410+0000] {processor.py:914} INFO - Processing file /home/airflow/.local/lib/python3.12/site-packages/airflow/example_dags/tutorial.py for tasks to queue
[2025-02-27T02:56:35.416+0000] {logging_mixin.py:190} INFO - [2025-02-27T02:56:35.415+0000] {dagbag.py:588} INFO - Filling up the DagBag from /home/airflow/.local/lib/python3.12/site-packages/airflow/example_dags/tutorial.py
[2025-02-27T02:56:35.437+0000] {processor.py:925} INFO - DAG(s) 'tutorial' retrieved from /home/airflow/.local/lib/python3.12/site-packages/airflow/example_dags/tutorial.py
[2025-02-27T02:56:35.636+0000] {logging_mixin.py:190} INFO - [2025-02-27T02:56:35.636+0000] {dag.py:3239} INFO - Sync 1 DAGs
[2025-02-27T02:56:35.757+0000] {logging_mixin.py:190} INFO - [2025-02-27T02:56:35.756+0000] {dag.py:4180} INFO - Setting next_dagrun for tutorial to 2025-02-26 00:00:00+00:00, run_after=2025-02-27 00:00:00+00:00
[2025-02-27T02:56:35.844+0000] {processor.py:208} INFO - Processing /home/airflow/.local/lib/python3.12/site-packages/airflow/example_dags/tutorial.py took 0.446 seconds
[2025-02-27T02:57:06.121+0000] {processor.py:186} INFO - Started process (PID=451) to work on /home/airflow/.local/lib/python3.12/site-packages/airflow/example_dags/tutorial.py
[2025-02-27T02:57:06.123+0000] {processor.py:914} INFO - Processing file /home/airflow/.local/lib/python3.12/site-packages/airflow/example_dags/tutorial.py for tasks to queue
[2025-02-27T02:57:06.130+0000] {logging_mixin.py:190} INFO - [2025-02-27T02:57:06.130+0000] {dagbag.py:588} INFO - Filling up the DagBag from /home/airflow/.local/lib/python3.12/site-packages/airflow/example_dags/tutorial.py
[2025-02-27T02:57:06.151+0000] {processor.py:925} INFO - DAG(s) 'tutorial' retrieved from /home/airflow/.local/lib/python3.12/site-packages/airflow/example_dags/tutorial.py
[2025-02-27T02:57:06.390+0000] {logging_mixin.py:190} INFO - [2025-02-27T02:57:06.389+0000] {dag.py:3239} INFO - Sync 1 DAGs
[2025-02-27T02:57:06.495+0000] {logging_mixin.py:190} INFO - [2025-02-27T02:57:06.493+0000] {dag.py:4180} INFO - Setting next_dagrun for tutorial to 2025-02-26 00:00:00+00:00, run_after=2025-02-27 00:00:00+00:00
[2025-02-27T02:57:06.599+0000] {processor.py:208} INFO - Processing /home/airflow/.local/lib/python3.12/site-packages/airflow/example_dags/tutorial.py took 0.493 seconds
[2025-02-27T02:57:36.952+0000] {processor.py:186} INFO - Started process (PID=515) to work on /home/airflow/.local/lib/python3.12/site-packages/airflow/example_dags/tutorial.py
[2025-02-27T02:57:36.954+0000] {processor.py:914} INFO - Processing file /home/airflow/.local/lib/python3.12/site-packages/airflow/example_dags/tutorial.py for tasks to queue
[2025-02-27T02:57:36.957+0000] {logging_mixin.py:190} INFO - [2025-02-27T02:57:36.957+0000] {dagbag.py:588} INFO - Filling up the DagBag from /home/airflow/.local/lib/python3.12/site-packages/airflow/example_dags/tutorial.py
[2025-02-27T02:57:36.970+0000] {processor.py:925} INFO - DAG(s) 'tutorial' retrieved from /home/airflow/.local/lib/python3.12/site-packages/airflow/example_dags/tutorial.py
[2025-02-27T02:57:37.146+0000] {logging_mixin.py:190} INFO - [2025-02-27T02:57:37.145+0000] {dag.py:3239} INFO - Sync 1 DAGs
[2025-02-27T02:57:37.214+0000] {logging_mixin.py:190} INFO - [2025-02-27T02:57:37.214+0000] {dag.py:4180} INFO - Setting next_dagrun for tutorial to 2025-02-26 00:00:00+00:00, run_after=2025-02-27 00:00:00+00:00
[2025-02-27T02:57:37.282+0000] {processor.py:208} INFO - Processing /home/airflow/.local/lib/python3.12/site-packages/airflow/example_dags/tutorial.py took 0.339 seconds
[2025-02-27T02:58:07.373+0000] {processor.py:186} INFO - Started process (PID=578) to work on /home/airflow/.local/lib/python3.12/site-packages/airflow/example_dags/tutorial.py
[2025-02-27T02:58:07.375+0000] {processor.py:914} INFO - Processing file /home/airflow/.local/lib/python3.12/site-packages/airflow/example_dags/tutorial.py for tasks to queue
[2025-02-27T02:58:07.380+0000] {logging_mixin.py:190} INFO - [2025-02-27T02:58:07.379+0000] {dagbag.py:588} INFO - Filling up the DagBag from /home/airflow/.local/lib/python3.12/site-packages/airflow/example_dags/tutorial.py
[2025-02-27T02:58:07.394+0000] {processor.py:925} INFO - DAG(s) 'tutorial' retrieved from /home/airflow/.local/lib/python3.12/site-packages/airflow/example_dags/tutorial.py
[2025-02-27T02:58:07.592+0000] {logging_mixin.py:190} INFO - [2025-02-27T02:58:07.591+0000] {dag.py:3239} INFO - Sync 1 DAGs
[2025-02-27T02:58:07.719+0000] {logging_mixin.py:190} INFO - [2025-02-27T02:58:07.716+0000] {dag.py:4180} INFO - Setting next_dagrun for tutorial to 2025-02-26 00:00:00+00:00, run_after=2025-02-27 00:00:00+00:00
[2025-02-27T02:58:07.820+0000] {processor.py:208} INFO - Processing /home/airflow/.local/lib/python3.12/site-packages/airflow/example_dags/tutorial.py took 0.456 seconds
[2025-02-27T02:58:38.003+0000] {processor.py:186} INFO - Started process (PID=641) to work on /home/airflow/.local/lib/python3.12/site-packages/airflow/example_dags/tutorial.py
[2025-02-27T02:58:38.005+0000] {processor.py:914} INFO - Processing file /home/airflow/.local/lib/python3.12/site-packages/airflow/example_dags/tutorial.py for tasks to queue
[2025-02-27T02:58:38.010+0000] {logging_mixin.py:190} INFO - [2025-02-27T02:58:38.009+0000] {dagbag.py:588} INFO - Filling up the DagBag from /home/airflow/.local/lib/python3.12/site-packages/airflow/example_dags/tutorial.py
[2025-02-27T02:58:38.022+0000] {processor.py:925} INFO - DAG(s) 'tutorial' retrieved from /home/airflow/.local/lib/python3.12/site-packages/airflow/example_dags/tutorial.py
[2025-02-27T02:58:38.244+0000] {logging_mixin.py:190} INFO - [2025-02-27T02:58:38.243+0000] {dag.py:3239} INFO - Sync 1 DAGs
[2025-02-27T02:58:38.355+0000] {logging_mixin.py:190} INFO - [2025-02-27T02:58:38.354+0000] {dag.py:4180} INFO - Setting next_dagrun for tutorial to 2025-02-26 00:00:00+00:00, run_after=2025-02-27 00:00:00+00:00
[2025-02-27T02:58:38.436+0000] {processor.py:208} INFO - Processing /home/airflow/.local/lib/python3.12/site-packages/airflow/example_dags/tutorial.py took 0.443 seconds
[2025-02-27T02:59:08.842+0000] {processor.py:186} INFO - Started process (PID=704) to work on /home/airflow/.local/lib/python3.12/site-packages/airflow/example_dags/tutorial.py
[2025-02-27T02:59:08.845+0000] {processor.py:914} INFO - Processing file /home/airflow/.local/lib/python3.12/site-packages/airflow/example_dags/tutorial.py for tasks to queue
[2025-02-27T02:59:08.849+0000] {logging_mixin.py:190} INFO - [2025-02-27T02:59:08.848+0000] {dagbag.py:588} INFO - Filling up the DagBag from /home/airflow/.local/lib/python3.12/site-packages/airflow/example_dags/tutorial.py
[2025-02-27T02:59:08.867+0000] {processor.py:925} INFO - DAG(s) 'tutorial' retrieved from /home/airflow/.local/lib/python3.12/site-packages/airflow/example_dags/tutorial.py
[2025-02-27T02:59:09.000+0000] {logging_mixin.py:190} INFO - [2025-02-27T02:59:09.000+0000] {dag.py:3239} INFO - Sync 1 DAGs
[2025-02-27T02:59:09.067+0000] {logging_mixin.py:190} INFO - [2025-02-27T02:59:09.067+0000] {dag.py:4180} INFO - Setting next_dagrun for tutorial to 2025-02-26 00:00:00+00:00, run_after=2025-02-27 00:00:00+00:00
[2025-02-27T02:59:09.129+0000] {processor.py:208} INFO - Processing /home/airflow/.local/lib/python3.12/site-packages/airflow/example_dags/tutorial.py took 0.299 seconds
[2025-02-27T02:59:40.408+0000] {processor.py:186} INFO - Started process (PID=756) to work on /home/airflow/.local/lib/python3.12/site-packages/airflow/example_dags/tutorial.py
[2025-02-27T02:59:40.410+0000] {processor.py:914} INFO - Processing file /home/airflow/.local/lib/python3.12/site-packages/airflow/example_dags/tutorial.py for tasks to queue
[2025-02-27T02:59:40.416+0000] {logging_mixin.py:190} INFO - [2025-02-27T02:59:40.415+0000] {dagbag.py:588} INFO - Filling up the DagBag from /home/airflow/.local/lib/python3.12/site-packages/airflow/example_dags/tutorial.py
[2025-02-27T02:59:40.435+0000] {processor.py:925} INFO - DAG(s) 'tutorial' retrieved from /home/airflow/.local/lib/python3.12/site-packages/airflow/example_dags/tutorial.py
[2025-02-27T02:59:40.716+0000] {logging_mixin.py:190} INFO - [2025-02-27T02:59:40.716+0000] {dag.py:3239} INFO - Sync 1 DAGs
[2025-02-27T02:59:40.840+0000] {logging_mixin.py:190} INFO - [2025-02-27T02:59:40.839+0000] {dag.py:4180} INFO - Setting next_dagrun for tutorial to 2025-02-26 00:00:00+00:00, run_after=2025-02-27 00:00:00+00:00
[2025-02-27T02:59:40.952+0000] {processor.py:208} INFO - Processing /home/airflow/.local/lib/python3.12/site-packages/airflow/example_dags/tutorial.py took 0.565 seconds
[2025-02-27T03:00:11.342+0000] {processor.py:186} INFO - Started process (PID=817) to work on /home/airflow/.local/lib/python3.12/site-packages/airflow/example_dags/tutorial.py
[2025-02-27T03:00:11.344+0000] {processor.py:914} INFO - Processing file /home/airflow/.local/lib/python3.12/site-packages/airflow/example_dags/tutorial.py for tasks to queue
[2025-02-27T03:00:11.360+0000] {logging_mixin.py:190} INFO - [2025-02-27T03:00:11.359+0000] {dagbag.py:588} INFO - Filling up the DagBag from /home/airflow/.local/lib/python3.12/site-packages/airflow/example_dags/tutorial.py
[2025-02-27T03:00:11.381+0000] {processor.py:925} INFO - DAG(s) 'tutorial' retrieved from /home/airflow/.local/lib/python3.12/site-packages/airflow/example_dags/tutorial.py
[2025-02-27T03:00:11.836+0000] {logging_mixin.py:190} INFO - [2025-02-27T03:00:11.836+0000] {dag.py:3239} INFO - Sync 1 DAGs
[2025-02-27T03:00:11.978+0000] {logging_mixin.py:190} INFO - [2025-02-27T03:00:11.977+0000] {dag.py:4180} INFO - Setting next_dagrun for tutorial to 2025-02-26 00:00:00+00:00, run_after=2025-02-27 00:00:00+00:00
[2025-02-27T03:00:12.105+0000] {processor.py:208} INFO - Processing /home/airflow/.local/lib/python3.12/site-packages/airflow/example_dags/tutorial.py took 0.778 seconds
[2025-02-27T03:00:42.295+0000] {processor.py:186} INFO - Started process (PID=879) to work on /home/airflow/.local/lib/python3.12/site-packages/airflow/example_dags/tutorial.py
[2025-02-27T03:00:42.297+0000] {processor.py:914} INFO - Processing file /home/airflow/.local/lib/python3.12/site-packages/airflow/example_dags/tutorial.py for tasks to queue
[2025-02-27T03:00:42.301+0000] {logging_mixin.py:190} INFO - [2025-02-27T03:00:42.300+0000] {dagbag.py:588} INFO - Filling up the DagBag from /home/airflow/.local/lib/python3.12/site-packages/airflow/example_dags/tutorial.py
[2025-02-27T03:00:42.314+0000] {processor.py:925} INFO - DAG(s) 'tutorial' retrieved from /home/airflow/.local/lib/python3.12/site-packages/airflow/example_dags/tutorial.py
[2025-02-27T03:00:42.476+0000] {logging_mixin.py:190} INFO - [2025-02-27T03:00:42.476+0000] {dag.py:3239} INFO - Sync 1 DAGs
[2025-02-27T03:00:42.552+0000] {logging_mixin.py:190} INFO - [2025-02-27T03:00:42.552+0000] {dag.py:4180} INFO - Setting next_dagrun for tutorial to 2025-02-26 00:00:00+00:00, run_after=2025-02-27 00:00:00+00:00
[2025-02-27T03:00:42.618+0000] {processor.py:208} INFO - Processing /home/airflow/.local/lib/python3.12/site-packages/airflow/example_dags/tutorial.py took 0.333 seconds
[2025-02-27T03:01:13.275+0000] {processor.py:186} INFO - Started process (PID=941) to work on /home/airflow/.local/lib/python3.12/site-packages/airflow/example_dags/tutorial.py
[2025-02-27T03:01:13.277+0000] {processor.py:914} INFO - Processing file /home/airflow/.local/lib/python3.12/site-packages/airflow/example_dags/tutorial.py for tasks to queue
[2025-02-27T03:01:13.281+0000] {logging_mixin.py:190} INFO - [2025-02-27T03:01:13.280+0000] {dagbag.py:588} INFO - Filling up the DagBag from /home/airflow/.local/lib/python3.12/site-packages/airflow/example_dags/tutorial.py
[2025-02-27T03:01:13.295+0000] {processor.py:925} INFO - DAG(s) 'tutorial' retrieved from /home/airflow/.local/lib/python3.12/site-packages/airflow/example_dags/tutorial.py
[2025-02-27T03:01:13.483+0000] {logging_mixin.py:190} INFO - [2025-02-27T03:01:13.482+0000] {dag.py:3239} INFO - Sync 1 DAGs
[2025-02-27T03:01:13.567+0000] {logging_mixin.py:190} INFO - [2025-02-27T03:01:13.566+0000] {dag.py:4180} INFO - Setting next_dagrun for tutorial to 2025-02-26 00:00:00+00:00, run_after=2025-02-27 00:00:00+00:00
[2025-02-27T03:01:13.621+0000] {processor.py:208} INFO - Processing /home/airflow/.local/lib/python3.12/site-packages/airflow/example_dags/tutorial.py took 0.358 seconds
[2025-02-27T03:01:44.528+0000] {processor.py:186} INFO - Started process (PID=1003) to work on /home/airflow/.local/lib/python3.12/site-packages/airflow/example_dags/tutorial.py
[2025-02-27T03:01:44.531+0000] {processor.py:914} INFO - Processing file /home/airflow/.local/lib/python3.12/site-packages/airflow/example_dags/tutorial.py for tasks to queue
[2025-02-27T03:01:44.544+0000] {logging_mixin.py:190} INFO - [2025-02-27T03:01:44.543+0000] {dagbag.py:588} INFO - Filling up the DagBag from /home/airflow/.local/lib/python3.12/site-packages/airflow/example_dags/tutorial.py
[2025-02-27T03:01:44.569+0000] {processor.py:925} INFO - DAG(s) 'tutorial' retrieved from /home/airflow/.local/lib/python3.12/site-packages/airflow/example_dags/tutorial.py
[2025-02-27T03:01:44.740+0000] {logging_mixin.py:190} INFO - [2025-02-27T03:01:44.739+0000] {dag.py:3239} INFO - Sync 1 DAGs
[2025-02-27T03:01:44.800+0000] {logging_mixin.py:190} INFO - [2025-02-27T03:01:44.800+0000] {dag.py:4180} INFO - Setting next_dagrun for tutorial to 2025-02-26 00:00:00+00:00, run_after=2025-02-27 00:00:00+00:00
[2025-02-27T03:01:44.876+0000] {processor.py:208} INFO - Processing /home/airflow/.local/lib/python3.12/site-packages/airflow/example_dags/tutorial.py took 0.371 seconds
[2025-02-27T03:02:15.307+0000] {processor.py:186} INFO - Started process (PID=1063) to work on /home/airflow/.local/lib/python3.12/site-packages/airflow/example_dags/tutorial.py
[2025-02-27T03:02:15.309+0000] {processor.py:914} INFO - Processing file /home/airflow/.local/lib/python3.12/site-packages/airflow/example_dags/tutorial.py for tasks to queue
[2025-02-27T03:02:15.314+0000] {logging_mixin.py:190} INFO - [2025-02-27T03:02:15.313+0000] {dagbag.py:588} INFO - Filling up the DagBag from /home/airflow/.local/lib/python3.12/site-packages/airflow/example_dags/tutorial.py
[2025-02-27T03:02:15.331+0000] {processor.py:925} INFO - DAG(s) 'tutorial' retrieved from /home/airflow/.local/lib/python3.12/site-packages/airflow/example_dags/tutorial.py
[2025-02-27T03:02:15.486+0000] {logging_mixin.py:190} INFO - [2025-02-27T03:02:15.485+0000] {dag.py:3239} INFO - Sync 1 DAGs
[2025-02-27T03:02:15.553+0000] {logging_mixin.py:190} INFO - [2025-02-27T03:02:15.552+0000] {dag.py:4180} INFO - Setting next_dagrun for tutorial to 2025-02-26 00:00:00+00:00, run_after=2025-02-27 00:00:00+00:00
[2025-02-27T03:02:15.627+0000] {processor.py:208} INFO - Processing /home/airflow/.local/lib/python3.12/site-packages/airflow/example_dags/tutorial.py took 0.328 seconds
[2025-02-27T03:02:46.201+0000] {processor.py:186} INFO - Started process (PID=1118) to work on /home/airflow/.local/lib/python3.12/site-packages/airflow/example_dags/tutorial.py
[2025-02-27T03:02:46.205+0000] {processor.py:914} INFO - Processing file /home/airflow/.local/lib/python3.12/site-packages/airflow/example_dags/tutorial.py for tasks to queue
[2025-02-27T03:02:46.209+0000] {logging_mixin.py:190} INFO - [2025-02-27T03:02:46.208+0000] {dagbag.py:588} INFO - Filling up the DagBag from /home/airflow/.local/lib/python3.12/site-packages/airflow/example_dags/tutorial.py
[2025-02-27T03:02:46.228+0000] {processor.py:925} INFO - DAG(s) 'tutorial' retrieved from /home/airflow/.local/lib/python3.12/site-packages/airflow/example_dags/tutorial.py
[2025-02-27T03:02:46.429+0000] {logging_mixin.py:190} INFO - [2025-02-27T03:02:46.428+0000] {dag.py:3239} INFO - Sync 1 DAGs
[2025-02-27T03:02:46.525+0000] {logging_mixin.py:190} INFO - [2025-02-27T03:02:46.524+0000] {dag.py:4180} INFO - Setting next_dagrun for tutorial to 2025-02-26 00:00:00+00:00, run_after=2025-02-27 00:00:00+00:00
[2025-02-27T03:02:46.627+0000] {processor.py:208} INFO - Processing /home/airflow/.local/lib/python3.12/site-packages/airflow/example_dags/tutorial.py took 0.438 seconds
[2025-02-27T03:03:17.932+0000] {processor.py:186} INFO - Started process (PID=1186) to work on /home/airflow/.local/lib/python3.12/site-packages/airflow/example_dags/tutorial.py
[2025-02-27T03:03:17.934+0000] {processor.py:914} INFO - Processing file /home/airflow/.local/lib/python3.12/site-packages/airflow/example_dags/tutorial.py for tasks to queue
[2025-02-27T03:03:17.938+0000] {logging_mixin.py:190} INFO - [2025-02-27T03:03:17.937+0000] {dagbag.py:588} INFO - Filling up the DagBag from /home/airflow/.local/lib/python3.12/site-packages/airflow/example_dags/tutorial.py
[2025-02-27T03:03:17.953+0000] {processor.py:925} INFO - DAG(s) 'tutorial' retrieved from /home/airflow/.local/lib/python3.12/site-packages/airflow/example_dags/tutorial.py
[2025-02-27T03:03:18.127+0000] {logging_mixin.py:190} INFO - [2025-02-27T03:03:18.127+0000] {dag.py:3239} INFO - Sync 1 DAGs
[2025-02-27T03:03:18.201+0000] {logging_mixin.py:190} INFO - [2025-02-27T03:03:18.201+0000] {dag.py:4180} INFO - Setting next_dagrun for tutorial to 2025-02-26 00:00:00+00:00, run_after=2025-02-27 00:00:00+00:00
[2025-02-27T03:03:18.255+0000] {processor.py:208} INFO - Processing /home/airflow/.local/lib/python3.12/site-packages/airflow/example_dags/tutorial.py took 0.332 seconds
[2025-02-27T03:03:48.504+0000] {processor.py:186} INFO - Started process (PID=1245) to work on /home/airflow/.local/lib/python3.12/site-packages/airflow/example_dags/tutorial.py
[2025-02-27T03:03:48.506+0000] {processor.py:914} INFO - Processing file /home/airflow/.local/lib/python3.12/site-packages/airflow/example_dags/tutorial.py for tasks to queue
[2025-02-27T03:03:48.510+0000] {logging_mixin.py:190} INFO - [2025-02-27T03:03:48.509+0000] {dagbag.py:588} INFO - Filling up the DagBag from /home/airflow/.local/lib/python3.12/site-packages/airflow/example_dags/tutorial.py
[2025-02-27T03:03:48.525+0000] {processor.py:925} INFO - DAG(s) 'tutorial' retrieved from /home/airflow/.local/lib/python3.12/site-packages/airflow/example_dags/tutorial.py
[2025-02-27T03:03:48.688+0000] {logging_mixin.py:190} INFO - [2025-02-27T03:03:48.687+0000] {dag.py:3239} INFO - Sync 1 DAGs
[2025-02-27T03:03:48.755+0000] {logging_mixin.py:190} INFO - [2025-02-27T03:03:48.754+0000] {dag.py:4180} INFO - Setting next_dagrun for tutorial to 2025-02-26 00:00:00+00:00, run_after=2025-02-27 00:00:00+00:00
[2025-02-27T03:03:48.820+0000] {processor.py:208} INFO - Processing /home/airflow/.local/lib/python3.12/site-packages/airflow/example_dags/tutorial.py took 0.328 seconds
[2025-02-27T03:04:18.984+0000] {processor.py:186} INFO - Started process (PID=1307) to work on /home/airflow/.local/lib/python3.12/site-packages/airflow/example_dags/tutorial.py
[2025-02-27T03:04:18.987+0000] {processor.py:914} INFO - Processing file /home/airflow/.local/lib/python3.12/site-packages/airflow/example_dags/tutorial.py for tasks to queue
[2025-02-27T03:04:18.995+0000] {logging_mixin.py:190} INFO - [2025-02-27T03:04:18.995+0000] {dagbag.py:588} INFO - Filling up the DagBag from /home/airflow/.local/lib/python3.12/site-packages/airflow/example_dags/tutorial.py
[2025-02-27T03:04:19.014+0000] {processor.py:925} INFO - DAG(s) 'tutorial' retrieved from /home/airflow/.local/lib/python3.12/site-packages/airflow/example_dags/tutorial.py
[2025-02-27T03:04:19.168+0000] {logging_mixin.py:190} INFO - [2025-02-27T03:04:19.168+0000] {dag.py:3239} INFO - Sync 1 DAGs
[2025-02-27T03:04:19.236+0000] {logging_mixin.py:190} INFO - [2025-02-27T03:04:19.235+0000] {dag.py:4180} INFO - Setting next_dagrun for tutorial to 2025-02-26 00:00:00+00:00, run_after=2025-02-27 00:00:00+00:00
[2025-02-27T03:04:19.299+0000] {processor.py:208} INFO - Processing /home/airflow/.local/lib/python3.12/site-packages/airflow/example_dags/tutorial.py took 0.332 seconds
[2025-02-27T03:04:49.473+0000] {processor.py:186} INFO - Started process (PID=1362) to work on /home/airflow/.local/lib/python3.12/site-packages/airflow/example_dags/tutorial.py
[2025-02-27T03:04:49.475+0000] {processor.py:914} INFO - Processing file /home/airflow/.local/lib/python3.12/site-packages/airflow/example_dags/tutorial.py for tasks to queue
[2025-02-27T03:04:49.483+0000] {logging_mixin.py:190} INFO - [2025-02-27T03:04:49.481+0000] {dagbag.py:588} INFO - Filling up the DagBag from /home/airflow/.local/lib/python3.12/site-packages/airflow/example_dags/tutorial.py
[2025-02-27T03:04:49.501+0000] {processor.py:925} INFO - DAG(s) 'tutorial' retrieved from /home/airflow/.local/lib/python3.12/site-packages/airflow/example_dags/tutorial.py
[2025-02-27T03:04:49.673+0000] {logging_mixin.py:190} INFO - [2025-02-27T03:04:49.673+0000] {dag.py:3239} INFO - Sync 1 DAGs
[2025-02-27T03:04:49.756+0000] {logging_mixin.py:190} INFO - [2025-02-27T03:04:49.756+0000] {dag.py:4180} INFO - Setting next_dagrun for tutorial to 2025-02-26 00:00:00+00:00, run_after=2025-02-27 00:00:00+00:00
[2025-02-27T03:04:49.813+0000] {processor.py:208} INFO - Processing /home/airflow/.local/lib/python3.12/site-packages/airflow/example_dags/tutorial.py took 0.353 seconds
[2025-02-27T03:05:20.514+0000] {processor.py:186} INFO - Started process (PID=1421) to work on /home/airflow/.local/lib/python3.12/site-packages/airflow/example_dags/tutorial.py
[2025-02-27T03:05:20.516+0000] {processor.py:914} INFO - Processing file /home/airflow/.local/lib/python3.12/site-packages/airflow/example_dags/tutorial.py for tasks to queue
[2025-02-27T03:05:20.520+0000] {logging_mixin.py:190} INFO - [2025-02-27T03:05:20.520+0000] {dagbag.py:588} INFO - Filling up the DagBag from /home/airflow/.local/lib/python3.12/site-packages/airflow/example_dags/tutorial.py
[2025-02-27T03:05:20.530+0000] {processor.py:925} INFO - DAG(s) 'tutorial' retrieved from /home/airflow/.local/lib/python3.12/site-packages/airflow/example_dags/tutorial.py
[2025-02-27T03:05:20.677+0000] {logging_mixin.py:190} INFO - [2025-02-27T03:05:20.676+0000] {dag.py:3239} INFO - Sync 1 DAGs
[2025-02-27T03:05:20.750+0000] {logging_mixin.py:190} INFO - [2025-02-27T03:05:20.749+0000] {dag.py:4180} INFO - Setting next_dagrun for tutorial to 2025-02-26 00:00:00+00:00, run_after=2025-02-27 00:00:00+00:00
[2025-02-27T03:05:20.833+0000] {processor.py:208} INFO - Processing /home/airflow/.local/lib/python3.12/site-packages/airflow/example_dags/tutorial.py took 0.326 seconds
[2025-02-27T03:05:51.810+0000] {processor.py:186} INFO - Started process (PID=1485) to work on /home/airflow/.local/lib/python3.12/site-packages/airflow/example_dags/tutorial.py
[2025-02-27T03:05:51.812+0000] {processor.py:914} INFO - Processing file /home/airflow/.local/lib/python3.12/site-packages/airflow/example_dags/tutorial.py for tasks to queue
[2025-02-27T03:05:51.817+0000] {logging_mixin.py:190} INFO - [2025-02-27T03:05:51.816+0000] {dagbag.py:588} INFO - Filling up the DagBag from /home/airflow/.local/lib/python3.12/site-packages/airflow/example_dags/tutorial.py
[2025-02-27T03:05:51.852+0000] {processor.py:925} INFO - DAG(s) 'tutorial' retrieved from /home/airflow/.local/lib/python3.12/site-packages/airflow/example_dags/tutorial.py
[2025-02-27T03:05:52.142+0000] {logging_mixin.py:190} INFO - [2025-02-27T03:05:52.142+0000] {dag.py:3239} INFO - Sync 1 DAGs
[2025-02-27T03:05:52.245+0000] {logging_mixin.py:190} INFO - [2025-02-27T03:05:52.245+0000] {dag.py:4180} INFO - Setting next_dagrun for tutorial to 2025-02-26 00:00:00+00:00, run_after=2025-02-27 00:00:00+00:00
[2025-02-27T03:05:52.337+0000] {processor.py:208} INFO - Processing /home/airflow/.local/lib/python3.12/site-packages/airflow/example_dags/tutorial.py took 0.543 seconds
[2025-02-27T03:06:23.218+0000] {processor.py:186} INFO - Started process (PID=1547) to work on /home/airflow/.local/lib/python3.12/site-packages/airflow/example_dags/tutorial.py
[2025-02-27T03:06:23.220+0000] {processor.py:914} INFO - Processing file /home/airflow/.local/lib/python3.12/site-packages/airflow/example_dags/tutorial.py for tasks to queue
[2025-02-27T03:06:23.224+0000] {logging_mixin.py:190} INFO - [2025-02-27T03:06:23.224+0000] {dagbag.py:588} INFO - Filling up the DagBag from /home/airflow/.local/lib/python3.12/site-packages/airflow/example_dags/tutorial.py
[2025-02-27T03:06:23.238+0000] {processor.py:925} INFO - DAG(s) 'tutorial' retrieved from /home/airflow/.local/lib/python3.12/site-packages/airflow/example_dags/tutorial.py
[2025-02-27T03:06:23.391+0000] {logging_mixin.py:190} INFO - [2025-02-27T03:06:23.391+0000] {dag.py:3239} INFO - Sync 1 DAGs
[2025-02-27T03:06:23.460+0000] {logging_mixin.py:190} INFO - [2025-02-27T03:06:23.459+0000] {dag.py:4180} INFO - Setting next_dagrun for tutorial to 2025-02-26 00:00:00+00:00, run_after=2025-02-27 00:00:00+00:00
[2025-02-27T03:06:23.520+0000] {processor.py:208} INFO - Processing /home/airflow/.local/lib/python3.12/site-packages/airflow/example_dags/tutorial.py took 0.311 seconds
[2025-02-27T03:06:53.669+0000] {processor.py:186} INFO - Started process (PID=1610) to work on /home/airflow/.local/lib/python3.12/site-packages/airflow/example_dags/tutorial.py
[2025-02-27T03:06:53.671+0000] {processor.py:914} INFO - Processing file /home/airflow/.local/lib/python3.12/site-packages/airflow/example_dags/tutorial.py for tasks to queue
[2025-02-27T03:06:53.676+0000] {logging_mixin.py:190} INFO - [2025-02-27T03:06:53.675+0000] {dagbag.py:588} INFO - Filling up the DagBag from /home/airflow/.local/lib/python3.12/site-packages/airflow/example_dags/tutorial.py
[2025-02-27T03:06:53.687+0000] {processor.py:925} INFO - DAG(s) 'tutorial' retrieved from /home/airflow/.local/lib/python3.12/site-packages/airflow/example_dags/tutorial.py
[2025-02-27T03:06:53.846+0000] {logging_mixin.py:190} INFO - [2025-02-27T03:06:53.845+0000] {dag.py:3239} INFO - Sync 1 DAGs
[2025-02-27T03:06:53.931+0000] {logging_mixin.py:190} INFO - [2025-02-27T03:06:53.931+0000] {dag.py:4180} INFO - Setting next_dagrun for tutorial to 2025-02-26 00:00:00+00:00, run_after=2025-02-27 00:00:00+00:00
[2025-02-27T03:06:54.007+0000] {processor.py:208} INFO - Processing /home/airflow/.local/lib/python3.12/site-packages/airflow/example_dags/tutorial.py took 0.345 seconds
[2025-02-27T03:07:24.325+0000] {processor.py:186} INFO - Started process (PID=1672) to work on /home/airflow/.local/lib/python3.12/site-packages/airflow/example_dags/tutorial.py
[2025-02-27T03:07:24.327+0000] {processor.py:914} INFO - Processing file /home/airflow/.local/lib/python3.12/site-packages/airflow/example_dags/tutorial.py for tasks to queue
[2025-02-27T03:07:24.332+0000] {logging_mixin.py:190} INFO - [2025-02-27T03:07:24.331+0000] {dagbag.py:588} INFO - Filling up the DagBag from /home/airflow/.local/lib/python3.12/site-packages/airflow/example_dags/tutorial.py
[2025-02-27T03:07:24.346+0000] {processor.py:925} INFO - DAG(s) 'tutorial' retrieved from /home/airflow/.local/lib/python3.12/site-packages/airflow/example_dags/tutorial.py
[2025-02-27T03:07:24.505+0000] {logging_mixin.py:190} INFO - [2025-02-27T03:07:24.504+0000] {dag.py:3239} INFO - Sync 1 DAGs
[2025-02-27T03:07:24.577+0000] {logging_mixin.py:190} INFO - [2025-02-27T03:07:24.577+0000] {dag.py:4180} INFO - Setting next_dagrun for tutorial to 2025-02-26 00:00:00+00:00, run_after=2025-02-27 00:00:00+00:00
[2025-02-27T03:07:24.641+0000] {processor.py:208} INFO - Processing /home/airflow/.local/lib/python3.12/site-packages/airflow/example_dags/tutorial.py took 0.325 seconds
[2025-02-27T03:07:54.928+0000] {processor.py:186} INFO - Started process (PID=1735) to work on /home/airflow/.local/lib/python3.12/site-packages/airflow/example_dags/tutorial.py
[2025-02-27T03:07:54.929+0000] {processor.py:914} INFO - Processing file /home/airflow/.local/lib/python3.12/site-packages/airflow/example_dags/tutorial.py for tasks to queue
[2025-02-27T03:07:54.934+0000] {logging_mixin.py:190} INFO - [2025-02-27T03:07:54.933+0000] {dagbag.py:588} INFO - Filling up the DagBag from /home/airflow/.local/lib/python3.12/site-packages/airflow/example_dags/tutorial.py
[2025-02-27T03:07:54.947+0000] {processor.py:925} INFO - DAG(s) 'tutorial' retrieved from /home/airflow/.local/lib/python3.12/site-packages/airflow/example_dags/tutorial.py
[2025-02-27T03:07:55.091+0000] {logging_mixin.py:190} INFO - [2025-02-27T03:07:55.091+0000] {dag.py:3239} INFO - Sync 1 DAGs
[2025-02-27T03:07:55.155+0000] {logging_mixin.py:190} INFO - [2025-02-27T03:07:55.154+0000] {dag.py:4180} INFO - Setting next_dagrun for tutorial to 2025-02-26 00:00:00+00:00, run_after=2025-02-27 00:00:00+00:00
[2025-02-27T03:07:55.227+0000] {processor.py:208} INFO - Processing /home/airflow/.local/lib/python3.12/site-packages/airflow/example_dags/tutorial.py took 0.306 seconds
[2025-02-27T03:08:25.339+0000] {processor.py:186} INFO - Started process (PID=1798) to work on /home/airflow/.local/lib/python3.12/site-packages/airflow/example_dags/tutorial.py
[2025-02-27T03:08:25.340+0000] {processor.py:914} INFO - Processing file /home/airflow/.local/lib/python3.12/site-packages/airflow/example_dags/tutorial.py for tasks to queue
[2025-02-27T03:08:25.345+0000] {logging_mixin.py:190} INFO - [2025-02-27T03:08:25.344+0000] {dagbag.py:588} INFO - Filling up the DagBag from /home/airflow/.local/lib/python3.12/site-packages/airflow/example_dags/tutorial.py
[2025-02-27T03:08:25.356+0000] {processor.py:925} INFO - DAG(s) 'tutorial' retrieved from /home/airflow/.local/lib/python3.12/site-packages/airflow/example_dags/tutorial.py
[2025-02-27T03:08:25.502+0000] {logging_mixin.py:190} INFO - [2025-02-27T03:08:25.502+0000] {dag.py:3239} INFO - Sync 1 DAGs
[2025-02-27T03:08:25.565+0000] {logging_mixin.py:190} INFO - [2025-02-27T03:08:25.565+0000] {dag.py:4180} INFO - Setting next_dagrun for tutorial to 2025-02-26 00:00:00+00:00, run_after=2025-02-27 00:00:00+00:00
[2025-02-27T03:08:25.629+0000] {processor.py:208} INFO - Processing /home/airflow/.local/lib/python3.12/site-packages/airflow/example_dags/tutorial.py took 0.297 seconds
[2025-02-27T03:08:56.019+0000] {processor.py:186} INFO - Started process (PID=1861) to work on /home/airflow/.local/lib/python3.12/site-packages/airflow/example_dags/tutorial.py
[2025-02-27T03:08:56.021+0000] {processor.py:914} INFO - Processing file /home/airflow/.local/lib/python3.12/site-packages/airflow/example_dags/tutorial.py for tasks to queue
[2025-02-27T03:08:56.026+0000] {logging_mixin.py:190} INFO - [2025-02-27T03:08:56.025+0000] {dagbag.py:588} INFO - Filling up the DagBag from /home/airflow/.local/lib/python3.12/site-packages/airflow/example_dags/tutorial.py
[2025-02-27T03:08:56.043+0000] {processor.py:925} INFO - DAG(s) 'tutorial' retrieved from /home/airflow/.local/lib/python3.12/site-packages/airflow/example_dags/tutorial.py
[2025-02-27T03:08:56.283+0000] {logging_mixin.py:190} INFO - [2025-02-27T03:08:56.282+0000] {dag.py:3239} INFO - Sync 1 DAGs
[2025-02-27T03:08:56.411+0000] {logging_mixin.py:190} INFO - [2025-02-27T03:08:56.410+0000] {dag.py:4180} INFO - Setting next_dagrun for tutorial to 2025-02-26 00:00:00+00:00, run_after=2025-02-27 00:00:00+00:00
[2025-02-27T03:08:56.539+0000] {processor.py:208} INFO - Processing /home/airflow/.local/lib/python3.12/site-packages/airflow/example_dags/tutorial.py took 0.534 seconds
[2025-02-27T03:09:27.477+0000] {processor.py:186} INFO - Started process (PID=1924) to work on /home/airflow/.local/lib/python3.12/site-packages/airflow/example_dags/tutorial.py
[2025-02-27T03:09:27.479+0000] {processor.py:914} INFO - Processing file /home/airflow/.local/lib/python3.12/site-packages/airflow/example_dags/tutorial.py for tasks to queue
[2025-02-27T03:09:27.482+0000] {logging_mixin.py:190} INFO - [2025-02-27T03:09:27.482+0000] {dagbag.py:588} INFO - Filling up the DagBag from /home/airflow/.local/lib/python3.12/site-packages/airflow/example_dags/tutorial.py
[2025-02-27T03:09:27.500+0000] {processor.py:925} INFO - DAG(s) 'tutorial' retrieved from /home/airflow/.local/lib/python3.12/site-packages/airflow/example_dags/tutorial.py
[2025-02-27T03:09:27.651+0000] {logging_mixin.py:190} INFO - [2025-02-27T03:09:27.650+0000] {dag.py:3239} INFO - Sync 1 DAGs
[2025-02-27T03:09:27.722+0000] {logging_mixin.py:190} INFO - [2025-02-27T03:09:27.721+0000] {dag.py:4180} INFO - Setting next_dagrun for tutorial to 2025-02-26 00:00:00+00:00, run_after=2025-02-27 00:00:00+00:00
[2025-02-27T03:09:27.787+0000] {processor.py:208} INFO - Processing /home/airflow/.local/lib/python3.12/site-packages/airflow/example_dags/tutorial.py took 0.318 seconds
[2025-02-27T03:09:58.534+0000] {processor.py:186} INFO - Started process (PID=1987) to work on /home/airflow/.local/lib/python3.12/site-packages/airflow/example_dags/tutorial.py
[2025-02-27T03:09:58.536+0000] {processor.py:914} INFO - Processing file /home/airflow/.local/lib/python3.12/site-packages/airflow/example_dags/tutorial.py for tasks to queue
[2025-02-27T03:09:58.540+0000] {logging_mixin.py:190} INFO - [2025-02-27T03:09:58.540+0000] {dagbag.py:588} INFO - Filling up the DagBag from /home/airflow/.local/lib/python3.12/site-packages/airflow/example_dags/tutorial.py
[2025-02-27T03:09:58.553+0000] {processor.py:925} INFO - DAG(s) 'tutorial' retrieved from /home/airflow/.local/lib/python3.12/site-packages/airflow/example_dags/tutorial.py
[2025-02-27T03:09:58.713+0000] {logging_mixin.py:190} INFO - [2025-02-27T03:09:58.713+0000] {dag.py:3239} INFO - Sync 1 DAGs
[2025-02-27T03:09:58.777+0000] {logging_mixin.py:190} INFO - [2025-02-27T03:09:58.776+0000] {dag.py:4180} INFO - Setting next_dagrun for tutorial to 2025-02-26 00:00:00+00:00, run_after=2025-02-27 00:00:00+00:00
[2025-02-27T03:09:58.848+0000] {processor.py:208} INFO - Processing /home/airflow/.local/lib/python3.12/site-packages/airflow/example_dags/tutorial.py took 0.323 seconds
[2025-02-27T03:10:29.190+0000] {processor.py:186} INFO - Started process (PID=2050) to work on /home/airflow/.local/lib/python3.12/site-packages/airflow/example_dags/tutorial.py
[2025-02-27T03:10:29.192+0000] {processor.py:914} INFO - Processing file /home/airflow/.local/lib/python3.12/site-packages/airflow/example_dags/tutorial.py for tasks to queue
[2025-02-27T03:10:29.195+0000] {logging_mixin.py:190} INFO - [2025-02-27T03:10:29.194+0000] {dagbag.py:588} INFO - Filling up the DagBag from /home/airflow/.local/lib/python3.12/site-packages/airflow/example_dags/tutorial.py
[2025-02-27T03:10:29.206+0000] {processor.py:925} INFO - DAG(s) 'tutorial' retrieved from /home/airflow/.local/lib/python3.12/site-packages/airflow/example_dags/tutorial.py
[2025-02-27T03:10:29.367+0000] {logging_mixin.py:190} INFO - [2025-02-27T03:10:29.366+0000] {dag.py:3239} INFO - Sync 1 DAGs
[2025-02-27T03:10:29.435+0000] {logging_mixin.py:190} INFO - [2025-02-27T03:10:29.435+0000] {dag.py:4180} INFO - Setting next_dagrun for tutorial to 2025-02-26 00:00:00+00:00, run_after=2025-02-27 00:00:00+00:00
[2025-02-27T03:10:29.492+0000] {processor.py:208} INFO - Processing /home/airflow/.local/lib/python3.12/site-packages/airflow/example_dags/tutorial.py took 0.312 seconds
[2025-02-27T03:10:59.694+0000] {processor.py:186} INFO - Started process (PID=2113) to work on /home/airflow/.local/lib/python3.12/site-packages/airflow/example_dags/tutorial.py
[2025-02-27T03:10:59.696+0000] {processor.py:914} INFO - Processing file /home/airflow/.local/lib/python3.12/site-packages/airflow/example_dags/tutorial.py for tasks to queue
[2025-02-27T03:10:59.700+0000] {logging_mixin.py:190} INFO - [2025-02-27T03:10:59.700+0000] {dagbag.py:588} INFO - Filling up the DagBag from /home/airflow/.local/lib/python3.12/site-packages/airflow/example_dags/tutorial.py
[2025-02-27T03:10:59.718+0000] {processor.py:925} INFO - DAG(s) 'tutorial' retrieved from /home/airflow/.local/lib/python3.12/site-packages/airflow/example_dags/tutorial.py
[2025-02-27T03:10:59.938+0000] {logging_mixin.py:190} INFO - [2025-02-27T03:10:59.937+0000] {dag.py:3239} INFO - Sync 1 DAGs
[2025-02-27T03:11:00.027+0000] {logging_mixin.py:190} INFO - [2025-02-27T03:11:00.027+0000] {dag.py:4180} INFO - Setting next_dagrun for tutorial to 2025-02-26 00:00:00+00:00, run_after=2025-02-27 00:00:00+00:00
[2025-02-27T03:11:00.093+0000] {processor.py:208} INFO - Processing /home/airflow/.local/lib/python3.12/site-packages/airflow/example_dags/tutorial.py took 0.411 seconds
[2025-02-27T03:11:30.169+0000] {processor.py:186} INFO - Started process (PID=2176) to work on /home/airflow/.local/lib/python3.12/site-packages/airflow/example_dags/tutorial.py
[2025-02-27T03:11:30.171+0000] {processor.py:914} INFO - Processing file /home/airflow/.local/lib/python3.12/site-packages/airflow/example_dags/tutorial.py for tasks to queue
[2025-02-27T03:11:30.175+0000] {logging_mixin.py:190} INFO - [2025-02-27T03:11:30.174+0000] {dagbag.py:588} INFO - Filling up the DagBag from /home/airflow/.local/lib/python3.12/site-packages/airflow/example_dags/tutorial.py
[2025-02-27T03:11:30.189+0000] {processor.py:925} INFO - DAG(s) 'tutorial' retrieved from /home/airflow/.local/lib/python3.12/site-packages/airflow/example_dags/tutorial.py
[2025-02-27T03:11:30.369+0000] {logging_mixin.py:190} INFO - [2025-02-27T03:11:30.369+0000] {dag.py:3239} INFO - Sync 1 DAGs
[2025-02-27T03:11:30.432+0000] {logging_mixin.py:190} INFO - [2025-02-27T03:11:30.432+0000] {dag.py:4180} INFO - Setting next_dagrun for tutorial to 2025-02-26 00:00:00+00:00, run_after=2025-02-27 00:00:00+00:00
[2025-02-27T03:11:30.504+0000] {processor.py:208} INFO - Processing /home/airflow/.local/lib/python3.12/site-packages/airflow/example_dags/tutorial.py took 0.341 seconds
[2025-02-27T03:12:01.139+0000] {processor.py:186} INFO - Started process (PID=2238) to work on /home/airflow/.local/lib/python3.12/site-packages/airflow/example_dags/tutorial.py
[2025-02-27T03:12:01.141+0000] {processor.py:914} INFO - Processing file /home/airflow/.local/lib/python3.12/site-packages/airflow/example_dags/tutorial.py for tasks to queue
[2025-02-27T03:12:01.146+0000] {logging_mixin.py:190} INFO - [2025-02-27T03:12:01.145+0000] {dagbag.py:588} INFO - Filling up the DagBag from /home/airflow/.local/lib/python3.12/site-packages/airflow/example_dags/tutorial.py
[2025-02-27T03:12:01.174+0000] {processor.py:925} INFO - DAG(s) 'tutorial' retrieved from /home/airflow/.local/lib/python3.12/site-packages/airflow/example_dags/tutorial.py
[2025-02-27T03:12:01.966+0000] {logging_mixin.py:190} INFO - [2025-02-27T03:12:01.965+0000] {dag.py:3239} INFO - Sync 1 DAGs
[2025-02-27T03:12:02.123+0000] {logging_mixin.py:190} INFO - [2025-02-27T03:12:02.122+0000] {dag.py:4180} INFO - Setting next_dagrun for tutorial to 2025-02-26 00:00:00+00:00, run_after=2025-02-27 00:00:00+00:00
[2025-02-27T03:12:02.232+0000] {processor.py:208} INFO - Processing /home/airflow/.local/lib/python3.12/site-packages/airflow/example_dags/tutorial.py took 1.103 seconds
[2025-02-27T03:12:32.477+0000] {processor.py:186} INFO - Started process (PID=2300) to work on /home/airflow/.local/lib/python3.12/site-packages/airflow/example_dags/tutorial.py
[2025-02-27T03:12:32.479+0000] {processor.py:914} INFO - Processing file /home/airflow/.local/lib/python3.12/site-packages/airflow/example_dags/tutorial.py for tasks to queue
[2025-02-27T03:12:32.483+0000] {logging_mixin.py:190} INFO - [2025-02-27T03:12:32.483+0000] {dagbag.py:588} INFO - Filling up the DagBag from /home/airflow/.local/lib/python3.12/site-packages/airflow/example_dags/tutorial.py
[2025-02-27T03:12:32.499+0000] {processor.py:925} INFO - DAG(s) 'tutorial' retrieved from /home/airflow/.local/lib/python3.12/site-packages/airflow/example_dags/tutorial.py
[2025-02-27T03:12:32.646+0000] {logging_mixin.py:190} INFO - [2025-02-27T03:12:32.645+0000] {dag.py:3239} INFO - Sync 1 DAGs
[2025-02-27T03:12:32.710+0000] {logging_mixin.py:190} INFO - [2025-02-27T03:12:32.710+0000] {dag.py:4180} INFO - Setting next_dagrun for tutorial to 2025-02-26 00:00:00+00:00, run_after=2025-02-27 00:00:00+00:00
[2025-02-27T03:12:32.776+0000] {processor.py:208} INFO - Processing /home/airflow/.local/lib/python3.12/site-packages/airflow/example_dags/tutorial.py took 0.308 seconds
[2025-02-27T03:13:03.216+0000] {processor.py:186} INFO - Started process (PID=2362) to work on /home/airflow/.local/lib/python3.12/site-packages/airflow/example_dags/tutorial.py
[2025-02-27T03:13:03.218+0000] {processor.py:914} INFO - Processing file /home/airflow/.local/lib/python3.12/site-packages/airflow/example_dags/tutorial.py for tasks to queue
[2025-02-27T03:13:03.222+0000] {logging_mixin.py:190} INFO - [2025-02-27T03:13:03.222+0000] {dagbag.py:588} INFO - Filling up the DagBag from /home/airflow/.local/lib/python3.12/site-packages/airflow/example_dags/tutorial.py
[2025-02-27T03:13:03.235+0000] {processor.py:925} INFO - DAG(s) 'tutorial' retrieved from /home/airflow/.local/lib/python3.12/site-packages/airflow/example_dags/tutorial.py
[2025-02-27T03:13:03.380+0000] {logging_mixin.py:190} INFO - [2025-02-27T03:13:03.379+0000] {dag.py:3239} INFO - Sync 1 DAGs
[2025-02-27T03:13:03.434+0000] {logging_mixin.py:190} INFO - [2025-02-27T03:13:03.434+0000] {dag.py:4180} INFO - Setting next_dagrun for tutorial to 2025-02-26 00:00:00+00:00, run_after=2025-02-27 00:00:00+00:00
[2025-02-27T03:13:03.491+0000] {processor.py:208} INFO - Processing /home/airflow/.local/lib/python3.12/site-packages/airflow/example_dags/tutorial.py took 0.284 seconds
[2025-02-27T03:13:33.790+0000] {processor.py:186} INFO - Started process (PID=2425) to work on /home/airflow/.local/lib/python3.12/site-packages/airflow/example_dags/tutorial.py
[2025-02-27T03:13:33.791+0000] {processor.py:914} INFO - Processing file /home/airflow/.local/lib/python3.12/site-packages/airflow/example_dags/tutorial.py for tasks to queue
[2025-02-27T03:13:33.794+0000] {logging_mixin.py:190} INFO - [2025-02-27T03:13:33.794+0000] {dagbag.py:588} INFO - Filling up the DagBag from /home/airflow/.local/lib/python3.12/site-packages/airflow/example_dags/tutorial.py
[2025-02-27T03:13:33.804+0000] {processor.py:925} INFO - DAG(s) 'tutorial' retrieved from /home/airflow/.local/lib/python3.12/site-packages/airflow/example_dags/tutorial.py
[2025-02-27T03:13:33.949+0000] {logging_mixin.py:190} INFO - [2025-02-27T03:13:33.948+0000] {dag.py:3239} INFO - Sync 1 DAGs
[2025-02-27T03:13:34.005+0000] {logging_mixin.py:190} INFO - [2025-02-27T03:13:34.004+0000] {dag.py:4180} INFO - Setting next_dagrun for tutorial to 2025-02-26 00:00:00+00:00, run_after=2025-02-27 00:00:00+00:00
[2025-02-27T03:13:34.059+0000] {processor.py:208} INFO - Processing /home/airflow/.local/lib/python3.12/site-packages/airflow/example_dags/tutorial.py took 0.276 seconds
[2025-02-27T03:14:04.892+0000] {processor.py:186} INFO - Started process (PID=2488) to work on /home/airflow/.local/lib/python3.12/site-packages/airflow/example_dags/tutorial.py
[2025-02-27T03:14:04.894+0000] {processor.py:914} INFO - Processing file /home/airflow/.local/lib/python3.12/site-packages/airflow/example_dags/tutorial.py for tasks to queue
[2025-02-27T03:14:04.898+0000] {logging_mixin.py:190} INFO - [2025-02-27T03:14:04.897+0000] {dagbag.py:588} INFO - Filling up the DagBag from /home/airflow/.local/lib/python3.12/site-packages/airflow/example_dags/tutorial.py
[2025-02-27T03:14:04.913+0000] {processor.py:925} INFO - DAG(s) 'tutorial' retrieved from /home/airflow/.local/lib/python3.12/site-packages/airflow/example_dags/tutorial.py
[2025-02-27T03:14:05.080+0000] {logging_mixin.py:190} INFO - [2025-02-27T03:14:05.079+0000] {dag.py:3239} INFO - Sync 1 DAGs
[2025-02-27T03:14:05.142+0000] {logging_mixin.py:190} INFO - [2025-02-27T03:14:05.141+0000] {dag.py:4180} INFO - Setting next_dagrun for tutorial to 2025-02-26 00:00:00+00:00, run_after=2025-02-27 00:00:00+00:00
[2025-02-27T03:14:05.200+0000] {processor.py:208} INFO - Processing /home/airflow/.local/lib/python3.12/site-packages/airflow/example_dags/tutorial.py took 0.318 seconds
[2025-02-27T03:14:35.535+0000] {processor.py:186} INFO - Started process (PID=2551) to work on /home/airflow/.local/lib/python3.12/site-packages/airflow/example_dags/tutorial.py
[2025-02-27T03:14:35.537+0000] {processor.py:914} INFO - Processing file /home/airflow/.local/lib/python3.12/site-packages/airflow/example_dags/tutorial.py for tasks to queue
[2025-02-27T03:14:35.542+0000] {logging_mixin.py:190} INFO - [2025-02-27T03:14:35.541+0000] {dagbag.py:588} INFO - Filling up the DagBag from /home/airflow/.local/lib/python3.12/site-packages/airflow/example_dags/tutorial.py
[2025-02-27T03:14:35.555+0000] {processor.py:925} INFO - DAG(s) 'tutorial' retrieved from /home/airflow/.local/lib/python3.12/site-packages/airflow/example_dags/tutorial.py
[2025-02-27T03:14:35.688+0000] {logging_mixin.py:190} INFO - [2025-02-27T03:14:35.687+0000] {dag.py:3239} INFO - Sync 1 DAGs
[2025-02-27T03:14:35.755+0000] {logging_mixin.py:190} INFO - [2025-02-27T03:14:35.755+0000] {dag.py:4180} INFO - Setting next_dagrun for tutorial to 2025-02-26 00:00:00+00:00, run_after=2025-02-27 00:00:00+00:00
[2025-02-27T03:14:35.822+0000] {processor.py:208} INFO - Processing /home/airflow/.local/lib/python3.12/site-packages/airflow/example_dags/tutorial.py took 0.297 seconds
[2025-02-27T03:15:06.209+0000] {processor.py:186} INFO - Started process (PID=2614) to work on /home/airflow/.local/lib/python3.12/site-packages/airflow/example_dags/tutorial.py
[2025-02-27T03:15:06.210+0000] {processor.py:914} INFO - Processing file /home/airflow/.local/lib/python3.12/site-packages/airflow/example_dags/tutorial.py for tasks to queue
[2025-02-27T03:15:06.215+0000] {logging_mixin.py:190} INFO - [2025-02-27T03:15:06.214+0000] {dagbag.py:588} INFO - Filling up the DagBag from /home/airflow/.local/lib/python3.12/site-packages/airflow/example_dags/tutorial.py
[2025-02-27T03:15:06.233+0000] {processor.py:925} INFO - DAG(s) 'tutorial' retrieved from /home/airflow/.local/lib/python3.12/site-packages/airflow/example_dags/tutorial.py
[2025-02-27T03:15:06.600+0000] {logging_mixin.py:190} INFO - [2025-02-27T03:15:06.600+0000] {dag.py:3239} INFO - Sync 1 DAGs
[2025-02-27T03:15:06.719+0000] {logging_mixin.py:190} INFO - [2025-02-27T03:15:06.718+0000] {dag.py:4180} INFO - Setting next_dagrun for tutorial to 2025-02-26 00:00:00+00:00, run_after=2025-02-27 00:00:00+00:00
[2025-02-27T03:15:06.816+0000] {processor.py:208} INFO - Processing /home/airflow/.local/lib/python3.12/site-packages/airflow/example_dags/tutorial.py took 0.617 seconds
[2025-02-27T03:15:37.798+0000] {processor.py:186} INFO - Started process (PID=2677) to work on /home/airflow/.local/lib/python3.12/site-packages/airflow/example_dags/tutorial.py
[2025-02-27T03:15:37.800+0000] {processor.py:914} INFO - Processing file /home/airflow/.local/lib/python3.12/site-packages/airflow/example_dags/tutorial.py for tasks to queue
[2025-02-27T03:15:37.803+0000] {logging_mixin.py:190} INFO - [2025-02-27T03:15:37.803+0000] {dagbag.py:588} INFO - Filling up the DagBag from /home/airflow/.local/lib/python3.12/site-packages/airflow/example_dags/tutorial.py
[2025-02-27T03:15:37.814+0000] {processor.py:925} INFO - DAG(s) 'tutorial' retrieved from /home/airflow/.local/lib/python3.12/site-packages/airflow/example_dags/tutorial.py
[2025-02-27T03:15:37.954+0000] {logging_mixin.py:190} INFO - [2025-02-27T03:15:37.954+0000] {dag.py:3239} INFO - Sync 1 DAGs
[2025-02-27T03:15:38.013+0000] {logging_mixin.py:190} INFO - [2025-02-27T03:15:38.013+0000] {dag.py:4180} INFO - Setting next_dagrun for tutorial to 2025-02-26 00:00:00+00:00, run_after=2025-02-27 00:00:00+00:00
[2025-02-27T03:15:38.081+0000] {processor.py:208} INFO - Processing /home/airflow/.local/lib/python3.12/site-packages/airflow/example_dags/tutorial.py took 0.292 seconds
[2025-02-27T03:16:08.493+0000] {processor.py:186} INFO - Started process (PID=2740) to work on /home/airflow/.local/lib/python3.12/site-packages/airflow/example_dags/tutorial.py
[2025-02-27T03:16:08.496+0000] {processor.py:914} INFO - Processing file /home/airflow/.local/lib/python3.12/site-packages/airflow/example_dags/tutorial.py for tasks to queue
[2025-02-27T03:16:08.500+0000] {logging_mixin.py:190} INFO - [2025-02-27T03:16:08.499+0000] {dagbag.py:588} INFO - Filling up the DagBag from /home/airflow/.local/lib/python3.12/site-packages/airflow/example_dags/tutorial.py
[2025-02-27T03:16:08.512+0000] {processor.py:925} INFO - DAG(s) 'tutorial' retrieved from /home/airflow/.local/lib/python3.12/site-packages/airflow/example_dags/tutorial.py
[2025-02-27T03:16:08.649+0000] {logging_mixin.py:190} INFO - [2025-02-27T03:16:08.649+0000] {dag.py:3239} INFO - Sync 1 DAGs
[2025-02-27T03:16:08.706+0000] {logging_mixin.py:190} INFO - [2025-02-27T03:16:08.706+0000] {dag.py:4180} INFO - Setting next_dagrun for tutorial to 2025-02-26 00:00:00+00:00, run_after=2025-02-27 00:00:00+00:00
[2025-02-27T03:16:08.766+0000] {processor.py:208} INFO - Processing /home/airflow/.local/lib/python3.12/site-packages/airflow/example_dags/tutorial.py took 0.282 seconds
[2025-02-27T03:16:39.438+0000] {processor.py:186} INFO - Started process (PID=2803) to work on /home/airflow/.local/lib/python3.12/site-packages/airflow/example_dags/tutorial.py
[2025-02-27T03:16:39.439+0000] {processor.py:914} INFO - Processing file /home/airflow/.local/lib/python3.12/site-packages/airflow/example_dags/tutorial.py for tasks to queue
[2025-02-27T03:16:39.442+0000] {logging_mixin.py:190} INFO - [2025-02-27T03:16:39.442+0000] {dagbag.py:588} INFO - Filling up the DagBag from /home/airflow/.local/lib/python3.12/site-packages/airflow/example_dags/tutorial.py
[2025-02-27T03:16:39.452+0000] {processor.py:925} INFO - DAG(s) 'tutorial' retrieved from /home/airflow/.local/lib/python3.12/site-packages/airflow/example_dags/tutorial.py
[2025-02-27T03:16:39.574+0000] {logging_mixin.py:190} INFO - [2025-02-27T03:16:39.573+0000] {dag.py:3239} INFO - Sync 1 DAGs
[2025-02-27T03:16:39.637+0000] {logging_mixin.py:190} INFO - [2025-02-27T03:16:39.636+0000] {dag.py:4180} INFO - Setting next_dagrun for tutorial to 2025-02-26 00:00:00+00:00, run_after=2025-02-27 00:00:00+00:00
[2025-02-27T03:16:39.700+0000] {processor.py:208} INFO - Processing /home/airflow/.local/lib/python3.12/site-packages/airflow/example_dags/tutorial.py took 0.270 seconds
[2025-02-27T03:17:10.590+0000] {processor.py:186} INFO - Started process (PID=2866) to work on /home/airflow/.local/lib/python3.12/site-packages/airflow/example_dags/tutorial.py
[2025-02-27T03:17:10.592+0000] {processor.py:914} INFO - Processing file /home/airflow/.local/lib/python3.12/site-packages/airflow/example_dags/tutorial.py for tasks to queue
[2025-02-27T03:17:10.607+0000] {logging_mixin.py:190} INFO - [2025-02-27T03:17:10.606+0000] {dagbag.py:588} INFO - Filling up the DagBag from /home/airflow/.local/lib/python3.12/site-packages/airflow/example_dags/tutorial.py
[2025-02-27T03:17:10.631+0000] {processor.py:925} INFO - DAG(s) 'tutorial' retrieved from /home/airflow/.local/lib/python3.12/site-packages/airflow/example_dags/tutorial.py
[2025-02-27T03:17:10.818+0000] {logging_mixin.py:190} INFO - [2025-02-27T03:17:10.818+0000] {dag.py:3239} INFO - Sync 1 DAGs
[2025-02-27T03:17:10.894+0000] {logging_mixin.py:190} INFO - [2025-02-27T03:17:10.893+0000] {dag.py:4180} INFO - Setting next_dagrun for tutorial to 2025-02-26 00:00:00+00:00, run_after=2025-02-27 00:00:00+00:00
[2025-02-27T03:17:10.957+0000] {processor.py:208} INFO - Processing /home/airflow/.local/lib/python3.12/site-packages/airflow/example_dags/tutorial.py took 0.388 seconds
[2025-02-27T03:17:41.085+0000] {processor.py:186} INFO - Started process (PID=2929) to work on /home/airflow/.local/lib/python3.12/site-packages/airflow/example_dags/tutorial.py
[2025-02-27T03:17:41.087+0000] {processor.py:914} INFO - Processing file /home/airflow/.local/lib/python3.12/site-packages/airflow/example_dags/tutorial.py for tasks to queue
[2025-02-27T03:17:41.091+0000] {logging_mixin.py:190} INFO - [2025-02-27T03:17:41.090+0000] {dagbag.py:588} INFO - Filling up the DagBag from /home/airflow/.local/lib/python3.12/site-packages/airflow/example_dags/tutorial.py
[2025-02-27T03:17:41.104+0000] {processor.py:925} INFO - DAG(s) 'tutorial' retrieved from /home/airflow/.local/lib/python3.12/site-packages/airflow/example_dags/tutorial.py
[2025-02-27T03:17:41.258+0000] {logging_mixin.py:190} INFO - [2025-02-27T03:17:41.257+0000] {dag.py:3239} INFO - Sync 1 DAGs
[2025-02-27T03:17:41.327+0000] {logging_mixin.py:190} INFO - [2025-02-27T03:17:41.327+0000] {dag.py:4180} INFO - Setting next_dagrun for tutorial to 2025-02-26 00:00:00+00:00, run_after=2025-02-27 00:00:00+00:00
[2025-02-27T03:17:41.396+0000] {processor.py:208} INFO - Processing /home/airflow/.local/lib/python3.12/site-packages/airflow/example_dags/tutorial.py took 0.319 seconds
[2025-02-27T03:18:12.075+0000] {processor.py:186} INFO - Started process (PID=2992) to work on /home/airflow/.local/lib/python3.12/site-packages/airflow/example_dags/tutorial.py
[2025-02-27T03:18:12.077+0000] {processor.py:914} INFO - Processing file /home/airflow/.local/lib/python3.12/site-packages/airflow/example_dags/tutorial.py for tasks to queue
[2025-02-27T03:18:12.082+0000] {logging_mixin.py:190} INFO - [2025-02-27T03:18:12.081+0000] {dagbag.py:588} INFO - Filling up the DagBag from /home/airflow/.local/lib/python3.12/site-packages/airflow/example_dags/tutorial.py
[2025-02-27T03:18:12.106+0000] {processor.py:925} INFO - DAG(s) 'tutorial' retrieved from /home/airflow/.local/lib/python3.12/site-packages/airflow/example_dags/tutorial.py
[2025-02-27T03:18:12.335+0000] {logging_mixin.py:190} INFO - [2025-02-27T03:18:12.334+0000] {dag.py:3239} INFO - Sync 1 DAGs
[2025-02-27T03:18:12.438+0000] {logging_mixin.py:190} INFO - [2025-02-27T03:18:12.438+0000] {dag.py:4180} INFO - Setting next_dagrun for tutorial to 2025-02-26 00:00:00+00:00, run_after=2025-02-27 00:00:00+00:00
[2025-02-27T03:18:12.532+0000] {processor.py:208} INFO - Processing /home/airflow/.local/lib/python3.12/site-packages/airflow/example_dags/tutorial.py took 0.471 seconds
[2025-02-27T03:18:42.781+0000] {processor.py:186} INFO - Started process (PID=3054) to work on /home/airflow/.local/lib/python3.12/site-packages/airflow/example_dags/tutorial.py
[2025-02-27T03:18:42.782+0000] {processor.py:914} INFO - Processing file /home/airflow/.local/lib/python3.12/site-packages/airflow/example_dags/tutorial.py for tasks to queue
[2025-02-27T03:18:42.786+0000] {logging_mixin.py:190} INFO - [2025-02-27T03:18:42.785+0000] {dagbag.py:588} INFO - Filling up the DagBag from /home/airflow/.local/lib/python3.12/site-packages/airflow/example_dags/tutorial.py
[2025-02-27T03:18:42.796+0000] {processor.py:925} INFO - DAG(s) 'tutorial' retrieved from /home/airflow/.local/lib/python3.12/site-packages/airflow/example_dags/tutorial.py
[2025-02-27T03:18:42.939+0000] {logging_mixin.py:190} INFO - [2025-02-27T03:18:42.939+0000] {dag.py:3239} INFO - Sync 1 DAGs
[2025-02-27T03:18:42.995+0000] {logging_mixin.py:190} INFO - [2025-02-27T03:18:42.994+0000] {dag.py:4180} INFO - Setting next_dagrun for tutorial to 2025-02-26 00:00:00+00:00, run_after=2025-02-27 00:00:00+00:00
[2025-02-27T03:18:43.054+0000] {processor.py:208} INFO - Processing /home/airflow/.local/lib/python3.12/site-packages/airflow/example_dags/tutorial.py took 0.280 seconds
[2025-02-27T03:19:13.475+0000] {processor.py:186} INFO - Started process (PID=3117) to work on /home/airflow/.local/lib/python3.12/site-packages/airflow/example_dags/tutorial.py
[2025-02-27T03:19:13.477+0000] {processor.py:914} INFO - Processing file /home/airflow/.local/lib/python3.12/site-packages/airflow/example_dags/tutorial.py for tasks to queue
[2025-02-27T03:19:13.481+0000] {logging_mixin.py:190} INFO - [2025-02-27T03:19:13.480+0000] {dagbag.py:588} INFO - Filling up the DagBag from /home/airflow/.local/lib/python3.12/site-packages/airflow/example_dags/tutorial.py
[2025-02-27T03:19:13.496+0000] {processor.py:925} INFO - DAG(s) 'tutorial' retrieved from /home/airflow/.local/lib/python3.12/site-packages/airflow/example_dags/tutorial.py
[2025-02-27T03:19:13.677+0000] {logging_mixin.py:190} INFO - [2025-02-27T03:19:13.677+0000] {dag.py:3239} INFO - Sync 1 DAGs
[2025-02-27T03:19:13.765+0000] {logging_mixin.py:190} INFO - [2025-02-27T03:19:13.765+0000] {dag.py:4180} INFO - Setting next_dagrun for tutorial to 2025-02-26 00:00:00+00:00, run_after=2025-02-27 00:00:00+00:00
[2025-02-27T03:19:13.842+0000] {processor.py:208} INFO - Processing /home/airflow/.local/lib/python3.12/site-packages/airflow/example_dags/tutorial.py took 0.376 seconds
[2025-02-27T03:19:44.644+0000] {processor.py:186} INFO - Started process (PID=3181) to work on /home/airflow/.local/lib/python3.12/site-packages/airflow/example_dags/tutorial.py
[2025-02-27T03:19:44.646+0000] {processor.py:914} INFO - Processing file /home/airflow/.local/lib/python3.12/site-packages/airflow/example_dags/tutorial.py for tasks to queue
[2025-02-27T03:19:44.648+0000] {logging_mixin.py:190} INFO - [2025-02-27T03:19:44.648+0000] {dagbag.py:588} INFO - Filling up the DagBag from /home/airflow/.local/lib/python3.12/site-packages/airflow/example_dags/tutorial.py
[2025-02-27T03:19:44.660+0000] {processor.py:925} INFO - DAG(s) 'tutorial' retrieved from /home/airflow/.local/lib/python3.12/site-packages/airflow/example_dags/tutorial.py
[2025-02-27T03:19:44.793+0000] {logging_mixin.py:190} INFO - [2025-02-27T03:19:44.793+0000] {dag.py:3239} INFO - Sync 1 DAGs
[2025-02-27T03:19:44.851+0000] {logging_mixin.py:190} INFO - [2025-02-27T03:19:44.851+0000] {dag.py:4180} INFO - Setting next_dagrun for tutorial to 2025-02-26 00:00:00+00:00, run_after=2025-02-27 00:00:00+00:00
[2025-02-27T03:19:44.910+0000] {processor.py:208} INFO - Processing /home/airflow/.local/lib/python3.12/site-packages/airflow/example_dags/tutorial.py took 0.273 seconds
[2025-02-27T03:20:15.437+0000] {processor.py:186} INFO - Started process (PID=3244) to work on /home/airflow/.local/lib/python3.12/site-packages/airflow/example_dags/tutorial.py
[2025-02-27T03:20:15.439+0000] {processor.py:914} INFO - Processing file /home/airflow/.local/lib/python3.12/site-packages/airflow/example_dags/tutorial.py for tasks to queue
[2025-02-27T03:20:15.443+0000] {logging_mixin.py:190} INFO - [2025-02-27T03:20:15.442+0000] {dagbag.py:588} INFO - Filling up the DagBag from /home/airflow/.local/lib/python3.12/site-packages/airflow/example_dags/tutorial.py
[2025-02-27T03:20:15.458+0000] {processor.py:925} INFO - DAG(s) 'tutorial' retrieved from /home/airflow/.local/lib/python3.12/site-packages/airflow/example_dags/tutorial.py
[2025-02-27T03:20:15.774+0000] {logging_mixin.py:190} INFO - [2025-02-27T03:20:15.773+0000] {dag.py:3239} INFO - Sync 1 DAGs
[2025-02-27T03:20:15.864+0000] {logging_mixin.py:190} INFO - [2025-02-27T03:20:15.864+0000] {dag.py:4180} INFO - Setting next_dagrun for tutorial to 2025-02-26 00:00:00+00:00, run_after=2025-02-27 00:00:00+00:00
[2025-02-27T03:20:15.933+0000] {processor.py:208} INFO - Processing /home/airflow/.local/lib/python3.12/site-packages/airflow/example_dags/tutorial.py took 0.506 seconds
[2025-02-27T03:20:46.630+0000] {processor.py:186} INFO - Started process (PID=3306) to work on /home/airflow/.local/lib/python3.12/site-packages/airflow/example_dags/tutorial.py
[2025-02-27T03:20:46.631+0000] {processor.py:914} INFO - Processing file /home/airflow/.local/lib/python3.12/site-packages/airflow/example_dags/tutorial.py for tasks to queue
[2025-02-27T03:20:46.636+0000] {logging_mixin.py:190} INFO - [2025-02-27T03:20:46.636+0000] {dagbag.py:588} INFO - Filling up the DagBag from /home/airflow/.local/lib/python3.12/site-packages/airflow/example_dags/tutorial.py
[2025-02-27T03:20:46.654+0000] {processor.py:925} INFO - DAG(s) 'tutorial' retrieved from /home/airflow/.local/lib/python3.12/site-packages/airflow/example_dags/tutorial.py
[2025-02-27T03:20:46.831+0000] {logging_mixin.py:190} INFO - [2025-02-27T03:20:46.831+0000] {dag.py:3239} INFO - Sync 1 DAGs
[2025-02-27T03:20:46.918+0000] {logging_mixin.py:190} INFO - [2025-02-27T03:20:46.917+0000] {dag.py:4180} INFO - Setting next_dagrun for tutorial to 2025-02-26 00:00:00+00:00, run_after=2025-02-27 00:00:00+00:00
[2025-02-27T03:20:47.011+0000] {processor.py:208} INFO - Processing /home/airflow/.local/lib/python3.12/site-packages/airflow/example_dags/tutorial.py took 0.394 seconds
