[2025-02-27T02:51:28.467+0000] {processor.py:186} INFO - Started process (PID=95) to work on /home/airflow/.local/lib/python3.12/site-packages/airflow/example_dags/tutorial_objectstorage.py
[2025-02-27T02:51:28.469+0000] {processor.py:914} INFO - Processing file /home/airflow/.local/lib/python3.12/site-packages/airflow/example_dags/tutorial_objectstorage.py for tasks to queue
[2025-02-27T02:51:28.473+0000] {logging_mixin.py:190} INFO - [2025-02-27T02:51:28.472+0000] {dagbag.py:588} INFO - Filling up the DagBag from /home/airflow/.local/lib/python3.12/site-packages/airflow/example_dags/tutorial_objectstorage.py
[2025-02-27T02:51:28.491+0000] {processor.py:925} INFO - DAG(s) 'tutorial_objectstorage' retrieved from /home/airflow/.local/lib/python3.12/site-packages/airflow/example_dags/tutorial_objectstorage.py
[2025-02-27T02:51:28.720+0000] {logging_mixin.py:190} INFO - [2025-02-27T02:51:28.718+0000] {override.py:1912} INFO - Created Permission View: can delete on DAG:tutorial_objectstorage
[2025-02-27T02:51:28.746+0000] {logging_mixin.py:190} INFO - [2025-02-27T02:51:28.745+0000] {override.py:1912} INFO - Created Permission View: can read on DAG:tutorial_objectstorage
[2025-02-27T02:51:28.764+0000] {logging_mixin.py:190} INFO - [2025-02-27T02:51:28.763+0000] {override.py:1912} INFO - Created Permission View: can edit on DAG:tutorial_objectstorage
[2025-02-27T02:51:28.784+0000] {logging_mixin.py:190} INFO - [2025-02-27T02:51:28.783+0000] {override.py:1912} INFO - Created Permission View: menu access on DAG Run:tutorial_objectstorage
[2025-02-27T02:51:28.803+0000] {logging_mixin.py:190} INFO - [2025-02-27T02:51:28.803+0000] {override.py:1912} INFO - Created Permission View: can delete on DAG Run:tutorial_objectstorage
[2025-02-27T02:51:28.821+0000] {logging_mixin.py:190} INFO - [2025-02-27T02:51:28.820+0000] {override.py:1912} INFO - Created Permission View: can read on DAG Run:tutorial_objectstorage
[2025-02-27T02:51:28.837+0000] {logging_mixin.py:190} INFO - [2025-02-27T02:51:28.837+0000] {override.py:1912} INFO - Created Permission View: can create on DAG Run:tutorial_objectstorage
[2025-02-27T02:51:28.838+0000] {logging_mixin.py:190} INFO - [2025-02-27T02:51:28.838+0000] {dag.py:3239} INFO - Sync 1 DAGs
[2025-02-27T02:51:28.864+0000] {logging_mixin.py:190} INFO - [2025-02-27T02:51:28.864+0000] {dag.py:3262} INFO - Creating ORM DAG for tutorial_objectstorage
[2025-02-27T02:51:28.866+0000] {logging_mixin.py:190} INFO - [2025-02-27T02:51:28.865+0000] {dag.py:4180} INFO - Setting next_dagrun for tutorial_objectstorage to None, run_after=None
[2025-02-27T02:51:28.898+0000] {processor.py:208} INFO - Processing /home/airflow/.local/lib/python3.12/site-packages/airflow/example_dags/tutorial_objectstorage.py took 0.440 seconds
[2025-02-27T02:54:11.020+0000] {processor.py:186} INFO - Started process (PID=91) to work on /home/airflow/.local/lib/python3.12/site-packages/airflow/example_dags/tutorial_objectstorage.py
[2025-02-27T02:54:11.022+0000] {processor.py:914} INFO - Processing file /home/airflow/.local/lib/python3.12/site-packages/airflow/example_dags/tutorial_objectstorage.py for tasks to queue
[2025-02-27T02:54:11.034+0000] {logging_mixin.py:190} INFO - [2025-02-27T02:54:11.033+0000] {dagbag.py:588} INFO - Filling up the DagBag from /home/airflow/.local/lib/python3.12/site-packages/airflow/example_dags/tutorial_objectstorage.py
[2025-02-27T02:54:11.071+0000] {processor.py:925} INFO - DAG(s) 'tutorial_objectstorage' retrieved from /home/airflow/.local/lib/python3.12/site-packages/airflow/example_dags/tutorial_objectstorage.py
[2025-02-27T02:54:11.797+0000] {logging_mixin.py:190} INFO - [2025-02-27T02:54:11.796+0000] {override.py:1912} INFO - Created Permission View: can read on DAG:tutorial_objectstorage
[2025-02-27T02:54:11.839+0000] {logging_mixin.py:190} INFO - [2025-02-27T02:54:11.838+0000] {override.py:1912} INFO - Created Permission View: can delete on DAG:tutorial_objectstorage
[2025-02-27T02:54:11.862+0000] {logging_mixin.py:190} INFO - [2025-02-27T02:54:11.861+0000] {override.py:1912} INFO - Created Permission View: can edit on DAG:tutorial_objectstorage
[2025-02-27T02:54:11.885+0000] {logging_mixin.py:190} INFO - [2025-02-27T02:54:11.884+0000] {override.py:1912} INFO - Created Permission View: can read on DAG Run:tutorial_objectstorage
[2025-02-27T02:54:11.905+0000] {logging_mixin.py:190} INFO - [2025-02-27T02:54:11.904+0000] {override.py:1912} INFO - Created Permission View: menu access on DAG Run:tutorial_objectstorage
[2025-02-27T02:54:11.925+0000] {logging_mixin.py:190} INFO - [2025-02-27T02:54:11.924+0000] {override.py:1912} INFO - Created Permission View: can delete on DAG Run:tutorial_objectstorage
[2025-02-27T02:54:11.945+0000] {logging_mixin.py:190} INFO - [2025-02-27T02:54:11.944+0000] {override.py:1912} INFO - Created Permission View: can create on DAG Run:tutorial_objectstorage
[2025-02-27T02:54:11.947+0000] {logging_mixin.py:190} INFO - [2025-02-27T02:54:11.946+0000] {dag.py:3239} INFO - Sync 1 DAGs
[2025-02-27T02:54:12.008+0000] {logging_mixin.py:190} INFO - [2025-02-27T02:54:12.008+0000] {dag.py:3262} INFO - Creating ORM DAG for tutorial_objectstorage
[2025-02-27T02:54:12.010+0000] {logging_mixin.py:190} INFO - [2025-02-27T02:54:12.009+0000] {dag.py:4180} INFO - Setting next_dagrun for tutorial_objectstorage to None, run_after=None
[2025-02-27T02:54:12.069+0000] {processor.py:208} INFO - Processing /home/airflow/.local/lib/python3.12/site-packages/airflow/example_dags/tutorial_objectstorage.py took 1.059 seconds
[2025-02-27T02:54:42.561+0000] {processor.py:186} INFO - Started process (PID=153) to work on /home/airflow/.local/lib/python3.12/site-packages/airflow/example_dags/tutorial_objectstorage.py
[2025-02-27T02:54:42.562+0000] {processor.py:914} INFO - Processing file /home/airflow/.local/lib/python3.12/site-packages/airflow/example_dags/tutorial_objectstorage.py for tasks to queue
[2025-02-27T02:54:42.565+0000] {logging_mixin.py:190} INFO - [2025-02-27T02:54:42.565+0000] {dagbag.py:588} INFO - Filling up the DagBag from /home/airflow/.local/lib/python3.12/site-packages/airflow/example_dags/tutorial_objectstorage.py
[2025-02-27T02:54:42.578+0000] {processor.py:925} INFO - DAG(s) 'tutorial_objectstorage' retrieved from /home/airflow/.local/lib/python3.12/site-packages/airflow/example_dags/tutorial_objectstorage.py
[2025-02-27T02:54:42.715+0000] {logging_mixin.py:190} INFO - [2025-02-27T02:54:42.715+0000] {dag.py:3239} INFO - Sync 1 DAGs
[2025-02-27T02:54:42.755+0000] {logging_mixin.py:190} INFO - [2025-02-27T02:54:42.754+0000] {dag.py:4180} INFO - Setting next_dagrun for tutorial_objectstorage to None, run_after=None
[2025-02-27T02:54:42.820+0000] {processor.py:208} INFO - Processing /home/airflow/.local/lib/python3.12/site-packages/airflow/example_dags/tutorial_objectstorage.py took 0.267 seconds
[2025-02-27T02:55:13.035+0000] {processor.py:186} INFO - Started process (PID=216) to work on /home/airflow/.local/lib/python3.12/site-packages/airflow/example_dags/tutorial_objectstorage.py
[2025-02-27T02:55:13.036+0000] {processor.py:914} INFO - Processing file /home/airflow/.local/lib/python3.12/site-packages/airflow/example_dags/tutorial_objectstorage.py for tasks to queue
[2025-02-27T02:55:13.040+0000] {logging_mixin.py:190} INFO - [2025-02-27T02:55:13.040+0000] {dagbag.py:588} INFO - Filling up the DagBag from /home/airflow/.local/lib/python3.12/site-packages/airflow/example_dags/tutorial_objectstorage.py
[2025-02-27T02:55:13.055+0000] {processor.py:925} INFO - DAG(s) 'tutorial_objectstorage' retrieved from /home/airflow/.local/lib/python3.12/site-packages/airflow/example_dags/tutorial_objectstorage.py
[2025-02-27T02:55:13.195+0000] {logging_mixin.py:190} INFO - [2025-02-27T02:55:13.194+0000] {dag.py:3239} INFO - Sync 1 DAGs
[2025-02-27T02:55:13.241+0000] {logging_mixin.py:190} INFO - [2025-02-27T02:55:13.241+0000] {dag.py:4180} INFO - Setting next_dagrun for tutorial_objectstorage to None, run_after=None
[2025-02-27T02:55:13.311+0000] {processor.py:208} INFO - Processing /home/airflow/.local/lib/python3.12/site-packages/airflow/example_dags/tutorial_objectstorage.py took 0.286 seconds
[2025-02-27T02:55:44.746+0000] {processor.py:186} INFO - Started process (PID=279) to work on /home/airflow/.local/lib/python3.12/site-packages/airflow/example_dags/tutorial_objectstorage.py
[2025-02-27T02:55:44.750+0000] {processor.py:914} INFO - Processing file /home/airflow/.local/lib/python3.12/site-packages/airflow/example_dags/tutorial_objectstorage.py for tasks to queue
[2025-02-27T02:55:44.758+0000] {logging_mixin.py:190} INFO - [2025-02-27T02:55:44.758+0000] {dagbag.py:588} INFO - Filling up the DagBag from /home/airflow/.local/lib/python3.12/site-packages/airflow/example_dags/tutorial_objectstorage.py
[2025-02-27T02:55:44.794+0000] {processor.py:925} INFO - DAG(s) 'tutorial_objectstorage' retrieved from /home/airflow/.local/lib/python3.12/site-packages/airflow/example_dags/tutorial_objectstorage.py
[2025-02-27T02:55:44.999+0000] {logging_mixin.py:190} INFO - [2025-02-27T02:55:44.998+0000] {dag.py:3239} INFO - Sync 1 DAGs
[2025-02-27T02:55:45.040+0000] {logging_mixin.py:190} INFO - [2025-02-27T02:55:45.040+0000] {dag.py:4180} INFO - Setting next_dagrun for tutorial_objectstorage to None, run_after=None
[2025-02-27T02:55:45.093+0000] {processor.py:208} INFO - Processing /home/airflow/.local/lib/python3.12/site-packages/airflow/example_dags/tutorial_objectstorage.py took 0.368 seconds
[2025-02-27T02:56:17.788+0000] {processor.py:186} INFO - Started process (PID=348) to work on /home/airflow/.local/lib/python3.12/site-packages/airflow/example_dags/tutorial_objectstorage.py
[2025-02-27T02:56:17.790+0000] {processor.py:914} INFO - Processing file /home/airflow/.local/lib/python3.12/site-packages/airflow/example_dags/tutorial_objectstorage.py for tasks to queue
[2025-02-27T02:56:17.795+0000] {logging_mixin.py:190} INFO - [2025-02-27T02:56:17.795+0000] {dagbag.py:588} INFO - Filling up the DagBag from /home/airflow/.local/lib/python3.12/site-packages/airflow/example_dags/tutorial_objectstorage.py
[2025-02-27T02:56:17.811+0000] {processor.py:925} INFO - DAG(s) 'tutorial_objectstorage' retrieved from /home/airflow/.local/lib/python3.12/site-packages/airflow/example_dags/tutorial_objectstorage.py
[2025-02-27T02:56:18.005+0000] {logging_mixin.py:190} INFO - [2025-02-27T02:56:18.005+0000] {dag.py:3239} INFO - Sync 1 DAGs
[2025-02-27T02:56:18.065+0000] {logging_mixin.py:190} INFO - [2025-02-27T02:56:18.064+0000] {dag.py:4180} INFO - Setting next_dagrun for tutorial_objectstorage to None, run_after=None
[2025-02-27T02:56:18.144+0000] {processor.py:208} INFO - Processing /home/airflow/.local/lib/python3.12/site-packages/airflow/example_dags/tutorial_objectstorage.py took 0.366 seconds
[2025-02-27T02:56:48.231+0000] {processor.py:186} INFO - Started process (PID=410) to work on /home/airflow/.local/lib/python3.12/site-packages/airflow/example_dags/tutorial_objectstorage.py
[2025-02-27T02:56:48.232+0000] {processor.py:914} INFO - Processing file /home/airflow/.local/lib/python3.12/site-packages/airflow/example_dags/tutorial_objectstorage.py for tasks to queue
[2025-02-27T02:56:48.237+0000] {logging_mixin.py:190} INFO - [2025-02-27T02:56:48.236+0000] {dagbag.py:588} INFO - Filling up the DagBag from /home/airflow/.local/lib/python3.12/site-packages/airflow/example_dags/tutorial_objectstorage.py
[2025-02-27T02:56:48.250+0000] {processor.py:925} INFO - DAG(s) 'tutorial_objectstorage' retrieved from /home/airflow/.local/lib/python3.12/site-packages/airflow/example_dags/tutorial_objectstorage.py
[2025-02-27T02:56:48.411+0000] {logging_mixin.py:190} INFO - [2025-02-27T02:56:48.411+0000] {dag.py:3239} INFO - Sync 1 DAGs
[2025-02-27T02:56:48.457+0000] {logging_mixin.py:190} INFO - [2025-02-27T02:56:48.457+0000] {dag.py:4180} INFO - Setting next_dagrun for tutorial_objectstorage to None, run_after=None
[2025-02-27T02:56:48.512+0000] {processor.py:208} INFO - Processing /home/airflow/.local/lib/python3.12/site-packages/airflow/example_dags/tutorial_objectstorage.py took 0.289 seconds
[2025-02-27T02:57:20.037+0000] {processor.py:186} INFO - Started process (PID=473) to work on /home/airflow/.local/lib/python3.12/site-packages/airflow/example_dags/tutorial_objectstorage.py
[2025-02-27T02:57:20.039+0000] {processor.py:914} INFO - Processing file /home/airflow/.local/lib/python3.12/site-packages/airflow/example_dags/tutorial_objectstorage.py for tasks to queue
[2025-02-27T02:57:20.043+0000] {logging_mixin.py:190} INFO - [2025-02-27T02:57:20.043+0000] {dagbag.py:588} INFO - Filling up the DagBag from /home/airflow/.local/lib/python3.12/site-packages/airflow/example_dags/tutorial_objectstorage.py
[2025-02-27T02:57:20.059+0000] {processor.py:925} INFO - DAG(s) 'tutorial_objectstorage' retrieved from /home/airflow/.local/lib/python3.12/site-packages/airflow/example_dags/tutorial_objectstorage.py
[2025-02-27T02:57:20.197+0000] {logging_mixin.py:190} INFO - [2025-02-27T02:57:20.197+0000] {dag.py:3239} INFO - Sync 1 DAGs
[2025-02-27T02:57:20.235+0000] {logging_mixin.py:190} INFO - [2025-02-27T02:57:20.234+0000] {dag.py:4180} INFO - Setting next_dagrun for tutorial_objectstorage to None, run_after=None
[2025-02-27T02:57:20.287+0000] {processor.py:208} INFO - Processing /home/airflow/.local/lib/python3.12/site-packages/airflow/example_dags/tutorial_objectstorage.py took 0.258 seconds
[2025-02-27T02:57:51.542+0000] {processor.py:186} INFO - Started process (PID=536) to work on /home/airflow/.local/lib/python3.12/site-packages/airflow/example_dags/tutorial_objectstorage.py
[2025-02-27T02:57:51.544+0000] {processor.py:914} INFO - Processing file /home/airflow/.local/lib/python3.12/site-packages/airflow/example_dags/tutorial_objectstorage.py for tasks to queue
[2025-02-27T02:57:51.549+0000] {logging_mixin.py:190} INFO - [2025-02-27T02:57:51.548+0000] {dagbag.py:588} INFO - Filling up the DagBag from /home/airflow/.local/lib/python3.12/site-packages/airflow/example_dags/tutorial_objectstorage.py
[2025-02-27T02:57:51.568+0000] {processor.py:925} INFO - DAG(s) 'tutorial_objectstorage' retrieved from /home/airflow/.local/lib/python3.12/site-packages/airflow/example_dags/tutorial_objectstorage.py
[2025-02-27T02:57:51.739+0000] {logging_mixin.py:190} INFO - [2025-02-27T02:57:51.739+0000] {dag.py:3239} INFO - Sync 1 DAGs
[2025-02-27T02:57:51.782+0000] {logging_mixin.py:190} INFO - [2025-02-27T02:57:51.782+0000] {dag.py:4180} INFO - Setting next_dagrun for tutorial_objectstorage to None, run_after=None
[2025-02-27T02:57:51.833+0000] {processor.py:208} INFO - Processing /home/airflow/.local/lib/python3.12/site-packages/airflow/example_dags/tutorial_objectstorage.py took 0.302 seconds
[2025-02-27T02:58:23.963+0000] {processor.py:186} INFO - Started process (PID=599) to work on /home/airflow/.local/lib/python3.12/site-packages/airflow/example_dags/tutorial_objectstorage.py
[2025-02-27T02:58:23.965+0000] {processor.py:914} INFO - Processing file /home/airflow/.local/lib/python3.12/site-packages/airflow/example_dags/tutorial_objectstorage.py for tasks to queue
[2025-02-27T02:58:23.969+0000] {logging_mixin.py:190} INFO - [2025-02-27T02:58:23.968+0000] {dagbag.py:588} INFO - Filling up the DagBag from /home/airflow/.local/lib/python3.12/site-packages/airflow/example_dags/tutorial_objectstorage.py
[2025-02-27T02:58:23.982+0000] {processor.py:925} INFO - DAG(s) 'tutorial_objectstorage' retrieved from /home/airflow/.local/lib/python3.12/site-packages/airflow/example_dags/tutorial_objectstorage.py
[2025-02-27T02:58:24.133+0000] {logging_mixin.py:190} INFO - [2025-02-27T02:58:24.133+0000] {dag.py:3239} INFO - Sync 1 DAGs
[2025-02-27T02:58:24.170+0000] {logging_mixin.py:190} INFO - [2025-02-27T02:58:24.169+0000] {dag.py:4180} INFO - Setting next_dagrun for tutorial_objectstorage to None, run_after=None
[2025-02-27T02:58:24.231+0000] {processor.py:208} INFO - Processing /home/airflow/.local/lib/python3.12/site-packages/airflow/example_dags/tutorial_objectstorage.py took 0.276 seconds
[2025-02-27T02:58:55.157+0000] {processor.py:186} INFO - Started process (PID=661) to work on /home/airflow/.local/lib/python3.12/site-packages/airflow/example_dags/tutorial_objectstorage.py
[2025-02-27T02:58:55.160+0000] {processor.py:914} INFO - Processing file /home/airflow/.local/lib/python3.12/site-packages/airflow/example_dags/tutorial_objectstorage.py for tasks to queue
[2025-02-27T02:58:55.163+0000] {logging_mixin.py:190} INFO - [2025-02-27T02:58:55.162+0000] {dagbag.py:588} INFO - Filling up the DagBag from /home/airflow/.local/lib/python3.12/site-packages/airflow/example_dags/tutorial_objectstorage.py
[2025-02-27T02:58:55.179+0000] {processor.py:925} INFO - DAG(s) 'tutorial_objectstorage' retrieved from /home/airflow/.local/lib/python3.12/site-packages/airflow/example_dags/tutorial_objectstorage.py
[2025-02-27T02:58:55.313+0000] {logging_mixin.py:190} INFO - [2025-02-27T02:58:55.312+0000] {dag.py:3239} INFO - Sync 1 DAGs
[2025-02-27T02:58:55.348+0000] {logging_mixin.py:190} INFO - [2025-02-27T02:58:55.348+0000] {dag.py:4180} INFO - Setting next_dagrun for tutorial_objectstorage to None, run_after=None
[2025-02-27T02:58:55.395+0000] {processor.py:208} INFO - Processing /home/airflow/.local/lib/python3.12/site-packages/airflow/example_dags/tutorial_objectstorage.py took 0.246 seconds
[2025-02-27T02:59:28.730+0000] {processor.py:186} INFO - Started process (PID=724) to work on /home/airflow/.local/lib/python3.12/site-packages/airflow/example_dags/tutorial_objectstorage.py
[2025-02-27T02:59:28.733+0000] {processor.py:914} INFO - Processing file /home/airflow/.local/lib/python3.12/site-packages/airflow/example_dags/tutorial_objectstorage.py for tasks to queue
[2025-02-27T02:59:28.737+0000] {logging_mixin.py:190} INFO - [2025-02-27T02:59:28.737+0000] {dagbag.py:588} INFO - Filling up the DagBag from /home/airflow/.local/lib/python3.12/site-packages/airflow/example_dags/tutorial_objectstorage.py
[2025-02-27T02:59:28.756+0000] {processor.py:925} INFO - DAG(s) 'tutorial_objectstorage' retrieved from /home/airflow/.local/lib/python3.12/site-packages/airflow/example_dags/tutorial_objectstorage.py
[2025-02-27T02:59:28.945+0000] {logging_mixin.py:190} INFO - [2025-02-27T02:59:28.943+0000] {dag.py:3239} INFO - Sync 1 DAGs
[2025-02-27T02:59:29.011+0000] {logging_mixin.py:190} INFO - [2025-02-27T02:59:29.010+0000] {dag.py:4180} INFO - Setting next_dagrun for tutorial_objectstorage to None, run_after=None
[2025-02-27T02:59:29.072+0000] {processor.py:208} INFO - Processing /home/airflow/.local/lib/python3.12/site-packages/airflow/example_dags/tutorial_objectstorage.py took 0.353 seconds
[2025-02-27T02:59:59.811+0000] {processor.py:186} INFO - Started process (PID=787) to work on /home/airflow/.local/lib/python3.12/site-packages/airflow/example_dags/tutorial_objectstorage.py
[2025-02-27T02:59:59.813+0000] {processor.py:914} INFO - Processing file /home/airflow/.local/lib/python3.12/site-packages/airflow/example_dags/tutorial_objectstorage.py for tasks to queue
[2025-02-27T02:59:59.817+0000] {logging_mixin.py:190} INFO - [2025-02-27T02:59:59.816+0000] {dagbag.py:588} INFO - Filling up the DagBag from /home/airflow/.local/lib/python3.12/site-packages/airflow/example_dags/tutorial_objectstorage.py
[2025-02-27T02:59:59.832+0000] {processor.py:925} INFO - DAG(s) 'tutorial_objectstorage' retrieved from /home/airflow/.local/lib/python3.12/site-packages/airflow/example_dags/tutorial_objectstorage.py
[2025-02-27T03:00:00.000+0000] {logging_mixin.py:190} INFO - [2025-02-27T03:00:00.000+0000] {dag.py:3239} INFO - Sync 1 DAGs
[2025-02-27T03:00:00.055+0000] {logging_mixin.py:190} INFO - [2025-02-27T03:00:00.055+0000] {dag.py:4180} INFO - Setting next_dagrun for tutorial_objectstorage to None, run_after=None
[2025-02-27T03:00:00.120+0000] {processor.py:208} INFO - Processing /home/airflow/.local/lib/python3.12/site-packages/airflow/example_dags/tutorial_objectstorage.py took 0.319 seconds
[2025-02-27T03:00:32.138+0000] {processor.py:186} INFO - Started process (PID=850) to work on /home/airflow/.local/lib/python3.12/site-packages/airflow/example_dags/tutorial_objectstorage.py
[2025-02-27T03:00:32.140+0000] {processor.py:914} INFO - Processing file /home/airflow/.local/lib/python3.12/site-packages/airflow/example_dags/tutorial_objectstorage.py for tasks to queue
[2025-02-27T03:00:32.145+0000] {logging_mixin.py:190} INFO - [2025-02-27T03:00:32.144+0000] {dagbag.py:588} INFO - Filling up the DagBag from /home/airflow/.local/lib/python3.12/site-packages/airflow/example_dags/tutorial_objectstorage.py
[2025-02-27T03:00:32.161+0000] {processor.py:925} INFO - DAG(s) 'tutorial_objectstorage' retrieved from /home/airflow/.local/lib/python3.12/site-packages/airflow/example_dags/tutorial_objectstorage.py
[2025-02-27T03:00:32.342+0000] {logging_mixin.py:190} INFO - [2025-02-27T03:00:32.341+0000] {dag.py:3239} INFO - Sync 1 DAGs
[2025-02-27T03:00:32.402+0000] {logging_mixin.py:190} INFO - [2025-02-27T03:00:32.402+0000] {dag.py:4180} INFO - Setting next_dagrun for tutorial_objectstorage to None, run_after=None
[2025-02-27T03:00:32.484+0000] {processor.py:208} INFO - Processing /home/airflow/.local/lib/python3.12/site-packages/airflow/example_dags/tutorial_objectstorage.py took 0.357 seconds
[2025-02-27T03:01:03.420+0000] {processor.py:186} INFO - Started process (PID=913) to work on /home/airflow/.local/lib/python3.12/site-packages/airflow/example_dags/tutorial_objectstorage.py
[2025-02-27T03:01:03.422+0000] {processor.py:914} INFO - Processing file /home/airflow/.local/lib/python3.12/site-packages/airflow/example_dags/tutorial_objectstorage.py for tasks to queue
[2025-02-27T03:01:03.427+0000] {logging_mixin.py:190} INFO - [2025-02-27T03:01:03.426+0000] {dagbag.py:588} INFO - Filling up the DagBag from /home/airflow/.local/lib/python3.12/site-packages/airflow/example_dags/tutorial_objectstorage.py
[2025-02-27T03:01:03.443+0000] {processor.py:925} INFO - DAG(s) 'tutorial_objectstorage' retrieved from /home/airflow/.local/lib/python3.12/site-packages/airflow/example_dags/tutorial_objectstorage.py
[2025-02-27T03:01:03.572+0000] {logging_mixin.py:190} INFO - [2025-02-27T03:01:03.571+0000] {dag.py:3239} INFO - Sync 1 DAGs
[2025-02-27T03:01:03.610+0000] {logging_mixin.py:190} INFO - [2025-02-27T03:01:03.609+0000] {dag.py:4180} INFO - Setting next_dagrun for tutorial_objectstorage to None, run_after=None
[2025-02-27T03:01:03.676+0000] {processor.py:208} INFO - Processing /home/airflow/.local/lib/python3.12/site-packages/airflow/example_dags/tutorial_objectstorage.py took 0.266 seconds
[2025-02-27T03:01:35.313+0000] {processor.py:186} INFO - Started process (PID=976) to work on /home/airflow/.local/lib/python3.12/site-packages/airflow/example_dags/tutorial_objectstorage.py
[2025-02-27T03:01:35.314+0000] {processor.py:914} INFO - Processing file /home/airflow/.local/lib/python3.12/site-packages/airflow/example_dags/tutorial_objectstorage.py for tasks to queue
[2025-02-27T03:01:35.319+0000] {logging_mixin.py:190} INFO - [2025-02-27T03:01:35.318+0000] {dagbag.py:588} INFO - Filling up the DagBag from /home/airflow/.local/lib/python3.12/site-packages/airflow/example_dags/tutorial_objectstorage.py
[2025-02-27T03:01:35.332+0000] {processor.py:925} INFO - DAG(s) 'tutorial_objectstorage' retrieved from /home/airflow/.local/lib/python3.12/site-packages/airflow/example_dags/tutorial_objectstorage.py
[2025-02-27T03:01:35.471+0000] {logging_mixin.py:190} INFO - [2025-02-27T03:01:35.470+0000] {dag.py:3239} INFO - Sync 1 DAGs
[2025-02-27T03:01:35.516+0000] {logging_mixin.py:190} INFO - [2025-02-27T03:01:35.516+0000] {dag.py:4180} INFO - Setting next_dagrun for tutorial_objectstorage to None, run_after=None
[2025-02-27T03:01:35.568+0000] {processor.py:208} INFO - Processing /home/airflow/.local/lib/python3.12/site-packages/airflow/example_dags/tutorial_objectstorage.py took 0.264 seconds
[2025-02-27T03:02:07.995+0000] {processor.py:186} INFO - Started process (PID=1039) to work on /home/airflow/.local/lib/python3.12/site-packages/airflow/example_dags/tutorial_objectstorage.py
[2025-02-27T03:02:07.997+0000] {processor.py:914} INFO - Processing file /home/airflow/.local/lib/python3.12/site-packages/airflow/example_dags/tutorial_objectstorage.py for tasks to queue
[2025-02-27T03:02:08.002+0000] {logging_mixin.py:190} INFO - [2025-02-27T03:02:08.001+0000] {dagbag.py:588} INFO - Filling up the DagBag from /home/airflow/.local/lib/python3.12/site-packages/airflow/example_dags/tutorial_objectstorage.py
[2025-02-27T03:02:08.021+0000] {processor.py:925} INFO - DAG(s) 'tutorial_objectstorage' retrieved from /home/airflow/.local/lib/python3.12/site-packages/airflow/example_dags/tutorial_objectstorage.py
[2025-02-27T03:02:08.184+0000] {logging_mixin.py:190} INFO - [2025-02-27T03:02:08.184+0000] {dag.py:3239} INFO - Sync 1 DAGs
[2025-02-27T03:02:08.226+0000] {logging_mixin.py:190} INFO - [2025-02-27T03:02:08.225+0000] {dag.py:4180} INFO - Setting next_dagrun for tutorial_objectstorage to None, run_after=None
[2025-02-27T03:02:08.285+0000] {processor.py:208} INFO - Processing /home/airflow/.local/lib/python3.12/site-packages/airflow/example_dags/tutorial_objectstorage.py took 0.298 seconds
[2025-02-27T03:02:40.824+0000] {processor.py:186} INFO - Started process (PID=1102) to work on /home/airflow/.local/lib/python3.12/site-packages/airflow/example_dags/tutorial_objectstorage.py
[2025-02-27T03:02:40.826+0000] {processor.py:914} INFO - Processing file /home/airflow/.local/lib/python3.12/site-packages/airflow/example_dags/tutorial_objectstorage.py for tasks to queue
[2025-02-27T03:02:40.831+0000] {logging_mixin.py:190} INFO - [2025-02-27T03:02:40.830+0000] {dagbag.py:588} INFO - Filling up the DagBag from /home/airflow/.local/lib/python3.12/site-packages/airflow/example_dags/tutorial_objectstorage.py
[2025-02-27T03:02:40.858+0000] {processor.py:925} INFO - DAG(s) 'tutorial_objectstorage' retrieved from /home/airflow/.local/lib/python3.12/site-packages/airflow/example_dags/tutorial_objectstorage.py
[2025-02-27T03:02:41.124+0000] {logging_mixin.py:190} INFO - [2025-02-27T03:02:41.124+0000] {dag.py:3239} INFO - Sync 1 DAGs
[2025-02-27T03:02:41.202+0000] {logging_mixin.py:190} INFO - [2025-02-27T03:02:41.201+0000] {dag.py:4180} INFO - Setting next_dagrun for tutorial_objectstorage to None, run_after=None
[2025-02-27T03:02:41.296+0000] {processor.py:208} INFO - Processing /home/airflow/.local/lib/python3.12/site-packages/airflow/example_dags/tutorial_objectstorage.py took 0.487 seconds
[2025-02-27T03:03:13.015+0000] {processor.py:186} INFO - Started process (PID=1165) to work on /home/airflow/.local/lib/python3.12/site-packages/airflow/example_dags/tutorial_objectstorage.py
[2025-02-27T03:03:13.017+0000] {processor.py:914} INFO - Processing file /home/airflow/.local/lib/python3.12/site-packages/airflow/example_dags/tutorial_objectstorage.py for tasks to queue
[2025-02-27T03:03:13.021+0000] {logging_mixin.py:190} INFO - [2025-02-27T03:03:13.020+0000] {dagbag.py:588} INFO - Filling up the DagBag from /home/airflow/.local/lib/python3.12/site-packages/airflow/example_dags/tutorial_objectstorage.py
[2025-02-27T03:03:13.037+0000] {processor.py:925} INFO - DAG(s) 'tutorial_objectstorage' retrieved from /home/airflow/.local/lib/python3.12/site-packages/airflow/example_dags/tutorial_objectstorage.py
[2025-02-27T03:03:13.210+0000] {logging_mixin.py:190} INFO - [2025-02-27T03:03:13.209+0000] {dag.py:3239} INFO - Sync 1 DAGs
[2025-02-27T03:03:13.265+0000] {logging_mixin.py:190} INFO - [2025-02-27T03:03:13.265+0000] {dag.py:4180} INFO - Setting next_dagrun for tutorial_objectstorage to None, run_after=None
[2025-02-27T03:03:13.317+0000] {processor.py:208} INFO - Processing /home/airflow/.local/lib/python3.12/site-packages/airflow/example_dags/tutorial_objectstorage.py took 0.312 seconds
[2025-02-27T03:03:45.755+0000] {processor.py:186} INFO - Started process (PID=1229) to work on /home/airflow/.local/lib/python3.12/site-packages/airflow/example_dags/tutorial_objectstorage.py
[2025-02-27T03:03:45.757+0000] {processor.py:914} INFO - Processing file /home/airflow/.local/lib/python3.12/site-packages/airflow/example_dags/tutorial_objectstorage.py for tasks to queue
[2025-02-27T03:03:45.761+0000] {logging_mixin.py:190} INFO - [2025-02-27T03:03:45.760+0000] {dagbag.py:588} INFO - Filling up the DagBag from /home/airflow/.local/lib/python3.12/site-packages/airflow/example_dags/tutorial_objectstorage.py
[2025-02-27T03:03:45.780+0000] {processor.py:925} INFO - DAG(s) 'tutorial_objectstorage' retrieved from /home/airflow/.local/lib/python3.12/site-packages/airflow/example_dags/tutorial_objectstorage.py
[2025-02-27T03:03:46.024+0000] {logging_mixin.py:190} INFO - [2025-02-27T03:03:46.023+0000] {dag.py:3239} INFO - Sync 1 DAGs
[2025-02-27T03:03:46.088+0000] {logging_mixin.py:190} INFO - [2025-02-27T03:03:46.087+0000] {dag.py:4180} INFO - Setting next_dagrun for tutorial_objectstorage to None, run_after=None
[2025-02-27T03:03:46.176+0000] {processor.py:208} INFO - Processing /home/airflow/.local/lib/python3.12/site-packages/airflow/example_dags/tutorial_objectstorage.py took 0.437 seconds
[2025-02-27T03:04:17.125+0000] {processor.py:186} INFO - Started process (PID=1292) to work on /home/airflow/.local/lib/python3.12/site-packages/airflow/example_dags/tutorial_objectstorage.py
[2025-02-27T03:04:17.127+0000] {processor.py:914} INFO - Processing file /home/airflow/.local/lib/python3.12/site-packages/airflow/example_dags/tutorial_objectstorage.py for tasks to queue
[2025-02-27T03:04:17.132+0000] {logging_mixin.py:190} INFO - [2025-02-27T03:04:17.131+0000] {dagbag.py:588} INFO - Filling up the DagBag from /home/airflow/.local/lib/python3.12/site-packages/airflow/example_dags/tutorial_objectstorage.py
[2025-02-27T03:04:17.153+0000] {processor.py:925} INFO - DAG(s) 'tutorial_objectstorage' retrieved from /home/airflow/.local/lib/python3.12/site-packages/airflow/example_dags/tutorial_objectstorage.py
[2025-02-27T03:04:17.305+0000] {logging_mixin.py:190} INFO - [2025-02-27T03:04:17.304+0000] {dag.py:3239} INFO - Sync 1 DAGs
[2025-02-27T03:04:17.353+0000] {logging_mixin.py:190} INFO - [2025-02-27T03:04:17.353+0000] {dag.py:4180} INFO - Setting next_dagrun for tutorial_objectstorage to None, run_after=None
[2025-02-27T03:04:17.416+0000] {processor.py:208} INFO - Processing /home/airflow/.local/lib/python3.12/site-packages/airflow/example_dags/tutorial_objectstorage.py took 0.304 seconds
[2025-02-27T03:04:49.180+0000] {processor.py:186} INFO - Started process (PID=1361) to work on /home/airflow/.local/lib/python3.12/site-packages/airflow/example_dags/tutorial_objectstorage.py
[2025-02-27T03:04:49.182+0000] {processor.py:914} INFO - Processing file /home/airflow/.local/lib/python3.12/site-packages/airflow/example_dags/tutorial_objectstorage.py for tasks to queue
[2025-02-27T03:04:49.187+0000] {logging_mixin.py:190} INFO - [2025-02-27T03:04:49.186+0000] {dagbag.py:588} INFO - Filling up the DagBag from /home/airflow/.local/lib/python3.12/site-packages/airflow/example_dags/tutorial_objectstorage.py
[2025-02-27T03:04:49.202+0000] {processor.py:925} INFO - DAG(s) 'tutorial_objectstorage' retrieved from /home/airflow/.local/lib/python3.12/site-packages/airflow/example_dags/tutorial_objectstorage.py
[2025-02-27T03:04:49.350+0000] {logging_mixin.py:190} INFO - [2025-02-27T03:04:49.350+0000] {dag.py:3239} INFO - Sync 1 DAGs
[2025-02-27T03:04:49.386+0000] {logging_mixin.py:190} INFO - [2025-02-27T03:04:49.386+0000] {dag.py:4180} INFO - Setting next_dagrun for tutorial_objectstorage to None, run_after=None
[2025-02-27T03:04:49.454+0000] {processor.py:208} INFO - Processing /home/airflow/.local/lib/python3.12/site-packages/airflow/example_dags/tutorial_objectstorage.py took 0.284 seconds
[2025-02-27T03:05:21.411+0000] {processor.py:186} INFO - Started process (PID=1425) to work on /home/airflow/.local/lib/python3.12/site-packages/airflow/example_dags/tutorial_objectstorage.py
[2025-02-27T03:05:21.413+0000] {processor.py:914} INFO - Processing file /home/airflow/.local/lib/python3.12/site-packages/airflow/example_dags/tutorial_objectstorage.py for tasks to queue
[2025-02-27T03:05:21.417+0000] {logging_mixin.py:190} INFO - [2025-02-27T03:05:21.417+0000] {dagbag.py:588} INFO - Filling up the DagBag from /home/airflow/.local/lib/python3.12/site-packages/airflow/example_dags/tutorial_objectstorage.py
[2025-02-27T03:05:21.437+0000] {processor.py:925} INFO - DAG(s) 'tutorial_objectstorage' retrieved from /home/airflow/.local/lib/python3.12/site-packages/airflow/example_dags/tutorial_objectstorage.py
[2025-02-27T03:05:21.621+0000] {logging_mixin.py:190} INFO - [2025-02-27T03:05:21.620+0000] {dag.py:3239} INFO - Sync 1 DAGs
[2025-02-27T03:05:21.678+0000] {logging_mixin.py:190} INFO - [2025-02-27T03:05:21.678+0000] {dag.py:4180} INFO - Setting next_dagrun for tutorial_objectstorage to None, run_after=None
[2025-02-27T03:05:21.759+0000] {processor.py:208} INFO - Processing /home/airflow/.local/lib/python3.12/site-packages/airflow/example_dags/tutorial_objectstorage.py took 0.359 seconds
[2025-02-27T03:05:53.318+0000] {processor.py:186} INFO - Started process (PID=1489) to work on /home/airflow/.local/lib/python3.12/site-packages/airflow/example_dags/tutorial_objectstorage.py
[2025-02-27T03:05:53.320+0000] {processor.py:914} INFO - Processing file /home/airflow/.local/lib/python3.12/site-packages/airflow/example_dags/tutorial_objectstorage.py for tasks to queue
[2025-02-27T03:05:53.325+0000] {logging_mixin.py:190} INFO - [2025-02-27T03:05:53.324+0000] {dagbag.py:588} INFO - Filling up the DagBag from /home/airflow/.local/lib/python3.12/site-packages/airflow/example_dags/tutorial_objectstorage.py
[2025-02-27T03:05:53.338+0000] {processor.py:925} INFO - DAG(s) 'tutorial_objectstorage' retrieved from /home/airflow/.local/lib/python3.12/site-packages/airflow/example_dags/tutorial_objectstorage.py
[2025-02-27T03:05:53.517+0000] {logging_mixin.py:190} INFO - [2025-02-27T03:05:53.516+0000] {dag.py:3239} INFO - Sync 1 DAGs
[2025-02-27T03:05:53.565+0000] {logging_mixin.py:190} INFO - [2025-02-27T03:05:53.564+0000] {dag.py:4180} INFO - Setting next_dagrun for tutorial_objectstorage to None, run_after=None
[2025-02-27T03:05:53.622+0000] {processor.py:208} INFO - Processing /home/airflow/.local/lib/python3.12/site-packages/airflow/example_dags/tutorial_objectstorage.py took 0.313 seconds
[2025-02-27T03:06:24.659+0000] {processor.py:186} INFO - Started process (PID=1552) to work on /home/airflow/.local/lib/python3.12/site-packages/airflow/example_dags/tutorial_objectstorage.py
[2025-02-27T03:06:24.660+0000] {processor.py:914} INFO - Processing file /home/airflow/.local/lib/python3.12/site-packages/airflow/example_dags/tutorial_objectstorage.py for tasks to queue
[2025-02-27T03:06:24.666+0000] {logging_mixin.py:190} INFO - [2025-02-27T03:06:24.664+0000] {dagbag.py:588} INFO - Filling up the DagBag from /home/airflow/.local/lib/python3.12/site-packages/airflow/example_dags/tutorial_objectstorage.py
[2025-02-27T03:06:24.681+0000] {processor.py:925} INFO - DAG(s) 'tutorial_objectstorage' retrieved from /home/airflow/.local/lib/python3.12/site-packages/airflow/example_dags/tutorial_objectstorage.py
[2025-02-27T03:06:24.859+0000] {logging_mixin.py:190} INFO - [2025-02-27T03:06:24.859+0000] {dag.py:3239} INFO - Sync 1 DAGs
[2025-02-27T03:06:24.903+0000] {logging_mixin.py:190} INFO - [2025-02-27T03:06:24.902+0000] {dag.py:4180} INFO - Setting next_dagrun for tutorial_objectstorage to None, run_after=None
[2025-02-27T03:06:24.955+0000] {processor.py:208} INFO - Processing /home/airflow/.local/lib/python3.12/site-packages/airflow/example_dags/tutorial_objectstorage.py took 0.308 seconds
[2025-02-27T03:06:55.391+0000] {processor.py:186} INFO - Started process (PID=1615) to work on /home/airflow/.local/lib/python3.12/site-packages/airflow/example_dags/tutorial_objectstorage.py
[2025-02-27T03:06:55.392+0000] {processor.py:914} INFO - Processing file /home/airflow/.local/lib/python3.12/site-packages/airflow/example_dags/tutorial_objectstorage.py for tasks to queue
[2025-02-27T03:06:55.396+0000] {logging_mixin.py:190} INFO - [2025-02-27T03:06:55.396+0000] {dagbag.py:588} INFO - Filling up the DagBag from /home/airflow/.local/lib/python3.12/site-packages/airflow/example_dags/tutorial_objectstorage.py
[2025-02-27T03:06:55.412+0000] {processor.py:925} INFO - DAG(s) 'tutorial_objectstorage' retrieved from /home/airflow/.local/lib/python3.12/site-packages/airflow/example_dags/tutorial_objectstorage.py
[2025-02-27T03:06:55.575+0000] {logging_mixin.py:190} INFO - [2025-02-27T03:06:55.575+0000] {dag.py:3239} INFO - Sync 1 DAGs
[2025-02-27T03:06:55.633+0000] {logging_mixin.py:190} INFO - [2025-02-27T03:06:55.633+0000] {dag.py:4180} INFO - Setting next_dagrun for tutorial_objectstorage to None, run_after=None
[2025-02-27T03:06:55.696+0000] {processor.py:208} INFO - Processing /home/airflow/.local/lib/python3.12/site-packages/airflow/example_dags/tutorial_objectstorage.py took 0.316 seconds
[2025-02-27T03:07:25.930+0000] {processor.py:186} INFO - Started process (PID=1677) to work on /home/airflow/.local/lib/python3.12/site-packages/airflow/example_dags/tutorial_objectstorage.py
[2025-02-27T03:07:25.933+0000] {processor.py:914} INFO - Processing file /home/airflow/.local/lib/python3.12/site-packages/airflow/example_dags/tutorial_objectstorage.py for tasks to queue
[2025-02-27T03:07:25.939+0000] {logging_mixin.py:190} INFO - [2025-02-27T03:07:25.938+0000] {dagbag.py:588} INFO - Filling up the DagBag from /home/airflow/.local/lib/python3.12/site-packages/airflow/example_dags/tutorial_objectstorage.py
[2025-02-27T03:07:25.962+0000] {processor.py:925} INFO - DAG(s) 'tutorial_objectstorage' retrieved from /home/airflow/.local/lib/python3.12/site-packages/airflow/example_dags/tutorial_objectstorage.py
[2025-02-27T03:07:26.165+0000] {logging_mixin.py:190} INFO - [2025-02-27T03:07:26.164+0000] {dag.py:3239} INFO - Sync 1 DAGs
[2025-02-27T03:07:26.234+0000] {logging_mixin.py:190} INFO - [2025-02-27T03:07:26.233+0000] {dag.py:4180} INFO - Setting next_dagrun for tutorial_objectstorage to None, run_after=None
[2025-02-27T03:07:26.325+0000] {processor.py:208} INFO - Processing /home/airflow/.local/lib/python3.12/site-packages/airflow/example_dags/tutorial_objectstorage.py took 0.411 seconds
[2025-02-27T03:07:56.862+0000] {processor.py:186} INFO - Started process (PID=1740) to work on /home/airflow/.local/lib/python3.12/site-packages/airflow/example_dags/tutorial_objectstorage.py
[2025-02-27T03:07:56.865+0000] {processor.py:914} INFO - Processing file /home/airflow/.local/lib/python3.12/site-packages/airflow/example_dags/tutorial_objectstorage.py for tasks to queue
[2025-02-27T03:07:56.871+0000] {logging_mixin.py:190} INFO - [2025-02-27T03:07:56.870+0000] {dagbag.py:588} INFO - Filling up the DagBag from /home/airflow/.local/lib/python3.12/site-packages/airflow/example_dags/tutorial_objectstorage.py
[2025-02-27T03:07:56.890+0000] {processor.py:925} INFO - DAG(s) 'tutorial_objectstorage' retrieved from /home/airflow/.local/lib/python3.12/site-packages/airflow/example_dags/tutorial_objectstorage.py
[2025-02-27T03:07:57.094+0000] {logging_mixin.py:190} INFO - [2025-02-27T03:07:57.094+0000] {dag.py:3239} INFO - Sync 1 DAGs
[2025-02-27T03:07:57.165+0000] {logging_mixin.py:190} INFO - [2025-02-27T03:07:57.164+0000] {dag.py:4180} INFO - Setting next_dagrun for tutorial_objectstorage to None, run_after=None
[2025-02-27T03:07:57.249+0000] {processor.py:208} INFO - Processing /home/airflow/.local/lib/python3.12/site-packages/airflow/example_dags/tutorial_objectstorage.py took 0.399 seconds
[2025-02-27T03:08:27.520+0000] {processor.py:186} INFO - Started process (PID=1802) to work on /home/airflow/.local/lib/python3.12/site-packages/airflow/example_dags/tutorial_objectstorage.py
[2025-02-27T03:08:27.521+0000] {processor.py:914} INFO - Processing file /home/airflow/.local/lib/python3.12/site-packages/airflow/example_dags/tutorial_objectstorage.py for tasks to queue
[2025-02-27T03:08:27.525+0000] {logging_mixin.py:190} INFO - [2025-02-27T03:08:27.525+0000] {dagbag.py:588} INFO - Filling up the DagBag from /home/airflow/.local/lib/python3.12/site-packages/airflow/example_dags/tutorial_objectstorage.py
[2025-02-27T03:08:27.539+0000] {processor.py:925} INFO - DAG(s) 'tutorial_objectstorage' retrieved from /home/airflow/.local/lib/python3.12/site-packages/airflow/example_dags/tutorial_objectstorage.py
[2025-02-27T03:08:27.679+0000] {logging_mixin.py:190} INFO - [2025-02-27T03:08:27.678+0000] {dag.py:3239} INFO - Sync 1 DAGs
[2025-02-27T03:08:27.719+0000] {logging_mixin.py:190} INFO - [2025-02-27T03:08:27.719+0000] {dag.py:4180} INFO - Setting next_dagrun for tutorial_objectstorage to None, run_after=None
[2025-02-27T03:08:27.767+0000] {processor.py:208} INFO - Processing /home/airflow/.local/lib/python3.12/site-packages/airflow/example_dags/tutorial_objectstorage.py took 0.255 seconds
[2025-02-27T03:08:57.888+0000] {processor.py:186} INFO - Started process (PID=1865) to work on /home/airflow/.local/lib/python3.12/site-packages/airflow/example_dags/tutorial_objectstorage.py
[2025-02-27T03:08:57.890+0000] {processor.py:914} INFO - Processing file /home/airflow/.local/lib/python3.12/site-packages/airflow/example_dags/tutorial_objectstorage.py for tasks to queue
[2025-02-27T03:08:57.894+0000] {logging_mixin.py:190} INFO - [2025-02-27T03:08:57.894+0000] {dagbag.py:588} INFO - Filling up the DagBag from /home/airflow/.local/lib/python3.12/site-packages/airflow/example_dags/tutorial_objectstorage.py
[2025-02-27T03:08:57.912+0000] {processor.py:925} INFO - DAG(s) 'tutorial_objectstorage' retrieved from /home/airflow/.local/lib/python3.12/site-packages/airflow/example_dags/tutorial_objectstorage.py
[2025-02-27T03:08:58.154+0000] {logging_mixin.py:190} INFO - [2025-02-27T03:08:58.154+0000] {dag.py:3239} INFO - Sync 1 DAGs
[2025-02-27T03:08:58.235+0000] {logging_mixin.py:190} INFO - [2025-02-27T03:08:58.234+0000] {dag.py:4180} INFO - Setting next_dagrun for tutorial_objectstorage to None, run_after=None
[2025-02-27T03:08:58.306+0000] {processor.py:208} INFO - Processing /home/airflow/.local/lib/python3.12/site-packages/airflow/example_dags/tutorial_objectstorage.py took 0.428 seconds
[2025-02-27T03:09:28.915+0000] {processor.py:186} INFO - Started process (PID=1928) to work on /home/airflow/.local/lib/python3.12/site-packages/airflow/example_dags/tutorial_objectstorage.py
[2025-02-27T03:09:28.917+0000] {processor.py:914} INFO - Processing file /home/airflow/.local/lib/python3.12/site-packages/airflow/example_dags/tutorial_objectstorage.py for tasks to queue
[2025-02-27T03:09:28.921+0000] {logging_mixin.py:190} INFO - [2025-02-27T03:09:28.920+0000] {dagbag.py:588} INFO - Filling up the DagBag from /home/airflow/.local/lib/python3.12/site-packages/airflow/example_dags/tutorial_objectstorage.py
[2025-02-27T03:09:28.935+0000] {processor.py:925} INFO - DAG(s) 'tutorial_objectstorage' retrieved from /home/airflow/.local/lib/python3.12/site-packages/airflow/example_dags/tutorial_objectstorage.py
[2025-02-27T03:09:29.103+0000] {logging_mixin.py:190} INFO - [2025-02-27T03:09:29.102+0000] {dag.py:3239} INFO - Sync 1 DAGs
[2025-02-27T03:09:29.171+0000] {logging_mixin.py:190} INFO - [2025-02-27T03:09:29.171+0000] {dag.py:4180} INFO - Setting next_dagrun for tutorial_objectstorage to None, run_after=None
[2025-02-27T03:09:29.236+0000] {processor.py:208} INFO - Processing /home/airflow/.local/lib/python3.12/site-packages/airflow/example_dags/tutorial_objectstorage.py took 0.330 seconds
[2025-02-27T03:09:59.985+0000] {processor.py:186} INFO - Started process (PID=1991) to work on /home/airflow/.local/lib/python3.12/site-packages/airflow/example_dags/tutorial_objectstorage.py
[2025-02-27T03:09:59.987+0000] {processor.py:914} INFO - Processing file /home/airflow/.local/lib/python3.12/site-packages/airflow/example_dags/tutorial_objectstorage.py for tasks to queue
[2025-02-27T03:09:59.990+0000] {logging_mixin.py:190} INFO - [2025-02-27T03:09:59.990+0000] {dagbag.py:588} INFO - Filling up the DagBag from /home/airflow/.local/lib/python3.12/site-packages/airflow/example_dags/tutorial_objectstorage.py
[2025-02-27T03:10:00.013+0000] {processor.py:925} INFO - DAG(s) 'tutorial_objectstorage' retrieved from /home/airflow/.local/lib/python3.12/site-packages/airflow/example_dags/tutorial_objectstorage.py
[2025-02-27T03:10:00.198+0000] {logging_mixin.py:190} INFO - [2025-02-27T03:10:00.197+0000] {dag.py:3239} INFO - Sync 1 DAGs
[2025-02-27T03:10:00.259+0000] {logging_mixin.py:190} INFO - [2025-02-27T03:10:00.258+0000] {dag.py:4180} INFO - Setting next_dagrun for tutorial_objectstorage to None, run_after=None
[2025-02-27T03:10:00.333+0000] {processor.py:208} INFO - Processing /home/airflow/.local/lib/python3.12/site-packages/airflow/example_dags/tutorial_objectstorage.py took 0.358 seconds
[2025-02-27T03:10:30.616+0000] {processor.py:186} INFO - Started process (PID=2054) to work on /home/airflow/.local/lib/python3.12/site-packages/airflow/example_dags/tutorial_objectstorage.py
[2025-02-27T03:10:30.618+0000] {processor.py:914} INFO - Processing file /home/airflow/.local/lib/python3.12/site-packages/airflow/example_dags/tutorial_objectstorage.py for tasks to queue
[2025-02-27T03:10:30.622+0000] {logging_mixin.py:190} INFO - [2025-02-27T03:10:30.621+0000] {dagbag.py:588} INFO - Filling up the DagBag from /home/airflow/.local/lib/python3.12/site-packages/airflow/example_dags/tutorial_objectstorage.py
[2025-02-27T03:10:30.636+0000] {processor.py:925} INFO - DAG(s) 'tutorial_objectstorage' retrieved from /home/airflow/.local/lib/python3.12/site-packages/airflow/example_dags/tutorial_objectstorage.py
[2025-02-27T03:10:30.781+0000] {logging_mixin.py:190} INFO - [2025-02-27T03:10:30.780+0000] {dag.py:3239} INFO - Sync 1 DAGs
[2025-02-27T03:10:30.823+0000] {logging_mixin.py:190} INFO - [2025-02-27T03:10:30.823+0000] {dag.py:4180} INFO - Setting next_dagrun for tutorial_objectstorage to None, run_after=None
[2025-02-27T03:10:30.883+0000] {processor.py:208} INFO - Processing /home/airflow/.local/lib/python3.12/site-packages/airflow/example_dags/tutorial_objectstorage.py took 0.277 seconds
[2025-02-27T03:11:01.241+0000] {processor.py:186} INFO - Started process (PID=2117) to work on /home/airflow/.local/lib/python3.12/site-packages/airflow/example_dags/tutorial_objectstorage.py
[2025-02-27T03:11:01.243+0000] {processor.py:914} INFO - Processing file /home/airflow/.local/lib/python3.12/site-packages/airflow/example_dags/tutorial_objectstorage.py for tasks to queue
[2025-02-27T03:11:01.249+0000] {logging_mixin.py:190} INFO - [2025-02-27T03:11:01.248+0000] {dagbag.py:588} INFO - Filling up the DagBag from /home/airflow/.local/lib/python3.12/site-packages/airflow/example_dags/tutorial_objectstorage.py
[2025-02-27T03:11:01.281+0000] {processor.py:925} INFO - DAG(s) 'tutorial_objectstorage' retrieved from /home/airflow/.local/lib/python3.12/site-packages/airflow/example_dags/tutorial_objectstorage.py
[2025-02-27T03:11:01.475+0000] {logging_mixin.py:190} INFO - [2025-02-27T03:11:01.475+0000] {dag.py:3239} INFO - Sync 1 DAGs
[2025-02-27T03:11:01.528+0000] {logging_mixin.py:190} INFO - [2025-02-27T03:11:01.527+0000] {dag.py:4180} INFO - Setting next_dagrun for tutorial_objectstorage to None, run_after=None
[2025-02-27T03:11:01.608+0000] {processor.py:208} INFO - Processing /home/airflow/.local/lib/python3.12/site-packages/airflow/example_dags/tutorial_objectstorage.py took 0.380 seconds
[2025-02-27T03:11:32.005+0000] {processor.py:186} INFO - Started process (PID=2180) to work on /home/airflow/.local/lib/python3.12/site-packages/airflow/example_dags/tutorial_objectstorage.py
[2025-02-27T03:11:32.007+0000] {processor.py:914} INFO - Processing file /home/airflow/.local/lib/python3.12/site-packages/airflow/example_dags/tutorial_objectstorage.py for tasks to queue
[2025-02-27T03:11:32.012+0000] {logging_mixin.py:190} INFO - [2025-02-27T03:11:32.011+0000] {dagbag.py:588} INFO - Filling up the DagBag from /home/airflow/.local/lib/python3.12/site-packages/airflow/example_dags/tutorial_objectstorage.py
[2025-02-27T03:11:32.037+0000] {processor.py:925} INFO - DAG(s) 'tutorial_objectstorage' retrieved from /home/airflow/.local/lib/python3.12/site-packages/airflow/example_dags/tutorial_objectstorage.py
[2025-02-27T03:11:32.220+0000] {logging_mixin.py:190} INFO - [2025-02-27T03:11:32.219+0000] {dag.py:3239} INFO - Sync 1 DAGs
[2025-02-27T03:11:32.260+0000] {logging_mixin.py:190} INFO - [2025-02-27T03:11:32.259+0000] {dag.py:4180} INFO - Setting next_dagrun for tutorial_objectstorage to None, run_after=None
[2025-02-27T03:11:32.350+0000] {processor.py:208} INFO - Processing /home/airflow/.local/lib/python3.12/site-packages/airflow/example_dags/tutorial_objectstorage.py took 0.361 seconds
[2025-02-27T03:12:05.159+0000] {processor.py:186} INFO - Started process (PID=2243) to work on /home/airflow/.local/lib/python3.12/site-packages/airflow/example_dags/tutorial_objectstorage.py
[2025-02-27T03:12:05.161+0000] {processor.py:914} INFO - Processing file /home/airflow/.local/lib/python3.12/site-packages/airflow/example_dags/tutorial_objectstorage.py for tasks to queue
[2025-02-27T03:12:05.167+0000] {logging_mixin.py:190} INFO - [2025-02-27T03:12:05.166+0000] {dagbag.py:588} INFO - Filling up the DagBag from /home/airflow/.local/lib/python3.12/site-packages/airflow/example_dags/tutorial_objectstorage.py
[2025-02-27T03:12:05.185+0000] {processor.py:925} INFO - DAG(s) 'tutorial_objectstorage' retrieved from /home/airflow/.local/lib/python3.12/site-packages/airflow/example_dags/tutorial_objectstorage.py
[2025-02-27T03:12:05.474+0000] {logging_mixin.py:190} INFO - [2025-02-27T03:12:05.474+0000] {dag.py:3239} INFO - Sync 1 DAGs
[2025-02-27T03:12:05.532+0000] {logging_mixin.py:190} INFO - [2025-02-27T03:12:05.531+0000] {dag.py:4180} INFO - Setting next_dagrun for tutorial_objectstorage to None, run_after=None
[2025-02-27T03:12:05.613+0000] {processor.py:208} INFO - Processing /home/airflow/.local/lib/python3.12/site-packages/airflow/example_dags/tutorial_objectstorage.py took 0.466 seconds
[2025-02-27T03:12:35.834+0000] {processor.py:186} INFO - Started process (PID=2306) to work on /home/airflow/.local/lib/python3.12/site-packages/airflow/example_dags/tutorial_objectstorage.py
[2025-02-27T03:12:35.836+0000] {processor.py:914} INFO - Processing file /home/airflow/.local/lib/python3.12/site-packages/airflow/example_dags/tutorial_objectstorage.py for tasks to queue
[2025-02-27T03:12:35.839+0000] {logging_mixin.py:190} INFO - [2025-02-27T03:12:35.838+0000] {dagbag.py:588} INFO - Filling up the DagBag from /home/airflow/.local/lib/python3.12/site-packages/airflow/example_dags/tutorial_objectstorage.py
[2025-02-27T03:12:35.850+0000] {processor.py:925} INFO - DAG(s) 'tutorial_objectstorage' retrieved from /home/airflow/.local/lib/python3.12/site-packages/airflow/example_dags/tutorial_objectstorage.py
[2025-02-27T03:12:35.995+0000] {logging_mixin.py:190} INFO - [2025-02-27T03:12:35.994+0000] {dag.py:3239} INFO - Sync 1 DAGs
[2025-02-27T03:12:36.038+0000] {logging_mixin.py:190} INFO - [2025-02-27T03:12:36.037+0000] {dag.py:4180} INFO - Setting next_dagrun for tutorial_objectstorage to None, run_after=None
[2025-02-27T03:12:36.084+0000] {processor.py:208} INFO - Processing /home/airflow/.local/lib/python3.12/site-packages/airflow/example_dags/tutorial_objectstorage.py took 0.258 seconds
[2025-02-27T03:13:06.610+0000] {processor.py:186} INFO - Started process (PID=2368) to work on /home/airflow/.local/lib/python3.12/site-packages/airflow/example_dags/tutorial_objectstorage.py
[2025-02-27T03:13:06.611+0000] {processor.py:914} INFO - Processing file /home/airflow/.local/lib/python3.12/site-packages/airflow/example_dags/tutorial_objectstorage.py for tasks to queue
[2025-02-27T03:13:06.616+0000] {logging_mixin.py:190} INFO - [2025-02-27T03:13:06.615+0000] {dagbag.py:588} INFO - Filling up the DagBag from /home/airflow/.local/lib/python3.12/site-packages/airflow/example_dags/tutorial_objectstorage.py
[2025-02-27T03:13:06.639+0000] {processor.py:925} INFO - DAG(s) 'tutorial_objectstorage' retrieved from /home/airflow/.local/lib/python3.12/site-packages/airflow/example_dags/tutorial_objectstorage.py
[2025-02-27T03:13:06.859+0000] {logging_mixin.py:190} INFO - [2025-02-27T03:13:06.858+0000] {dag.py:3239} INFO - Sync 1 DAGs
[2025-02-27T03:13:06.920+0000] {logging_mixin.py:190} INFO - [2025-02-27T03:13:06.920+0000] {dag.py:4180} INFO - Setting next_dagrun for tutorial_objectstorage to None, run_after=None
[2025-02-27T03:13:07.013+0000] {processor.py:208} INFO - Processing /home/airflow/.local/lib/python3.12/site-packages/airflow/example_dags/tutorial_objectstorage.py took 0.414 seconds
[2025-02-27T03:13:37.864+0000] {processor.py:186} INFO - Started process (PID=2431) to work on /home/airflow/.local/lib/python3.12/site-packages/airflow/example_dags/tutorial_objectstorage.py
[2025-02-27T03:13:37.865+0000] {processor.py:914} INFO - Processing file /home/airflow/.local/lib/python3.12/site-packages/airflow/example_dags/tutorial_objectstorage.py for tasks to queue
[2025-02-27T03:13:37.869+0000] {logging_mixin.py:190} INFO - [2025-02-27T03:13:37.869+0000] {dagbag.py:588} INFO - Filling up the DagBag from /home/airflow/.local/lib/python3.12/site-packages/airflow/example_dags/tutorial_objectstorage.py
[2025-02-27T03:13:37.884+0000] {processor.py:925} INFO - DAG(s) 'tutorial_objectstorage' retrieved from /home/airflow/.local/lib/python3.12/site-packages/airflow/example_dags/tutorial_objectstorage.py
[2025-02-27T03:13:38.041+0000] {logging_mixin.py:190} INFO - [2025-02-27T03:13:38.041+0000] {dag.py:3239} INFO - Sync 1 DAGs
[2025-02-27T03:13:38.078+0000] {logging_mixin.py:190} INFO - [2025-02-27T03:13:38.078+0000] {dag.py:4180} INFO - Setting next_dagrun for tutorial_objectstorage to None, run_after=None
[2025-02-27T03:13:38.170+0000] {processor.py:208} INFO - Processing /home/airflow/.local/lib/python3.12/site-packages/airflow/example_dags/tutorial_objectstorage.py took 0.314 seconds
[2025-02-27T03:14:08.281+0000] {processor.py:186} INFO - Started process (PID=2494) to work on /home/airflow/.local/lib/python3.12/site-packages/airflow/example_dags/tutorial_objectstorage.py
[2025-02-27T03:14:08.283+0000] {processor.py:914} INFO - Processing file /home/airflow/.local/lib/python3.12/site-packages/airflow/example_dags/tutorial_objectstorage.py for tasks to queue
[2025-02-27T03:14:08.287+0000] {logging_mixin.py:190} INFO - [2025-02-27T03:14:08.286+0000] {dagbag.py:588} INFO - Filling up the DagBag from /home/airflow/.local/lib/python3.12/site-packages/airflow/example_dags/tutorial_objectstorage.py
[2025-02-27T03:14:08.300+0000] {processor.py:925} INFO - DAG(s) 'tutorial_objectstorage' retrieved from /home/airflow/.local/lib/python3.12/site-packages/airflow/example_dags/tutorial_objectstorage.py
[2025-02-27T03:14:08.453+0000] {logging_mixin.py:190} INFO - [2025-02-27T03:14:08.452+0000] {dag.py:3239} INFO - Sync 1 DAGs
[2025-02-27T03:14:08.491+0000] {logging_mixin.py:190} INFO - [2025-02-27T03:14:08.491+0000] {dag.py:4180} INFO - Setting next_dagrun for tutorial_objectstorage to None, run_after=None
[2025-02-27T03:14:08.551+0000] {processor.py:208} INFO - Processing /home/airflow/.local/lib/python3.12/site-packages/airflow/example_dags/tutorial_objectstorage.py took 0.282 seconds
[2025-02-27T03:14:38.632+0000] {processor.py:186} INFO - Started process (PID=2556) to work on /home/airflow/.local/lib/python3.12/site-packages/airflow/example_dags/tutorial_objectstorage.py
[2025-02-27T03:14:38.634+0000] {processor.py:914} INFO - Processing file /home/airflow/.local/lib/python3.12/site-packages/airflow/example_dags/tutorial_objectstorage.py for tasks to queue
[2025-02-27T03:14:38.637+0000] {logging_mixin.py:190} INFO - [2025-02-27T03:14:38.636+0000] {dagbag.py:588} INFO - Filling up the DagBag from /home/airflow/.local/lib/python3.12/site-packages/airflow/example_dags/tutorial_objectstorage.py
[2025-02-27T03:14:38.648+0000] {processor.py:925} INFO - DAG(s) 'tutorial_objectstorage' retrieved from /home/airflow/.local/lib/python3.12/site-packages/airflow/example_dags/tutorial_objectstorage.py
[2025-02-27T03:14:38.750+0000] {logging_mixin.py:190} INFO - [2025-02-27T03:14:38.750+0000] {dag.py:3239} INFO - Sync 1 DAGs
[2025-02-27T03:14:38.785+0000] {logging_mixin.py:190} INFO - [2025-02-27T03:14:38.785+0000] {dag.py:4180} INFO - Setting next_dagrun for tutorial_objectstorage to None, run_after=None
[2025-02-27T03:14:38.845+0000] {processor.py:208} INFO - Processing /home/airflow/.local/lib/python3.12/site-packages/airflow/example_dags/tutorial_objectstorage.py took 0.220 seconds
[2025-02-27T03:15:09.310+0000] {processor.py:186} INFO - Started process (PID=2619) to work on /home/airflow/.local/lib/python3.12/site-packages/airflow/example_dags/tutorial_objectstorage.py
[2025-02-27T03:15:09.311+0000] {processor.py:914} INFO - Processing file /home/airflow/.local/lib/python3.12/site-packages/airflow/example_dags/tutorial_objectstorage.py for tasks to queue
[2025-02-27T03:15:09.316+0000] {logging_mixin.py:190} INFO - [2025-02-27T03:15:09.315+0000] {dagbag.py:588} INFO - Filling up the DagBag from /home/airflow/.local/lib/python3.12/site-packages/airflow/example_dags/tutorial_objectstorage.py
[2025-02-27T03:15:09.331+0000] {processor.py:925} INFO - DAG(s) 'tutorial_objectstorage' retrieved from /home/airflow/.local/lib/python3.12/site-packages/airflow/example_dags/tutorial_objectstorage.py
[2025-02-27T03:15:09.475+0000] {logging_mixin.py:190} INFO - [2025-02-27T03:15:09.474+0000] {dag.py:3239} INFO - Sync 1 DAGs
[2025-02-27T03:15:09.511+0000] {logging_mixin.py:190} INFO - [2025-02-27T03:15:09.511+0000] {dag.py:4180} INFO - Setting next_dagrun for tutorial_objectstorage to None, run_after=None
[2025-02-27T03:15:09.594+0000] {processor.py:208} INFO - Processing /home/airflow/.local/lib/python3.12/site-packages/airflow/example_dags/tutorial_objectstorage.py took 0.294 seconds
[2025-02-27T03:15:40.538+0000] {processor.py:186} INFO - Started process (PID=2682) to work on /home/airflow/.local/lib/python3.12/site-packages/airflow/example_dags/tutorial_objectstorage.py
[2025-02-27T03:15:40.539+0000] {processor.py:914} INFO - Processing file /home/airflow/.local/lib/python3.12/site-packages/airflow/example_dags/tutorial_objectstorage.py for tasks to queue
[2025-02-27T03:15:40.543+0000] {logging_mixin.py:190} INFO - [2025-02-27T03:15:40.542+0000] {dagbag.py:588} INFO - Filling up the DagBag from /home/airflow/.local/lib/python3.12/site-packages/airflow/example_dags/tutorial_objectstorage.py
[2025-02-27T03:15:40.556+0000] {processor.py:925} INFO - DAG(s) 'tutorial_objectstorage' retrieved from /home/airflow/.local/lib/python3.12/site-packages/airflow/example_dags/tutorial_objectstorage.py
[2025-02-27T03:15:40.693+0000] {logging_mixin.py:190} INFO - [2025-02-27T03:15:40.692+0000] {dag.py:3239} INFO - Sync 1 DAGs
[2025-02-27T03:15:40.728+0000] {logging_mixin.py:190} INFO - [2025-02-27T03:15:40.728+0000] {dag.py:4180} INFO - Setting next_dagrun for tutorial_objectstorage to None, run_after=None
[2025-02-27T03:15:40.790+0000] {processor.py:208} INFO - Processing /home/airflow/.local/lib/python3.12/site-packages/airflow/example_dags/tutorial_objectstorage.py took 0.260 seconds
[2025-02-27T03:16:11.196+0000] {processor.py:186} INFO - Started process (PID=2745) to work on /home/airflow/.local/lib/python3.12/site-packages/airflow/example_dags/tutorial_objectstorage.py
[2025-02-27T03:16:11.197+0000] {processor.py:914} INFO - Processing file /home/airflow/.local/lib/python3.12/site-packages/airflow/example_dags/tutorial_objectstorage.py for tasks to queue
[2025-02-27T03:16:11.201+0000] {logging_mixin.py:190} INFO - [2025-02-27T03:16:11.201+0000] {dagbag.py:588} INFO - Filling up the DagBag from /home/airflow/.local/lib/python3.12/site-packages/airflow/example_dags/tutorial_objectstorage.py
[2025-02-27T03:16:11.218+0000] {processor.py:925} INFO - DAG(s) 'tutorial_objectstorage' retrieved from /home/airflow/.local/lib/python3.12/site-packages/airflow/example_dags/tutorial_objectstorage.py
[2025-02-27T03:16:11.403+0000] {logging_mixin.py:190} INFO - [2025-02-27T03:16:11.402+0000] {dag.py:3239} INFO - Sync 1 DAGs
[2025-02-27T03:16:11.455+0000] {logging_mixin.py:190} INFO - [2025-02-27T03:16:11.454+0000] {dag.py:4180} INFO - Setting next_dagrun for tutorial_objectstorage to None, run_after=None
[2025-02-27T03:16:11.520+0000] {processor.py:208} INFO - Processing /home/airflow/.local/lib/python3.12/site-packages/airflow/example_dags/tutorial_objectstorage.py took 0.333 seconds
[2025-02-27T03:16:42.319+0000] {processor.py:186} INFO - Started process (PID=2808) to work on /home/airflow/.local/lib/python3.12/site-packages/airflow/example_dags/tutorial_objectstorage.py
[2025-02-27T03:16:42.321+0000] {processor.py:914} INFO - Processing file /home/airflow/.local/lib/python3.12/site-packages/airflow/example_dags/tutorial_objectstorage.py for tasks to queue
[2025-02-27T03:16:42.324+0000] {logging_mixin.py:190} INFO - [2025-02-27T03:16:42.324+0000] {dagbag.py:588} INFO - Filling up the DagBag from /home/airflow/.local/lib/python3.12/site-packages/airflow/example_dags/tutorial_objectstorage.py
[2025-02-27T03:16:42.338+0000] {processor.py:925} INFO - DAG(s) 'tutorial_objectstorage' retrieved from /home/airflow/.local/lib/python3.12/site-packages/airflow/example_dags/tutorial_objectstorage.py
[2025-02-27T03:16:42.468+0000] {logging_mixin.py:190} INFO - [2025-02-27T03:16:42.468+0000] {dag.py:3239} INFO - Sync 1 DAGs
[2025-02-27T03:16:42.513+0000] {logging_mixin.py:190} INFO - [2025-02-27T03:16:42.512+0000] {dag.py:4180} INFO - Setting next_dagrun for tutorial_objectstorage to None, run_after=None
[2025-02-27T03:16:42.577+0000] {processor.py:208} INFO - Processing /home/airflow/.local/lib/python3.12/site-packages/airflow/example_dags/tutorial_objectstorage.py took 0.266 seconds
[2025-02-27T03:17:13.810+0000] {processor.py:186} INFO - Started process (PID=2871) to work on /home/airflow/.local/lib/python3.12/site-packages/airflow/example_dags/tutorial_objectstorage.py
[2025-02-27T03:17:13.811+0000] {processor.py:914} INFO - Processing file /home/airflow/.local/lib/python3.12/site-packages/airflow/example_dags/tutorial_objectstorage.py for tasks to queue
[2025-02-27T03:17:13.815+0000] {logging_mixin.py:190} INFO - [2025-02-27T03:17:13.814+0000] {dagbag.py:588} INFO - Filling up the DagBag from /home/airflow/.local/lib/python3.12/site-packages/airflow/example_dags/tutorial_objectstorage.py
[2025-02-27T03:17:13.827+0000] {processor.py:925} INFO - DAG(s) 'tutorial_objectstorage' retrieved from /home/airflow/.local/lib/python3.12/site-packages/airflow/example_dags/tutorial_objectstorage.py
[2025-02-27T03:17:13.961+0000] {logging_mixin.py:190} INFO - [2025-02-27T03:17:13.960+0000] {dag.py:3239} INFO - Sync 1 DAGs
[2025-02-27T03:17:13.999+0000] {logging_mixin.py:190} INFO - [2025-02-27T03:17:13.998+0000] {dag.py:4180} INFO - Setting next_dagrun for tutorial_objectstorage to None, run_after=None
[2025-02-27T03:17:14.051+0000] {processor.py:208} INFO - Processing /home/airflow/.local/lib/python3.12/site-packages/airflow/example_dags/tutorial_objectstorage.py took 0.249 seconds
[2025-02-27T03:17:44.177+0000] {processor.py:186} INFO - Started process (PID=2934) to work on /home/airflow/.local/lib/python3.12/site-packages/airflow/example_dags/tutorial_objectstorage.py
[2025-02-27T03:17:44.179+0000] {processor.py:914} INFO - Processing file /home/airflow/.local/lib/python3.12/site-packages/airflow/example_dags/tutorial_objectstorage.py for tasks to queue
[2025-02-27T03:17:44.183+0000] {logging_mixin.py:190} INFO - [2025-02-27T03:17:44.183+0000] {dagbag.py:588} INFO - Filling up the DagBag from /home/airflow/.local/lib/python3.12/site-packages/airflow/example_dags/tutorial_objectstorage.py
[2025-02-27T03:17:44.200+0000] {processor.py:925} INFO - DAG(s) 'tutorial_objectstorage' retrieved from /home/airflow/.local/lib/python3.12/site-packages/airflow/example_dags/tutorial_objectstorage.py
[2025-02-27T03:17:44.369+0000] {logging_mixin.py:190} INFO - [2025-02-27T03:17:44.368+0000] {dag.py:3239} INFO - Sync 1 DAGs
[2025-02-27T03:17:44.413+0000] {logging_mixin.py:190} INFO - [2025-02-27T03:17:44.412+0000] {dag.py:4180} INFO - Setting next_dagrun for tutorial_objectstorage to None, run_after=None
[2025-02-27T03:17:44.494+0000] {processor.py:208} INFO - Processing /home/airflow/.local/lib/python3.12/site-packages/airflow/example_dags/tutorial_objectstorage.py took 0.325 seconds
[2025-02-27T03:18:15.072+0000] {processor.py:186} INFO - Started process (PID=2997) to work on /home/airflow/.local/lib/python3.12/site-packages/airflow/example_dags/tutorial_objectstorage.py
[2025-02-27T03:18:15.073+0000] {processor.py:914} INFO - Processing file /home/airflow/.local/lib/python3.12/site-packages/airflow/example_dags/tutorial_objectstorage.py for tasks to queue
[2025-02-27T03:18:15.077+0000] {logging_mixin.py:190} INFO - [2025-02-27T03:18:15.077+0000] {dagbag.py:588} INFO - Filling up the DagBag from /home/airflow/.local/lib/python3.12/site-packages/airflow/example_dags/tutorial_objectstorage.py
[2025-02-27T03:18:15.098+0000] {processor.py:925} INFO - DAG(s) 'tutorial_objectstorage' retrieved from /home/airflow/.local/lib/python3.12/site-packages/airflow/example_dags/tutorial_objectstorage.py
[2025-02-27T03:18:15.260+0000] {logging_mixin.py:190} INFO - [2025-02-27T03:18:15.259+0000] {dag.py:3239} INFO - Sync 1 DAGs
[2025-02-27T03:18:15.317+0000] {logging_mixin.py:190} INFO - [2025-02-27T03:18:15.317+0000] {dag.py:4180} INFO - Setting next_dagrun for tutorial_objectstorage to None, run_after=None
[2025-02-27T03:18:15.399+0000] {processor.py:208} INFO - Processing /home/airflow/.local/lib/python3.12/site-packages/airflow/example_dags/tutorial_objectstorage.py took 0.340 seconds
[2025-02-27T03:18:45.588+0000] {processor.py:186} INFO - Started process (PID=3060) to work on /home/airflow/.local/lib/python3.12/site-packages/airflow/example_dags/tutorial_objectstorage.py
[2025-02-27T03:18:45.589+0000] {processor.py:914} INFO - Processing file /home/airflow/.local/lib/python3.12/site-packages/airflow/example_dags/tutorial_objectstorage.py for tasks to queue
[2025-02-27T03:18:45.593+0000] {logging_mixin.py:190} INFO - [2025-02-27T03:18:45.592+0000] {dagbag.py:588} INFO - Filling up the DagBag from /home/airflow/.local/lib/python3.12/site-packages/airflow/example_dags/tutorial_objectstorage.py
[2025-02-27T03:18:45.609+0000] {processor.py:925} INFO - DAG(s) 'tutorial_objectstorage' retrieved from /home/airflow/.local/lib/python3.12/site-packages/airflow/example_dags/tutorial_objectstorage.py
[2025-02-27T03:18:45.739+0000] {logging_mixin.py:190} INFO - [2025-02-27T03:18:45.738+0000] {dag.py:3239} INFO - Sync 1 DAGs
[2025-02-27T03:18:45.768+0000] {logging_mixin.py:190} INFO - [2025-02-27T03:18:45.767+0000] {dag.py:4180} INFO - Setting next_dagrun for tutorial_objectstorage to None, run_after=None
[2025-02-27T03:18:45.831+0000] {processor.py:208} INFO - Processing /home/airflow/.local/lib/python3.12/site-packages/airflow/example_dags/tutorial_objectstorage.py took 0.252 seconds
[2025-02-27T03:19:17.050+0000] {processor.py:186} INFO - Started process (PID=3123) to work on /home/airflow/.local/lib/python3.12/site-packages/airflow/example_dags/tutorial_objectstorage.py
[2025-02-27T03:19:17.053+0000] {processor.py:914} INFO - Processing file /home/airflow/.local/lib/python3.12/site-packages/airflow/example_dags/tutorial_objectstorage.py for tasks to queue
[2025-02-27T03:19:17.057+0000] {logging_mixin.py:190} INFO - [2025-02-27T03:19:17.056+0000] {dagbag.py:588} INFO - Filling up the DagBag from /home/airflow/.local/lib/python3.12/site-packages/airflow/example_dags/tutorial_objectstorage.py
[2025-02-27T03:19:17.086+0000] {processor.py:925} INFO - DAG(s) 'tutorial_objectstorage' retrieved from /home/airflow/.local/lib/python3.12/site-packages/airflow/example_dags/tutorial_objectstorage.py
[2025-02-27T03:19:17.306+0000] {logging_mixin.py:190} INFO - [2025-02-27T03:19:17.305+0000] {dag.py:3239} INFO - Sync 1 DAGs
[2025-02-27T03:19:17.377+0000] {logging_mixin.py:190} INFO - [2025-02-27T03:19:17.375+0000] {dag.py:4180} INFO - Setting next_dagrun for tutorial_objectstorage to None, run_after=None
[2025-02-27T03:19:17.444+0000] {processor.py:208} INFO - Processing /home/airflow/.local/lib/python3.12/site-packages/airflow/example_dags/tutorial_objectstorage.py took 0.406 seconds
[2025-02-27T03:19:48.296+0000] {processor.py:186} INFO - Started process (PID=3187) to work on /home/airflow/.local/lib/python3.12/site-packages/airflow/example_dags/tutorial_objectstorage.py
[2025-02-27T03:19:48.298+0000] {processor.py:914} INFO - Processing file /home/airflow/.local/lib/python3.12/site-packages/airflow/example_dags/tutorial_objectstorage.py for tasks to queue
[2025-02-27T03:19:48.302+0000] {logging_mixin.py:190} INFO - [2025-02-27T03:19:48.302+0000] {dagbag.py:588} INFO - Filling up the DagBag from /home/airflow/.local/lib/python3.12/site-packages/airflow/example_dags/tutorial_objectstorage.py
[2025-02-27T03:19:48.321+0000] {processor.py:925} INFO - DAG(s) 'tutorial_objectstorage' retrieved from /home/airflow/.local/lib/python3.12/site-packages/airflow/example_dags/tutorial_objectstorage.py
[2025-02-27T03:19:48.494+0000] {logging_mixin.py:190} INFO - [2025-02-27T03:19:48.494+0000] {dag.py:3239} INFO - Sync 1 DAGs
[2025-02-27T03:19:48.545+0000] {logging_mixin.py:190} INFO - [2025-02-27T03:19:48.545+0000] {dag.py:4180} INFO - Setting next_dagrun for tutorial_objectstorage to None, run_after=None
[2025-02-27T03:19:48.614+0000] {processor.py:208} INFO - Processing /home/airflow/.local/lib/python3.12/site-packages/airflow/example_dags/tutorial_objectstorage.py took 0.335 seconds
[2025-02-27T03:20:18.861+0000] {processor.py:186} INFO - Started process (PID=3250) to work on /home/airflow/.local/lib/python3.12/site-packages/airflow/example_dags/tutorial_objectstorage.py
[2025-02-27T03:20:18.862+0000] {processor.py:914} INFO - Processing file /home/airflow/.local/lib/python3.12/site-packages/airflow/example_dags/tutorial_objectstorage.py for tasks to queue
[2025-02-27T03:20:18.866+0000] {logging_mixin.py:190} INFO - [2025-02-27T03:20:18.865+0000] {dagbag.py:588} INFO - Filling up the DagBag from /home/airflow/.local/lib/python3.12/site-packages/airflow/example_dags/tutorial_objectstorage.py
[2025-02-27T03:20:18.881+0000] {processor.py:925} INFO - DAG(s) 'tutorial_objectstorage' retrieved from /home/airflow/.local/lib/python3.12/site-packages/airflow/example_dags/tutorial_objectstorage.py
[2025-02-27T03:20:19.018+0000] {logging_mixin.py:190} INFO - [2025-02-27T03:20:19.018+0000] {dag.py:3239} INFO - Sync 1 DAGs
[2025-02-27T03:20:19.061+0000] {logging_mixin.py:190} INFO - [2025-02-27T03:20:19.060+0000] {dag.py:4180} INFO - Setting next_dagrun for tutorial_objectstorage to None, run_after=None
[2025-02-27T03:20:19.113+0000] {processor.py:208} INFO - Processing /home/airflow/.local/lib/python3.12/site-packages/airflow/example_dags/tutorial_objectstorage.py took 0.262 seconds
[2025-02-27T03:20:49.424+0000] {processor.py:186} INFO - Started process (PID=3312) to work on /home/airflow/.local/lib/python3.12/site-packages/airflow/example_dags/tutorial_objectstorage.py
[2025-02-27T03:20:49.426+0000] {processor.py:914} INFO - Processing file /home/airflow/.local/lib/python3.12/site-packages/airflow/example_dags/tutorial_objectstorage.py for tasks to queue
[2025-02-27T03:20:49.429+0000] {logging_mixin.py:190} INFO - [2025-02-27T03:20:49.429+0000] {dagbag.py:588} INFO - Filling up the DagBag from /home/airflow/.local/lib/python3.12/site-packages/airflow/example_dags/tutorial_objectstorage.py
[2025-02-27T03:20:49.445+0000] {processor.py:925} INFO - DAG(s) 'tutorial_objectstorage' retrieved from /home/airflow/.local/lib/python3.12/site-packages/airflow/example_dags/tutorial_objectstorage.py
[2025-02-27T03:20:49.593+0000] {logging_mixin.py:190} INFO - [2025-02-27T03:20:49.592+0000] {dag.py:3239} INFO - Sync 1 DAGs
[2025-02-27T03:20:49.645+0000] {logging_mixin.py:190} INFO - [2025-02-27T03:20:49.644+0000] {dag.py:4180} INFO - Setting next_dagrun for tutorial_objectstorage to None, run_after=None
[2025-02-27T03:20:49.701+0000] {processor.py:208} INFO - Processing /home/airflow/.local/lib/python3.12/site-packages/airflow/example_dags/tutorial_objectstorage.py took 0.286 seconds
