[2025-02-27T02:51:34.360+0000] {processor.py:186} INFO - Started process (PID=107) to work on /home/airflow/.local/lib/python3.12/site-packages/airflow/example_dags/tutorial_dag.py
[2025-02-27T02:51:34.363+0000] {processor.py:914} INFO - Processing file /home/airflow/.local/lib/python3.12/site-packages/airflow/example_dags/tutorial_dag.py for tasks to queue
[2025-02-27T02:51:34.367+0000] {logging_mixin.py:190} INFO - [2025-02-27T02:51:34.367+0000] {dagbag.py:588} INFO - Filling up the DagBag from /home/airflow/.local/lib/python3.12/site-packages/airflow/example_dags/tutorial_dag.py
[2025-02-27T02:51:34.384+0000] {processor.py:925} INFO - DAG(s) 'tutorial_dag' retrieved from /home/airflow/.local/lib/python3.12/site-packages/airflow/example_dags/tutorial_dag.py
[2025-02-27T02:51:34.682+0000] {logging_mixin.py:190} INFO - [2025-02-27T02:51:34.680+0000] {override.py:1912} INFO - Created Permission View: can delete on DAG:tutorial_dag
[2025-02-27T02:51:34.709+0000] {logging_mixin.py:190} INFO - [2025-02-27T02:51:34.708+0000] {override.py:1912} INFO - Created Permission View: can read on DAG:tutorial_dag
[2025-02-27T02:51:34.728+0000] {logging_mixin.py:190} INFO - [2025-02-27T02:51:34.727+0000] {override.py:1912} INFO - Created Permission View: can edit on DAG:tutorial_dag
[2025-02-27T02:51:34.750+0000] {logging_mixin.py:190} INFO - [2025-02-27T02:51:34.750+0000] {override.py:1912} INFO - Created Permission View: menu access on DAG Run:tutorial_dag
[2025-02-27T02:51:34.769+0000] {logging_mixin.py:190} INFO - [2025-02-27T02:51:34.768+0000] {override.py:1912} INFO - Created Permission View: can delete on DAG Run:tutorial_dag
[2025-02-27T02:51:34.791+0000] {logging_mixin.py:190} INFO - [2025-02-27T02:51:34.790+0000] {override.py:1912} INFO - Created Permission View: can read on DAG Run:tutorial_dag
[2025-02-27T02:51:34.813+0000] {logging_mixin.py:190} INFO - [2025-02-27T02:51:34.812+0000] {override.py:1912} INFO - Created Permission View: can create on DAG Run:tutorial_dag
[2025-02-27T02:51:34.814+0000] {logging_mixin.py:190} INFO - [2025-02-27T02:51:34.814+0000] {dag.py:3239} INFO - Sync 1 DAGs
[2025-02-27T02:51:34.846+0000] {logging_mixin.py:190} INFO - [2025-02-27T02:51:34.845+0000] {dag.py:3262} INFO - Creating ORM DAG for tutorial_dag
[2025-02-27T02:51:34.848+0000] {logging_mixin.py:190} INFO - [2025-02-27T02:51:34.847+0000] {dag.py:4180} INFO - Setting next_dagrun for tutorial_dag to None, run_after=None
[2025-02-27T02:51:34.886+0000] {processor.py:208} INFO - Processing /home/airflow/.local/lib/python3.12/site-packages/airflow/example_dags/tutorial_dag.py took 0.537 seconds
[2025-02-27T02:54:19.567+0000] {processor.py:186} INFO - Started process (PID=109) to work on /home/airflow/.local/lib/python3.12/site-packages/airflow/example_dags/tutorial_dag.py
[2025-02-27T02:54:19.569+0000] {processor.py:914} INFO - Processing file /home/airflow/.local/lib/python3.12/site-packages/airflow/example_dags/tutorial_dag.py for tasks to queue
[2025-02-27T02:54:19.572+0000] {logging_mixin.py:190} INFO - [2025-02-27T02:54:19.572+0000] {dagbag.py:588} INFO - Filling up the DagBag from /home/airflow/.local/lib/python3.12/site-packages/airflow/example_dags/tutorial_dag.py
[2025-02-27T02:54:19.588+0000] {processor.py:925} INFO - DAG(s) 'tutorial_dag' retrieved from /home/airflow/.local/lib/python3.12/site-packages/airflow/example_dags/tutorial_dag.py
[2025-02-27T02:54:20.055+0000] {logging_mixin.py:190} INFO - [2025-02-27T02:54:20.053+0000] {override.py:1912} INFO - Created Permission View: can read on DAG:tutorial_dag
[2025-02-27T02:54:20.093+0000] {logging_mixin.py:190} INFO - [2025-02-27T02:54:20.092+0000] {override.py:1912} INFO - Created Permission View: can delete on DAG:tutorial_dag
[2025-02-27T02:54:20.121+0000] {logging_mixin.py:190} INFO - [2025-02-27T02:54:20.120+0000] {override.py:1912} INFO - Created Permission View: can edit on DAG:tutorial_dag
[2025-02-27T02:54:20.147+0000] {logging_mixin.py:190} INFO - [2025-02-27T02:54:20.146+0000] {override.py:1912} INFO - Created Permission View: can read on DAG Run:tutorial_dag
[2025-02-27T02:54:20.173+0000] {logging_mixin.py:190} INFO - [2025-02-27T02:54:20.173+0000] {override.py:1912} INFO - Created Permission View: menu access on DAG Run:tutorial_dag
[2025-02-27T02:54:20.230+0000] {logging_mixin.py:190} INFO - [2025-02-27T02:54:20.229+0000] {override.py:1912} INFO - Created Permission View: can delete on DAG Run:tutorial_dag
[2025-02-27T02:54:20.278+0000] {logging_mixin.py:190} INFO - [2025-02-27T02:54:20.277+0000] {override.py:1912} INFO - Created Permission View: can create on DAG Run:tutorial_dag
[2025-02-27T02:54:20.284+0000] {logging_mixin.py:190} INFO - [2025-02-27T02:54:20.284+0000] {dag.py:3239} INFO - Sync 1 DAGs
[2025-02-27T02:54:20.406+0000] {logging_mixin.py:190} INFO - [2025-02-27T02:54:20.405+0000] {dag.py:3262} INFO - Creating ORM DAG for tutorial_dag
[2025-02-27T02:54:20.408+0000] {logging_mixin.py:190} INFO - [2025-02-27T02:54:20.407+0000] {dag.py:4180} INFO - Setting next_dagrun for tutorial_dag to None, run_after=None
[2025-02-27T02:54:20.522+0000] {processor.py:208} INFO - Processing /home/airflow/.local/lib/python3.12/site-packages/airflow/example_dags/tutorial_dag.py took 0.967 seconds
[2025-02-27T02:54:51.126+0000] {processor.py:186} INFO - Started process (PID=172) to work on /home/airflow/.local/lib/python3.12/site-packages/airflow/example_dags/tutorial_dag.py
[2025-02-27T02:54:51.129+0000] {processor.py:914} INFO - Processing file /home/airflow/.local/lib/python3.12/site-packages/airflow/example_dags/tutorial_dag.py for tasks to queue
[2025-02-27T02:54:51.133+0000] {logging_mixin.py:190} INFO - [2025-02-27T02:54:51.133+0000] {dagbag.py:588} INFO - Filling up the DagBag from /home/airflow/.local/lib/python3.12/site-packages/airflow/example_dags/tutorial_dag.py
[2025-02-27T02:54:51.154+0000] {processor.py:925} INFO - DAG(s) 'tutorial_dag' retrieved from /home/airflow/.local/lib/python3.12/site-packages/airflow/example_dags/tutorial_dag.py
[2025-02-27T02:54:51.365+0000] {logging_mixin.py:190} INFO - [2025-02-27T02:54:51.364+0000] {dag.py:3239} INFO - Sync 1 DAGs
[2025-02-27T02:54:51.439+0000] {logging_mixin.py:190} INFO - [2025-02-27T02:54:51.438+0000] {dag.py:4180} INFO - Setting next_dagrun for tutorial_dag to None, run_after=None
[2025-02-27T02:54:51.520+0000] {processor.py:208} INFO - Processing /home/airflow/.local/lib/python3.12/site-packages/airflow/example_dags/tutorial_dag.py took 0.406 seconds
[2025-02-27T02:55:22.310+0000] {processor.py:186} INFO - Started process (PID=235) to work on /home/airflow/.local/lib/python3.12/site-packages/airflow/example_dags/tutorial_dag.py
[2025-02-27T02:55:22.312+0000] {processor.py:914} INFO - Processing file /home/airflow/.local/lib/python3.12/site-packages/airflow/example_dags/tutorial_dag.py for tasks to queue
[2025-02-27T02:55:22.316+0000] {logging_mixin.py:190} INFO - [2025-02-27T02:55:22.315+0000] {dagbag.py:588} INFO - Filling up the DagBag from /home/airflow/.local/lib/python3.12/site-packages/airflow/example_dags/tutorial_dag.py
[2025-02-27T02:55:22.330+0000] {processor.py:925} INFO - DAG(s) 'tutorial_dag' retrieved from /home/airflow/.local/lib/python3.12/site-packages/airflow/example_dags/tutorial_dag.py
[2025-02-27T02:55:22.519+0000] {logging_mixin.py:190} INFO - [2025-02-27T02:55:22.518+0000] {dag.py:3239} INFO - Sync 1 DAGs
[2025-02-27T02:55:22.581+0000] {logging_mixin.py:190} INFO - [2025-02-27T02:55:22.581+0000] {dag.py:4180} INFO - Setting next_dagrun for tutorial_dag to None, run_after=None
[2025-02-27T02:55:22.632+0000] {processor.py:208} INFO - Processing /home/airflow/.local/lib/python3.12/site-packages/airflow/example_dags/tutorial_dag.py took 0.330 seconds
[2025-02-27T02:55:52.789+0000] {processor.py:186} INFO - Started process (PID=298) to work on /home/airflow/.local/lib/python3.12/site-packages/airflow/example_dags/tutorial_dag.py
[2025-02-27T02:55:52.790+0000] {processor.py:914} INFO - Processing file /home/airflow/.local/lib/python3.12/site-packages/airflow/example_dags/tutorial_dag.py for tasks to queue
[2025-02-27T02:55:52.795+0000] {logging_mixin.py:190} INFO - [2025-02-27T02:55:52.794+0000] {dagbag.py:588} INFO - Filling up the DagBag from /home/airflow/.local/lib/python3.12/site-packages/airflow/example_dags/tutorial_dag.py
[2025-02-27T02:55:52.808+0000] {processor.py:925} INFO - DAG(s) 'tutorial_dag' retrieved from /home/airflow/.local/lib/python3.12/site-packages/airflow/example_dags/tutorial_dag.py
[2025-02-27T02:55:52.968+0000] {logging_mixin.py:190} INFO - [2025-02-27T02:55:52.967+0000] {dag.py:3239} INFO - Sync 1 DAGs
[2025-02-27T02:55:53.009+0000] {logging_mixin.py:190} INFO - [2025-02-27T02:55:53.008+0000] {dag.py:4180} INFO - Setting next_dagrun for tutorial_dag to None, run_after=None
[2025-02-27T02:55:53.073+0000] {processor.py:208} INFO - Processing /home/airflow/.local/lib/python3.12/site-packages/airflow/example_dags/tutorial_dag.py took 0.295 seconds
[2025-02-27T02:56:24.045+0000] {processor.py:186} INFO - Started process (PID=361) to work on /home/airflow/.local/lib/python3.12/site-packages/airflow/example_dags/tutorial_dag.py
[2025-02-27T02:56:24.047+0000] {processor.py:914} INFO - Processing file /home/airflow/.local/lib/python3.12/site-packages/airflow/example_dags/tutorial_dag.py for tasks to queue
[2025-02-27T02:56:24.050+0000] {logging_mixin.py:190} INFO - [2025-02-27T02:56:24.050+0000] {dagbag.py:588} INFO - Filling up the DagBag from /home/airflow/.local/lib/python3.12/site-packages/airflow/example_dags/tutorial_dag.py
[2025-02-27T02:56:24.063+0000] {processor.py:925} INFO - DAG(s) 'tutorial_dag' retrieved from /home/airflow/.local/lib/python3.12/site-packages/airflow/example_dags/tutorial_dag.py
[2025-02-27T02:56:24.232+0000] {logging_mixin.py:190} INFO - [2025-02-27T02:56:24.231+0000] {dag.py:3239} INFO - Sync 1 DAGs
[2025-02-27T02:56:24.285+0000] {logging_mixin.py:190} INFO - [2025-02-27T02:56:24.285+0000] {dag.py:4180} INFO - Setting next_dagrun for tutorial_dag to None, run_after=None
[2025-02-27T02:56:24.352+0000] {processor.py:208} INFO - Processing /home/airflow/.local/lib/python3.12/site-packages/airflow/example_dags/tutorial_dag.py took 0.317 seconds
[2025-02-27T02:56:55.026+0000] {processor.py:186} INFO - Started process (PID=424) to work on /home/airflow/.local/lib/python3.12/site-packages/airflow/example_dags/tutorial_dag.py
[2025-02-27T02:56:55.028+0000] {processor.py:914} INFO - Processing file /home/airflow/.local/lib/python3.12/site-packages/airflow/example_dags/tutorial_dag.py for tasks to queue
[2025-02-27T02:56:55.033+0000] {logging_mixin.py:190} INFO - [2025-02-27T02:56:55.033+0000] {dagbag.py:588} INFO - Filling up the DagBag from /home/airflow/.local/lib/python3.12/site-packages/airflow/example_dags/tutorial_dag.py
[2025-02-27T02:56:55.048+0000] {processor.py:925} INFO - DAG(s) 'tutorial_dag' retrieved from /home/airflow/.local/lib/python3.12/site-packages/airflow/example_dags/tutorial_dag.py
[2025-02-27T02:56:55.220+0000] {logging_mixin.py:190} INFO - [2025-02-27T02:56:55.219+0000] {dag.py:3239} INFO - Sync 1 DAGs
[2025-02-27T02:56:55.289+0000] {logging_mixin.py:190} INFO - [2025-02-27T02:56:55.289+0000] {dag.py:4180} INFO - Setting next_dagrun for tutorial_dag to None, run_after=None
[2025-02-27T02:56:55.362+0000] {processor.py:208} INFO - Processing /home/airflow/.local/lib/python3.12/site-packages/airflow/example_dags/tutorial_dag.py took 0.345 seconds
[2025-02-27T02:57:25.472+0000] {processor.py:186} INFO - Started process (PID=486) to work on /home/airflow/.local/lib/python3.12/site-packages/airflow/example_dags/tutorial_dag.py
[2025-02-27T02:57:25.477+0000] {processor.py:914} INFO - Processing file /home/airflow/.local/lib/python3.12/site-packages/airflow/example_dags/tutorial_dag.py for tasks to queue
[2025-02-27T02:57:25.482+0000] {logging_mixin.py:190} INFO - [2025-02-27T02:57:25.481+0000] {dagbag.py:588} INFO - Filling up the DagBag from /home/airflow/.local/lib/python3.12/site-packages/airflow/example_dags/tutorial_dag.py
[2025-02-27T02:57:25.497+0000] {processor.py:925} INFO - DAG(s) 'tutorial_dag' retrieved from /home/airflow/.local/lib/python3.12/site-packages/airflow/example_dags/tutorial_dag.py
[2025-02-27T02:57:25.703+0000] {logging_mixin.py:190} INFO - [2025-02-27T02:57:25.703+0000] {dag.py:3239} INFO - Sync 1 DAGs
[2025-02-27T02:57:25.773+0000] {logging_mixin.py:190} INFO - [2025-02-27T02:57:25.773+0000] {dag.py:4180} INFO - Setting next_dagrun for tutorial_dag to None, run_after=None
[2025-02-27T02:57:25.856+0000] {processor.py:208} INFO - Processing /home/airflow/.local/lib/python3.12/site-packages/airflow/example_dags/tutorial_dag.py took 0.402 seconds
[2025-02-27T02:57:56.422+0000] {processor.py:186} INFO - Started process (PID=549) to work on /home/airflow/.local/lib/python3.12/site-packages/airflow/example_dags/tutorial_dag.py
[2025-02-27T02:57:56.428+0000] {processor.py:914} INFO - Processing file /home/airflow/.local/lib/python3.12/site-packages/airflow/example_dags/tutorial_dag.py for tasks to queue
[2025-02-27T02:57:56.433+0000] {logging_mixin.py:190} INFO - [2025-02-27T02:57:56.432+0000] {dagbag.py:588} INFO - Filling up the DagBag from /home/airflow/.local/lib/python3.12/site-packages/airflow/example_dags/tutorial_dag.py
[2025-02-27T02:57:56.456+0000] {processor.py:925} INFO - DAG(s) 'tutorial_dag' retrieved from /home/airflow/.local/lib/python3.12/site-packages/airflow/example_dags/tutorial_dag.py
[2025-02-27T02:57:56.671+0000] {logging_mixin.py:190} INFO - [2025-02-27T02:57:56.670+0000] {dag.py:3239} INFO - Sync 1 DAGs
[2025-02-27T02:57:56.717+0000] {logging_mixin.py:190} INFO - [2025-02-27T02:57:56.716+0000] {dag.py:4180} INFO - Setting next_dagrun for tutorial_dag to None, run_after=None
[2025-02-27T02:57:56.775+0000] {processor.py:208} INFO - Processing /home/airflow/.local/lib/python3.12/site-packages/airflow/example_dags/tutorial_dag.py took 0.374 seconds
[2025-02-27T02:58:29.130+0000] {processor.py:186} INFO - Started process (PID=612) to work on /home/airflow/.local/lib/python3.12/site-packages/airflow/example_dags/tutorial_dag.py
[2025-02-27T02:58:29.137+0000] {processor.py:914} INFO - Processing file /home/airflow/.local/lib/python3.12/site-packages/airflow/example_dags/tutorial_dag.py for tasks to queue
[2025-02-27T02:58:29.141+0000] {logging_mixin.py:190} INFO - [2025-02-27T02:58:29.140+0000] {dagbag.py:588} INFO - Filling up the DagBag from /home/airflow/.local/lib/python3.12/site-packages/airflow/example_dags/tutorial_dag.py
[2025-02-27T02:58:29.155+0000] {processor.py:925} INFO - DAG(s) 'tutorial_dag' retrieved from /home/airflow/.local/lib/python3.12/site-packages/airflow/example_dags/tutorial_dag.py
[2025-02-27T02:58:29.337+0000] {logging_mixin.py:190} INFO - [2025-02-27T02:58:29.337+0000] {dag.py:3239} INFO - Sync 1 DAGs
[2025-02-27T02:58:29.386+0000] {logging_mixin.py:190} INFO - [2025-02-27T02:58:29.385+0000] {dag.py:4180} INFO - Setting next_dagrun for tutorial_dag to None, run_after=None
[2025-02-27T02:58:29.442+0000] {processor.py:208} INFO - Processing /home/airflow/.local/lib/python3.12/site-packages/airflow/example_dags/tutorial_dag.py took 0.322 seconds
[2025-02-27T02:59:00.391+0000] {processor.py:186} INFO - Started process (PID=675) to work on /home/airflow/.local/lib/python3.12/site-packages/airflow/example_dags/tutorial_dag.py
[2025-02-27T02:59:00.393+0000] {processor.py:914} INFO - Processing file /home/airflow/.local/lib/python3.12/site-packages/airflow/example_dags/tutorial_dag.py for tasks to queue
[2025-02-27T02:59:00.398+0000] {logging_mixin.py:190} INFO - [2025-02-27T02:59:00.397+0000] {dagbag.py:588} INFO - Filling up the DagBag from /home/airflow/.local/lib/python3.12/site-packages/airflow/example_dags/tutorial_dag.py
[2025-02-27T02:59:00.413+0000] {processor.py:925} INFO - DAG(s) 'tutorial_dag' retrieved from /home/airflow/.local/lib/python3.12/site-packages/airflow/example_dags/tutorial_dag.py
[2025-02-27T02:59:00.580+0000] {logging_mixin.py:190} INFO - [2025-02-27T02:59:00.579+0000] {dag.py:3239} INFO - Sync 1 DAGs
[2025-02-27T02:59:00.652+0000] {logging_mixin.py:190} INFO - [2025-02-27T02:59:00.652+0000] {dag.py:4180} INFO - Setting next_dagrun for tutorial_dag to None, run_after=None
[2025-02-27T02:59:00.744+0000] {processor.py:208} INFO - Processing /home/airflow/.local/lib/python3.12/site-packages/airflow/example_dags/tutorial_dag.py took 0.361 seconds
[2025-02-27T02:59:34.574+0000] {processor.py:186} INFO - Started process (PID=738) to work on /home/airflow/.local/lib/python3.12/site-packages/airflow/example_dags/tutorial_dag.py
[2025-02-27T02:59:34.576+0000] {processor.py:914} INFO - Processing file /home/airflow/.local/lib/python3.12/site-packages/airflow/example_dags/tutorial_dag.py for tasks to queue
[2025-02-27T02:59:34.580+0000] {logging_mixin.py:190} INFO - [2025-02-27T02:59:34.579+0000] {dagbag.py:588} INFO - Filling up the DagBag from /home/airflow/.local/lib/python3.12/site-packages/airflow/example_dags/tutorial_dag.py
[2025-02-27T02:59:34.592+0000] {processor.py:925} INFO - DAG(s) 'tutorial_dag' retrieved from /home/airflow/.local/lib/python3.12/site-packages/airflow/example_dags/tutorial_dag.py
[2025-02-27T02:59:34.789+0000] {logging_mixin.py:190} INFO - [2025-02-27T02:59:34.788+0000] {dag.py:3239} INFO - Sync 1 DAGs
[2025-02-27T02:59:34.856+0000] {logging_mixin.py:190} INFO - [2025-02-27T02:59:34.856+0000] {dag.py:4180} INFO - Setting next_dagrun for tutorial_dag to None, run_after=None
[2025-02-27T02:59:34.946+0000] {processor.py:208} INFO - Processing /home/airflow/.local/lib/python3.12/site-packages/airflow/example_dags/tutorial_dag.py took 0.380 seconds
[2025-02-27T03:00:05.321+0000] {processor.py:186} INFO - Started process (PID=800) to work on /home/airflow/.local/lib/python3.12/site-packages/airflow/example_dags/tutorial_dag.py
[2025-02-27T03:00:05.323+0000] {processor.py:914} INFO - Processing file /home/airflow/.local/lib/python3.12/site-packages/airflow/example_dags/tutorial_dag.py for tasks to queue
[2025-02-27T03:00:05.327+0000] {logging_mixin.py:190} INFO - [2025-02-27T03:00:05.326+0000] {dagbag.py:588} INFO - Filling up the DagBag from /home/airflow/.local/lib/python3.12/site-packages/airflow/example_dags/tutorial_dag.py
[2025-02-27T03:00:05.342+0000] {processor.py:925} INFO - DAG(s) 'tutorial_dag' retrieved from /home/airflow/.local/lib/python3.12/site-packages/airflow/example_dags/tutorial_dag.py
[2025-02-27T03:00:05.520+0000] {logging_mixin.py:190} INFO - [2025-02-27T03:00:05.520+0000] {dag.py:3239} INFO - Sync 1 DAGs
[2025-02-27T03:00:05.588+0000] {logging_mixin.py:190} INFO - [2025-02-27T03:00:05.587+0000] {dag.py:4180} INFO - Setting next_dagrun for tutorial_dag to None, run_after=None
[2025-02-27T03:00:05.668+0000] {processor.py:208} INFO - Processing /home/airflow/.local/lib/python3.12/site-packages/airflow/example_dags/tutorial_dag.py took 0.364 seconds
[2025-02-27T03:00:36.050+0000] {processor.py:186} INFO - Started process (PID=863) to work on /home/airflow/.local/lib/python3.12/site-packages/airflow/example_dags/tutorial_dag.py
[2025-02-27T03:00:36.052+0000] {processor.py:914} INFO - Processing file /home/airflow/.local/lib/python3.12/site-packages/airflow/example_dags/tutorial_dag.py for tasks to queue
[2025-02-27T03:00:36.056+0000] {logging_mixin.py:190} INFO - [2025-02-27T03:00:36.056+0000] {dagbag.py:588} INFO - Filling up the DagBag from /home/airflow/.local/lib/python3.12/site-packages/airflow/example_dags/tutorial_dag.py
[2025-02-27T03:00:36.076+0000] {processor.py:925} INFO - DAG(s) 'tutorial_dag' retrieved from /home/airflow/.local/lib/python3.12/site-packages/airflow/example_dags/tutorial_dag.py
[2025-02-27T03:00:36.311+0000] {logging_mixin.py:190} INFO - [2025-02-27T03:00:36.308+0000] {dag.py:3239} INFO - Sync 1 DAGs
[2025-02-27T03:00:36.369+0000] {logging_mixin.py:190} INFO - [2025-02-27T03:00:36.369+0000] {dag.py:4180} INFO - Setting next_dagrun for tutorial_dag to None, run_after=None
[2025-02-27T03:00:36.518+0000] {processor.py:208} INFO - Processing /home/airflow/.local/lib/python3.12/site-packages/airflow/example_dags/tutorial_dag.py took 0.485 seconds
[2025-02-27T03:01:08.127+0000] {processor.py:186} INFO - Started process (PID=926) to work on /home/airflow/.local/lib/python3.12/site-packages/airflow/example_dags/tutorial_dag.py
[2025-02-27T03:01:08.129+0000] {processor.py:914} INFO - Processing file /home/airflow/.local/lib/python3.12/site-packages/airflow/example_dags/tutorial_dag.py for tasks to queue
[2025-02-27T03:01:08.136+0000] {logging_mixin.py:190} INFO - [2025-02-27T03:01:08.135+0000] {dagbag.py:588} INFO - Filling up the DagBag from /home/airflow/.local/lib/python3.12/site-packages/airflow/example_dags/tutorial_dag.py
[2025-02-27T03:01:08.148+0000] {processor.py:925} INFO - DAG(s) 'tutorial_dag' retrieved from /home/airflow/.local/lib/python3.12/site-packages/airflow/example_dags/tutorial_dag.py
[2025-02-27T03:01:08.318+0000] {logging_mixin.py:190} INFO - [2025-02-27T03:01:08.317+0000] {dag.py:3239} INFO - Sync 1 DAGs
[2025-02-27T03:01:08.369+0000] {logging_mixin.py:190} INFO - [2025-02-27T03:01:08.368+0000] {dag.py:4180} INFO - Setting next_dagrun for tutorial_dag to None, run_after=None
[2025-02-27T03:01:08.422+0000] {processor.py:208} INFO - Processing /home/airflow/.local/lib/python3.12/site-packages/airflow/example_dags/tutorial_dag.py took 0.307 seconds
[2025-02-27T03:01:39.481+0000] {processor.py:186} INFO - Started process (PID=989) to work on /home/airflow/.local/lib/python3.12/site-packages/airflow/example_dags/tutorial_dag.py
[2025-02-27T03:01:39.483+0000] {processor.py:914} INFO - Processing file /home/airflow/.local/lib/python3.12/site-packages/airflow/example_dags/tutorial_dag.py for tasks to queue
[2025-02-27T03:01:39.487+0000] {logging_mixin.py:190} INFO - [2025-02-27T03:01:39.487+0000] {dagbag.py:588} INFO - Filling up the DagBag from /home/airflow/.local/lib/python3.12/site-packages/airflow/example_dags/tutorial_dag.py
[2025-02-27T03:01:39.502+0000] {processor.py:925} INFO - DAG(s) 'tutorial_dag' retrieved from /home/airflow/.local/lib/python3.12/site-packages/airflow/example_dags/tutorial_dag.py
[2025-02-27T03:01:39.667+0000] {logging_mixin.py:190} INFO - [2025-02-27T03:01:39.667+0000] {dag.py:3239} INFO - Sync 1 DAGs
[2025-02-27T03:01:39.720+0000] {logging_mixin.py:190} INFO - [2025-02-27T03:01:39.719+0000] {dag.py:4180} INFO - Setting next_dagrun for tutorial_dag to None, run_after=None
[2025-02-27T03:01:39.809+0000] {processor.py:208} INFO - Processing /home/airflow/.local/lib/python3.12/site-packages/airflow/example_dags/tutorial_dag.py took 0.341 seconds
[2025-02-27T03:02:12.255+0000] {processor.py:186} INFO - Started process (PID=1052) to work on /home/airflow/.local/lib/python3.12/site-packages/airflow/example_dags/tutorial_dag.py
[2025-02-27T03:02:12.256+0000] {processor.py:914} INFO - Processing file /home/airflow/.local/lib/python3.12/site-packages/airflow/example_dags/tutorial_dag.py for tasks to queue
[2025-02-27T03:02:12.261+0000] {logging_mixin.py:190} INFO - [2025-02-27T03:02:12.260+0000] {dagbag.py:588} INFO - Filling up the DagBag from /home/airflow/.local/lib/python3.12/site-packages/airflow/example_dags/tutorial_dag.py
[2025-02-27T03:02:12.276+0000] {processor.py:925} INFO - DAG(s) 'tutorial_dag' retrieved from /home/airflow/.local/lib/python3.12/site-packages/airflow/example_dags/tutorial_dag.py
[2025-02-27T03:02:12.436+0000] {logging_mixin.py:190} INFO - [2025-02-27T03:02:12.435+0000] {dag.py:3239} INFO - Sync 1 DAGs
[2025-02-27T03:02:12.491+0000] {logging_mixin.py:190} INFO - [2025-02-27T03:02:12.490+0000] {dag.py:4180} INFO - Setting next_dagrun for tutorial_dag to None, run_after=None
[2025-02-27T03:02:12.566+0000] {processor.py:208} INFO - Processing /home/airflow/.local/lib/python3.12/site-packages/airflow/example_dags/tutorial_dag.py took 0.322 seconds
[2025-02-27T03:02:45.261+0000] {processor.py:186} INFO - Started process (PID=1115) to work on /home/airflow/.local/lib/python3.12/site-packages/airflow/example_dags/tutorial_dag.py
[2025-02-27T03:02:45.262+0000] {processor.py:914} INFO - Processing file /home/airflow/.local/lib/python3.12/site-packages/airflow/example_dags/tutorial_dag.py for tasks to queue
[2025-02-27T03:02:45.266+0000] {logging_mixin.py:190} INFO - [2025-02-27T03:02:45.265+0000] {dagbag.py:588} INFO - Filling up the DagBag from /home/airflow/.local/lib/python3.12/site-packages/airflow/example_dags/tutorial_dag.py
[2025-02-27T03:02:45.280+0000] {processor.py:925} INFO - DAG(s) 'tutorial_dag' retrieved from /home/airflow/.local/lib/python3.12/site-packages/airflow/example_dags/tutorial_dag.py
[2025-02-27T03:02:45.454+0000] {logging_mixin.py:190} INFO - [2025-02-27T03:02:45.453+0000] {dag.py:3239} INFO - Sync 1 DAGs
[2025-02-27T03:02:45.507+0000] {logging_mixin.py:190} INFO - [2025-02-27T03:02:45.507+0000] {dag.py:4180} INFO - Setting next_dagrun for tutorial_dag to None, run_after=None
[2025-02-27T03:02:45.567+0000] {processor.py:208} INFO - Processing /home/airflow/.local/lib/python3.12/site-packages/airflow/example_dags/tutorial_dag.py took 0.315 seconds
[2025-02-27T03:03:17.182+0000] {processor.py:186} INFO - Started process (PID=1178) to work on /home/airflow/.local/lib/python3.12/site-packages/airflow/example_dags/tutorial_dag.py
[2025-02-27T03:03:17.184+0000] {processor.py:914} INFO - Processing file /home/airflow/.local/lib/python3.12/site-packages/airflow/example_dags/tutorial_dag.py for tasks to queue
[2025-02-27T03:03:17.189+0000] {logging_mixin.py:190} INFO - [2025-02-27T03:03:17.188+0000] {dagbag.py:588} INFO - Filling up the DagBag from /home/airflow/.local/lib/python3.12/site-packages/airflow/example_dags/tutorial_dag.py
[2025-02-27T03:03:17.213+0000] {processor.py:925} INFO - DAG(s) 'tutorial_dag' retrieved from /home/airflow/.local/lib/python3.12/site-packages/airflow/example_dags/tutorial_dag.py
[2025-02-27T03:03:17.715+0000] {logging_mixin.py:190} INFO - [2025-02-27T03:03:17.715+0000] {dag.py:3239} INFO - Sync 1 DAGs
[2025-02-27T03:03:17.775+0000] {logging_mixin.py:190} INFO - [2025-02-27T03:03:17.774+0000] {dag.py:4180} INFO - Setting next_dagrun for tutorial_dag to None, run_after=None
[2025-02-27T03:03:17.863+0000] {processor.py:208} INFO - Processing /home/airflow/.local/lib/python3.12/site-packages/airflow/example_dags/tutorial_dag.py took 0.697 seconds
[2025-02-27T03:03:49.703+0000] {processor.py:186} INFO - Started process (PID=1249) to work on /home/airflow/.local/lib/python3.12/site-packages/airflow/example_dags/tutorial_dag.py
[2025-02-27T03:03:49.704+0000] {processor.py:914} INFO - Processing file /home/airflow/.local/lib/python3.12/site-packages/airflow/example_dags/tutorial_dag.py for tasks to queue
[2025-02-27T03:03:49.709+0000] {logging_mixin.py:190} INFO - [2025-02-27T03:03:49.708+0000] {dagbag.py:588} INFO - Filling up the DagBag from /home/airflow/.local/lib/python3.12/site-packages/airflow/example_dags/tutorial_dag.py
[2025-02-27T03:03:49.723+0000] {processor.py:925} INFO - DAG(s) 'tutorial_dag' retrieved from /home/airflow/.local/lib/python3.12/site-packages/airflow/example_dags/tutorial_dag.py
[2025-02-27T03:03:49.954+0000] {logging_mixin.py:190} INFO - [2025-02-27T03:03:49.954+0000] {dag.py:3239} INFO - Sync 1 DAGs
[2025-02-27T03:03:50.018+0000] {logging_mixin.py:190} INFO - [2025-02-27T03:03:50.017+0000] {dag.py:4180} INFO - Setting next_dagrun for tutorial_dag to None, run_after=None
[2025-02-27T03:03:50.076+0000] {processor.py:208} INFO - Processing /home/airflow/.local/lib/python3.12/site-packages/airflow/example_dags/tutorial_dag.py took 0.384 seconds
[2025-02-27T03:04:20.807+0000] {processor.py:186} INFO - Started process (PID=1312) to work on /home/airflow/.local/lib/python3.12/site-packages/airflow/example_dags/tutorial_dag.py
[2025-02-27T03:04:20.809+0000] {processor.py:914} INFO - Processing file /home/airflow/.local/lib/python3.12/site-packages/airflow/example_dags/tutorial_dag.py for tasks to queue
[2025-02-27T03:04:20.816+0000] {logging_mixin.py:190} INFO - [2025-02-27T03:04:20.815+0000] {dagbag.py:588} INFO - Filling up the DagBag from /home/airflow/.local/lib/python3.12/site-packages/airflow/example_dags/tutorial_dag.py
[2025-02-27T03:04:20.833+0000] {processor.py:925} INFO - DAG(s) 'tutorial_dag' retrieved from /home/airflow/.local/lib/python3.12/site-packages/airflow/example_dags/tutorial_dag.py
[2025-02-27T03:04:21.052+0000] {logging_mixin.py:190} INFO - [2025-02-27T03:04:21.052+0000] {dag.py:3239} INFO - Sync 1 DAGs
[2025-02-27T03:04:21.113+0000] {logging_mixin.py:190} INFO - [2025-02-27T03:04:21.112+0000] {dag.py:4180} INFO - Setting next_dagrun for tutorial_dag to None, run_after=None
[2025-02-27T03:04:21.199+0000] {processor.py:208} INFO - Processing /home/airflow/.local/lib/python3.12/site-packages/airflow/example_dags/tutorial_dag.py took 0.403 seconds
[2025-02-27T03:04:52.775+0000] {processor.py:186} INFO - Started process (PID=1374) to work on /home/airflow/.local/lib/python3.12/site-packages/airflow/example_dags/tutorial_dag.py
[2025-02-27T03:04:52.777+0000] {processor.py:914} INFO - Processing file /home/airflow/.local/lib/python3.12/site-packages/airflow/example_dags/tutorial_dag.py for tasks to queue
[2025-02-27T03:04:52.782+0000] {logging_mixin.py:190} INFO - [2025-02-27T03:04:52.781+0000] {dagbag.py:588} INFO - Filling up the DagBag from /home/airflow/.local/lib/python3.12/site-packages/airflow/example_dags/tutorial_dag.py
[2025-02-27T03:04:52.792+0000] {processor.py:925} INFO - DAG(s) 'tutorial_dag' retrieved from /home/airflow/.local/lib/python3.12/site-packages/airflow/example_dags/tutorial_dag.py
[2025-02-27T03:04:52.932+0000] {logging_mixin.py:190} INFO - [2025-02-27T03:04:52.932+0000] {dag.py:3239} INFO - Sync 1 DAGs
[2025-02-27T03:04:52.973+0000] {logging_mixin.py:190} INFO - [2025-02-27T03:04:52.972+0000] {dag.py:4180} INFO - Setting next_dagrun for tutorial_dag to None, run_after=None
[2025-02-27T03:04:53.055+0000] {processor.py:208} INFO - Processing /home/airflow/.local/lib/python3.12/site-packages/airflow/example_dags/tutorial_dag.py took 0.288 seconds
[2025-02-27T03:05:23.820+0000] {processor.py:186} INFO - Started process (PID=1437) to work on /home/airflow/.local/lib/python3.12/site-packages/airflow/example_dags/tutorial_dag.py
[2025-02-27T03:05:23.822+0000] {processor.py:914} INFO - Processing file /home/airflow/.local/lib/python3.12/site-packages/airflow/example_dags/tutorial_dag.py for tasks to queue
[2025-02-27T03:05:23.825+0000] {logging_mixin.py:190} INFO - [2025-02-27T03:05:23.825+0000] {dagbag.py:588} INFO - Filling up the DagBag from /home/airflow/.local/lib/python3.12/site-packages/airflow/example_dags/tutorial_dag.py
[2025-02-27T03:05:23.838+0000] {processor.py:925} INFO - DAG(s) 'tutorial_dag' retrieved from /home/airflow/.local/lib/python3.12/site-packages/airflow/example_dags/tutorial_dag.py
[2025-02-27T03:05:24.000+0000] {logging_mixin.py:190} INFO - [2025-02-27T03:05:24.000+0000] {dag.py:3239} INFO - Sync 1 DAGs
[2025-02-27T03:05:24.039+0000] {logging_mixin.py:190} INFO - [2025-02-27T03:05:24.038+0000] {dag.py:4180} INFO - Setting next_dagrun for tutorial_dag to None, run_after=None
[2025-02-27T03:05:24.102+0000] {processor.py:208} INFO - Processing /home/airflow/.local/lib/python3.12/site-packages/airflow/example_dags/tutorial_dag.py took 0.291 seconds
[2025-02-27T03:05:56.195+0000] {processor.py:186} INFO - Started process (PID=1501) to work on /home/airflow/.local/lib/python3.12/site-packages/airflow/example_dags/tutorial_dag.py
[2025-02-27T03:05:56.196+0000] {processor.py:914} INFO - Processing file /home/airflow/.local/lib/python3.12/site-packages/airflow/example_dags/tutorial_dag.py for tasks to queue
[2025-02-27T03:05:56.201+0000] {logging_mixin.py:190} INFO - [2025-02-27T03:05:56.200+0000] {dagbag.py:588} INFO - Filling up the DagBag from /home/airflow/.local/lib/python3.12/site-packages/airflow/example_dags/tutorial_dag.py
[2025-02-27T03:05:56.217+0000] {processor.py:925} INFO - DAG(s) 'tutorial_dag' retrieved from /home/airflow/.local/lib/python3.12/site-packages/airflow/example_dags/tutorial_dag.py
[2025-02-27T03:05:56.517+0000] {logging_mixin.py:190} INFO - [2025-02-27T03:05:56.517+0000] {dag.py:3239} INFO - Sync 1 DAGs
[2025-02-27T03:05:56.671+0000] {logging_mixin.py:190} INFO - [2025-02-27T03:05:56.670+0000] {dag.py:4180} INFO - Setting next_dagrun for tutorial_dag to None, run_after=None
[2025-02-27T03:05:56.783+0000] {processor.py:208} INFO - Processing /home/airflow/.local/lib/python3.12/site-packages/airflow/example_dags/tutorial_dag.py took 0.600 seconds
[2025-02-27T03:06:27.318+0000] {processor.py:186} INFO - Started process (PID=1564) to work on /home/airflow/.local/lib/python3.12/site-packages/airflow/example_dags/tutorial_dag.py
[2025-02-27T03:06:27.319+0000] {processor.py:914} INFO - Processing file /home/airflow/.local/lib/python3.12/site-packages/airflow/example_dags/tutorial_dag.py for tasks to queue
[2025-02-27T03:06:27.324+0000] {logging_mixin.py:190} INFO - [2025-02-27T03:06:27.323+0000] {dagbag.py:588} INFO - Filling up the DagBag from /home/airflow/.local/lib/python3.12/site-packages/airflow/example_dags/tutorial_dag.py
[2025-02-27T03:06:27.338+0000] {processor.py:925} INFO - DAG(s) 'tutorial_dag' retrieved from /home/airflow/.local/lib/python3.12/site-packages/airflow/example_dags/tutorial_dag.py
[2025-02-27T03:06:27.505+0000] {logging_mixin.py:190} INFO - [2025-02-27T03:06:27.505+0000] {dag.py:3239} INFO - Sync 1 DAGs
[2025-02-27T03:06:27.546+0000] {logging_mixin.py:190} INFO - [2025-02-27T03:06:27.546+0000] {dag.py:4180} INFO - Setting next_dagrun for tutorial_dag to None, run_after=None
[2025-02-27T03:06:27.613+0000] {processor.py:208} INFO - Processing /home/airflow/.local/lib/python3.12/site-packages/airflow/example_dags/tutorial_dag.py took 0.305 seconds
[2025-02-27T03:06:58.997+0000] {processor.py:186} INFO - Started process (PID=1627) to work on /home/airflow/.local/lib/python3.12/site-packages/airflow/example_dags/tutorial_dag.py
[2025-02-27T03:06:58.999+0000] {processor.py:914} INFO - Processing file /home/airflow/.local/lib/python3.12/site-packages/airflow/example_dags/tutorial_dag.py for tasks to queue
[2025-02-27T03:06:59.004+0000] {logging_mixin.py:190} INFO - [2025-02-27T03:06:59.003+0000] {dagbag.py:588} INFO - Filling up the DagBag from /home/airflow/.local/lib/python3.12/site-packages/airflow/example_dags/tutorial_dag.py
[2025-02-27T03:06:59.017+0000] {processor.py:925} INFO - DAG(s) 'tutorial_dag' retrieved from /home/airflow/.local/lib/python3.12/site-packages/airflow/example_dags/tutorial_dag.py
[2025-02-27T03:06:59.172+0000] {logging_mixin.py:190} INFO - [2025-02-27T03:06:59.172+0000] {dag.py:3239} INFO - Sync 1 DAGs
[2025-02-27T03:06:59.223+0000] {logging_mixin.py:190} INFO - [2025-02-27T03:06:59.220+0000] {dag.py:4180} INFO - Setting next_dagrun for tutorial_dag to None, run_after=None
[2025-02-27T03:06:59.292+0000] {processor.py:208} INFO - Processing /home/airflow/.local/lib/python3.12/site-packages/airflow/example_dags/tutorial_dag.py took 0.307 seconds
[2025-02-27T03:07:30.656+0000] {processor.py:186} INFO - Started process (PID=1691) to work on /home/airflow/.local/lib/python3.12/site-packages/airflow/example_dags/tutorial_dag.py
[2025-02-27T03:07:30.658+0000] {processor.py:914} INFO - Processing file /home/airflow/.local/lib/python3.12/site-packages/airflow/example_dags/tutorial_dag.py for tasks to queue
[2025-02-27T03:07:30.663+0000] {logging_mixin.py:190} INFO - [2025-02-27T03:07:30.662+0000] {dagbag.py:588} INFO - Filling up the DagBag from /home/airflow/.local/lib/python3.12/site-packages/airflow/example_dags/tutorial_dag.py
[2025-02-27T03:07:30.674+0000] {processor.py:925} INFO - DAG(s) 'tutorial_dag' retrieved from /home/airflow/.local/lib/python3.12/site-packages/airflow/example_dags/tutorial_dag.py
[2025-02-27T03:07:30.835+0000] {logging_mixin.py:190} INFO - [2025-02-27T03:07:30.834+0000] {dag.py:3239} INFO - Sync 1 DAGs
[2025-02-27T03:07:30.888+0000] {logging_mixin.py:190} INFO - [2025-02-27T03:07:30.887+0000] {dag.py:4180} INFO - Setting next_dagrun for tutorial_dag to None, run_after=None
[2025-02-27T03:07:30.971+0000] {processor.py:208} INFO - Processing /home/airflow/.local/lib/python3.12/site-packages/airflow/example_dags/tutorial_dag.py took 0.325 seconds
[2025-02-27T03:08:02.078+0000] {processor.py:186} INFO - Started process (PID=1754) to work on /home/airflow/.local/lib/python3.12/site-packages/airflow/example_dags/tutorial_dag.py
[2025-02-27T03:08:02.080+0000] {processor.py:914} INFO - Processing file /home/airflow/.local/lib/python3.12/site-packages/airflow/example_dags/tutorial_dag.py for tasks to queue
[2025-02-27T03:08:02.087+0000] {logging_mixin.py:190} INFO - [2025-02-27T03:08:02.086+0000] {dagbag.py:588} INFO - Filling up the DagBag from /home/airflow/.local/lib/python3.12/site-packages/airflow/example_dags/tutorial_dag.py
[2025-02-27T03:08:02.104+0000] {processor.py:925} INFO - DAG(s) 'tutorial_dag' retrieved from /home/airflow/.local/lib/python3.12/site-packages/airflow/example_dags/tutorial_dag.py
[2025-02-27T03:08:02.308+0000] {logging_mixin.py:190} INFO - [2025-02-27T03:08:02.307+0000] {dag.py:3239} INFO - Sync 1 DAGs
[2025-02-27T03:08:02.366+0000] {logging_mixin.py:190} INFO - [2025-02-27T03:08:02.365+0000] {dag.py:4180} INFO - Setting next_dagrun for tutorial_dag to None, run_after=None
[2025-02-27T03:08:02.436+0000] {processor.py:208} INFO - Processing /home/airflow/.local/lib/python3.12/site-packages/airflow/example_dags/tutorial_dag.py took 0.371 seconds
[2025-02-27T03:08:33.932+0000] {processor.py:186} INFO - Started process (PID=1817) to work on /home/airflow/.local/lib/python3.12/site-packages/airflow/example_dags/tutorial_dag.py
[2025-02-27T03:08:33.934+0000] {processor.py:914} INFO - Processing file /home/airflow/.local/lib/python3.12/site-packages/airflow/example_dags/tutorial_dag.py for tasks to queue
[2025-02-27T03:08:33.939+0000] {logging_mixin.py:190} INFO - [2025-02-27T03:08:33.938+0000] {dagbag.py:588} INFO - Filling up the DagBag from /home/airflow/.local/lib/python3.12/site-packages/airflow/example_dags/tutorial_dag.py
[2025-02-27T03:08:33.952+0000] {processor.py:925} INFO - DAG(s) 'tutorial_dag' retrieved from /home/airflow/.local/lib/python3.12/site-packages/airflow/example_dags/tutorial_dag.py
[2025-02-27T03:08:34.103+0000] {logging_mixin.py:190} INFO - [2025-02-27T03:08:34.103+0000] {dag.py:3239} INFO - Sync 1 DAGs
[2025-02-27T03:08:34.143+0000] {logging_mixin.py:190} INFO - [2025-02-27T03:08:34.142+0000] {dag.py:4180} INFO - Setting next_dagrun for tutorial_dag to None, run_after=None
[2025-02-27T03:08:34.204+0000] {processor.py:208} INFO - Processing /home/airflow/.local/lib/python3.12/site-packages/airflow/example_dags/tutorial_dag.py took 0.279 seconds
[2025-02-27T03:09:05.287+0000] {processor.py:186} INFO - Started process (PID=1880) to work on /home/airflow/.local/lib/python3.12/site-packages/airflow/example_dags/tutorial_dag.py
[2025-02-27T03:09:05.289+0000] {processor.py:914} INFO - Processing file /home/airflow/.local/lib/python3.12/site-packages/airflow/example_dags/tutorial_dag.py for tasks to queue
[2025-02-27T03:09:05.294+0000] {logging_mixin.py:190} INFO - [2025-02-27T03:09:05.293+0000] {dagbag.py:588} INFO - Filling up the DagBag from /home/airflow/.local/lib/python3.12/site-packages/airflow/example_dags/tutorial_dag.py
[2025-02-27T03:09:05.309+0000] {processor.py:925} INFO - DAG(s) 'tutorial_dag' retrieved from /home/airflow/.local/lib/python3.12/site-packages/airflow/example_dags/tutorial_dag.py
[2025-02-27T03:09:05.465+0000] {logging_mixin.py:190} INFO - [2025-02-27T03:09:05.464+0000] {dag.py:3239} INFO - Sync 1 DAGs
[2025-02-27T03:09:05.509+0000] {logging_mixin.py:190} INFO - [2025-02-27T03:09:05.509+0000] {dag.py:4180} INFO - Setting next_dagrun for tutorial_dag to None, run_after=None
[2025-02-27T03:09:05.575+0000] {processor.py:208} INFO - Processing /home/airflow/.local/lib/python3.12/site-packages/airflow/example_dags/tutorial_dag.py took 0.298 seconds
[2025-02-27T03:09:35.955+0000] {processor.py:186} INFO - Started process (PID=1943) to work on /home/airflow/.local/lib/python3.12/site-packages/airflow/example_dags/tutorial_dag.py
[2025-02-27T03:09:35.957+0000] {processor.py:914} INFO - Processing file /home/airflow/.local/lib/python3.12/site-packages/airflow/example_dags/tutorial_dag.py for tasks to queue
[2025-02-27T03:09:35.961+0000] {logging_mixin.py:190} INFO - [2025-02-27T03:09:35.960+0000] {dagbag.py:588} INFO - Filling up the DagBag from /home/airflow/.local/lib/python3.12/site-packages/airflow/example_dags/tutorial_dag.py
[2025-02-27T03:09:35.976+0000] {processor.py:925} INFO - DAG(s) 'tutorial_dag' retrieved from /home/airflow/.local/lib/python3.12/site-packages/airflow/example_dags/tutorial_dag.py
[2025-02-27T03:09:36.202+0000] {logging_mixin.py:190} INFO - [2025-02-27T03:09:36.201+0000] {dag.py:3239} INFO - Sync 1 DAGs
[2025-02-27T03:09:36.292+0000] {logging_mixin.py:190} INFO - [2025-02-27T03:09:36.292+0000] {dag.py:4180} INFO - Setting next_dagrun for tutorial_dag to None, run_after=None
[2025-02-27T03:09:36.361+0000] {processor.py:208} INFO - Processing /home/airflow/.local/lib/python3.12/site-packages/airflow/example_dags/tutorial_dag.py took 0.417 seconds
[2025-02-27T03:10:07.332+0000] {processor.py:186} INFO - Started process (PID=2005) to work on /home/airflow/.local/lib/python3.12/site-packages/airflow/example_dags/tutorial_dag.py
[2025-02-27T03:10:07.339+0000] {processor.py:914} INFO - Processing file /home/airflow/.local/lib/python3.12/site-packages/airflow/example_dags/tutorial_dag.py for tasks to queue
[2025-02-27T03:10:07.345+0000] {logging_mixin.py:190} INFO - [2025-02-27T03:10:07.343+0000] {dagbag.py:588} INFO - Filling up the DagBag from /home/airflow/.local/lib/python3.12/site-packages/airflow/example_dags/tutorial_dag.py
[2025-02-27T03:10:07.361+0000] {processor.py:925} INFO - DAG(s) 'tutorial_dag' retrieved from /home/airflow/.local/lib/python3.12/site-packages/airflow/example_dags/tutorial_dag.py
[2025-02-27T03:10:07.731+0000] {logging_mixin.py:190} INFO - [2025-02-27T03:10:07.731+0000] {dag.py:3239} INFO - Sync 1 DAGs
[2025-02-27T03:10:07.783+0000] {logging_mixin.py:190} INFO - [2025-02-27T03:10:07.782+0000] {dag.py:4180} INFO - Setting next_dagrun for tutorial_dag to None, run_after=None
[2025-02-27T03:10:07.874+0000] {processor.py:208} INFO - Processing /home/airflow/.local/lib/python3.12/site-packages/airflow/example_dags/tutorial_dag.py took 0.564 seconds
[2025-02-27T03:10:38.142+0000] {processor.py:186} INFO - Started process (PID=2068) to work on /home/airflow/.local/lib/python3.12/site-packages/airflow/example_dags/tutorial_dag.py
[2025-02-27T03:10:38.144+0000] {processor.py:914} INFO - Processing file /home/airflow/.local/lib/python3.12/site-packages/airflow/example_dags/tutorial_dag.py for tasks to queue
[2025-02-27T03:10:38.148+0000] {logging_mixin.py:190} INFO - [2025-02-27T03:10:38.147+0000] {dagbag.py:588} INFO - Filling up the DagBag from /home/airflow/.local/lib/python3.12/site-packages/airflow/example_dags/tutorial_dag.py
[2025-02-27T03:10:38.159+0000] {processor.py:925} INFO - DAG(s) 'tutorial_dag' retrieved from /home/airflow/.local/lib/python3.12/site-packages/airflow/example_dags/tutorial_dag.py
[2025-02-27T03:10:38.310+0000] {logging_mixin.py:190} INFO - [2025-02-27T03:10:38.309+0000] {dag.py:3239} INFO - Sync 1 DAGs
[2025-02-27T03:10:38.354+0000] {logging_mixin.py:190} INFO - [2025-02-27T03:10:38.354+0000] {dag.py:4180} INFO - Setting next_dagrun for tutorial_dag to None, run_after=None
[2025-02-27T03:10:38.415+0000] {processor.py:208} INFO - Processing /home/airflow/.local/lib/python3.12/site-packages/airflow/example_dags/tutorial_dag.py took 0.281 seconds
[2025-02-27T03:11:08.764+0000] {processor.py:186} INFO - Started process (PID=2131) to work on /home/airflow/.local/lib/python3.12/site-packages/airflow/example_dags/tutorial_dag.py
[2025-02-27T03:11:08.766+0000] {processor.py:914} INFO - Processing file /home/airflow/.local/lib/python3.12/site-packages/airflow/example_dags/tutorial_dag.py for tasks to queue
[2025-02-27T03:11:08.769+0000] {logging_mixin.py:190} INFO - [2025-02-27T03:11:08.769+0000] {dagbag.py:588} INFO - Filling up the DagBag from /home/airflow/.local/lib/python3.12/site-packages/airflow/example_dags/tutorial_dag.py
[2025-02-27T03:11:08.782+0000] {processor.py:925} INFO - DAG(s) 'tutorial_dag' retrieved from /home/airflow/.local/lib/python3.12/site-packages/airflow/example_dags/tutorial_dag.py
[2025-02-27T03:11:08.938+0000] {logging_mixin.py:190} INFO - [2025-02-27T03:11:08.938+0000] {dag.py:3239} INFO - Sync 1 DAGs
[2025-02-27T03:11:08.986+0000] {logging_mixin.py:190} INFO - [2025-02-27T03:11:08.985+0000] {dag.py:4180} INFO - Setting next_dagrun for tutorial_dag to None, run_after=None
[2025-02-27T03:11:09.051+0000] {processor.py:208} INFO - Processing /home/airflow/.local/lib/python3.12/site-packages/airflow/example_dags/tutorial_dag.py took 0.294 seconds
[2025-02-27T03:11:39.218+0000] {processor.py:186} INFO - Started process (PID=2193) to work on /home/airflow/.local/lib/python3.12/site-packages/airflow/example_dags/tutorial_dag.py
[2025-02-27T03:11:39.220+0000] {processor.py:914} INFO - Processing file /home/airflow/.local/lib/python3.12/site-packages/airflow/example_dags/tutorial_dag.py for tasks to queue
[2025-02-27T03:11:39.223+0000] {logging_mixin.py:190} INFO - [2025-02-27T03:11:39.223+0000] {dagbag.py:588} INFO - Filling up the DagBag from /home/airflow/.local/lib/python3.12/site-packages/airflow/example_dags/tutorial_dag.py
[2025-02-27T03:11:39.238+0000] {processor.py:925} INFO - DAG(s) 'tutorial_dag' retrieved from /home/airflow/.local/lib/python3.12/site-packages/airflow/example_dags/tutorial_dag.py
[2025-02-27T03:11:39.394+0000] {logging_mixin.py:190} INFO - [2025-02-27T03:11:39.393+0000] {dag.py:3239} INFO - Sync 1 DAGs
[2025-02-27T03:11:39.440+0000] {logging_mixin.py:190} INFO - [2025-02-27T03:11:39.440+0000] {dag.py:4180} INFO - Setting next_dagrun for tutorial_dag to None, run_after=None
[2025-02-27T03:11:39.496+0000] {processor.py:208} INFO - Processing /home/airflow/.local/lib/python3.12/site-packages/airflow/example_dags/tutorial_dag.py took 0.285 seconds
[2025-02-27T03:12:10.489+0000] {processor.py:186} INFO - Started process (PID=2256) to work on /home/airflow/.local/lib/python3.12/site-packages/airflow/example_dags/tutorial_dag.py
[2025-02-27T03:12:10.491+0000] {processor.py:914} INFO - Processing file /home/airflow/.local/lib/python3.12/site-packages/airflow/example_dags/tutorial_dag.py for tasks to queue
[2025-02-27T03:12:10.496+0000] {logging_mixin.py:190} INFO - [2025-02-27T03:12:10.496+0000] {dagbag.py:588} INFO - Filling up the DagBag from /home/airflow/.local/lib/python3.12/site-packages/airflow/example_dags/tutorial_dag.py
[2025-02-27T03:12:10.513+0000] {processor.py:925} INFO - DAG(s) 'tutorial_dag' retrieved from /home/airflow/.local/lib/python3.12/site-packages/airflow/example_dags/tutorial_dag.py
[2025-02-27T03:12:10.754+0000] {logging_mixin.py:190} INFO - [2025-02-27T03:12:10.753+0000] {dag.py:3239} INFO - Sync 1 DAGs
[2025-02-27T03:12:10.834+0000] {logging_mixin.py:190} INFO - [2025-02-27T03:12:10.833+0000] {dag.py:4180} INFO - Setting next_dagrun for tutorial_dag to None, run_after=None
[2025-02-27T03:12:11.008+0000] {processor.py:208} INFO - Processing /home/airflow/.local/lib/python3.12/site-packages/airflow/example_dags/tutorial_dag.py took 0.531 seconds
[2025-02-27T03:12:41.821+0000] {processor.py:186} INFO - Started process (PID=2319) to work on /home/airflow/.local/lib/python3.12/site-packages/airflow/example_dags/tutorial_dag.py
[2025-02-27T03:12:41.823+0000] {processor.py:914} INFO - Processing file /home/airflow/.local/lib/python3.12/site-packages/airflow/example_dags/tutorial_dag.py for tasks to queue
[2025-02-27T03:12:41.828+0000] {logging_mixin.py:190} INFO - [2025-02-27T03:12:41.827+0000] {dagbag.py:588} INFO - Filling up the DagBag from /home/airflow/.local/lib/python3.12/site-packages/airflow/example_dags/tutorial_dag.py
[2025-02-27T03:12:41.847+0000] {processor.py:925} INFO - DAG(s) 'tutorial_dag' retrieved from /home/airflow/.local/lib/python3.12/site-packages/airflow/example_dags/tutorial_dag.py
[2025-02-27T03:12:42.052+0000] {logging_mixin.py:190} INFO - [2025-02-27T03:12:42.052+0000] {dag.py:3239} INFO - Sync 1 DAGs
[2025-02-27T03:12:42.106+0000] {logging_mixin.py:190} INFO - [2025-02-27T03:12:42.106+0000] {dag.py:4180} INFO - Setting next_dagrun for tutorial_dag to None, run_after=None
[2025-02-27T03:12:42.207+0000] {processor.py:208} INFO - Processing /home/airflow/.local/lib/python3.12/site-packages/airflow/example_dags/tutorial_dag.py took 0.404 seconds
[2025-02-27T03:13:12.566+0000] {processor.py:186} INFO - Started process (PID=2382) to work on /home/airflow/.local/lib/python3.12/site-packages/airflow/example_dags/tutorial_dag.py
[2025-02-27T03:13:12.569+0000] {processor.py:914} INFO - Processing file /home/airflow/.local/lib/python3.12/site-packages/airflow/example_dags/tutorial_dag.py for tasks to queue
[2025-02-27T03:13:12.573+0000] {logging_mixin.py:190} INFO - [2025-02-27T03:13:12.573+0000] {dagbag.py:588} INFO - Filling up the DagBag from /home/airflow/.local/lib/python3.12/site-packages/airflow/example_dags/tutorial_dag.py
[2025-02-27T03:13:12.588+0000] {processor.py:925} INFO - DAG(s) 'tutorial_dag' retrieved from /home/airflow/.local/lib/python3.12/site-packages/airflow/example_dags/tutorial_dag.py
[2025-02-27T03:13:12.724+0000] {logging_mixin.py:190} INFO - [2025-02-27T03:13:12.723+0000] {dag.py:3239} INFO - Sync 1 DAGs
[2025-02-27T03:13:12.768+0000] {logging_mixin.py:190} INFO - [2025-02-27T03:13:12.767+0000] {dag.py:4180} INFO - Setting next_dagrun for tutorial_dag to None, run_after=None
[2025-02-27T03:13:12.825+0000] {processor.py:208} INFO - Processing /home/airflow/.local/lib/python3.12/site-packages/airflow/example_dags/tutorial_dag.py took 0.269 seconds
[2025-02-27T03:13:43.267+0000] {processor.py:186} INFO - Started process (PID=2445) to work on /home/airflow/.local/lib/python3.12/site-packages/airflow/example_dags/tutorial_dag.py
[2025-02-27T03:13:43.269+0000] {processor.py:914} INFO - Processing file /home/airflow/.local/lib/python3.12/site-packages/airflow/example_dags/tutorial_dag.py for tasks to queue
[2025-02-27T03:13:43.274+0000] {logging_mixin.py:190} INFO - [2025-02-27T03:13:43.273+0000] {dagbag.py:588} INFO - Filling up the DagBag from /home/airflow/.local/lib/python3.12/site-packages/airflow/example_dags/tutorial_dag.py
[2025-02-27T03:13:43.295+0000] {processor.py:925} INFO - DAG(s) 'tutorial_dag' retrieved from /home/airflow/.local/lib/python3.12/site-packages/airflow/example_dags/tutorial_dag.py
[2025-02-27T03:13:43.450+0000] {logging_mixin.py:190} INFO - [2025-02-27T03:13:43.450+0000] {dag.py:3239} INFO - Sync 1 DAGs
[2025-02-27T03:13:43.529+0000] {logging_mixin.py:190} INFO - [2025-02-27T03:13:43.529+0000] {dag.py:4180} INFO - Setting next_dagrun for tutorial_dag to None, run_after=None
[2025-02-27T03:13:43.632+0000] {processor.py:208} INFO - Processing /home/airflow/.local/lib/python3.12/site-packages/airflow/example_dags/tutorial_dag.py took 0.376 seconds
[2025-02-27T03:14:14.015+0000] {processor.py:186} INFO - Started process (PID=2508) to work on /home/airflow/.local/lib/python3.12/site-packages/airflow/example_dags/tutorial_dag.py
[2025-02-27T03:14:14.018+0000] {processor.py:914} INFO - Processing file /home/airflow/.local/lib/python3.12/site-packages/airflow/example_dags/tutorial_dag.py for tasks to queue
[2025-02-27T03:14:14.022+0000] {logging_mixin.py:190} INFO - [2025-02-27T03:14:14.021+0000] {dagbag.py:588} INFO - Filling up the DagBag from /home/airflow/.local/lib/python3.12/site-packages/airflow/example_dags/tutorial_dag.py
[2025-02-27T03:14:14.038+0000] {processor.py:925} INFO - DAG(s) 'tutorial_dag' retrieved from /home/airflow/.local/lib/python3.12/site-packages/airflow/example_dags/tutorial_dag.py
[2025-02-27T03:14:14.180+0000] {logging_mixin.py:190} INFO - [2025-02-27T03:14:14.180+0000] {dag.py:3239} INFO - Sync 1 DAGs
[2025-02-27T03:14:14.223+0000] {logging_mixin.py:190} INFO - [2025-02-27T03:14:14.222+0000] {dag.py:4180} INFO - Setting next_dagrun for tutorial_dag to None, run_after=None
[2025-02-27T03:14:14.299+0000] {processor.py:208} INFO - Processing /home/airflow/.local/lib/python3.12/site-packages/airflow/example_dags/tutorial_dag.py took 0.294 seconds
[2025-02-27T03:14:46.284+0000] {processor.py:186} INFO - Started process (PID=2571) to work on /home/airflow/.local/lib/python3.12/site-packages/airflow/example_dags/tutorial_dag.py
[2025-02-27T03:14:46.286+0000] {processor.py:914} INFO - Processing file /home/airflow/.local/lib/python3.12/site-packages/airflow/example_dags/tutorial_dag.py for tasks to queue
[2025-02-27T03:14:46.292+0000] {logging_mixin.py:190} INFO - [2025-02-27T03:14:46.291+0000] {dagbag.py:588} INFO - Filling up the DagBag from /home/airflow/.local/lib/python3.12/site-packages/airflow/example_dags/tutorial_dag.py
[2025-02-27T03:14:46.311+0000] {processor.py:925} INFO - DAG(s) 'tutorial_dag' retrieved from /home/airflow/.local/lib/python3.12/site-packages/airflow/example_dags/tutorial_dag.py
[2025-02-27T03:14:46.534+0000] {logging_mixin.py:190} INFO - [2025-02-27T03:14:46.534+0000] {dag.py:3239} INFO - Sync 1 DAGs
[2025-02-27T03:14:46.623+0000] {logging_mixin.py:190} INFO - [2025-02-27T03:14:46.621+0000] {dag.py:4180} INFO - Setting next_dagrun for tutorial_dag to None, run_after=None
[2025-02-27T03:14:46.704+0000] {processor.py:208} INFO - Processing /home/airflow/.local/lib/python3.12/site-packages/airflow/example_dags/tutorial_dag.py took 0.433 seconds
[2025-02-27T03:15:17.877+0000] {processor.py:186} INFO - Started process (PID=2634) to work on /home/airflow/.local/lib/python3.12/site-packages/airflow/example_dags/tutorial_dag.py
[2025-02-27T03:15:17.879+0000] {processor.py:914} INFO - Processing file /home/airflow/.local/lib/python3.12/site-packages/airflow/example_dags/tutorial_dag.py for tasks to queue
[2025-02-27T03:15:17.883+0000] {logging_mixin.py:190} INFO - [2025-02-27T03:15:17.882+0000] {dagbag.py:588} INFO - Filling up the DagBag from /home/airflow/.local/lib/python3.12/site-packages/airflow/example_dags/tutorial_dag.py
[2025-02-27T03:15:17.897+0000] {processor.py:925} INFO - DAG(s) 'tutorial_dag' retrieved from /home/airflow/.local/lib/python3.12/site-packages/airflow/example_dags/tutorial_dag.py
[2025-02-27T03:15:18.021+0000] {logging_mixin.py:190} INFO - [2025-02-27T03:15:18.020+0000] {dag.py:3239} INFO - Sync 1 DAGs
[2025-02-27T03:15:18.057+0000] {logging_mixin.py:190} INFO - [2025-02-27T03:15:18.056+0000] {dag.py:4180} INFO - Setting next_dagrun for tutorial_dag to None, run_after=None
[2025-02-27T03:15:18.104+0000] {processor.py:208} INFO - Processing /home/airflow/.local/lib/python3.12/site-packages/airflow/example_dags/tutorial_dag.py took 0.234 seconds
[2025-02-27T03:15:48.537+0000] {processor.py:186} INFO - Started process (PID=2697) to work on /home/airflow/.local/lib/python3.12/site-packages/airflow/example_dags/tutorial_dag.py
[2025-02-27T03:15:48.538+0000] {processor.py:914} INFO - Processing file /home/airflow/.local/lib/python3.12/site-packages/airflow/example_dags/tutorial_dag.py for tasks to queue
[2025-02-27T03:15:48.542+0000] {logging_mixin.py:190} INFO - [2025-02-27T03:15:48.541+0000] {dagbag.py:588} INFO - Filling up the DagBag from /home/airflow/.local/lib/python3.12/site-packages/airflow/example_dags/tutorial_dag.py
[2025-02-27T03:15:48.555+0000] {processor.py:925} INFO - DAG(s) 'tutorial_dag' retrieved from /home/airflow/.local/lib/python3.12/site-packages/airflow/example_dags/tutorial_dag.py
[2025-02-27T03:15:48.680+0000] {logging_mixin.py:190} INFO - [2025-02-27T03:15:48.679+0000] {dag.py:3239} INFO - Sync 1 DAGs
[2025-02-27T03:15:48.718+0000] {logging_mixin.py:190} INFO - [2025-02-27T03:15:48.718+0000] {dag.py:4180} INFO - Setting next_dagrun for tutorial_dag to None, run_after=None
[2025-02-27T03:15:48.790+0000] {processor.py:208} INFO - Processing /home/airflow/.local/lib/python3.12/site-packages/airflow/example_dags/tutorial_dag.py took 0.263 seconds
[2025-02-27T03:16:19.047+0000] {processor.py:186} INFO - Started process (PID=2759) to work on /home/airflow/.local/lib/python3.12/site-packages/airflow/example_dags/tutorial_dag.py
[2025-02-27T03:16:19.048+0000] {processor.py:914} INFO - Processing file /home/airflow/.local/lib/python3.12/site-packages/airflow/example_dags/tutorial_dag.py for tasks to queue
[2025-02-27T03:16:19.051+0000] {logging_mixin.py:190} INFO - [2025-02-27T03:16:19.050+0000] {dagbag.py:588} INFO - Filling up the DagBag from /home/airflow/.local/lib/python3.12/site-packages/airflow/example_dags/tutorial_dag.py
[2025-02-27T03:16:19.060+0000] {processor.py:925} INFO - DAG(s) 'tutorial_dag' retrieved from /home/airflow/.local/lib/python3.12/site-packages/airflow/example_dags/tutorial_dag.py
[2025-02-27T03:16:19.156+0000] {logging_mixin.py:190} INFO - [2025-02-27T03:16:19.155+0000] {dag.py:3239} INFO - Sync 1 DAGs
[2025-02-27T03:16:19.183+0000] {logging_mixin.py:190} INFO - [2025-02-27T03:16:19.183+0000] {dag.py:4180} INFO - Setting next_dagrun for tutorial_dag to None, run_after=None
[2025-02-27T03:16:19.221+0000] {processor.py:208} INFO - Processing /home/airflow/.local/lib/python3.12/site-packages/airflow/example_dags/tutorial_dag.py took 0.182 seconds
[2025-02-27T03:16:49.735+0000] {processor.py:186} INFO - Started process (PID=2822) to work on /home/airflow/.local/lib/python3.12/site-packages/airflow/example_dags/tutorial_dag.py
[2025-02-27T03:16:49.736+0000] {processor.py:914} INFO - Processing file /home/airflow/.local/lib/python3.12/site-packages/airflow/example_dags/tutorial_dag.py for tasks to queue
[2025-02-27T03:16:49.739+0000] {logging_mixin.py:190} INFO - [2025-02-27T03:16:49.739+0000] {dagbag.py:588} INFO - Filling up the DagBag from /home/airflow/.local/lib/python3.12/site-packages/airflow/example_dags/tutorial_dag.py
[2025-02-27T03:16:49.748+0000] {processor.py:925} INFO - DAG(s) 'tutorial_dag' retrieved from /home/airflow/.local/lib/python3.12/site-packages/airflow/example_dags/tutorial_dag.py
[2025-02-27T03:16:49.902+0000] {logging_mixin.py:190} INFO - [2025-02-27T03:16:49.901+0000] {dag.py:3239} INFO - Sync 1 DAGs
[2025-02-27T03:16:49.938+0000] {logging_mixin.py:190} INFO - [2025-02-27T03:16:49.938+0000] {dag.py:4180} INFO - Setting next_dagrun for tutorial_dag to None, run_after=None
[2025-02-27T03:16:49.982+0000] {processor.py:208} INFO - Processing /home/airflow/.local/lib/python3.12/site-packages/airflow/example_dags/tutorial_dag.py took 0.255 seconds
[2025-02-27T03:17:20.472+0000] {processor.py:186} INFO - Started process (PID=2891) to work on /home/airflow/.local/lib/python3.12/site-packages/airflow/example_dags/tutorial_dag.py
[2025-02-27T03:17:20.473+0000] {processor.py:914} INFO - Processing file /home/airflow/.local/lib/python3.12/site-packages/airflow/example_dags/tutorial_dag.py for tasks to queue
[2025-02-27T03:17:20.476+0000] {logging_mixin.py:190} INFO - [2025-02-27T03:17:20.476+0000] {dagbag.py:588} INFO - Filling up the DagBag from /home/airflow/.local/lib/python3.12/site-packages/airflow/example_dags/tutorial_dag.py
[2025-02-27T03:17:20.486+0000] {processor.py:925} INFO - DAG(s) 'tutorial_dag' retrieved from /home/airflow/.local/lib/python3.12/site-packages/airflow/example_dags/tutorial_dag.py
[2025-02-27T03:17:20.613+0000] {logging_mixin.py:190} INFO - [2025-02-27T03:17:20.613+0000] {dag.py:3239} INFO - Sync 1 DAGs
[2025-02-27T03:17:20.649+0000] {logging_mixin.py:190} INFO - [2025-02-27T03:17:20.648+0000] {dag.py:4180} INFO - Setting next_dagrun for tutorial_dag to None, run_after=None
[2025-02-27T03:17:20.709+0000] {processor.py:208} INFO - Processing /home/airflow/.local/lib/python3.12/site-packages/airflow/example_dags/tutorial_dag.py took 0.245 seconds
[2025-02-27T03:17:51.113+0000] {processor.py:186} INFO - Started process (PID=2954) to work on /home/airflow/.local/lib/python3.12/site-packages/airflow/example_dags/tutorial_dag.py
[2025-02-27T03:17:51.115+0000] {processor.py:914} INFO - Processing file /home/airflow/.local/lib/python3.12/site-packages/airflow/example_dags/tutorial_dag.py for tasks to queue
[2025-02-27T03:17:51.118+0000] {logging_mixin.py:190} INFO - [2025-02-27T03:17:51.118+0000] {dagbag.py:588} INFO - Filling up the DagBag from /home/airflow/.local/lib/python3.12/site-packages/airflow/example_dags/tutorial_dag.py
[2025-02-27T03:17:51.127+0000] {processor.py:925} INFO - DAG(s) 'tutorial_dag' retrieved from /home/airflow/.local/lib/python3.12/site-packages/airflow/example_dags/tutorial_dag.py
[2025-02-27T03:17:51.278+0000] {logging_mixin.py:190} INFO - [2025-02-27T03:17:51.277+0000] {dag.py:3239} INFO - Sync 1 DAGs
[2025-02-27T03:17:51.319+0000] {logging_mixin.py:190} INFO - [2025-02-27T03:17:51.319+0000] {dag.py:4180} INFO - Setting next_dagrun for tutorial_dag to None, run_after=None
[2025-02-27T03:17:51.396+0000] {processor.py:208} INFO - Processing /home/airflow/.local/lib/python3.12/site-packages/airflow/example_dags/tutorial_dag.py took 0.290 seconds
[2025-02-27T03:18:21.917+0000] {processor.py:186} INFO - Started process (PID=3018) to work on /home/airflow/.local/lib/python3.12/site-packages/airflow/example_dags/tutorial_dag.py
[2025-02-27T03:18:21.919+0000] {processor.py:914} INFO - Processing file /home/airflow/.local/lib/python3.12/site-packages/airflow/example_dags/tutorial_dag.py for tasks to queue
[2025-02-27T03:18:21.923+0000] {logging_mixin.py:190} INFO - [2025-02-27T03:18:21.922+0000] {dagbag.py:588} INFO - Filling up the DagBag from /home/airflow/.local/lib/python3.12/site-packages/airflow/example_dags/tutorial_dag.py
[2025-02-27T03:18:21.937+0000] {processor.py:925} INFO - DAG(s) 'tutorial_dag' retrieved from /home/airflow/.local/lib/python3.12/site-packages/airflow/example_dags/tutorial_dag.py
[2025-02-27T03:18:22.125+0000] {logging_mixin.py:190} INFO - [2025-02-27T03:18:22.125+0000] {dag.py:3239} INFO - Sync 1 DAGs
[2025-02-27T03:18:22.184+0000] {logging_mixin.py:190} INFO - [2025-02-27T03:18:22.184+0000] {dag.py:4180} INFO - Setting next_dagrun for tutorial_dag to None, run_after=None
[2025-02-27T03:18:22.260+0000] {processor.py:208} INFO - Processing /home/airflow/.local/lib/python3.12/site-packages/airflow/example_dags/tutorial_dag.py took 0.354 seconds
[2025-02-27T03:18:52.766+0000] {processor.py:186} INFO - Started process (PID=3081) to work on /home/airflow/.local/lib/python3.12/site-packages/airflow/example_dags/tutorial_dag.py
[2025-02-27T03:18:52.768+0000] {processor.py:914} INFO - Processing file /home/airflow/.local/lib/python3.12/site-packages/airflow/example_dags/tutorial_dag.py for tasks to queue
[2025-02-27T03:18:52.773+0000] {logging_mixin.py:190} INFO - [2025-02-27T03:18:52.772+0000] {dagbag.py:588} INFO - Filling up the DagBag from /home/airflow/.local/lib/python3.12/site-packages/airflow/example_dags/tutorial_dag.py
[2025-02-27T03:18:52.785+0000] {processor.py:925} INFO - DAG(s) 'tutorial_dag' retrieved from /home/airflow/.local/lib/python3.12/site-packages/airflow/example_dags/tutorial_dag.py
[2025-02-27T03:18:52.933+0000] {logging_mixin.py:190} INFO - [2025-02-27T03:18:52.933+0000] {dag.py:3239} INFO - Sync 1 DAGs
[2025-02-27T03:18:52.972+0000] {logging_mixin.py:190} INFO - [2025-02-27T03:18:52.972+0000] {dag.py:4180} INFO - Setting next_dagrun for tutorial_dag to None, run_after=None
[2025-02-27T03:18:53.036+0000] {processor.py:208} INFO - Processing /home/airflow/.local/lib/python3.12/site-packages/airflow/example_dags/tutorial_dag.py took 0.280 seconds
[2025-02-27T03:19:23.796+0000] {processor.py:186} INFO - Started process (PID=3144) to work on /home/airflow/.local/lib/python3.12/site-packages/airflow/example_dags/tutorial_dag.py
[2025-02-27T03:19:23.798+0000] {processor.py:914} INFO - Processing file /home/airflow/.local/lib/python3.12/site-packages/airflow/example_dags/tutorial_dag.py for tasks to queue
[2025-02-27T03:19:23.802+0000] {logging_mixin.py:190} INFO - [2025-02-27T03:19:23.802+0000] {dagbag.py:588} INFO - Filling up the DagBag from /home/airflow/.local/lib/python3.12/site-packages/airflow/example_dags/tutorial_dag.py
[2025-02-27T03:19:23.813+0000] {processor.py:925} INFO - DAG(s) 'tutorial_dag' retrieved from /home/airflow/.local/lib/python3.12/site-packages/airflow/example_dags/tutorial_dag.py
[2025-02-27T03:19:23.969+0000] {logging_mixin.py:190} INFO - [2025-02-27T03:19:23.968+0000] {dag.py:3239} INFO - Sync 1 DAGs
[2025-02-27T03:19:24.023+0000] {logging_mixin.py:190} INFO - [2025-02-27T03:19:24.023+0000] {dag.py:4180} INFO - Setting next_dagrun for tutorial_dag to None, run_after=None
[2025-02-27T03:19:24.087+0000] {processor.py:208} INFO - Processing /home/airflow/.local/lib/python3.12/site-packages/airflow/example_dags/tutorial_dag.py took 0.300 seconds
[2025-02-27T03:19:54.439+0000] {processor.py:186} INFO - Started process (PID=3207) to work on /home/airflow/.local/lib/python3.12/site-packages/airflow/example_dags/tutorial_dag.py
[2025-02-27T03:19:54.441+0000] {processor.py:914} INFO - Processing file /home/airflow/.local/lib/python3.12/site-packages/airflow/example_dags/tutorial_dag.py for tasks to queue
[2025-02-27T03:19:54.445+0000] {logging_mixin.py:190} INFO - [2025-02-27T03:19:54.444+0000] {dagbag.py:588} INFO - Filling up the DagBag from /home/airflow/.local/lib/python3.12/site-packages/airflow/example_dags/tutorial_dag.py
[2025-02-27T03:19:54.458+0000] {processor.py:925} INFO - DAG(s) 'tutorial_dag' retrieved from /home/airflow/.local/lib/python3.12/site-packages/airflow/example_dags/tutorial_dag.py
[2025-02-27T03:19:54.611+0000] {logging_mixin.py:190} INFO - [2025-02-27T03:19:54.610+0000] {dag.py:3239} INFO - Sync 1 DAGs
[2025-02-27T03:19:54.651+0000] {logging_mixin.py:190} INFO - [2025-02-27T03:19:54.651+0000] {dag.py:4180} INFO - Setting next_dagrun for tutorial_dag to None, run_after=None
[2025-02-27T03:19:54.736+0000] {processor.py:208} INFO - Processing /home/airflow/.local/lib/python3.12/site-packages/airflow/example_dags/tutorial_dag.py took 0.305 seconds
[2025-02-27T03:20:25.049+0000] {processor.py:186} INFO - Started process (PID=3270) to work on /home/airflow/.local/lib/python3.12/site-packages/airflow/example_dags/tutorial_dag.py
[2025-02-27T03:20:25.051+0000] {processor.py:914} INFO - Processing file /home/airflow/.local/lib/python3.12/site-packages/airflow/example_dags/tutorial_dag.py for tasks to queue
[2025-02-27T03:20:25.055+0000] {logging_mixin.py:190} INFO - [2025-02-27T03:20:25.054+0000] {dagbag.py:588} INFO - Filling up the DagBag from /home/airflow/.local/lib/python3.12/site-packages/airflow/example_dags/tutorial_dag.py
[2025-02-27T03:20:25.071+0000] {processor.py:925} INFO - DAG(s) 'tutorial_dag' retrieved from /home/airflow/.local/lib/python3.12/site-packages/airflow/example_dags/tutorial_dag.py
[2025-02-27T03:20:25.222+0000] {logging_mixin.py:190} INFO - [2025-02-27T03:20:25.221+0000] {dag.py:3239} INFO - Sync 1 DAGs
[2025-02-27T03:20:25.281+0000] {logging_mixin.py:190} INFO - [2025-02-27T03:20:25.280+0000] {dag.py:4180} INFO - Setting next_dagrun for tutorial_dag to None, run_after=None
[2025-02-27T03:20:25.368+0000] {processor.py:208} INFO - Processing /home/airflow/.local/lib/python3.12/site-packages/airflow/example_dags/tutorial_dag.py took 0.327 seconds
[2025-02-27T03:20:55.590+0000] {processor.py:186} INFO - Started process (PID=3333) to work on /home/airflow/.local/lib/python3.12/site-packages/airflow/example_dags/tutorial_dag.py
[2025-02-27T03:20:55.592+0000] {processor.py:914} INFO - Processing file /home/airflow/.local/lib/python3.12/site-packages/airflow/example_dags/tutorial_dag.py for tasks to queue
[2025-02-27T03:20:55.597+0000] {logging_mixin.py:190} INFO - [2025-02-27T03:20:55.596+0000] {dagbag.py:588} INFO - Filling up the DagBag from /home/airflow/.local/lib/python3.12/site-packages/airflow/example_dags/tutorial_dag.py
[2025-02-27T03:20:55.609+0000] {processor.py:925} INFO - DAG(s) 'tutorial_dag' retrieved from /home/airflow/.local/lib/python3.12/site-packages/airflow/example_dags/tutorial_dag.py
[2025-02-27T03:20:55.771+0000] {logging_mixin.py:190} INFO - [2025-02-27T03:20:55.771+0000] {dag.py:3239} INFO - Sync 1 DAGs
[2025-02-27T03:20:55.827+0000] {logging_mixin.py:190} INFO - [2025-02-27T03:20:55.826+0000] {dag.py:4180} INFO - Setting next_dagrun for tutorial_dag to None, run_after=None
[2025-02-27T03:20:55.939+0000] {processor.py:208} INFO - Processing /home/airflow/.local/lib/python3.12/site-packages/airflow/example_dags/tutorial_dag.py took 0.357 seconds
